ARM GAS  C:\Users\Bruger\AppData\Local\Temp\ccVUezG9.s 			page 1


   1              		.syntax unified
   2              		.cpu cortex-m3
   3              		.fpu softvfp
   4              		.eabi_attribute 20, 1
   5              		.eabi_attribute 21, 1
   6              		.eabi_attribute 23, 3
   7              		.eabi_attribute 24, 1
   8              		.eabi_attribute 25, 1
   9              		.eabi_attribute 26, 1
  10              		.eabi_attribute 30, 6
  11              		.eabi_attribute 34, 1
  12              		.eabi_attribute 18, 4
  13              		.thumb
  14              		.file	"Arduino_Pins.cpp"
  15              		.text
  16              	.Ltext0:
  17              		.cfi_sections	.debug_frame
  18              		.global	pinNumberToPointer
  19              		.data
  20              		.align	2
  21              		.type	pinNumberToPointer, %object
  22              		.size	pinNumberToPointer, 152
  23              	pinNumberToPointer:
  24 0000 10500040 		.word	1073762320
  25 0004 11500040 		.word	1073762321
  26 0008 12500040 		.word	1073762322
  27 000c 13500040 		.word	1073762323
  28 0010 14500040 		.word	1073762324
  29 0014 15500040 		.word	1073762325
  30 0018 16500040 		.word	1073762326
  31 001c 17500040 		.word	1073762327
  32 0020 0A500040 		.word	1073762314
  33 0024 0C500040 		.word	1073762316
  34 0028 0D500040 		.word	1073762317
  35 002c 0E500040 		.word	1073762318
  36 0030 0F500040 		.word	1073762319
  37 0034 78500040 		.word	1073762424
  38 0038 00500040 		.word	1073762304
  39 003c 01500040 		.word	1073762305
  40 0040 02500040 		.word	1073762306
  41 0044 03500040 		.word	1073762307
  42 0048 04500040 		.word	1073762308
  43 004c 05500040 		.word	1073762309
  44 0050 06500040 		.word	1073762310
  45 0054 07500040 		.word	1073762311
  46 0058 61500040 		.word	1073762401
  47 005c 62500040 		.word	1073762402
  48 0060 63500040 		.word	1073762403
  49 0064 64500040 		.word	1073762404
  50 0068 65500040 		.word	1073762405
  51 006c 66500040 		.word	1073762406
  52 0070 67500040 		.word	1073762407
  53 0074 18500040 		.word	1073762328
  54 0078 19500040 		.word	1073762329
  55 007c 1A500040 		.word	1073762330
  56 0080 1B500040 		.word	1073762331
  57 0084 1C500040 		.word	1073762332
ARM GAS  C:\Users\Bruger\AppData\Local\Temp\ccVUezG9.s 			page 2


  58 0088 1D500040 		.word	1073762333
  59 008c 1E500040 		.word	1073762334
  60 0090 1F500040 		.word	1073762335
  61 0094 00000000 		.space	4
  62              		.section	.text._Z12digitalWritemh,"ax",%progbits
  63              		.align	2
  64              		.global	_Z12digitalWritemh
  65              		.thumb
  66              		.thumb_func
  67              		.type	_Z12digitalWritemh, %function
  68              	_Z12digitalWritemh:
  69              		.fnstart
  70              	.LFB63:
  71              		.file 1 "core\\Arduino_Pins.cpp"
   1:core/Arduino_Pins.cpp **** /****************************************************************************
   2:core/Arduino_Pins.cpp ****  * Arduino_Pins.cpp
   3:core/Arduino_Pins.cpp ****  * Arduino Uno pin compatibility support for the PSoC5LP
   4:core/Arduino_Pins.cpp ****  * Mike Hord @ SparkFun Electronics
   5:core/Arduino_Pins.cpp ****  * 14 April 2015
   6:core/Arduino_Pins.cpp ****  *
   7:core/Arduino_Pins.cpp ****  * Implements the "standard" Arduino per-pin IO functionality on the PSoC5LP.
   8:core/Arduino_Pins.cpp ****  *
   9:core/Arduino_Pins.cpp ****  * Development environment specifics:
  10:core/Arduino_Pins.cpp ****  * Code developed in PSoC Creator 3.1
  11:core/Arduino_Pins.cpp ****  * Tested in Arduino IDE 1.6.3
  12:core/Arduino_Pins.cpp ****  *
  13:core/Arduino_Pins.cpp ****  * This code is beerware; if you see me (or any other SparkFun employee) at the
  14:core/Arduino_Pins.cpp ****  * local, and you've found our code helpful, please buy us a round!
  15:core/Arduino_Pins.cpp ****  * ****************************************************************************/
  16:core/Arduino_Pins.cpp **** 
  17:core/Arduino_Pins.cpp **** extern "C" {
  18:core/Arduino_Pins.cpp **** #include <Project.h>
  19:core/Arduino_Pins.cpp **** }
  20:core/Arduino_Pins.cpp **** 
  21:core/Arduino_Pins.cpp **** #include <Arduino_Pins.h>
  22:core/Arduino_Pins.cpp **** 
  23:core/Arduino_Pins.cpp **** // Map the I/O pin number to the actual address of the register as defined by
  24:core/Arduino_Pins.cpp **** //  the IDE. These constants are mapped to the IDE constants in the header.
  25:core/Arduino_Pins.cpp **** uint32_t pinNumberToPointer[NUM_BASE_PINS] = 
  26:core/Arduino_Pins.cpp ****   { D0, D1, D2, D3, D4, D5, D6, D7, D8, D9, D10,D11, D12, D13, D14, D15, D16, 
  27:core/Arduino_Pins.cpp ****   D17, D18, D19, D20, D21, D23, D24, D25, D26, D27, D28, D29, D30, D31, D32, 
  28:core/Arduino_Pins.cpp ****   D33, D34, D35, D36, D37};
  29:core/Arduino_Pins.cpp **** 
  30:core/Arduino_Pins.cpp **** /*
  31:core/Arduino_Pins.cpp ****  * Pins descriptions
  32:core/Arduino_Pins.cpp ****  */
  33:core/Arduino_Pins.cpp **** //extern const PinDescription g_APinDescription[]=
  34:core/Arduino_Pins.cpp **** //{
  35:core/Arduino_Pins.cpp ****   // 0 .. 37 - Digital pins
  36:core/Arduino_Pins.cpp ****   // ----------------------
  37:core/Arduino_Pins.cpp ****   // 
  38:core/Arduino_Pins.cpp **** //  { PIOA, PIO_PA8A_URXD,     ID_PIOA, PIO_PERIPH_A, PIO_DEFAULT,  PIN_ATTR_DIGITAL,              
  39:core/Arduino_Pins.cpp **** //  { PIOA, PIO_PA9A_UTXD,     ID_PIOA, PIO_PERIPH_A, PIO_DEFAULT,  PIN_ATTR_DIGITAL,              
  40:core/Arduino_Pins.cpp **** //  { PIOB, PIO_PB25B_TIOA0,   ID_PIOB, PIO_PERIPH_B, PIO_DEFAULT, (PIN_ATTR_DIGITAL|PIN_ATTR_TIMER
  41:core/Arduino_Pins.cpp **** //  { PIOC, PIO_PC28B_TIOA7,   ID_PIOC, PIO_PERIPH_B, PIO_DEFAULT, (PIN_ATTR_DIGITAL|PIN_ATTR_TIMER
  42:core/Arduino_Pins.cpp **** //  { PIOC, PIO_PC26B_TIOB6,   ID_PIOC, PIO_PERIPH_B, PIO_DEFAULT, (PIN_ATTR_DIGITAL|PIN_ATTR_TIMER
  43:core/Arduino_Pins.cpp ****   
ARM GAS  C:\Users\Bruger\AppData\Local\Temp\ccVUezG9.s 			page 3


  44:core/Arduino_Pins.cpp ****   // END
  45:core/Arduino_Pins.cpp **** //  { NULL, 0, 0, PIO_NOT_A_PIN, PIO_DEFAULT, 0, NO_ADC, NO_ADC, NOT_ON_PWM, NOT_ON_TIMER }
  46:core/Arduino_Pins.cpp **** //} ;
  47:core/Arduino_Pins.cpp ****   
  48:core/Arduino_Pins.cpp **** 
  49:core/Arduino_Pins.cpp ****     
  50:core/Arduino_Pins.cpp **** /* Port of the digitalWrite function used by Arduino. Includes a check to
  51:core/Arduino_Pins.cpp ****  * ensure that the value passed is within the valid range for the aliases
  52:core/Arduino_Pins.cpp ****  * or for the registers in question. */
  53:core/Arduino_Pins.cpp **** void digitalWrite(uint32_t pin, uint8_t level)
  54:core/Arduino_Pins.cpp **** {
  72              		.loc 1 54 0
  73              		.cfi_startproc
  74              		@ args = 0, pretend = 0, frame = 8
  75              		@ frame_needed = 1, uses_anonymous_args = 0
  76              		@ link register save eliminated.
  77 0000 80B4     		push	{r7}
  78              		.cfi_def_cfa_offset 4
  79              		.cfi_offset 7, -4
  80 0002 83B0     		sub	sp, sp, #12
  81              		.cfi_def_cfa_offset 16
  82 0004 00AF     		add	r7, sp, #0
  83              		.cfi_def_cfa_register 7
  84 0006 7860     		str	r0, [r7, #4]
  85 0008 0B46     		mov	r3, r1
  86 000a FB70     		strb	r3, [r7, #3]
  55:core/Arduino_Pins.cpp ****   if ( pin < NUM_BASE_PINS )
  87              		.loc 1 55 0
  88 000c 7B68     		ldr	r3, [r7, #4]
  89 000e 252B     		cmp	r3, #37
  90 0010 05D8     		bhi	.L2
  56:core/Arduino_Pins.cpp ****   {
  57:core/Arduino_Pins.cpp ****     pin = pinNumberToPointer[pin];
  91              		.loc 1 57 0
  92 0012 144A     		ldr	r2, .L7
  93 0014 7B68     		ldr	r3, [r7, #4]
  94 0016 52F82330 		ldr	r3, [r2, r3, lsl #2]
  95 001a 7B60     		str	r3, [r7, #4]
  96 001c 08E0     		b	.L3
  97              	.L2:
  58:core/Arduino_Pins.cpp ****   }
  59:core/Arduino_Pins.cpp ****   // See the TRM for the PSoC5LP for why these numbers were chosen.
  60:core/Arduino_Pins.cpp ****   else if (pin < 0x40005000 || pin > 0x40005047)
  98              		.loc 1 60 0
  99 001e 7B68     		ldr	r3, [r7, #4]
 100 0020 114A     		ldr	r2, .L7+4
 101 0022 9342     		cmp	r3, r2
 102 0024 03D9     		bls	.L4
 103              		.loc 1 60 0 is_stmt 0 discriminator 1
 104 0026 7B68     		ldr	r3, [r7, #4]
 105 0028 104A     		ldr	r2, .L7+8
 106 002a 9342     		cmp	r3, r2
 107 002c 00D9     		bls	.L3
 108              	.L4:
  61:core/Arduino_Pins.cpp ****   {
  62:core/Arduino_Pins.cpp ****     return;
 109              		.loc 1 62 0 is_stmt 1
ARM GAS  C:\Users\Bruger\AppData\Local\Temp\ccVUezG9.s 			page 4


 110 002e 13E0     		b	.L1
 111              	.L3:
  63:core/Arduino_Pins.cpp ****   }
  64:core/Arduino_Pins.cpp ****   if (level == HIGH)
 112              		.loc 1 64 0
 113 0030 FB78     		ldrb	r3, [r7, #3]	@ zero_extendqisi2
 114 0032 012B     		cmp	r3, #1
 115 0034 08D1     		bne	.L6
  65:core/Arduino_Pins.cpp ****   {
  66:core/Arduino_Pins.cpp ****     CyPins_SetPin(pin);
 116              		.loc 1 66 0
 117 0036 7B68     		ldr	r3, [r7, #4]
 118 0038 7A68     		ldr	r2, [r7, #4]
 119 003a 1278     		ldrb	r2, [r2]
 120 003c D2B2     		uxtb	r2, r2
 121 003e 42F00102 		orr	r2, r2, #1
 122 0042 D2B2     		uxtb	r2, r2
 123 0044 1A70     		strb	r2, [r3]
 124 0046 07E0     		b	.L1
 125              	.L6:
  67:core/Arduino_Pins.cpp ****   }
  68:core/Arduino_Pins.cpp ****   else
  69:core/Arduino_Pins.cpp ****   {
  70:core/Arduino_Pins.cpp ****     CyPins_ClearPin(pin);
 126              		.loc 1 70 0
 127 0048 7B68     		ldr	r3, [r7, #4]
 128 004a 7A68     		ldr	r2, [r7, #4]
 129 004c 1278     		ldrb	r2, [r2]
 130 004e D2B2     		uxtb	r2, r2
 131 0050 22F00102 		bic	r2, r2, #1
 132 0054 D2B2     		uxtb	r2, r2
 133 0056 1A70     		strb	r2, [r3]
 134              	.L1:
  71:core/Arduino_Pins.cpp ****   }
  72:core/Arduino_Pins.cpp **** }
 135              		.loc 1 72 0
 136 0058 0C37     		adds	r7, r7, #12
 137              		.cfi_def_cfa_offset 4
 138 005a BD46     		mov	sp, r7
 139              		.cfi_def_cfa_register 13
 140              		@ sp needed
 141 005c 5DF8047B 		ldr	r7, [sp], #4
 142              		.cfi_restore 7
 143              		.cfi_def_cfa_offset 0
 144 0060 7047     		bx	lr
 145              	.L8:
 146 0062 00BF     		.align	2
 147              	.L7:
 148 0064 00000000 		.word	pinNumberToPointer
 149 0068 FF4F0040 		.word	1073762303
 150 006c 47500040 		.word	1073762375
 151              		.cfi_endproc
 152              	.LFE63:
 153              		.cantunwind
 154              		.fnend
 155              		.size	_Z12digitalWritemh, .-_Z12digitalWritemh
 156              		.section	.text._Z11digitalReadm,"ax",%progbits
ARM GAS  C:\Users\Bruger\AppData\Local\Temp\ccVUezG9.s 			page 5


 157              		.align	2
 158              		.global	_Z11digitalReadm
 159              		.thumb
 160              		.thumb_func
 161              		.type	_Z11digitalReadm, %function
 162              	_Z11digitalReadm:
 163              		.fnstart
 164              	.LFB64:
  73:core/Arduino_Pins.cpp ****     
  74:core/Arduino_Pins.cpp **** // See digitalWrite for explanation.
  75:core/Arduino_Pins.cpp **** uint8_t digitalRead(uint32_t pin)
  76:core/Arduino_Pins.cpp **** {
 165              		.loc 1 76 0
 166              		.cfi_startproc
 167              		@ args = 0, pretend = 0, frame = 8
 168              		@ frame_needed = 1, uses_anonymous_args = 0
 169              		@ link register save eliminated.
 170 0000 80B4     		push	{r7}
 171              		.cfi_def_cfa_offset 4
 172              		.cfi_offset 7, -4
 173 0002 83B0     		sub	sp, sp, #12
 174              		.cfi_def_cfa_offset 16
 175 0004 00AF     		add	r7, sp, #0
 176              		.cfi_def_cfa_register 7
 177 0006 7860     		str	r0, [r7, #4]
  77:core/Arduino_Pins.cpp ****   if ( pin < NUM_BASE_PINS )
 178              		.loc 1 77 0
 179 0008 7B68     		ldr	r3, [r7, #4]
 180 000a 252B     		cmp	r3, #37
 181 000c 05D8     		bhi	.L10
  78:core/Arduino_Pins.cpp ****   {
  79:core/Arduino_Pins.cpp ****     pin = pinNumberToPointer[pin];
 182              		.loc 1 79 0
 183 000e 0E4A     		ldr	r2, .L14
 184 0010 7B68     		ldr	r3, [r7, #4]
 185 0012 52F82330 		ldr	r3, [r2, r3, lsl #2]
 186 0016 7B60     		str	r3, [r7, #4]
 187 0018 09E0     		b	.L11
 188              	.L10:
  80:core/Arduino_Pins.cpp ****   }
  81:core/Arduino_Pins.cpp ****   else if (pin < 0x40005000 || pin > 0x40005047)
 189              		.loc 1 81 0
 190 001a 7B68     		ldr	r3, [r7, #4]
 191 001c 0B4A     		ldr	r2, .L14+4
 192 001e 9342     		cmp	r3, r2
 193 0020 03D9     		bls	.L12
 194              		.loc 1 81 0 is_stmt 0 discriminator 1
 195 0022 7B68     		ldr	r3, [r7, #4]
 196 0024 0A4A     		ldr	r2, .L14+8
 197 0026 9342     		cmp	r3, r2
 198 0028 01D9     		bls	.L11
 199              	.L12:
  82:core/Arduino_Pins.cpp ****   {
  83:core/Arduino_Pins.cpp ****     return 0;
 200              		.loc 1 83 0 is_stmt 1
 201 002a 0023     		movs	r3, #0
 202 002c 05E0     		b	.L13
ARM GAS  C:\Users\Bruger\AppData\Local\Temp\ccVUezG9.s 			page 6


 203              	.L11:
  84:core/Arduino_Pins.cpp ****   }
  85:core/Arduino_Pins.cpp ****   return CyPins_ReadPin(pin);
 204              		.loc 1 85 0
 205 002e 7B68     		ldr	r3, [r7, #4]
 206 0030 1B78     		ldrb	r3, [r3]
 207 0032 DBB2     		uxtb	r3, r3
 208 0034 03F01003 		and	r3, r3, #16
 209 0038 DBB2     		uxtb	r3, r3
 210              	.L13:
  86:core/Arduino_Pins.cpp **** }
 211              		.loc 1 86 0
 212 003a 1846     		mov	r0, r3
 213 003c 0C37     		adds	r7, r7, #12
 214              		.cfi_def_cfa_offset 4
 215 003e BD46     		mov	sp, r7
 216              		.cfi_def_cfa_register 13
 217              		@ sp needed
 218 0040 5DF8047B 		ldr	r7, [sp], #4
 219              		.cfi_restore 7
 220              		.cfi_def_cfa_offset 0
 221 0044 7047     		bx	lr
 222              	.L15:
 223 0046 00BF     		.align	2
 224              	.L14:
 225 0048 00000000 		.word	pinNumberToPointer
 226 004c FF4F0040 		.word	1073762303
 227 0050 47500040 		.word	1073762375
 228              		.cfi_endproc
 229              	.LFE64:
 230              		.cantunwind
 231              		.fnend
 232              		.size	_Z11digitalReadm, .-_Z11digitalReadm
 233              		.section	.text._Z7pinModem8PIN_MODE,"ax",%progbits
 234              		.align	2
 235              		.global	_Z7pinModem8PIN_MODE
 236              		.thumb
 237              		.thumb_func
 238              		.type	_Z7pinModem8PIN_MODE, %function
 239              	_Z7pinModem8PIN_MODE:
 240              		.fnstart
 241              	.LFB65:
  87:core/Arduino_Pins.cpp **** 
  88:core/Arduino_Pins.cpp **** /* A little more advanced than pinMode for the Arduino, as it needs to handle
  89:core/Arduino_Pins.cpp ****  *  the case where we want to bypass the normal IO circuitry and attach the
  90:core/Arduino_Pins.cpp ****  *  pin to the peripheral bus. */
  91:core/Arduino_Pins.cpp **** void pinMode(uint32_t pin, enum PIN_MODE mode)
  92:core/Arduino_Pins.cpp **** {
 242              		.loc 1 92 0
 243              		.cfi_startproc
 244              		@ args = 0, pretend = 0, frame = 16
 245              		@ frame_needed = 1, uses_anonymous_args = 0
 246              		@ link register save eliminated.
 247 0000 80B4     		push	{r7}
 248              		.cfi_def_cfa_offset 4
 249              		.cfi_offset 7, -4
 250 0002 85B0     		sub	sp, sp, #20
ARM GAS  C:\Users\Bruger\AppData\Local\Temp\ccVUezG9.s 			page 7


 251              		.cfi_def_cfa_offset 24
 252 0004 00AF     		add	r7, sp, #0
 253              		.cfi_def_cfa_register 7
 254 0006 7860     		str	r0, [r7, #4]
 255 0008 0B46     		mov	r3, r1
 256 000a FB70     		strb	r3, [r7, #3]
 257              	.LBB2:
  93:core/Arduino_Pins.cpp ****   if ( pin < NUM_BASE_PINS )
 258              		.loc 1 93 0
 259 000c 7B68     		ldr	r3, [r7, #4]
 260 000e 252B     		cmp	r3, #37
 261 0010 05D8     		bhi	.L17
  94:core/Arduino_Pins.cpp ****   {
  95:core/Arduino_Pins.cpp ****     pin = pinNumberToPointer[pin];
 262              		.loc 1 95 0
 263 0012 394A     		ldr	r2, .L30
 264 0014 7B68     		ldr	r3, [r7, #4]
 265 0016 52F82330 		ldr	r3, [r2, r3, lsl #2]
 266 001a 7B60     		str	r3, [r7, #4]
 267 001c 08E0     		b	.L18
 268              	.L17:
  96:core/Arduino_Pins.cpp ****   }
  97:core/Arduino_Pins.cpp ****   else if (pin < 0x40005000 || pin > 0x40005047)
 269              		.loc 1 97 0
 270 001e 7B68     		ldr	r3, [r7, #4]
 271 0020 364A     		ldr	r2, .L30+4
 272 0022 9342     		cmp	r3, r2
 273 0024 03D9     		bls	.L19
 274              		.loc 1 97 0 is_stmt 0 discriminator 1
 275 0026 7B68     		ldr	r3, [r7, #4]
 276 0028 354A     		ldr	r2, .L30+8
 277 002a 9342     		cmp	r3, r2
 278 002c 00D9     		bls	.L18
 279              	.L19:
  98:core/Arduino_Pins.cpp ****   {
  99:core/Arduino_Pins.cpp ****     return;
 280              		.loc 1 99 0 is_stmt 1
 281 002e 5DE0     		b	.L16
 282              	.L18:
 100:core/Arduino_Pins.cpp ****   }
 101:core/Arduino_Pins.cpp ****   uint8_t registerValue = *(reg8*)(pin);
 283              		.loc 1 101 0
 284 0030 7B68     		ldr	r3, [r7, #4]
 285 0032 1B78     		ldrb	r3, [r3]
 286 0034 FB73     		strb	r3, [r7, #15]
 102:core/Arduino_Pins.cpp ****   switch(mode)
 287              		.loc 1 102 0
 288 0036 FB78     		ldrb	r3, [r7, #3]	@ zero_extendqisi2
 289 0038 062B     		cmp	r3, #6
 290 003a 4BD8     		bhi	.L21
 291 003c 01A2     		adr	r2, .L23
 292 003e 52F823F0 		ldr	pc, [r2, r3, lsl #2]
 293 0042 00BF     		.p2align 2
 294              	.L23:
 295 0044 61000000 		.word	.L22+1
 296 0048 D5000000 		.word	.L21+1
 297 004c 73000000 		.word	.L24+1
ARM GAS  C:\Users\Bruger\AppData\Local\Temp\ccVUezG9.s 			page 8


 298 0050 85000000 		.word	.L25+1
 299 0054 A1000000 		.word	.L26+1
 300 0058 8F000000 		.word	.L27+1
 301 005c B3000000 		.word	.L28+1
 302              		.p2align 1
 303              	.L22:
 103:core/Arduino_Pins.cpp ****   {
 104:core/Arduino_Pins.cpp ****       case OUTPUT:
 105:core/Arduino_Pins.cpp ****         registerValue &= PIN_DISABLE_BYPASS;
 304              		.loc 1 105 0
 305 0060 FB7B     		ldrb	r3, [r7, #15]
 306 0062 03F07F03 		and	r3, r3, #127
 307 0066 FB73     		strb	r3, [r7, #15]
 106:core/Arduino_Pins.cpp ****         registerValue |= PIN_DM_STRONG;
 308              		.loc 1 106 0
 309 0068 FB7B     		ldrb	r3, [r7, #15]
 310 006a 43F00C03 		orr	r3, r3, #12
 311 006e FB73     		strb	r3, [r7, #15]
 107:core/Arduino_Pins.cpp ****       break;
 312              		.loc 1 107 0
 313 0070 39E0     		b	.L29
 314              	.L24:
 108:core/Arduino_Pins.cpp ****       case INPUT_PULLUP:
 109:core/Arduino_Pins.cpp ****         registerValue &= PIN_DISABLE_BYPASS;
 315              		.loc 1 109 0
 316 0072 FB7B     		ldrb	r3, [r7, #15]
 317 0074 03F07F03 		and	r3, r3, #127
 318 0078 FB73     		strb	r3, [r7, #15]
 110:core/Arduino_Pins.cpp ****         registerValue |= PIN_DM_RES_UP;
 319              		.loc 1 110 0
 320 007a FB7B     		ldrb	r3, [r7, #15]
 321 007c 43F00403 		orr	r3, r3, #4
 322 0080 FB73     		strb	r3, [r7, #15]
 111:core/Arduino_Pins.cpp ****       break;
 323              		.loc 1 111 0
 324 0082 30E0     		b	.L29
 325              	.L25:
 112:core/Arduino_Pins.cpp ****       case PERIPHERAL:
 113:core/Arduino_Pins.cpp ****         registerValue |= PIN_ENABLE_BYPASS;
 326              		.loc 1 113 0
 327 0084 FB7B     		ldrb	r3, [r7, #15]
 328 0086 63F07F03 		orn	r3, r3, #127
 329 008a FB73     		strb	r3, [r7, #15]
 114:core/Arduino_Pins.cpp ****       break;
 330              		.loc 1 114 0
 331 008c 2BE0     		b	.L29
 332              	.L27:
 115:core/Arduino_Pins.cpp ****       case PERIPHERAL_IN:
 116:core/Arduino_Pins.cpp ****         registerValue |= PIN_ENABLE_BYPASS;
 333              		.loc 1 116 0
 334 008e FB7B     		ldrb	r3, [r7, #15]
 335 0090 63F07F03 		orn	r3, r3, #127
 336 0094 FB73     		strb	r3, [r7, #15]
 117:core/Arduino_Pins.cpp ****         registerValue |= PIN_DM_DIG_HIZ;
 337              		.loc 1 117 0
 338 0096 FB7B     		ldrb	r3, [r7, #15]
 339 0098 43F00203 		orr	r3, r3, #2
ARM GAS  C:\Users\Bruger\AppData\Local\Temp\ccVUezG9.s 			page 9


 340 009c FB73     		strb	r3, [r7, #15]
 118:core/Arduino_Pins.cpp ****       break;
 341              		.loc 1 118 0
 342 009e 22E0     		b	.L29
 343              	.L26:
 119:core/Arduino_Pins.cpp ****       case PERIPHERAL_OUT:
 120:core/Arduino_Pins.cpp ****         registerValue |= PIN_ENABLE_BYPASS;
 344              		.loc 1 120 0
 345 00a0 FB7B     		ldrb	r3, [r7, #15]
 346 00a2 63F07F03 		orn	r3, r3, #127
 347 00a6 FB73     		strb	r3, [r7, #15]
 121:core/Arduino_Pins.cpp ****         registerValue |= PIN_DM_STRONG;
 348              		.loc 1 121 0
 349 00a8 FB7B     		ldrb	r3, [r7, #15]
 350 00aa 43F00C03 		orr	r3, r3, #12
 351 00ae FB73     		strb	r3, [r7, #15]
 122:core/Arduino_Pins.cpp ****       break;
 352              		.loc 1 122 0
 353 00b0 19E0     		b	.L29
 354              	.L28:
 123:core/Arduino_Pins.cpp ****       case PERIPHERAL_OD:
 124:core/Arduino_Pins.cpp ****         registerValue |= PIN_ENABLE_BYPASS;
 355              		.loc 1 124 0
 356 00b2 FB7B     		ldrb	r3, [r7, #15]
 357 00b4 63F07F03 		orn	r3, r3, #127
 358 00b8 FB73     		strb	r3, [r7, #15]
 125:core/Arduino_Pins.cpp ****         registerValue |= PIN_DM_OD_LO;
 359              		.loc 1 125 0
 360 00ba FB7B     		ldrb	r3, [r7, #15]
 361 00bc 43F00803 		orr	r3, r3, #8
 362 00c0 FB73     		strb	r3, [r7, #15]
 126:core/Arduino_Pins.cpp ****         CyPins_SetPin(pin);
 363              		.loc 1 126 0
 364 00c2 7B68     		ldr	r3, [r7, #4]
 365 00c4 7A68     		ldr	r2, [r7, #4]
 366 00c6 1278     		ldrb	r2, [r2]
 367 00c8 D2B2     		uxtb	r2, r2
 368 00ca 42F00102 		orr	r2, r2, #1
 369 00ce D2B2     		uxtb	r2, r2
 370 00d0 1A70     		strb	r2, [r3]
 127:core/Arduino_Pins.cpp ****       break;
 371              		.loc 1 127 0
 372 00d2 08E0     		b	.L29
 373              	.L21:
 128:core/Arduino_Pins.cpp ****       case INPUT:
 129:core/Arduino_Pins.cpp ****       default:
 130:core/Arduino_Pins.cpp ****         registerValue &= PIN_DISABLE_BYPASS;
 374              		.loc 1 130 0
 375 00d4 FB7B     		ldrb	r3, [r7, #15]
 376 00d6 03F07F03 		and	r3, r3, #127
 377 00da FB73     		strb	r3, [r7, #15]
 131:core/Arduino_Pins.cpp ****         registerValue |= PIN_DM_DIG_HIZ;
 378              		.loc 1 131 0
 379 00dc FB7B     		ldrb	r3, [r7, #15]
 380 00de 43F00203 		orr	r3, r3, #2
 381 00e2 FB73     		strb	r3, [r7, #15]
 132:core/Arduino_Pins.cpp ****       break; 
ARM GAS  C:\Users\Bruger\AppData\Local\Temp\ccVUezG9.s 			page 10


 382              		.loc 1 132 0
 383 00e4 00BF     		nop
 384              	.L29:
 133:core/Arduino_Pins.cpp ****   }
 134:core/Arduino_Pins.cpp ****   *(reg8*)(pin) = registerValue;
 385              		.loc 1 134 0
 386 00e6 7B68     		ldr	r3, [r7, #4]
 387 00e8 FA7B     		ldrb	r2, [r7, #15]
 388 00ea 1A70     		strb	r2, [r3]
 389              	.L16:
 390              	.LBE2:
 135:core/Arduino_Pins.cpp **** }
 391              		.loc 1 135 0
 392 00ec 1437     		adds	r7, r7, #20
 393              		.cfi_def_cfa_offset 4
 394 00ee BD46     		mov	sp, r7
 395              		.cfi_def_cfa_register 13
 396              		@ sp needed
 397 00f0 5DF8047B 		ldr	r7, [sp], #4
 398              		.cfi_restore 7
 399              		.cfi_def_cfa_offset 0
 400 00f4 7047     		bx	lr
 401              	.L31:
 402 00f6 00BF     		.align	2
 403              	.L30:
 404 00f8 00000000 		.word	pinNumberToPointer
 405 00fc FF4F0040 		.word	1073762303
 406 0100 47500040 		.word	1073762375
 407              		.cfi_endproc
 408              	.LFE65:
 409              		.cantunwind
 410              		.fnend
 411              		.size	_Z7pinModem8PIN_MODE, .-_Z7pinModem8PIN_MODE
 412              		.text
 413              	.Letext0:
 414              		.file 2 "c:\\program files (x86)\\cypress\\psoc creator\\4.0\\psoc creator\\import\\gnu\\arm\\4.9.
 415              		.file 3 "c:\\program files (x86)\\cypress\\psoc creator\\4.0\\psoc creator\\import\\gnu\\arm\\4.9.
 416              		.file 4 "Generated_Source\\PSoC5/cytypes.h"
 417              		.file 5 ".\\core/Arduino_Pins.h"
 418              		.file 6 "Generated_Source\\PSoC5/core_cm3.h"
 419              		.section	.debug_info,"",%progbits
 420              	.Ldebug_info0:
 421 0000 17020000 		.4byte	0x217
 422 0004 0400     		.2byte	0x4
 423 0006 00000000 		.4byte	.Ldebug_abbrev0
 424 000a 04       		.byte	0x4
 425 000b 01       		.uleb128 0x1
 426 000c 69000000 		.4byte	.LASF40
 427 0010 04       		.byte	0x4
 428 0011 88010000 		.4byte	.LASF41
 429 0015 BC010000 		.4byte	.LASF42
 430 0019 00000000 		.4byte	.Ldebug_ranges0+0
 431 001d 00000000 		.4byte	0
 432 0021 00000000 		.4byte	.Ldebug_line0
 433 0025 02       		.uleb128 0x2
 434 0026 01       		.byte	0x1
 435 0027 06       		.byte	0x6
ARM GAS  C:\Users\Bruger\AppData\Local\Temp\ccVUezG9.s 			page 11


 436 0028 F2020000 		.4byte	.LASF0
 437 002c 03       		.uleb128 0x3
 438 002d 0E000000 		.4byte	.LASF4
 439 0031 02       		.byte	0x2
 440 0032 1D       		.byte	0x1d
 441 0033 37000000 		.4byte	0x37
 442 0037 02       		.uleb128 0x2
 443 0038 01       		.byte	0x1
 444 0039 08       		.byte	0x8
 445 003a 0C010000 		.4byte	.LASF1
 446 003e 02       		.uleb128 0x2
 447 003f 02       		.byte	0x2
 448 0040 05       		.byte	0x5
 449 0041 B0020000 		.4byte	.LASF2
 450 0045 02       		.uleb128 0x2
 451 0046 02       		.byte	0x2
 452 0047 07       		.byte	0x7
 453 0048 2D010000 		.4byte	.LASF3
 454 004c 03       		.uleb128 0x3
 455 004d 3F000000 		.4byte	.LASF5
 456 0051 02       		.byte	0x2
 457 0052 3F       		.byte	0x3f
 458 0053 57000000 		.4byte	0x57
 459 0057 02       		.uleb128 0x2
 460 0058 04       		.byte	0x4
 461 0059 05       		.byte	0x5
 462 005a D5020000 		.4byte	.LASF6
 463 005e 03       		.uleb128 0x3
 464 005f 9E010000 		.4byte	.LASF7
 465 0063 02       		.byte	0x2
 466 0064 41       		.byte	0x41
 467 0065 69000000 		.4byte	0x69
 468 0069 02       		.uleb128 0x2
 469 006a 04       		.byte	0x4
 470 006b 07       		.byte	0x7
 471 006c 76010000 		.4byte	.LASF8
 472 0070 02       		.uleb128 0x2
 473 0071 08       		.byte	0x8
 474 0072 05       		.byte	0x5
 475 0073 00000000 		.4byte	.LASF9
 476 0077 02       		.uleb128 0x2
 477 0078 08       		.byte	0x8
 478 0079 07       		.byte	0x7
 479 007a 31020000 		.4byte	.LASF10
 480 007e 04       		.uleb128 0x4
 481 007f 04       		.byte	0x4
 482 0080 05       		.byte	0x5
 483 0081 696E7400 		.ascii	"int\000"
 484 0085 02       		.uleb128 0x2
 485 0086 04       		.byte	0x4
 486 0087 07       		.byte	0x7
 487 0088 15020000 		.4byte	.LASF11
 488 008c 03       		.uleb128 0x3
 489 008d 48020000 		.4byte	.LASF12
 490 0091 03       		.byte	0x3
 491 0092 15       		.byte	0x15
 492 0093 2C000000 		.4byte	0x2c
ARM GAS  C:\Users\Bruger\AppData\Local\Temp\ccVUezG9.s 			page 12


 493 0097 03       		.uleb128 0x3
 494 0098 63020000 		.4byte	.LASF13
 495 009c 03       		.byte	0x3
 496 009d 2C       		.byte	0x2c
 497 009e 4C000000 		.4byte	0x4c
 498 00a2 03       		.uleb128 0x3
 499 00a3 CC020000 		.4byte	.LASF14
 500 00a7 03       		.byte	0x3
 501 00a8 2D       		.byte	0x2d
 502 00a9 5E000000 		.4byte	0x5e
 503 00ad 05       		.uleb128 0x5
 504 00ae 00010000 		.4byte	.LASF15
 505 00b2 04       		.byte	0x4
 506 00b3 3801     		.2byte	0x138
 507 00b5 37000000 		.4byte	0x37
 508 00b9 02       		.uleb128 0x2
 509 00ba 04       		.byte	0x4
 510 00bb 04       		.byte	0x4
 511 00bc 06010000 		.4byte	.LASF16
 512 00c0 02       		.uleb128 0x2
 513 00c1 08       		.byte	0x8
 514 00c2 04       		.byte	0x4
 515 00c3 F9000000 		.4byte	.LASF17
 516 00c7 02       		.uleb128 0x2
 517 00c8 01       		.byte	0x1
 518 00c9 08       		.byte	0x8
 519 00ca 7A020000 		.4byte	.LASF18
 520 00ce 05       		.uleb128 0x5
 521 00cf 1A010000 		.4byte	.LASF19
 522 00d3 04       		.byte	0x4
 523 00d4 E201     		.2byte	0x1e2
 524 00d6 DA000000 		.4byte	0xda
 525 00da 06       		.uleb128 0x6
 526 00db AD000000 		.4byte	0xad
 527 00df 02       		.uleb128 0x2
 528 00e0 04       		.byte	0x4
 529 00e1 07       		.byte	0x7
 530 00e2 6B020000 		.4byte	.LASF20
 531 00e6 07       		.uleb128 0x7
 532 00e7 DE020000 		.4byte	.LASF28
 533 00eb 01       		.byte	0x1
 534 00ec 05       		.byte	0x5
 535 00ed 51       		.byte	0x51
 536 00ee 1D010000 		.4byte	0x11d
 537 00f2 08       		.uleb128 0x8
 538 00f3 40010000 		.4byte	.LASF21
 539 00f7 00       		.sleb128 0
 540 00f8 08       		.uleb128 0x8
 541 00f9 C6020000 		.4byte	.LASF22
 542 00fd 01       		.sleb128 1
 543 00fe 08       		.uleb128 0x8
 544 00ff 7F020000 		.4byte	.LASF23
 545 0103 02       		.sleb128 2
 546 0104 08       		.uleb128 0x8
 547 0105 E7020000 		.4byte	.LASF24
 548 0109 03       		.sleb128 3
 549 010a 08       		.uleb128 0x8
ARM GAS  C:\Users\Bruger\AppData\Local\Temp\ccVUezG9.s 			page 13


 550 010b 22020000 		.4byte	.LASF25
 551 010f 04       		.sleb128 4
 552 0110 08       		.uleb128 0x8
 553 0111 68010000 		.4byte	.LASF26
 554 0115 05       		.sleb128 5
 555 0116 08       		.uleb128 0x8
 556 0117 55020000 		.4byte	.LASF27
 557 011b 06       		.sleb128 6
 558 011c 00       		.byte	0
 559 011d 07       		.uleb128 0x7
 560 011e BA020000 		.4byte	.LASF29
 561 0122 01       		.byte	0x1
 562 0123 05       		.byte	0x5
 563 0124 54       		.byte	0x54
 564 0125 38010000 		.4byte	0x138
 565 0129 08       		.uleb128 0x8
 566 012a 2D000000 		.4byte	.LASF30
 567 012e 8001     		.sleb128 128
 568 0130 08       		.uleb128 0x8
 569 0131 56000000 		.4byte	.LASF31
 570 0135 FF00     		.sleb128 127
 571 0137 00       		.byte	0
 572 0138 09       		.uleb128 0x9
 573 0139 49000000 		.4byte	.LASF33
 574 013d 01       		.byte	0x1
 575 013e 35       		.byte	0x35
 576 013f A9010000 		.4byte	.LASF35
 577 0143 00000000 		.4byte	.LFB63
 578 0147 70000000 		.4byte	.LFE63-.LFB63
 579 014b 01       		.uleb128 0x1
 580 014c 9C       		.byte	0x9c
 581 014d 6E010000 		.4byte	0x16e
 582 0151 0A       		.uleb128 0xa
 583 0152 70696E00 		.ascii	"pin\000"
 584 0156 01       		.byte	0x1
 585 0157 35       		.byte	0x35
 586 0158 A2000000 		.4byte	0xa2
 587 015c 02       		.uleb128 0x2
 588 015d 91       		.byte	0x91
 589 015e 74       		.sleb128 -12
 590 015f 0B       		.uleb128 0xb
 591 0160 74020000 		.4byte	.LASF32
 592 0164 01       		.byte	0x1
 593 0165 35       		.byte	0x35
 594 0166 8C000000 		.4byte	0x8c
 595 016a 02       		.uleb128 0x2
 596 016b 91       		.byte	0x91
 597 016c 73       		.sleb128 -13
 598 016d 00       		.byte	0
 599 016e 0C       		.uleb128 0xc
 600 016f 5C010000 		.4byte	.LASF43
 601 0173 01       		.byte	0x1
 602 0174 4B       		.byte	0x4b
 603 0175 9F020000 		.4byte	.LASF44
 604 0179 8C000000 		.4byte	0x8c
 605 017d 00000000 		.4byte	.LFB64
 606 0181 54000000 		.4byte	.LFE64-.LFB64
ARM GAS  C:\Users\Bruger\AppData\Local\Temp\ccVUezG9.s 			page 14


 607 0185 01       		.uleb128 0x1
 608 0186 9C       		.byte	0x9c
 609 0187 9A010000 		.4byte	0x19a
 610 018b 0A       		.uleb128 0xa
 611 018c 70696E00 		.ascii	"pin\000"
 612 0190 01       		.byte	0x1
 613 0191 4B       		.byte	0x4b
 614 0192 A2000000 		.4byte	0xa2
 615 0196 02       		.uleb128 0x2
 616 0197 91       		.byte	0x91
 617 0198 74       		.sleb128 -12
 618 0199 00       		.byte	0
 619 019a 09       		.uleb128 0x9
 620 019b 54010000 		.4byte	.LASF34
 621 019f 01       		.byte	0x1
 622 01a0 5B       		.byte	0x5b
 623 01a1 18000000 		.4byte	.LASF36
 624 01a5 00000000 		.4byte	.LFB65
 625 01a9 04010000 		.4byte	.LFE65-.LFB65
 626 01ad 01       		.uleb128 0x1
 627 01ae 9C       		.byte	0x9c
 628 01af E8010000 		.4byte	0x1e8
 629 01b3 0A       		.uleb128 0xa
 630 01b4 70696E00 		.ascii	"pin\000"
 631 01b8 01       		.byte	0x1
 632 01b9 5B       		.byte	0x5b
 633 01ba A2000000 		.4byte	0xa2
 634 01be 02       		.uleb128 0x2
 635 01bf 91       		.byte	0x91
 636 01c0 6C       		.sleb128 -20
 637 01c1 0B       		.uleb128 0xb
 638 01c2 50020000 		.4byte	.LASF37
 639 01c6 01       		.byte	0x1
 640 01c7 5B       		.byte	0x5b
 641 01c8 E6000000 		.4byte	0xe6
 642 01cc 02       		.uleb128 0x2
 643 01cd 91       		.byte	0x91
 644 01ce 6B       		.sleb128 -21
 645 01cf 0D       		.uleb128 0xd
 646 01d0 0C000000 		.4byte	.LBB2
 647 01d4 E0000000 		.4byte	.LBE2-.LBB2
 648 01d8 0E       		.uleb128 0xe
 649 01d9 1F010000 		.4byte	.LASF45
 650 01dd 01       		.byte	0x1
 651 01de 65       		.byte	0x65
 652 01df 8C000000 		.4byte	0x8c
 653 01e3 02       		.uleb128 0x2
 654 01e4 91       		.byte	0x91
 655 01e5 77       		.sleb128 -9
 656 01e6 00       		.byte	0
 657 01e7 00       		.byte	0
 658 01e8 0F       		.uleb128 0xf
 659 01e9 47010000 		.4byte	.LASF38
 660 01ed 06       		.byte	0x6
 661 01ee 5506     		.2byte	0x655
 662 01f0 F4010000 		.4byte	0x1f4
 663 01f4 06       		.uleb128 0x6
ARM GAS  C:\Users\Bruger\AppData\Local\Temp\ccVUezG9.s 			page 15


 664 01f5 97000000 		.4byte	0x97
 665 01f9 10       		.uleb128 0x10
 666 01fa 69000000 		.4byte	0x69
 667 01fe 09020000 		.4byte	0x209
 668 0202 11       		.uleb128 0x11
 669 0203 DF000000 		.4byte	0xdf
 670 0207 25       		.byte	0x25
 671 0208 00       		.byte	0
 672 0209 12       		.uleb128 0x12
 673 020a 8C020000 		.4byte	.LASF39
 674 020e 01       		.byte	0x1
 675 020f 19       		.byte	0x19
 676 0210 F9010000 		.4byte	0x1f9
 677 0214 05       		.uleb128 0x5
 678 0215 03       		.byte	0x3
 679 0216 00000000 		.4byte	pinNumberToPointer
 680 021a 00       		.byte	0
 681              		.section	.debug_abbrev,"",%progbits
 682              	.Ldebug_abbrev0:
 683 0000 01       		.uleb128 0x1
 684 0001 11       		.uleb128 0x11
 685 0002 01       		.byte	0x1
 686 0003 25       		.uleb128 0x25
 687 0004 0E       		.uleb128 0xe
 688 0005 13       		.uleb128 0x13
 689 0006 0B       		.uleb128 0xb
 690 0007 03       		.uleb128 0x3
 691 0008 0E       		.uleb128 0xe
 692 0009 1B       		.uleb128 0x1b
 693 000a 0E       		.uleb128 0xe
 694 000b 55       		.uleb128 0x55
 695 000c 17       		.uleb128 0x17
 696 000d 11       		.uleb128 0x11
 697 000e 01       		.uleb128 0x1
 698 000f 10       		.uleb128 0x10
 699 0010 17       		.uleb128 0x17
 700 0011 00       		.byte	0
 701 0012 00       		.byte	0
 702 0013 02       		.uleb128 0x2
 703 0014 24       		.uleb128 0x24
 704 0015 00       		.byte	0
 705 0016 0B       		.uleb128 0xb
 706 0017 0B       		.uleb128 0xb
 707 0018 3E       		.uleb128 0x3e
 708 0019 0B       		.uleb128 0xb
 709 001a 03       		.uleb128 0x3
 710 001b 0E       		.uleb128 0xe
 711 001c 00       		.byte	0
 712 001d 00       		.byte	0
 713 001e 03       		.uleb128 0x3
 714 001f 16       		.uleb128 0x16
 715 0020 00       		.byte	0
 716 0021 03       		.uleb128 0x3
 717 0022 0E       		.uleb128 0xe
 718 0023 3A       		.uleb128 0x3a
 719 0024 0B       		.uleb128 0xb
 720 0025 3B       		.uleb128 0x3b
ARM GAS  C:\Users\Bruger\AppData\Local\Temp\ccVUezG9.s 			page 16


 721 0026 0B       		.uleb128 0xb
 722 0027 49       		.uleb128 0x49
 723 0028 13       		.uleb128 0x13
 724 0029 00       		.byte	0
 725 002a 00       		.byte	0
 726 002b 04       		.uleb128 0x4
 727 002c 24       		.uleb128 0x24
 728 002d 00       		.byte	0
 729 002e 0B       		.uleb128 0xb
 730 002f 0B       		.uleb128 0xb
 731 0030 3E       		.uleb128 0x3e
 732 0031 0B       		.uleb128 0xb
 733 0032 03       		.uleb128 0x3
 734 0033 08       		.uleb128 0x8
 735 0034 00       		.byte	0
 736 0035 00       		.byte	0
 737 0036 05       		.uleb128 0x5
 738 0037 16       		.uleb128 0x16
 739 0038 00       		.byte	0
 740 0039 03       		.uleb128 0x3
 741 003a 0E       		.uleb128 0xe
 742 003b 3A       		.uleb128 0x3a
 743 003c 0B       		.uleb128 0xb
 744 003d 3B       		.uleb128 0x3b
 745 003e 05       		.uleb128 0x5
 746 003f 49       		.uleb128 0x49
 747 0040 13       		.uleb128 0x13
 748 0041 00       		.byte	0
 749 0042 00       		.byte	0
 750 0043 06       		.uleb128 0x6
 751 0044 35       		.uleb128 0x35
 752 0045 00       		.byte	0
 753 0046 49       		.uleb128 0x49
 754 0047 13       		.uleb128 0x13
 755 0048 00       		.byte	0
 756 0049 00       		.byte	0
 757 004a 07       		.uleb128 0x7
 758 004b 04       		.uleb128 0x4
 759 004c 01       		.byte	0x1
 760 004d 03       		.uleb128 0x3
 761 004e 0E       		.uleb128 0xe
 762 004f 0B       		.uleb128 0xb
 763 0050 0B       		.uleb128 0xb
 764 0051 3A       		.uleb128 0x3a
 765 0052 0B       		.uleb128 0xb
 766 0053 3B       		.uleb128 0x3b
 767 0054 0B       		.uleb128 0xb
 768 0055 01       		.uleb128 0x1
 769 0056 13       		.uleb128 0x13
 770 0057 00       		.byte	0
 771 0058 00       		.byte	0
 772 0059 08       		.uleb128 0x8
 773 005a 28       		.uleb128 0x28
 774 005b 00       		.byte	0
 775 005c 03       		.uleb128 0x3
 776 005d 0E       		.uleb128 0xe
 777 005e 1C       		.uleb128 0x1c
ARM GAS  C:\Users\Bruger\AppData\Local\Temp\ccVUezG9.s 			page 17


 778 005f 0D       		.uleb128 0xd
 779 0060 00       		.byte	0
 780 0061 00       		.byte	0
 781 0062 09       		.uleb128 0x9
 782 0063 2E       		.uleb128 0x2e
 783 0064 01       		.byte	0x1
 784 0065 3F       		.uleb128 0x3f
 785 0066 19       		.uleb128 0x19
 786 0067 03       		.uleb128 0x3
 787 0068 0E       		.uleb128 0xe
 788 0069 3A       		.uleb128 0x3a
 789 006a 0B       		.uleb128 0xb
 790 006b 3B       		.uleb128 0x3b
 791 006c 0B       		.uleb128 0xb
 792 006d 6E       		.uleb128 0x6e
 793 006e 0E       		.uleb128 0xe
 794 006f 11       		.uleb128 0x11
 795 0070 01       		.uleb128 0x1
 796 0071 12       		.uleb128 0x12
 797 0072 06       		.uleb128 0x6
 798 0073 40       		.uleb128 0x40
 799 0074 18       		.uleb128 0x18
 800 0075 9742     		.uleb128 0x2117
 801 0077 19       		.uleb128 0x19
 802 0078 01       		.uleb128 0x1
 803 0079 13       		.uleb128 0x13
 804 007a 00       		.byte	0
 805 007b 00       		.byte	0
 806 007c 0A       		.uleb128 0xa
 807 007d 05       		.uleb128 0x5
 808 007e 00       		.byte	0
 809 007f 03       		.uleb128 0x3
 810 0080 08       		.uleb128 0x8
 811 0081 3A       		.uleb128 0x3a
 812 0082 0B       		.uleb128 0xb
 813 0083 3B       		.uleb128 0x3b
 814 0084 0B       		.uleb128 0xb
 815 0085 49       		.uleb128 0x49
 816 0086 13       		.uleb128 0x13
 817 0087 02       		.uleb128 0x2
 818 0088 18       		.uleb128 0x18
 819 0089 00       		.byte	0
 820 008a 00       		.byte	0
 821 008b 0B       		.uleb128 0xb
 822 008c 05       		.uleb128 0x5
 823 008d 00       		.byte	0
 824 008e 03       		.uleb128 0x3
 825 008f 0E       		.uleb128 0xe
 826 0090 3A       		.uleb128 0x3a
 827 0091 0B       		.uleb128 0xb
 828 0092 3B       		.uleb128 0x3b
 829 0093 0B       		.uleb128 0xb
 830 0094 49       		.uleb128 0x49
 831 0095 13       		.uleb128 0x13
 832 0096 02       		.uleb128 0x2
 833 0097 18       		.uleb128 0x18
 834 0098 00       		.byte	0
ARM GAS  C:\Users\Bruger\AppData\Local\Temp\ccVUezG9.s 			page 18


 835 0099 00       		.byte	0
 836 009a 0C       		.uleb128 0xc
 837 009b 2E       		.uleb128 0x2e
 838 009c 01       		.byte	0x1
 839 009d 3F       		.uleb128 0x3f
 840 009e 19       		.uleb128 0x19
 841 009f 03       		.uleb128 0x3
 842 00a0 0E       		.uleb128 0xe
 843 00a1 3A       		.uleb128 0x3a
 844 00a2 0B       		.uleb128 0xb
 845 00a3 3B       		.uleb128 0x3b
 846 00a4 0B       		.uleb128 0xb
 847 00a5 6E       		.uleb128 0x6e
 848 00a6 0E       		.uleb128 0xe
 849 00a7 49       		.uleb128 0x49
 850 00a8 13       		.uleb128 0x13
 851 00a9 11       		.uleb128 0x11
 852 00aa 01       		.uleb128 0x1
 853 00ab 12       		.uleb128 0x12
 854 00ac 06       		.uleb128 0x6
 855 00ad 40       		.uleb128 0x40
 856 00ae 18       		.uleb128 0x18
 857 00af 9742     		.uleb128 0x2117
 858 00b1 19       		.uleb128 0x19
 859 00b2 01       		.uleb128 0x1
 860 00b3 13       		.uleb128 0x13
 861 00b4 00       		.byte	0
 862 00b5 00       		.byte	0
 863 00b6 0D       		.uleb128 0xd
 864 00b7 0B       		.uleb128 0xb
 865 00b8 01       		.byte	0x1
 866 00b9 11       		.uleb128 0x11
 867 00ba 01       		.uleb128 0x1
 868 00bb 12       		.uleb128 0x12
 869 00bc 06       		.uleb128 0x6
 870 00bd 00       		.byte	0
 871 00be 00       		.byte	0
 872 00bf 0E       		.uleb128 0xe
 873 00c0 34       		.uleb128 0x34
 874 00c1 00       		.byte	0
 875 00c2 03       		.uleb128 0x3
 876 00c3 0E       		.uleb128 0xe
 877 00c4 3A       		.uleb128 0x3a
 878 00c5 0B       		.uleb128 0xb
 879 00c6 3B       		.uleb128 0x3b
 880 00c7 0B       		.uleb128 0xb
 881 00c8 49       		.uleb128 0x49
 882 00c9 13       		.uleb128 0x13
 883 00ca 02       		.uleb128 0x2
 884 00cb 18       		.uleb128 0x18
 885 00cc 00       		.byte	0
 886 00cd 00       		.byte	0
 887 00ce 0F       		.uleb128 0xf
 888 00cf 34       		.uleb128 0x34
 889 00d0 00       		.byte	0
 890 00d1 03       		.uleb128 0x3
 891 00d2 0E       		.uleb128 0xe
ARM GAS  C:\Users\Bruger\AppData\Local\Temp\ccVUezG9.s 			page 19


 892 00d3 3A       		.uleb128 0x3a
 893 00d4 0B       		.uleb128 0xb
 894 00d5 3B       		.uleb128 0x3b
 895 00d6 05       		.uleb128 0x5
 896 00d7 49       		.uleb128 0x49
 897 00d8 13       		.uleb128 0x13
 898 00d9 3F       		.uleb128 0x3f
 899 00da 19       		.uleb128 0x19
 900 00db 3C       		.uleb128 0x3c
 901 00dc 19       		.uleb128 0x19
 902 00dd 00       		.byte	0
 903 00de 00       		.byte	0
 904 00df 10       		.uleb128 0x10
 905 00e0 01       		.uleb128 0x1
 906 00e1 01       		.byte	0x1
 907 00e2 49       		.uleb128 0x49
 908 00e3 13       		.uleb128 0x13
 909 00e4 01       		.uleb128 0x1
 910 00e5 13       		.uleb128 0x13
 911 00e6 00       		.byte	0
 912 00e7 00       		.byte	0
 913 00e8 11       		.uleb128 0x11
 914 00e9 21       		.uleb128 0x21
 915 00ea 00       		.byte	0
 916 00eb 49       		.uleb128 0x49
 917 00ec 13       		.uleb128 0x13
 918 00ed 2F       		.uleb128 0x2f
 919 00ee 0B       		.uleb128 0xb
 920 00ef 00       		.byte	0
 921 00f0 00       		.byte	0
 922 00f1 12       		.uleb128 0x12
 923 00f2 34       		.uleb128 0x34
 924 00f3 00       		.byte	0
 925 00f4 03       		.uleb128 0x3
 926 00f5 0E       		.uleb128 0xe
 927 00f6 3A       		.uleb128 0x3a
 928 00f7 0B       		.uleb128 0xb
 929 00f8 3B       		.uleb128 0x3b
 930 00f9 0B       		.uleb128 0xb
 931 00fa 49       		.uleb128 0x49
 932 00fb 13       		.uleb128 0x13
 933 00fc 3F       		.uleb128 0x3f
 934 00fd 19       		.uleb128 0x19
 935 00fe 02       		.uleb128 0x2
 936 00ff 18       		.uleb128 0x18
 937 0100 00       		.byte	0
 938 0101 00       		.byte	0
 939 0102 00       		.byte	0
 940              		.section	.debug_aranges,"",%progbits
 941 0000 2C000000 		.4byte	0x2c
 942 0004 0200     		.2byte	0x2
 943 0006 00000000 		.4byte	.Ldebug_info0
 944 000a 04       		.byte	0x4
 945 000b 00       		.byte	0
 946 000c 0000     		.2byte	0
 947 000e 0000     		.2byte	0
 948 0010 00000000 		.4byte	.LFB63
ARM GAS  C:\Users\Bruger\AppData\Local\Temp\ccVUezG9.s 			page 20


 949 0014 70000000 		.4byte	.LFE63-.LFB63
 950 0018 00000000 		.4byte	.LFB64
 951 001c 54000000 		.4byte	.LFE64-.LFB64
 952 0020 00000000 		.4byte	.LFB65
 953 0024 04010000 		.4byte	.LFE65-.LFB65
 954 0028 00000000 		.4byte	0
 955 002c 00000000 		.4byte	0
 956              		.section	.debug_ranges,"",%progbits
 957              	.Ldebug_ranges0:
 958 0000 00000000 		.4byte	.LFB63
 959 0004 70000000 		.4byte	.LFE63
 960 0008 00000000 		.4byte	.LFB64
 961 000c 54000000 		.4byte	.LFE64
 962 0010 00000000 		.4byte	.LFB65
 963 0014 04010000 		.4byte	.LFE65
 964 0018 00000000 		.4byte	0
 965 001c 00000000 		.4byte	0
 966              		.section	.debug_line,"",%progbits
 967              	.Ldebug_line0:
 968 0000 E5010000 		.section	.debug_str,"MS",%progbits,1
 968      02006F01 
 968      00000201 
 968      FB0E0D00 
 968      01010101 
 969              	.LASF9:
 970 0000 6C6F6E67 		.ascii	"long long int\000"
 970      206C6F6E 
 970      6720696E 
 970      7400
 971              	.LASF4:
 972 000e 5F5F7569 		.ascii	"__uint8_t\000"
 972      6E74385F 
 972      7400
 973              	.LASF36:
 974 0018 5F5A3770 		.ascii	"_Z7pinModem8PIN_MODE\000"
 974      696E4D6F 
 974      64656D38 
 974      50494E5F 
 974      4D4F4445 
 975              	.LASF30:
 976 002d 50494E5F 		.ascii	"PIN_ENABLE_BYPASS\000"
 976      454E4142 
 976      4C455F42 
 976      59504153 
 976      5300
 977              	.LASF5:
 978 003f 5F5F696E 		.ascii	"__int32_t\000"
 978      7433325F 
 978      7400
 979              	.LASF33:
 980 0049 64696769 		.ascii	"digitalWrite\000"
 980      74616C57 
 980      72697465 
 980      00
 981              	.LASF31:
 982 0056 50494E5F 		.ascii	"PIN_DISABLE_BYPASS\000"
 982      44495341 
ARM GAS  C:\Users\Bruger\AppData\Local\Temp\ccVUezG9.s 			page 21


 982      424C455F 
 982      42595041 
 982      535300
 983              	.LASF40:
 984 0069 474E5520 		.ascii	"GNU C++ 4.9.3 20150303 (release) [ARM/embedded-4_9-"
 984      432B2B20 
 984      342E392E 
 984      33203230 
 984      31353033 
 985 009c 6272616E 		.ascii	"branch revision 221220] -mcpu=cortex-m3 -mthumb -g "
 985      63682072 
 985      65766973 
 985      696F6E20 
 985      32323132 
 986 00cf 2D4F3020 		.ascii	"-O0 -ffunction-sections -ffat-lto-objects\000"
 986      2D666675 
 986      6E637469 
 986      6F6E2D73 
 986      65637469 
 987              	.LASF17:
 988 00f9 646F7562 		.ascii	"double\000"
 988      6C6500
 989              	.LASF15:
 990 0100 75696E74 		.ascii	"uint8\000"
 990      3800
 991              	.LASF16:
 992 0106 666C6F61 		.ascii	"float\000"
 992      7400
 993              	.LASF1:
 994 010c 756E7369 		.ascii	"unsigned char\000"
 994      676E6564 
 994      20636861 
 994      7200
 995              	.LASF19:
 996 011a 72656738 		.ascii	"reg8\000"
 996      00
 997              	.LASF45:
 998 011f 72656769 		.ascii	"registerValue\000"
 998      73746572 
 998      56616C75 
 998      6500
 999              	.LASF3:
 1000 012d 73686F72 		.ascii	"short unsigned int\000"
 1000      7420756E 
 1000      7369676E 
 1000      65642069 
 1000      6E7400
 1001              	.LASF21:
 1002 0140 4F555450 		.ascii	"OUTPUT\000"
 1002      555400
 1003              	.LASF38:
 1004 0147 49544D5F 		.ascii	"ITM_RxBuffer\000"
 1004      52784275 
 1004      66666572 
 1004      00
 1005              	.LASF34:
 1006 0154 70696E4D 		.ascii	"pinMode\000"
ARM GAS  C:\Users\Bruger\AppData\Local\Temp\ccVUezG9.s 			page 22


 1006      6F646500 
 1007              	.LASF43:
 1008 015c 64696769 		.ascii	"digitalRead\000"
 1008      74616C52 
 1008      65616400 
 1009              	.LASF26:
 1010 0168 50455249 		.ascii	"PERIPHERAL_IN\000"
 1010      50484552 
 1010      414C5F49 
 1010      4E00
 1011              	.LASF8:
 1012 0176 6C6F6E67 		.ascii	"long unsigned int\000"
 1012      20756E73 
 1012      69676E65 
 1012      6420696E 
 1012      7400
 1013              	.LASF41:
 1014 0188 636F7265 		.ascii	"core\\Arduino_Pins.cpp\000"
 1014      5C417264 
 1014      75696E6F 
 1014      5F50696E 
 1014      732E6370 
 1015              	.LASF7:
 1016 019e 5F5F7569 		.ascii	"__uint32_t\000"
 1016      6E743332 
 1016      5F7400
 1017              	.LASF35:
 1018 01a9 5F5A3132 		.ascii	"_Z12digitalWritemh\000"
 1018      64696769 
 1018      74616C57 
 1018      72697465 
 1018      6D6800
 1019              	.LASF42:
 1020 01bc 433A5C55 		.ascii	"C:\\Users\\Bruger\\Desktop\\CODE\\PSOC5\\CY8CKIT-59"
 1020      73657273 
 1020      5C427275 
 1020      6765725C 
 1020      4465736B 
 1021 01e9 2D417264 		.ascii	"-Arduino\\CY8CKIT59_Ardudino-Speeduino.cydsn\000"
 1021      75696E6F 
 1021      5C435938 
 1021      434B4954 
 1021      35395F41 
 1022              	.LASF11:
 1023 0215 756E7369 		.ascii	"unsigned int\000"
 1023      676E6564 
 1023      20696E74 
 1023      00
 1024              	.LASF25:
 1025 0222 50455249 		.ascii	"PERIPHERAL_OUT\000"
 1025      50484552 
 1025      414C5F4F 
 1025      555400
 1026              	.LASF10:
 1027 0231 6C6F6E67 		.ascii	"long long unsigned int\000"
 1027      206C6F6E 
 1027      6720756E 
ARM GAS  C:\Users\Bruger\AppData\Local\Temp\ccVUezG9.s 			page 23


 1027      7369676E 
 1027      65642069 
 1028              	.LASF12:
 1029 0248 75696E74 		.ascii	"uint8_t\000"
 1029      385F7400 
 1030              	.LASF37:
 1031 0250 6D6F6465 		.ascii	"mode\000"
 1031      00
 1032              	.LASF27:
 1033 0255 50455249 		.ascii	"PERIPHERAL_OD\000"
 1033      50484552 
 1033      414C5F4F 
 1033      4400
 1034              	.LASF13:
 1035 0263 696E7433 		.ascii	"int32_t\000"
 1035      325F7400 
 1036              	.LASF20:
 1037 026b 73697A65 		.ascii	"sizetype\000"
 1037      74797065 
 1037      00
 1038              	.LASF32:
 1039 0274 6C657665 		.ascii	"level\000"
 1039      6C00
 1040              	.LASF18:
 1041 027a 63686172 		.ascii	"char\000"
 1041      00
 1042              	.LASF23:
 1043 027f 494E5055 		.ascii	"INPUT_PULLUP\000"
 1043      545F5055 
 1043      4C4C5550 
 1043      00
 1044              	.LASF39:
 1045 028c 70696E4E 		.ascii	"pinNumberToPointer\000"
 1045      756D6265 
 1045      72546F50 
 1045      6F696E74 
 1045      657200
 1046              	.LASF44:
 1047 029f 5F5A3131 		.ascii	"_Z11digitalReadm\000"
 1047      64696769 
 1047      74616C52 
 1047      6561646D 
 1047      00
 1048              	.LASF2:
 1049 02b0 73686F72 		.ascii	"short int\000"
 1049      7420696E 
 1049      7400
 1050              	.LASF29:
 1051 02ba 42595041 		.ascii	"BYPASS_MODE\000"
 1051      53535F4D 
 1051      4F444500 
 1052              	.LASF22:
 1053 02c6 494E5055 		.ascii	"INPUT\000"
 1053      5400
 1054              	.LASF14:
 1055 02cc 75696E74 		.ascii	"uint32_t\000"
 1055      33325F74 
ARM GAS  C:\Users\Bruger\AppData\Local\Temp\ccVUezG9.s 			page 24


 1055      00
 1056              	.LASF6:
 1057 02d5 6C6F6E67 		.ascii	"long int\000"
 1057      20696E74 
 1057      00
 1058              	.LASF28:
 1059 02de 50494E5F 		.ascii	"PIN_MODE\000"
 1059      4D4F4445 
 1059      00
 1060              	.LASF24:
 1061 02e7 50455249 		.ascii	"PERIPHERAL\000"
 1061      50484552 
 1061      414C00
 1062              	.LASF0:
 1063 02f2 7369676E 		.ascii	"signed char\000"
 1063      65642063 
 1063      68617200 
 1064              		.ident	"GCC: (GNU Tools for ARM Embedded Processors) 4.9.3 20150303 (release) [ARM/embedded-4_9-br
