ARM GAS  C:\Users\Bruger\AppData\Local\Temp\ccXxHYqk.s 			page 1


   1              		.syntax unified
   2              		.cpu cortex-m3
   3              		.fpu softvfp
   4              		.eabi_attribute 20, 1
   5              		.eabi_attribute 21, 1
   6              		.eabi_attribute 23, 3
   7              		.eabi_attribute 24, 1
   8              		.eabi_attribute 25, 1
   9              		.eabi_attribute 26, 1
  10              		.eabi_attribute 30, 6
  11              		.eabi_attribute 34, 1
  12              		.eabi_attribute 18, 4
  13              		.thumb
  14              		.file	"Cm3Start.c"
  15              		.text
  16              	.Ltext0:
  17              		.cfi_sections	.debug_frame
  18              		.section	.noinit,"aw",%progbits
  19              		.align	2
  20              		.type	cySysNoInitDataValid, %object
  21              		.size	cySysNoInitDataValid, 4
  22              	cySysNoInitDataValid:
  23 0000 00000000 		.space	4
  24              		.global	CyRamVectors
  25              		.section	.ramvectors,"aw",%progbits
  26              		.align	8
  27              		.type	CyRamVectors, %object
  28              		.size	CyRamVectors, 192
  29              	CyRamVectors:
  30 0000 00000000 		.space	192
  30      00000000 
  30      00000000 
  30      00000000 
  30      00000000 
  31 00c0 00000000 		.section	.text.IntDefaultHandler,"ax",%progbits
  31      00000000 
  31      00000000 
  31      00000000 
  31      00000000 
  32              		.align	2
  33              		.global	IntDefaultHandler
  34              		.thumb
  35              		.thumb_func
  36              		.type	IntDefaultHandler, %function
  37              	IntDefaultHandler:
  38              	.LFB0:
  39              		.file 1 "Generated_Source\\PSoC5\\Cm3Start.c"
   1:Generated_Source\PSoC5/Cm3Start.c **** /*******************************************************************************
   2:Generated_Source\PSoC5/Cm3Start.c **** * File Name: Cm3Start.c
   3:Generated_Source\PSoC5/Cm3Start.c **** * Version 5.30
   4:Generated_Source\PSoC5/Cm3Start.c **** *
   5:Generated_Source\PSoC5/Cm3Start.c **** *  Description:
   6:Generated_Source\PSoC5/Cm3Start.c **** *  Startup code for the ARM CM3.
   7:Generated_Source\PSoC5/Cm3Start.c **** *
   8:Generated_Source\PSoC5/Cm3Start.c **** ********************************************************************************
   9:Generated_Source\PSoC5/Cm3Start.c **** * Copyright 2008-2015, Cypress Semiconductor Corporation. All rights reserved.
  10:Generated_Source\PSoC5/Cm3Start.c **** * You may use this file only in accordance with the license, terms, conditions,
ARM GAS  C:\Users\Bruger\AppData\Local\Temp\ccXxHYqk.s 			page 2


  11:Generated_Source\PSoC5/Cm3Start.c **** * disclaimers, and limitations in the end user license agreement accompanying
  12:Generated_Source\PSoC5/Cm3Start.c **** * the software package with which this file was provided.
  13:Generated_Source\PSoC5/Cm3Start.c **** *******************************************************************************/
  14:Generated_Source\PSoC5/Cm3Start.c **** 
  15:Generated_Source\PSoC5/Cm3Start.c **** #include <limits.h>
  16:Generated_Source\PSoC5/Cm3Start.c **** #include "cydevice_trm.h"
  17:Generated_Source\PSoC5/Cm3Start.c **** #include "cytypes.h"
  18:Generated_Source\PSoC5/Cm3Start.c **** #include "cyfitter_cfg.h"
  19:Generated_Source\PSoC5/Cm3Start.c **** #include "CyLib.h"
  20:Generated_Source\PSoC5/Cm3Start.c **** #include "CyDmac.h"
  21:Generated_Source\PSoC5/Cm3Start.c **** #include "cyfitter.h"
  22:Generated_Source\PSoC5/Cm3Start.c **** 
  23:Generated_Source\PSoC5/Cm3Start.c **** 
  24:Generated_Source\PSoC5/Cm3Start.c **** #define CY_NUM_INTERRUPTS           (32u)
  25:Generated_Source\PSoC5/Cm3Start.c **** #define CY_NUM_VECTORS              (CYINT_IRQ_BASE + CY_NUM_INTERRUPTS)
  26:Generated_Source\PSoC5/Cm3Start.c **** #define CY_NUM_ROM_VECTORS          (4u)
  27:Generated_Source\PSoC5/Cm3Start.c **** #define CY_NVIC_APINT_PTR           ((reg32 *) CYREG_NVIC_APPLN_INTR)
  28:Generated_Source\PSoC5/Cm3Start.c **** #define CY_NVIC_CFG_CTRL_PTR        ((reg32 *) CYREG_NVIC_CFG_CONTROL)
  29:Generated_Source\PSoC5/Cm3Start.c **** #define CY_NVIC_APINT_PRIGROUP_3_5  (0x00000400u)  /* Priority group 3.5 split */
  30:Generated_Source\PSoC5/Cm3Start.c **** #define CY_NVIC_APINT_VECTKEY       (0x05FA0000u)  /* This key is required in order to write the NV
  31:Generated_Source\PSoC5/Cm3Start.c **** #define CY_NVIC_CFG_STACKALIGN      (0x00000200u)  /* This specifies that the exception stack must 
  32:Generated_Source\PSoC5/Cm3Start.c **** 
  33:Generated_Source\PSoC5/Cm3Start.c **** #if defined(__ARMCC_VERSION)
  34:Generated_Source\PSoC5/Cm3Start.c ****     #define INITIAL_STACK_POINTER ((cyisraddress)(uint32)&Image$$ARM_LIB_STACK$$ZI$$Limit)
  35:Generated_Source\PSoC5/Cm3Start.c **** #elif defined (__GNUC__)
  36:Generated_Source\PSoC5/Cm3Start.c ****     #define INITIAL_STACK_POINTER (&__cy_stack)
  37:Generated_Source\PSoC5/Cm3Start.c **** #elif defined (__ICCARM__)
  38:Generated_Source\PSoC5/Cm3Start.c ****     #pragma language=extended
  39:Generated_Source\PSoC5/Cm3Start.c ****     #pragma segment="CSTACK"
  40:Generated_Source\PSoC5/Cm3Start.c ****     #define INITIAL_STACK_POINTER  { .__ptr = __sfe( "CSTACK" ) }
  41:Generated_Source\PSoC5/Cm3Start.c **** 
  42:Generated_Source\PSoC5/Cm3Start.c ****     extern void __iar_program_start( void );
  43:Generated_Source\PSoC5/Cm3Start.c ****     extern void __iar_data_init3 (void);
  44:Generated_Source\PSoC5/Cm3Start.c **** #endif  /* (__ARMCC_VERSION) */
  45:Generated_Source\PSoC5/Cm3Start.c **** 
  46:Generated_Source\PSoC5/Cm3Start.c **** #if defined(__GNUC__)
  47:Generated_Source\PSoC5/Cm3Start.c ****     #include <errno.h>
  48:Generated_Source\PSoC5/Cm3Start.c ****     extern int  errno;
  49:Generated_Source\PSoC5/Cm3Start.c ****     extern int  end;
  50:Generated_Source\PSoC5/Cm3Start.c **** #endif  /* defined(__GNUC__) */
  51:Generated_Source\PSoC5/Cm3Start.c **** 
  52:Generated_Source\PSoC5/Cm3Start.c **** /* Extern functions */
  53:Generated_Source\PSoC5/Cm3Start.c **** extern void CyBtldr_CheckLaunch(void);
  54:Generated_Source\PSoC5/Cm3Start.c **** 
  55:Generated_Source\PSoC5/Cm3Start.c **** /* Function prototypes */
  56:Generated_Source\PSoC5/Cm3Start.c **** void initialize_psoc(void);
  57:Generated_Source\PSoC5/Cm3Start.c **** CY_ISR(IntDefaultHandler);
  58:Generated_Source\PSoC5/Cm3Start.c **** void Reset(void);
  59:Generated_Source\PSoC5/Cm3Start.c **** 
  60:Generated_Source\PSoC5/Cm3Start.c **** /* Global variables */
  61:Generated_Source\PSoC5/Cm3Start.c **** #if !defined (__ICCARM__)
  62:Generated_Source\PSoC5/Cm3Start.c ****     CY_NOINIT static uint32 cySysNoInitDataValid;
  63:Generated_Source\PSoC5/Cm3Start.c **** #endif  /* !defined (__ICCARM__) */
  64:Generated_Source\PSoC5/Cm3Start.c **** 
  65:Generated_Source\PSoC5/Cm3Start.c **** 
  66:Generated_Source\PSoC5/Cm3Start.c **** /*******************************************************************************
  67:Generated_Source\PSoC5/Cm3Start.c **** * Default Ram Interrupt Vector table storage area. Must be 256-byte aligned.
ARM GAS  C:\Users\Bruger\AppData\Local\Temp\ccXxHYqk.s 			page 3


  68:Generated_Source\PSoC5/Cm3Start.c **** *******************************************************************************/
  69:Generated_Source\PSoC5/Cm3Start.c **** #if defined (__ICCARM__)
  70:Generated_Source\PSoC5/Cm3Start.c ****     #pragma location=".ramvectors"
  71:Generated_Source\PSoC5/Cm3Start.c ****     #pragma data_alignment=256
  72:Generated_Source\PSoC5/Cm3Start.c **** #else
  73:Generated_Source\PSoC5/Cm3Start.c ****     CY_SECTION(".ramvectors")
  74:Generated_Source\PSoC5/Cm3Start.c ****     CY_ALIGN(256)
  75:Generated_Source\PSoC5/Cm3Start.c **** #endif  /* defined (__ICCARM__) */
  76:Generated_Source\PSoC5/Cm3Start.c **** cyisraddress CyRamVectors[CY_NUM_VECTORS];
  77:Generated_Source\PSoC5/Cm3Start.c **** 
  78:Generated_Source\PSoC5/Cm3Start.c **** 
  79:Generated_Source\PSoC5/Cm3Start.c **** /*******************************************************************************
  80:Generated_Source\PSoC5/Cm3Start.c **** * Function Name: IntDefaultHandler
  81:Generated_Source\PSoC5/Cm3Start.c **** ********************************************************************************
  82:Generated_Source\PSoC5/Cm3Start.c **** *
  83:Generated_Source\PSoC5/Cm3Start.c **** * Summary:
  84:Generated_Source\PSoC5/Cm3Start.c **** *  This function is called for all interrupts, other than a reset that gets
  85:Generated_Source\PSoC5/Cm3Start.c **** *  called before the system is setup.
  86:Generated_Source\PSoC5/Cm3Start.c **** *
  87:Generated_Source\PSoC5/Cm3Start.c **** * Parameters:
  88:Generated_Source\PSoC5/Cm3Start.c **** *  None
  89:Generated_Source\PSoC5/Cm3Start.c **** *
  90:Generated_Source\PSoC5/Cm3Start.c **** * Return:
  91:Generated_Source\PSoC5/Cm3Start.c **** *  None
  92:Generated_Source\PSoC5/Cm3Start.c **** *
  93:Generated_Source\PSoC5/Cm3Start.c **** * Theory:
  94:Generated_Source\PSoC5/Cm3Start.c **** *  Any value other than zero is acceptable.
  95:Generated_Source\PSoC5/Cm3Start.c **** *
  96:Generated_Source\PSoC5/Cm3Start.c **** *******************************************************************************/
  97:Generated_Source\PSoC5/Cm3Start.c **** CY_ISR(IntDefaultHandler)
  98:Generated_Source\PSoC5/Cm3Start.c **** {
  40              		.loc 1 98 0
  41              		.cfi_startproc
  42              		@ args = 0, pretend = 0, frame = 0
  43              		@ frame_needed = 1, uses_anonymous_args = 0
  44              		@ link register save eliminated.
  45 0000 80B4     		push	{r7}
  46              		.cfi_def_cfa_offset 4
  47              		.cfi_offset 7, -4
  48 0002 00AF     		add	r7, sp, #0
  49              		.cfi_def_cfa_register 7
  50              	.L2:
  99:Generated_Source\PSoC5/Cm3Start.c ****     #ifdef CY_BOOT_INT_DEFAULT_HANDLER_EXCEPTION_ENTRY_CALLBACK
 100:Generated_Source\PSoC5/Cm3Start.c ****         CyBoot_IntDefaultHandler_Exception_EntryCallback();
 101:Generated_Source\PSoC5/Cm3Start.c ****     #endif /* CY_BOOT_INT_DEFAULT_HANDLER_EXCEPTION_ENTRY_CALLBACK */
 102:Generated_Source\PSoC5/Cm3Start.c **** 
 103:Generated_Source\PSoC5/Cm3Start.c ****     while(1)
 104:Generated_Source\PSoC5/Cm3Start.c ****     {
 105:Generated_Source\PSoC5/Cm3Start.c ****         /***********************************************************************
 106:Generated_Source\PSoC5/Cm3Start.c ****         * We must not get here. If we do, a serious problem occurs, so go
 107:Generated_Source\PSoC5/Cm3Start.c ****         * into an infinite loop.
 108:Generated_Source\PSoC5/Cm3Start.c ****         ***********************************************************************/
 109:Generated_Source\PSoC5/Cm3Start.c ****     }
  51              		.loc 1 109 0 discriminator 1
  52 0004 FEE7     		b	.L2
  53              		.cfi_endproc
  54              	.LFE0:
ARM GAS  C:\Users\Bruger\AppData\Local\Temp\ccXxHYqk.s 			page 4


  55              		.size	IntDefaultHandler, .-IntDefaultHandler
  56              		.section	.text._exit,"ax",%progbits
  57              		.align	2
  58              		.weak	_exit
  59              		.thumb
  60              		.thumb_func
  61              		.type	_exit, %function
  62              	_exit:
  63              	.LFB1:
 110:Generated_Source\PSoC5/Cm3Start.c **** }
 111:Generated_Source\PSoC5/Cm3Start.c **** 
 112:Generated_Source\PSoC5/Cm3Start.c **** 
 113:Generated_Source\PSoC5/Cm3Start.c **** #if defined(__ARMCC_VERSION)
 114:Generated_Source\PSoC5/Cm3Start.c **** 
 115:Generated_Source\PSoC5/Cm3Start.c **** /* Local function for device reset. */
 116:Generated_Source\PSoC5/Cm3Start.c **** extern void Reset(void);
 117:Generated_Source\PSoC5/Cm3Start.c **** 
 118:Generated_Source\PSoC5/Cm3Start.c **** /* Application entry point. */
 119:Generated_Source\PSoC5/Cm3Start.c **** extern void $Super$$main(void);
 120:Generated_Source\PSoC5/Cm3Start.c **** 
 121:Generated_Source\PSoC5/Cm3Start.c **** /* Linker-generated Stack Base addresses, Two Region and One Region */
 122:Generated_Source\PSoC5/Cm3Start.c **** extern uint32 Image$$ARM_LIB_STACK$$ZI$$Limit;
 123:Generated_Source\PSoC5/Cm3Start.c **** 
 124:Generated_Source\PSoC5/Cm3Start.c **** /* RealView C Library initialization. */
 125:Generated_Source\PSoC5/Cm3Start.c **** extern int __main(void);
 126:Generated_Source\PSoC5/Cm3Start.c **** 
 127:Generated_Source\PSoC5/Cm3Start.c **** 
 128:Generated_Source\PSoC5/Cm3Start.c **** /*******************************************************************************
 129:Generated_Source\PSoC5/Cm3Start.c **** * Function Name: Reset
 130:Generated_Source\PSoC5/Cm3Start.c **** ********************************************************************************
 131:Generated_Source\PSoC5/Cm3Start.c **** *
 132:Generated_Source\PSoC5/Cm3Start.c **** * Summary:
 133:Generated_Source\PSoC5/Cm3Start.c **** *  This function handles the reset interrupt for the RVDS/MDK toolchains.
 134:Generated_Source\PSoC5/Cm3Start.c **** *  This is the first bit of code that is executed at startup.
 135:Generated_Source\PSoC5/Cm3Start.c **** *
 136:Generated_Source\PSoC5/Cm3Start.c **** * Parameters:
 137:Generated_Source\PSoC5/Cm3Start.c **** *  None
 138:Generated_Source\PSoC5/Cm3Start.c **** *
 139:Generated_Source\PSoC5/Cm3Start.c **** * Return:
 140:Generated_Source\PSoC5/Cm3Start.c **** *  None
 141:Generated_Source\PSoC5/Cm3Start.c **** *
 142:Generated_Source\PSoC5/Cm3Start.c **** *******************************************************************************/
 143:Generated_Source\PSoC5/Cm3Start.c **** void Reset(void)
 144:Generated_Source\PSoC5/Cm3Start.c **** {
 145:Generated_Source\PSoC5/Cm3Start.c ****     #if(CYDEV_PROJ_TYPE != CYDEV_PROJ_TYPE_LOADABLE && CYDEV_PROJ_TYPE != CYDEV_PROJ_TYPE_LOADABLEA
 146:Generated_Source\PSoC5/Cm3Start.c **** 
 147:Generated_Source\PSoC5/Cm3Start.c ****         /* For PSoC 5LP, debugging is enabled by default */
 148:Generated_Source\PSoC5/Cm3Start.c ****         #if(CYDEV_DEBUGGING_ENABLE == 0)
 149:Generated_Source\PSoC5/Cm3Start.c ****             *(reg32 *)(CYDEV_DEBUG_ENABLE_REGISTER) |= CYDEV_DEBUG_ENABLE_MASK;
 150:Generated_Source\PSoC5/Cm3Start.c ****         #endif /* (CYDEV_DEBUGGING_ENABLE) */
 151:Generated_Source\PSoC5/Cm3Start.c **** 
 152:Generated_Source\PSoC5/Cm3Start.c ****         /* Reset Status Register has Read-to-clear SW access mode.
 153:Generated_Source\PSoC5/Cm3Start.c ****         * Preserve current RESET_SR0 state to make it available for next reading.
 154:Generated_Source\PSoC5/Cm3Start.c ****         */
 155:Generated_Source\PSoC5/Cm3Start.c ****         *(reg32 *)(CYREG_PHUB_CFGMEM23_CFG1) = *(reg32 *)(CYREG_RESET_SR0);
 156:Generated_Source\PSoC5/Cm3Start.c **** 
 157:Generated_Source\PSoC5/Cm3Start.c ****     #endif  /* (CYDEV_PROJ_TYPE != CYDEV_PROJ_TYPE_LOADABLE && CYDEV_PROJ_TYPE != CYDEV_PROJ_TYPE_L
ARM GAS  C:\Users\Bruger\AppData\Local\Temp\ccXxHYqk.s 			page 5


 158:Generated_Source\PSoC5/Cm3Start.c **** 
 159:Generated_Source\PSoC5/Cm3Start.c ****     #if ((CYDEV_BOOTLOADER_ENABLE) && (CYDEV_PROJ_TYPE != CYDEV_PROJ_TYPE_LOADABLEANDBOOTLOADER))
 160:Generated_Source\PSoC5/Cm3Start.c ****         CyBtldr_CheckLaunch();
 161:Generated_Source\PSoC5/Cm3Start.c ****     #endif /* ((CYDEV_BOOTLOADER_ENABLE) && (CYDEV_PROJ_TYPE != CYDEV_PROJ_TYPE_LOADABLEANDBOOTLOAD
 162:Generated_Source\PSoC5/Cm3Start.c **** 
 163:Generated_Source\PSoC5/Cm3Start.c ****     __main();
 164:Generated_Source\PSoC5/Cm3Start.c **** }
 165:Generated_Source\PSoC5/Cm3Start.c **** 
 166:Generated_Source\PSoC5/Cm3Start.c **** 
 167:Generated_Source\PSoC5/Cm3Start.c **** /*******************************************************************************
 168:Generated_Source\PSoC5/Cm3Start.c **** * Function Name: $Sub$$main
 169:Generated_Source\PSoC5/Cm3Start.c **** ********************************************************************************
 170:Generated_Source\PSoC5/Cm3Start.c **** *
 171:Generated_Source\PSoC5/Cm3Start.c **** * Summary:
 172:Generated_Source\PSoC5/Cm3Start.c **** *  This function is called immediately before the users main
 173:Generated_Source\PSoC5/Cm3Start.c **** *
 174:Generated_Source\PSoC5/Cm3Start.c **** * Parameters:
 175:Generated_Source\PSoC5/Cm3Start.c **** *  None
 176:Generated_Source\PSoC5/Cm3Start.c **** *
 177:Generated_Source\PSoC5/Cm3Start.c **** * Return:
 178:Generated_Source\PSoC5/Cm3Start.c **** *  None
 179:Generated_Source\PSoC5/Cm3Start.c **** *
 180:Generated_Source\PSoC5/Cm3Start.c **** *******************************************************************************/
 181:Generated_Source\PSoC5/Cm3Start.c **** void $Sub$$main(void)
 182:Generated_Source\PSoC5/Cm3Start.c **** {
 183:Generated_Source\PSoC5/Cm3Start.c ****     initialize_psoc();
 184:Generated_Source\PSoC5/Cm3Start.c **** 
 185:Generated_Source\PSoC5/Cm3Start.c ****     /* Call original main */
 186:Generated_Source\PSoC5/Cm3Start.c ****     $Super$$main();
 187:Generated_Source\PSoC5/Cm3Start.c **** 
 188:Generated_Source\PSoC5/Cm3Start.c ****     while (1)
 189:Generated_Source\PSoC5/Cm3Start.c ****     {
 190:Generated_Source\PSoC5/Cm3Start.c ****         /* If main returns, it is undefined what we should do. */
 191:Generated_Source\PSoC5/Cm3Start.c ****     }
 192:Generated_Source\PSoC5/Cm3Start.c **** }
 193:Generated_Source\PSoC5/Cm3Start.c **** 
 194:Generated_Source\PSoC5/Cm3Start.c **** #elif defined(__GNUC__)
 195:Generated_Source\PSoC5/Cm3Start.c **** 
 196:Generated_Source\PSoC5/Cm3Start.c **** void Start_c(void);
 197:Generated_Source\PSoC5/Cm3Start.c **** 
 198:Generated_Source\PSoC5/Cm3Start.c **** /* Stack Base address */
 199:Generated_Source\PSoC5/Cm3Start.c **** extern void __cy_stack(void);
 200:Generated_Source\PSoC5/Cm3Start.c **** 
 201:Generated_Source\PSoC5/Cm3Start.c **** /* Application entry point. */
 202:Generated_Source\PSoC5/Cm3Start.c **** extern int main(void);
 203:Generated_Source\PSoC5/Cm3Start.c **** 
 204:Generated_Source\PSoC5/Cm3Start.c **** /* Static objects constructors initializer */
 205:Generated_Source\PSoC5/Cm3Start.c **** extern void __libc_init_array(void);
 206:Generated_Source\PSoC5/Cm3Start.c **** 
 207:Generated_Source\PSoC5/Cm3Start.c **** typedef unsigned char __cy_byte_align8 __attribute ((aligned (8)));
 208:Generated_Source\PSoC5/Cm3Start.c **** 
 209:Generated_Source\PSoC5/Cm3Start.c **** struct __cy_region
 210:Generated_Source\PSoC5/Cm3Start.c **** {
 211:Generated_Source\PSoC5/Cm3Start.c ****     __cy_byte_align8 *init; /* Initial contents of this region.  */
 212:Generated_Source\PSoC5/Cm3Start.c ****     __cy_byte_align8 *data; /* Start address of region.  */
 213:Generated_Source\PSoC5/Cm3Start.c ****     size_t init_size;       /* Size of initial data.  */
 214:Generated_Source\PSoC5/Cm3Start.c ****     size_t zero_size;       /* Additional size to be zeroed.  */
ARM GAS  C:\Users\Bruger\AppData\Local\Temp\ccXxHYqk.s 			page 6


 215:Generated_Source\PSoC5/Cm3Start.c **** };
 216:Generated_Source\PSoC5/Cm3Start.c **** 
 217:Generated_Source\PSoC5/Cm3Start.c **** extern const struct __cy_region __cy_regions[];
 218:Generated_Source\PSoC5/Cm3Start.c **** extern const char __cy_region_num __attribute__((weak));
 219:Generated_Source\PSoC5/Cm3Start.c **** #define __cy_region_num ((size_t)&__cy_region_num)
 220:Generated_Source\PSoC5/Cm3Start.c **** 
 221:Generated_Source\PSoC5/Cm3Start.c **** 
 222:Generated_Source\PSoC5/Cm3Start.c **** /*******************************************************************************
 223:Generated_Source\PSoC5/Cm3Start.c **** * System Calls of the Red Hat newlib C Library
 224:Generated_Source\PSoC5/Cm3Start.c **** *******************************************************************************/
 225:Generated_Source\PSoC5/Cm3Start.c **** 
 226:Generated_Source\PSoC5/Cm3Start.c **** 
 227:Generated_Source\PSoC5/Cm3Start.c **** /*******************************************************************************
 228:Generated_Source\PSoC5/Cm3Start.c **** * Function Name: _exit
 229:Generated_Source\PSoC5/Cm3Start.c **** ********************************************************************************
 230:Generated_Source\PSoC5/Cm3Start.c **** *
 231:Generated_Source\PSoC5/Cm3Start.c **** * Summary:
 232:Generated_Source\PSoC5/Cm3Start.c **** *  Exit a program without cleaning up files. If your system doesn't provide
 233:Generated_Source\PSoC5/Cm3Start.c **** *  this, it is best to avoid linking with subroutines that require it (exit,
 234:Generated_Source\PSoC5/Cm3Start.c **** *  system).
 235:Generated_Source\PSoC5/Cm3Start.c **** *
 236:Generated_Source\PSoC5/Cm3Start.c **** * Parameters:
 237:Generated_Source\PSoC5/Cm3Start.c **** *  status: Status caused program exit.
 238:Generated_Source\PSoC5/Cm3Start.c **** *
 239:Generated_Source\PSoC5/Cm3Start.c **** * Return:
 240:Generated_Source\PSoC5/Cm3Start.c **** *  None
 241:Generated_Source\PSoC5/Cm3Start.c **** *
 242:Generated_Source\PSoC5/Cm3Start.c **** *******************************************************************************/
 243:Generated_Source\PSoC5/Cm3Start.c **** __attribute__((weak))
 244:Generated_Source\PSoC5/Cm3Start.c **** void _exit(int status)
 245:Generated_Source\PSoC5/Cm3Start.c **** {
  64              		.loc 1 245 0
  65              		.cfi_startproc
  66              		@ args = 0, pretend = 0, frame = 8
  67              		@ frame_needed = 1, uses_anonymous_args = 0
  68 0000 80B5     		push	{r7, lr}
  69              		.cfi_def_cfa_offset 8
  70              		.cfi_offset 7, -8
  71              		.cfi_offset 14, -4
  72 0002 82B0     		sub	sp, sp, #8
  73              		.cfi_def_cfa_offset 16
  74 0004 00AF     		add	r7, sp, #0
  75              		.cfi_def_cfa_register 7
  76 0006 7860     		str	r0, [r7, #4]
 246:Generated_Source\PSoC5/Cm3Start.c ****     CyHalt((uint8) status);
  77              		.loc 1 246 0
  78 0008 7B68     		ldr	r3, [r7, #4]
  79 000a DBB2     		uxtb	r3, r3
  80 000c 1846     		mov	r0, r3
  81 000e FFF7FEFF 		bl	CyHalt
  82              	.L4:
 247:Generated_Source\PSoC5/Cm3Start.c ****     while(1)
 248:Generated_Source\PSoC5/Cm3Start.c ****     {
 249:Generated_Source\PSoC5/Cm3Start.c **** 
 250:Generated_Source\PSoC5/Cm3Start.c ****     }
  83              		.loc 1 250 0 discriminator 1
  84 0012 FEE7     		b	.L4
ARM GAS  C:\Users\Bruger\AppData\Local\Temp\ccXxHYqk.s 			page 7


  85              		.cfi_endproc
  86              	.LFE1:
  87              		.size	_exit, .-_exit
  88              		.section	.text._sbrk,"ax",%progbits
  89              		.align	2
  90              		.weak	_sbrk
  91              		.thumb
  92              		.thumb_func
  93              		.type	_sbrk, %function
  94              	_sbrk:
  95              	.LFB2:
 251:Generated_Source\PSoC5/Cm3Start.c **** }
 252:Generated_Source\PSoC5/Cm3Start.c **** 
 253:Generated_Source\PSoC5/Cm3Start.c **** 
 254:Generated_Source\PSoC5/Cm3Start.c **** /*******************************************************************************
 255:Generated_Source\PSoC5/Cm3Start.c **** * Function Name: _sbrk
 256:Generated_Source\PSoC5/Cm3Start.c **** ********************************************************************************
 257:Generated_Source\PSoC5/Cm3Start.c **** *
 258:Generated_Source\PSoC5/Cm3Start.c **** * Summary:
 259:Generated_Source\PSoC5/Cm3Start.c **** *  Increase program data space. As malloc and related functions depend on this,
 260:Generated_Source\PSoC5/Cm3Start.c **** *  it is useful to have a working implementation. The following suffices for a
 261:Generated_Source\PSoC5/Cm3Start.c **** *  standalone system; it exploits the symbol end automatically defined by the
 262:Generated_Source\PSoC5/Cm3Start.c **** *  GNU linker.
 263:Generated_Source\PSoC5/Cm3Start.c **** *
 264:Generated_Source\PSoC5/Cm3Start.c **** * Parameters:
 265:Generated_Source\PSoC5/Cm3Start.c **** *  nbytes: The number of bytes requested (if the parameter value is positive)
 266:Generated_Source\PSoC5/Cm3Start.c **** *  from the heap or returned back to the heap (if the parameter value is
 267:Generated_Source\PSoC5/Cm3Start.c **** *  negative).
 268:Generated_Source\PSoC5/Cm3Start.c **** *
 269:Generated_Source\PSoC5/Cm3Start.c **** * Return:
 270:Generated_Source\PSoC5/Cm3Start.c **** *  None
 271:Generated_Source\PSoC5/Cm3Start.c **** *
 272:Generated_Source\PSoC5/Cm3Start.c **** *******************************************************************************/
 273:Generated_Source\PSoC5/Cm3Start.c **** __attribute__((weak))
 274:Generated_Source\PSoC5/Cm3Start.c **** void * _sbrk (int nbytes)
 275:Generated_Source\PSoC5/Cm3Start.c **** {
  96              		.loc 1 275 0
  97              		.cfi_startproc
  98              		@ args = 0, pretend = 0, frame = 16
  99              		@ frame_needed = 1, uses_anonymous_args = 0
 100 0000 80B5     		push	{r7, lr}
 101              		.cfi_def_cfa_offset 8
 102              		.cfi_offset 7, -8
 103              		.cfi_offset 14, -4
 104 0002 84B0     		sub	sp, sp, #16
 105              		.cfi_def_cfa_offset 24
 106 0004 00AF     		add	r7, sp, #0
 107              		.cfi_def_cfa_register 7
 108 0006 7860     		str	r0, [r7, #4]
 276:Generated_Source\PSoC5/Cm3Start.c ****     extern int  end;            /* Symbol defined by linker map. Start of free memory (as symbol). 
 277:Generated_Source\PSoC5/Cm3Start.c ****     void *      returnValue;
 278:Generated_Source\PSoC5/Cm3Start.c **** 
 279:Generated_Source\PSoC5/Cm3Start.c ****     /* The statically held previous end of the heap, with its initialization. */
 280:Generated_Source\PSoC5/Cm3Start.c ****     static void *heapPointer = (void *) &end;                 /* Previous end */
 281:Generated_Source\PSoC5/Cm3Start.c **** 
 282:Generated_Source\PSoC5/Cm3Start.c ****     if (((heapPointer + nbytes) - (void *) &end) <= CYDEV_HEAP_SIZE)
 109              		.loc 1 282 0
ARM GAS  C:\Users\Bruger\AppData\Local\Temp\ccXxHYqk.s 			page 8


 110 0008 104B     		ldr	r3, .L9
 111 000a 1A68     		ldr	r2, [r3]
 112 000c 7B68     		ldr	r3, [r7, #4]
 113 000e 1344     		add	r3, r3, r2
 114 0010 1A46     		mov	r2, r3
 115 0012 0F4B     		ldr	r3, .L9+4
 116 0014 D31A     		subs	r3, r2, r3
 117 0016 B3F5804F 		cmp	r3, #16384
 118 001a 09DC     		bgt	.L6
 283:Generated_Source\PSoC5/Cm3Start.c ****     {
 284:Generated_Source\PSoC5/Cm3Start.c ****         returnValue  = heapPointer;
 119              		.loc 1 284 0
 120 001c 0B4B     		ldr	r3, .L9
 121 001e 1B68     		ldr	r3, [r3]
 122 0020 FB60     		str	r3, [r7, #12]
 285:Generated_Source\PSoC5/Cm3Start.c ****         heapPointer += nbytes;
 123              		.loc 1 285 0
 124 0022 0A4B     		ldr	r3, .L9
 125 0024 1A68     		ldr	r2, [r3]
 126 0026 7B68     		ldr	r3, [r7, #4]
 127 0028 1344     		add	r3, r3, r2
 128 002a 084A     		ldr	r2, .L9
 129 002c 1360     		str	r3, [r2]
 130 002e 07E0     		b	.L7
 131              	.L6:
 286:Generated_Source\PSoC5/Cm3Start.c ****     }
 287:Generated_Source\PSoC5/Cm3Start.c ****     else
 288:Generated_Source\PSoC5/Cm3Start.c ****     {
 289:Generated_Source\PSoC5/Cm3Start.c ****         errno = ENOMEM;
 132              		.loc 1 289 0
 133 0030 FFF7FEFF 		bl	__errno
 134 0034 0246     		mov	r2, r0
 135 0036 0C23     		movs	r3, #12
 136 0038 1360     		str	r3, [r2]
 290:Generated_Source\PSoC5/Cm3Start.c ****         returnValue = (void *) -1;
 137              		.loc 1 290 0
 138 003a 4FF0FF33 		mov	r3, #-1
 139 003e FB60     		str	r3, [r7, #12]
 140              	.L7:
 291:Generated_Source\PSoC5/Cm3Start.c ****     }
 292:Generated_Source\PSoC5/Cm3Start.c **** 
 293:Generated_Source\PSoC5/Cm3Start.c ****     return (returnValue);
 141              		.loc 1 293 0
 142 0040 FB68     		ldr	r3, [r7, #12]
 294:Generated_Source\PSoC5/Cm3Start.c **** }
 143              		.loc 1 294 0
 144 0042 1846     		mov	r0, r3
 145 0044 1037     		adds	r7, r7, #16
 146              		.cfi_def_cfa_offset 8
 147 0046 BD46     		mov	sp, r7
 148              		.cfi_def_cfa_register 13
 149              		@ sp needed
 150 0048 80BD     		pop	{r7, pc}
 151              	.L10:
 152 004a 00BF     		.align	2
 153              	.L9:
 154 004c 00000000 		.word	heapPointer.4948
ARM GAS  C:\Users\Bruger\AppData\Local\Temp\ccXxHYqk.s 			page 9


 155 0050 00000000 		.word	end
 156              		.cfi_endproc
 157              	.LFE2:
 158              		.size	_sbrk, .-_sbrk
 159              		.section	.text.Reset,"ax",%progbits
 160              		.align	2
 161              		.global	Reset
 162              		.thumb
 163              		.thumb_func
 164              		.type	Reset, %function
 165              	Reset:
 166              	.LFB3:
 295:Generated_Source\PSoC5/Cm3Start.c **** 
 296:Generated_Source\PSoC5/Cm3Start.c **** 
 297:Generated_Source\PSoC5/Cm3Start.c **** /*******************************************************************************
 298:Generated_Source\PSoC5/Cm3Start.c **** * Function Name: Reset
 299:Generated_Source\PSoC5/Cm3Start.c **** ********************************************************************************
 300:Generated_Source\PSoC5/Cm3Start.c **** *
 301:Generated_Source\PSoC5/Cm3Start.c **** * Summary:
 302:Generated_Source\PSoC5/Cm3Start.c **** *  This function handles the reset interrupt for the GCC toolchain. This is the
 303:Generated_Source\PSoC5/Cm3Start.c **** *  first bit of code that is executed at startup.
 304:Generated_Source\PSoC5/Cm3Start.c **** *
 305:Generated_Source\PSoC5/Cm3Start.c **** * Parameters:
 306:Generated_Source\PSoC5/Cm3Start.c **** *  None
 307:Generated_Source\PSoC5/Cm3Start.c **** *
 308:Generated_Source\PSoC5/Cm3Start.c **** * Return:
 309:Generated_Source\PSoC5/Cm3Start.c **** *  None
 310:Generated_Source\PSoC5/Cm3Start.c **** *
 311:Generated_Source\PSoC5/Cm3Start.c **** *******************************************************************************/
 312:Generated_Source\PSoC5/Cm3Start.c **** void Reset(void)
 313:Generated_Source\PSoC5/Cm3Start.c **** {
 167              		.loc 1 313 0
 168              		.cfi_startproc
 169              		@ args = 0, pretend = 0, frame = 0
 170              		@ frame_needed = 1, uses_anonymous_args = 0
 171 0000 80B5     		push	{r7, lr}
 172              		.cfi_def_cfa_offset 8
 173              		.cfi_offset 7, -8
 174              		.cfi_offset 14, -4
 175 0002 00AF     		add	r7, sp, #0
 176              		.cfi_def_cfa_register 7
 314:Generated_Source\PSoC5/Cm3Start.c ****     #if(CYDEV_PROJ_TYPE != CYDEV_PROJ_TYPE_LOADABLE && CYDEV_PROJ_TYPE != CYDEV_PROJ_TYPE_LOADABLEA
 315:Generated_Source\PSoC5/Cm3Start.c **** 
 316:Generated_Source\PSoC5/Cm3Start.c ****         /* For PSoC 5LP, debugging is enabled by default */
 317:Generated_Source\PSoC5/Cm3Start.c ****         #if(CYDEV_DEBUGGING_ENABLE == 0)
 318:Generated_Source\PSoC5/Cm3Start.c ****             *(reg32 *)(CYDEV_DEBUG_ENABLE_REGISTER) |= CYDEV_DEBUG_ENABLE_MASK;
 319:Generated_Source\PSoC5/Cm3Start.c ****         #endif /* (CYDEV_DEBUGGING_ENABLE) */
 320:Generated_Source\PSoC5/Cm3Start.c **** 
 321:Generated_Source\PSoC5/Cm3Start.c ****         /* Reset Status Register has Read-to-clear SW access mode.
 322:Generated_Source\PSoC5/Cm3Start.c ****         * Preserve current RESET_SR0 state to make it available for next reading.
 323:Generated_Source\PSoC5/Cm3Start.c ****         */
 324:Generated_Source\PSoC5/Cm3Start.c ****         *(reg32 *)(CYREG_PHUB_CFGMEM23_CFG1) = *(reg32 *)(CYREG_RESET_SR0);
 325:Generated_Source\PSoC5/Cm3Start.c **** 
 326:Generated_Source\PSoC5/Cm3Start.c ****     #endif  /* (CYDEV_PROJ_TYPE != CYDEV_PROJ_TYPE_LOADABLE && CYDEV_PROJ_TYPE != CYDEV_PROJ_TYPE_L
 327:Generated_Source\PSoC5/Cm3Start.c **** 
 328:Generated_Source\PSoC5/Cm3Start.c ****     #if ((CYDEV_BOOTLOADER_ENABLE) && (CYDEV_PROJ_TYPE != CYDEV_PROJ_TYPE_LOADABLEANDBOOTLOADER))
 329:Generated_Source\PSoC5/Cm3Start.c ****         CyBtldr_CheckLaunch();
ARM GAS  C:\Users\Bruger\AppData\Local\Temp\ccXxHYqk.s 			page 10


 330:Generated_Source\PSoC5/Cm3Start.c ****     #endif /* ((CYDEV_BOOTLOADER_ENABLE) && (CYDEV_PROJ_TYPE != CYDEV_PROJ_TYPE_LOADABLEANDBOOTLOAD
 331:Generated_Source\PSoC5/Cm3Start.c **** 
 332:Generated_Source\PSoC5/Cm3Start.c ****     Start_c();
 177              		.loc 1 332 0
 178 0004 FFF7FEFF 		bl	Start_c
 179              		.cfi_endproc
 180              	.LFE3:
 181              		.size	Reset, .-Reset
 182              		.section	.text.Start_c,"ax",%progbits
 183              		.align	2
 184              		.global	Start_c
 185              		.thumb
 186              		.thumb_func
 187              		.type	Start_c, %function
 188              	Start_c:
 189              	.LFB4:
 333:Generated_Source\PSoC5/Cm3Start.c **** }
 334:Generated_Source\PSoC5/Cm3Start.c **** 
 335:Generated_Source\PSoC5/Cm3Start.c **** 
 336:Generated_Source\PSoC5/Cm3Start.c **** /*******************************************************************************
 337:Generated_Source\PSoC5/Cm3Start.c **** * Function Name: Start_c
 338:Generated_Source\PSoC5/Cm3Start.c **** ********************************************************************************
 339:Generated_Source\PSoC5/Cm3Start.c **** *
 340:Generated_Source\PSoC5/Cm3Start.c **** * Summary:
 341:Generated_Source\PSoC5/Cm3Start.c **** *  This function handles initializing the .data and .bss sections in
 342:Generated_Source\PSoC5/Cm3Start.c **** *  preparation for running the standard C code.  Once initialization is complete
 343:Generated_Source\PSoC5/Cm3Start.c **** *  it will call main(). This function will never return.
 344:Generated_Source\PSoC5/Cm3Start.c **** *
 345:Generated_Source\PSoC5/Cm3Start.c **** * Parameters:
 346:Generated_Source\PSoC5/Cm3Start.c **** *  None
 347:Generated_Source\PSoC5/Cm3Start.c **** *
 348:Generated_Source\PSoC5/Cm3Start.c **** * Return:
 349:Generated_Source\PSoC5/Cm3Start.c **** *  None
 350:Generated_Source\PSoC5/Cm3Start.c **** *
 351:Generated_Source\PSoC5/Cm3Start.c **** *******************************************************************************/
 352:Generated_Source\PSoC5/Cm3Start.c **** void Start_c(void)  __attribute__ ((noreturn));
 353:Generated_Source\PSoC5/Cm3Start.c **** void Start_c(void)
 354:Generated_Source\PSoC5/Cm3Start.c **** {
 190              		.loc 1 354 0
 191              		.cfi_startproc
 192              		@ args = 0, pretend = 0, frame = 24
 193              		@ frame_needed = 1, uses_anonymous_args = 0
 194 0000 80B5     		push	{r7, lr}
 195              		.cfi_def_cfa_offset 8
 196              		.cfi_offset 7, -8
 197              		.cfi_offset 14, -4
 198 0002 86B0     		sub	sp, sp, #24
 199              		.cfi_def_cfa_offset 32
 200 0004 00AF     		add	r7, sp, #0
 201              		.cfi_def_cfa_register 7
 355:Generated_Source\PSoC5/Cm3Start.c ****     unsigned regions = __cy_region_num;
 202              		.loc 1 355 0
 203 0006 224B     		ldr	r3, .L20
 204 0008 7B61     		str	r3, [r7, #20]
 356:Generated_Source\PSoC5/Cm3Start.c ****     const struct __cy_region *rptr = __cy_regions;
 205              		.loc 1 356 0
 206 000a 224B     		ldr	r3, .L20+4
ARM GAS  C:\Users\Bruger\AppData\Local\Temp\ccXxHYqk.s 			page 11


 207 000c 3B61     		str	r3, [r7, #16]
 357:Generated_Source\PSoC5/Cm3Start.c **** 
 358:Generated_Source\PSoC5/Cm3Start.c ****     /* Initialize memory */
 359:Generated_Source\PSoC5/Cm3Start.c ****     for (regions = __cy_region_num; regions != 0u; regions--)
 208              		.loc 1 359 0
 209 000e 204B     		ldr	r3, .L20
 210 0010 7B61     		str	r3, [r7, #20]
 211 0012 35E0     		b	.L13
 212              	.L18:
 213              	.LBB2:
 360:Generated_Source\PSoC5/Cm3Start.c ****     {
 361:Generated_Source\PSoC5/Cm3Start.c ****         uint32 *src = (uint32 *)rptr->init;
 214              		.loc 1 361 0
 215 0014 3B69     		ldr	r3, [r7, #16]
 216 0016 1B68     		ldr	r3, [r3]
 217 0018 FB60     		str	r3, [r7, #12]
 362:Generated_Source\PSoC5/Cm3Start.c ****         uint32 *dst = (uint32 *)rptr->data;
 218              		.loc 1 362 0
 219 001a 3B69     		ldr	r3, [r7, #16]
 220 001c 5B68     		ldr	r3, [r3, #4]
 221 001e BB60     		str	r3, [r7, #8]
 363:Generated_Source\PSoC5/Cm3Start.c ****         unsigned limit = rptr->init_size;
 222              		.loc 1 363 0
 223 0020 3B69     		ldr	r3, [r7, #16]
 224 0022 9B68     		ldr	r3, [r3, #8]
 225 0024 3B60     		str	r3, [r7]
 364:Generated_Source\PSoC5/Cm3Start.c ****         unsigned count;
 365:Generated_Source\PSoC5/Cm3Start.c **** 
 366:Generated_Source\PSoC5/Cm3Start.c ****         for (count = 0u; count != limit; count += sizeof (uint32))
 226              		.loc 1 366 0
 227 0026 0023     		movs	r3, #0
 228 0028 7B60     		str	r3, [r7, #4]
 229 002a 0CE0     		b	.L14
 230              	.L15:
 367:Generated_Source\PSoC5/Cm3Start.c ****         {
 368:Generated_Source\PSoC5/Cm3Start.c ****             *dst = *src;
 231              		.loc 1 368 0 discriminator 3
 232 002c FB68     		ldr	r3, [r7, #12]
 233 002e 1A68     		ldr	r2, [r3]
 234 0030 BB68     		ldr	r3, [r7, #8]
 235 0032 1A60     		str	r2, [r3]
 369:Generated_Source\PSoC5/Cm3Start.c ****             dst++;
 236              		.loc 1 369 0 discriminator 3
 237 0034 BB68     		ldr	r3, [r7, #8]
 238 0036 0433     		adds	r3, r3, #4
 239 0038 BB60     		str	r3, [r7, #8]
 370:Generated_Source\PSoC5/Cm3Start.c ****             src++;
 240              		.loc 1 370 0 discriminator 3
 241 003a FB68     		ldr	r3, [r7, #12]
 242 003c 0433     		adds	r3, r3, #4
 243 003e FB60     		str	r3, [r7, #12]
 366:Generated_Source\PSoC5/Cm3Start.c ****         {
 244              		.loc 1 366 0 discriminator 3
 245 0040 7B68     		ldr	r3, [r7, #4]
 246 0042 0433     		adds	r3, r3, #4
 247 0044 7B60     		str	r3, [r7, #4]
 248              	.L14:
ARM GAS  C:\Users\Bruger\AppData\Local\Temp\ccXxHYqk.s 			page 12


 366:Generated_Source\PSoC5/Cm3Start.c ****         {
 249              		.loc 1 366 0 is_stmt 0 discriminator 1
 250 0046 7A68     		ldr	r2, [r7, #4]
 251 0048 3B68     		ldr	r3, [r7]
 252 004a 9A42     		cmp	r2, r3
 253 004c EED1     		bne	.L15
 371:Generated_Source\PSoC5/Cm3Start.c ****         }
 372:Generated_Source\PSoC5/Cm3Start.c ****         limit = rptr->zero_size;
 254              		.loc 1 372 0 is_stmt 1
 255 004e 3B69     		ldr	r3, [r7, #16]
 256 0050 DB68     		ldr	r3, [r3, #12]
 257 0052 3B60     		str	r3, [r7]
 373:Generated_Source\PSoC5/Cm3Start.c ****         for (count = 0u; count != limit; count += sizeof (uint32))
 258              		.loc 1 373 0
 259 0054 0023     		movs	r3, #0
 260 0056 7B60     		str	r3, [r7, #4]
 261 0058 08E0     		b	.L16
 262              	.L17:
 374:Generated_Source\PSoC5/Cm3Start.c ****         {
 375:Generated_Source\PSoC5/Cm3Start.c ****             *dst = 0u;
 263              		.loc 1 375 0 discriminator 3
 264 005a BB68     		ldr	r3, [r7, #8]
 265 005c 0022     		movs	r2, #0
 266 005e 1A60     		str	r2, [r3]
 376:Generated_Source\PSoC5/Cm3Start.c ****             dst++;
 267              		.loc 1 376 0 discriminator 3
 268 0060 BB68     		ldr	r3, [r7, #8]
 269 0062 0433     		adds	r3, r3, #4
 270 0064 BB60     		str	r3, [r7, #8]
 373:Generated_Source\PSoC5/Cm3Start.c ****         for (count = 0u; count != limit; count += sizeof (uint32))
 271              		.loc 1 373 0 discriminator 3
 272 0066 7B68     		ldr	r3, [r7, #4]
 273 0068 0433     		adds	r3, r3, #4
 274 006a 7B60     		str	r3, [r7, #4]
 275              	.L16:
 373:Generated_Source\PSoC5/Cm3Start.c ****         for (count = 0u; count != limit; count += sizeof (uint32))
 276              		.loc 1 373 0 is_stmt 0 discriminator 1
 277 006c 7A68     		ldr	r2, [r7, #4]
 278 006e 3B68     		ldr	r3, [r7]
 279 0070 9A42     		cmp	r2, r3
 280 0072 F2D1     		bne	.L17
 377:Generated_Source\PSoC5/Cm3Start.c ****         }
 378:Generated_Source\PSoC5/Cm3Start.c **** 
 379:Generated_Source\PSoC5/Cm3Start.c ****         rptr++;
 281              		.loc 1 379 0 is_stmt 1 discriminator 2
 282 0074 3B69     		ldr	r3, [r7, #16]
 283 0076 1033     		adds	r3, r3, #16
 284 0078 3B61     		str	r3, [r7, #16]
 285              	.LBE2:
 359:Generated_Source\PSoC5/Cm3Start.c ****     {
 286              		.loc 1 359 0 discriminator 2
 287 007a 7B69     		ldr	r3, [r7, #20]
 288 007c 013B     		subs	r3, r3, #1
 289 007e 7B61     		str	r3, [r7, #20]
 290              	.L13:
 359:Generated_Source\PSoC5/Cm3Start.c ****     {
 291              		.loc 1 359 0 is_stmt 0 discriminator 1
ARM GAS  C:\Users\Bruger\AppData\Local\Temp\ccXxHYqk.s 			page 13


 292 0080 7B69     		ldr	r3, [r7, #20]
 293 0082 002B     		cmp	r3, #0
 294 0084 C6D1     		bne	.L18
 380:Generated_Source\PSoC5/Cm3Start.c ****     }
 381:Generated_Source\PSoC5/Cm3Start.c **** 
 382:Generated_Source\PSoC5/Cm3Start.c ****     /* Invoke static objects constructors */
 383:Generated_Source\PSoC5/Cm3Start.c ****     __libc_init_array();
 295              		.loc 1 383 0 is_stmt 1
 296 0086 FFF7FEFF 		bl	__libc_init_array
 384:Generated_Source\PSoC5/Cm3Start.c ****     (void) main();
 297              		.loc 1 384 0
 298 008a FFF7FEFF 		bl	main
 299              	.L19:
 385:Generated_Source\PSoC5/Cm3Start.c **** 
 386:Generated_Source\PSoC5/Cm3Start.c ****     while (1)
 387:Generated_Source\PSoC5/Cm3Start.c ****     {
 388:Generated_Source\PSoC5/Cm3Start.c ****         /* If main returns, make sure we don't return. */
 389:Generated_Source\PSoC5/Cm3Start.c ****     }
 300              		.loc 1 389 0 discriminator 1
 301 008e FEE7     		b	.L19
 302              	.L21:
 303              		.align	2
 304              	.L20:
 305 0090 00000000 		.word	__cy_region_num
 306 0094 00000000 		.word	__cy_regions
 307              		.cfi_endproc
 308              	.LFE4:
 309              		.size	Start_c, .-Start_c
 310              		.global	RomVectors
 311              		.section	.romvectors,"a",%progbits
 312              		.align	2
 313              		.type	RomVectors, %object
 314              		.size	RomVectors, 16
 315              	RomVectors:
 316 0000 00000000 		.word	__cy_stack
 317 0004 00000000 		.word	Reset
 318 0008 00000000 		.word	IntDefaultHandler
 319 000c 00000000 		.word	IntDefaultHandler
 320              		.section	.text.initialize_psoc,"ax",%progbits
 321              		.align	2
 322              		.global	initialize_psoc
 323              		.thumb
 324              		.thumb_func
 325              		.type	initialize_psoc, %function
 326              	initialize_psoc:
 327              	.LFB5:
 390:Generated_Source\PSoC5/Cm3Start.c **** }
 391:Generated_Source\PSoC5/Cm3Start.c **** 
 392:Generated_Source\PSoC5/Cm3Start.c **** 
 393:Generated_Source\PSoC5/Cm3Start.c **** #elif defined (__ICCARM__)
 394:Generated_Source\PSoC5/Cm3Start.c **** 
 395:Generated_Source\PSoC5/Cm3Start.c **** /*******************************************************************************
 396:Generated_Source\PSoC5/Cm3Start.c **** * Function Name: __low_level_init
 397:Generated_Source\PSoC5/Cm3Start.c **** ********************************************************************************
 398:Generated_Source\PSoC5/Cm3Start.c **** *
 399:Generated_Source\PSoC5/Cm3Start.c **** * Summary:
 400:Generated_Source\PSoC5/Cm3Start.c **** *  This function performs early initializations for the IAR Embedded
ARM GAS  C:\Users\Bruger\AppData\Local\Temp\ccXxHYqk.s 			page 14


 401:Generated_Source\PSoC5/Cm3Start.c **** *  Workbench IDE. It is executed in the context of a reset interrupt handler
 402:Generated_Source\PSoC5/Cm3Start.c **** *  before the data sections are initialized.
 403:Generated_Source\PSoC5/Cm3Start.c **** *
 404:Generated_Source\PSoC5/Cm3Start.c **** * Parameters:
 405:Generated_Source\PSoC5/Cm3Start.c **** *  None
 406:Generated_Source\PSoC5/Cm3Start.c **** *
 407:Generated_Source\PSoC5/Cm3Start.c **** * Return:
 408:Generated_Source\PSoC5/Cm3Start.c **** *  The value that determines whether or not data sections should be initialized
 409:Generated_Source\PSoC5/Cm3Start.c **** *  by the system startup code:
 410:Generated_Source\PSoC5/Cm3Start.c **** *    0 - skip data sections initialization;
 411:Generated_Source\PSoC5/Cm3Start.c **** *    1 - initialize data sections;
 412:Generated_Source\PSoC5/Cm3Start.c **** *
 413:Generated_Source\PSoC5/Cm3Start.c **** *******************************************************************************/
 414:Generated_Source\PSoC5/Cm3Start.c **** int __low_level_init(void)
 415:Generated_Source\PSoC5/Cm3Start.c **** {
 416:Generated_Source\PSoC5/Cm3Start.c ****     #if (CYDEV_PROJ_TYPE != CYDEV_PROJ_TYPE_LOADABLE && CYDEV_PROJ_TYPE != CYDEV_PROJ_TYPE_LOADABLE
 417:Generated_Source\PSoC5/Cm3Start.c **** 
 418:Generated_Source\PSoC5/Cm3Start.c ****         /* For PSoC 5LP, debugging is enabled by default */
 419:Generated_Source\PSoC5/Cm3Start.c ****         #if(CYDEV_DEBUGGING_ENABLE == 0)
 420:Generated_Source\PSoC5/Cm3Start.c ****             *(reg32 *)(CYDEV_DEBUG_ENABLE_REGISTER) |= CYDEV_DEBUG_ENABLE_MASK;
 421:Generated_Source\PSoC5/Cm3Start.c ****         #endif /* (CYDEV_DEBUGGING_ENABLE) */
 422:Generated_Source\PSoC5/Cm3Start.c **** 
 423:Generated_Source\PSoC5/Cm3Start.c ****         /* Reset Status Register has Read-to-clear SW access mode.
 424:Generated_Source\PSoC5/Cm3Start.c ****         * Preserve current RESET_SR0 state to make it available for next reading.
 425:Generated_Source\PSoC5/Cm3Start.c ****         */
 426:Generated_Source\PSoC5/Cm3Start.c ****         *(reg32 *)(CYREG_PHUB_CFGMEM23_CFG1) = *(reg32 *)(CYREG_RESET_SR0);
 427:Generated_Source\PSoC5/Cm3Start.c **** 
 428:Generated_Source\PSoC5/Cm3Start.c ****     #endif  /* (CYDEV_PROJ_TYPE != CYDEV_PROJ_TYPE_LOADABLE && CYDEV_PROJ_TYPE != CYDEV_PROJ_TYPE_L
 429:Generated_Source\PSoC5/Cm3Start.c **** 
 430:Generated_Source\PSoC5/Cm3Start.c ****     #if ((CYDEV_BOOTLOADER_ENABLE) && (CYDEV_PROJ_TYPE != CYDEV_PROJ_TYPE_LOADABLEANDBOOTLOADER))
 431:Generated_Source\PSoC5/Cm3Start.c ****         CyBtldr_CheckLaunch();
 432:Generated_Source\PSoC5/Cm3Start.c ****     #endif /* ((CYDEV_BOOTLOADER_ENABLE) && (CYDEV_PROJ_TYPE != CYDEV_PROJ_TYPE_LOADABLEANDBOOTLOAD
 433:Generated_Source\PSoC5/Cm3Start.c **** 
 434:Generated_Source\PSoC5/Cm3Start.c ****     /* Initialize data sections */
 435:Generated_Source\PSoC5/Cm3Start.c ****     __iar_data_init3();
 436:Generated_Source\PSoC5/Cm3Start.c **** 
 437:Generated_Source\PSoC5/Cm3Start.c ****     initialize_psoc();
 438:Generated_Source\PSoC5/Cm3Start.c **** 
 439:Generated_Source\PSoC5/Cm3Start.c ****     return 0;
 440:Generated_Source\PSoC5/Cm3Start.c **** }
 441:Generated_Source\PSoC5/Cm3Start.c **** 
 442:Generated_Source\PSoC5/Cm3Start.c **** #endif /* __GNUC__ */
 443:Generated_Source\PSoC5/Cm3Start.c **** 
 444:Generated_Source\PSoC5/Cm3Start.c **** 
 445:Generated_Source\PSoC5/Cm3Start.c **** /*******************************************************************************
 446:Generated_Source\PSoC5/Cm3Start.c **** *
 447:Generated_Source\PSoC5/Cm3Start.c **** * Default Rom Interrupt Vector table.
 448:Generated_Source\PSoC5/Cm3Start.c **** *
 449:Generated_Source\PSoC5/Cm3Start.c **** *******************************************************************************/
 450:Generated_Source\PSoC5/Cm3Start.c **** #if defined(__ARMCC_VERSION)
 451:Generated_Source\PSoC5/Cm3Start.c ****     /* Suppress diagnostic message 1296-D: extended constant initialiser used */
 452:Generated_Source\PSoC5/Cm3Start.c ****     #pragma diag_suppress 1296
 453:Generated_Source\PSoC5/Cm3Start.c **** #endif  /* defined(__ARMCC_VERSION) */
 454:Generated_Source\PSoC5/Cm3Start.c **** 
 455:Generated_Source\PSoC5/Cm3Start.c **** #if defined (__ICCARM__)
 456:Generated_Source\PSoC5/Cm3Start.c ****     #pragma location=".romvectors"
 457:Generated_Source\PSoC5/Cm3Start.c ****     const intvec_elem __vector_table[CY_NUM_ROM_VECTORS] =
ARM GAS  C:\Users\Bruger\AppData\Local\Temp\ccXxHYqk.s 			page 15


 458:Generated_Source\PSoC5/Cm3Start.c **** #else
 459:Generated_Source\PSoC5/Cm3Start.c ****     CY_SECTION(".romvectors")
 460:Generated_Source\PSoC5/Cm3Start.c ****     const cyisraddress RomVectors[CY_NUM_ROM_VECTORS] =
 461:Generated_Source\PSoC5/Cm3Start.c **** #endif  /* defined (__ICCARM__) */
 462:Generated_Source\PSoC5/Cm3Start.c **** {
 463:Generated_Source\PSoC5/Cm3Start.c ****     INITIAL_STACK_POINTER,   /* Initial stack pointer  0 */
 464:Generated_Source\PSoC5/Cm3Start.c ****     #if defined (__ICCARM__) /* Reset handler          1 */
 465:Generated_Source\PSoC5/Cm3Start.c ****         __iar_program_start,
 466:Generated_Source\PSoC5/Cm3Start.c ****     #else
 467:Generated_Source\PSoC5/Cm3Start.c ****         (cyisraddress)&Reset,
 468:Generated_Source\PSoC5/Cm3Start.c ****     #endif  /* defined (__ICCARM__) */
 469:Generated_Source\PSoC5/Cm3Start.c ****     &IntDefaultHandler,      /* NMI handler            2 */
 470:Generated_Source\PSoC5/Cm3Start.c ****     &IntDefaultHandler,      /* Hard fault handler     3 */
 471:Generated_Source\PSoC5/Cm3Start.c **** };
 472:Generated_Source\PSoC5/Cm3Start.c **** 
 473:Generated_Source\PSoC5/Cm3Start.c **** #if defined(__ARMCC_VERSION)
 474:Generated_Source\PSoC5/Cm3Start.c ****     #pragma diag_default 1296
 475:Generated_Source\PSoC5/Cm3Start.c **** #endif  /* defined(__ARMCC_VERSION) */
 476:Generated_Source\PSoC5/Cm3Start.c **** 
 477:Generated_Source\PSoC5/Cm3Start.c **** 
 478:Generated_Source\PSoC5/Cm3Start.c **** /*******************************************************************************
 479:Generated_Source\PSoC5/Cm3Start.c **** * Function Name: initialize_psoc
 480:Generated_Source\PSoC5/Cm3Start.c **** ********************************************************************************
 481:Generated_Source\PSoC5/Cm3Start.c **** *
 482:Generated_Source\PSoC5/Cm3Start.c **** * Summary:
 483:Generated_Source\PSoC5/Cm3Start.c **** *  This function used to initialize the PSoC chip before calling main.
 484:Generated_Source\PSoC5/Cm3Start.c **** *
 485:Generated_Source\PSoC5/Cm3Start.c **** * Parameters:
 486:Generated_Source\PSoC5/Cm3Start.c **** *  None
 487:Generated_Source\PSoC5/Cm3Start.c **** *
 488:Generated_Source\PSoC5/Cm3Start.c **** * Return:
 489:Generated_Source\PSoC5/Cm3Start.c **** *  None
 490:Generated_Source\PSoC5/Cm3Start.c **** *
 491:Generated_Source\PSoC5/Cm3Start.c **** *******************************************************************************/
 492:Generated_Source\PSoC5/Cm3Start.c **** #if (defined(__GNUC__) && !defined(__ARMCC_VERSION))
 493:Generated_Source\PSoC5/Cm3Start.c **** __attribute__ ((constructor(101)))
 494:Generated_Source\PSoC5/Cm3Start.c **** #endif
 495:Generated_Source\PSoC5/Cm3Start.c **** void initialize_psoc(void)
 496:Generated_Source\PSoC5/Cm3Start.c **** {
 328              		.loc 1 496 0
 329              		.cfi_startproc
 330              		@ args = 0, pretend = 0, frame = 8
 331              		@ frame_needed = 1, uses_anonymous_args = 0
 332 0000 80B5     		push	{r7, lr}
 333              		.cfi_def_cfa_offset 8
 334              		.cfi_offset 7, -8
 335              		.cfi_offset 14, -4
 336 0002 82B0     		sub	sp, sp, #8
 337              		.cfi_def_cfa_offset 16
 338 0004 00AF     		add	r7, sp, #0
 339              		.cfi_def_cfa_register 7
 497:Generated_Source\PSoC5/Cm3Start.c ****     uint32 i;
 498:Generated_Source\PSoC5/Cm3Start.c **** 
 499:Generated_Source\PSoC5/Cm3Start.c ****     /* Set Priority group 5. */
 500:Generated_Source\PSoC5/Cm3Start.c **** 
 501:Generated_Source\PSoC5/Cm3Start.c ****     /* Writes to NVIC_APINT register require the VECTKEY in the upper half */
 502:Generated_Source\PSoC5/Cm3Start.c ****     *CY_NVIC_APINT_PTR = CY_NVIC_APINT_VECTKEY | CY_NVIC_APINT_PRIGROUP_3_5;
ARM GAS  C:\Users\Bruger\AppData\Local\Temp\ccXxHYqk.s 			page 16


 340              		.loc 1 502 0
 341 0006 174B     		ldr	r3, .L27
 342 0008 174A     		ldr	r2, .L27+4
 343 000a 1A60     		str	r2, [r3]
 503:Generated_Source\PSoC5/Cm3Start.c ****     *CY_NVIC_CFG_CTRL_PTR |= CY_NVIC_CFG_STACKALIGN;
 344              		.loc 1 503 0
 345 000c 174A     		ldr	r2, .L27+8
 346 000e 174B     		ldr	r3, .L27+8
 347 0010 1B68     		ldr	r3, [r3]
 348 0012 43F40073 		orr	r3, r3, #512
 349 0016 1360     		str	r3, [r2]
 504:Generated_Source\PSoC5/Cm3Start.c **** 
 505:Generated_Source\PSoC5/Cm3Start.c ****     /* Set Ram interrupt vectors to default functions. */
 506:Generated_Source\PSoC5/Cm3Start.c ****     for (i = 0u; i < CY_NUM_VECTORS; i++)
 350              		.loc 1 506 0
 351 0018 0023     		movs	r3, #0
 352 001a 7B60     		str	r3, [r7, #4]
 353 001c 0FE0     		b	.L23
 354              	.L26:
 507:Generated_Source\PSoC5/Cm3Start.c ****     {
 508:Generated_Source\PSoC5/Cm3Start.c ****         #if defined (__ICCARM__)
 509:Generated_Source\PSoC5/Cm3Start.c ****             CyRamVectors[i] = (i < CY_NUM_ROM_VECTORS) ? __vector_table[i].__fun : &IntDefaultHandl
 510:Generated_Source\PSoC5/Cm3Start.c ****         #else
 511:Generated_Source\PSoC5/Cm3Start.c ****             CyRamVectors[i] = (i < CY_NUM_ROM_VECTORS) ? RomVectors[i] : &IntDefaultHandler;
 355              		.loc 1 511 0
 356 001e 7B68     		ldr	r3, [r7, #4]
 357 0020 032B     		cmp	r3, #3
 358 0022 04D8     		bhi	.L24
 359              		.loc 1 511 0 is_stmt 0 discriminator 1
 360 0024 124A     		ldr	r2, .L27+12
 361 0026 7B68     		ldr	r3, [r7, #4]
 362 0028 52F82330 		ldr	r3, [r2, r3, lsl #2]
 363 002c 00E0     		b	.L25
 364              	.L24:
 365              		.loc 1 511 0 discriminator 2
 366 002e 114B     		ldr	r3, .L27+16
 367              	.L25:
 368              		.loc 1 511 0 discriminator 4
 369 0030 1149     		ldr	r1, .L27+20
 370 0032 7A68     		ldr	r2, [r7, #4]
 371 0034 41F82230 		str	r3, [r1, r2, lsl #2]
 506:Generated_Source\PSoC5/Cm3Start.c ****     {
 372              		.loc 1 506 0 is_stmt 1 discriminator 4
 373 0038 7B68     		ldr	r3, [r7, #4]
 374 003a 0133     		adds	r3, r3, #1
 375 003c 7B60     		str	r3, [r7, #4]
 376              	.L23:
 506:Generated_Source\PSoC5/Cm3Start.c ****     {
 377              		.loc 1 506 0 is_stmt 0 discriminator 2
 378 003e 7B68     		ldr	r3, [r7, #4]
 379 0040 2F2B     		cmp	r3, #47
 380 0042 ECD9     		bls	.L26
 512:Generated_Source\PSoC5/Cm3Start.c ****         #endif  /* defined (__ICCARM__) */
 513:Generated_Source\PSoC5/Cm3Start.c ****     }
 514:Generated_Source\PSoC5/Cm3Start.c **** 
 515:Generated_Source\PSoC5/Cm3Start.c ****     /* Was stored in CFGMEM to avoid being cleared while SRAM gets cleared */
 516:Generated_Source\PSoC5/Cm3Start.c ****     CyResetStatus = CY_GET_REG8(CYREG_PHUB_CFGMEM23_CFG1);
ARM GAS  C:\Users\Bruger\AppData\Local\Temp\ccXxHYqk.s 			page 17


 381              		.loc 1 516 0 is_stmt 1
 382 0044 0D4B     		ldr	r3, .L27+24
 383 0046 1B78     		ldrb	r3, [r3]
 384 0048 DAB2     		uxtb	r2, r3
 385 004a 0D4B     		ldr	r3, .L27+28
 386 004c 1A70     		strb	r2, [r3]
 517:Generated_Source\PSoC5/Cm3Start.c **** 
 518:Generated_Source\PSoC5/Cm3Start.c ****     /* Point NVIC at RAM vector table. */
 519:Generated_Source\PSoC5/Cm3Start.c ****     *CYINT_VECT_TABLE = CyRamVectors;
 387              		.loc 1 519 0
 388 004e 0D4B     		ldr	r3, .L27+32
 389 0050 094A     		ldr	r2, .L27+20
 390 0052 1A60     		str	r2, [r3]
 520:Generated_Source\PSoC5/Cm3Start.c **** 
 521:Generated_Source\PSoC5/Cm3Start.c ****     /* Initialize the configuration registers. */
 522:Generated_Source\PSoC5/Cm3Start.c ****     cyfitter_cfg();
 391              		.loc 1 522 0
 392 0054 FFF7FEFF 		bl	cyfitter_cfg
 523:Generated_Source\PSoC5/Cm3Start.c **** 
 524:Generated_Source\PSoC5/Cm3Start.c ****     #if(0u != DMA_CHANNELS_USED__MASK0)
 525:Generated_Source\PSoC5/Cm3Start.c **** 
 526:Generated_Source\PSoC5/Cm3Start.c ****         /* Setup DMA - only necessary if design contains DMA component. */
 527:Generated_Source\PSoC5/Cm3Start.c ****         CyDmacConfigure();
 528:Generated_Source\PSoC5/Cm3Start.c **** 
 529:Generated_Source\PSoC5/Cm3Start.c ****     #endif  /* (0u != DMA_CHANNELS_USED__MASK0) */
 530:Generated_Source\PSoC5/Cm3Start.c **** 
 531:Generated_Source\PSoC5/Cm3Start.c ****     #if !defined (__ICCARM__)
 532:Generated_Source\PSoC5/Cm3Start.c ****         /* Actually, no need to clean this variable, just to make compiler happy. */
 533:Generated_Source\PSoC5/Cm3Start.c ****         cySysNoInitDataValid = 0u;
 393              		.loc 1 533 0
 394 0058 0B4B     		ldr	r3, .L27+36
 395 005a 0022     		movs	r2, #0
 396 005c 1A60     		str	r2, [r3]
 534:Generated_Source\PSoC5/Cm3Start.c ****     #endif  /* !defined (__ICCARM__) */
 535:Generated_Source\PSoC5/Cm3Start.c **** }
 397              		.loc 1 535 0
 398 005e 0837     		adds	r7, r7, #8
 399              		.cfi_def_cfa_offset 8
 400 0060 BD46     		mov	sp, r7
 401              		.cfi_def_cfa_register 13
 402              		@ sp needed
 403 0062 80BD     		pop	{r7, pc}
 404              	.L28:
 405              		.align	2
 406              	.L27:
 407 0064 0CED00E0 		.word	-536810228
 408 0068 0004FA05 		.word	100271104
 409 006c 14ED00E0 		.word	-536810220
 410 0070 00000000 		.word	RomVectors
 411 0074 00000000 		.word	IntDefaultHandler
 412 0078 00000000 		.word	CyRamVectors
 413 007c BC760040 		.word	1073772220
 414 0080 00000000 		.word	CyResetStatus
 415 0084 08ED00E0 		.word	-536810232
 416 0088 00000000 		.word	cySysNoInitDataValid
 417              		.cfi_endproc
 418              	.LFE5:
ARM GAS  C:\Users\Bruger\AppData\Local\Temp\ccXxHYqk.s 			page 18


 419              		.size	initialize_psoc, .-initialize_psoc
 420              		.section	.init_array,"aw",%init_array
 421              		.align	2
 422 0000 00000000 		.word	initialize_psoc(target1)
 423              		.data
 424              		.align	2
 425              		.type	heapPointer.4948, %object
 426              		.size	heapPointer.4948, 4
 427              	heapPointer.4948:
 428 0000 00000000 		.word	end
 429              		.weak	__cy_region_num
 430              		.text
 431              	.Letext0:
 432              		.file 2 "Generated_Source\\PSoC5\\cytypes.h"
 433              		.file 3 "c:\\program files (x86)\\cypress\\psoc creator\\4.0\\psoc creator\\import\\gnu\\arm\\4.9.
 434              		.file 4 "Generated_Source\\PSoC5\\CyLib.h"
 435              		.section	.debug_info,"",%progbits
 436              	.Ldebug_info0:
 437 0000 15030000 		.4byte	0x315
 438 0004 0400     		.2byte	0x4
 439 0006 00000000 		.4byte	.Ldebug_abbrev0
 440 000a 04       		.byte	0x4
 441 000b 01       		.uleb128 0x1
 442 000c 03010000 		.4byte	.LASF43
 443 0010 01       		.byte	0x1
 444 0011 DB000000 		.4byte	.LASF44
 445 0015 AF010000 		.4byte	.LASF45
 446 0019 00000000 		.4byte	.Ldebug_ranges0+0
 447 001d 00000000 		.4byte	0
 448 0021 00000000 		.4byte	.Ldebug_line0
 449 0025 02       		.uleb128 0x2
 450 0026 01       		.byte	0x1
 451 0027 06       		.byte	0x6
 452 0028 9C020000 		.4byte	.LASF0
 453 002c 02       		.uleb128 0x2
 454 002d 01       		.byte	0x1
 455 002e 08       		.byte	0x8
 456 002f 7D000000 		.4byte	.LASF1
 457 0033 02       		.uleb128 0x2
 458 0034 02       		.byte	0x2
 459 0035 05       		.byte	0x5
 460 0036 7B020000 		.4byte	.LASF2
 461 003a 02       		.uleb128 0x2
 462 003b 02       		.byte	0x2
 463 003c 07       		.byte	0x7
 464 003d 34000000 		.4byte	.LASF3
 465 0041 02       		.uleb128 0x2
 466 0042 04       		.byte	0x4
 467 0043 05       		.byte	0x5
 468 0044 85020000 		.4byte	.LASF4
 469 0048 02       		.uleb128 0x2
 470 0049 04       		.byte	0x4
 471 004a 07       		.byte	0x7
 472 004b A2000000 		.4byte	.LASF5
 473 004f 02       		.uleb128 0x2
 474 0050 08       		.byte	0x8
 475 0051 05       		.byte	0x5
ARM GAS  C:\Users\Bruger\AppData\Local\Temp\ccXxHYqk.s 			page 19


 476 0052 68020000 		.4byte	.LASF6
 477 0056 02       		.uleb128 0x2
 478 0057 08       		.byte	0x8
 479 0058 07       		.byte	0x7
 480 0059 15020000 		.4byte	.LASF7
 481 005d 03       		.uleb128 0x3
 482 005e 04       		.byte	0x4
 483 005f 05       		.byte	0x5
 484 0060 696E7400 		.ascii	"int\000"
 485 0064 02       		.uleb128 0x2
 486 0065 04       		.byte	0x4
 487 0066 07       		.byte	0x7
 488 0067 08020000 		.4byte	.LASF8
 489 006b 04       		.uleb128 0x4
 490 006c C9000000 		.4byte	.LASF9
 491 0070 02       		.byte	0x2
 492 0071 3801     		.2byte	0x138
 493 0073 2C000000 		.4byte	0x2c
 494 0077 04       		.uleb128 0x4
 495 0078 A8010000 		.4byte	.LASF10
 496 007c 02       		.byte	0x2
 497 007d 3A01     		.2byte	0x13a
 498 007f 48000000 		.4byte	0x48
 499 0083 02       		.uleb128 0x2
 500 0084 04       		.byte	0x4
 501 0085 04       		.byte	0x4
 502 0086 72000000 		.4byte	.LASF11
 503 008a 02       		.uleb128 0x2
 504 008b 08       		.byte	0x8
 505 008c 04       		.byte	0x4
 506 008d 91010000 		.4byte	.LASF12
 507 0091 02       		.uleb128 0x2
 508 0092 01       		.byte	0x1
 509 0093 08       		.byte	0x8
 510 0094 76020000 		.4byte	.LASF13
 511 0098 04       		.uleb128 0x4
 512 0099 5A020000 		.4byte	.LASF14
 513 009d 02       		.byte	0x2
 514 009e E201     		.2byte	0x1e2
 515 00a0 A4000000 		.4byte	0xa4
 516 00a4 05       		.uleb128 0x5
 517 00a5 6B000000 		.4byte	0x6b
 518 00a9 04       		.uleb128 0x4
 519 00aa 00000000 		.4byte	.LASF15
 520 00ae 02       		.byte	0x2
 521 00af E401     		.2byte	0x1e4
 522 00b1 B5000000 		.4byte	0xb5
 523 00b5 05       		.uleb128 0x5
 524 00b6 77000000 		.4byte	0x77
 525 00ba 04       		.uleb128 0x4
 526 00bb 32020000 		.4byte	.LASF16
 527 00bf 02       		.byte	0x2
 528 00c0 F401     		.2byte	0x1f4
 529 00c2 C6000000 		.4byte	0xc6
 530 00c6 06       		.uleb128 0x6
 531 00c7 04       		.byte	0x4
 532 00c8 CC000000 		.4byte	0xcc
ARM GAS  C:\Users\Bruger\AppData\Local\Temp\ccXxHYqk.s 			page 20


 533 00cc 07       		.uleb128 0x7
 534 00cd 08       		.uleb128 0x8
 535 00ce 06000000 		.4byte	.LASF17
 536 00d2 03       		.byte	0x3
 537 00d3 D4       		.byte	0xd4
 538 00d4 64000000 		.4byte	0x64
 539 00d8 02       		.uleb128 0x2
 540 00d9 04       		.byte	0x4
 541 00da 07       		.byte	0x7
 542 00db 5F020000 		.4byte	.LASF18
 543 00df 09       		.uleb128 0x9
 544 00e0 04       		.byte	0x4
 545 00e1 0A       		.uleb128 0xa
 546 00e2 91000000 		.4byte	0x91
 547 00e6 08       		.uleb128 0x8
 548 00e7 49020000 		.4byte	.LASF19
 549 00eb 01       		.byte	0x1
 550 00ec CF       		.byte	0xcf
 551 00ed 2C000000 		.4byte	0x2c
 552 00f1 0B       		.uleb128 0xb
 553 00f2 D6020000 		.4byte	.LASF46
 554 00f6 10       		.byte	0x10
 555 00f7 01       		.byte	0x1
 556 00f8 D1       		.byte	0xd1
 557 00f9 2E010000 		.4byte	0x12e
 558 00fd 0C       		.uleb128 0xc
 559 00fe 57000000 		.4byte	.LASF20
 560 0102 01       		.byte	0x1
 561 0103 D3       		.byte	0xd3
 562 0104 2E010000 		.4byte	0x12e
 563 0108 00       		.byte	0
 564 0109 0C       		.uleb128 0xc
 565 010a 78000000 		.4byte	.LASF21
 566 010e 01       		.byte	0x1
 567 010f D4       		.byte	0xd4
 568 0110 2E010000 		.4byte	0x12e
 569 0114 04       		.byte	0x4
 570 0115 0C       		.uleb128 0xc
 571 0116 3F020000 		.4byte	.LASF22
 572 011a 01       		.byte	0x1
 573 011b D5       		.byte	0xd5
 574 011c CD000000 		.4byte	0xcd
 575 0120 08       		.byte	0x8
 576 0121 0C       		.uleb128 0xc
 577 0122 63000000 		.4byte	.LASF23
 578 0126 01       		.byte	0x1
 579 0127 D6       		.byte	0xd6
 580 0128 CD000000 		.4byte	0xcd
 581 012c 0C       		.byte	0xc
 582 012d 00       		.byte	0
 583 012e 06       		.uleb128 0x6
 584 012f 04       		.byte	0x4
 585 0130 E6000000 		.4byte	0xe6
 586 0134 0D       		.uleb128 0xd
 587 0135 A8020000 		.4byte	.LASF28
 588 0139 01       		.byte	0x1
 589 013a 61       		.byte	0x61
ARM GAS  C:\Users\Bruger\AppData\Local\Temp\ccXxHYqk.s 			page 21


 590 013b 00000000 		.4byte	.LFB0
 591 013f 06000000 		.4byte	.LFE0-.LFB0
 592 0143 01       		.uleb128 0x1
 593 0144 9C       		.byte	0x9c
 594 0145 0E       		.uleb128 0xe
 595 0146 D5000000 		.4byte	.LASF30
 596 014a 01       		.byte	0x1
 597 014b F4       		.byte	0xf4
 598 014c 00000000 		.4byte	.LFB1
 599 0150 14000000 		.4byte	.LFE1-.LFB1
 600 0154 01       		.uleb128 0x1
 601 0155 9C       		.byte	0x9c
 602 0156 69010000 		.4byte	0x169
 603 015a 0F       		.uleb128 0xf
 604 015b 5C000000 		.4byte	.LASF24
 605 015f 01       		.byte	0x1
 606 0160 F4       		.byte	0xf4
 607 0161 5D000000 		.4byte	0x5d
 608 0165 02       		.uleb128 0x2
 609 0166 91       		.byte	0x91
 610 0167 74       		.sleb128 -12
 611 0168 00       		.byte	0
 612 0169 10       		.uleb128 0x10
 613 016a FD000000 		.4byte	.LASF47
 614 016e 01       		.byte	0x1
 615 016f 1201     		.2byte	0x112
 616 0171 DF000000 		.4byte	0xdf
 617 0175 00000000 		.4byte	.LFB2
 618 0179 54000000 		.4byte	.LFE2-.LFB2
 619 017d 01       		.uleb128 0x1
 620 017e 9C       		.byte	0x9c
 621 017f C0010000 		.4byte	0x1c0
 622 0183 11       		.uleb128 0x11
 623 0184 CF020000 		.4byte	.LASF25
 624 0188 01       		.byte	0x1
 625 0189 1201     		.2byte	0x112
 626 018b 5D000000 		.4byte	0x5d
 627 018f 02       		.uleb128 0x2
 628 0190 91       		.byte	0x91
 629 0191 6C       		.sleb128 -20
 630 0192 12       		.uleb128 0x12
 631 0193 656E6400 		.ascii	"end\000"
 632 0197 01       		.byte	0x1
 633 0198 1401     		.2byte	0x114
 634 019a 5D000000 		.4byte	0x5d
 635 019e 13       		.uleb128 0x13
 636 019f 8B000000 		.4byte	.LASF26
 637 01a3 01       		.byte	0x1
 638 01a4 1501     		.2byte	0x115
 639 01a6 DF000000 		.4byte	0xdf
 640 01aa 02       		.uleb128 0x2
 641 01ab 91       		.byte	0x91
 642 01ac 74       		.sleb128 -12
 643 01ad 13       		.uleb128 0x13
 644 01ae 28000000 		.4byte	.LASF27
 645 01b2 01       		.byte	0x1
 646 01b3 1801     		.2byte	0x118
ARM GAS  C:\Users\Bruger\AppData\Local\Temp\ccXxHYqk.s 			page 22


 647 01b5 DF000000 		.4byte	0xdf
 648 01b9 05       		.uleb128 0x5
 649 01ba 03       		.byte	0x3
 650 01bb 00000000 		.4byte	heapPointer.4948
 651 01bf 00       		.byte	0
 652 01c0 14       		.uleb128 0x14
 653 01c1 CF000000 		.4byte	.LASF29
 654 01c5 01       		.byte	0x1
 655 01c6 3801     		.2byte	0x138
 656 01c8 00000000 		.4byte	.LFB3
 657 01cc 08000000 		.4byte	.LFE3-.LFB3
 658 01d0 01       		.uleb128 0x1
 659 01d1 9C       		.byte	0x9c
 660 01d2 15       		.uleb128 0x15
 661 01d3 1A000000 		.4byte	.LASF31
 662 01d7 01       		.byte	0x1
 663 01d8 6101     		.2byte	0x161
 664 01da 00000000 		.4byte	.LFB4
 665 01de 98000000 		.4byte	.LFE4-.LFB4
 666 01e2 01       		.uleb128 0x1
 667 01e3 9C       		.byte	0x9c
 668 01e4 4D020000 		.4byte	0x24d
 669 01e8 13       		.uleb128 0x13
 670 01e9 C7020000 		.4byte	.LASF32
 671 01ed 01       		.byte	0x1
 672 01ee 6301     		.2byte	0x163
 673 01f0 64000000 		.4byte	0x64
 674 01f4 02       		.uleb128 0x2
 675 01f5 91       		.byte	0x91
 676 01f6 74       		.sleb128 -12
 677 01f7 13       		.uleb128 0x13
 678 01f8 6D000000 		.4byte	.LASF33
 679 01fc 01       		.byte	0x1
 680 01fd 6401     		.2byte	0x164
 681 01ff 4D020000 		.4byte	0x24d
 682 0203 02       		.uleb128 0x2
 683 0204 91       		.byte	0x91
 684 0205 70       		.sleb128 -16
 685 0206 16       		.uleb128 0x16
 686 0207 14000000 		.4byte	.LBB2
 687 020b 66000000 		.4byte	.LBE2-.LBB2
 688 020f 17       		.uleb128 0x17
 689 0210 73726300 		.ascii	"src\000"
 690 0214 01       		.byte	0x1
 691 0215 6901     		.2byte	0x169
 692 0217 58020000 		.4byte	0x258
 693 021b 02       		.uleb128 0x2
 694 021c 91       		.byte	0x91
 695 021d 6C       		.sleb128 -20
 696 021e 17       		.uleb128 0x17
 697 021f 64737400 		.ascii	"dst\000"
 698 0223 01       		.byte	0x1
 699 0224 6A01     		.2byte	0x16a
 700 0226 58020000 		.4byte	0x258
 701 022a 02       		.uleb128 0x2
 702 022b 91       		.byte	0x91
 703 022c 68       		.sleb128 -24
ARM GAS  C:\Users\Bruger\AppData\Local\Temp\ccXxHYqk.s 			page 23


 704 022d 13       		.uleb128 0x13
 705 022e 2C020000 		.4byte	.LASF34
 706 0232 01       		.byte	0x1
 707 0233 6B01     		.2byte	0x16b
 708 0235 64000000 		.4byte	0x64
 709 0239 02       		.uleb128 0x2
 710 023a 91       		.byte	0x91
 711 023b 60       		.sleb128 -32
 712 023c 13       		.uleb128 0x13
 713 023d 22000000 		.4byte	.LASF35
 714 0241 01       		.byte	0x1
 715 0242 6C01     		.2byte	0x16c
 716 0244 64000000 		.4byte	0x64
 717 0248 02       		.uleb128 0x2
 718 0249 91       		.byte	0x91
 719 024a 64       		.sleb128 -28
 720 024b 00       		.byte	0
 721 024c 00       		.byte	0
 722 024d 06       		.uleb128 0x6
 723 024e 04       		.byte	0x4
 724 024f 53020000 		.4byte	0x253
 725 0253 0A       		.uleb128 0xa
 726 0254 F1000000 		.4byte	0xf1
 727 0258 06       		.uleb128 0x6
 728 0259 04       		.byte	0x4
 729 025a 77000000 		.4byte	0x77
 730 025e 15       		.uleb128 0x15
 731 025f 98010000 		.4byte	.LASF36
 732 0263 01       		.byte	0x1
 733 0264 EF01     		.2byte	0x1ef
 734 0266 00000000 		.4byte	.LFB5
 735 026a 8C000000 		.4byte	.LFE5-.LFB5
 736 026e 01       		.uleb128 0x1
 737 026f 9C       		.byte	0x9c
 738 0270 82020000 		.4byte	0x282
 739 0274 17       		.uleb128 0x17
 740 0275 6900     		.ascii	"i\000"
 741 0277 01       		.byte	0x1
 742 0278 F101     		.2byte	0x1f1
 743 027a 77000000 		.4byte	0x77
 744 027e 02       		.uleb128 0x2
 745 027f 91       		.byte	0x91
 746 0280 74       		.sleb128 -12
 747 0281 00       		.byte	0
 748 0282 18       		.uleb128 0x18
 749 0283 B4000000 		.4byte	.LASF37
 750 0287 01       		.byte	0x1
 751 0288 3E       		.byte	0x3e
 752 0289 77000000 		.4byte	0x77
 753 028d 05       		.uleb128 0x5
 754 028e 03       		.byte	0x3
 755 028f 00000000 		.4byte	cySysNoInitDataValid
 756 0293 19       		.uleb128 0x19
 757 0294 8E020000 		.4byte	.LASF38
 758 0298 04       		.byte	0x4
 759 0299 2D       		.byte	0x2d
 760 029a 6B000000 		.4byte	0x6b
ARM GAS  C:\Users\Bruger\AppData\Local\Temp\ccXxHYqk.s 			page 24


 761 029e 12       		.uleb128 0x12
 762 029f 656E6400 		.ascii	"end\000"
 763 02a3 01       		.byte	0x1
 764 02a4 1401     		.2byte	0x114
 765 02a6 5D000000 		.4byte	0x5d
 766 02aa 1A       		.uleb128 0x1a
 767 02ab BA000000 		.4byte	0xba
 768 02af BA020000 		.4byte	0x2ba
 769 02b3 1B       		.uleb128 0x1b
 770 02b4 D8000000 		.4byte	0xd8
 771 02b8 2F       		.byte	0x2f
 772 02b9 00       		.byte	0
 773 02ba 1C       		.uleb128 0x1c
 774 02bb 0D000000 		.4byte	.LASF39
 775 02bf 01       		.byte	0x1
 776 02c0 4C       		.byte	0x4c
 777 02c1 AA020000 		.4byte	0x2aa
 778 02c5 05       		.uleb128 0x5
 779 02c6 03       		.byte	0x3
 780 02c7 00000000 		.4byte	CyRamVectors
 781 02cb 1A       		.uleb128 0x1a
 782 02cc F1000000 		.4byte	0xf1
 783 02d0 D6020000 		.4byte	0x2d6
 784 02d4 1D       		.uleb128 0x1d
 785 02d5 00       		.byte	0
 786 02d6 19       		.uleb128 0x19
 787 02d7 BA020000 		.4byte	.LASF40
 788 02db 01       		.byte	0x1
 789 02dc D9       		.byte	0xd9
 790 02dd E1020000 		.4byte	0x2e1
 791 02e1 0A       		.uleb128 0xa
 792 02e2 CB020000 		.4byte	0x2cb
 793 02e6 19       		.uleb128 0x19
 794 02e7 47000000 		.4byte	.LASF41
 795 02eb 01       		.byte	0x1
 796 02ec DA       		.byte	0xda
 797 02ed E1000000 		.4byte	0xe1
 798 02f1 1A       		.uleb128 0x1a
 799 02f2 BA000000 		.4byte	0xba
 800 02f6 01030000 		.4byte	0x301
 801 02fa 1B       		.uleb128 0x1b
 802 02fb D8000000 		.4byte	0xd8
 803 02ff 03       		.byte	0x3
 804 0300 00       		.byte	0
 805 0301 1E       		.uleb128 0x1e
 806 0302 97000000 		.4byte	.LASF42
 807 0306 01       		.byte	0x1
 808 0307 CC01     		.2byte	0x1cc
 809 0309 13030000 		.4byte	0x313
 810 030d 05       		.uleb128 0x5
 811 030e 03       		.byte	0x3
 812 030f 00000000 		.4byte	RomVectors
 813 0313 0A       		.uleb128 0xa
 814 0314 F1020000 		.4byte	0x2f1
 815 0318 00       		.byte	0
 816              		.section	.debug_abbrev,"",%progbits
 817              	.Ldebug_abbrev0:
ARM GAS  C:\Users\Bruger\AppData\Local\Temp\ccXxHYqk.s 			page 25


 818 0000 01       		.uleb128 0x1
 819 0001 11       		.uleb128 0x11
 820 0002 01       		.byte	0x1
 821 0003 25       		.uleb128 0x25
 822 0004 0E       		.uleb128 0xe
 823 0005 13       		.uleb128 0x13
 824 0006 0B       		.uleb128 0xb
 825 0007 03       		.uleb128 0x3
 826 0008 0E       		.uleb128 0xe
 827 0009 1B       		.uleb128 0x1b
 828 000a 0E       		.uleb128 0xe
 829 000b 55       		.uleb128 0x55
 830 000c 17       		.uleb128 0x17
 831 000d 11       		.uleb128 0x11
 832 000e 01       		.uleb128 0x1
 833 000f 10       		.uleb128 0x10
 834 0010 17       		.uleb128 0x17
 835 0011 00       		.byte	0
 836 0012 00       		.byte	0
 837 0013 02       		.uleb128 0x2
 838 0014 24       		.uleb128 0x24
 839 0015 00       		.byte	0
 840 0016 0B       		.uleb128 0xb
 841 0017 0B       		.uleb128 0xb
 842 0018 3E       		.uleb128 0x3e
 843 0019 0B       		.uleb128 0xb
 844 001a 03       		.uleb128 0x3
 845 001b 0E       		.uleb128 0xe
 846 001c 00       		.byte	0
 847 001d 00       		.byte	0
 848 001e 03       		.uleb128 0x3
 849 001f 24       		.uleb128 0x24
 850 0020 00       		.byte	0
 851 0021 0B       		.uleb128 0xb
 852 0022 0B       		.uleb128 0xb
 853 0023 3E       		.uleb128 0x3e
 854 0024 0B       		.uleb128 0xb
 855 0025 03       		.uleb128 0x3
 856 0026 08       		.uleb128 0x8
 857 0027 00       		.byte	0
 858 0028 00       		.byte	0
 859 0029 04       		.uleb128 0x4
 860 002a 16       		.uleb128 0x16
 861 002b 00       		.byte	0
 862 002c 03       		.uleb128 0x3
 863 002d 0E       		.uleb128 0xe
 864 002e 3A       		.uleb128 0x3a
 865 002f 0B       		.uleb128 0xb
 866 0030 3B       		.uleb128 0x3b
 867 0031 05       		.uleb128 0x5
 868 0032 49       		.uleb128 0x49
 869 0033 13       		.uleb128 0x13
 870 0034 00       		.byte	0
 871 0035 00       		.byte	0
 872 0036 05       		.uleb128 0x5
 873 0037 35       		.uleb128 0x35
 874 0038 00       		.byte	0
ARM GAS  C:\Users\Bruger\AppData\Local\Temp\ccXxHYqk.s 			page 26


 875 0039 49       		.uleb128 0x49
 876 003a 13       		.uleb128 0x13
 877 003b 00       		.byte	0
 878 003c 00       		.byte	0
 879 003d 06       		.uleb128 0x6
 880 003e 0F       		.uleb128 0xf
 881 003f 00       		.byte	0
 882 0040 0B       		.uleb128 0xb
 883 0041 0B       		.uleb128 0xb
 884 0042 49       		.uleb128 0x49
 885 0043 13       		.uleb128 0x13
 886 0044 00       		.byte	0
 887 0045 00       		.byte	0
 888 0046 07       		.uleb128 0x7
 889 0047 15       		.uleb128 0x15
 890 0048 00       		.byte	0
 891 0049 27       		.uleb128 0x27
 892 004a 19       		.uleb128 0x19
 893 004b 00       		.byte	0
 894 004c 00       		.byte	0
 895 004d 08       		.uleb128 0x8
 896 004e 16       		.uleb128 0x16
 897 004f 00       		.byte	0
 898 0050 03       		.uleb128 0x3
 899 0051 0E       		.uleb128 0xe
 900 0052 3A       		.uleb128 0x3a
 901 0053 0B       		.uleb128 0xb
 902 0054 3B       		.uleb128 0x3b
 903 0055 0B       		.uleb128 0xb
 904 0056 49       		.uleb128 0x49
 905 0057 13       		.uleb128 0x13
 906 0058 00       		.byte	0
 907 0059 00       		.byte	0
 908 005a 09       		.uleb128 0x9
 909 005b 0F       		.uleb128 0xf
 910 005c 00       		.byte	0
 911 005d 0B       		.uleb128 0xb
 912 005e 0B       		.uleb128 0xb
 913 005f 00       		.byte	0
 914 0060 00       		.byte	0
 915 0061 0A       		.uleb128 0xa
 916 0062 26       		.uleb128 0x26
 917 0063 00       		.byte	0
 918 0064 49       		.uleb128 0x49
 919 0065 13       		.uleb128 0x13
 920 0066 00       		.byte	0
 921 0067 00       		.byte	0
 922 0068 0B       		.uleb128 0xb
 923 0069 13       		.uleb128 0x13
 924 006a 01       		.byte	0x1
 925 006b 03       		.uleb128 0x3
 926 006c 0E       		.uleb128 0xe
 927 006d 0B       		.uleb128 0xb
 928 006e 0B       		.uleb128 0xb
 929 006f 3A       		.uleb128 0x3a
 930 0070 0B       		.uleb128 0xb
 931 0071 3B       		.uleb128 0x3b
ARM GAS  C:\Users\Bruger\AppData\Local\Temp\ccXxHYqk.s 			page 27


 932 0072 0B       		.uleb128 0xb
 933 0073 01       		.uleb128 0x1
 934 0074 13       		.uleb128 0x13
 935 0075 00       		.byte	0
 936 0076 00       		.byte	0
 937 0077 0C       		.uleb128 0xc
 938 0078 0D       		.uleb128 0xd
 939 0079 00       		.byte	0
 940 007a 03       		.uleb128 0x3
 941 007b 0E       		.uleb128 0xe
 942 007c 3A       		.uleb128 0x3a
 943 007d 0B       		.uleb128 0xb
 944 007e 3B       		.uleb128 0x3b
 945 007f 0B       		.uleb128 0xb
 946 0080 49       		.uleb128 0x49
 947 0081 13       		.uleb128 0x13
 948 0082 38       		.uleb128 0x38
 949 0083 0B       		.uleb128 0xb
 950 0084 00       		.byte	0
 951 0085 00       		.byte	0
 952 0086 0D       		.uleb128 0xd
 953 0087 2E       		.uleb128 0x2e
 954 0088 00       		.byte	0
 955 0089 3F       		.uleb128 0x3f
 956 008a 19       		.uleb128 0x19
 957 008b 03       		.uleb128 0x3
 958 008c 0E       		.uleb128 0xe
 959 008d 3A       		.uleb128 0x3a
 960 008e 0B       		.uleb128 0xb
 961 008f 3B       		.uleb128 0x3b
 962 0090 0B       		.uleb128 0xb
 963 0091 27       		.uleb128 0x27
 964 0092 19       		.uleb128 0x19
 965 0093 11       		.uleb128 0x11
 966 0094 01       		.uleb128 0x1
 967 0095 12       		.uleb128 0x12
 968 0096 06       		.uleb128 0x6
 969 0097 40       		.uleb128 0x40
 970 0098 18       		.uleb128 0x18
 971 0099 9742     		.uleb128 0x2117
 972 009b 19       		.uleb128 0x19
 973 009c 00       		.byte	0
 974 009d 00       		.byte	0
 975 009e 0E       		.uleb128 0xe
 976 009f 2E       		.uleb128 0x2e
 977 00a0 01       		.byte	0x1
 978 00a1 3F       		.uleb128 0x3f
 979 00a2 19       		.uleb128 0x19
 980 00a3 03       		.uleb128 0x3
 981 00a4 0E       		.uleb128 0xe
 982 00a5 3A       		.uleb128 0x3a
 983 00a6 0B       		.uleb128 0xb
 984 00a7 3B       		.uleb128 0x3b
 985 00a8 0B       		.uleb128 0xb
 986 00a9 27       		.uleb128 0x27
 987 00aa 19       		.uleb128 0x19
 988 00ab 11       		.uleb128 0x11
ARM GAS  C:\Users\Bruger\AppData\Local\Temp\ccXxHYqk.s 			page 28


 989 00ac 01       		.uleb128 0x1
 990 00ad 12       		.uleb128 0x12
 991 00ae 06       		.uleb128 0x6
 992 00af 40       		.uleb128 0x40
 993 00b0 18       		.uleb128 0x18
 994 00b1 9642     		.uleb128 0x2116
 995 00b3 19       		.uleb128 0x19
 996 00b4 01       		.uleb128 0x1
 997 00b5 13       		.uleb128 0x13
 998 00b6 00       		.byte	0
 999 00b7 00       		.byte	0
 1000 00b8 0F       		.uleb128 0xf
 1001 00b9 05       		.uleb128 0x5
 1002 00ba 00       		.byte	0
 1003 00bb 03       		.uleb128 0x3
 1004 00bc 0E       		.uleb128 0xe
 1005 00bd 3A       		.uleb128 0x3a
 1006 00be 0B       		.uleb128 0xb
 1007 00bf 3B       		.uleb128 0x3b
 1008 00c0 0B       		.uleb128 0xb
 1009 00c1 49       		.uleb128 0x49
 1010 00c2 13       		.uleb128 0x13
 1011 00c3 02       		.uleb128 0x2
 1012 00c4 18       		.uleb128 0x18
 1013 00c5 00       		.byte	0
 1014 00c6 00       		.byte	0
 1015 00c7 10       		.uleb128 0x10
 1016 00c8 2E       		.uleb128 0x2e
 1017 00c9 01       		.byte	0x1
 1018 00ca 3F       		.uleb128 0x3f
 1019 00cb 19       		.uleb128 0x19
 1020 00cc 03       		.uleb128 0x3
 1021 00cd 0E       		.uleb128 0xe
 1022 00ce 3A       		.uleb128 0x3a
 1023 00cf 0B       		.uleb128 0xb
 1024 00d0 3B       		.uleb128 0x3b
 1025 00d1 05       		.uleb128 0x5
 1026 00d2 27       		.uleb128 0x27
 1027 00d3 19       		.uleb128 0x19
 1028 00d4 49       		.uleb128 0x49
 1029 00d5 13       		.uleb128 0x13
 1030 00d6 11       		.uleb128 0x11
 1031 00d7 01       		.uleb128 0x1
 1032 00d8 12       		.uleb128 0x12
 1033 00d9 06       		.uleb128 0x6
 1034 00da 40       		.uleb128 0x40
 1035 00db 18       		.uleb128 0x18
 1036 00dc 9642     		.uleb128 0x2116
 1037 00de 19       		.uleb128 0x19
 1038 00df 01       		.uleb128 0x1
 1039 00e0 13       		.uleb128 0x13
 1040 00e1 00       		.byte	0
 1041 00e2 00       		.byte	0
 1042 00e3 11       		.uleb128 0x11
 1043 00e4 05       		.uleb128 0x5
 1044 00e5 00       		.byte	0
 1045 00e6 03       		.uleb128 0x3
ARM GAS  C:\Users\Bruger\AppData\Local\Temp\ccXxHYqk.s 			page 29


 1046 00e7 0E       		.uleb128 0xe
 1047 00e8 3A       		.uleb128 0x3a
 1048 00e9 0B       		.uleb128 0xb
 1049 00ea 3B       		.uleb128 0x3b
 1050 00eb 05       		.uleb128 0x5
 1051 00ec 49       		.uleb128 0x49
 1052 00ed 13       		.uleb128 0x13
 1053 00ee 02       		.uleb128 0x2
 1054 00ef 18       		.uleb128 0x18
 1055 00f0 00       		.byte	0
 1056 00f1 00       		.byte	0
 1057 00f2 12       		.uleb128 0x12
 1058 00f3 34       		.uleb128 0x34
 1059 00f4 00       		.byte	0
 1060 00f5 03       		.uleb128 0x3
 1061 00f6 08       		.uleb128 0x8
 1062 00f7 3A       		.uleb128 0x3a
 1063 00f8 0B       		.uleb128 0xb
 1064 00f9 3B       		.uleb128 0x3b
 1065 00fa 05       		.uleb128 0x5
 1066 00fb 49       		.uleb128 0x49
 1067 00fc 13       		.uleb128 0x13
 1068 00fd 3F       		.uleb128 0x3f
 1069 00fe 19       		.uleb128 0x19
 1070 00ff 3C       		.uleb128 0x3c
 1071 0100 19       		.uleb128 0x19
 1072 0101 00       		.byte	0
 1073 0102 00       		.byte	0
 1074 0103 13       		.uleb128 0x13
 1075 0104 34       		.uleb128 0x34
 1076 0105 00       		.byte	0
 1077 0106 03       		.uleb128 0x3
 1078 0107 0E       		.uleb128 0xe
 1079 0108 3A       		.uleb128 0x3a
 1080 0109 0B       		.uleb128 0xb
 1081 010a 3B       		.uleb128 0x3b
 1082 010b 05       		.uleb128 0x5
 1083 010c 49       		.uleb128 0x49
 1084 010d 13       		.uleb128 0x13
 1085 010e 02       		.uleb128 0x2
 1086 010f 18       		.uleb128 0x18
 1087 0110 00       		.byte	0
 1088 0111 00       		.byte	0
 1089 0112 14       		.uleb128 0x14
 1090 0113 2E       		.uleb128 0x2e
 1091 0114 00       		.byte	0
 1092 0115 3F       		.uleb128 0x3f
 1093 0116 19       		.uleb128 0x19
 1094 0117 03       		.uleb128 0x3
 1095 0118 0E       		.uleb128 0xe
 1096 0119 3A       		.uleb128 0x3a
 1097 011a 0B       		.uleb128 0xb
 1098 011b 3B       		.uleb128 0x3b
 1099 011c 05       		.uleb128 0x5
 1100 011d 27       		.uleb128 0x27
 1101 011e 19       		.uleb128 0x19
 1102 011f 11       		.uleb128 0x11
ARM GAS  C:\Users\Bruger\AppData\Local\Temp\ccXxHYqk.s 			page 30


 1103 0120 01       		.uleb128 0x1
 1104 0121 12       		.uleb128 0x12
 1105 0122 06       		.uleb128 0x6
 1106 0123 40       		.uleb128 0x40
 1107 0124 18       		.uleb128 0x18
 1108 0125 9642     		.uleb128 0x2116
 1109 0127 19       		.uleb128 0x19
 1110 0128 00       		.byte	0
 1111 0129 00       		.byte	0
 1112 012a 15       		.uleb128 0x15
 1113 012b 2E       		.uleb128 0x2e
 1114 012c 01       		.byte	0x1
 1115 012d 3F       		.uleb128 0x3f
 1116 012e 19       		.uleb128 0x19
 1117 012f 03       		.uleb128 0x3
 1118 0130 0E       		.uleb128 0xe
 1119 0131 3A       		.uleb128 0x3a
 1120 0132 0B       		.uleb128 0xb
 1121 0133 3B       		.uleb128 0x3b
 1122 0134 05       		.uleb128 0x5
 1123 0135 27       		.uleb128 0x27
 1124 0136 19       		.uleb128 0x19
 1125 0137 11       		.uleb128 0x11
 1126 0138 01       		.uleb128 0x1
 1127 0139 12       		.uleb128 0x12
 1128 013a 06       		.uleb128 0x6
 1129 013b 40       		.uleb128 0x40
 1130 013c 18       		.uleb128 0x18
 1131 013d 9642     		.uleb128 0x2116
 1132 013f 19       		.uleb128 0x19
 1133 0140 01       		.uleb128 0x1
 1134 0141 13       		.uleb128 0x13
 1135 0142 00       		.byte	0
 1136 0143 00       		.byte	0
 1137 0144 16       		.uleb128 0x16
 1138 0145 0B       		.uleb128 0xb
 1139 0146 01       		.byte	0x1
 1140 0147 11       		.uleb128 0x11
 1141 0148 01       		.uleb128 0x1
 1142 0149 12       		.uleb128 0x12
 1143 014a 06       		.uleb128 0x6
 1144 014b 00       		.byte	0
 1145 014c 00       		.byte	0
 1146 014d 17       		.uleb128 0x17
 1147 014e 34       		.uleb128 0x34
 1148 014f 00       		.byte	0
 1149 0150 03       		.uleb128 0x3
 1150 0151 08       		.uleb128 0x8
 1151 0152 3A       		.uleb128 0x3a
 1152 0153 0B       		.uleb128 0xb
 1153 0154 3B       		.uleb128 0x3b
 1154 0155 05       		.uleb128 0x5
 1155 0156 49       		.uleb128 0x49
 1156 0157 13       		.uleb128 0x13
 1157 0158 02       		.uleb128 0x2
 1158 0159 18       		.uleb128 0x18
 1159 015a 00       		.byte	0
ARM GAS  C:\Users\Bruger\AppData\Local\Temp\ccXxHYqk.s 			page 31


 1160 015b 00       		.byte	0
 1161 015c 18       		.uleb128 0x18
 1162 015d 34       		.uleb128 0x34
 1163 015e 00       		.byte	0
 1164 015f 03       		.uleb128 0x3
 1165 0160 0E       		.uleb128 0xe
 1166 0161 3A       		.uleb128 0x3a
 1167 0162 0B       		.uleb128 0xb
 1168 0163 3B       		.uleb128 0x3b
 1169 0164 0B       		.uleb128 0xb
 1170 0165 49       		.uleb128 0x49
 1171 0166 13       		.uleb128 0x13
 1172 0167 02       		.uleb128 0x2
 1173 0168 18       		.uleb128 0x18
 1174 0169 00       		.byte	0
 1175 016a 00       		.byte	0
 1176 016b 19       		.uleb128 0x19
 1177 016c 34       		.uleb128 0x34
 1178 016d 00       		.byte	0
 1179 016e 03       		.uleb128 0x3
 1180 016f 0E       		.uleb128 0xe
 1181 0170 3A       		.uleb128 0x3a
 1182 0171 0B       		.uleb128 0xb
 1183 0172 3B       		.uleb128 0x3b
 1184 0173 0B       		.uleb128 0xb
 1185 0174 49       		.uleb128 0x49
 1186 0175 13       		.uleb128 0x13
 1187 0176 3F       		.uleb128 0x3f
 1188 0177 19       		.uleb128 0x19
 1189 0178 3C       		.uleb128 0x3c
 1190 0179 19       		.uleb128 0x19
 1191 017a 00       		.byte	0
 1192 017b 00       		.byte	0
 1193 017c 1A       		.uleb128 0x1a
 1194 017d 01       		.uleb128 0x1
 1195 017e 01       		.byte	0x1
 1196 017f 49       		.uleb128 0x49
 1197 0180 13       		.uleb128 0x13
 1198 0181 01       		.uleb128 0x1
 1199 0182 13       		.uleb128 0x13
 1200 0183 00       		.byte	0
 1201 0184 00       		.byte	0
 1202 0185 1B       		.uleb128 0x1b
 1203 0186 21       		.uleb128 0x21
 1204 0187 00       		.byte	0
 1205 0188 49       		.uleb128 0x49
 1206 0189 13       		.uleb128 0x13
 1207 018a 2F       		.uleb128 0x2f
 1208 018b 0B       		.uleb128 0xb
 1209 018c 00       		.byte	0
 1210 018d 00       		.byte	0
 1211 018e 1C       		.uleb128 0x1c
 1212 018f 34       		.uleb128 0x34
 1213 0190 00       		.byte	0
 1214 0191 03       		.uleb128 0x3
 1215 0192 0E       		.uleb128 0xe
 1216 0193 3A       		.uleb128 0x3a
ARM GAS  C:\Users\Bruger\AppData\Local\Temp\ccXxHYqk.s 			page 32


 1217 0194 0B       		.uleb128 0xb
 1218 0195 3B       		.uleb128 0x3b
 1219 0196 0B       		.uleb128 0xb
 1220 0197 49       		.uleb128 0x49
 1221 0198 13       		.uleb128 0x13
 1222 0199 3F       		.uleb128 0x3f
 1223 019a 19       		.uleb128 0x19
 1224 019b 02       		.uleb128 0x2
 1225 019c 18       		.uleb128 0x18
 1226 019d 00       		.byte	0
 1227 019e 00       		.byte	0
 1228 019f 1D       		.uleb128 0x1d
 1229 01a0 21       		.uleb128 0x21
 1230 01a1 00       		.byte	0
 1231 01a2 00       		.byte	0
 1232 01a3 00       		.byte	0
 1233 01a4 1E       		.uleb128 0x1e
 1234 01a5 34       		.uleb128 0x34
 1235 01a6 00       		.byte	0
 1236 01a7 03       		.uleb128 0x3
 1237 01a8 0E       		.uleb128 0xe
 1238 01a9 3A       		.uleb128 0x3a
 1239 01aa 0B       		.uleb128 0xb
 1240 01ab 3B       		.uleb128 0x3b
 1241 01ac 05       		.uleb128 0x5
 1242 01ad 49       		.uleb128 0x49
 1243 01ae 13       		.uleb128 0x13
 1244 01af 3F       		.uleb128 0x3f
 1245 01b0 19       		.uleb128 0x19
 1246 01b1 02       		.uleb128 0x2
 1247 01b2 18       		.uleb128 0x18
 1248 01b3 00       		.byte	0
 1249 01b4 00       		.byte	0
 1250 01b5 00       		.byte	0
 1251              		.section	.debug_aranges,"",%progbits
 1252 0000 44000000 		.4byte	0x44
 1253 0004 0200     		.2byte	0x2
 1254 0006 00000000 		.4byte	.Ldebug_info0
 1255 000a 04       		.byte	0x4
 1256 000b 00       		.byte	0
 1257 000c 0000     		.2byte	0
 1258 000e 0000     		.2byte	0
 1259 0010 00000000 		.4byte	.LFB0
 1260 0014 06000000 		.4byte	.LFE0-.LFB0
 1261 0018 00000000 		.4byte	.LFB1
 1262 001c 14000000 		.4byte	.LFE1-.LFB1
 1263 0020 00000000 		.4byte	.LFB2
 1264 0024 54000000 		.4byte	.LFE2-.LFB2
 1265 0028 00000000 		.4byte	.LFB3
 1266 002c 08000000 		.4byte	.LFE3-.LFB3
 1267 0030 00000000 		.4byte	.LFB4
 1268 0034 98000000 		.4byte	.LFE4-.LFB4
 1269 0038 00000000 		.4byte	.LFB5
 1270 003c 8C000000 		.4byte	.LFE5-.LFB5
 1271 0040 00000000 		.4byte	0
 1272 0044 00000000 		.4byte	0
 1273              		.section	.debug_ranges,"",%progbits
ARM GAS  C:\Users\Bruger\AppData\Local\Temp\ccXxHYqk.s 			page 33


 1274              	.Ldebug_ranges0:
 1275 0000 00000000 		.4byte	.LFB0
 1276 0004 06000000 		.4byte	.LFE0
 1277 0008 00000000 		.4byte	.LFB1
 1278 000c 14000000 		.4byte	.LFE1
 1279 0010 00000000 		.4byte	.LFB2
 1280 0014 54000000 		.4byte	.LFE2
 1281 0018 00000000 		.4byte	.LFB3
 1282 001c 08000000 		.4byte	.LFE3
 1283 0020 00000000 		.4byte	.LFB4
 1284 0024 98000000 		.4byte	.LFE4
 1285 0028 00000000 		.4byte	.LFB5
 1286 002c 8C000000 		.4byte	.LFE5
 1287 0030 00000000 		.4byte	0
 1288 0034 00000000 		.4byte	0
 1289              		.section	.debug_line,"",%progbits
 1290              	.Ldebug_line0:
 1291 0000 CF010000 		.section	.debug_str,"MS",%progbits,1
 1291      0200D200 
 1291      00000201 
 1291      FB0E0D00 
 1291      01010101 
 1292              	.LASF15:
 1293 0000 72656733 		.ascii	"reg32\000"
 1293      3200
 1294              	.LASF17:
 1295 0006 73697A65 		.ascii	"size_t\000"
 1295      5F7400
 1296              	.LASF39:
 1297 000d 43795261 		.ascii	"CyRamVectors\000"
 1297      6D566563 
 1297      746F7273 
 1297      00
 1298              	.LASF31:
 1299 001a 53746172 		.ascii	"Start_c\000"
 1299      745F6300 
 1300              	.LASF35:
 1301 0022 636F756E 		.ascii	"count\000"
 1301      7400
 1302              	.LASF27:
 1303 0028 68656170 		.ascii	"heapPointer\000"
 1303      506F696E 
 1303      74657200 
 1304              	.LASF3:
 1305 0034 73686F72 		.ascii	"short unsigned int\000"
 1305      7420756E 
 1305      7369676E 
 1305      65642069 
 1305      6E7400
 1306              	.LASF41:
 1307 0047 5F5F6379 		.ascii	"__cy_region_num\000"
 1307      5F726567 
 1307      696F6E5F 
 1307      6E756D00 
 1308              	.LASF20:
 1309 0057 696E6974 		.ascii	"init\000"
 1309      00
ARM GAS  C:\Users\Bruger\AppData\Local\Temp\ccXxHYqk.s 			page 34


 1310              	.LASF24:
 1311 005c 73746174 		.ascii	"status\000"
 1311      757300
 1312              	.LASF23:
 1313 0063 7A65726F 		.ascii	"zero_size\000"
 1313      5F73697A 
 1313      6500
 1314              	.LASF33:
 1315 006d 72707472 		.ascii	"rptr\000"
 1315      00
 1316              	.LASF11:
 1317 0072 666C6F61 		.ascii	"float\000"
 1317      7400
 1318              	.LASF21:
 1319 0078 64617461 		.ascii	"data\000"
 1319      00
 1320              	.LASF1:
 1321 007d 756E7369 		.ascii	"unsigned char\000"
 1321      676E6564 
 1321      20636861 
 1321      7200
 1322              	.LASF26:
 1323 008b 72657475 		.ascii	"returnValue\000"
 1323      726E5661 
 1323      6C756500 
 1324              	.LASF42:
 1325 0097 526F6D56 		.ascii	"RomVectors\000"
 1325      6563746F 
 1325      727300
 1326              	.LASF5:
 1327 00a2 6C6F6E67 		.ascii	"long unsigned int\000"
 1327      20756E73 
 1327      69676E65 
 1327      6420696E 
 1327      7400
 1328              	.LASF37:
 1329 00b4 63795379 		.ascii	"cySysNoInitDataValid\000"
 1329      734E6F49 
 1329      6E697444 
 1329      61746156 
 1329      616C6964 
 1330              	.LASF9:
 1331 00c9 75696E74 		.ascii	"uint8\000"
 1331      3800
 1332              	.LASF29:
 1333 00cf 52657365 		.ascii	"Reset\000"
 1333      7400
 1334              	.LASF30:
 1335 00d5 5F657869 		.ascii	"_exit\000"
 1335      7400
 1336              	.LASF44:
 1337 00db 47656E65 		.ascii	"Generated_Source\\PSoC5\\Cm3Start.c\000"
 1337      72617465 
 1337      645F536F 
 1337      75726365 
 1337      5C50536F 
 1338              	.LASF47:
ARM GAS  C:\Users\Bruger\AppData\Local\Temp\ccXxHYqk.s 			page 35


 1339 00fd 5F736272 		.ascii	"_sbrk\000"
 1339      6B00
 1340              	.LASF43:
 1341 0103 474E5520 		.ascii	"GNU C 4.9.3 20150303 (release) [ARM/embedded-4_9-br"
 1341      4320342E 
 1341      392E3320 
 1341      32303135 
 1341      30333033 
 1342 0136 616E6368 		.ascii	"anch revision 221220] -mcpu=cortex-m3 -mthumb -g -O"
 1342      20726576 
 1342      6973696F 
 1342      6E203232 
 1342      31323230 
 1343 0169 30202D66 		.ascii	"0 -ffunction-sections -ffat-lto-objects\000"
 1343      66756E63 
 1343      74696F6E 
 1343      2D736563 
 1343      74696F6E 
 1344              	.LASF12:
 1345 0191 646F7562 		.ascii	"double\000"
 1345      6C6500
 1346              	.LASF36:
 1347 0198 696E6974 		.ascii	"initialize_psoc\000"
 1347      69616C69 
 1347      7A655F70 
 1347      736F6300 
 1348              	.LASF10:
 1349 01a8 75696E74 		.ascii	"uint32\000"
 1349      333200
 1350              	.LASF45:
 1351 01af 433A5C55 		.ascii	"C:\\Users\\Bruger\\Desktop\\CODE\\PSOC5\\CY8CKIT-59"
 1351      73657273 
 1351      5C427275 
 1351      6765725C 
 1351      4465736B 
 1352 01dc 2D417264 		.ascii	"-Arduino\\CY8CKIT59_Ardudino-Speeduino.cydsn\000"
 1352      75696E6F 
 1352      5C435938 
 1352      434B4954 
 1352      35395F41 
 1353              	.LASF8:
 1354 0208 756E7369 		.ascii	"unsigned int\000"
 1354      676E6564 
 1354      20696E74 
 1354      00
 1355              	.LASF7:
 1356 0215 6C6F6E67 		.ascii	"long long unsigned int\000"
 1356      206C6F6E 
 1356      6720756E 
 1356      7369676E 
 1356      65642069 
 1357              	.LASF34:
 1358 022c 6C696D69 		.ascii	"limit\000"
 1358      7400
 1359              	.LASF16:
 1360 0232 63796973 		.ascii	"cyisraddress\000"
 1360      72616464 
ARM GAS  C:\Users\Bruger\AppData\Local\Temp\ccXxHYqk.s 			page 36


 1360      72657373 
 1360      00
 1361              	.LASF22:
 1362 023f 696E6974 		.ascii	"init_size\000"
 1362      5F73697A 
 1362      6500
 1363              	.LASF19:
 1364 0249 5F5F6379 		.ascii	"__cy_byte_align8\000"
 1364      5F627974 
 1364      655F616C 
 1364      69676E38 
 1364      00
 1365              	.LASF14:
 1366 025a 72656738 		.ascii	"reg8\000"
 1366      00
 1367              	.LASF18:
 1368 025f 73697A65 		.ascii	"sizetype\000"
 1368      74797065 
 1368      00
 1369              	.LASF6:
 1370 0268 6C6F6E67 		.ascii	"long long int\000"
 1370      206C6F6E 
 1370      6720696E 
 1370      7400
 1371              	.LASF13:
 1372 0276 63686172 		.ascii	"char\000"
 1372      00
 1373              	.LASF2:
 1374 027b 73686F72 		.ascii	"short int\000"
 1374      7420696E 
 1374      7400
 1375              	.LASF4:
 1376 0285 6C6F6E67 		.ascii	"long int\000"
 1376      20696E74 
 1376      00
 1377              	.LASF38:
 1378 028e 43795265 		.ascii	"CyResetStatus\000"
 1378      73657453 
 1378      74617475 
 1378      7300
 1379              	.LASF0:
 1380 029c 7369676E 		.ascii	"signed char\000"
 1380      65642063 
 1380      68617200 
 1381              	.LASF28:
 1382 02a8 496E7444 		.ascii	"IntDefaultHandler\000"
 1382      65666175 
 1382      6C744861 
 1382      6E646C65 
 1382      7200
 1383              	.LASF40:
 1384 02ba 5F5F6379 		.ascii	"__cy_regions\000"
 1384      5F726567 
 1384      696F6E73 
 1384      00
 1385              	.LASF32:
 1386 02c7 72656769 		.ascii	"regions\000"
ARM GAS  C:\Users\Bruger\AppData\Local\Temp\ccXxHYqk.s 			page 37


 1386      6F6E7300 
 1387              	.LASF25:
 1388 02cf 6E627974 		.ascii	"nbytes\000"
 1388      657300
 1389              	.LASF46:
 1390 02d6 5F5F6379 		.ascii	"__cy_region\000"
 1390      5F726567 
 1390      696F6E00 
 1391              		.ident	"GCC: (GNU Tools for ARM Embedded Processors) 4.9.3 20150303 (release) [ARM/embedded-4_9-br
