ARM GAS  C:\Users\Bruger\AppData\Local\Temp\ccJ3gHL2.s 			page 1


   1              		.syntax unified
   2              		.cpu cortex-m3
   3              		.fpu softvfp
   4              		.eabi_attribute 20, 1
   5              		.eabi_attribute 21, 1
   6              		.eabi_attribute 23, 3
   7              		.eabi_attribute 24, 1
   8              		.eabi_attribute 25, 1
   9              		.eabi_attribute 26, 1
  10              		.eabi_attribute 30, 6
  11              		.eabi_attribute 34, 1
  12              		.eabi_attribute 18, 4
  13              		.thumb
  14              		.file	"Em_EEPROM_1.c"
  15              		.text
  16              	.Ltext0:
  17              		.cfi_sections	.debug_frame
  18              		.section	.text.Em_EEPROM_1_Start,"ax",%progbits
  19              		.align	2
  20              		.global	Em_EEPROM_1_Start
  21              		.thumb
  22              		.thumb_func
  23              		.type	Em_EEPROM_1_Start, %function
  24              	Em_EEPROM_1_Start:
  25              	.LFB0:
  26              		.file 1 "Generated_Source\\PSoC5\\Em_EEPROM_1.c"
   1:Generated_Source\PSoC5/Em_EEPROM_1.c **** /*******************************************************************************
   2:Generated_Source\PSoC5/Em_EEPROM_1.c **** * File Name: Em_EEPROM_1.c
   3:Generated_Source\PSoC5/Em_EEPROM_1.c **** * Version 1.10
   4:Generated_Source\PSoC5/Em_EEPROM_1.c **** *
   5:Generated_Source\PSoC5/Em_EEPROM_1.c **** * Description:
   6:Generated_Source\PSoC5/Em_EEPROM_1.c **** *  This file provides the source code to API for the Emulated EEPROM Component.
   7:Generated_Source\PSoC5/Em_EEPROM_1.c **** *
   8:Generated_Source\PSoC5/Em_EEPROM_1.c **** ********************************************************************************
   9:Generated_Source\PSoC5/Em_EEPROM_1.c **** * Copyright 2013, Cypress Semiconductor Corporation.  All rights reserved.
  10:Generated_Source\PSoC5/Em_EEPROM_1.c **** * You may use this file only in accordance with the license, terms, conditions,
  11:Generated_Source\PSoC5/Em_EEPROM_1.c **** * disclaimers, and limitations in the end user license agreement accompanying
  12:Generated_Source\PSoC5/Em_EEPROM_1.c **** * the software package with which this file was provided.
  13:Generated_Source\PSoC5/Em_EEPROM_1.c **** *******************************************************************************/
  14:Generated_Source\PSoC5/Em_EEPROM_1.c **** 
  15:Generated_Source\PSoC5/Em_EEPROM_1.c **** #include "Em_EEPROM_1.h"
  16:Generated_Source\PSoC5/Em_EEPROM_1.c **** 
  17:Generated_Source\PSoC5/Em_EEPROM_1.c **** 
  18:Generated_Source\PSoC5/Em_EEPROM_1.c **** /*******************************************************************************
  19:Generated_Source\PSoC5/Em_EEPROM_1.c **** * Function Name: Em_EEPROM_1_Start
  20:Generated_Source\PSoC5/Em_EEPROM_1.c **** ********************************************************************************
  21:Generated_Source\PSoC5/Em_EEPROM_1.c **** *
  22:Generated_Source\PSoC5/Em_EEPROM_1.c **** * Summary:
  23:Generated_Source\PSoC5/Em_EEPROM_1.c **** *  Empty function. Included for consistency with other
  24:Generated_Source\PSoC5/Em_EEPROM_1.c **** *  components.
  25:Generated_Source\PSoC5/Em_EEPROM_1.c **** *
  26:Generated_Source\PSoC5/Em_EEPROM_1.c **** * Parameters:
  27:Generated_Source\PSoC5/Em_EEPROM_1.c **** *  None
  28:Generated_Source\PSoC5/Em_EEPROM_1.c **** *
  29:Generated_Source\PSoC5/Em_EEPROM_1.c **** * Return:
  30:Generated_Source\PSoC5/Em_EEPROM_1.c **** *  None
  31:Generated_Source\PSoC5/Em_EEPROM_1.c **** *
ARM GAS  C:\Users\Bruger\AppData\Local\Temp\ccJ3gHL2.s 			page 2


  32:Generated_Source\PSoC5/Em_EEPROM_1.c **** *******************************************************************************/
  33:Generated_Source\PSoC5/Em_EEPROM_1.c **** void Em_EEPROM_1_Start(void) 
  34:Generated_Source\PSoC5/Em_EEPROM_1.c **** {
  27              		.loc 1 34 0
  28              		.cfi_startproc
  29              		@ args = 0, pretend = 0, frame = 0
  30              		@ frame_needed = 1, uses_anonymous_args = 0
  31              		@ link register save eliminated.
  32 0000 80B4     		push	{r7}
  33              		.cfi_def_cfa_offset 4
  34              		.cfi_offset 7, -4
  35 0002 00AF     		add	r7, sp, #0
  36              		.cfi_def_cfa_register 7
  35:Generated_Source\PSoC5/Em_EEPROM_1.c **** 
  36:Generated_Source\PSoC5/Em_EEPROM_1.c **** }
  37              		.loc 1 36 0
  38 0004 BD46     		mov	sp, r7
  39              		.cfi_def_cfa_register 13
  40              		@ sp needed
  41 0006 5DF8047B 		ldr	r7, [sp], #4
  42              		.cfi_restore 7
  43              		.cfi_def_cfa_offset 0
  44 000a 7047     		bx	lr
  45              		.cfi_endproc
  46              	.LFE0:
  47              		.size	Em_EEPROM_1_Start, .-Em_EEPROM_1_Start
  48              		.section	.text.Em_EEPROM_1_Stop,"ax",%progbits
  49              		.align	2
  50              		.global	Em_EEPROM_1_Stop
  51              		.thumb
  52              		.thumb_func
  53              		.type	Em_EEPROM_1_Stop, %function
  54              	Em_EEPROM_1_Stop:
  55              	.LFB1:
  37:Generated_Source\PSoC5/Em_EEPROM_1.c **** 
  38:Generated_Source\PSoC5/Em_EEPROM_1.c **** 
  39:Generated_Source\PSoC5/Em_EEPROM_1.c **** /*******************************************************************************
  40:Generated_Source\PSoC5/Em_EEPROM_1.c **** * Function Name: Em_EEPROM_1_Stop
  41:Generated_Source\PSoC5/Em_EEPROM_1.c **** ********************************************************************************
  42:Generated_Source\PSoC5/Em_EEPROM_1.c **** *
  43:Generated_Source\PSoC5/Em_EEPROM_1.c **** * Summary:
  44:Generated_Source\PSoC5/Em_EEPROM_1.c **** *  Empty function. Included for consistency with other
  45:Generated_Source\PSoC5/Em_EEPROM_1.c **** *  components.
  46:Generated_Source\PSoC5/Em_EEPROM_1.c **** *
  47:Generated_Source\PSoC5/Em_EEPROM_1.c **** * Parameters:
  48:Generated_Source\PSoC5/Em_EEPROM_1.c **** *  None
  49:Generated_Source\PSoC5/Em_EEPROM_1.c **** *
  50:Generated_Source\PSoC5/Em_EEPROM_1.c **** * Return:
  51:Generated_Source\PSoC5/Em_EEPROM_1.c **** *  None
  52:Generated_Source\PSoC5/Em_EEPROM_1.c **** *
  53:Generated_Source\PSoC5/Em_EEPROM_1.c **** *******************************************************************************/
  54:Generated_Source\PSoC5/Em_EEPROM_1.c **** void Em_EEPROM_1_Stop(void) 
  55:Generated_Source\PSoC5/Em_EEPROM_1.c **** {
  56              		.loc 1 55 0
  57              		.cfi_startproc
  58              		@ args = 0, pretend = 0, frame = 0
  59              		@ frame_needed = 1, uses_anonymous_args = 0
ARM GAS  C:\Users\Bruger\AppData\Local\Temp\ccJ3gHL2.s 			page 3


  60              		@ link register save eliminated.
  61 0000 80B4     		push	{r7}
  62              		.cfi_def_cfa_offset 4
  63              		.cfi_offset 7, -4
  64 0002 00AF     		add	r7, sp, #0
  65              		.cfi_def_cfa_register 7
  56:Generated_Source\PSoC5/Em_EEPROM_1.c **** 
  57:Generated_Source\PSoC5/Em_EEPROM_1.c **** }
  66              		.loc 1 57 0
  67 0004 BD46     		mov	sp, r7
  68              		.cfi_def_cfa_register 13
  69              		@ sp needed
  70 0006 5DF8047B 		ldr	r7, [sp], #4
  71              		.cfi_restore 7
  72              		.cfi_def_cfa_offset 0
  73 000a 7047     		bx	lr
  74              		.cfi_endproc
  75              	.LFE1:
  76              		.size	Em_EEPROM_1_Stop, .-Em_EEPROM_1_Stop
  77              		.section	.text.Em_EEPROM_1_Write,"ax",%progbits
  78              		.align	2
  79              		.global	Em_EEPROM_1_Write
  80              		.thumb
  81              		.thumb_func
  82              		.type	Em_EEPROM_1_Write, %function
  83              	Em_EEPROM_1_Write:
  84              	.LFB2:
  58:Generated_Source\PSoC5/Em_EEPROM_1.c **** 
  59:Generated_Source\PSoC5/Em_EEPROM_1.c **** 
  60:Generated_Source\PSoC5/Em_EEPROM_1.c **** /*******************************************************************************
  61:Generated_Source\PSoC5/Em_EEPROM_1.c **** * Function Name: Em_EEPROM_1_Write
  62:Generated_Source\PSoC5/Em_EEPROM_1.c **** ********************************************************************************
  63:Generated_Source\PSoC5/Em_EEPROM_1.c **** *
  64:Generated_Source\PSoC5/Em_EEPROM_1.c **** * Summary:
  65:Generated_Source\PSoC5/Em_EEPROM_1.c **** *  Writes the specified number of bytes from the source buffer in SRAM to the
  66:Generated_Source\PSoC5/Em_EEPROM_1.c **** *  emulated EEPROM array in flash, without modifying other data in flash.
  67:Generated_Source\PSoC5/Em_EEPROM_1.c **** *
  68:Generated_Source\PSoC5/Em_EEPROM_1.c **** * Parameters:
  69:Generated_Source\PSoC5/Em_EEPROM_1.c **** *  srcBuf:    Pointer to the SRAM buffer holding the data to write.
  70:Generated_Source\PSoC5/Em_EEPROM_1.c **** *  eepromPtr: Pointer to the array or variable in flash representing
  71:Generated_Source\PSoC5/Em_EEPROM_1.c **** *             the emulated EEPROM.
  72:Generated_Source\PSoC5/Em_EEPROM_1.c **** *  byteCount: Number of bytes to write from srcBuf to eepromPtr.
  73:Generated_Source\PSoC5/Em_EEPROM_1.c **** *
  74:Generated_Source\PSoC5/Em_EEPROM_1.c **** * Return:
  75:Generated_Source\PSoC5/Em_EEPROM_1.c **** *    CYRET_SUCCESS     Successful write.
  76:Generated_Source\PSoC5/Em_EEPROM_1.c **** *    CYRET_BAD_PARAM   eepromPtr is out of range of flash memory.
  77:Generated_Source\PSoC5/Em_EEPROM_1.c **** *    CYRET_UNKNOWN     Other error in writing flash.
  78:Generated_Source\PSoC5/Em_EEPROM_1.c **** *
  79:Generated_Source\PSoC5/Em_EEPROM_1.c **** *******************************************************************************/
  80:Generated_Source\PSoC5/Em_EEPROM_1.c **** #if (CY_PSOC3)
  81:Generated_Source\PSoC5/Em_EEPROM_1.c ****     cystatus Em_EEPROM_1_Write(const uint8 srcBuf[], const uint8 eepromPtr[], uint16 byteCount)
  82:Generated_Source\PSoC5/Em_EEPROM_1.c ****                                                                             
  83:Generated_Source\PSoC5/Em_EEPROM_1.c **** #else
  84:Generated_Source\PSoC5/Em_EEPROM_1.c ****     cystatus Em_EEPROM_1_Write(const uint8 srcBuf[], const uint8 eepromPtr[], uint32 byteCount)
  85:Generated_Source\PSoC5/Em_EEPROM_1.c **** #endif /* (!CY_PSOC3) */
  86:Generated_Source\PSoC5/Em_EEPROM_1.c **** {
  85              		.loc 1 86 0
ARM GAS  C:\Users\Bruger\AppData\Local\Temp\ccJ3gHL2.s 			page 4


  86              		.cfi_startproc
  87              		@ args = 0, pretend = 0, frame = 592
  88              		@ frame_needed = 1, uses_anonymous_args = 0
  89 0000 80B5     		push	{r7, lr}
  90              		.cfi_def_cfa_offset 8
  91              		.cfi_offset 7, -8
  92              		.cfi_offset 14, -4
  93 0002 ADF5147D 		sub	sp, sp, #592
  94              		.cfi_def_cfa_offset 600
  95 0006 00AF     		add	r7, sp, #0
  96              		.cfi_def_cfa_register 7
  97 0008 07F10C03 		add	r3, r7, #12
  98 000c 1860     		str	r0, [r3]
  99 000e 07F10803 		add	r3, r7, #8
 100 0012 1960     		str	r1, [r3]
 101 0014 3B1D     		adds	r3, r7, #4
 102 0016 1A60     		str	r2, [r3]
  87:Generated_Source\PSoC5/Em_EEPROM_1.c ****     uint8 writeBuffer[CY_FLASH_SIZEOF_ROW];
  88:Generated_Source\PSoC5/Em_EEPROM_1.c ****     uint32 arrayId;
  89:Generated_Source\PSoC5/Em_EEPROM_1.c ****     uint32 rowId;
  90:Generated_Source\PSoC5/Em_EEPROM_1.c ****     uint32 dstIndex;
  91:Generated_Source\PSoC5/Em_EEPROM_1.c ****     uint32 srcIndex;
  92:Generated_Source\PSoC5/Em_EEPROM_1.c ****     cystatus rc;
  93:Generated_Source\PSoC5/Em_EEPROM_1.c ****     uint32 eeOffset;
  94:Generated_Source\PSoC5/Em_EEPROM_1.c ****     uint32 byteOffset;
  95:Generated_Source\PSoC5/Em_EEPROM_1.c ****     
  96:Generated_Source\PSoC5/Em_EEPROM_1.c ****     #if (!CY_PSOC4)
  97:Generated_Source\PSoC5/Em_EEPROM_1.c ****         #if (CYDEV_ECC_ENABLE == 0)
  98:Generated_Source\PSoC5/Em_EEPROM_1.c ****             uint8 rowBuffer[CY_FLASH_SIZEOF_ROW + CY_FLASH_SIZEOF_ECC_ROW];
  99:Generated_Source\PSoC5/Em_EEPROM_1.c ****         #endif /* CYDEV_ECC_ENABLE == 0) */
 100:Generated_Source\PSoC5/Em_EEPROM_1.c ****     #endif /* (!CY_PSOC4) */
 101:Generated_Source\PSoC5/Em_EEPROM_1.c **** 
 102:Generated_Source\PSoC5/Em_EEPROM_1.c ****     eeOffset = (uint32)eepromPtr;
 103              		.loc 1 102 0
 104 0018 07F10803 		add	r3, r7, #8
 105 001c 1B68     		ldr	r3, [r3]
 106 001e C7F83432 		str	r3, [r7, #564]
 103:Generated_Source\PSoC5/Em_EEPROM_1.c ****     #if (CY_PSOC3)
 104:Generated_Source\PSoC5/Em_EEPROM_1.c ****         eeOffset &= Em_EEPROM_1_CODE_ADDR_MASK;
 105:Generated_Source\PSoC5/Em_EEPROM_1.c ****     #endif /* (CY_PSOC3) */
 106:Generated_Source\PSoC5/Em_EEPROM_1.c **** 
 107:Generated_Source\PSoC5/Em_EEPROM_1.c ****     /* Make sure, that eepromPtr[] points to ROM */
 108:Generated_Source\PSoC5/Em_EEPROM_1.c ****     #if (CY_PSOC3)
 109:Generated_Source\PSoC5/Em_EEPROM_1.c ****         if (((uint32)eepromPtr >= Em_EEPROM_1_CODE_ADDR_OFFSET) &&
 110:Generated_Source\PSoC5/Em_EEPROM_1.c ****             (((uint32)eepromPtr + byteCount) <= Em_EEPROM_1_CODE_ADDR_END))
 111:Generated_Source\PSoC5/Em_EEPROM_1.c ****     #else
 112:Generated_Source\PSoC5/Em_EEPROM_1.c ****         if (((uint32)eepromPtr + byteCount) < Em_EEPROM_1_FLASH_END_ADDR)
 107              		.loc 1 112 0
 108 0022 07F10803 		add	r3, r7, #8
 109 0026 1A68     		ldr	r2, [r3]
 110 0028 3B1D     		adds	r3, r7, #4
 111 002a 1B68     		ldr	r3, [r3]
 112 002c 1344     		add	r3, r3, r2
 113 002e B3F5802F 		cmp	r3, #262144
 114 0032 80F08C80 		bcs	.L4
 113:Generated_Source\PSoC5/Em_EEPROM_1.c ****     #endif /* (CY_PSOC3) */
 114:Generated_Source\PSoC5/Em_EEPROM_1.c ****     {
ARM GAS  C:\Users\Bruger\AppData\Local\Temp\ccJ3gHL2.s 			page 5


 115:Generated_Source\PSoC5/Em_EEPROM_1.c ****         #if (!CY_PSOC4)
 116:Generated_Source\PSoC5/Em_EEPROM_1.c ****             (void)CySetTemp();
 115              		.loc 1 116 0
 116 0036 FFF7FEFF 		bl	CySetTemp
 117:Generated_Source\PSoC5/Em_EEPROM_1.c **** 
 118:Generated_Source\PSoC5/Em_EEPROM_1.c ****             #if(CYDEV_ECC_ENABLE == 0)
 119:Generated_Source\PSoC5/Em_EEPROM_1.c ****                 (void)CySetFlashEEBuffer(rowBuffer);
 117              		.loc 1 119 0
 118 003a 07F11403 		add	r3, r7, #20
 119 003e 1846     		mov	r0, r3
 120 0040 FFF7FEFF 		bl	CySetFlashEEBuffer
 120:Generated_Source\PSoC5/Em_EEPROM_1.c ****             #endif
 121:Generated_Source\PSoC5/Em_EEPROM_1.c ****         #endif /* (!CY_PSOC4) */
 122:Generated_Source\PSoC5/Em_EEPROM_1.c **** 
 123:Generated_Source\PSoC5/Em_EEPROM_1.c ****         arrayId = eeOffset / CY_FLASH_SIZEOF_ARRAY;
 121              		.loc 1 123 0
 122 0044 D7F83432 		ldr	r3, [r7, #564]
 123 0048 1B0C     		lsrs	r3, r3, #16
 124 004a C7F84C32 		str	r3, [r7, #588]
 124:Generated_Source\PSoC5/Em_EEPROM_1.c ****         rowId = (eeOffset / CY_FLASH_SIZEOF_ROW) % Em_EEPROM_1_ROWS_IN_ARRAY;
 125              		.loc 1 124 0
 126 004e D7F83432 		ldr	r3, [r7, #564]
 127 0052 1B0A     		lsrs	r3, r3, #8
 128 0054 DBB2     		uxtb	r3, r3
 129 0056 C7F84832 		str	r3, [r7, #584]
 125:Generated_Source\PSoC5/Em_EEPROM_1.c ****         byteOffset = (CY_FLASH_SIZEOF_ARRAY * arrayId) + (CY_FLASH_SIZEOF_ROW * rowId);
 130              		.loc 1 125 0
 131 005a D7F84C32 		ldr	r3, [r7, #588]
 132 005e 1A02     		lsls	r2, r3, #8
 133 0060 D7F84832 		ldr	r3, [r7, #584]
 134 0064 1344     		add	r3, r3, r2
 135 0066 1B02     		lsls	r3, r3, #8
 136 0068 C7F83832 		str	r3, [r7, #568]
 126:Generated_Source\PSoC5/Em_EEPROM_1.c ****         srcIndex = 0u;
 137              		.loc 1 126 0
 138 006c 0023     		movs	r3, #0
 139 006e C7F84032 		str	r3, [r7, #576]
 127:Generated_Source\PSoC5/Em_EEPROM_1.c **** 
 128:Generated_Source\PSoC5/Em_EEPROM_1.c ****         rc = CYRET_SUCCESS;
 140              		.loc 1 128 0
 141 0072 0023     		movs	r3, #0
 142 0074 C7F83C32 		str	r3, [r7, #572]
 129:Generated_Source\PSoC5/Em_EEPROM_1.c **** 
 130:Generated_Source\PSoC5/Em_EEPROM_1.c ****         while ((srcIndex < byteCount) && (CYRET_SUCCESS == rc))
 143              		.loc 1 130 0
 144 0078 5CE0     		b	.L5
 145              	.L11:
 131:Generated_Source\PSoC5/Em_EEPROM_1.c ****         {
 132:Generated_Source\PSoC5/Em_EEPROM_1.c ****             /* Copy data to the write buffer either from the source buffer or from the flash */
 133:Generated_Source\PSoC5/Em_EEPROM_1.c ****             for (dstIndex = 0u; dstIndex < CY_FLASH_SIZEOF_ROW; dstIndex++)
 146              		.loc 1 133 0
 147 007a 0023     		movs	r3, #0
 148 007c C7F84432 		str	r3, [r7, #580]
 149 0080 34E0     		b	.L6
 150              	.L9:
 134:Generated_Source\PSoC5/Em_EEPROM_1.c ****             {
 135:Generated_Source\PSoC5/Em_EEPROM_1.c ****                 if ((byteOffset >= eeOffset) && (srcIndex < byteCount))
ARM GAS  C:\Users\Bruger\AppData\Local\Temp\ccJ3gHL2.s 			page 6


 151              		.loc 1 135 0
 152 0082 D7F83822 		ldr	r2, [r7, #568]
 153 0086 D7F83432 		ldr	r3, [r7, #564]
 154 008a 9A42     		cmp	r2, r3
 155 008c 19D3     		bcc	.L7
 156              		.loc 1 135 0 is_stmt 0 discriminator 1
 157 008e 3B1D     		adds	r3, r7, #4
 158 0090 D7F84022 		ldr	r2, [r7, #576]
 159 0094 1B68     		ldr	r3, [r3]
 160 0096 9A42     		cmp	r2, r3
 161 0098 13D2     		bcs	.L7
 136:Generated_Source\PSoC5/Em_EEPROM_1.c ****                 {
 137:Generated_Source\PSoC5/Em_EEPROM_1.c ****                     writeBuffer[dstIndex] = srcBuf[srcIndex];
 162              		.loc 1 137 0 is_stmt 1
 163 009a 07F10C03 		add	r3, r7, #12
 164 009e 1A68     		ldr	r2, [r3]
 165 00a0 D7F84032 		ldr	r3, [r7, #576]
 166 00a4 1344     		add	r3, r3, r2
 167 00a6 1978     		ldrb	r1, [r3]	@ zero_extendqisi2
 168 00a8 07F59A72 		add	r2, r7, #308
 169 00ac D7F84432 		ldr	r3, [r7, #580]
 170 00b0 1344     		add	r3, r3, r2
 171 00b2 0A46     		mov	r2, r1
 172 00b4 1A70     		strb	r2, [r3]
 138:Generated_Source\PSoC5/Em_EEPROM_1.c ****                     srcIndex++;
 173              		.loc 1 138 0
 174 00b6 D7F84032 		ldr	r3, [r7, #576]
 175 00ba 0133     		adds	r3, r3, #1
 176 00bc C7F84032 		str	r3, [r7, #576]
 177 00c0 0AE0     		b	.L8
 178              	.L7:
 139:Generated_Source\PSoC5/Em_EEPROM_1.c ****                 }
 140:Generated_Source\PSoC5/Em_EEPROM_1.c ****                 else
 141:Generated_Source\PSoC5/Em_EEPROM_1.c ****                 {
 142:Generated_Source\PSoC5/Em_EEPROM_1.c ****                     writeBuffer[dstIndex] = CY_GET_XTND_REG8(CYDEV_FLASH_BASE + byteOffset);
 179              		.loc 1 142 0
 180 00c2 D7F83832 		ldr	r3, [r7, #568]
 181 00c6 1B78     		ldrb	r3, [r3]
 182 00c8 D9B2     		uxtb	r1, r3
 183 00ca 07F59A72 		add	r2, r7, #308
 184 00ce D7F84432 		ldr	r3, [r7, #580]
 185 00d2 1344     		add	r3, r3, r2
 186 00d4 0A46     		mov	r2, r1
 187 00d6 1A70     		strb	r2, [r3]
 188              	.L8:
 143:Generated_Source\PSoC5/Em_EEPROM_1.c ****                 }
 144:Generated_Source\PSoC5/Em_EEPROM_1.c ****                 byteOffset++;
 189              		.loc 1 144 0 discriminator 2
 190 00d8 D7F83832 		ldr	r3, [r7, #568]
 191 00dc 0133     		adds	r3, r3, #1
 192 00de C7F83832 		str	r3, [r7, #568]
 133:Generated_Source\PSoC5/Em_EEPROM_1.c ****             {
 193              		.loc 1 133 0 discriminator 2
 194 00e2 D7F84432 		ldr	r3, [r7, #580]
 195 00e6 0133     		adds	r3, r3, #1
 196 00e8 C7F84432 		str	r3, [r7, #580]
 197              	.L6:
ARM GAS  C:\Users\Bruger\AppData\Local\Temp\ccJ3gHL2.s 			page 7


 133:Generated_Source\PSoC5/Em_EEPROM_1.c ****             {
 198              		.loc 1 133 0 is_stmt 0 discriminator 1
 199 00ec D7F84432 		ldr	r3, [r7, #580]
 200 00f0 FF2B     		cmp	r3, #255
 201 00f2 C6D9     		bls	.L9
 145:Generated_Source\PSoC5/Em_EEPROM_1.c ****             }
 146:Generated_Source\PSoC5/Em_EEPROM_1.c **** 
 147:Generated_Source\PSoC5/Em_EEPROM_1.c ****             /* Write flash row */
 148:Generated_Source\PSoC5/Em_EEPROM_1.c ****             #if (CY_PSOC4)
 149:Generated_Source\PSoC5/Em_EEPROM_1.c ****                 rc = CySysFlashWriteRow(rowId, writeBuffer);
 150:Generated_Source\PSoC5/Em_EEPROM_1.c ****             #else
 151:Generated_Source\PSoC5/Em_EEPROM_1.c ****                 rc = CyWriteRowData((uint8)arrayId, (uint16)rowId, writeBuffer);
 202              		.loc 1 151 0 is_stmt 1
 203 00f4 D7F84C32 		ldr	r3, [r7, #588]
 204 00f8 D9B2     		uxtb	r1, r3
 205 00fa D7F84832 		ldr	r3, [r7, #584]
 206 00fe 9AB2     		uxth	r2, r3
 207 0100 07F59A73 		add	r3, r7, #308
 208 0104 0846     		mov	r0, r1
 209 0106 1146     		mov	r1, r2
 210 0108 1A46     		mov	r2, r3
 211 010a FFF7FEFF 		bl	CyWriteRowData
 212 010e C7F83C02 		str	r0, [r7, #572]
 152:Generated_Source\PSoC5/Em_EEPROM_1.c ****             #endif /* (CY_PSOC4) */
 153:Generated_Source\PSoC5/Em_EEPROM_1.c **** 
 154:Generated_Source\PSoC5/Em_EEPROM_1.c ****             /* Go to the next row */
 155:Generated_Source\PSoC5/Em_EEPROM_1.c ****             rowId++;
 213              		.loc 1 155 0
 214 0112 D7F84832 		ldr	r3, [r7, #584]
 215 0116 0133     		adds	r3, r3, #1
 216 0118 C7F84832 		str	r3, [r7, #584]
 156:Generated_Source\PSoC5/Em_EEPROM_1.c ****             #if (CY_FLASH_NUMBER_ARRAYS > 1)
 157:Generated_Source\PSoC5/Em_EEPROM_1.c ****                 if (rowId >= Em_EEPROM_1_ROWS_IN_ARRAY)
 217              		.loc 1 157 0
 218 011c D7F84832 		ldr	r3, [r7, #584]
 219 0120 FF2B     		cmp	r3, #255
 220 0122 07D9     		bls	.L5
 158:Generated_Source\PSoC5/Em_EEPROM_1.c ****                 {
 159:Generated_Source\PSoC5/Em_EEPROM_1.c ****                     arrayId++;
 221              		.loc 1 159 0
 222 0124 D7F84C32 		ldr	r3, [r7, #588]
 223 0128 0133     		adds	r3, r3, #1
 224 012a C7F84C32 		str	r3, [r7, #588]
 160:Generated_Source\PSoC5/Em_EEPROM_1.c ****                     rowId = 0u;
 225              		.loc 1 160 0
 226 012e 0023     		movs	r3, #0
 227 0130 C7F84832 		str	r3, [r7, #584]
 228              	.L5:
 130:Generated_Source\PSoC5/Em_EEPROM_1.c ****         {
 229              		.loc 1 130 0
 230 0134 3B1D     		adds	r3, r7, #4
 231 0136 D7F84022 		ldr	r2, [r7, #576]
 232 013a 1B68     		ldr	r3, [r3]
 233 013c 9A42     		cmp	r2, r3
 234 013e 03D2     		bcs	.L10
 130:Generated_Source\PSoC5/Em_EEPROM_1.c ****         {
 235              		.loc 1 130 0 is_stmt 0 discriminator 1
ARM GAS  C:\Users\Bruger\AppData\Local\Temp\ccJ3gHL2.s 			page 8


 236 0140 D7F83C32 		ldr	r3, [r7, #572]
 237 0144 002B     		cmp	r3, #0
 238 0146 98D0     		beq	.L11
 239              	.L10:
 161:Generated_Source\PSoC5/Em_EEPROM_1.c ****                 }
 162:Generated_Source\PSoC5/Em_EEPROM_1.c ****             #endif /* (CY_FLASH_NUMBER_ARRAYS > 1) */
 163:Generated_Source\PSoC5/Em_EEPROM_1.c ****         }
 164:Generated_Source\PSoC5/Em_EEPROM_1.c **** 
 165:Generated_Source\PSoC5/Em_EEPROM_1.c ****         /* Flush both Cache and PHUB prefetch buffer */
 166:Generated_Source\PSoC5/Em_EEPROM_1.c ****         #if (CY_PSOC5)
 167:Generated_Source\PSoC5/Em_EEPROM_1.c ****             CyFlushCache();
 240              		.loc 1 167 0 is_stmt 1
 241 0148 FFF7FEFF 		bl	CyFlushCache
 242 014c 02E0     		b	.L12
 243              	.L4:
 168:Generated_Source\PSoC5/Em_EEPROM_1.c ****         #elif (CY_PSOC3)
 169:Generated_Source\PSoC5/Em_EEPROM_1.c ****             CY_FLASH_CONTROL_REG |= 6u;
 170:Generated_Source\PSoC5/Em_EEPROM_1.c ****         #endif /* (CY_PSOC5) */
 171:Generated_Source\PSoC5/Em_EEPROM_1.c ****     }
 172:Generated_Source\PSoC5/Em_EEPROM_1.c ****     else
 173:Generated_Source\PSoC5/Em_EEPROM_1.c ****     {
 174:Generated_Source\PSoC5/Em_EEPROM_1.c ****         rc = CYRET_BAD_PARAM;
 244              		.loc 1 174 0
 245 014e 0123     		movs	r3, #1
 246 0150 C7F83C32 		str	r3, [r7, #572]
 247              	.L12:
 175:Generated_Source\PSoC5/Em_EEPROM_1.c ****     }
 176:Generated_Source\PSoC5/Em_EEPROM_1.c **** 
 177:Generated_Source\PSoC5/Em_EEPROM_1.c ****     /* Mask return codes from flash, if they are not supported */
 178:Generated_Source\PSoC5/Em_EEPROM_1.c ****     if ((CYRET_SUCCESS != rc) && (CYRET_BAD_PARAM != rc))
 248              		.loc 1 178 0
 249 0154 D7F83C32 		ldr	r3, [r7, #572]
 250 0158 002B     		cmp	r3, #0
 251 015a 07D0     		beq	.L13
 252              		.loc 1 178 0 is_stmt 0 discriminator 1
 253 015c D7F83C32 		ldr	r3, [r7, #572]
 254 0160 012B     		cmp	r3, #1
 255 0162 03D0     		beq	.L13
 179:Generated_Source\PSoC5/Em_EEPROM_1.c ****     {
 180:Generated_Source\PSoC5/Em_EEPROM_1.c ****         rc = CYRET_UNKNOWN;
 256              		.loc 1 180 0 is_stmt 1
 257 0164 4FF0FF33 		mov	r3, #-1
 258 0168 C7F83C32 		str	r3, [r7, #572]
 259              	.L13:
 181:Generated_Source\PSoC5/Em_EEPROM_1.c ****     }
 182:Generated_Source\PSoC5/Em_EEPROM_1.c ****     
 183:Generated_Source\PSoC5/Em_EEPROM_1.c ****     return (rc);
 260              		.loc 1 183 0
 261 016c D7F83C32 		ldr	r3, [r7, #572]
 184:Generated_Source\PSoC5/Em_EEPROM_1.c **** }
 262              		.loc 1 184 0
 263 0170 1846     		mov	r0, r3
 264 0172 07F51477 		add	r7, r7, #592
 265              		.cfi_def_cfa_offset 8
 266 0176 BD46     		mov	sp, r7
 267              		.cfi_def_cfa_register 13
 268              		@ sp needed
ARM GAS  C:\Users\Bruger\AppData\Local\Temp\ccJ3gHL2.s 			page 9


 269 0178 80BD     		pop	{r7, pc}
 270              		.cfi_endproc
 271              	.LFE2:
 272              		.size	Em_EEPROM_1_Write, .-Em_EEPROM_1_Write
 273 017a 00BF     		.text
 274              	.Letext0:
 275              		.file 2 "Generated_Source\\PSoC5\\cytypes.h"
 276              		.section	.debug_info,"",%progbits
 277              	.Ldebug_info0:
 278 0000 D5010000 		.4byte	0x1d5
 279 0004 0400     		.2byte	0x4
 280 0006 00000000 		.4byte	.Ldebug_abbrev0
 281 000a 04       		.byte	0x4
 282 000b 01       		.uleb128 0x1
 283 000c AA000000 		.4byte	.LASF31
 284 0010 01       		.byte	0x1
 285 0011 12020000 		.4byte	.LASF32
 286 0015 4D010000 		.4byte	.LASF33
 287 0019 00000000 		.4byte	.Ldebug_ranges0+0
 288 001d 00000000 		.4byte	0
 289 0021 00000000 		.4byte	.Ldebug_line0
 290 0025 02       		.uleb128 0x2
 291 0026 01       		.byte	0x1
 292 0027 06       		.byte	0x6
 293 0028 49020000 		.4byte	.LASF0
 294 002c 02       		.uleb128 0x2
 295 002d 01       		.byte	0x1
 296 002e 08       		.byte	0x8
 297 002f 6D000000 		.4byte	.LASF1
 298 0033 02       		.uleb128 0x2
 299 0034 02       		.byte	0x2
 300 0035 05       		.byte	0x5
 301 0036 08020000 		.4byte	.LASF2
 302 003a 02       		.uleb128 0x2
 303 003b 02       		.byte	0x2
 304 003c 07       		.byte	0x7
 305 003d 38000000 		.4byte	.LASF3
 306 0041 02       		.uleb128 0x2
 307 0042 04       		.byte	0x4
 308 0043 05       		.byte	0x5
 309 0044 37020000 		.4byte	.LASF4
 310 0048 02       		.uleb128 0x2
 311 0049 04       		.byte	0x4
 312 004a 07       		.byte	0x7
 313 004b 80000000 		.4byte	.LASF5
 314 004f 02       		.uleb128 0x2
 315 0050 08       		.byte	0x8
 316 0051 05       		.byte	0x5
 317 0052 EB010000 		.4byte	.LASF6
 318 0056 02       		.uleb128 0x2
 319 0057 08       		.byte	0x8
 320 0058 07       		.byte	0x7
 321 0059 B3010000 		.4byte	.LASF7
 322 005d 03       		.uleb128 0x3
 323 005e 04       		.byte	0x4
 324 005f 05       		.byte	0x5
 325 0060 696E7400 		.ascii	"int\000"
ARM GAS  C:\Users\Bruger\AppData\Local\Temp\ccJ3gHL2.s 			page 10


 326 0064 02       		.uleb128 0x2
 327 0065 04       		.byte	0x4
 328 0066 07       		.byte	0x7
 329 0067 A6010000 		.4byte	.LASF8
 330 006b 04       		.uleb128 0x4
 331 006c 92000000 		.4byte	.LASF9
 332 0070 02       		.byte	0x2
 333 0071 3801     		.2byte	0x138
 334 0073 2C000000 		.4byte	0x2c
 335 0077 04       		.uleb128 0x4
 336 0078 3F010000 		.4byte	.LASF10
 337 007c 02       		.byte	0x2
 338 007d 3901     		.2byte	0x139
 339 007f 3A000000 		.4byte	0x3a
 340 0083 04       		.uleb128 0x4
 341 0084 46010000 		.4byte	.LASF11
 342 0088 02       		.byte	0x2
 343 0089 3A01     		.2byte	0x13a
 344 008b 48000000 		.4byte	0x48
 345 008f 02       		.uleb128 0x2
 346 0090 04       		.byte	0x4
 347 0091 04       		.byte	0x4
 348 0092 67000000 		.4byte	.LASF12
 349 0096 02       		.uleb128 0x2
 350 0097 08       		.byte	0x8
 351 0098 04       		.byte	0x4
 352 0099 38010000 		.4byte	.LASF13
 353 009d 02       		.uleb128 0x2
 354 009e 01       		.byte	0x1
 355 009f 08       		.byte	0x8
 356 00a0 F9010000 		.4byte	.LASF14
 357 00a4 04       		.uleb128 0x4
 358 00a5 09000000 		.4byte	.LASF15
 359 00a9 02       		.byte	0x2
 360 00aa DA01     		.2byte	0x1da
 361 00ac 48000000 		.4byte	0x48
 362 00b0 04       		.uleb128 0x4
 363 00b1 7B000000 		.4byte	.LASF16
 364 00b5 02       		.byte	0x2
 365 00b6 E201     		.2byte	0x1e2
 366 00b8 BC000000 		.4byte	0xbc
 367 00bc 05       		.uleb128 0x5
 368 00bd 6B000000 		.4byte	0x6b
 369 00c1 02       		.uleb128 0x2
 370 00c2 04       		.byte	0x4
 371 00c3 07       		.byte	0x7
 372 00c4 E2010000 		.4byte	.LASF17
 373 00c8 06       		.uleb128 0x6
 374 00c9 CA010000 		.4byte	.LASF18
 375 00cd 01       		.byte	0x1
 376 00ce 21       		.byte	0x21
 377 00cf 00000000 		.4byte	.LFB0
 378 00d3 0C000000 		.4byte	.LFE0-.LFB0
 379 00d7 01       		.uleb128 0x1
 380 00d8 9C       		.byte	0x9c
 381 00d9 06       		.uleb128 0x6
 382 00da 4B000000 		.4byte	.LASF19
ARM GAS  C:\Users\Bruger\AppData\Local\Temp\ccJ3gHL2.s 			page 11


 383 00de 01       		.byte	0x1
 384 00df 36       		.byte	0x36
 385 00e0 00000000 		.4byte	.LFB1
 386 00e4 0C000000 		.4byte	.LFE1-.LFB1
 387 00e8 01       		.uleb128 0x1
 388 00e9 9C       		.byte	0x9c
 389 00ea 07       		.uleb128 0x7
 390 00eb 55020000 		.4byte	.LASF34
 391 00ef 01       		.byte	0x1
 392 00f0 54       		.byte	0x54
 393 00f1 A4000000 		.4byte	0xa4
 394 00f5 00000000 		.4byte	.LFB2
 395 00f9 7A010000 		.4byte	.LFE2-.LFB2
 396 00fd 01       		.uleb128 0x1
 397 00fe 9C       		.byte	0x9c
 398 00ff B0010000 		.4byte	0x1b0
 399 0103 08       		.uleb128 0x8
 400 0104 31000000 		.4byte	.LASF20
 401 0108 01       		.byte	0x1
 402 0109 54       		.byte	0x54
 403 010a B0010000 		.4byte	0x1b0
 404 010e 03       		.uleb128 0x3
 405 010f 91       		.byte	0x91
 406 0110 B47B     		.sleb128 -588
 407 0112 08       		.uleb128 0x8
 408 0113 FE010000 		.4byte	.LASF21
 409 0117 01       		.byte	0x1
 410 0118 54       		.byte	0x54
 411 0119 B0010000 		.4byte	0x1b0
 412 011d 03       		.uleb128 0x3
 413 011e 91       		.byte	0x91
 414 011f B07B     		.sleb128 -592
 415 0121 08       		.uleb128 0x8
 416 0122 A0000000 		.4byte	.LASF22
 417 0126 01       		.byte	0x1
 418 0127 54       		.byte	0x54
 419 0128 83000000 		.4byte	0x83
 420 012c 03       		.uleb128 0x3
 421 012d 91       		.byte	0x91
 422 012e AC7B     		.sleb128 -596
 423 0130 09       		.uleb128 0x9
 424 0131 25000000 		.4byte	.LASF23
 425 0135 01       		.byte	0x1
 426 0136 57       		.byte	0x57
 427 0137 BB010000 		.4byte	0x1bb
 428 013b 03       		.uleb128 0x3
 429 013c 91       		.byte	0x91
 430 013d DC7D     		.sleb128 -292
 431 013f 09       		.uleb128 0x9
 432 0140 98000000 		.4byte	.LASF24
 433 0144 01       		.byte	0x1
 434 0145 58       		.byte	0x58
 435 0146 83000000 		.4byte	0x83
 436 014a 02       		.uleb128 0x2
 437 014b 91       		.byte	0x91
 438 014c 74       		.sleb128 -12
 439 014d 09       		.uleb128 0x9
ARM GAS  C:\Users\Bruger\AppData\Local\Temp\ccJ3gHL2.s 			page 12


 440 014e DC010000 		.4byte	.LASF25
 441 0152 01       		.byte	0x1
 442 0153 59       		.byte	0x59
 443 0154 83000000 		.4byte	0x83
 444 0158 02       		.uleb128 0x2
 445 0159 91       		.byte	0x91
 446 015a 70       		.sleb128 -16
 447 015b 09       		.uleb128 0x9
 448 015c 1C000000 		.4byte	.LASF26
 449 0160 01       		.byte	0x1
 450 0161 5A       		.byte	0x5a
 451 0162 83000000 		.4byte	0x83
 452 0166 02       		.uleb128 0x2
 453 0167 91       		.byte	0x91
 454 0168 6C       		.sleb128 -20
 455 0169 09       		.uleb128 0x9
 456 016a 00000000 		.4byte	.LASF27
 457 016e 01       		.byte	0x1
 458 016f 5B       		.byte	0x5b
 459 0170 83000000 		.4byte	0x83
 460 0174 02       		.uleb128 0x2
 461 0175 91       		.byte	0x91
 462 0176 68       		.sleb128 -24
 463 0177 0A       		.uleb128 0xa
 464 0178 726300   		.ascii	"rc\000"
 465 017b 01       		.byte	0x1
 466 017c 5C       		.byte	0x5c
 467 017d A4000000 		.4byte	0xa4
 468 0181 02       		.uleb128 0x2
 469 0182 91       		.byte	0x91
 470 0183 64       		.sleb128 -28
 471 0184 09       		.uleb128 0x9
 472 0185 40020000 		.4byte	.LASF28
 473 0189 01       		.byte	0x1
 474 018a 5D       		.byte	0x5d
 475 018b 83000000 		.4byte	0x83
 476 018f 02       		.uleb128 0x2
 477 0190 91       		.byte	0x91
 478 0191 5C       		.sleb128 -36
 479 0192 09       		.uleb128 0x9
 480 0193 5C000000 		.4byte	.LASF29
 481 0197 01       		.byte	0x1
 482 0198 5E       		.byte	0x5e
 483 0199 83000000 		.4byte	0x83
 484 019d 02       		.uleb128 0x2
 485 019e 91       		.byte	0x91
 486 019f 60       		.sleb128 -32
 487 01a0 09       		.uleb128 0x9
 488 01a1 12000000 		.4byte	.LASF30
 489 01a5 01       		.byte	0x1
 490 01a6 62       		.byte	0x62
 491 01a7 CB010000 		.4byte	0x1cb
 492 01ab 03       		.uleb128 0x3
 493 01ac 91       		.byte	0x91
 494 01ad BC7B     		.sleb128 -580
 495 01af 00       		.byte	0
 496 01b0 0B       		.uleb128 0xb
ARM GAS  C:\Users\Bruger\AppData\Local\Temp\ccJ3gHL2.s 			page 13


 497 01b1 04       		.byte	0x4
 498 01b2 B6010000 		.4byte	0x1b6
 499 01b6 0C       		.uleb128 0xc
 500 01b7 6B000000 		.4byte	0x6b
 501 01bb 0D       		.uleb128 0xd
 502 01bc 6B000000 		.4byte	0x6b
 503 01c0 CB010000 		.4byte	0x1cb
 504 01c4 0E       		.uleb128 0xe
 505 01c5 C1000000 		.4byte	0xc1
 506 01c9 FF       		.byte	0xff
 507 01ca 00       		.byte	0
 508 01cb 0F       		.uleb128 0xf
 509 01cc 6B000000 		.4byte	0x6b
 510 01d0 10       		.uleb128 0x10
 511 01d1 C1000000 		.4byte	0xc1
 512 01d5 1F01     		.2byte	0x11f
 513 01d7 00       		.byte	0
 514 01d8 00       		.byte	0
 515              		.section	.debug_abbrev,"",%progbits
 516              	.Ldebug_abbrev0:
 517 0000 01       		.uleb128 0x1
 518 0001 11       		.uleb128 0x11
 519 0002 01       		.byte	0x1
 520 0003 25       		.uleb128 0x25
 521 0004 0E       		.uleb128 0xe
 522 0005 13       		.uleb128 0x13
 523 0006 0B       		.uleb128 0xb
 524 0007 03       		.uleb128 0x3
 525 0008 0E       		.uleb128 0xe
 526 0009 1B       		.uleb128 0x1b
 527 000a 0E       		.uleb128 0xe
 528 000b 55       		.uleb128 0x55
 529 000c 17       		.uleb128 0x17
 530 000d 11       		.uleb128 0x11
 531 000e 01       		.uleb128 0x1
 532 000f 10       		.uleb128 0x10
 533 0010 17       		.uleb128 0x17
 534 0011 00       		.byte	0
 535 0012 00       		.byte	0
 536 0013 02       		.uleb128 0x2
 537 0014 24       		.uleb128 0x24
 538 0015 00       		.byte	0
 539 0016 0B       		.uleb128 0xb
 540 0017 0B       		.uleb128 0xb
 541 0018 3E       		.uleb128 0x3e
 542 0019 0B       		.uleb128 0xb
 543 001a 03       		.uleb128 0x3
 544 001b 0E       		.uleb128 0xe
 545 001c 00       		.byte	0
 546 001d 00       		.byte	0
 547 001e 03       		.uleb128 0x3
 548 001f 24       		.uleb128 0x24
 549 0020 00       		.byte	0
 550 0021 0B       		.uleb128 0xb
 551 0022 0B       		.uleb128 0xb
 552 0023 3E       		.uleb128 0x3e
 553 0024 0B       		.uleb128 0xb
ARM GAS  C:\Users\Bruger\AppData\Local\Temp\ccJ3gHL2.s 			page 14


 554 0025 03       		.uleb128 0x3
 555 0026 08       		.uleb128 0x8
 556 0027 00       		.byte	0
 557 0028 00       		.byte	0
 558 0029 04       		.uleb128 0x4
 559 002a 16       		.uleb128 0x16
 560 002b 00       		.byte	0
 561 002c 03       		.uleb128 0x3
 562 002d 0E       		.uleb128 0xe
 563 002e 3A       		.uleb128 0x3a
 564 002f 0B       		.uleb128 0xb
 565 0030 3B       		.uleb128 0x3b
 566 0031 05       		.uleb128 0x5
 567 0032 49       		.uleb128 0x49
 568 0033 13       		.uleb128 0x13
 569 0034 00       		.byte	0
 570 0035 00       		.byte	0
 571 0036 05       		.uleb128 0x5
 572 0037 35       		.uleb128 0x35
 573 0038 00       		.byte	0
 574 0039 49       		.uleb128 0x49
 575 003a 13       		.uleb128 0x13
 576 003b 00       		.byte	0
 577 003c 00       		.byte	0
 578 003d 06       		.uleb128 0x6
 579 003e 2E       		.uleb128 0x2e
 580 003f 00       		.byte	0
 581 0040 3F       		.uleb128 0x3f
 582 0041 19       		.uleb128 0x19
 583 0042 03       		.uleb128 0x3
 584 0043 0E       		.uleb128 0xe
 585 0044 3A       		.uleb128 0x3a
 586 0045 0B       		.uleb128 0xb
 587 0046 3B       		.uleb128 0x3b
 588 0047 0B       		.uleb128 0xb
 589 0048 27       		.uleb128 0x27
 590 0049 19       		.uleb128 0x19
 591 004a 11       		.uleb128 0x11
 592 004b 01       		.uleb128 0x1
 593 004c 12       		.uleb128 0x12
 594 004d 06       		.uleb128 0x6
 595 004e 40       		.uleb128 0x40
 596 004f 18       		.uleb128 0x18
 597 0050 9742     		.uleb128 0x2117
 598 0052 19       		.uleb128 0x19
 599 0053 00       		.byte	0
 600 0054 00       		.byte	0
 601 0055 07       		.uleb128 0x7
 602 0056 2E       		.uleb128 0x2e
 603 0057 01       		.byte	0x1
 604 0058 3F       		.uleb128 0x3f
 605 0059 19       		.uleb128 0x19
 606 005a 03       		.uleb128 0x3
 607 005b 0E       		.uleb128 0xe
 608 005c 3A       		.uleb128 0x3a
 609 005d 0B       		.uleb128 0xb
 610 005e 3B       		.uleb128 0x3b
ARM GAS  C:\Users\Bruger\AppData\Local\Temp\ccJ3gHL2.s 			page 15


 611 005f 0B       		.uleb128 0xb
 612 0060 27       		.uleb128 0x27
 613 0061 19       		.uleb128 0x19
 614 0062 49       		.uleb128 0x49
 615 0063 13       		.uleb128 0x13
 616 0064 11       		.uleb128 0x11
 617 0065 01       		.uleb128 0x1
 618 0066 12       		.uleb128 0x12
 619 0067 06       		.uleb128 0x6
 620 0068 40       		.uleb128 0x40
 621 0069 18       		.uleb128 0x18
 622 006a 9642     		.uleb128 0x2116
 623 006c 19       		.uleb128 0x19
 624 006d 01       		.uleb128 0x1
 625 006e 13       		.uleb128 0x13
 626 006f 00       		.byte	0
 627 0070 00       		.byte	0
 628 0071 08       		.uleb128 0x8
 629 0072 05       		.uleb128 0x5
 630 0073 00       		.byte	0
 631 0074 03       		.uleb128 0x3
 632 0075 0E       		.uleb128 0xe
 633 0076 3A       		.uleb128 0x3a
 634 0077 0B       		.uleb128 0xb
 635 0078 3B       		.uleb128 0x3b
 636 0079 0B       		.uleb128 0xb
 637 007a 49       		.uleb128 0x49
 638 007b 13       		.uleb128 0x13
 639 007c 02       		.uleb128 0x2
 640 007d 18       		.uleb128 0x18
 641 007e 00       		.byte	0
 642 007f 00       		.byte	0
 643 0080 09       		.uleb128 0x9
 644 0081 34       		.uleb128 0x34
 645 0082 00       		.byte	0
 646 0083 03       		.uleb128 0x3
 647 0084 0E       		.uleb128 0xe
 648 0085 3A       		.uleb128 0x3a
 649 0086 0B       		.uleb128 0xb
 650 0087 3B       		.uleb128 0x3b
 651 0088 0B       		.uleb128 0xb
 652 0089 49       		.uleb128 0x49
 653 008a 13       		.uleb128 0x13
 654 008b 02       		.uleb128 0x2
 655 008c 18       		.uleb128 0x18
 656 008d 00       		.byte	0
 657 008e 00       		.byte	0
 658 008f 0A       		.uleb128 0xa
 659 0090 34       		.uleb128 0x34
 660 0091 00       		.byte	0
 661 0092 03       		.uleb128 0x3
 662 0093 08       		.uleb128 0x8
 663 0094 3A       		.uleb128 0x3a
 664 0095 0B       		.uleb128 0xb
 665 0096 3B       		.uleb128 0x3b
 666 0097 0B       		.uleb128 0xb
 667 0098 49       		.uleb128 0x49
ARM GAS  C:\Users\Bruger\AppData\Local\Temp\ccJ3gHL2.s 			page 16


 668 0099 13       		.uleb128 0x13
 669 009a 02       		.uleb128 0x2
 670 009b 18       		.uleb128 0x18
 671 009c 00       		.byte	0
 672 009d 00       		.byte	0
 673 009e 0B       		.uleb128 0xb
 674 009f 0F       		.uleb128 0xf
 675 00a0 00       		.byte	0
 676 00a1 0B       		.uleb128 0xb
 677 00a2 0B       		.uleb128 0xb
 678 00a3 49       		.uleb128 0x49
 679 00a4 13       		.uleb128 0x13
 680 00a5 00       		.byte	0
 681 00a6 00       		.byte	0
 682 00a7 0C       		.uleb128 0xc
 683 00a8 26       		.uleb128 0x26
 684 00a9 00       		.byte	0
 685 00aa 49       		.uleb128 0x49
 686 00ab 13       		.uleb128 0x13
 687 00ac 00       		.byte	0
 688 00ad 00       		.byte	0
 689 00ae 0D       		.uleb128 0xd
 690 00af 01       		.uleb128 0x1
 691 00b0 01       		.byte	0x1
 692 00b1 49       		.uleb128 0x49
 693 00b2 13       		.uleb128 0x13
 694 00b3 01       		.uleb128 0x1
 695 00b4 13       		.uleb128 0x13
 696 00b5 00       		.byte	0
 697 00b6 00       		.byte	0
 698 00b7 0E       		.uleb128 0xe
 699 00b8 21       		.uleb128 0x21
 700 00b9 00       		.byte	0
 701 00ba 49       		.uleb128 0x49
 702 00bb 13       		.uleb128 0x13
 703 00bc 2F       		.uleb128 0x2f
 704 00bd 0B       		.uleb128 0xb
 705 00be 00       		.byte	0
 706 00bf 00       		.byte	0
 707 00c0 0F       		.uleb128 0xf
 708 00c1 01       		.uleb128 0x1
 709 00c2 01       		.byte	0x1
 710 00c3 49       		.uleb128 0x49
 711 00c4 13       		.uleb128 0x13
 712 00c5 00       		.byte	0
 713 00c6 00       		.byte	0
 714 00c7 10       		.uleb128 0x10
 715 00c8 21       		.uleb128 0x21
 716 00c9 00       		.byte	0
 717 00ca 49       		.uleb128 0x49
 718 00cb 13       		.uleb128 0x13
 719 00cc 2F       		.uleb128 0x2f
 720 00cd 05       		.uleb128 0x5
 721 00ce 00       		.byte	0
 722 00cf 00       		.byte	0
 723 00d0 00       		.byte	0
 724              		.section	.debug_aranges,"",%progbits
ARM GAS  C:\Users\Bruger\AppData\Local\Temp\ccJ3gHL2.s 			page 17


 725 0000 2C000000 		.4byte	0x2c
 726 0004 0200     		.2byte	0x2
 727 0006 00000000 		.4byte	.Ldebug_info0
 728 000a 04       		.byte	0x4
 729 000b 00       		.byte	0
 730 000c 0000     		.2byte	0
 731 000e 0000     		.2byte	0
 732 0010 00000000 		.4byte	.LFB0
 733 0014 0C000000 		.4byte	.LFE0-.LFB0
 734 0018 00000000 		.4byte	.LFB1
 735 001c 0C000000 		.4byte	.LFE1-.LFB1
 736 0020 00000000 		.4byte	.LFB2
 737 0024 7A010000 		.4byte	.LFE2-.LFB2
 738 0028 00000000 		.4byte	0
 739 002c 00000000 		.4byte	0
 740              		.section	.debug_ranges,"",%progbits
 741              	.Ldebug_ranges0:
 742 0000 00000000 		.4byte	.LFB0
 743 0004 0C000000 		.4byte	.LFE0
 744 0008 00000000 		.4byte	.LFB1
 745 000c 0C000000 		.4byte	.LFE1
 746 0010 00000000 		.4byte	.LFB2
 747 0014 7A010000 		.4byte	.LFE2
 748 0018 00000000 		.4byte	0
 749 001c 00000000 		.4byte	0
 750              		.section	.debug_line,"",%progbits
 751              	.Ldebug_line0:
 752 0000 CB000000 		.section	.debug_str,"MS",%progbits,1
 752      02004800 
 752      00000201 
 752      FB0E0D00 
 752      01010101 
 753              	.LASF27:
 754 0000 73726349 		.ascii	"srcIndex\000"
 754      6E646578 
 754      00
 755              	.LASF15:
 756 0009 63797374 		.ascii	"cystatus\000"
 756      61747573 
 756      00
 757              	.LASF30:
 758 0012 726F7742 		.ascii	"rowBuffer\000"
 758      75666665 
 758      7200
 759              	.LASF26:
 760 001c 64737449 		.ascii	"dstIndex\000"
 760      6E646578 
 760      00
 761              	.LASF23:
 762 0025 77726974 		.ascii	"writeBuffer\000"
 762      65427566 
 762      66657200 
 763              	.LASF20:
 764 0031 73726342 		.ascii	"srcBuf\000"
 764      756600
 765              	.LASF3:
 766 0038 73686F72 		.ascii	"short unsigned int\000"
ARM GAS  C:\Users\Bruger\AppData\Local\Temp\ccJ3gHL2.s 			page 18


 766      7420756E 
 766      7369676E 
 766      65642069 
 766      6E7400
 767              	.LASF19:
 768 004b 456D5F45 		.ascii	"Em_EEPROM_1_Stop\000"
 768      4550524F 
 768      4D5F315F 
 768      53746F70 
 768      00
 769              	.LASF29:
 770 005c 62797465 		.ascii	"byteOffset\000"
 770      4F666673 
 770      657400
 771              	.LASF12:
 772 0067 666C6F61 		.ascii	"float\000"
 772      7400
 773              	.LASF1:
 774 006d 756E7369 		.ascii	"unsigned char\000"
 774      676E6564 
 774      20636861 
 774      7200
 775              	.LASF16:
 776 007b 72656738 		.ascii	"reg8\000"
 776      00
 777              	.LASF5:
 778 0080 6C6F6E67 		.ascii	"long unsigned int\000"
 778      20756E73 
 778      69676E65 
 778      6420696E 
 778      7400
 779              	.LASF9:
 780 0092 75696E74 		.ascii	"uint8\000"
 780      3800
 781              	.LASF24:
 782 0098 61727261 		.ascii	"arrayId\000"
 782      79496400 
 783              	.LASF22:
 784 00a0 62797465 		.ascii	"byteCount\000"
 784      436F756E 
 784      7400
 785              	.LASF31:
 786 00aa 474E5520 		.ascii	"GNU C 4.9.3 20150303 (release) [ARM/embedded-4_9-br"
 786      4320342E 
 786      392E3320 
 786      32303135 
 786      30333033 
 787 00dd 616E6368 		.ascii	"anch revision 221220] -mcpu=cortex-m3 -mthumb -g -O"
 787      20726576 
 787      6973696F 
 787      6E203232 
 787      31323230 
 788 0110 30202D66 		.ascii	"0 -ffunction-sections -ffat-lto-objects\000"
 788      66756E63 
 788      74696F6E 
 788      2D736563 
 788      74696F6E 
ARM GAS  C:\Users\Bruger\AppData\Local\Temp\ccJ3gHL2.s 			page 19


 789              	.LASF13:
 790 0138 646F7562 		.ascii	"double\000"
 790      6C6500
 791              	.LASF10:
 792 013f 75696E74 		.ascii	"uint16\000"
 792      313600
 793              	.LASF11:
 794 0146 75696E74 		.ascii	"uint32\000"
 794      333200
 795              	.LASF33:
 796 014d 433A5C55 		.ascii	"C:\\Users\\Bruger\\Desktop\\CODE\\PSOC5\\CY8CKIT-59"
 796      73657273 
 796      5C427275 
 796      6765725C 
 796      4465736B 
 797 017a 2D417264 		.ascii	"-Arduino\\CY8CKIT59_Ardudino-Speeduino.cydsn\000"
 797      75696E6F 
 797      5C435938 
 797      434B4954 
 797      35395F41 
 798              	.LASF8:
 799 01a6 756E7369 		.ascii	"unsigned int\000"
 799      676E6564 
 799      20696E74 
 799      00
 800              	.LASF7:
 801 01b3 6C6F6E67 		.ascii	"long long unsigned int\000"
 801      206C6F6E 
 801      6720756E 
 801      7369676E 
 801      65642069 
 802              	.LASF18:
 803 01ca 456D5F45 		.ascii	"Em_EEPROM_1_Start\000"
 803      4550524F 
 803      4D5F315F 
 803      53746172 
 803      7400
 804              	.LASF25:
 805 01dc 726F7749 		.ascii	"rowId\000"
 805      6400
 806              	.LASF17:
 807 01e2 73697A65 		.ascii	"sizetype\000"
 807      74797065 
 807      00
 808              	.LASF6:
 809 01eb 6C6F6E67 		.ascii	"long long int\000"
 809      206C6F6E 
 809      6720696E 
 809      7400
 810              	.LASF14:
 811 01f9 63686172 		.ascii	"char\000"
 811      00
 812              	.LASF21:
 813 01fe 65657072 		.ascii	"eepromPtr\000"
 813      6F6D5074 
 813      7200
 814              	.LASF2:
ARM GAS  C:\Users\Bruger\AppData\Local\Temp\ccJ3gHL2.s 			page 20


 815 0208 73686F72 		.ascii	"short int\000"
 815      7420696E 
 815      7400
 816              	.LASF32:
 817 0212 47656E65 		.ascii	"Generated_Source\\PSoC5\\Em_EEPROM_1.c\000"
 817      72617465 
 817      645F536F 
 817      75726365 
 817      5C50536F 
 818              	.LASF4:
 819 0237 6C6F6E67 		.ascii	"long int\000"
 819      20696E74 
 819      00
 820              	.LASF28:
 821 0240 65654F66 		.ascii	"eeOffset\000"
 821      66736574 
 821      00
 822              	.LASF0:
 823 0249 7369676E 		.ascii	"signed char\000"
 823      65642063 
 823      68617200 
 824              	.LASF34:
 825 0255 456D5F45 		.ascii	"Em_EEPROM_1_Write\000"
 825      4550524F 
 825      4D5F315F 
 825      57726974 
 825      6500
 826              		.ident	"GCC: (GNU Tools for ARM Embedded Processors) 4.9.3 20150303 (release) [ARM/embedded-4_9-br
