ARM GAS  C:\Users\Bruger\AppData\Local\Temp\ccutn1F9.s 			page 1


   1              		.syntax unified
   2              		.cpu cortex-m3
   3              		.fpu softvfp
   4              		.eabi_attribute 20, 1
   5              		.eabi_attribute 21, 1
   6              		.eabi_attribute 23, 3
   7              		.eabi_attribute 24, 1
   8              		.eabi_attribute 25, 1
   9              		.eabi_attribute 26, 1
  10              		.eabi_attribute 30, 6
  11              		.eabi_attribute 34, 1
  12              		.eabi_attribute 18, 4
  13              		.thumb
  14              		.file	"Millis_Counter_PM.c"
  15              		.text
  16              	.Ltext0:
  17              		.cfi_sections	.debug_frame
  18              		.bss
  19              		.align	2
  20              	Millis_Counter_backup:
  21 0000 00000000 		.space	12
  21      00000000 
  21      00000000 
  22              		.section	.text.Millis_Counter_SaveConfig,"ax",%progbits
  23              		.align	2
  24              		.global	Millis_Counter_SaveConfig
  25              		.thumb
  26              		.thumb_func
  27              		.type	Millis_Counter_SaveConfig, %function
  28              	Millis_Counter_SaveConfig:
  29              	.LFB0:
  30              		.file 1 "Generated_Source\\PSoC5\\Millis_Counter_PM.c"
   1:Generated_Source\PSoC5/Millis_Counter_PM.c **** /*******************************************************************************
   2:Generated_Source\PSoC5/Millis_Counter_PM.c **** * File Name: Millis_Counter_PM.c  
   3:Generated_Source\PSoC5/Millis_Counter_PM.c **** * Version 3.0
   4:Generated_Source\PSoC5/Millis_Counter_PM.c **** *
   5:Generated_Source\PSoC5/Millis_Counter_PM.c **** *  Description:
   6:Generated_Source\PSoC5/Millis_Counter_PM.c **** *    This file provides the power management source code to API for the
   7:Generated_Source\PSoC5/Millis_Counter_PM.c **** *    Counter.  
   8:Generated_Source\PSoC5/Millis_Counter_PM.c **** *
   9:Generated_Source\PSoC5/Millis_Counter_PM.c **** *   Note:
  10:Generated_Source\PSoC5/Millis_Counter_PM.c **** *     None
  11:Generated_Source\PSoC5/Millis_Counter_PM.c **** *
  12:Generated_Source\PSoC5/Millis_Counter_PM.c **** ********************************************************************************
  13:Generated_Source\PSoC5/Millis_Counter_PM.c **** * Copyright 2008-2012, Cypress Semiconductor Corporation.  All rights reserved.
  14:Generated_Source\PSoC5/Millis_Counter_PM.c **** * You may use this file only in accordance with the license, terms, conditions, 
  15:Generated_Source\PSoC5/Millis_Counter_PM.c **** * disclaimers, and limitations in the end user license agreement accompanying 
  16:Generated_Source\PSoC5/Millis_Counter_PM.c **** * the software package with which this file was provided.
  17:Generated_Source\PSoC5/Millis_Counter_PM.c **** *******************************************************************************/
  18:Generated_Source\PSoC5/Millis_Counter_PM.c **** 
  19:Generated_Source\PSoC5/Millis_Counter_PM.c **** #include "Millis_Counter.h"
  20:Generated_Source\PSoC5/Millis_Counter_PM.c **** 
  21:Generated_Source\PSoC5/Millis_Counter_PM.c **** static Millis_Counter_backupStruct Millis_Counter_backup;
  22:Generated_Source\PSoC5/Millis_Counter_PM.c **** 
  23:Generated_Source\PSoC5/Millis_Counter_PM.c **** 
  24:Generated_Source\PSoC5/Millis_Counter_PM.c **** /*******************************************************************************
  25:Generated_Source\PSoC5/Millis_Counter_PM.c **** * Function Name: Millis_Counter_SaveConfig
ARM GAS  C:\Users\Bruger\AppData\Local\Temp\ccutn1F9.s 			page 2


  26:Generated_Source\PSoC5/Millis_Counter_PM.c **** ********************************************************************************
  27:Generated_Source\PSoC5/Millis_Counter_PM.c **** * Summary:
  28:Generated_Source\PSoC5/Millis_Counter_PM.c **** *     Save the current user configuration
  29:Generated_Source\PSoC5/Millis_Counter_PM.c **** *
  30:Generated_Source\PSoC5/Millis_Counter_PM.c **** * Parameters:  
  31:Generated_Source\PSoC5/Millis_Counter_PM.c **** *  void
  32:Generated_Source\PSoC5/Millis_Counter_PM.c **** *
  33:Generated_Source\PSoC5/Millis_Counter_PM.c **** * Return: 
  34:Generated_Source\PSoC5/Millis_Counter_PM.c **** *  void
  35:Generated_Source\PSoC5/Millis_Counter_PM.c **** *
  36:Generated_Source\PSoC5/Millis_Counter_PM.c **** * Global variables:
  37:Generated_Source\PSoC5/Millis_Counter_PM.c **** *  Millis_Counter_backup:  Variables of this global structure are modified to 
  38:Generated_Source\PSoC5/Millis_Counter_PM.c **** *  store the values of non retention configuration registers when Sleep() API is 
  39:Generated_Source\PSoC5/Millis_Counter_PM.c **** *  called.
  40:Generated_Source\PSoC5/Millis_Counter_PM.c **** *
  41:Generated_Source\PSoC5/Millis_Counter_PM.c **** *******************************************************************************/
  42:Generated_Source\PSoC5/Millis_Counter_PM.c **** void Millis_Counter_SaveConfig(void) 
  43:Generated_Source\PSoC5/Millis_Counter_PM.c **** {
  31              		.loc 1 43 0
  32              		.cfi_startproc
  33              		@ args = 0, pretend = 0, frame = 0
  34              		@ frame_needed = 1, uses_anonymous_args = 0
  35 0000 80B5     		push	{r7, lr}
  36              		.cfi_def_cfa_offset 8
  37              		.cfi_offset 7, -8
  38              		.cfi_offset 14, -4
  39 0002 00AF     		add	r7, sp, #0
  40              		.cfi_def_cfa_register 7
  44:Generated_Source\PSoC5/Millis_Counter_PM.c ****     #if (!Millis_Counter_UsingFixedFunction)
  45:Generated_Source\PSoC5/Millis_Counter_PM.c **** 
  46:Generated_Source\PSoC5/Millis_Counter_PM.c ****         Millis_Counter_backup.CounterUdb = Millis_Counter_ReadCounter();
  41              		.loc 1 46 0
  42 0004 FFF7FEFF 		bl	Millis_Counter_ReadCounter
  43 0008 0246     		mov	r2, r0
  44 000a 044B     		ldr	r3, .L2
  45 000c 5A60     		str	r2, [r3, #4]
  47:Generated_Source\PSoC5/Millis_Counter_PM.c **** 
  48:Generated_Source\PSoC5/Millis_Counter_PM.c ****         #if(!Millis_Counter_ControlRegRemoved)
  49:Generated_Source\PSoC5/Millis_Counter_PM.c ****             Millis_Counter_backup.CounterControlRegister = Millis_Counter_ReadControlRegister();
  46              		.loc 1 49 0
  47 000e FFF7FEFF 		bl	Millis_Counter_ReadControlRegister
  48 0012 0346     		mov	r3, r0
  49 0014 1A46     		mov	r2, r3
  50 0016 014B     		ldr	r3, .L2
  51 0018 1A72     		strb	r2, [r3, #8]
  50:Generated_Source\PSoC5/Millis_Counter_PM.c ****         #endif /* (!Millis_Counter_ControlRegRemoved) */
  51:Generated_Source\PSoC5/Millis_Counter_PM.c **** 
  52:Generated_Source\PSoC5/Millis_Counter_PM.c ****     #endif /* (!Millis_Counter_UsingFixedFunction) */
  53:Generated_Source\PSoC5/Millis_Counter_PM.c **** }
  52              		.loc 1 53 0
  53 001a 80BD     		pop	{r7, pc}
  54              	.L3:
  55              		.align	2
  56              	.L2:
  57 001c 00000000 		.word	Millis_Counter_backup
  58              		.cfi_endproc
  59              	.LFE0:
ARM GAS  C:\Users\Bruger\AppData\Local\Temp\ccutn1F9.s 			page 3


  60              		.size	Millis_Counter_SaveConfig, .-Millis_Counter_SaveConfig
  61              		.section	.text.Millis_Counter_RestoreConfig,"ax",%progbits
  62              		.align	2
  63              		.global	Millis_Counter_RestoreConfig
  64              		.thumb
  65              		.thumb_func
  66              		.type	Millis_Counter_RestoreConfig, %function
  67              	Millis_Counter_RestoreConfig:
  68              	.LFB1:
  54:Generated_Source\PSoC5/Millis_Counter_PM.c **** 
  55:Generated_Source\PSoC5/Millis_Counter_PM.c **** 
  56:Generated_Source\PSoC5/Millis_Counter_PM.c **** /*******************************************************************************
  57:Generated_Source\PSoC5/Millis_Counter_PM.c **** * Function Name: Millis_Counter_RestoreConfig
  58:Generated_Source\PSoC5/Millis_Counter_PM.c **** ********************************************************************************
  59:Generated_Source\PSoC5/Millis_Counter_PM.c **** *
  60:Generated_Source\PSoC5/Millis_Counter_PM.c **** * Summary:
  61:Generated_Source\PSoC5/Millis_Counter_PM.c **** *  Restores the current user configuration.
  62:Generated_Source\PSoC5/Millis_Counter_PM.c **** *
  63:Generated_Source\PSoC5/Millis_Counter_PM.c **** * Parameters:  
  64:Generated_Source\PSoC5/Millis_Counter_PM.c **** *  void
  65:Generated_Source\PSoC5/Millis_Counter_PM.c **** *
  66:Generated_Source\PSoC5/Millis_Counter_PM.c **** * Return: 
  67:Generated_Source\PSoC5/Millis_Counter_PM.c **** *  void
  68:Generated_Source\PSoC5/Millis_Counter_PM.c **** *
  69:Generated_Source\PSoC5/Millis_Counter_PM.c **** * Global variables:
  70:Generated_Source\PSoC5/Millis_Counter_PM.c **** *  Millis_Counter_backup:  Variables of this global structure are used to 
  71:Generated_Source\PSoC5/Millis_Counter_PM.c **** *  restore the values of non retention registers on wakeup from sleep mode.
  72:Generated_Source\PSoC5/Millis_Counter_PM.c **** *
  73:Generated_Source\PSoC5/Millis_Counter_PM.c **** *******************************************************************************/
  74:Generated_Source\PSoC5/Millis_Counter_PM.c **** void Millis_Counter_RestoreConfig(void) 
  75:Generated_Source\PSoC5/Millis_Counter_PM.c **** {      
  69              		.loc 1 75 0
  70              		.cfi_startproc
  71              		@ args = 0, pretend = 0, frame = 0
  72              		@ frame_needed = 1, uses_anonymous_args = 0
  73 0000 80B5     		push	{r7, lr}
  74              		.cfi_def_cfa_offset 8
  75              		.cfi_offset 7, -8
  76              		.cfi_offset 14, -4
  77 0002 00AF     		add	r7, sp, #0
  78              		.cfi_def_cfa_register 7
  76:Generated_Source\PSoC5/Millis_Counter_PM.c ****     #if (!Millis_Counter_UsingFixedFunction)
  77:Generated_Source\PSoC5/Millis_Counter_PM.c **** 
  78:Generated_Source\PSoC5/Millis_Counter_PM.c ****        Millis_Counter_WriteCounter(Millis_Counter_backup.CounterUdb);
  79              		.loc 1 78 0
  80 0004 054B     		ldr	r3, .L5
  81 0006 5B68     		ldr	r3, [r3, #4]
  82 0008 1846     		mov	r0, r3
  83 000a FFF7FEFF 		bl	Millis_Counter_WriteCounter
  79:Generated_Source\PSoC5/Millis_Counter_PM.c **** 
  80:Generated_Source\PSoC5/Millis_Counter_PM.c ****         #if(!Millis_Counter_ControlRegRemoved)
  81:Generated_Source\PSoC5/Millis_Counter_PM.c ****             Millis_Counter_WriteControlRegister(Millis_Counter_backup.CounterControlRegister);
  84              		.loc 1 81 0
  85 000e 034B     		ldr	r3, .L5
  86 0010 1B7A     		ldrb	r3, [r3, #8]	@ zero_extendqisi2
  87 0012 1846     		mov	r0, r3
  88 0014 FFF7FEFF 		bl	Millis_Counter_WriteControlRegister
ARM GAS  C:\Users\Bruger\AppData\Local\Temp\ccutn1F9.s 			page 4


  82:Generated_Source\PSoC5/Millis_Counter_PM.c ****         #endif /* (!Millis_Counter_ControlRegRemoved) */
  83:Generated_Source\PSoC5/Millis_Counter_PM.c **** 
  84:Generated_Source\PSoC5/Millis_Counter_PM.c ****     #endif /* (!Millis_Counter_UsingFixedFunction) */
  85:Generated_Source\PSoC5/Millis_Counter_PM.c **** }
  89              		.loc 1 85 0
  90 0018 80BD     		pop	{r7, pc}
  91              	.L6:
  92 001a 00BF     		.align	2
  93              	.L5:
  94 001c 00000000 		.word	Millis_Counter_backup
  95              		.cfi_endproc
  96              	.LFE1:
  97              		.size	Millis_Counter_RestoreConfig, .-Millis_Counter_RestoreConfig
  98              		.section	.text.Millis_Counter_Sleep,"ax",%progbits
  99              		.align	2
 100              		.global	Millis_Counter_Sleep
 101              		.thumb
 102              		.thumb_func
 103              		.type	Millis_Counter_Sleep, %function
 104              	Millis_Counter_Sleep:
 105              	.LFB2:
  86:Generated_Source\PSoC5/Millis_Counter_PM.c **** 
  87:Generated_Source\PSoC5/Millis_Counter_PM.c **** 
  88:Generated_Source\PSoC5/Millis_Counter_PM.c **** /*******************************************************************************
  89:Generated_Source\PSoC5/Millis_Counter_PM.c **** * Function Name: Millis_Counter_Sleep
  90:Generated_Source\PSoC5/Millis_Counter_PM.c **** ********************************************************************************
  91:Generated_Source\PSoC5/Millis_Counter_PM.c **** * Summary:
  92:Generated_Source\PSoC5/Millis_Counter_PM.c **** *     Stop and Save the user configuration
  93:Generated_Source\PSoC5/Millis_Counter_PM.c **** *
  94:Generated_Source\PSoC5/Millis_Counter_PM.c **** * Parameters:  
  95:Generated_Source\PSoC5/Millis_Counter_PM.c **** *  void
  96:Generated_Source\PSoC5/Millis_Counter_PM.c **** *
  97:Generated_Source\PSoC5/Millis_Counter_PM.c **** * Return: 
  98:Generated_Source\PSoC5/Millis_Counter_PM.c **** *  void
  99:Generated_Source\PSoC5/Millis_Counter_PM.c **** *
 100:Generated_Source\PSoC5/Millis_Counter_PM.c **** * Global variables:
 101:Generated_Source\PSoC5/Millis_Counter_PM.c **** *  Millis_Counter_backup.enableState:  Is modified depending on the enable 
 102:Generated_Source\PSoC5/Millis_Counter_PM.c **** *  state of the block before entering sleep mode.
 103:Generated_Source\PSoC5/Millis_Counter_PM.c **** *
 104:Generated_Source\PSoC5/Millis_Counter_PM.c **** *******************************************************************************/
 105:Generated_Source\PSoC5/Millis_Counter_PM.c **** void Millis_Counter_Sleep(void) 
 106:Generated_Source\PSoC5/Millis_Counter_PM.c **** {
 106              		.loc 1 106 0
 107              		.cfi_startproc
 108              		@ args = 0, pretend = 0, frame = 0
 109              		@ frame_needed = 1, uses_anonymous_args = 0
 110 0000 80B5     		push	{r7, lr}
 111              		.cfi_def_cfa_offset 8
 112              		.cfi_offset 7, -8
 113              		.cfi_offset 14, -4
 114 0002 00AF     		add	r7, sp, #0
 115              		.cfi_def_cfa_register 7
 107:Generated_Source\PSoC5/Millis_Counter_PM.c ****     #if(!Millis_Counter_ControlRegRemoved)
 108:Generated_Source\PSoC5/Millis_Counter_PM.c ****         /* Save Counter's enable state */
 109:Generated_Source\PSoC5/Millis_Counter_PM.c ****         if(Millis_Counter_CTRL_ENABLE == (Millis_Counter_CONTROL & Millis_Counter_CTRL_ENABLE))
 116              		.loc 1 109 0
 117 0004 094B     		ldr	r3, .L10
ARM GAS  C:\Users\Bruger\AppData\Local\Temp\ccutn1F9.s 			page 5


 118 0006 1B78     		ldrb	r3, [r3]
 119 0008 DBB2     		uxtb	r3, r3
 120 000a DBB2     		uxtb	r3, r3
 121 000c 5BB2     		sxtb	r3, r3
 122 000e 002B     		cmp	r3, #0
 123 0010 03DA     		bge	.L8
 110:Generated_Source\PSoC5/Millis_Counter_PM.c ****         {
 111:Generated_Source\PSoC5/Millis_Counter_PM.c ****             /* Counter is enabled */
 112:Generated_Source\PSoC5/Millis_Counter_PM.c ****             Millis_Counter_backup.CounterEnableState = 1u;
 124              		.loc 1 112 0
 125 0012 074B     		ldr	r3, .L10+4
 126 0014 0122     		movs	r2, #1
 127 0016 1A70     		strb	r2, [r3]
 128 0018 02E0     		b	.L9
 129              	.L8:
 113:Generated_Source\PSoC5/Millis_Counter_PM.c ****         }
 114:Generated_Source\PSoC5/Millis_Counter_PM.c ****         else
 115:Generated_Source\PSoC5/Millis_Counter_PM.c ****         {
 116:Generated_Source\PSoC5/Millis_Counter_PM.c ****             /* Counter is disabled */
 117:Generated_Source\PSoC5/Millis_Counter_PM.c ****             Millis_Counter_backup.CounterEnableState = 0u;
 130              		.loc 1 117 0
 131 001a 054B     		ldr	r3, .L10+4
 132 001c 0022     		movs	r2, #0
 133 001e 1A70     		strb	r2, [r3]
 134              	.L9:
 118:Generated_Source\PSoC5/Millis_Counter_PM.c ****         }
 119:Generated_Source\PSoC5/Millis_Counter_PM.c ****     #else
 120:Generated_Source\PSoC5/Millis_Counter_PM.c ****         Millis_Counter_backup.CounterEnableState = 1u;
 121:Generated_Source\PSoC5/Millis_Counter_PM.c ****         if(Millis_Counter_backup.CounterEnableState != 0u)
 122:Generated_Source\PSoC5/Millis_Counter_PM.c ****         {
 123:Generated_Source\PSoC5/Millis_Counter_PM.c ****             Millis_Counter_backup.CounterEnableState = 0u;
 124:Generated_Source\PSoC5/Millis_Counter_PM.c ****         }
 125:Generated_Source\PSoC5/Millis_Counter_PM.c ****     #endif /* (!Millis_Counter_ControlRegRemoved) */
 126:Generated_Source\PSoC5/Millis_Counter_PM.c ****     
 127:Generated_Source\PSoC5/Millis_Counter_PM.c ****     Millis_Counter_Stop();
 135              		.loc 1 127 0
 136 0020 FFF7FEFF 		bl	Millis_Counter_Stop
 128:Generated_Source\PSoC5/Millis_Counter_PM.c ****     Millis_Counter_SaveConfig();
 137              		.loc 1 128 0
 138 0024 FFF7FEFF 		bl	Millis_Counter_SaveConfig
 129:Generated_Source\PSoC5/Millis_Counter_PM.c **** }
 139              		.loc 1 129 0
 140 0028 80BD     		pop	{r7, pc}
 141              	.L11:
 142 002a 00BF     		.align	2
 143              	.L10:
 144 002c 79650040 		.word	1073767801
 145 0030 00000000 		.word	Millis_Counter_backup
 146              		.cfi_endproc
 147              	.LFE2:
 148              		.size	Millis_Counter_Sleep, .-Millis_Counter_Sleep
 149              		.section	.text.Millis_Counter_Wakeup,"ax",%progbits
 150              		.align	2
 151              		.global	Millis_Counter_Wakeup
 152              		.thumb
 153              		.thumb_func
 154              		.type	Millis_Counter_Wakeup, %function
ARM GAS  C:\Users\Bruger\AppData\Local\Temp\ccutn1F9.s 			page 6


 155              	Millis_Counter_Wakeup:
 156              	.LFB3:
 130:Generated_Source\PSoC5/Millis_Counter_PM.c **** 
 131:Generated_Source\PSoC5/Millis_Counter_PM.c **** 
 132:Generated_Source\PSoC5/Millis_Counter_PM.c **** /*******************************************************************************
 133:Generated_Source\PSoC5/Millis_Counter_PM.c **** * Function Name: Millis_Counter_Wakeup
 134:Generated_Source\PSoC5/Millis_Counter_PM.c **** ********************************************************************************
 135:Generated_Source\PSoC5/Millis_Counter_PM.c **** *
 136:Generated_Source\PSoC5/Millis_Counter_PM.c **** * Summary:
 137:Generated_Source\PSoC5/Millis_Counter_PM.c **** *  Restores and enables the user configuration
 138:Generated_Source\PSoC5/Millis_Counter_PM.c **** *  
 139:Generated_Source\PSoC5/Millis_Counter_PM.c **** * Parameters:  
 140:Generated_Source\PSoC5/Millis_Counter_PM.c **** *  void
 141:Generated_Source\PSoC5/Millis_Counter_PM.c **** *
 142:Generated_Source\PSoC5/Millis_Counter_PM.c **** * Return: 
 143:Generated_Source\PSoC5/Millis_Counter_PM.c **** *  void
 144:Generated_Source\PSoC5/Millis_Counter_PM.c **** *
 145:Generated_Source\PSoC5/Millis_Counter_PM.c **** * Global variables:
 146:Generated_Source\PSoC5/Millis_Counter_PM.c **** *  Millis_Counter_backup.enableState:  Is used to restore the enable state of 
 147:Generated_Source\PSoC5/Millis_Counter_PM.c **** *  block on wakeup from sleep mode.
 148:Generated_Source\PSoC5/Millis_Counter_PM.c **** *
 149:Generated_Source\PSoC5/Millis_Counter_PM.c **** *******************************************************************************/
 150:Generated_Source\PSoC5/Millis_Counter_PM.c **** void Millis_Counter_Wakeup(void) 
 151:Generated_Source\PSoC5/Millis_Counter_PM.c **** {
 157              		.loc 1 151 0
 158              		.cfi_startproc
 159              		@ args = 0, pretend = 0, frame = 0
 160              		@ frame_needed = 1, uses_anonymous_args = 0
 161 0000 80B5     		push	{r7, lr}
 162              		.cfi_def_cfa_offset 8
 163              		.cfi_offset 7, -8
 164              		.cfi_offset 14, -4
 165 0002 00AF     		add	r7, sp, #0
 166              		.cfi_def_cfa_register 7
 152:Generated_Source\PSoC5/Millis_Counter_PM.c ****     Millis_Counter_RestoreConfig();
 167              		.loc 1 152 0
 168 0004 FFF7FEFF 		bl	Millis_Counter_RestoreConfig
 153:Generated_Source\PSoC5/Millis_Counter_PM.c ****     #if(!Millis_Counter_ControlRegRemoved)
 154:Generated_Source\PSoC5/Millis_Counter_PM.c ****         if(Millis_Counter_backup.CounterEnableState == 1u)
 169              		.loc 1 154 0
 170 0008 034B     		ldr	r3, .L14
 171 000a 1B78     		ldrb	r3, [r3]	@ zero_extendqisi2
 172 000c 012B     		cmp	r3, #1
 173 000e 01D1     		bne	.L12
 155:Generated_Source\PSoC5/Millis_Counter_PM.c ****         {
 156:Generated_Source\PSoC5/Millis_Counter_PM.c ****             /* Enable Counter's operation */
 157:Generated_Source\PSoC5/Millis_Counter_PM.c ****             Millis_Counter_Enable();
 174              		.loc 1 157 0
 175 0010 FFF7FEFF 		bl	Millis_Counter_Enable
 176              	.L12:
 158:Generated_Source\PSoC5/Millis_Counter_PM.c ****         } /* Do nothing if Counter was disabled before */    
 159:Generated_Source\PSoC5/Millis_Counter_PM.c ****     #endif /* (!Millis_Counter_ControlRegRemoved) */
 160:Generated_Source\PSoC5/Millis_Counter_PM.c ****     
 161:Generated_Source\PSoC5/Millis_Counter_PM.c **** }
 177              		.loc 1 161 0
 178 0014 80BD     		pop	{r7, pc}
 179              	.L15:
ARM GAS  C:\Users\Bruger\AppData\Local\Temp\ccutn1F9.s 			page 7


 180 0016 00BF     		.align	2
 181              	.L14:
 182 0018 00000000 		.word	Millis_Counter_backup
 183              		.cfi_endproc
 184              	.LFE3:
 185              		.size	Millis_Counter_Wakeup, .-Millis_Counter_Wakeup
 186              		.text
 187              	.Letext0:
 188              		.file 2 "Generated_Source\\PSoC5\\cytypes.h"
 189              		.file 3 "Generated_Source\\PSoC5\\Millis_Counter.h"
 190              		.section	.debug_info,"",%progbits
 191              	.Ldebug_info0:
 192 0000 3A010000 		.4byte	0x13a
 193 0004 0400     		.2byte	0x4
 194 0006 00000000 		.4byte	.Ldebug_abbrev0
 195 000a 04       		.byte	0x4
 196 000b 01       		.uleb128 0x1
 197 000c DB010000 		.4byte	.LASF24
 198 0010 01       		.byte	0x1
 199 0011 38000000 		.4byte	.LASF25
 200 0015 0D010000 		.4byte	.LASF26
 201 0019 00000000 		.4byte	.Ldebug_ranges0+0
 202 001d 00000000 		.4byte	0
 203 0021 00000000 		.4byte	.Ldebug_line0
 204 0025 02       		.uleb128 0x2
 205 0026 01       		.byte	0x1
 206 0027 06       		.byte	0x6
 207 0028 B8010000 		.4byte	.LASF0
 208 002c 02       		.uleb128 0x2
 209 002d 01       		.byte	0x1
 210 002e 08       		.byte	0x8
 211 002f E0000000 		.4byte	.LASF1
 212 0033 02       		.uleb128 0x2
 213 0034 02       		.byte	0x2
 214 0035 05       		.byte	0x5
 215 0036 69020000 		.4byte	.LASF2
 216 003a 02       		.uleb128 0x2
 217 003b 02       		.byte	0x2
 218 003c 07       		.byte	0x7
 219 003d A5010000 		.4byte	.LASF3
 220 0041 02       		.uleb128 0x2
 221 0042 04       		.byte	0x4
 222 0043 05       		.byte	0x5
 223 0044 66010000 		.4byte	.LASF4
 224 0048 02       		.uleb128 0x2
 225 0049 04       		.byte	0x4
 226 004a 07       		.byte	0x7
 227 004b 69000000 		.4byte	.LASF5
 228 004f 02       		.uleb128 0x2
 229 0050 08       		.byte	0x8
 230 0051 05       		.byte	0x5
 231 0052 00000000 		.4byte	.LASF6
 232 0056 02       		.uleb128 0x2
 233 0057 08       		.byte	0x8
 234 0058 07       		.byte	0x7
 235 0059 7B000000 		.4byte	.LASF7
 236 005d 03       		.uleb128 0x3
ARM GAS  C:\Users\Bruger\AppData\Local\Temp\ccutn1F9.s 			page 8


 237 005e 04       		.byte	0x4
 238 005f 05       		.byte	0x5
 239 0060 696E7400 		.ascii	"int\000"
 240 0064 02       		.uleb128 0x2
 241 0065 04       		.byte	0x4
 242 0066 07       		.byte	0x7
 243 0067 2B000000 		.4byte	.LASF8
 244 006b 04       		.uleb128 0x4
 245 006c 63000000 		.4byte	.LASF9
 246 0070 02       		.byte	0x2
 247 0071 3801     		.2byte	0x138
 248 0073 2C000000 		.4byte	0x2c
 249 0077 04       		.uleb128 0x4
 250 0078 0E000000 		.4byte	.LASF10
 251 007c 02       		.byte	0x2
 252 007d 3A01     		.2byte	0x13a
 253 007f 48000000 		.4byte	0x48
 254 0083 02       		.uleb128 0x2
 255 0084 04       		.byte	0x4
 256 0085 04       		.byte	0x4
 257 0086 AF000000 		.4byte	.LASF11
 258 008a 02       		.uleb128 0x2
 259 008b 08       		.byte	0x8
 260 008c 04       		.byte	0x4
 261 008d 9E010000 		.4byte	.LASF12
 262 0091 02       		.uleb128 0x2
 263 0092 01       		.byte	0x1
 264 0093 08       		.byte	0x8
 265 0094 08010000 		.4byte	.LASF13
 266 0098 04       		.uleb128 0x4
 267 0099 73020000 		.4byte	.LASF14
 268 009d 02       		.byte	0x2
 269 009e E201     		.2byte	0x1e2
 270 00a0 A4000000 		.4byte	0xa4
 271 00a4 05       		.uleb128 0x5
 272 00a5 6B000000 		.4byte	0x6b
 273 00a9 02       		.uleb128 0x2
 274 00aa 04       		.byte	0x4
 275 00ab 07       		.byte	0x7
 276 00ac 83020000 		.4byte	.LASF15
 277 00b0 06       		.uleb128 0x6
 278 00b1 0C       		.byte	0xc
 279 00b2 03       		.byte	0x3
 280 00b3 40       		.byte	0x40
 281 00b4 DD000000 		.4byte	0xdd
 282 00b8 07       		.uleb128 0x7
 283 00b9 8B010000 		.4byte	.LASF16
 284 00bd 03       		.byte	0x3
 285 00be 42       		.byte	0x42
 286 00bf 6B000000 		.4byte	0x6b
 287 00c3 00       		.byte	0
 288 00c4 07       		.uleb128 0x7
 289 00c5 78020000 		.4byte	.LASF17
 290 00c9 03       		.byte	0x3
 291 00ca 43       		.byte	0x43
 292 00cb 77000000 		.4byte	0x77
 293 00cf 04       		.byte	0x4
ARM GAS  C:\Users\Bruger\AppData\Local\Temp\ccutn1F9.s 			page 9


 294 00d0 07       		.uleb128 0x7
 295 00d1 C4010000 		.4byte	.LASF18
 296 00d5 03       		.byte	0x3
 297 00d6 46       		.byte	0x46
 298 00d7 6B000000 		.4byte	0x6b
 299 00db 08       		.byte	0x8
 300 00dc 00       		.byte	0
 301 00dd 08       		.uleb128 0x8
 302 00de 6F010000 		.4byte	.LASF19
 303 00e2 03       		.byte	0x3
 304 00e3 49       		.byte	0x49
 305 00e4 B0000000 		.4byte	0xb0
 306 00e8 09       		.uleb128 0x9
 307 00e9 EE000000 		.4byte	.LASF20
 308 00ed 01       		.byte	0x1
 309 00ee 2A       		.byte	0x2a
 310 00ef 00000000 		.4byte	.LFB0
 311 00f3 20000000 		.4byte	.LFE0-.LFB0
 312 00f7 01       		.uleb128 0x1
 313 00f8 9C       		.byte	0x9c
 314 00f9 09       		.uleb128 0x9
 315 00fa 92000000 		.4byte	.LASF21
 316 00fe 01       		.byte	0x1
 317 00ff 4A       		.byte	0x4a
 318 0100 00000000 		.4byte	.LFB1
 319 0104 20000000 		.4byte	.LFE1-.LFB1
 320 0108 01       		.uleb128 0x1
 321 0109 9C       		.byte	0x9c
 322 010a 09       		.uleb128 0x9
 323 010b CB000000 		.4byte	.LASF22
 324 010f 01       		.byte	0x1
 325 0110 69       		.byte	0x69
 326 0111 00000000 		.4byte	.LFB2
 327 0115 34000000 		.4byte	.LFE2-.LFB2
 328 0119 01       		.uleb128 0x1
 329 011a 9C       		.byte	0x9c
 330 011b 09       		.uleb128 0x9
 331 011c 15000000 		.4byte	.LASF23
 332 0120 01       		.byte	0x1
 333 0121 96       		.byte	0x96
 334 0122 00000000 		.4byte	.LFB3
 335 0126 1C000000 		.4byte	.LFE3-.LFB3
 336 012a 01       		.uleb128 0x1
 337 012b 9C       		.byte	0x9c
 338 012c 0A       		.uleb128 0xa
 339 012d B5000000 		.4byte	.LASF27
 340 0131 01       		.byte	0x1
 341 0132 15       		.byte	0x15
 342 0133 DD000000 		.4byte	0xdd
 343 0137 05       		.uleb128 0x5
 344 0138 03       		.byte	0x3
 345 0139 00000000 		.4byte	Millis_Counter_backup
 346 013d 00       		.byte	0
 347              		.section	.debug_abbrev,"",%progbits
 348              	.Ldebug_abbrev0:
 349 0000 01       		.uleb128 0x1
 350 0001 11       		.uleb128 0x11
ARM GAS  C:\Users\Bruger\AppData\Local\Temp\ccutn1F9.s 			page 10


 351 0002 01       		.byte	0x1
 352 0003 25       		.uleb128 0x25
 353 0004 0E       		.uleb128 0xe
 354 0005 13       		.uleb128 0x13
 355 0006 0B       		.uleb128 0xb
 356 0007 03       		.uleb128 0x3
 357 0008 0E       		.uleb128 0xe
 358 0009 1B       		.uleb128 0x1b
 359 000a 0E       		.uleb128 0xe
 360 000b 55       		.uleb128 0x55
 361 000c 17       		.uleb128 0x17
 362 000d 11       		.uleb128 0x11
 363 000e 01       		.uleb128 0x1
 364 000f 10       		.uleb128 0x10
 365 0010 17       		.uleb128 0x17
 366 0011 00       		.byte	0
 367 0012 00       		.byte	0
 368 0013 02       		.uleb128 0x2
 369 0014 24       		.uleb128 0x24
 370 0015 00       		.byte	0
 371 0016 0B       		.uleb128 0xb
 372 0017 0B       		.uleb128 0xb
 373 0018 3E       		.uleb128 0x3e
 374 0019 0B       		.uleb128 0xb
 375 001a 03       		.uleb128 0x3
 376 001b 0E       		.uleb128 0xe
 377 001c 00       		.byte	0
 378 001d 00       		.byte	0
 379 001e 03       		.uleb128 0x3
 380 001f 24       		.uleb128 0x24
 381 0020 00       		.byte	0
 382 0021 0B       		.uleb128 0xb
 383 0022 0B       		.uleb128 0xb
 384 0023 3E       		.uleb128 0x3e
 385 0024 0B       		.uleb128 0xb
 386 0025 03       		.uleb128 0x3
 387 0026 08       		.uleb128 0x8
 388 0027 00       		.byte	0
 389 0028 00       		.byte	0
 390 0029 04       		.uleb128 0x4
 391 002a 16       		.uleb128 0x16
 392 002b 00       		.byte	0
 393 002c 03       		.uleb128 0x3
 394 002d 0E       		.uleb128 0xe
 395 002e 3A       		.uleb128 0x3a
 396 002f 0B       		.uleb128 0xb
 397 0030 3B       		.uleb128 0x3b
 398 0031 05       		.uleb128 0x5
 399 0032 49       		.uleb128 0x49
 400 0033 13       		.uleb128 0x13
 401 0034 00       		.byte	0
 402 0035 00       		.byte	0
 403 0036 05       		.uleb128 0x5
 404 0037 35       		.uleb128 0x35
 405 0038 00       		.byte	0
 406 0039 49       		.uleb128 0x49
 407 003a 13       		.uleb128 0x13
ARM GAS  C:\Users\Bruger\AppData\Local\Temp\ccutn1F9.s 			page 11


 408 003b 00       		.byte	0
 409 003c 00       		.byte	0
 410 003d 06       		.uleb128 0x6
 411 003e 13       		.uleb128 0x13
 412 003f 01       		.byte	0x1
 413 0040 0B       		.uleb128 0xb
 414 0041 0B       		.uleb128 0xb
 415 0042 3A       		.uleb128 0x3a
 416 0043 0B       		.uleb128 0xb
 417 0044 3B       		.uleb128 0x3b
 418 0045 0B       		.uleb128 0xb
 419 0046 01       		.uleb128 0x1
 420 0047 13       		.uleb128 0x13
 421 0048 00       		.byte	0
 422 0049 00       		.byte	0
 423 004a 07       		.uleb128 0x7
 424 004b 0D       		.uleb128 0xd
 425 004c 00       		.byte	0
 426 004d 03       		.uleb128 0x3
 427 004e 0E       		.uleb128 0xe
 428 004f 3A       		.uleb128 0x3a
 429 0050 0B       		.uleb128 0xb
 430 0051 3B       		.uleb128 0x3b
 431 0052 0B       		.uleb128 0xb
 432 0053 49       		.uleb128 0x49
 433 0054 13       		.uleb128 0x13
 434 0055 38       		.uleb128 0x38
 435 0056 0B       		.uleb128 0xb
 436 0057 00       		.byte	0
 437 0058 00       		.byte	0
 438 0059 08       		.uleb128 0x8
 439 005a 16       		.uleb128 0x16
 440 005b 00       		.byte	0
 441 005c 03       		.uleb128 0x3
 442 005d 0E       		.uleb128 0xe
 443 005e 3A       		.uleb128 0x3a
 444 005f 0B       		.uleb128 0xb
 445 0060 3B       		.uleb128 0x3b
 446 0061 0B       		.uleb128 0xb
 447 0062 49       		.uleb128 0x49
 448 0063 13       		.uleb128 0x13
 449 0064 00       		.byte	0
 450 0065 00       		.byte	0
 451 0066 09       		.uleb128 0x9
 452 0067 2E       		.uleb128 0x2e
 453 0068 00       		.byte	0
 454 0069 3F       		.uleb128 0x3f
 455 006a 19       		.uleb128 0x19
 456 006b 03       		.uleb128 0x3
 457 006c 0E       		.uleb128 0xe
 458 006d 3A       		.uleb128 0x3a
 459 006e 0B       		.uleb128 0xb
 460 006f 3B       		.uleb128 0x3b
 461 0070 0B       		.uleb128 0xb
 462 0071 27       		.uleb128 0x27
 463 0072 19       		.uleb128 0x19
 464 0073 11       		.uleb128 0x11
ARM GAS  C:\Users\Bruger\AppData\Local\Temp\ccutn1F9.s 			page 12


 465 0074 01       		.uleb128 0x1
 466 0075 12       		.uleb128 0x12
 467 0076 06       		.uleb128 0x6
 468 0077 40       		.uleb128 0x40
 469 0078 18       		.uleb128 0x18
 470 0079 9642     		.uleb128 0x2116
 471 007b 19       		.uleb128 0x19
 472 007c 00       		.byte	0
 473 007d 00       		.byte	0
 474 007e 0A       		.uleb128 0xa
 475 007f 34       		.uleb128 0x34
 476 0080 00       		.byte	0
 477 0081 03       		.uleb128 0x3
 478 0082 0E       		.uleb128 0xe
 479 0083 3A       		.uleb128 0x3a
 480 0084 0B       		.uleb128 0xb
 481 0085 3B       		.uleb128 0x3b
 482 0086 0B       		.uleb128 0xb
 483 0087 49       		.uleb128 0x49
 484 0088 13       		.uleb128 0x13
 485 0089 02       		.uleb128 0x2
 486 008a 18       		.uleb128 0x18
 487 008b 00       		.byte	0
 488 008c 00       		.byte	0
 489 008d 00       		.byte	0
 490              		.section	.debug_aranges,"",%progbits
 491 0000 34000000 		.4byte	0x34
 492 0004 0200     		.2byte	0x2
 493 0006 00000000 		.4byte	.Ldebug_info0
 494 000a 04       		.byte	0x4
 495 000b 00       		.byte	0
 496 000c 0000     		.2byte	0
 497 000e 0000     		.2byte	0
 498 0010 00000000 		.4byte	.LFB0
 499 0014 20000000 		.4byte	.LFE0-.LFB0
 500 0018 00000000 		.4byte	.LFB1
 501 001c 20000000 		.4byte	.LFE1-.LFB1
 502 0020 00000000 		.4byte	.LFB2
 503 0024 34000000 		.4byte	.LFE2-.LFB2
 504 0028 00000000 		.4byte	.LFB3
 505 002c 1C000000 		.4byte	.LFE3-.LFB3
 506 0030 00000000 		.4byte	0
 507 0034 00000000 		.4byte	0
 508              		.section	.debug_ranges,"",%progbits
 509              	.Ldebug_ranges0:
 510 0000 00000000 		.4byte	.LFB0
 511 0004 20000000 		.4byte	.LFE0
 512 0008 00000000 		.4byte	.LFB1
 513 000c 20000000 		.4byte	.LFE1
 514 0010 00000000 		.4byte	.LFB2
 515 0014 34000000 		.4byte	.LFE2
 516 0018 00000000 		.4byte	.LFB3
 517 001c 1C000000 		.4byte	.LFE3
 518 0020 00000000 		.4byte	0
 519 0024 00000000 		.4byte	0
 520              		.section	.debug_line,"",%progbits
 521              	.Ldebug_line0:
ARM GAS  C:\Users\Bruger\AppData\Local\Temp\ccutn1F9.s 			page 13


 522 0000 B9000000 		.section	.debug_str,"MS",%progbits,1
 522      02006200 
 522      00000201 
 522      FB0E0D00 
 522      01010101 
 523              	.LASF6:
 524 0000 6C6F6E67 		.ascii	"long long int\000"
 524      206C6F6E 
 524      6720696E 
 524      7400
 525              	.LASF10:
 526 000e 75696E74 		.ascii	"uint32\000"
 526      333200
 527              	.LASF23:
 528 0015 4D696C6C 		.ascii	"Millis_Counter_Wakeup\000"
 528      69735F43 
 528      6F756E74 
 528      65725F57 
 528      616B6575 
 529              	.LASF8:
 530 002b 756E7369 		.ascii	"unsigned int\000"
 530      676E6564 
 530      20696E74 
 530      00
 531              	.LASF25:
 532 0038 47656E65 		.ascii	"Generated_Source\\PSoC5\\Millis_Counter_PM.c\000"
 532      72617465 
 532      645F536F 
 532      75726365 
 532      5C50536F 
 533              	.LASF9:
 534 0063 75696E74 		.ascii	"uint8\000"
 534      3800
 535              	.LASF5:
 536 0069 6C6F6E67 		.ascii	"long unsigned int\000"
 536      20756E73 
 536      69676E65 
 536      6420696E 
 536      7400
 537              	.LASF7:
 538 007b 6C6F6E67 		.ascii	"long long unsigned int\000"
 538      206C6F6E 
 538      6720756E 
 538      7369676E 
 538      65642069 
 539              	.LASF21:
 540 0092 4D696C6C 		.ascii	"Millis_Counter_RestoreConfig\000"
 540      69735F43 
 540      6F756E74 
 540      65725F52 
 540      6573746F 
 541              	.LASF11:
 542 00af 666C6F61 		.ascii	"float\000"
 542      7400
 543              	.LASF27:
 544 00b5 4D696C6C 		.ascii	"Millis_Counter_backup\000"
 544      69735F43 
ARM GAS  C:\Users\Bruger\AppData\Local\Temp\ccutn1F9.s 			page 14


 544      6F756E74 
 544      65725F62 
 544      61636B75 
 545              	.LASF22:
 546 00cb 4D696C6C 		.ascii	"Millis_Counter_Sleep\000"
 546      69735F43 
 546      6F756E74 
 546      65725F53 
 546      6C656570 
 547              	.LASF1:
 548 00e0 756E7369 		.ascii	"unsigned char\000"
 548      676E6564 
 548      20636861 
 548      7200
 549              	.LASF20:
 550 00ee 4D696C6C 		.ascii	"Millis_Counter_SaveConfig\000"
 550      69735F43 
 550      6F756E74 
 550      65725F53 
 550      61766543 
 551              	.LASF13:
 552 0108 63686172 		.ascii	"char\000"
 552      00
 553              	.LASF26:
 554 010d 433A5C55 		.ascii	"C:\\Users\\Bruger\\Desktop\\CODE\\PSOC5\\CY8CKIT-59"
 554      73657273 
 554      5C427275 
 554      6765725C 
 554      4465736B 
 555 013a 2D417264 		.ascii	"-Arduino\\CY8CKIT59_Ardudino-Speeduino.cydsn\000"
 555      75696E6F 
 555      5C435938 
 555      434B4954 
 555      35395F41 
 556              	.LASF4:
 557 0166 6C6F6E67 		.ascii	"long int\000"
 557      20696E74 
 557      00
 558              	.LASF19:
 559 016f 4D696C6C 		.ascii	"Millis_Counter_backupStruct\000"
 559      69735F43 
 559      6F756E74 
 559      65725F62 
 559      61636B75 
 560              	.LASF16:
 561 018b 436F756E 		.ascii	"CounterEnableState\000"
 561      74657245 
 561      6E61626C 
 561      65537461 
 561      746500
 562              	.LASF12:
 563 019e 646F7562 		.ascii	"double\000"
 563      6C6500
 564              	.LASF3:
 565 01a5 73686F72 		.ascii	"short unsigned int\000"
 565      7420756E 
 565      7369676E 
ARM GAS  C:\Users\Bruger\AppData\Local\Temp\ccutn1F9.s 			page 15


 565      65642069 
 565      6E7400
 566              	.LASF0:
 567 01b8 7369676E 		.ascii	"signed char\000"
 567      65642063 
 567      68617200 
 568              	.LASF18:
 569 01c4 436F756E 		.ascii	"CounterControlRegister\000"
 569      74657243 
 569      6F6E7472 
 569      6F6C5265 
 569      67697374 
 570              	.LASF24:
 571 01db 474E5520 		.ascii	"GNU C 4.9.3 20150303 (release) [ARM/embedded-4_9-br"
 571      4320342E 
 571      392E3320 
 571      32303135 
 571      30333033 
 572 020e 616E6368 		.ascii	"anch revision 221220] -mcpu=cortex-m3 -mthumb -g -O"
 572      20726576 
 572      6973696F 
 572      6E203232 
 572      31323230 
 573 0241 30202D66 		.ascii	"0 -ffunction-sections -ffat-lto-objects\000"
 573      66756E63 
 573      74696F6E 
 573      2D736563 
 573      74696F6E 
 574              	.LASF2:
 575 0269 73686F72 		.ascii	"short int\000"
 575      7420696E 
 575      7400
 576              	.LASF14:
 577 0273 72656738 		.ascii	"reg8\000"
 577      00
 578              	.LASF17:
 579 0278 436F756E 		.ascii	"CounterUdb\000"
 579      74657255 
 579      646200
 580              	.LASF15:
 581 0283 73697A65 		.ascii	"sizetype\000"
 581      74797065 
 581      00
 582              		.ident	"GCC: (GNU Tools for ARM Embedded Processors) 4.9.3 20150303 (release) [ARM/embedded-4_9-br
