ARM GAS  C:\Users\Bruger\AppData\Local\Temp\ccAKN4oE.s 			page 1


   1              		.syntax unified
   2              		.cpu cortex-m3
   3              		.fpu softvfp
   4              		.eabi_attribute 20, 1
   5              		.eabi_attribute 21, 1
   6              		.eabi_attribute 23, 3
   7              		.eabi_attribute 24, 1
   8              		.eabi_attribute 25, 1
   9              		.eabi_attribute 26, 1
  10              		.eabi_attribute 30, 6
  11              		.eabi_attribute 34, 1
  12              		.eabi_attribute 18, 4
  13              		.thumb
  14              		.file	"USBUART_descr.c"
  15              		.text
  16              	.Ltext0:
  17              		.cfi_sections	.debug_frame
  18              		.global	USBUART_DEVICE0_DESCR
  19              		.section	.rodata
  20              		.align	2
  21              		.type	USBUART_DEVICE0_DESCR, %object
  22              		.size	USBUART_DEVICE0_DESCR, 18
  23              	USBUART_DEVICE0_DESCR:
  24 0000 12       		.byte	18
  25 0001 01       		.byte	1
  26 0002 00       		.byte	0
  27 0003 02       		.byte	2
  28 0004 02       		.byte	2
  29 0005 00       		.byte	0
  30 0006 00       		.byte	0
  31 0007 08       		.byte	8
  32 0008 B4       		.byte	-76
  33 0009 04       		.byte	4
  34 000a 32       		.byte	50
  35 000b F2       		.byte	-14
  36 000c 01       		.byte	1
  37 000d 00       		.byte	0
  38 000e 05       		.byte	5
  39 000f 02       		.byte	2
  40 0010 80       		.byte	-128
  41 0011 01       		.byte	1
  42              		.global	USBUART_DEVICE0_CONFIGURATION0_DESCR
  43 0012 0000     		.align	2
  44              		.type	USBUART_DEVICE0_CONFIGURATION0_DESCR, %object
  45              		.size	USBUART_DEVICE0_CONFIGURATION0_DESCR, 67
  46              	USBUART_DEVICE0_CONFIGURATION0_DESCR:
  47 0014 09       		.byte	9
  48 0015 02       		.byte	2
  49 0016 43       		.byte	67
  50 0017 00       		.byte	0
  51 0018 02       		.byte	2
  52 0019 01       		.byte	1
  53 001a 05       		.byte	5
  54 001b C0       		.byte	-64
  55 001c 32       		.byte	50
  56 001d 09       		.byte	9
  57 001e 04       		.byte	4
ARM GAS  C:\Users\Bruger\AppData\Local\Temp\ccAKN4oE.s 			page 2


  58 001f 00       		.byte	0
  59 0020 00       		.byte	0
  60 0021 01       		.byte	1
  61 0022 02       		.byte	2
  62 0023 02       		.byte	2
  63 0024 01       		.byte	1
  64 0025 03       		.byte	3
  65 0026 05       		.byte	5
  66 0027 24       		.byte	36
  67 0028 00       		.byte	0
  68 0029 10       		.byte	16
  69 002a 01       		.byte	1
  70 002b 04       		.byte	4
  71 002c 24       		.byte	36
  72 002d 02       		.byte	2
  73 002e 02       		.byte	2
  74 002f 05       		.byte	5
  75 0030 24       		.byte	36
  76 0031 06       		.byte	6
  77 0032 00       		.byte	0
  78 0033 01       		.byte	1
  79 0034 05       		.byte	5
  80 0035 24       		.byte	36
  81 0036 01       		.byte	1
  82 0037 00       		.byte	0
  83 0038 01       		.byte	1
  84 0039 07       		.byte	7
  85 003a 05       		.byte	5
  86 003b 81       		.byte	-127
  87 003c 03       		.byte	3
  88 003d 08       		.byte	8
  89 003e 00       		.byte	0
  90 003f 0A       		.byte	10
  91 0040 09       		.byte	9
  92 0041 04       		.byte	4
  93 0042 01       		.byte	1
  94 0043 00       		.byte	0
  95 0044 02       		.byte	2
  96 0045 0A       		.byte	10
  97 0046 00       		.byte	0
  98 0047 00       		.byte	0
  99 0048 04       		.byte	4
 100 0049 07       		.byte	7
 101 004a 05       		.byte	5
 102 004b 82       		.byte	-126
 103 004c 02       		.byte	2
 104 004d 40       		.byte	64
 105 004e 00       		.byte	0
 106 004f 00       		.byte	0
 107 0050 07       		.byte	7
 108 0051 05       		.byte	5
 109 0052 03       		.byte	3
 110 0053 02       		.byte	2
 111 0054 40       		.byte	64
 112 0055 00       		.byte	0
 113 0056 00       		.byte	0
 114              		.global	USBUART_STRING_DESCRIPTORS
ARM GAS  C:\Users\Bruger\AppData\Local\Temp\ccAKN4oE.s 			page 3


 115 0057 00       		.align	2
 116              		.type	USBUART_STRING_DESCRIPTORS, %object
 117              		.size	USBUART_STRING_DESCRIPTORS, 181
 118              	USBUART_STRING_DESCRIPTORS:
 119 0058 04       		.byte	4
 120 0059 03       		.byte	3
 121 005a 09       		.byte	9
 122 005b 04       		.byte	4
 123 005c 2C       		.byte	44
 124 005d 03       		.byte	3
 125 005e 43       		.byte	67
 126 005f 00       		.byte	0
 127 0060 79       		.byte	121
 128 0061 00       		.byte	0
 129 0062 70       		.byte	112
 130 0063 00       		.byte	0
 131 0064 72       		.byte	114
 132 0065 00       		.byte	0
 133 0066 65       		.byte	101
 134 0067 00       		.byte	0
 135 0068 73       		.byte	115
 136 0069 00       		.byte	0
 137 006a 73       		.byte	115
 138 006b 00       		.byte	0
 139 006c 20       		.byte	32
 140 006d 00       		.byte	0
 141 006e 53       		.byte	83
 142 006f 00       		.byte	0
 143 0070 65       		.byte	101
 144 0071 00       		.byte	0
 145 0072 6D       		.byte	109
 146 0073 00       		.byte	0
 147 0074 69       		.byte	105
 148 0075 00       		.byte	0
 149 0076 63       		.byte	99
 150 0077 00       		.byte	0
 151 0078 6F       		.byte	111
 152 0079 00       		.byte	0
 153 007a 6E       		.byte	110
 154 007b 00       		.byte	0
 155 007c 64       		.byte	100
 156 007d 00       		.byte	0
 157 007e 75       		.byte	117
 158 007f 00       		.byte	0
 159 0080 63       		.byte	99
 160 0081 00       		.byte	0
 161 0082 74       		.byte	116
 162 0083 00       		.byte	0
 163 0084 6F       		.byte	111
 164 0085 00       		.byte	0
 165 0086 72       		.byte	114
 166 0087 00       		.byte	0
 167 0088 10       		.byte	16
 168 0089 03       		.byte	3
 169 008a 55       		.byte	85
 170 008b 00       		.byte	0
 171 008c 53       		.byte	83
ARM GAS  C:\Users\Bruger\AppData\Local\Temp\ccAKN4oE.s 			page 4


 172 008d 00       		.byte	0
 173 008e 42       		.byte	66
 174 008f 00       		.byte	0
 175 0090 55       		.byte	85
 176 0091 00       		.byte	0
 177 0092 41       		.byte	65
 178 0093 00       		.byte	0
 179 0094 52       		.byte	82
 180 0095 00       		.byte	0
 181 0096 54       		.byte	84
 182 0097 00       		.byte	0
 183 0098 38       		.byte	56
 184 0099 03       		.byte	3
 185 009a 43       		.byte	67
 186 009b 00       		.byte	0
 187 009c 44       		.byte	68
 188 009d 00       		.byte	0
 189 009e 43       		.byte	67
 190 009f 00       		.byte	0
 191 00a0 20       		.byte	32
 192 00a1 00       		.byte	0
 193 00a2 43       		.byte	67
 194 00a3 00       		.byte	0
 195 00a4 6F       		.byte	111
 196 00a5 00       		.byte	0
 197 00a6 6D       		.byte	109
 198 00a7 00       		.byte	0
 199 00a8 6D       		.byte	109
 200 00a9 00       		.byte	0
 201 00aa 75       		.byte	117
 202 00ab 00       		.byte	0
 203 00ac 6E       		.byte	110
 204 00ad 00       		.byte	0
 205 00ae 69       		.byte	105
 206 00af 00       		.byte	0
 207 00b0 63       		.byte	99
 208 00b1 00       		.byte	0
 209 00b2 61       		.byte	97
 210 00b3 00       		.byte	0
 211 00b4 74       		.byte	116
 212 00b5 00       		.byte	0
 213 00b6 69       		.byte	105
 214 00b7 00       		.byte	0
 215 00b8 6F       		.byte	111
 216 00b9 00       		.byte	0
 217 00ba 6E       		.byte	110
 218 00bb 00       		.byte	0
 219 00bc 20       		.byte	32
 220 00bd 00       		.byte	0
 221 00be 49       		.byte	73
 222 00bf 00       		.byte	0
 223 00c0 6E       		.byte	110
 224 00c1 00       		.byte	0
 225 00c2 74       		.byte	116
 226 00c3 00       		.byte	0
 227 00c4 65       		.byte	101
 228 00c5 00       		.byte	0
ARM GAS  C:\Users\Bruger\AppData\Local\Temp\ccAKN4oE.s 			page 5


 229 00c6 72       		.byte	114
 230 00c7 00       		.byte	0
 231 00c8 66       		.byte	102
 232 00c9 00       		.byte	0
 233 00ca 61       		.byte	97
 234 00cb 00       		.byte	0
 235 00cc 63       		.byte	99
 236 00cd 00       		.byte	0
 237 00ce 65       		.byte	101
 238 00cf 00       		.byte	0
 239 00d0 26       		.byte	38
 240 00d1 03       		.byte	3
 241 00d2 43       		.byte	67
 242 00d3 00       		.byte	0
 243 00d4 44       		.byte	68
 244 00d5 00       		.byte	0
 245 00d6 43       		.byte	67
 246 00d7 00       		.byte	0
 247 00d8 20       		.byte	32
 248 00d9 00       		.byte	0
 249 00da 44       		.byte	68
 250 00db 00       		.byte	0
 251 00dc 61       		.byte	97
 252 00dd 00       		.byte	0
 253 00de 74       		.byte	116
 254 00df 00       		.byte	0
 255 00e0 61       		.byte	97
 256 00e1 00       		.byte	0
 257 00e2 20       		.byte	32
 258 00e3 00       		.byte	0
 259 00e4 49       		.byte	73
 260 00e5 00       		.byte	0
 261 00e6 6E       		.byte	110
 262 00e7 00       		.byte	0
 263 00e8 74       		.byte	116
 264 00e9 00       		.byte	0
 265 00ea 65       		.byte	101
 266 00eb 00       		.byte	0
 267 00ec 72       		.byte	114
 268 00ed 00       		.byte	0
 269 00ee 66       		.byte	102
 270 00ef 00       		.byte	0
 271 00f0 61       		.byte	97
 272 00f1 00       		.byte	0
 273 00f2 63       		.byte	99
 274 00f3 00       		.byte	0
 275 00f4 65       		.byte	101
 276 00f5 00       		.byte	0
 277 00f6 16       		.byte	22
 278 00f7 03       		.byte	3
 279 00f8 43       		.byte	67
 280 00f9 00       		.byte	0
 281 00fa 59       		.byte	89
 282 00fb 00       		.byte	0
 283 00fc 38       		.byte	56
 284 00fd 00       		.byte	0
 285 00fe 43       		.byte	67
ARM GAS  C:\Users\Bruger\AppData\Local\Temp\ccAKN4oE.s 			page 6


 286 00ff 00       		.byte	0
 287 0100 4B       		.byte	75
 288 0101 00       		.byte	0
 289 0102 49       		.byte	73
 290 0103 00       		.byte	0
 291 0104 54       		.byte	84
 292 0105 00       		.byte	0
 293 0106 2D       		.byte	45
 294 0107 00       		.byte	0
 295 0108 35       		.byte	53
 296 0109 00       		.byte	0
 297 010a 39       		.byte	57
 298 010b 00       		.byte	0
 299 010c 00       		.byte	0
 300              		.global	USBUART_SN_STRING_DESCRIPTOR
 301 010d 000000   		.align	2
 302              		.type	USBUART_SN_STRING_DESCRIPTOR, %object
 303              		.size	USBUART_SN_STRING_DESCRIPTOR, 2
 304              	USBUART_SN_STRING_DESCRIPTOR:
 305 0110 02       		.byte	2
 306 0111 03       		.byte	3
 307              		.global	USBUART_DEVICE0_CONFIGURATION0_EP_SETTINGS_TABLE
 308 0112 0000     		.align	2
 309              		.type	USBUART_DEVICE0_CONFIGURATION0_EP_SETTINGS_TABLE, %object
 310              		.size	USBUART_DEVICE0_CONFIGURATION0_EP_SETTINGS_TABLE, 24
 311              	USBUART_DEVICE0_CONFIGURATION0_EP_SETTINGS_TABLE:
 312 0114 00       		.byte	0
 313 0115 00       		.byte	0
 314 0116 81       		.byte	-127
 315 0117 03       		.byte	3
 316 0118 0800     		.short	8
 317 011a 02       		.byte	2
 318 011b 00       		.space	1
 319 011c 01       		.byte	1
 320 011d 00       		.byte	0
 321 011e 82       		.byte	-126
 322 011f 02       		.byte	2
 323 0120 4000     		.short	64
 324 0122 0A       		.byte	10
 325 0123 00       		.space	1
 326 0124 01       		.byte	1
 327 0125 00       		.byte	0
 328 0126 03       		.byte	3
 329 0127 02       		.byte	2
 330 0128 4000     		.short	64
 331 012a 0A       		.byte	10
 332 012b 00       		.space	1
 333              		.global	USBUART_DEVICE0_CONFIGURATION0_INTERFACE_CLASS
 334              		.align	2
 335              		.type	USBUART_DEVICE0_CONFIGURATION0_INTERFACE_CLASS, %object
 336              		.size	USBUART_DEVICE0_CONFIGURATION0_INTERFACE_CLASS, 2
 337              	USBUART_DEVICE0_CONFIGURATION0_INTERFACE_CLASS:
 338 012c 02       		.byte	2
 339 012d 0A       		.byte	10
 340              		.global	USBUART_DEVICE0_CONFIGURATION0_TABLE
 341 012e 0000     		.align	2
 342              		.type	USBUART_DEVICE0_CONFIGURATION0_TABLE, %object
ARM GAS  C:\Users\Bruger\AppData\Local\Temp\ccAKN4oE.s 			page 7


 343              		.size	USBUART_DEVICE0_CONFIGURATION0_TABLE, 40
 344              	USBUART_DEVICE0_CONFIGURATION0_TABLE:
 345 0130 01       		.byte	1
 346 0131 000000   		.space	3
 347 0134 00000000 		.word	USBUART_DEVICE0_CONFIGURATION0_DESCR
 348 0138 03       		.byte	3
 349 0139 000000   		.space	3
 350 013c 00000000 		.word	USBUART_DEVICE0_CONFIGURATION0_EP_SETTINGS_TABLE
 351 0140 00       		.byte	0
 352 0141 000000   		.space	3
 353 0144 00000000 		.word	0
 354 0148 00       		.byte	0
 355 0149 000000   		.space	3
 356 014c 00000000 		.word	0
 357 0150 00       		.byte	0
 358 0151 000000   		.space	3
 359 0154 00000000 		.word	USBUART_DEVICE0_CONFIGURATION0_INTERFACE_CLASS
 360              		.global	USBUART_DEVICE0_TABLE
 361              		.align	2
 362              		.type	USBUART_DEVICE0_TABLE, %object
 363              		.size	USBUART_DEVICE0_TABLE, 24
 364              	USBUART_DEVICE0_TABLE:
 365 0158 01       		.byte	1
 366 0159 000000   		.space	3
 367 015c 00000000 		.word	USBUART_DEVICE0_DESCR
 368 0160 00       		.byte	0
 369 0161 000000   		.space	3
 370 0164 00000000 		.word	0
 371 0168 01       		.byte	1
 372 0169 000000   		.space	3
 373 016c 00000000 		.word	USBUART_DEVICE0_CONFIGURATION0_TABLE
 374              		.global	USBUART_TABLE
 375              		.align	2
 376              		.type	USBUART_TABLE, %object
 377              		.size	USBUART_TABLE, 8
 378              	USBUART_TABLE:
 379 0170 01       		.byte	1
 380 0171 000000   		.space	3
 381 0174 00000000 		.word	USBUART_DEVICE0_TABLE
 382              		.global	USBUART_MSOS_DESCRIPTOR
 383              		.align	2
 384              		.type	USBUART_MSOS_DESCRIPTOR, %object
 385              		.size	USBUART_MSOS_DESCRIPTOR, 18
 386              	USBUART_MSOS_DESCRIPTOR:
 387 0178 12       		.byte	18
 388 0179 03       		.byte	3
 389 017a 4D       		.byte	77
 390 017b 00       		.byte	0
 391 017c 53       		.byte	83
 392 017d 00       		.byte	0
 393 017e 46       		.byte	70
 394 017f 00       		.byte	0
 395 0180 54       		.byte	84
 396 0181 00       		.byte	0
 397 0182 31       		.byte	49
 398 0183 00       		.byte	0
 399 0184 30       		.byte	48
ARM GAS  C:\Users\Bruger\AppData\Local\Temp\ccAKN4oE.s 			page 8


 400 0185 00       		.byte	0
 401 0186 30       		.byte	48
 402 0187 00       		.byte	0
 403 0188 01       		.byte	1
 404 0189 00       		.byte	0
 405              		.global	USBUART_MSOS_CONFIGURATION_DESCR
 406 018a 0000     		.align	2
 407              		.type	USBUART_MSOS_CONFIGURATION_DESCR, %object
 408              		.size	USBUART_MSOS_CONFIGURATION_DESCR, 40
 409              	USBUART_MSOS_CONFIGURATION_DESCR:
 410 018c 28       		.byte	40
 411 018d 00       		.byte	0
 412 018e 00       		.byte	0
 413 018f 00       		.byte	0
 414 0190 00       		.byte	0
 415 0191 01       		.byte	1
 416 0192 04       		.byte	4
 417 0193 00       		.byte	0
 418 0194 01       		.byte	1
 419 0195 00       		.byte	0
 420 0196 00       		.byte	0
 421 0197 00       		.byte	0
 422 0198 00       		.byte	0
 423 0199 00       		.byte	0
 424 019a 00       		.byte	0
 425 019b 00       		.byte	0
 426 019c 00       		.byte	0
 427 019d 01       		.byte	1
 428 019e 43       		.byte	67
 429 019f 59       		.byte	89
 430 01a0 55       		.byte	85
 431 01a1 53       		.byte	83
 432 01a2 42       		.byte	66
 433 01a3 00       		.byte	0
 434 01a4 00       		.byte	0
 435 01a5 00       		.byte	0
 436 01a6 30       		.byte	48
 437 01a7 30       		.byte	48
 438 01a8 30       		.byte	48
 439 01a9 30       		.byte	48
 440 01aa 31       		.byte	49
 441 01ab 00       		.byte	0
 442 01ac 00       		.byte	0
 443 01ad 00       		.byte	0
 444 01ae 00       		.byte	0
 445 01af 00       		.byte	0
 446 01b0 00       		.byte	0
 447 01b1 00       		.byte	0
 448 01b2 00       		.byte	0
 449 01b3 00       		.byte	0
 450              		.comm	USBUART_idSerialNumberStringDescriptor,34,4
 451              		.text
 452              	.Letext0:
 453              		.file 1 "Generated_Source\\PSoC5\\cytypes.h"
 454              		.file 2 "Generated_Source\\PSoC5\\USBUART.h"
 455              		.file 3 "Generated_Source\\PSoC5\\USBUART_descr.c"
 456              		.section	.debug_info,"",%progbits
ARM GAS  C:\Users\Bruger\AppData\Local\Temp\ccAKN4oE.s 			page 9


 457              	.Ldebug_info0:
 458 0000 C8020000 		.4byte	0x2c8
 459 0004 0400     		.2byte	0x4
 460 0006 00000000 		.4byte	.Ldebug_abbrev0
 461 000a 04       		.byte	0x4
 462 000b 01       		.uleb128 0x1
 463 000c 90010000 		.4byte	.LASF36
 464 0010 01       		.byte	0x1
 465 0011 93000000 		.4byte	.LASF37
 466 0015 2C020000 		.4byte	.LASF38
 467 0019 00000000 		.4byte	.Ldebug_line0
 468 001d 02       		.uleb128 0x2
 469 001e 01       		.byte	0x1
 470 001f 06       		.byte	0x6
 471 0020 3B030000 		.4byte	.LASF0
 472 0024 02       		.uleb128 0x2
 473 0025 01       		.byte	0x1
 474 0026 08       		.byte	0x8
 475 0027 FE000000 		.4byte	.LASF1
 476 002b 02       		.uleb128 0x2
 477 002c 02       		.byte	0x2
 478 002d 05       		.byte	0x5
 479 002e 18030000 		.4byte	.LASF2
 480 0032 02       		.uleb128 0x2
 481 0033 02       		.byte	0x2
 482 0034 07       		.byte	0x7
 483 0035 47030000 		.4byte	.LASF3
 484 0039 02       		.uleb128 0x2
 485 003a 04       		.byte	0x4
 486 003b 05       		.byte	0x5
 487 003c 32030000 		.4byte	.LASF4
 488 0040 02       		.uleb128 0x2
 489 0041 04       		.byte	0x4
 490 0042 07       		.byte	0x7
 491 0043 33010000 		.4byte	.LASF5
 492 0047 02       		.uleb128 0x2
 493 0048 08       		.byte	0x8
 494 0049 05       		.byte	0x5
 495 004a EC020000 		.4byte	.LASF6
 496 004e 02       		.uleb128 0x2
 497 004f 08       		.byte	0x8
 498 0050 07       		.byte	0x7
 499 0051 A0020000 		.4byte	.LASF7
 500 0055 03       		.uleb128 0x3
 501 0056 04       		.byte	0x4
 502 0057 05       		.byte	0x5
 503 0058 696E7400 		.ascii	"int\000"
 504 005c 02       		.uleb128 0x2
 505 005d 04       		.byte	0x4
 506 005e 07       		.byte	0x7
 507 005f 85020000 		.4byte	.LASF8
 508 0063 04       		.uleb128 0x4
 509 0064 22030000 		.4byte	.LASF9
 510 0068 01       		.byte	0x1
 511 0069 3801     		.2byte	0x138
 512 006b 24000000 		.4byte	0x24
 513 006f 04       		.uleb128 0x4
ARM GAS  C:\Users\Bruger\AppData\Local\Temp\ccAKN4oE.s 			page 10


 514 0070 25020000 		.4byte	.LASF10
 515 0074 01       		.byte	0x1
 516 0075 3901     		.2byte	0x139
 517 0077 32000000 		.4byte	0x32
 518 007b 02       		.uleb128 0x2
 519 007c 04       		.byte	0x4
 520 007d 04       		.byte	0x4
 521 007e D0000000 		.4byte	.LASF11
 522 0082 02       		.uleb128 0x2
 523 0083 08       		.byte	0x8
 524 0084 04       		.byte	0x4
 525 0085 1E020000 		.4byte	.LASF12
 526 0089 02       		.uleb128 0x2
 527 008a 01       		.byte	0x1
 528 008b 08       		.byte	0x8
 529 008c FA020000 		.4byte	.LASF13
 530 0090 02       		.uleb128 0x2
 531 0091 04       		.byte	0x4
 532 0092 07       		.byte	0x7
 533 0093 E3020000 		.4byte	.LASF14
 534 0097 05       		.uleb128 0x5
 535 0098 08       		.byte	0x8
 536 0099 02       		.byte	0x2
 537 009a 9B       		.byte	0x9b
 538 009b E8000000 		.4byte	0xe8
 539 009f 06       		.uleb128 0x6
 540 00a0 28030000 		.4byte	.LASF15
 541 00a4 02       		.byte	0x2
 542 00a5 9D       		.byte	0x9d
 543 00a6 63000000 		.4byte	0x63
 544 00aa 00       		.byte	0
 545 00ab 06       		.uleb128 0x6
 546 00ac F3000000 		.4byte	.LASF16
 547 00b0 02       		.byte	0x2
 548 00b1 9E       		.byte	0x9e
 549 00b2 63000000 		.4byte	0x63
 550 00b6 01       		.byte	0x1
 551 00b7 06       		.uleb128 0x6
 552 00b8 45010000 		.4byte	.LASF17
 553 00bc 02       		.byte	0x2
 554 00bd 9F       		.byte	0x9f
 555 00be 63000000 		.4byte	0x63
 556 00c2 02       		.byte	0x2
 557 00c3 06       		.uleb128 0x6
 558 00c4 0C010000 		.4byte	.LASF18
 559 00c8 02       		.byte	0x2
 560 00c9 A0       		.byte	0xa0
 561 00ca 63000000 		.4byte	0x63
 562 00ce 03       		.byte	0x3
 563 00cf 06       		.uleb128 0x6
 564 00d0 FF020000 		.4byte	.LASF19
 565 00d4 02       		.byte	0x2
 566 00d5 A1       		.byte	0xa1
 567 00d6 6F000000 		.4byte	0x6f
 568 00da 04       		.byte	0x4
 569 00db 06       		.uleb128 0x6
 570 00dc 70030000 		.4byte	.LASF20
ARM GAS  C:\Users\Bruger\AppData\Local\Temp\ccAKN4oE.s 			page 11


 571 00e0 02       		.byte	0x2
 572 00e1 A2       		.byte	0xa2
 573 00e2 63000000 		.4byte	0x63
 574 00e6 06       		.byte	0x6
 575 00e7 00       		.byte	0
 576 00e8 07       		.uleb128 0x7
 577 00e9 17010000 		.4byte	.LASF21
 578 00ed 02       		.byte	0x2
 579 00ee A3       		.byte	0xa3
 580 00ef 97000000 		.4byte	0x97
 581 00f3 05       		.uleb128 0x5
 582 00f4 08       		.byte	0x8
 583 00f5 02       		.byte	0x2
 584 00f6 B2       		.byte	0xb2
 585 00f7 12010000 		.4byte	0x112
 586 00fb 08       		.uleb128 0x8
 587 00fc 6300     		.ascii	"c\000"
 588 00fe 02       		.byte	0x2
 589 00ff B4       		.byte	0xb4
 590 0100 63000000 		.4byte	0x63
 591 0104 00       		.byte	0
 592 0105 06       		.uleb128 0x6
 593 0106 DC020000 		.4byte	.LASF22
 594 010a 02       		.byte	0x2
 595 010b B5       		.byte	0xb5
 596 010c 12010000 		.4byte	0x112
 597 0110 04       		.byte	0x4
 598 0111 00       		.byte	0
 599 0112 09       		.uleb128 0x9
 600 0113 04       		.byte	0x4
 601 0114 18010000 		.4byte	0x118
 602 0118 0A       		.uleb128 0xa
 603 0119 07       		.uleb128 0x7
 604 011a 92020000 		.4byte	.LASF23
 605 011e 02       		.byte	0x2
 606 011f B6       		.byte	0xb6
 607 0120 F3000000 		.4byte	0xf3
 608 0124 0B       		.uleb128 0xb
 609 0125 63000000 		.4byte	0x63
 610 0129 34010000 		.4byte	0x134
 611 012d 0C       		.uleb128 0xc
 612 012e 90000000 		.4byte	0x90
 613 0132 11       		.byte	0x11
 614 0133 00       		.byte	0
 615 0134 0D       		.uleb128 0xd
 616 0135 BA000000 		.4byte	.LASF24
 617 0139 03       		.byte	0x3
 618 013a 24       		.byte	0x24
 619 013b 45010000 		.4byte	0x145
 620 013f 05       		.uleb128 0x5
 621 0140 03       		.byte	0x3
 622 0141 00000000 		.4byte	USBUART_DEVICE0_DESCR
 623 0145 0E       		.uleb128 0xe
 624 0146 24010000 		.4byte	0x124
 625 014a 0B       		.uleb128 0xb
 626 014b 63000000 		.4byte	0x63
 627 014f 5A010000 		.4byte	0x15a
ARM GAS  C:\Users\Bruger\AppData\Local\Temp\ccAKN4oE.s 			page 12


 628 0153 0C       		.uleb128 0xc
 629 0154 90000000 		.4byte	0x90
 630 0158 42       		.byte	0x42
 631 0159 00       		.byte	0
 632 015a 0D       		.uleb128 0xd
 633 015b B7020000 		.4byte	.LASF25
 634 015f 03       		.byte	0x3
 635 0160 37       		.byte	0x37
 636 0161 6B010000 		.4byte	0x16b
 637 0165 05       		.uleb128 0x5
 638 0166 03       		.byte	0x3
 639 0167 00000000 		.4byte	USBUART_DEVICE0_CONFIGURATION0_DESCR
 640 016b 0E       		.uleb128 0xe
 641 016c 4A010000 		.4byte	0x14a
 642 0170 0B       		.uleb128 0xb
 643 0171 E8000000 		.4byte	0xe8
 644 0175 80010000 		.4byte	0x180
 645 0179 0C       		.uleb128 0xc
 646 017a 90000000 		.4byte	0x90
 647 017e 02       		.byte	0x2
 648 017f 00       		.byte	0
 649 0180 0D       		.uleb128 0xd
 650 0181 4A000000 		.4byte	.LASF26
 651 0185 03       		.byte	0x3
 652 0186 DF       		.byte	0xdf
 653 0187 91010000 		.4byte	0x191
 654 018b 05       		.uleb128 0x5
 655 018c 03       		.byte	0x3
 656 018d 00000000 		.4byte	USBUART_DEVICE0_CONFIGURATION0_EP_SETTINGS_TABLE
 657 0191 0E       		.uleb128 0xe
 658 0192 70010000 		.4byte	0x170
 659 0196 0B       		.uleb128 0xb
 660 0197 63000000 		.4byte	0x63
 661 019b A6010000 		.4byte	0x1a6
 662 019f 0C       		.uleb128 0xc
 663 01a0 90000000 		.4byte	0x90
 664 01a4 01       		.byte	0x1
 665 01a5 00       		.byte	0
 666 01a6 0D       		.uleb128 0xd
 667 01a7 00000000 		.4byte	.LASF27
 668 01ab 03       		.byte	0x3
 669 01ac E5       		.byte	0xe5
 670 01ad B7010000 		.4byte	0x1b7
 671 01b1 05       		.uleb128 0x5
 672 01b2 03       		.byte	0x3
 673 01b3 00000000 		.4byte	USBUART_DEVICE0_CONFIGURATION0_INTERFACE_CLASS
 674 01b7 0E       		.uleb128 0xe
 675 01b8 96010000 		.4byte	0x196
 676 01bc 0B       		.uleb128 0xb
 677 01bd 19010000 		.4byte	0x119
 678 01c1 CC010000 		.4byte	0x1cc
 679 01c5 0C       		.uleb128 0xc
 680 01c6 90000000 		.4byte	0x90
 681 01ca 04       		.byte	0x4
 682 01cb 00       		.byte	0
 683 01cc 0D       		.uleb128 0xd
 684 01cd 4A010000 		.4byte	.LASF28
ARM GAS  C:\Users\Bruger\AppData\Local\Temp\ccAKN4oE.s 			page 13


 685 01d1 03       		.byte	0x3
 686 01d2 ED       		.byte	0xed
 687 01d3 DD010000 		.4byte	0x1dd
 688 01d7 05       		.uleb128 0x5
 689 01d8 03       		.byte	0x3
 690 01d9 00000000 		.4byte	USBUART_DEVICE0_CONFIGURATION0_TABLE
 691 01dd 0E       		.uleb128 0xe
 692 01de BC010000 		.4byte	0x1bc
 693 01e2 0B       		.uleb128 0xb
 694 01e3 19010000 		.4byte	0x119
 695 01e7 F2010000 		.4byte	0x1f2
 696 01eb 0C       		.uleb128 0xc
 697 01ec 90000000 		.4byte	0x90
 698 01f0 02       		.byte	0x2
 699 01f1 00       		.byte	0
 700 01f2 0D       		.uleb128 0xd
 701 01f3 5A030000 		.4byte	.LASF29
 702 01f7 03       		.byte	0x3
 703 01f8 F8       		.byte	0xf8
 704 01f9 03020000 		.4byte	0x203
 705 01fd 05       		.uleb128 0x5
 706 01fe 03       		.byte	0x3
 707 01ff 00000000 		.4byte	USBUART_DEVICE0_TABLE
 708 0203 0E       		.uleb128 0xe
 709 0204 E2010000 		.4byte	0x1e2
 710 0208 0B       		.uleb128 0xb
 711 0209 19010000 		.4byte	0x119
 712 020d 18020000 		.4byte	0x218
 713 0211 0C       		.uleb128 0xc
 714 0212 90000000 		.4byte	0x90
 715 0216 00       		.byte	0
 716 0217 00       		.byte	0
 717 0218 0F       		.uleb128 0xf
 718 0219 0A030000 		.4byte	.LASF30
 719 021d 03       		.byte	0x3
 720 021e 0001     		.2byte	0x100
 721 0220 2A020000 		.4byte	0x22a
 722 0224 05       		.uleb128 0x5
 723 0225 03       		.byte	0x3
 724 0226 00000000 		.4byte	USBUART_TABLE
 725 022a 0E       		.uleb128 0xe
 726 022b 08020000 		.4byte	0x208
 727 022f 0D       		.uleb128 0xd
 728 0230 D6000000 		.4byte	.LASF31
 729 0234 03       		.byte	0x3
 730 0235 D0       		.byte	0xd0
 731 0236 40020000 		.4byte	0x240
 732 023a 05       		.uleb128 0x5
 733 023b 03       		.byte	0x3
 734 023c 00000000 		.4byte	USBUART_SN_STRING_DESCRIPTOR
 735 0240 0E       		.uleb128 0xe
 736 0241 96010000 		.4byte	0x196
 737 0245 0B       		.uleb128 0xb
 738 0246 63000000 		.4byte	0x63
 739 024a 55020000 		.4byte	0x255
 740 024e 0C       		.uleb128 0xc
 741 024f 90000000 		.4byte	0x90
ARM GAS  C:\Users\Bruger\AppData\Local\Temp\ccAKN4oE.s 			page 14


 742 0253 B4       		.byte	0xb4
 743 0254 00       		.byte	0
 744 0255 0D       		.uleb128 0xd
 745 0256 2F000000 		.4byte	.LASF32
 746 025a 03       		.byte	0x3
 747 025b 96       		.byte	0x96
 748 025c 66020000 		.4byte	0x266
 749 0260 05       		.uleb128 0x5
 750 0261 03       		.byte	0x3
 751 0262 00000000 		.4byte	USBUART_STRING_DESCRIPTORS
 752 0266 0E       		.uleb128 0xe
 753 0267 45020000 		.4byte	0x245
 754 026b 0F       		.uleb128 0xf
 755 026c 7B000000 		.4byte	.LASF33
 756 0270 03       		.byte	0x3
 757 0271 1001     		.2byte	0x110
 758 0273 7D020000 		.4byte	0x27d
 759 0277 05       		.uleb128 0x5
 760 0278 03       		.byte	0x3
 761 0279 00000000 		.4byte	USBUART_MSOS_DESCRIPTOR
 762 027d 0E       		.uleb128 0xe
 763 027e 24010000 		.4byte	0x124
 764 0282 0B       		.uleb128 0xb
 765 0283 63000000 		.4byte	0x63
 766 0287 92020000 		.4byte	0x292
 767 028b 0C       		.uleb128 0xc
 768 028c 90000000 		.4byte	0x90
 769 0290 27       		.byte	0x27
 770 0291 00       		.byte	0
 771 0292 0F       		.uleb128 0xf
 772 0293 6F010000 		.4byte	.LASF34
 773 0297 03       		.byte	0x3
 774 0298 1B01     		.2byte	0x11b
 775 029a A4020000 		.4byte	0x2a4
 776 029e 05       		.uleb128 0x5
 777 029f 03       		.byte	0x3
 778 02a0 00000000 		.4byte	USBUART_MSOS_CONFIGURATION_DESCR
 779 02a4 0E       		.uleb128 0xe
 780 02a5 82020000 		.4byte	0x282
 781 02a9 0B       		.uleb128 0xb
 782 02aa 63000000 		.4byte	0x63
 783 02ae B9020000 		.4byte	0x2b9
 784 02b2 0C       		.uleb128 0xc
 785 02b3 90000000 		.4byte	0x90
 786 02b7 21       		.byte	0x21
 787 02b8 00       		.byte	0
 788 02b9 0F       		.uleb128 0xf
 789 02ba 76030000 		.4byte	.LASF35
 790 02be 03       		.byte	0x3
 791 02bf 2E01     		.2byte	0x12e
 792 02c1 A9020000 		.4byte	0x2a9
 793 02c5 05       		.uleb128 0x5
 794 02c6 03       		.byte	0x3
 795 02c7 00000000 		.4byte	USBUART_idSerialNumberStringDescriptor
 796 02cb 00       		.byte	0
 797              		.section	.debug_abbrev,"",%progbits
 798              	.Ldebug_abbrev0:
ARM GAS  C:\Users\Bruger\AppData\Local\Temp\ccAKN4oE.s 			page 15


 799 0000 01       		.uleb128 0x1
 800 0001 11       		.uleb128 0x11
 801 0002 01       		.byte	0x1
 802 0003 25       		.uleb128 0x25
 803 0004 0E       		.uleb128 0xe
 804 0005 13       		.uleb128 0x13
 805 0006 0B       		.uleb128 0xb
 806 0007 03       		.uleb128 0x3
 807 0008 0E       		.uleb128 0xe
 808 0009 1B       		.uleb128 0x1b
 809 000a 0E       		.uleb128 0xe
 810 000b 10       		.uleb128 0x10
 811 000c 17       		.uleb128 0x17
 812 000d 00       		.byte	0
 813 000e 00       		.byte	0
 814 000f 02       		.uleb128 0x2
 815 0010 24       		.uleb128 0x24
 816 0011 00       		.byte	0
 817 0012 0B       		.uleb128 0xb
 818 0013 0B       		.uleb128 0xb
 819 0014 3E       		.uleb128 0x3e
 820 0015 0B       		.uleb128 0xb
 821 0016 03       		.uleb128 0x3
 822 0017 0E       		.uleb128 0xe
 823 0018 00       		.byte	0
 824 0019 00       		.byte	0
 825 001a 03       		.uleb128 0x3
 826 001b 24       		.uleb128 0x24
 827 001c 00       		.byte	0
 828 001d 0B       		.uleb128 0xb
 829 001e 0B       		.uleb128 0xb
 830 001f 3E       		.uleb128 0x3e
 831 0020 0B       		.uleb128 0xb
 832 0021 03       		.uleb128 0x3
 833 0022 08       		.uleb128 0x8
 834 0023 00       		.byte	0
 835 0024 00       		.byte	0
 836 0025 04       		.uleb128 0x4
 837 0026 16       		.uleb128 0x16
 838 0027 00       		.byte	0
 839 0028 03       		.uleb128 0x3
 840 0029 0E       		.uleb128 0xe
 841 002a 3A       		.uleb128 0x3a
 842 002b 0B       		.uleb128 0xb
 843 002c 3B       		.uleb128 0x3b
 844 002d 05       		.uleb128 0x5
 845 002e 49       		.uleb128 0x49
 846 002f 13       		.uleb128 0x13
 847 0030 00       		.byte	0
 848 0031 00       		.byte	0
 849 0032 05       		.uleb128 0x5
 850 0033 13       		.uleb128 0x13
 851 0034 01       		.byte	0x1
 852 0035 0B       		.uleb128 0xb
 853 0036 0B       		.uleb128 0xb
 854 0037 3A       		.uleb128 0x3a
 855 0038 0B       		.uleb128 0xb
ARM GAS  C:\Users\Bruger\AppData\Local\Temp\ccAKN4oE.s 			page 16


 856 0039 3B       		.uleb128 0x3b
 857 003a 0B       		.uleb128 0xb
 858 003b 01       		.uleb128 0x1
 859 003c 13       		.uleb128 0x13
 860 003d 00       		.byte	0
 861 003e 00       		.byte	0
 862 003f 06       		.uleb128 0x6
 863 0040 0D       		.uleb128 0xd
 864 0041 00       		.byte	0
 865 0042 03       		.uleb128 0x3
 866 0043 0E       		.uleb128 0xe
 867 0044 3A       		.uleb128 0x3a
 868 0045 0B       		.uleb128 0xb
 869 0046 3B       		.uleb128 0x3b
 870 0047 0B       		.uleb128 0xb
 871 0048 49       		.uleb128 0x49
 872 0049 13       		.uleb128 0x13
 873 004a 38       		.uleb128 0x38
 874 004b 0B       		.uleb128 0xb
 875 004c 00       		.byte	0
 876 004d 00       		.byte	0
 877 004e 07       		.uleb128 0x7
 878 004f 16       		.uleb128 0x16
 879 0050 00       		.byte	0
 880 0051 03       		.uleb128 0x3
 881 0052 0E       		.uleb128 0xe
 882 0053 3A       		.uleb128 0x3a
 883 0054 0B       		.uleb128 0xb
 884 0055 3B       		.uleb128 0x3b
 885 0056 0B       		.uleb128 0xb
 886 0057 49       		.uleb128 0x49
 887 0058 13       		.uleb128 0x13
 888 0059 00       		.byte	0
 889 005a 00       		.byte	0
 890 005b 08       		.uleb128 0x8
 891 005c 0D       		.uleb128 0xd
 892 005d 00       		.byte	0
 893 005e 03       		.uleb128 0x3
 894 005f 08       		.uleb128 0x8
 895 0060 3A       		.uleb128 0x3a
 896 0061 0B       		.uleb128 0xb
 897 0062 3B       		.uleb128 0x3b
 898 0063 0B       		.uleb128 0xb
 899 0064 49       		.uleb128 0x49
 900 0065 13       		.uleb128 0x13
 901 0066 38       		.uleb128 0x38
 902 0067 0B       		.uleb128 0xb
 903 0068 00       		.byte	0
 904 0069 00       		.byte	0
 905 006a 09       		.uleb128 0x9
 906 006b 0F       		.uleb128 0xf
 907 006c 00       		.byte	0
 908 006d 0B       		.uleb128 0xb
 909 006e 0B       		.uleb128 0xb
 910 006f 49       		.uleb128 0x49
 911 0070 13       		.uleb128 0x13
 912 0071 00       		.byte	0
ARM GAS  C:\Users\Bruger\AppData\Local\Temp\ccAKN4oE.s 			page 17


 913 0072 00       		.byte	0
 914 0073 0A       		.uleb128 0xa
 915 0074 26       		.uleb128 0x26
 916 0075 00       		.byte	0
 917 0076 00       		.byte	0
 918 0077 00       		.byte	0
 919 0078 0B       		.uleb128 0xb
 920 0079 01       		.uleb128 0x1
 921 007a 01       		.byte	0x1
 922 007b 49       		.uleb128 0x49
 923 007c 13       		.uleb128 0x13
 924 007d 01       		.uleb128 0x1
 925 007e 13       		.uleb128 0x13
 926 007f 00       		.byte	0
 927 0080 00       		.byte	0
 928 0081 0C       		.uleb128 0xc
 929 0082 21       		.uleb128 0x21
 930 0083 00       		.byte	0
 931 0084 49       		.uleb128 0x49
 932 0085 13       		.uleb128 0x13
 933 0086 2F       		.uleb128 0x2f
 934 0087 0B       		.uleb128 0xb
 935 0088 00       		.byte	0
 936 0089 00       		.byte	0
 937 008a 0D       		.uleb128 0xd
 938 008b 34       		.uleb128 0x34
 939 008c 00       		.byte	0
 940 008d 03       		.uleb128 0x3
 941 008e 0E       		.uleb128 0xe
 942 008f 3A       		.uleb128 0x3a
 943 0090 0B       		.uleb128 0xb
 944 0091 3B       		.uleb128 0x3b
 945 0092 0B       		.uleb128 0xb
 946 0093 49       		.uleb128 0x49
 947 0094 13       		.uleb128 0x13
 948 0095 3F       		.uleb128 0x3f
 949 0096 19       		.uleb128 0x19
 950 0097 02       		.uleb128 0x2
 951 0098 18       		.uleb128 0x18
 952 0099 00       		.byte	0
 953 009a 00       		.byte	0
 954 009b 0E       		.uleb128 0xe
 955 009c 26       		.uleb128 0x26
 956 009d 00       		.byte	0
 957 009e 49       		.uleb128 0x49
 958 009f 13       		.uleb128 0x13
 959 00a0 00       		.byte	0
 960 00a1 00       		.byte	0
 961 00a2 0F       		.uleb128 0xf
 962 00a3 34       		.uleb128 0x34
 963 00a4 00       		.byte	0
 964 00a5 03       		.uleb128 0x3
 965 00a6 0E       		.uleb128 0xe
 966 00a7 3A       		.uleb128 0x3a
 967 00a8 0B       		.uleb128 0xb
 968 00a9 3B       		.uleb128 0x3b
 969 00aa 05       		.uleb128 0x5
ARM GAS  C:\Users\Bruger\AppData\Local\Temp\ccAKN4oE.s 			page 18


 970 00ab 49       		.uleb128 0x49
 971 00ac 13       		.uleb128 0x13
 972 00ad 3F       		.uleb128 0x3f
 973 00ae 19       		.uleb128 0x19
 974 00af 02       		.uleb128 0x2
 975 00b0 18       		.uleb128 0x18
 976 00b1 00       		.byte	0
 977 00b2 00       		.byte	0
 978 00b3 00       		.byte	0
 979              		.section	.debug_aranges,"",%progbits
 980 0000 14000000 		.4byte	0x14
 981 0004 0200     		.2byte	0x2
 982 0006 00000000 		.4byte	.Ldebug_info0
 983 000a 04       		.byte	0x4
 984 000b 00       		.byte	0
 985 000c 0000     		.2byte	0
 986 000e 0000     		.2byte	0
 987 0010 00000000 		.4byte	0
 988 0014 00000000 		.4byte	0
 989              		.section	.debug_line,"",%progbits
 990              	.Ldebug_line0:
 991 0000 5D000000 		.section	.debug_str,"MS",%progbits,1
 991      02005700 
 991      00000201 
 991      FB0E0D00 
 991      01010101 
 992              	.LASF27:
 993 0000 55534255 		.ascii	"USBUART_DEVICE0_CONFIGURATION0_INTERFACE_CLASS\000"
 993      4152545F 
 993      44455649 
 993      4345305F 
 993      434F4E46 
 994              	.LASF32:
 995 002f 55534255 		.ascii	"USBUART_STRING_DESCRIPTORS\000"
 995      4152545F 
 995      53545249 
 995      4E475F44 
 995      45534352 
 996              	.LASF26:
 997 004a 55534255 		.ascii	"USBUART_DEVICE0_CONFIGURATION0_EP_SETTINGS_TABLE\000"
 997      4152545F 
 997      44455649 
 997      4345305F 
 997      434F4E46 
 998              	.LASF33:
 999 007b 55534255 		.ascii	"USBUART_MSOS_DESCRIPTOR\000"
 999      4152545F 
 999      4D534F53 
 999      5F444553 
 999      43524950 
 1000              	.LASF37:
 1001 0093 47656E65 		.ascii	"Generated_Source\\PSoC5\\USBUART_descr.c\000"
 1001      72617465 
 1001      645F536F 
 1001      75726365 
 1001      5C50536F 
 1002              	.LASF24:
ARM GAS  C:\Users\Bruger\AppData\Local\Temp\ccAKN4oE.s 			page 19


 1003 00ba 55534255 		.ascii	"USBUART_DEVICE0_DESCR\000"
 1003      4152545F 
 1003      44455649 
 1003      4345305F 
 1003      44455343 
 1004              	.LASF11:
 1005 00d0 666C6F61 		.ascii	"float\000"
 1005      7400
 1006              	.LASF31:
 1007 00d6 55534255 		.ascii	"USBUART_SN_STRING_DESCRIPTOR\000"
 1007      4152545F 
 1007      534E5F53 
 1007      5452494E 
 1007      475F4445 
 1008              	.LASF16:
 1009 00f3 616C7453 		.ascii	"altSetting\000"
 1009      65747469 
 1009      6E6700
 1010              	.LASF1:
 1011 00fe 756E7369 		.ascii	"unsigned char\000"
 1011      676E6564 
 1011      20636861 
 1011      7200
 1012              	.LASF18:
 1013 010c 61747472 		.ascii	"attributes\000"
 1013      69627574 
 1013      657300
 1014              	.LASF21:
 1015 0117 545F5553 		.ascii	"T_USBUART_EP_SETTINGS_BLOCK\000"
 1015      42554152 
 1015      545F4550 
 1015      5F534554 
 1015      54494E47 
 1016              	.LASF5:
 1017 0133 6C6F6E67 		.ascii	"long unsigned int\000"
 1017      20756E73 
 1017      69676E65 
 1017      6420696E 
 1017      7400
 1018              	.LASF17:
 1019 0145 61646472 		.ascii	"addr\000"
 1019      00
 1020              	.LASF28:
 1021 014a 55534255 		.ascii	"USBUART_DEVICE0_CONFIGURATION0_TABLE\000"
 1021      4152545F 
 1021      44455649 
 1021      4345305F 
 1021      434F4E46 
 1022              	.LASF34:
 1023 016f 55534255 		.ascii	"USBUART_MSOS_CONFIGURATION_DESCR\000"
 1023      4152545F 
 1023      4D534F53 
 1023      5F434F4E 
 1023      46494755 
 1024              	.LASF36:
 1025 0190 474E5520 		.ascii	"GNU C 4.9.3 20150303 (release) [ARM/embedded-4_9-br"
 1025      4320342E 
ARM GAS  C:\Users\Bruger\AppData\Local\Temp\ccAKN4oE.s 			page 20


 1025      392E3320 
 1025      32303135 
 1025      30333033 
 1026 01c3 616E6368 		.ascii	"anch revision 221220] -mcpu=cortex-m3 -mthumb -g -O"
 1026      20726576 
 1026      6973696F 
 1026      6E203232 
 1026      31323230 
 1027 01f6 30202D66 		.ascii	"0 -ffunction-sections -ffat-lto-objects\000"
 1027      66756E63 
 1027      74696F6E 
 1027      2D736563 
 1027      74696F6E 
 1028              	.LASF12:
 1029 021e 646F7562 		.ascii	"double\000"
 1029      6C6500
 1030              	.LASF10:
 1031 0225 75696E74 		.ascii	"uint16\000"
 1031      313600
 1032              	.LASF38:
 1033 022c 433A5C55 		.ascii	"C:\\Users\\Bruger\\Desktop\\CODE\\PSOC5\\CY8CKIT-59"
 1033      73657273 
 1033      5C427275 
 1033      6765725C 
 1033      4465736B 
 1034 0259 2D417264 		.ascii	"-Arduino\\CY8CKIT59_Ardudino-Speeduino.cydsn\000"
 1034      75696E6F 
 1034      5C435938 
 1034      434B4954 
 1034      35395F41 
 1035              	.LASF8:
 1036 0285 756E7369 		.ascii	"unsigned int\000"
 1036      676E6564 
 1036      20696E74 
 1036      00
 1037              	.LASF23:
 1038 0292 545F5553 		.ascii	"T_USBUART_LUT\000"
 1038      42554152 
 1038      545F4C55 
 1038      5400
 1039              	.LASF7:
 1040 02a0 6C6F6E67 		.ascii	"long long unsigned int\000"
 1040      206C6F6E 
 1040      6720756E 
 1040      7369676E 
 1040      65642069 
 1041              	.LASF25:
 1042 02b7 55534255 		.ascii	"USBUART_DEVICE0_CONFIGURATION0_DESCR\000"
 1042      4152545F 
 1042      44455649 
 1042      4345305F 
 1042      434F4E46 
 1043              	.LASF22:
 1044 02dc 705F6C69 		.ascii	"p_list\000"
 1044      737400
 1045              	.LASF14:
 1046 02e3 73697A65 		.ascii	"sizetype\000"
ARM GAS  C:\Users\Bruger\AppData\Local\Temp\ccAKN4oE.s 			page 21


 1046      74797065 
 1046      00
 1047              	.LASF6:
 1048 02ec 6C6F6E67 		.ascii	"long long int\000"
 1048      206C6F6E 
 1048      6720696E 
 1048      7400
 1049              	.LASF13:
 1050 02fa 63686172 		.ascii	"char\000"
 1050      00
 1051              	.LASF19:
 1052 02ff 62756666 		.ascii	"bufferSize\000"
 1052      65725369 
 1052      7A6500
 1053              	.LASF30:
 1054 030a 55534255 		.ascii	"USBUART_TABLE\000"
 1054      4152545F 
 1054      5441424C 
 1054      4500
 1055              	.LASF2:
 1056 0318 73686F72 		.ascii	"short int\000"
 1056      7420696E 
 1056      7400
 1057              	.LASF9:
 1058 0322 75696E74 		.ascii	"uint8\000"
 1058      3800
 1059              	.LASF15:
 1060 0328 696E7465 		.ascii	"interface\000"
 1060      72666163 
 1060      6500
 1061              	.LASF4:
 1062 0332 6C6F6E67 		.ascii	"long int\000"
 1062      20696E74 
 1062      00
 1063              	.LASF0:
 1064 033b 7369676E 		.ascii	"signed char\000"
 1064      65642063 
 1064      68617200 
 1065              	.LASF3:
 1066 0347 73686F72 		.ascii	"short unsigned int\000"
 1066      7420756E 
 1066      7369676E 
 1066      65642069 
 1066      6E7400
 1067              	.LASF29:
 1068 035a 55534255 		.ascii	"USBUART_DEVICE0_TABLE\000"
 1068      4152545F 
 1068      44455649 
 1068      4345305F 
 1068      5441424C 
 1069              	.LASF20:
 1070 0370 624D6973 		.ascii	"bMisc\000"
 1070      6300
 1071              	.LASF35:
 1072 0376 55534255 		.ascii	"USBUART_idSerialNumberStringDescriptor\000"
 1072      4152545F 
 1072      69645365 
ARM GAS  C:\Users\Bruger\AppData\Local\Temp\ccAKN4oE.s 			page 22


 1072      7269616C 
 1072      4E756D62 
 1073              		.ident	"GCC: (GNU Tools for ARM Embedded Processors) 4.9.3 20150303 (release) [ARM/embedded-4_9-br
