ARM GAS  C:\Users\Bruger\AppData\Local\Temp\ccwqIMSb.s 			page 1


   1              		.syntax unified
   2              		.cpu cortex-m3
   3              		.fpu softvfp
   4              		.eabi_attribute 20, 1
   5              		.eabi_attribute 21, 1
   6              		.eabi_attribute 23, 3
   7              		.eabi_attribute 24, 1
   8              		.eabi_attribute 25, 1
   9              		.eabi_attribute 26, 1
  10              		.eabi_attribute 30, 2
  11              		.eabi_attribute 34, 1
  12              		.eabi_attribute 18, 4
  13              		.thumb
  14              		.file	"Arduino_Math.cpp"
  15              		.text
  16              	.Ltext0:
  17              		.section	.gnu.lto_.profile.24bfb1b6,"",%progbits
  18 0000 789C6366 		.ascii	"x\234cf```a\200\000F\006eQ\000\000\317\000A"
  18      60606061 
  18      80004606 
  18      65510000 
  18      CF0041
  19              		.text
  20              		.section	.gnu.lto_.jmpfuncs.24bfb1b6,"",%progbits
  21 0000 789C6366 		.ascii	"x\234cf\300\016t\2414+\003+#\010\310\327\203\000#3\220"
  21      C00E74A1 
  21      342B032B 
  21      2308C8D7 
  21      83002333 
  22 0015 C90E6430 		.ascii	"\311\016d01122\327\3273C(\026\010\305\000\000\250\323"
  22      31313232 
  22      D7D73343 
  22      281608C5 
  22      0000A8D3 
  23 0029 077D     		.ascii	"\007}"
  24              		.text
  25              		.section	.gnu.lto_.inline.24bfb1b6,"",%progbits
  26 0000 789C7D4E 		.ascii	"x\234}N\301\011\200@\014K{9E\020D\364\357\012\016\340"
  26      C1098040 
  26      0C4B7B39 
  26      451044F4 
  26      EF0A0EE0 
  27 0014 000EE500 		.ascii	"\000\016\345\000\216\341\337U|8\212#\330\242\007\012"
  27      8EE1DF55 
  27      7C388A23 
  27      D8A2070A 
  28 0024 62202934 		.ascii	"b )4Ii\3007\266{F\240\250%B\0001\322\030\214j\314\315"
  28      4969C037 
  28      B67B46A0 
  28      A8254200 
  28      31D2188C 
  29 003b CE964EA1 		.ascii	"\316\226N\241{U\272\364.\203\313\010\036\253L~@\220"
  29      7B55BAF4 
  29      2E83CB08 
  29      1EAB4C7E 
  29      4090
  30 004d 4709A9EF 		.ascii	"G\011\251\357=\246\036\227\256\004\347\246\365\234\""
ARM GAS  C:\Users\Bruger\AppData\Local\Temp\ccwqIMSb.s 			page 2


  30      3DA61E97 
  30      AE04E7A6 
  30      F59C22
  31 005c 5234E5C2 		.ascii	"R4\345\302+\003_\374\332|\331||\306\353=\307\0117}\020"
  31      2B035FFC 
  31      DA7CD97C 
  31      7CC6EB3D 
  31      C709377D 
  32 0071 9B       		.ascii	"\233"
  33              		.text
  34              		.section	.gnu.lto_.pureconst.24bfb1b6,"",%progbits
  35 0000 789C6366 		.ascii	"x\234cf``\340f\200\000V\006\006F\006&\006f\006\026\006"
  35      6060E066 
  35      80005606 
  35      06460626 
  35      06660616 
  36 0015 00018C00 		.ascii	"\000\001\214\000\036"
  36      1E
  37              		.text
  38              		.section	.gnu.lto__Z3maplllll.24bfb1b6,"",%progbits
  39 0000 789C6D91 		.ascii	"x\234m\221\317k\023A\024\307\347;\263\273\371\261j\213"
  39      CF6B1341 
  39      14C7E73B 
  39      B3BBF9B1 
  39      6A8B
  40 0012 07695304 		.ascii	"\007iS\004\021B\361\"x+\236\354\315\213\377\201PB-\230"
  40      1142F122 
  40      782B9EEC 
  40      CD8BFF81 
  40      50422D98 
  41 0026 43935212 		.ascii	"C\223R\022\310-+\2559\364\024\202H\261\301B\245\370"
  41      C82D2BAD 
  41      39F41482 
  41      48B1C142 
  41      A5F8
  42 0038 AB366D2D 		.ascii	"\2536m-E\245\320\350\241\004\333\212\007Q*\322C\251"
  42      45A5D0E8 
  42      A104DB8A 
  42      07512AD2 
  42      43A9
  43 004a 60C0437F 		.ascii	"`\300C\177\210K\322H|o\306@\301,;\363\346}\367\373\331"
  43      884BD248 
  43      7C6FC640 
  43      C12C3BF3 
  43      E67DF7FB 
  44 005f 37F34689 		.ascii	"7\363F\211\377\237\010\215\224\024\242\217\"\224\200"
  44      FF9F088D 
  44      9414A28F 
  44      229480
  45 006e CC7F10E2 		.ascii	"\314\177\020\342NP\002\274\020\020Y\211,\252\362@\342"
  45      4E5002BC 
  45      10105989 
  45      2CAAF240 
  45      E2
  46 007f F5FCAF2D 		.ascii	"\365\374\257-\367\207\254IqAP\372\246P\231t8\205\305"
  46      F787AC49 
  46      714150FA 
ARM GAS  C:\Users\Bruger\AppData\Local\Temp\ccwqIMSb.s 			page 3


  46      A6509974 
  46      3885C5
  47 0092 E9F1EC7E 		.ascii	"\351\361\354~\325\351\235\365<o\377]q\375\324\335\353"
  47      D5E99DF5 
  47      3C6FFF5D 
  47      71FDD4DD 
  47      EB
  48 00a3 3529C591 		.ascii	"5)\305\221\024x\214\010\236\200\353\340)z\311\371\333"
  48      14788C08 
  48      9E80EBE0 
  48      297AC9F9 
  48      DB
  49 00b4 5B9FE850 		.ascii	"[\237\350P\335`ju\367p\016\321GD\225\247\227\274k\026"
  49      DD606A75 
  49      F7700ED1 
  49      474495A7 
  49      97BC6B16 
  50 00c8 41780675 		.ascii	"Ax\006u\222\343\377\3409\242\344\336\256\347\327:T\217"
  50      92E3FFE0 
  50      39A2E4DE 
  50      AEE7D73A 
  50      548F
  51 00da 260FA79A 		.ascii	"&\017\247\232W\015Xj\201sm\300\027\032,~\336\334U\352"
  51      570D586A 
  51      81736DC0 
  51      171A2C7E 
  51      DEDC55EA 
  52 00ee A2068F3F 		.ascii	"\242\006\217?\326\267lCn\266\310\3716dI\223\017\336"
  52      D6B76C43 
  52      6EB6C8F9 
  52      36644993 
  52      0FDE
  53 0100 6ED4CFA8 		.ascii	"n\324\317\250K\232|\377pf[\031\262\332\"\027\332\220"
  53      4B9A7CFF 
  53      70665B19 
  53      B2DA2217 
  53      DA90
  54 0112 8B9A5CD8 		.ascii	"\213\232\\\330\030\333\011\253+\232\254\275\332\253"
  54      18DB09AB 
  54      2B9AACBD 
  54      DAAB
  55 0120 B8866CB6 		.ascii	"\270\206l\266\310\2456\344KD\331~0\376\347\213\353\214"
  55      C8A536E4 
  55      4B44D97E 
  55      30FEE78B 
  55      EB8C
  56 0132 93BD935B 		.ascii	"\223\275\223[H\235[\206\003\212\245\263e\257\331<\232"
  56      489D5B86 
  56      038AA5B3 
  56      65AFD93C 
  56      9A
  57 0143 489D06B8 		.ascii	"H\235\006\270'tMt@\305\260\005\246mpu\207\205\000OA"
  57      27744D74 
  57      40C5B005 
  57      A66D7075 
  57      8785004F 
  58 0158 F03942BC 		.ascii	"\3609B\274\014\363\344\352:b\217\006\337\357wJ(\252"
ARM GAS  C:\Users\Bruger\AppData\Local\Temp\ccwqIMSb.s 			page 4


  58      0CF3E4EA 
  58      3A628F06 
  58      DFEF774A 
  58      28AA
  59 016a AF18BB97 		.ascii	"\257\030\273\227[9\317e|\251|\011\237>h\361\223eDz-"
  59      5B39CF65 
  59      7CA97C09 
  59      9F3E68F1 
  59      9365447A 
  60 017f 5FDA2CDE 		.ascii	"_\332,\336\3175\244\021\003\332\354\030g\3031b\310\227"
  60      CF35A411 
  60      03DAEC18 
  60      67C33162 
  60      C897
  61 0191 C17F7831 		.ascii	"\301\177x1\367\3236bX\233C,\026r\337\272\214\350j\335"
  61      F7D33662 
  61      589B432C 
  61      1672DFBA 
  61      8CE86ADD 
  62 01a5 163B7418 		.ascii	"\026;t\030#\010\336\032xK\264\301s\203\311\321\241\233"
  62      2308DE1A 
  62      784BB4C1 
  62      7383C9D1 
  62      A19B
  63 01b7 FDA3B7D2 		.ascii	"\375\243\267\322\361Dr\340F,u\373\362\340\310\210@\306"
  63      F14472E0 
  63      462C75FB 
  63      F2E0C888 
  63      40C6
  64 01c9 89270686 		.ascii	"\211'\006\206\343\011\035b\231@2\235\342\324\304X\346"
  64      E3091D62 
  64      9940329D 
  64      E2D4C458 
  64      E6
  65 01da 2FF8A9E3 		.ascii	"/\370\251\343\020"
  65      10
  66              		.text
  67              		.section	.gnu.lto__Z9constrainlll.24bfb1b6,"",%progbits
  68 0000 789C6D91 		.ascii	"x\234m\221\313+\204Q\030\306\337\347=\337\367%F&\013"
  68      CB2B8451 
  68      18C6DFE7 
  68      3DDFF725 
  68      46260B
  69 0013 B9443693 		.ascii	"\271D6\223\235\371\007,\260\262\361\037(\271\025\033"
  69      9DF9072C 
  69      B0B2F11F 
  69      28B9151B 
  70 0023 B7283B9F 		.ascii	"\267(;\237f,\310\224\313\306\206\015r\277\247\320\020"
  70      662CC894 
  70      CBC6860D 
  70      72BFA7D0 
  70      10
  71 0034 912CB041 		.ascii	"\221,\260A6\262`Fc\345n\232\244\361\236o\220\342\324"
  71      36B26046 
  71      63E56E9A 
  71      A4F19E6F 
  71      90E2D4
ARM GAS  C:\Users\Bruger\AppData\Local\Temp\ccwqIMSb.s 			page 5


  72 0047 D77B9EDE 		.ascii	"\327{\236\336\347\367\274\3379G\321\337U*\337\032\210"
  72      E7F7BCDF 
  72      3947D1DF 
  72      552ADF1A 
  72      88
  73 0058 F2A4C222 		.ascii	"\362\244\302\"p\377\011QW\022\263\031\314#;Y\235y\311"
  73      70FF0951 
  73      5712B319 
  73      CC233B59 
  73      9D79C9
  74 006b 76A92F65 		.ascii	"v\251/e8\312\200\2310\231\200\336\020\250\223\225a\242"
  74      38CA8099 
  74      309980DE 
  74      10A89395 
  74      61A2
  75 007d 1377FCC8 		.ascii	"\023w\374\310\330Xx9N\211p\214)\237Dn\016\036\016[Z"
  75      D8587839 
  75      4E89708C 
  75      299F446E 
  75      0E1E0E5B 
  76 0092 C2D0F27D 		.ascii	"\302\320\362}\342\341\316*\230\260m\373ap\357\324\325"
  76      E2E1CE2A 
  76      98B06DFB 
  76      6170EFD4 
  76      D5
  77 00a3 5D1663A6 		.ascii	"]\026c\246g&L\"\033S\310\326y\323(\020\347\233}\320"
  77      67264C22 
  77      1B53C8D6 
  77      79D32810 
  77      E79B7DD0 
  78 00b7 9BA6B2A0 		.ascii	"\233\246\262\240\251\340\365\323\034<cB\355\314\257"
  78      A9E0F5D3 
  78      1C3C6342 
  78      EDCCAF
  79 00c6 D8C58640 		.ascii	"\330\305\206@\230\201\372\315\351\034\314\302#\356\233"
  79      9881FACD 
  79      E91CCCC2 
  79      23EE9B
  80 00d5 BE816556 		.ascii	"\276\201eV9\01696\362\372\226\232 \267\276\311\271\177"
  80      390E3936 
  80      F2FA969A 
  80      20B7BEC9 
  80      B97F
  81 00e7 C879871C 		.ascii	"\310y\207\034\215\\\256C\345:\344\370\366P\300\225 "
  81      8D5CAE43 
  81      E53AE4F8 
  81      F650C095 
  81      20
  82 00f8 8FBFC985 		.ascii	"\217\277\311\205\177\310Ex\264\375\321\377q\221b\371"
  82      7FC84578 
  82      B4FDD1FF 
  82      719162F9 
  83 0108 C5EED6E7 		.ascii	"\305\356\326\347\221c,\301\222\233\245\305\364\035;"
  83      91632CC1 
  83      929BA5C5 
  83      F41D3B
  84 0117 1E5F0DEC 		.ascii	"\036_\015\354\026\211\024\202\241\177SA\2174\340\340"
ARM GAS  C:\Users\Bruger\AppData\Local\Temp\ccwqIMSb.s 			page 6


  84      16891482 
  84      A17F5341 
  84      8F34E0E0 
  85 0127 141240DF 		.ascii	"\024\022@\337eX\002\245\252s\370\217|\367\231:\"\312"
  85      655802A5 
  85      AA73F88F 
  85      7CF7993A 
  85      22CA
  86 0139 1C65E53C 		.ascii	"\034e\345<VX\352\231W7O|-?=\303\351\205\244\366\344"
  86      5658EA99 
  86      57374F7C 
  86      2D3F3DC3 
  86      E985A4F6 
  87 014e AA309B4E 		.ascii	"\2520\233N\300\025\272\334\024e\231\177\013\010\317"
  87      C015BADC 
  87      1465997F 
  87      0B08CF
  88 015d C19B64B1 		.ascii	"\301\233d\261\252}%\214q\271g\011\000\355\224\301\031"
  88      AA7D258C 
  88      71B96709 
  88      00ED94C1 
  88      19
  89 016e 354DAD75 		.ascii	"5M\255u\025%\255\265\355\015\215M\225\345Um\365\205"
  89      1525ADB5 
  89      ED0D8D4D 
  89      95E5556D 
  89      F585
  90 0180 35CDCD84 		.ascii	"5\315\315\204\016T\241\372\023I\347\241\000"
  90      0E54A1FA 
  90      1349E7A1 
  90      00
  91              		.text
  92              		.section	.gnu.lto__Z3minll.24bfb1b6,"",%progbits
  93 0000 789C6D90 		.ascii	"x\234m\220\261KBQ\024\207\317\357\334\347#R*\032\202"
  93      B14B4251 
  93      1487CFEF 
  93      DCE72352 
  93      2A1A82
  94 0013 2CA245DC 		.ascii	",\242E\334r\350\037\250\255\245\245\241)\210\260\240"
  94      72E81FA8 
  94      ADA5A5A1 
  94      2988B0A0 
  95 0023 961429A8 		.ascii	"\226\024)\250\311W\275\026\247\210\206\366\220,\315"
  95      C957BD16 
  95      A78886F6 
  95      902CCD
  96 0032 A2A9C441 		.ascii	"\242\251\304A\227h\351A`\2645\204Fn\232\221H\204\235"
  96      9768E941 
  96      60B43584 
  96      466E9A91 
  96      48849D
  97 0045 EB2308EA 		.ascii	"\353#\010\352\302\345\334s\371\276s\016G\321\3373.w"
  97      C2E5DC73 
  97      F9BE730E 
  97      47D1DF33 
  97      2E77
  98 0057 0644C312 		.ascii	"\006D\303\022\341!\360\236C\264\325\305l\344G\310\352"
ARM GAS  C:\Users\Bruger\AppData\Local\Temp\ccwqIMSb.s 			page 7


  98      E121F09E 
  98      43B4D5C5 
  98      6CE447C8 
  98      EA
  99 0068 56A51059 		.ascii	"V\245\020Y>\005\303\3756\000\375 P\234\225\2018\252"
  99      3E05C3FD 
  99      3600FD20 
  99      509C9581 
  99      38AA
 100 007a 5C675C67 		.ascii	"\\g\\g\337\357\274\257\334b\032%Is\373\267\207\246N"
 100      DFEFBCAF 
 100      DC621A25 
 100      4973FBB7 
 100      87A64E
 101 008d 61E8F433 		.ascii	"a\350\3643Y\253\232\301\244eY\265\355\244\343\333\235"
 101      59AB9AC1 
 101      A46559B5 
 101      EDA4E3DB 
 101      9D
 102 009e 6A315383 		.ascii	"j1S\203\011\307\360#\005\277.w\202\240\220\037\326M"
 102      09C7F023 
 102      05BF2E77 
 102      82A0901F 
 102      D64D
 103 00b0 A2570D42 		.ascii	"\242W\015B[\371\347\267\014\002Gb\025R\227\326\204!"
 103      5BF9E7B7 
 103      0C024762 
 103      155297D6 
 103      8421
 104 00c2 124EA17E 		.ascii	"\022N\241~{\272\016\322\010\010\235h\330E\237\032r\315"
 104      7BBA0ED2 
 104      08089D68 
 104      D8459F1A 
 104      72CD
 105 00d4 DC85D3E3 		.ascii	"\334\205\323\343\232W?f\346\037\363\014\001\215\327"
 105      9A573F66 
 105      E61FF30C 
 105      018DD7
 106 00e3 EDAF47AF 		.ascii	"\355\257G\257i\013\336\247\247\222a\2620e!t\336_\260"
 106      690BDEA7 
 106      A79261B2 
 106      30652174 
 106      DE5FB0
 107 00f6 DAEDC641 		.ascii	"\332\355\306Aq\326\003m0t3\205\216HeA\365**RJ\242z\200"
 107      71D6036D 
 107      30743385 
 107      8E486541 
 107      F52A2A52 
 108 010e EDECA4EF 		.ascii	"\355\354\244\357Y\333M\346&\253\316z\313\022K!Ua\243"
 108      59DB4DE6 
 108      26ABCE7A 
 108      CB124B21 
 108      5561A3
 109 0121 433D012E 		.ascii	"C=\001. \015^\000\241\230\204V\032\204&\244\352@8\022"
 109      200D5E00 
 109      A1988456 
 109      1A8426A4 
ARM GAS  C:\Users\Bruger\AppData\Local\Temp\ccwqIMSb.s 			page 8


 109      EA403812 
 110 0135 5B9A9B8C 		.ascii	"[\232\233\214-\256\257\254F\346\247\027\326\226\307"
 110      2DAEAFAC 
 110      46E6A717 
 110      D696C7
 111 0144 C2D12861 		.ascii	"\302\321(a\003\233\337\323\231}\213"
 111      039BDFD3 
 111      997D8B
 112              		.text
 113              		.section	.gnu.lto__Z3maxll.24bfb1b6,"",%progbits
 114 0000 789C6D90 		.ascii	"x\234m\220\277KBQ\024\307\317\367\334\347#R*\032\202"
 114      BF4B4251 
 114      14C7CFF7 
 114      DCE72352 
 114      2A1A82
 115 0013 2CA245DC 		.ascii	",\242E\334r\350\037\250\255\245\2459\210\260\240\226"
 115      72E81FA8 
 115      ADA5A539 
 115      88B0A096 
 116 0023 1429A8C9 		.ascii	"\024)\250\311\027=\027\247h\251\255!\242_\246QS\"\244"
 116      173D17A7 
 116      68A9AD21 
 116      A25FA651 
 116      5322A4
 117 0036 4BB4F4A0 		.ascii	"K\264\364\2400\332\032B#7\315H$\302\316\365\021\004"
 117      30DA1A42 
 117      2337CD48 
 117      24C2CEF5 
 117      1104
 118 0048 75E172EE 		.ascii	"u\341r\356\271|>\347\034\216\242\277gT\356\024\210\006"
 118      B97C3EE7 
 118      1C8EA2BF 
 118      6754EE14 
 118      8806
 119 005a 25C243E0 		.ascii	"%\302C\340M\207h\275\203\331\310\015\221\325\251\212"
 119      4D8768BD 
 119      83D9C80D 
 119      91D5A98A 
 120 006a 21B27C0A 		.ascii	"!\262|\012\206\373m\000\372A\2408+\003qT\270\306\270"
 120      86FB6D00 
 120      FA41A038 
 120      2B037154 
 120      B8C6B8
 121 007d 4CBFDF7A 		.ascii	"L\277\337z_\271\3114L\222f\267nvL\235\302\320\351\347"
 121      5FB9C934 
 121      4C9266B7 
 121      6E764C9D 
 121      C2D0E9E7 
 122 0091 7EB56206 		.ascii	"~\265b\006\367-\313\252\336'\034_b\242\311Lu&\034\300"
 122      F72DCBAA 
 122      DE271C5F 
 122      62A2C94C 
 122      75261CC0 
 123 00a5 8F43F875 		.ascii	"\217C\370u\271#\004\205\374\260\256\223\335\252\037"
 123      B9230485 
 123      FCB0AE93 
 123      DDAA1F
ARM GAS  C:\Users\Bruger\AppData\Local\Temp\ccwqIMSb.s 			page 9


 124 00b4 DACA3DBF 		.ascii	"\332\312=\277\245\020\330\023+\277{n\215\031\"\341\030"
 124      A510D813 
 124      2BBF7B6E 
 124      8D1922E1 
 124      18
 125 00c5 EAB7A7EB 		.ascii	"\352\267\247\353\340\004\001\241\223u\273\340S\003\256"
 125      E00401A1 
 125      9375BBE0 
 125      5303AE
 126 00d4 993D73BA 		.ascii	"\231=s\272\\3\363c\246\3761O\021\320x\315\376z\364\232"
 126      5C33F363 
 126      A6FE314F 
 126      11D078CD 
 126      FE7AF49A 
 127 00e8 B6E03D7A 		.ascii	"\266\340=z*\031&\015S\026B\231\336\274\325j]l\027\242"
 127      2A19260D 
 127      53164299 
 127      DEBCD56A 
 127      5D6C17A2 
 128 00fc 1E6883A1 		.ascii	"\036h\203\241\233)\264E*\011\252WQ\226R\022\325\003"
 128      9B29B445 
 128      2A09AA57 
 128      51965212 
 128      D503
 129 010e 6C67E3EA 		.ascii	"lg\343\352\216\265\335`n\260j\257\267$\261\030Re6\332"
 129      8EB5DD60 
 129      6EB06AAF 
 129      B724B118 
 129      526536DA 
 130 0122 D413E002 		.ascii	"\324\023\340\002\322\340\005\020\212Ih\245AhB\252\366"
 130      D2E00510 
 130      8A4968A5 
 130      416842AA 
 130      F6
 131 0133 8523B1F9 		.ascii	"\205#\261\371\351\361\330\334\312\342Rdfrvya$\034\215"
 131      E9F1D8DC 
 131      CAE25264 
 131      66727679 
 131      61241C8D 
 132 0147 1256B1F6 		.ascii	"\022V\261\366\015\362\367}\232"
 132      0DF2F77D 
 132      9A
 133              		.text
 134              		.section	.gnu.lto__Z8makeWordhh.24bfb1b6,"",%progbits
 135 0000 789C6550 		.ascii	"x\234eP\317+DQ\024>\337\275\357\275y\230\305d\241<\266"
 135      CF2B4451 
 135      143EDFBD 
 135      EFBD7998 
 135      C564A13C 
 136 0015 134ACA7F 		.ascii	"\023J\312\177\300\037\340?P\322P\224\320\304\332\305"
 136      C01FE03F 
 136      50D25094 
 136      D0C4DAC5 
 137 0025 682C2C94 		.ascii	"h,,\224\306\302\026\3715?\312N66Vj\026\022\022S\206"
 137      C6C216F9 
 137      353FCA4E 
 137      3636566A 
ARM GAS  C:\Users\Bruger\AppData\Local\Temp\ccwqIMSb.s 			page 10


 137      16121253 
 138 003a C9280B7A 		.ascii	"\311(\013zSc\026\032\347\314\214Rs\273\367\234\373\235"
 138      5363161A 
 138      E7CC8C52 
 138      73BBF79C 
 138      FB9D
 139 004c BEEFDCEF 		.ascii	"\276\357\334\357\036M\315\313\343\223\002Q7gh\202\332"
 139      1E4DCDCB 
 139      E3930251 
 139      37676882 
 139      DA
 140 005d CC122DBB 		.ascii	"\314\022-\273\012\220\013\201\226\024\226\360\256\276"
 140      0A900B81 
 140      961496F0 
 140      AEBE
 141 006b 14AEF2DF 		.ascii	"\024\256\362\337~\260\250*\212B\304p\347\256P\322\002"
 141      7EB0A82A 
 141      8A42C470 
 141      E7AE50D2 
 141      02
 142 007c A1049EFB 		.ascii	"\241\004\236\373\331\274\323\263o\314\312\347\351\333"
 142      D9BCD3B3 
 142      6FCCCAE7 
 142      E9DB
 143 008a 5670ADB7 		.ascii	"Vp\255\267\242\024\371\212p\000\017\207\220wp\204\036"
 143      A214F98A 
 143      70000F87 
 143      90777084 
 143      1E
 144 009b 6616634F 		.ascii	"f\026cO%KwBT\276\271}n\015\357\262\352\342<m\206PQ\032"
 144      254B7742 
 144      54BEB97D 
 144      6E0DEFB2 
 144      EAE23C6D 
 145 00b3 C7D0A2EB 		.ascii	"\307\320\242\353\367\320\347\021\027\010'\0103\367\372"
 145      F7D0E711 
 145      17082708 
 145      33F7FA
 146 00c2 B2D4A5BB 		.ascii	"\262\324\245\273j\262\233\215\263DK]\226\375\223%\233"
 146      6AB29B8D 
 146      B3444B5D 
 146      96FD9325 
 146      9B
 147 00d3 64298485 		.ascii	"d)\204\205\374\025\373\271ksb\306\230\220\030b\037i"
 147      FC15FBB9 
 147      6B7362C6 
 147      98901862 
 147      1F69
 148 00e5 38FC65CA 		.ascii	"8\374e\312\264_\230j\365%\271>\330\012\310#\212u\226"
 148      B45F986A 
 148      F525B93E 
 148      D80AC823 
 148      8A7596
 149 00f8 966071B0 		.ascii	"\226`q\260mH\013G\256\001\011.\311\237\350\225\217\014"
 149      6D480B47 
 149      AE01092E 
 149      C99FE895 
ARM GAS  C:\Users\Bruger\AppData\Local\Temp\ccwqIMSb.s 			page 11


 149      8F0C
 150 010a A7C080B3 		.ascii	"\247\300\200\263~\300J.\376\341H\327\262Re\005z\300"
 150      7EC04A2E 
 150      FEE148D7 
 150      B2526505 
 150      7AC0
 151 011c EA63036B 		.ascii	"\352c\003k.\261\207\275\304v\322\226aY.!\303\323`\321"
 151      2EB187BD 
 151      C476D296 
 151      61592E21 
 151      C3D360D1 
 152 0130 7DFC2350 		.ascii	"}\374#P'Y\314\223J\256\201y\333\322\244\324h\022\250"
 152      2759CC93 
 152      4AAE8179 
 152      DBD2A4D4 
 152      6812A8
 153 0143 519CFF14 		.ascii	"Q\234\377\024\227\253\224c\333uDb\013b\207\315uD\346"
 153      97AB9463 
 153      DB754462 
 153      0B6287CD 
 153      7544E6
 154 0156 A293A3C3 		.ascii	"\242\223\243\303\321\211\305\351\331\271\261\221\361"
 154      D189C5E9 
 154      D9B9B191 
 154      F1
 155 0163 85A981C8 		.ascii	"\205\251\201\310\374<a\0123\277:\227\226z"
 155      FC3C610A 
 155      33BF3A97 
 155      967A
 156              		.text
 157              		.section	.gnu.lto_.symbol_nodes.24bfb1b6,"",%progbits
 158 0000 789C6366 		.ascii	"x\234cf``\010g\200\002\246)\214\365\014\014\023\316"
 158      60600867 
 158      8002A629 
 158      8CF50C0C 
 158      13CE
 159 0012 3130D4D7 		.ascii	"10\324\3273\314[\300\301\3004\225\261\236\021E`\032"
 159      33CC5BC0 
 159      C1C03495 
 159      B19E1145 
 159      601A
 160 0024 633D138A 		.ascii	"c=\023\212\300t\306zf\024\201\031\214\365,\310\002\014"
 160      C074C67A 
 160      66148119 
 160      8CF52CC8 
 160      020C
 161 0036 002DC518 		.ascii	"\000-\305\030\007"
 161      07
 162              		.text
 163              		.section	.gnu.lto_.refs.24bfb1b6,"",%progbits
 164 0000 789C6366 		.ascii	"x\234cf```d\200\002\000\000=\000\005"
 164      60606064 
 164      80020000 
 164      3D0005
 165              		.text
 166              		.section	.gnu.lto_.decls.24bfb1b6,"",%progbits
 167 0000 789CBD54 		.ascii	"x\234\275T_L[e\024\277\347~\245-\027\204\275\310\014"
ARM GAS  C:\Users\Bruger\AppData\Local\Temp\ccwqIMSb.s 			page 12


 167      5F4C5B65 
 167      14BFE77E 
 167      A52D1784 
 167      BDC80C
 168 0013 F1A14FC4 		.ascii	"\361\241O\304e\214LY\026f|\320\370`b\324\314\007\263"
 168      658C4C59 
 168      16667CD0 
 168      F86062D4 
 168      CC07B3
 169 0026 8835CDB5 		.ascii	"\2105\315\265\\\326\306\376\363\266$\354\311\013,\332"
 169      5CD6C6FE 
 169      F3B624EC 
 169      C90B2CDA 
 170 0036 20815161 		.ascii	" \201Qa\014\324\271\210\374\331\334\006cS\006u\302\252"
 170      0CD4B988 
 170      FCD9DC06 
 170      63530675 
 170      C2AA
 171 0048 5336D818 		.ascii	"S6\330\0302\306`#\362gK\220\251+\002\216\340F=\337w"
 171      32C66023 
 171      F2674B90 
 171      A92B028E 
 171      E0463DDF 
 172 005d B9B46C1D 		.ascii	"\271\264l\035\331\223'9\3159\277\357|\277\357wNOK8\216"
 172      D9932739 
 172      CD39BFEF 
 172      7CBFEF77 
 172      4E4F4B38 
 173 0072 DB061C17 		.ascii	"\333\006\034\027A\253M\340\270\032\214\365\210\355\344"
 173      41AB4DE0 
 173      B81A8CF5 
 173      88EDE4
 174 0081 A28630D7 		.ascii	"\242\2060\327\206\336\201\336\205\036B\037\345\0366"
 174      86DE81DE 
 174      851E421F 
 174      E51E36
 175 0090 5A43D053 		.ascii	"ZC\320S\320\2239\225\207\032\254\234=h\035\353\324w"
 175      D0933995 
 175      871AAC9C 
 175      3D681DEB 
 175      D477
 176 00a2 C4A9EF5A 		.ascii	"\304\251\357Z\247\276+N}h\235\372P\234\372\321\225\032"
 176      A7BE2B4E 
 176      7D689DFA 
 176      509CFAD1 
 176      951A
 177 00b4 ADBE0F7D 		.ascii	"\255\276\017}\020\375U\364\261\230\273\361z\237\345"
 177      10FD55F4 
 177      B198BBF1 
 177      7A9FE5
 178 00c3 A1E3F8FC 		.ascii	"\241\343\370\374\305\244i\036R\004\023M;\003=\007\364"
 178      C5A4691E 
 178      5204134D 
 178      3B033D07 
 178      F4
 179 00d4 98260B3A 		.ascii	"\230&\013:\232\206\372O\357\007\035\217\014z\001\336"
 179      9A86FA4F 
ARM GAS  C:\Users\Bruger\AppData\Local\Temp\ccwqIMSb.s 			page 13


 179      EF071D8F 
 179      0C7A01DE 
 180 00e4 61D0D140 		.ascii	"a\320\321@\360S\243\006\035\006\206U\375^=\244\327\260"
 180      F053A306 
 180      1D068655 
 180      FD5E3DA4 
 180      D7B0
 181 00f6 232AB6FF 		.ascii	"#*\266\377fe$Y\303\276Q\261\206\236\340\230A\303\216"
 181      66652459 
 181      C3BE51B1 
 181      869EE098 
 181      41C38E
 182 0109 AAD8A58A 		.ascii	"\252\330\245\212@\211qc\265\202\266\257D\331\240\243"
 182      40897163 
 182      B582B6AF 
 182      44D9A0A3 
 183 0119 474D900E 		.ascii	"GM\220\016\315\220\216u\307a#~\036\303R\246\266\245"
 183      CD908E75 
 183      C761237E 
 183      1EC352A6 
 183      B6A5
 184 012b E5FCAC8E 		.ascii	"\345\374\254\216\360@\343\251\356\312\251\244\314#x"
 184      F040E3A9 
 184      EECAA9A4 
 184      CC2378
 185 013a CFAF746F 		.ascii	"\317\257to\215v4{\356\346\"!\251\254f\262\321?\236l"
 185      8D76347B 
 185      EEE62221 
 185      A9AC66B2 
 185      D13F9E6C 
 186 014e 3AA8B4B6 		.ascii	":\250\264\266\206\203=R\367^\345^$B\030+\264\000\201"
 186      86833D52 
 186      F75EE55E 
 186      2442182B 
 186      B40081
 187 0161 56C864E3 		.ascii	"V\310d\3439\001D\235S\033\230\036\243\353\223q\272>"
 187      3901449D 
 187      531B981E 
 187      A3EB9371 
 187      BA3E
 188 0173 A562B57F 		.ascii	"\245b\265\177,t\222Gv\363\035\353\346\333\325nJo\204"
 188      2C749247 
 188      76F31DEB 
 188      E6DBD56E 
 188      4A6F84
 189 0186 12C8734C 		.ascii	"\022\310sLi\377\355\217\032\214\344\005\026\267M|\234"
 189      69FFED8F 
 189      1A8CE405 
 189      16B74D7C 
 189      9C
 190 0197 CD441FAA 		.ascii	"\315D\037\252mS^TE\323\273\320\036\243\371\264\246\271"
 190      6D535E54 
 190      45D3BBD0 
 190      1EA3F9B4 
 190      A6B9
 191 01a9 E3B13477 		.ascii	"\343\2614w\252\372\346f\276l1<R\337\367L_P\323\367\357"
 191      AAFAE666 
ARM GAS  C:\Users\Bruger\AppData\Local\Temp\ccwqIMSb.s 			page 14


 191      BE6C313C 
 191      52DFF74C 
 191      5F50D3F7 
 192 01be C49F7B93 		.ascii	"\304\237{\223\310kL\323x\375\255\005Bv\262xh\350\336"
 192      C86B4CD3 
 192      78FDAD05 
 192      4276B278 
 192      68E8DE
 193 01d1 48822AB0 		.ascii	"H\202*\2609*\020/\303\231\030\201?h\002\273\230\300"
 193      392A102F 
 193      C3991881 
 193      3F6802BB 
 193      98C0
 194 01e3 B2CFA7AF 		.ascii	"\262\317\247\257\030\311\333\214\240}!<C\310\273,\236"
 194      18C9DB8C 
 194      A07D213C 
 194      43C8BB2C 
 194      9E
 195 01f4 AE3A33C3 		.ascii	"\256:3\303\253d\307\326\222u\307\220\235\325\310B\214"
 195      AB64C7D6 
 195      9275C790 
 195      9DD5C842 
 195      8C
 196 0205 AC777271 		.ascii	"\254wrq.\231m\355\006\312Q7|k\236\260\255\345iZ}\341"
 196      2E996DED 
 196      06CA5137 
 196      7C6B9EB0 
 196      ADE5695A 
 197 021b B38A0492 		.ascii	"\263\212\004\222\317\350\367M\004\006u\304\315\342\242"
 197      CFE8F74D 
 197      040675C4 
 197      CDE2A2
 198 022a C6609901 		.ascii	"\306`\231\001\313L\002k\257\346\366\342)#K\351R\314"
 198      CB4C026B 
 198      AFE6F6E2 
 198      29234BE9 
 198      52CC
 199 023c F2FC5763 		.ascii	"\362\374Wc\227'\022!C\370\032\247\023^\232\272\372\264"
 199      97271221 
 199      43F81AA7 
 199      135E9ABA 
 199      FAB4
 200 024e A2E8E002 		.ascii	"\242\350\340\002\010\360\363\252\022v\227\232_Q\212"
 200      08F0F3AA 
 200      1276979A 
 200      5F518A
 201 025d 15A54449 		.ascii	"\025\245DIhN\341\340G\234\340O8A8\017\031\254\002~A"
 201      684EE1E0 
 201      479CE04F 
 201      3841380F 
 201      19AC027E 
 202 0272 A4071164 		.ascii	"\244\007\021d=9\371\327'\202\306z\277)\220FY\373\220"
 202      3D39F9D7 
 202      2782C67A 
 202      BF299046 
 202      59FB90
 203 0285 F55C9415 		.ascii	"\365\\\224\025\037Y\217\266\367aZ\250\031\270\326\256"
ARM GAS  C:\Users\Bruger\AppData\Local\Temp\ccwqIMSb.s 			page 15


 203      1F598FB6 
 203      F7615AA8 
 203      19B8D6AE 
 204 0295 2377D4DF 		.ascii	"#w\324\337B\351\365\303}\006r\227_\323f\232\332fyo\335"
 204      42E9F5C3 
 204      7D067297 
 204      5FD3669A 
 204      DA66796F 
 205 02aa 59C2D208 		.ascii	"Y\302\322\010=\346\003S\363\015\000B\006{*\034P\310"
 205      3DE60353 
 205      F30D0042 
 205      067B2A1C 
 205      50C8
 206 02bc 531C64A6 		.ascii	"S\034d\246\303&|\347W|\207\336\202~|\3472\276\243N\242"
 206      C3267CE7 
 206      577C87DE 
 206      827E7CE7 
 206      32BEA34E 
 207 02d1 BE824D62 		.ascii	"\276\202Mb\0005_\212jN\023\264\237\034?>\334\360f|\306"
 207      00355F8A 
 207      6A4E13B4 
 207      9F1C3F3E 
 207      DCF0667C 
 208 02e6 2B7119EF 		.ascii	"+q\031\3577\365>I\031\007\221\361b\224q\000V)\341\340"
 208      37F53E49 
 208      190791F1 
 208      62947100 
 208      5629E1E0 
 209 02fa DF75E5EA 		.ascii	"\337u\345\352\362\322\"u\241\227\226\033\353\205UlH"
 209      F2D22275 
 209      A197961B 
 209      EB85556C 
 209      48
 210 030b DDE8CE13 		.ascii	"\335\350\316\023\341/t\261\033MG\033]\351a\266\322W"
 210      E12F74B1 
 210      1B4D471B 
 210      5DE961B6 
 210      D257
 211 031d B5955EBE 		.ascii	"\265\225^\276;\267\254'E\204\015\352\267;\345e\251\244"
 211      3BB7AC27 
 211      45840DEA 
 211      B73BE565 
 211      A9A4
 212 032f 544D2696 		.ascii	"TM&\226\226v\255\374S\374c\253U\016\025+\313\021\034"
 212      9676ADFC 
 212      53FC63AB 
 212      550E152B 
 212      CB111C
 213 0342 1825806B 		.ascii	"\030%\200k1\2338\242m\342(\335DR5\022,6@z\272p\200\376"
 213      319B38A2 
 213      6DE228DD 
 213      44523512 
 213      2C36407A 
 214 035a 0DF92B97 		.ascii	"\015\371+\227?\214\250Va\2001\354\207\302\213H\304\022"
 214      3F8CA856 
 214      618031EC 
 214      87C28B48 
ARM GAS  C:\Users\Bruger\AppData\Local\Temp\ccwqIMSb.s 			page 16


 214      C412
 215 036c 3F55F9E0 		.ascii	"?U\371\340\267\313\261#\016\256c~\203~\3334%N\321c|"
 215      B7CBB123 
 215      0EAE637E 
 215      837EDB34 
 215      254ED163 
 216 0381 E58DB74C 		.ascii	"\345\215\267L/o\336\314%Yr\2631wPK\263\272e\311\374"
 216      2F6FDECC 
 216      255972B3 
 216      3177504B 
 216      B3BA65C9 
 217 0396 929C5760 		.ascii	"\222\234W`w\271-\257\213>[\226\325\343\341\022\255n"
 217      77B92DAF 
 217      8B3E5B96 
 217      D5E3E112 
 217      AD6E
 218 03a8 97D7278B 		.ascii	"\227\327'\213vW\252%w\307j\202\027\210\323\3562R\002"
 218      7657AA25 
 218      77C76A82 
 218      1788D3EE 
 218      325202
 219 03bb 9A216D21 		.ascii	"\232!m!K\304B\207\303\210\024\276g\267[|\202\305\242"
 219      4BC44287 
 219      C38814BE 
 219      67B75B7C 
 219      82C5A2
 220 03ce 8545607D 		.ascii	"\205E`}\336\354\221\335\273e\321i\312\267;$\257\351"
 220      DEEC91DD 
 220      BB65D169 
 220      CAB73B24 
 220      AFE9
 221 03e0 99C29CED 		.ascii	"\231\302\234\355\233\314\326=\036Y\362z\315\036\257"
 221      9BCCD63D 
 221      1E59F27A 
 221      CD1EAF
 222 03ef DB6AB2CA 		.ascii	"\333j\262\312\222\350s\313\346mY[\327\002v\247\307-"
 222      92E873CB 
 222      E66D595B 
 222      D70276A7 
 222      C72D
 223 0401 FBCCBB5D 		.ascii	"\373\314\273]\005fQv\342\371\216\254l\032mq\271]\322"
 223      05665176 
 223      E2F98EAC 
 223      6C1A6D71 
 223      B95DD2
 224 0414 16497CCF 		.ascii	"\026I|\317n\266\273\254\216\202<\311\354\024\2556\273"
 224      6EB6BBAC 
 224      8E823CC9 
 224      EC14AD36 
 224      BB
 225 0425 4B325BF2 		.ascii	"K2[\362\244|\261\300\341\263\370\366x$o\226\215\373"
 225      A47CB1C0 
 225      E1B3F8F6 
 225      78246F96 
 225      8DFB
 226 0437 E0FF52E0 		.ascii	"\340\377R\340\365\345a\327\370\242\201v\237c\361%\252"
 226      F5E561D7 
ARM GAS  C:\Users\Bruger\AppData\Local\Temp\ccwqIMSb.s 			page 17


 226      F8A28176 
 226      9F63F125 
 226      AA
 227 0448 73C0C8E8 		.ascii	"s\300\310\350\024\337\227v\271\345\274',\2719Zl\263"
 227      14DF9776 
 227      B9E5BC27 
 227      2CB9395A 
 227      6CB3
 228 045a FD07C199 		.ascii	"\375\007\301\231U\323"
 228      55D3
 229              		.text
 230              		.section	.gnu.lto_.symtab.24bfb1b6,"",%progbits
 231 0000 5F5A336D 		.ascii	"_Z3maplllll\000\000\000\000\000\000\000\000\000\000"
 231      61706C6C 
 231      6C6C6C00 
 231      00000000 
 231      00000000 
 232 0015 0000B200 		.ascii	"\000\000\262\000\000\000_Z9constrainlll\000\000\000"
 232      00005F5A 
 232      39636F6E 
 232      73747261 
 232      696E6C6C 
 233 002d 00000000 		.ascii	"\000\000\000\000\000\000\000\000\000\271\000\000\000"
 233      00000000 
 233      00B90000 
 233      00
 234 003a 5F5A336D 		.ascii	"_Z3minll\000\000\000\000\000\000\000\000\000\000\000"
 234      696E6C6C 
 234      00000000 
 234      00000000 
 234      000000
 235 004d 00BF0000 		.ascii	"\000\277\000\000\000_Z3maxll\000\000\000\000\000\000"
 235      005F5A33 
 235      6D61786C 
 235      6C000000 
 235      000000
 236 0060 00000000 		.ascii	"\000\000\000\000\000\000\302\000\000\000_Z8makeWord"
 236      0000C200 
 236      00005F5A 
 236      386D616B 
 236      65576F72 
 237 0075 68680000 		.ascii	"hh\000\000\000\000\000\000\000\000\000\000\000\000\332"
 237      00000000 
 237      00000000 
 237      0000DA
 238 0084 000000   		.ascii	"\000\000\000"
 239              		.text
 240              		.section	.gnu.lto_.opts,"",%progbits
 241 0000 272D6665 		.ascii	"'-fexceptions' '-fno-trapv' '-mcpu=cortex-m3' '-mth"
 241      78636570 
 241      74696F6E 
 241      73272027 
 241      2D666E6F 
 242 0033 756D6227 		.ascii	"umb' '-g' '-O3' '-ffunction-sections' '-finline-fun"
 242      20272D67 
 242      2720272D 
 242      4F332720 
ARM GAS  C:\Users\Bruger\AppData\Local\Temp\ccwqIMSb.s 			page 18


 242      272D6666 
 243 0066 6374696F 		.ascii	"ctions' '-flto' '-ffat-lto-objects'\000"
 243      6E732720 
 243      272D666C 
 243      746F2720 
 243      272D6666 
 244              		.text
 245              		.cfi_sections	.debug_frame
 246              		.section	.text._Z3maplllll,"ax",%progbits
 247              		.align	2
 248              		.global	_Z3maplllll
 249              		.thumb
 250              		.thumb_func
 251              		.type	_Z3maplllll, %function
 252              	_Z3maplllll:
 253              		.fnstart
 254              	.LFB148:
 255              		.file 1 "core\\Arduino_Math.cpp"
   1:core/Arduino_Math.cpp **** #include <Arduino.h>
   2:core/Arduino_Math.cpp **** #include "WMath.h"
   3:core/Arduino_Math.cpp **** 
   4:core/Arduino_Math.cpp **** long map(long x, long in_min, long in_max, long out_min, long out_max)
   5:core/Arduino_Math.cpp **** {
 256              		.loc 1 5 0
 257              		.cfi_startproc
 258              		@ args = 4, pretend = 0, frame = 0
 259              		@ frame_needed = 0, uses_anonymous_args = 0
 260              		@ link register save eliminated.
 261              	.LVL0:
 262 0000 10B4     		push	{r4}
 263              		.cfi_def_cfa_offset 4
 264              		.cfi_offset 4, -4
 265              		.loc 1 5 0
 266 0002 019C     		ldr	r4, [sp, #4]
   6:core/Arduino_Math.cpp ****   return (x - in_min) * (out_max - out_min) / (in_max - in_min) + out_min;
 267              		.loc 1 6 0
 268 0004 401A     		subs	r0, r0, r1
 269              	.LVL1:
 270 0006 E41A     		subs	r4, r4, r3
 271 0008 04FB00F0 		mul	r0, r4, r0
 272 000c 521A     		subs	r2, r2, r1
 273              	.LVL2:
 274 000e 90FBF2F0 		sdiv	r0, r0, r2
   7:core/Arduino_Math.cpp **** }
 275              		.loc 1 7 0
 276 0012 5DF8044B 		ldr	r4, [sp], #4
 277              		.cfi_restore 4
 278              		.cfi_def_cfa_offset 0
 279              	.LVL3:
 280 0016 1844     		add	r0, r0, r3
 281 0018 7047     		bx	lr
 282              		.cfi_endproc
 283              	.LFE148:
 284              		.cantunwind
 285              		.fnend
 286              		.size	_Z3maplllll, .-_Z3maplllll
 287 001a 00BF     		.section	.text._Z9constrainlll,"ax",%progbits
ARM GAS  C:\Users\Bruger\AppData\Local\Temp\ccwqIMSb.s 			page 19


 288              		.align	2
 289              		.global	_Z9constrainlll
 290              		.thumb
 291              		.thumb_func
 292              		.type	_Z9constrainlll, %function
 293              	_Z9constrainlll:
 294              		.fnstart
 295              	.LFB149:
   8:core/Arduino_Math.cpp **** 
   9:core/Arduino_Math.cpp **** long constrain(long x, long a, long b)
  10:core/Arduino_Math.cpp **** {
 296              		.loc 1 10 0
 297              		.cfi_startproc
 298              		@ args = 0, pretend = 0, frame = 0
 299              		@ frame_needed = 0, uses_anonymous_args = 0
 300              		@ link register save eliminated.
 301              	.LVL4:
  11:core/Arduino_Math.cpp ****   if (x<a) return a;
 302              		.loc 1 11 0
 303 0000 8842     		cmp	r0, r1
 304 0002 03DB     		blt	.L5
 305 0004 9042     		cmp	r0, r2
 306 0006 A8BF     		it	ge
 307 0008 1046     		movge	r0, r2
 308              	.LVL5:
 309 000a 7047     		bx	lr
 310              	.LVL6:
 311              	.L5:
 312 000c 0846     		mov	r0, r1
 313              	.LVL7:
  12:core/Arduino_Math.cpp ****   if (x>b) return b;
  13:core/Arduino_Math.cpp ****   return x;
  14:core/Arduino_Math.cpp **** }
 314              		.loc 1 14 0
 315 000e 7047     		bx	lr
 316              		.cfi_endproc
 317              	.LFE149:
 318              		.cantunwind
 319              		.fnend
 320              		.size	_Z9constrainlll, .-_Z9constrainlll
 321              		.section	.text._Z3minll,"ax",%progbits
 322              		.align	2
 323              		.global	_Z3minll
 324              		.thumb
 325              		.thumb_func
 326              		.type	_Z3minll, %function
 327              	_Z3minll:
 328              		.fnstart
 329              	.LFB150:
  15:core/Arduino_Math.cpp **** 
  16:core/Arduino_Math.cpp **** long min (long x, long y)
  17:core/Arduino_Math.cpp **** {
 330              		.loc 1 17 0
 331              		.cfi_startproc
 332              		@ args = 0, pretend = 0, frame = 0
 333              		@ frame_needed = 0, uses_anonymous_args = 0
 334              		@ link register save eliminated.
ARM GAS  C:\Users\Bruger\AppData\Local\Temp\ccwqIMSb.s 			page 20


 335              	.LVL8:
  18:core/Arduino_Math.cpp ****   return x>y? y: x;
  19:core/Arduino_Math.cpp **** }
 336              		.loc 1 19 0
 337 0000 8842     		cmp	r0, r1
 338 0002 A8BF     		it	ge
 339 0004 0846     		movge	r0, r1
 340              	.LVL9:
 341 0006 7047     		bx	lr
 342              		.cfi_endproc
 343              	.LFE150:
 344              		.cantunwind
 345              		.fnend
 346              		.size	_Z3minll, .-_Z3minll
 347              		.section	.text._Z3maxll,"ax",%progbits
 348              		.align	2
 349              		.global	_Z3maxll
 350              		.thumb
 351              		.thumb_func
 352              		.type	_Z3maxll, %function
 353              	_Z3maxll:
 354              		.fnstart
 355              	.LFB151:
  20:core/Arduino_Math.cpp **** 
  21:core/Arduino_Math.cpp **** long max(long x, long y)
  22:core/Arduino_Math.cpp **** {
 356              		.loc 1 22 0
 357              		.cfi_startproc
 358              		@ args = 0, pretend = 0, frame = 0
 359              		@ frame_needed = 0, uses_anonymous_args = 0
 360              		@ link register save eliminated.
 361              	.LVL10:
  23:core/Arduino_Math.cpp ****   return x>y? y: x;
  24:core/Arduino_Math.cpp **** }
 362              		.loc 1 24 0
 363 0000 8842     		cmp	r0, r1
 364 0002 A8BF     		it	ge
 365 0004 0846     		movge	r0, r1
 366              	.LVL11:
 367 0006 7047     		bx	lr
 368              		.cfi_endproc
 369              	.LFE151:
 370              		.cantunwind
 371              		.fnend
 372              		.size	_Z3maxll, .-_Z3maxll
 373              		.section	.text._Z8makeWordhh,"ax",%progbits
 374              		.align	2
 375              		.global	_Z8makeWordhh
 376              		.thumb
 377              		.thumb_func
 378              		.type	_Z8makeWordhh, %function
 379              	_Z8makeWordhh:
 380              		.fnstart
 381              	.LFB152:
  25:core/Arduino_Math.cpp **** 
  26:core/Arduino_Math.cpp **** //unsigned int makeWord(unsigned int w) { return w; }
  27:core/Arduino_Math.cpp **** uint16_t makeWord(uint8_t h, uint8_t l) { return (h << 8) | l; }
ARM GAS  C:\Users\Bruger\AppData\Local\Temp\ccwqIMSb.s 			page 21


 382              		.loc 1 27 0
 383              		.cfi_startproc
 384              		@ args = 0, pretend = 0, frame = 0
 385              		@ frame_needed = 0, uses_anonymous_args = 0
 386              		@ link register save eliminated.
 387              	.LVL12:
 388              		.loc 1 27 0
 389 0000 41EA0020 		orr	r0, r1, r0, lsl #8
 390              	.LVL13:
 391 0004 7047     		bx	lr
 392              		.cfi_endproc
 393              	.LFE152:
 394              		.cantunwind
 395              		.fnend
 396              		.size	_Z8makeWordhh, .-_Z8makeWordhh
 397 0006 00BF     		.text
 398              	.Letext0:
 399              		.file 2 "c:\\program files (x86)\\cypress\\psoc creator\\4.0\\psoc creator\\import\\gnu\\arm\\4.9.
 400              		.file 3 "c:\\program files (x86)\\cypress\\psoc creator\\4.0\\psoc creator\\import\\gnu\\arm\\4.9.
 401              		.file 4 ".\\core/pins_arduino.h"
 402              		.file 5 "Generated_Source\\PSoC5/core_cm3.h"
 403              		.section	.debug_info,"",%progbits
 404              	.Ldebug_info0:
 405 0000 48020000 		.4byte	0x248
 406 0004 0400     		.2byte	0x4
 407 0006 00000000 		.4byte	.Ldebug_abbrev0
 408 000a 04       		.byte	0x4
 409 000b 01       		.uleb128 0x1
 410 000c 0A000000 		.4byte	.LASF32
 411 0010 04       		.byte	0x4
 412 0011 67010000 		.4byte	.LASF33
 413 0015 02020000 		.4byte	.LASF34
 414 0019 00000000 		.4byte	.Ldebug_ranges0+0
 415 001d 00000000 		.4byte	0
 416 0021 00000000 		.4byte	.Ldebug_line0
 417 0025 02       		.uleb128 0x2
 418 0026 01       		.byte	0x1
 419 0027 06       		.byte	0x6
 420 0028 67020000 		.4byte	.LASF0
 421 002c 03       		.uleb128 0x3
 422 002d 00000000 		.4byte	.LASF3
 423 0031 02       		.byte	0x2
 424 0032 1D       		.byte	0x1d
 425 0033 37000000 		.4byte	0x37
 426 0037 02       		.uleb128 0x2
 427 0038 01       		.byte	0x1
 428 0039 08       		.byte	0x8
 429 003a 01010000 		.4byte	.LASF1
 430 003e 02       		.uleb128 0x2
 431 003f 02       		.byte	0x2
 432 0040 05       		.byte	0x5
 433 0041 D4010000 		.4byte	.LASF2
 434 0045 03       		.uleb128 0x3
 435 0046 34010000 		.4byte	.LASF4
 436 004a 02       		.byte	0x2
 437 004b 2B       		.byte	0x2b
 438 004c 50000000 		.4byte	0x50
ARM GAS  C:\Users\Bruger\AppData\Local\Temp\ccwqIMSb.s 			page 22


 439 0050 02       		.uleb128 0x2
 440 0051 02       		.byte	0x2
 441 0052 07       		.byte	0x7
 442 0053 73020000 		.4byte	.LASF5
 443 0057 03       		.uleb128 0x3
 444 0058 B3000000 		.4byte	.LASF6
 445 005c 02       		.byte	0x2
 446 005d 3F       		.byte	0x3f
 447 005e 62000000 		.4byte	0x62
 448 0062 02       		.uleb128 0x2
 449 0063 04       		.byte	0x4
 450 0064 05       		.byte	0x5
 451 0065 F9010000 		.4byte	.LASF7
 452 0069 02       		.uleb128 0x2
 453 006a 04       		.byte	0x4
 454 006b 07       		.byte	0x7
 455 006c 3F010000 		.4byte	.LASF8
 456 0070 02       		.uleb128 0x2
 457 0071 08       		.byte	0x8
 458 0072 05       		.byte	0x5
 459 0073 B8010000 		.4byte	.LASF9
 460 0077 02       		.uleb128 0x2
 461 0078 08       		.byte	0x8
 462 0079 07       		.byte	0x7
 463 007a EA000000 		.4byte	.LASF10
 464 007e 04       		.uleb128 0x4
 465 007f 04       		.byte	0x4
 466 0080 05       		.byte	0x5
 467 0081 696E7400 		.ascii	"int\000"
 468 0085 02       		.uleb128 0x2
 469 0086 04       		.byte	0x4
 470 0087 07       		.byte	0x7
 471 0088 7D010000 		.4byte	.LASF11
 472 008c 03       		.uleb128 0x3
 473 008d 8F010000 		.4byte	.LASF12
 474 0091 03       		.byte	0x3
 475 0092 15       		.byte	0x15
 476 0093 2C000000 		.4byte	0x2c
 477 0097 03       		.uleb128 0x3
 478 0098 E7010000 		.4byte	.LASF13
 479 009c 03       		.byte	0x3
 480 009d 21       		.byte	0x21
 481 009e 45000000 		.4byte	0x45
 482 00a2 03       		.uleb128 0x3
 483 00a3 A7010000 		.4byte	.LASF14
 484 00a7 03       		.byte	0x3
 485 00a8 2C       		.byte	0x2c
 486 00a9 57000000 		.4byte	0x57
 487 00ad 02       		.uleb128 0x2
 488 00ae 04       		.byte	0x4
 489 00af 04       		.byte	0x4
 490 00b0 E4000000 		.4byte	.LASF15
 491 00b4 02       		.uleb128 0x2
 492 00b5 08       		.byte	0x8
 493 00b6 04       		.byte	0x4
 494 00b7 C2000000 		.4byte	.LASF16
 495 00bb 02       		.uleb128 0x2
ARM GAS  C:\Users\Bruger\AppData\Local\Temp\ccwqIMSb.s 			page 23


 496 00bc 01       		.byte	0x1
 497 00bd 08       		.byte	0x8
 498 00be 8A010000 		.4byte	.LASF17
 499 00c2 02       		.uleb128 0x2
 500 00c3 04       		.byte	0x4
 501 00c4 07       		.byte	0x7
 502 00c5 AF010000 		.4byte	.LASF18
 503 00c9 02       		.uleb128 0x2
 504 00ca 08       		.byte	0x8
 505 00cb 04       		.byte	0x4
 506 00cc 51010000 		.4byte	.LASF19
 507 00d0 02       		.uleb128 0x2
 508 00d1 01       		.byte	0x1
 509 00d2 02       		.byte	0x2
 510 00d3 BD000000 		.4byte	.LASF20
 511 00d7 05       		.uleb128 0x5
 512 00d8 6D617000 		.ascii	"map\000"
 513 00dc 01       		.byte	0x1
 514 00dd 04       		.byte	0x4
 515 00de D0000000 		.4byte	.LASF26
 516 00e2 62000000 		.4byte	0x62
 517 00e6 00000000 		.4byte	.LFB148
 518 00ea 1A000000 		.4byte	.LFE148-.LFB148
 519 00ee 01       		.uleb128 0x1
 520 00ef 9C       		.byte	0x9c
 521 00f0 3A010000 		.4byte	0x13a
 522 00f4 06       		.uleb128 0x6
 523 00f5 7800     		.ascii	"x\000"
 524 00f7 01       		.byte	0x1
 525 00f8 04       		.byte	0x4
 526 00f9 62000000 		.4byte	0x62
 527 00fd 00000000 		.4byte	.LLST0
 528 0101 07       		.uleb128 0x7
 529 0102 20010000 		.4byte	.LASF21
 530 0106 01       		.byte	0x1
 531 0107 04       		.byte	0x4
 532 0108 62000000 		.4byte	0x62
 533 010c 01       		.uleb128 0x1
 534 010d 51       		.byte	0x51
 535 010e 08       		.uleb128 0x8
 536 010f C9000000 		.4byte	.LASF22
 537 0113 01       		.byte	0x1
 538 0114 04       		.byte	0x4
 539 0115 62000000 		.4byte	0x62
 540 0119 21000000 		.4byte	.LLST1
 541 011d 07       		.uleb128 0x7
 542 011e 18010000 		.4byte	.LASF23
 543 0122 01       		.byte	0x1
 544 0123 04       		.byte	0x4
 545 0124 62000000 		.4byte	0x62
 546 0128 01       		.uleb128 0x1
 547 0129 53       		.byte	0x53
 548 012a 08       		.uleb128 0x8
 549 012b DC000000 		.4byte	.LASF24
 550 012f 01       		.byte	0x1
 551 0130 04       		.byte	0x4
 552 0131 62000000 		.4byte	0x62
ARM GAS  C:\Users\Bruger\AppData\Local\Temp\ccwqIMSb.s 			page 24


 553 0135 42000000 		.4byte	.LLST2
 554 0139 00       		.byte	0
 555 013a 09       		.uleb128 0x9
 556 013b 5D010000 		.4byte	.LASF25
 557 013f 01       		.byte	0x1
 558 0140 09       		.byte	0x9
 559 0141 97010000 		.4byte	.LASF30
 560 0145 62000000 		.4byte	0x62
 561 0149 00000000 		.4byte	.LFB149
 562 014d 10000000 		.4byte	.LFE149-.LFB149
 563 0151 01       		.uleb128 0x1
 564 0152 9C       		.byte	0x9c
 565 0153 7B010000 		.4byte	0x17b
 566 0157 06       		.uleb128 0x6
 567 0158 7800     		.ascii	"x\000"
 568 015a 01       		.byte	0x1
 569 015b 09       		.byte	0x9
 570 015c 62000000 		.4byte	0x62
 571 0160 62000000 		.4byte	.LLST3
 572 0164 0A       		.uleb128 0xa
 573 0165 6100     		.ascii	"a\000"
 574 0167 01       		.byte	0x1
 575 0168 09       		.byte	0x9
 576 0169 62000000 		.4byte	0x62
 577 016d 01       		.uleb128 0x1
 578 016e 51       		.byte	0x51
 579 016f 0A       		.uleb128 0xa
 580 0170 6200     		.ascii	"b\000"
 581 0172 01       		.byte	0x1
 582 0173 09       		.byte	0x9
 583 0174 62000000 		.4byte	0x62
 584 0178 01       		.uleb128 0x1
 585 0179 52       		.byte	0x52
 586 017a 00       		.byte	0
 587 017b 05       		.uleb128 0x5
 588 017c 6D696E00 		.ascii	"min\000"
 589 0180 01       		.byte	0x1
 590 0181 10       		.byte	0x10
 591 0182 DE010000 		.4byte	.LASF27
 592 0186 62000000 		.4byte	0x62
 593 018a 00000000 		.4byte	.LFB150
 594 018e 08000000 		.4byte	.LFE150-.LFB150
 595 0192 01       		.uleb128 0x1
 596 0193 9C       		.byte	0x9c
 597 0194 B1010000 		.4byte	0x1b1
 598 0198 06       		.uleb128 0x6
 599 0199 7800     		.ascii	"x\000"
 600 019b 01       		.byte	0x1
 601 019c 10       		.byte	0x10
 602 019d 62000000 		.4byte	0x62
 603 01a1 9C000000 		.4byte	.LLST4
 604 01a5 0A       		.uleb128 0xa
 605 01a6 7900     		.ascii	"y\000"
 606 01a8 01       		.byte	0x1
 607 01a9 10       		.byte	0x10
 608 01aa 62000000 		.4byte	0x62
 609 01ae 01       		.uleb128 0x1
ARM GAS  C:\Users\Bruger\AppData\Local\Temp\ccwqIMSb.s 			page 25


 610 01af 51       		.byte	0x51
 611 01b0 00       		.byte	0
 612 01b1 05       		.uleb128 0x5
 613 01b2 6D617800 		.ascii	"max\000"
 614 01b6 01       		.byte	0x1
 615 01b7 15       		.byte	0x15
 616 01b8 0F010000 		.4byte	.LASF28
 617 01bc 62000000 		.4byte	0x62
 618 01c0 00000000 		.4byte	.LFB151
 619 01c4 08000000 		.4byte	.LFE151-.LFB151
 620 01c8 01       		.uleb128 0x1
 621 01c9 9C       		.byte	0x9c
 622 01ca E7010000 		.4byte	0x1e7
 623 01ce 06       		.uleb128 0x6
 624 01cf 7800     		.ascii	"x\000"
 625 01d1 01       		.byte	0x1
 626 01d2 15       		.byte	0x15
 627 01d3 62000000 		.4byte	0x62
 628 01d7 BD000000 		.4byte	.LLST5
 629 01db 0A       		.uleb128 0xa
 630 01dc 7900     		.ascii	"y\000"
 631 01de 01       		.byte	0x1
 632 01df 15       		.byte	0x15
 633 01e0 62000000 		.4byte	0x62
 634 01e4 01       		.uleb128 0x1
 635 01e5 51       		.byte	0x51
 636 01e6 00       		.byte	0
 637 01e7 09       		.uleb128 0x9
 638 01e8 F0010000 		.4byte	.LASF29
 639 01ec 01       		.byte	0x1
 640 01ed 1B       		.byte	0x1b
 641 01ee C6010000 		.4byte	.LASF31
 642 01f2 97000000 		.4byte	0x97
 643 01f6 00000000 		.4byte	.LFB152
 644 01fa 06000000 		.4byte	.LFE152-.LFB152
 645 01fe 01       		.uleb128 0x1
 646 01ff 9C       		.byte	0x9c
 647 0200 1D020000 		.4byte	0x21d
 648 0204 06       		.uleb128 0x6
 649 0205 6800     		.ascii	"h\000"
 650 0207 01       		.byte	0x1
 651 0208 1B       		.byte	0x1b
 652 0209 8C000000 		.4byte	0x8c
 653 020d DE000000 		.4byte	.LLST6
 654 0211 0A       		.uleb128 0xa
 655 0212 6C00     		.ascii	"l\000"
 656 0214 01       		.byte	0x1
 657 0215 1B       		.byte	0x1b
 658 0216 8C000000 		.4byte	0x8c
 659 021a 01       		.uleb128 0x1
 660 021b 51       		.byte	0x51
 661 021c 00       		.byte	0
 662 021d 0B       		.uleb128 0xb
 663 021e 27010000 		.4byte	.LASF35
 664 0222 05       		.byte	0x5
 665 0223 5506     		.2byte	0x655
 666 0225 29020000 		.4byte	0x229
ARM GAS  C:\Users\Bruger\AppData\Local\Temp\ccwqIMSb.s 			page 26


 667 0229 0C       		.uleb128 0xc
 668 022a A2000000 		.4byte	0xa2
 669 022e 0D       		.uleb128 0xd
 670 022f 53444100 		.ascii	"SDA\000"
 671 0233 04       		.byte	0x4
 672 0234 2D       		.byte	0x2d
 673 0235 3A020000 		.4byte	0x23a
 674 0239 17       		.byte	0x17
 675 023a 0E       		.uleb128 0xe
 676 023b 8C000000 		.4byte	0x8c
 677 023f 0D       		.uleb128 0xd
 678 0240 53434C00 		.ascii	"SCL\000"
 679 0244 04       		.byte	0x4
 680 0245 2E       		.byte	0x2e
 681 0246 3A020000 		.4byte	0x23a
 682 024a 16       		.byte	0x16
 683 024b 00       		.byte	0
 684              		.section	.debug_abbrev,"",%progbits
 685              	.Ldebug_abbrev0:
 686 0000 01       		.uleb128 0x1
 687 0001 11       		.uleb128 0x11
 688 0002 01       		.byte	0x1
 689 0003 25       		.uleb128 0x25
 690 0004 0E       		.uleb128 0xe
 691 0005 13       		.uleb128 0x13
 692 0006 0B       		.uleb128 0xb
 693 0007 03       		.uleb128 0x3
 694 0008 0E       		.uleb128 0xe
 695 0009 1B       		.uleb128 0x1b
 696 000a 0E       		.uleb128 0xe
 697 000b 55       		.uleb128 0x55
 698 000c 17       		.uleb128 0x17
 699 000d 11       		.uleb128 0x11
 700 000e 01       		.uleb128 0x1
 701 000f 10       		.uleb128 0x10
 702 0010 17       		.uleb128 0x17
 703 0011 00       		.byte	0
 704 0012 00       		.byte	0
 705 0013 02       		.uleb128 0x2
 706 0014 24       		.uleb128 0x24
 707 0015 00       		.byte	0
 708 0016 0B       		.uleb128 0xb
 709 0017 0B       		.uleb128 0xb
 710 0018 3E       		.uleb128 0x3e
 711 0019 0B       		.uleb128 0xb
 712 001a 03       		.uleb128 0x3
 713 001b 0E       		.uleb128 0xe
 714 001c 00       		.byte	0
 715 001d 00       		.byte	0
 716 001e 03       		.uleb128 0x3
 717 001f 16       		.uleb128 0x16
 718 0020 00       		.byte	0
 719 0021 03       		.uleb128 0x3
 720 0022 0E       		.uleb128 0xe
 721 0023 3A       		.uleb128 0x3a
 722 0024 0B       		.uleb128 0xb
 723 0025 3B       		.uleb128 0x3b
ARM GAS  C:\Users\Bruger\AppData\Local\Temp\ccwqIMSb.s 			page 27


 724 0026 0B       		.uleb128 0xb
 725 0027 49       		.uleb128 0x49
 726 0028 13       		.uleb128 0x13
 727 0029 00       		.byte	0
 728 002a 00       		.byte	0
 729 002b 04       		.uleb128 0x4
 730 002c 24       		.uleb128 0x24
 731 002d 00       		.byte	0
 732 002e 0B       		.uleb128 0xb
 733 002f 0B       		.uleb128 0xb
 734 0030 3E       		.uleb128 0x3e
 735 0031 0B       		.uleb128 0xb
 736 0032 03       		.uleb128 0x3
 737 0033 08       		.uleb128 0x8
 738 0034 00       		.byte	0
 739 0035 00       		.byte	0
 740 0036 05       		.uleb128 0x5
 741 0037 2E       		.uleb128 0x2e
 742 0038 01       		.byte	0x1
 743 0039 3F       		.uleb128 0x3f
 744 003a 19       		.uleb128 0x19
 745 003b 03       		.uleb128 0x3
 746 003c 08       		.uleb128 0x8
 747 003d 3A       		.uleb128 0x3a
 748 003e 0B       		.uleb128 0xb
 749 003f 3B       		.uleb128 0x3b
 750 0040 0B       		.uleb128 0xb
 751 0041 6E       		.uleb128 0x6e
 752 0042 0E       		.uleb128 0xe
 753 0043 49       		.uleb128 0x49
 754 0044 13       		.uleb128 0x13
 755 0045 11       		.uleb128 0x11
 756 0046 01       		.uleb128 0x1
 757 0047 12       		.uleb128 0x12
 758 0048 06       		.uleb128 0x6
 759 0049 40       		.uleb128 0x40
 760 004a 18       		.uleb128 0x18
 761 004b 9742     		.uleb128 0x2117
 762 004d 19       		.uleb128 0x19
 763 004e 01       		.uleb128 0x1
 764 004f 13       		.uleb128 0x13
 765 0050 00       		.byte	0
 766 0051 00       		.byte	0
 767 0052 06       		.uleb128 0x6
 768 0053 05       		.uleb128 0x5
 769 0054 00       		.byte	0
 770 0055 03       		.uleb128 0x3
 771 0056 08       		.uleb128 0x8
 772 0057 3A       		.uleb128 0x3a
 773 0058 0B       		.uleb128 0xb
 774 0059 3B       		.uleb128 0x3b
 775 005a 0B       		.uleb128 0xb
 776 005b 49       		.uleb128 0x49
 777 005c 13       		.uleb128 0x13
 778 005d 02       		.uleb128 0x2
 779 005e 17       		.uleb128 0x17
 780 005f 00       		.byte	0
ARM GAS  C:\Users\Bruger\AppData\Local\Temp\ccwqIMSb.s 			page 28


 781 0060 00       		.byte	0
 782 0061 07       		.uleb128 0x7
 783 0062 05       		.uleb128 0x5
 784 0063 00       		.byte	0
 785 0064 03       		.uleb128 0x3
 786 0065 0E       		.uleb128 0xe
 787 0066 3A       		.uleb128 0x3a
 788 0067 0B       		.uleb128 0xb
 789 0068 3B       		.uleb128 0x3b
 790 0069 0B       		.uleb128 0xb
 791 006a 49       		.uleb128 0x49
 792 006b 13       		.uleb128 0x13
 793 006c 02       		.uleb128 0x2
 794 006d 18       		.uleb128 0x18
 795 006e 00       		.byte	0
 796 006f 00       		.byte	0
 797 0070 08       		.uleb128 0x8
 798 0071 05       		.uleb128 0x5
 799 0072 00       		.byte	0
 800 0073 03       		.uleb128 0x3
 801 0074 0E       		.uleb128 0xe
 802 0075 3A       		.uleb128 0x3a
 803 0076 0B       		.uleb128 0xb
 804 0077 3B       		.uleb128 0x3b
 805 0078 0B       		.uleb128 0xb
 806 0079 49       		.uleb128 0x49
 807 007a 13       		.uleb128 0x13
 808 007b 02       		.uleb128 0x2
 809 007c 17       		.uleb128 0x17
 810 007d 00       		.byte	0
 811 007e 00       		.byte	0
 812 007f 09       		.uleb128 0x9
 813 0080 2E       		.uleb128 0x2e
 814 0081 01       		.byte	0x1
 815 0082 3F       		.uleb128 0x3f
 816 0083 19       		.uleb128 0x19
 817 0084 03       		.uleb128 0x3
 818 0085 0E       		.uleb128 0xe
 819 0086 3A       		.uleb128 0x3a
 820 0087 0B       		.uleb128 0xb
 821 0088 3B       		.uleb128 0x3b
 822 0089 0B       		.uleb128 0xb
 823 008a 6E       		.uleb128 0x6e
 824 008b 0E       		.uleb128 0xe
 825 008c 49       		.uleb128 0x49
 826 008d 13       		.uleb128 0x13
 827 008e 11       		.uleb128 0x11
 828 008f 01       		.uleb128 0x1
 829 0090 12       		.uleb128 0x12
 830 0091 06       		.uleb128 0x6
 831 0092 40       		.uleb128 0x40
 832 0093 18       		.uleb128 0x18
 833 0094 9742     		.uleb128 0x2117
 834 0096 19       		.uleb128 0x19
 835 0097 01       		.uleb128 0x1
 836 0098 13       		.uleb128 0x13
 837 0099 00       		.byte	0
ARM GAS  C:\Users\Bruger\AppData\Local\Temp\ccwqIMSb.s 			page 29


 838 009a 00       		.byte	0
 839 009b 0A       		.uleb128 0xa
 840 009c 05       		.uleb128 0x5
 841 009d 00       		.byte	0
 842 009e 03       		.uleb128 0x3
 843 009f 08       		.uleb128 0x8
 844 00a0 3A       		.uleb128 0x3a
 845 00a1 0B       		.uleb128 0xb
 846 00a2 3B       		.uleb128 0x3b
 847 00a3 0B       		.uleb128 0xb
 848 00a4 49       		.uleb128 0x49
 849 00a5 13       		.uleb128 0x13
 850 00a6 02       		.uleb128 0x2
 851 00a7 18       		.uleb128 0x18
 852 00a8 00       		.byte	0
 853 00a9 00       		.byte	0
 854 00aa 0B       		.uleb128 0xb
 855 00ab 34       		.uleb128 0x34
 856 00ac 00       		.byte	0
 857 00ad 03       		.uleb128 0x3
 858 00ae 0E       		.uleb128 0xe
 859 00af 3A       		.uleb128 0x3a
 860 00b0 0B       		.uleb128 0xb
 861 00b1 3B       		.uleb128 0x3b
 862 00b2 05       		.uleb128 0x5
 863 00b3 49       		.uleb128 0x49
 864 00b4 13       		.uleb128 0x13
 865 00b5 3F       		.uleb128 0x3f
 866 00b6 19       		.uleb128 0x19
 867 00b7 3C       		.uleb128 0x3c
 868 00b8 19       		.uleb128 0x19
 869 00b9 00       		.byte	0
 870 00ba 00       		.byte	0
 871 00bb 0C       		.uleb128 0xc
 872 00bc 35       		.uleb128 0x35
 873 00bd 00       		.byte	0
 874 00be 49       		.uleb128 0x49
 875 00bf 13       		.uleb128 0x13
 876 00c0 00       		.byte	0
 877 00c1 00       		.byte	0
 878 00c2 0D       		.uleb128 0xd
 879 00c3 34       		.uleb128 0x34
 880 00c4 00       		.byte	0
 881 00c5 03       		.uleb128 0x3
 882 00c6 08       		.uleb128 0x8
 883 00c7 3A       		.uleb128 0x3a
 884 00c8 0B       		.uleb128 0xb
 885 00c9 3B       		.uleb128 0x3b
 886 00ca 0B       		.uleb128 0xb
 887 00cb 49       		.uleb128 0x49
 888 00cc 13       		.uleb128 0x13
 889 00cd 1C       		.uleb128 0x1c
 890 00ce 0B       		.uleb128 0xb
 891 00cf 00       		.byte	0
 892 00d0 00       		.byte	0
 893 00d1 0E       		.uleb128 0xe
 894 00d2 26       		.uleb128 0x26
ARM GAS  C:\Users\Bruger\AppData\Local\Temp\ccwqIMSb.s 			page 30


 895 00d3 00       		.byte	0
 896 00d4 49       		.uleb128 0x49
 897 00d5 13       		.uleb128 0x13
 898 00d6 00       		.byte	0
 899 00d7 00       		.byte	0
 900 00d8 00       		.byte	0
 901              		.section	.debug_loc,"",%progbits
 902              	.Ldebug_loc0:
 903              	.LLST0:
 904 0000 00000000 		.4byte	.LVL0
 905 0004 06000000 		.4byte	.LVL1
 906 0008 0100     		.2byte	0x1
 907 000a 50       		.byte	0x50
 908 000b 06000000 		.4byte	.LVL1
 909 000f 1A000000 		.4byte	.LFE148
 910 0013 0400     		.2byte	0x4
 911 0015 F3       		.byte	0xf3
 912 0016 01       		.uleb128 0x1
 913 0017 50       		.byte	0x50
 914 0018 9F       		.byte	0x9f
 915 0019 00000000 		.4byte	0
 916 001d 00000000 		.4byte	0
 917              	.LLST1:
 918 0021 00000000 		.4byte	.LVL0
 919 0025 0E000000 		.4byte	.LVL2
 920 0029 0100     		.2byte	0x1
 921 002b 52       		.byte	0x52
 922 002c 0E000000 		.4byte	.LVL2
 923 0030 1A000000 		.4byte	.LFE148
 924 0034 0400     		.2byte	0x4
 925 0036 F3       		.byte	0xf3
 926 0037 01       		.uleb128 0x1
 927 0038 52       		.byte	0x52
 928 0039 9F       		.byte	0x9f
 929 003a 00000000 		.4byte	0
 930 003e 00000000 		.4byte	0
 931              	.LLST2:
 932 0042 00000000 		.4byte	.LVL0
 933 0046 16000000 		.4byte	.LVL3
 934 004a 0200     		.2byte	0x2
 935 004c 91       		.byte	0x91
 936 004d 00       		.sleb128 0
 937 004e 16000000 		.4byte	.LVL3
 938 0052 1A000000 		.4byte	.LFE148
 939 0056 0200     		.2byte	0x2
 940 0058 7D       		.byte	0x7d
 941 0059 00       		.sleb128 0
 942 005a 00000000 		.4byte	0
 943 005e 00000000 		.4byte	0
 944              	.LLST3:
 945 0062 00000000 		.4byte	.LVL4
 946 0066 0A000000 		.4byte	.LVL5
 947 006a 0100     		.2byte	0x1
 948 006c 50       		.byte	0x50
 949 006d 0A000000 		.4byte	.LVL5
 950 0071 0C000000 		.4byte	.LVL6
 951 0075 0400     		.2byte	0x4
ARM GAS  C:\Users\Bruger\AppData\Local\Temp\ccwqIMSb.s 			page 31


 952 0077 F3       		.byte	0xf3
 953 0078 01       		.uleb128 0x1
 954 0079 50       		.byte	0x50
 955 007a 9F       		.byte	0x9f
 956 007b 0C000000 		.4byte	.LVL6
 957 007f 0E000000 		.4byte	.LVL7
 958 0083 0100     		.2byte	0x1
 959 0085 50       		.byte	0x50
 960 0086 0E000000 		.4byte	.LVL7
 961 008a 10000000 		.4byte	.LFE149
 962 008e 0400     		.2byte	0x4
 963 0090 F3       		.byte	0xf3
 964 0091 01       		.uleb128 0x1
 965 0092 50       		.byte	0x50
 966 0093 9F       		.byte	0x9f
 967 0094 00000000 		.4byte	0
 968 0098 00000000 		.4byte	0
 969              	.LLST4:
 970 009c 00000000 		.4byte	.LVL8
 971 00a0 06000000 		.4byte	.LVL9
 972 00a4 0100     		.2byte	0x1
 973 00a6 50       		.byte	0x50
 974 00a7 06000000 		.4byte	.LVL9
 975 00ab 08000000 		.4byte	.LFE150
 976 00af 0400     		.2byte	0x4
 977 00b1 F3       		.byte	0xf3
 978 00b2 01       		.uleb128 0x1
 979 00b3 50       		.byte	0x50
 980 00b4 9F       		.byte	0x9f
 981 00b5 00000000 		.4byte	0
 982 00b9 00000000 		.4byte	0
 983              	.LLST5:
 984 00bd 00000000 		.4byte	.LVL10
 985 00c1 06000000 		.4byte	.LVL11
 986 00c5 0100     		.2byte	0x1
 987 00c7 50       		.byte	0x50
 988 00c8 06000000 		.4byte	.LVL11
 989 00cc 08000000 		.4byte	.LFE151
 990 00d0 0400     		.2byte	0x4
 991 00d2 F3       		.byte	0xf3
 992 00d3 01       		.uleb128 0x1
 993 00d4 50       		.byte	0x50
 994 00d5 9F       		.byte	0x9f
 995 00d6 00000000 		.4byte	0
 996 00da 00000000 		.4byte	0
 997              	.LLST6:
 998 00de 00000000 		.4byte	.LVL12
 999 00e2 04000000 		.4byte	.LVL13
 1000 00e6 0100     		.2byte	0x1
 1001 00e8 50       		.byte	0x50
 1002 00e9 04000000 		.4byte	.LVL13
 1003 00ed 06000000 		.4byte	.LFE152
 1004 00f1 0400     		.2byte	0x4
 1005 00f3 F3       		.byte	0xf3
 1006 00f4 01       		.uleb128 0x1
 1007 00f5 50       		.byte	0x50
 1008 00f6 9F       		.byte	0x9f
ARM GAS  C:\Users\Bruger\AppData\Local\Temp\ccwqIMSb.s 			page 32


 1009 00f7 00000000 		.4byte	0
 1010 00fb 00000000 		.4byte	0
 1011              		.section	.debug_aranges,"",%progbits
 1012 0000 3C000000 		.4byte	0x3c
 1013 0004 0200     		.2byte	0x2
 1014 0006 00000000 		.4byte	.Ldebug_info0
 1015 000a 04       		.byte	0x4
 1016 000b 00       		.byte	0
 1017 000c 0000     		.2byte	0
 1018 000e 0000     		.2byte	0
 1019 0010 00000000 		.4byte	.LFB148
 1020 0014 1A000000 		.4byte	.LFE148-.LFB148
 1021 0018 00000000 		.4byte	.LFB149
 1022 001c 10000000 		.4byte	.LFE149-.LFB149
 1023 0020 00000000 		.4byte	.LFB150
 1024 0024 08000000 		.4byte	.LFE150-.LFB150
 1025 0028 00000000 		.4byte	.LFB151
 1026 002c 08000000 		.4byte	.LFE151-.LFB151
 1027 0030 00000000 		.4byte	.LFB152
 1028 0034 06000000 		.4byte	.LFE152-.LFB152
 1029 0038 00000000 		.4byte	0
 1030 003c 00000000 		.4byte	0
 1031              		.section	.debug_ranges,"",%progbits
 1032              	.Ldebug_ranges0:
 1033 0000 00000000 		.4byte	.LFB148
 1034 0004 1A000000 		.4byte	.LFE148
 1035 0008 00000000 		.4byte	.LFB149
 1036 000c 10000000 		.4byte	.LFE149
 1037 0010 00000000 		.4byte	.LFB150
 1038 0014 08000000 		.4byte	.LFE150
 1039 0018 00000000 		.4byte	.LFB151
 1040 001c 08000000 		.4byte	.LFE151
 1041 0020 00000000 		.4byte	.LFB152
 1042 0024 06000000 		.4byte	.LFE152
 1043 0028 00000000 		.4byte	0
 1044 002c 00000000 		.4byte	0
 1045              		.section	.debug_line,"",%progbits
 1046              	.Ldebug_line0:
 1047 0000 B9010000 		.section	.debug_str,"MS",%progbits,1
 1047      02006201 
 1047      00000201 
 1047      FB0E0D00 
 1047      01010101 
 1048              	.LASF3:
 1049 0000 5F5F7569 		.ascii	"__uint8_t\000"
 1049      6E74385F 
 1049      7400
 1050              	.LASF32:
 1051 000a 474E5520 		.ascii	"GNU C++ 4.9.3 20150303 (release) [ARM/embedded-4_9-"
 1051      432B2B20 
 1051      342E392E 
 1051      33203230 
 1051      31353033 
 1052 003d 6272616E 		.ascii	"branch revision 221220] -mcpu=cortex-m3 -mthumb -g "
 1052      63682072 
 1052      65766973 
 1052      696F6E20 
ARM GAS  C:\Users\Bruger\AppData\Local\Temp\ccwqIMSb.s 			page 33


 1052      32323132 
 1053 0070 2D4F3320 		.ascii	"-O3 -ffunction-sections -finline-functions -flto -f"
 1053      2D666675 
 1053      6E637469 
 1053      6F6E2D73 
 1053      65637469 
 1054 00a3 6661742D 		.ascii	"fat-lto-objects\000"
 1054      6C746F2D 
 1054      6F626A65 
 1054      63747300 
 1055              	.LASF6:
 1056 00b3 5F5F696E 		.ascii	"__int32_t\000"
 1056      7433325F 
 1056      7400
 1057              	.LASF20:
 1058 00bd 626F6F6C 		.ascii	"bool\000"
 1058      00
 1059              	.LASF16:
 1060 00c2 646F7562 		.ascii	"double\000"
 1060      6C6500
 1061              	.LASF22:
 1062 00c9 696E5F6D 		.ascii	"in_max\000"
 1062      617800
 1063              	.LASF26:
 1064 00d0 5F5A336D 		.ascii	"_Z3maplllll\000"
 1064      61706C6C 
 1064      6C6C6C00 
 1065              	.LASF24:
 1066 00dc 6F75745F 		.ascii	"out_max\000"
 1066      6D617800 
 1067              	.LASF15:
 1068 00e4 666C6F61 		.ascii	"float\000"
 1068      7400
 1069              	.LASF10:
 1070 00ea 6C6F6E67 		.ascii	"long long unsigned int\000"
 1070      206C6F6E 
 1070      6720756E 
 1070      7369676E 
 1070      65642069 
 1071              	.LASF1:
 1072 0101 756E7369 		.ascii	"unsigned char\000"
 1072      676E6564 
 1072      20636861 
 1072      7200
 1073              	.LASF28:
 1074 010f 5F5A336D 		.ascii	"_Z3maxll\000"
 1074      61786C6C 
 1074      00
 1075              	.LASF23:
 1076 0118 6F75745F 		.ascii	"out_min\000"
 1076      6D696E00 
 1077              	.LASF21:
 1078 0120 696E5F6D 		.ascii	"in_min\000"
 1078      696E00
 1079              	.LASF35:
 1080 0127 49544D5F 		.ascii	"ITM_RxBuffer\000"
 1080      52784275 
ARM GAS  C:\Users\Bruger\AppData\Local\Temp\ccwqIMSb.s 			page 34


 1080      66666572 
 1080      00
 1081              	.LASF4:
 1082 0134 5F5F7569 		.ascii	"__uint16_t\000"
 1082      6E743136 
 1082      5F7400
 1083              	.LASF8:
 1084 013f 6C6F6E67 		.ascii	"long unsigned int\000"
 1084      20756E73 
 1084      69676E65 
 1084      6420696E 
 1084      7400
 1085              	.LASF19:
 1086 0151 6C6F6E67 		.ascii	"long double\000"
 1086      20646F75 
 1086      626C6500 
 1087              	.LASF25:
 1088 015d 636F6E73 		.ascii	"constrain\000"
 1088      74726169 
 1088      6E00
 1089              	.LASF33:
 1090 0167 636F7265 		.ascii	"core\\Arduino_Math.cpp\000"
 1090      5C417264 
 1090      75696E6F 
 1090      5F4D6174 
 1090      682E6370 
 1091              	.LASF11:
 1092 017d 756E7369 		.ascii	"unsigned int\000"
 1092      676E6564 
 1092      20696E74 
 1092      00
 1093              	.LASF17:
 1094 018a 63686172 		.ascii	"char\000"
 1094      00
 1095              	.LASF12:
 1096 018f 75696E74 		.ascii	"uint8_t\000"
 1096      385F7400 
 1097              	.LASF30:
 1098 0197 5F5A3963 		.ascii	"_Z9constrainlll\000"
 1098      6F6E7374 
 1098      7261696E 
 1098      6C6C6C00 
 1099              	.LASF14:
 1100 01a7 696E7433 		.ascii	"int32_t\000"
 1100      325F7400 
 1101              	.LASF18:
 1102 01af 73697A65 		.ascii	"sizetype\000"
 1102      74797065 
 1102      00
 1103              	.LASF9:
 1104 01b8 6C6F6E67 		.ascii	"long long int\000"
 1104      206C6F6E 
 1104      6720696E 
 1104      7400
 1105              	.LASF31:
 1106 01c6 5F5A386D 		.ascii	"_Z8makeWordhh\000"
 1106      616B6557 
ARM GAS  C:\Users\Bruger\AppData\Local\Temp\ccwqIMSb.s 			page 35


 1106      6F726468 
 1106      6800
 1107              	.LASF2:
 1108 01d4 73686F72 		.ascii	"short int\000"
 1108      7420696E 
 1108      7400
 1109              	.LASF27:
 1110 01de 5F5A336D 		.ascii	"_Z3minll\000"
 1110      696E6C6C 
 1110      00
 1111              	.LASF13:
 1112 01e7 75696E74 		.ascii	"uint16_t\000"
 1112      31365F74 
 1112      00
 1113              	.LASF29:
 1114 01f0 6D616B65 		.ascii	"makeWord\000"
 1114      576F7264 
 1114      00
 1115              	.LASF7:
 1116 01f9 6C6F6E67 		.ascii	"long int\000"
 1116      20696E74 
 1116      00
 1117              	.LASF34:
 1118 0202 433A5C55 		.ascii	"C:\\Users\\Bruger\\OneDrive\\Skrivebord\\CODE\\PSOC"
 1118      73657273 
 1118      5C427275 
 1118      6765725C 
 1118      4F6E6544 
 1119 022f 355C4359 		.ascii	"5\\CY8CKIT-59-Arduino\\CY8CKIT59_Ardudino-Speeduino"
 1119      38434B49 
 1119      542D3539 
 1119      2D417264 
 1119      75696E6F 
 1120 0260 2E637964 		.ascii	".cydsn\000"
 1120      736E00
 1121              	.LASF0:
 1122 0267 7369676E 		.ascii	"signed char\000"
 1122      65642063 
 1122      68617200 
 1123              	.LASF5:
 1124 0273 73686F72 		.ascii	"short unsigned int\000"
 1124      7420756E 
 1124      7369676E 
 1124      65642069 
 1124      6E7400
 1125              		.comm	__gnu_lto_v1,1,1
 1126              		.ident	"GCC: (GNU Tools for ARM Embedded Processors) 4.9.3 20150303 (release) [ARM/embedded-4_9-br
