ARM GAS  C:\Users\Bruger\AppData\Local\Temp\cc9X3lgW.s 			page 1


   1              		.syntax unified
   2              		.cpu cortex-m3
   3              		.fpu softvfp
   4              		.eabi_attribute 20, 1
   5              		.eabi_attribute 21, 1
   6              		.eabi_attribute 23, 3
   7              		.eabi_attribute 24, 1
   8              		.eabi_attribute 25, 1
   9              		.eabi_attribute 26, 1
  10              		.eabi_attribute 30, 2
  11              		.eabi_attribute 34, 1
  12              		.eabi_attribute 18, 4
  13              		.thumb
  14              		.file	"CAN_PM.c"
  15              		.text
  16              	.Ltext0:
  17              		.section	.gnu.lto_.profile.24c0acc7,"",%progbits
  18 0000 789C6366 		.ascii	"x\234cf```a\200\000F\206P3\000\001T\000\224"
  18      60606061 
  18      80004686 
  18      50330001 
  18      540094
  19              		.text
  20              		.section	.gnu.lto_.jmpfuncs.24c0acc7,"",%progbits
  21 0000 789C6366 		.ascii	"x\234cf\300\016\004\2414\013\0203100C\231\014\014\000"
  21      C00E04A1 
  21      340B1033 
  21      31303043 
  21      990C0C00 
  22 0014 03010022 		.ascii	"\003\001\000\""
  23              		.text
  24              		.section	.gnu.lto_.inline.24c0acc7,"",%progbits
  25 0000 789C6366 		.ascii	"x\234cf\300\016\342\2414\013\003\0037\027#\003\223@"
  25      C00EE2A1 
  25      340B0303 
  25      37172303 
  25      9340
  26 0012 432D03DB 		.ascii	"C-\003\333\002y&\220\030\023\246\0203\203\220$PHf\302"
  26      02792690 
  26      1813A610 
  26      33839024 
  26      504866C2 
  27 0026 6946B818 		.ascii	"iF\270\030#\027X\277\230\"PB\351B'\023\252\004\230`"
  27      231758BF 
  27      98225042 
  27      E9422713 
  27      AA049860 
  28 003a 0000F423 		.ascii	"\000\000\364#\011T"
  28      0954
  29              		.text
  30              		.section	.gnu.lto_.pureconst.24c0acc7,"",%progbits
  31 0000 789C6366 		.ascii	"x\234cf``\340d\200\000\026\006)&)f)\026)\000\002\321"
  31      6060E064 
  31      80001606 
  31      29262966 
  31      29162900 
  32 0016 0082     		.ascii	"\000\202"
ARM GAS  C:\Users\Bruger\AppData\Local\Temp\cc9X3lgW.s 			page 2


  33              		.text
  34              		.section	.gnu.lto_CAN_SaveConfig.24c0acc7,"",%progbits
  35 0000 789C9DD2 		.ascii	"x\234\235\322OH\024Q\034\007\360\337\3677\343\354\220"
  35      4F481451 
  35      1C07F0DF 
  35      F737E3EC 
  35      90
  36 0011 41D1510A 		.ascii	"A\321Q\012\242\213\207\260[\020\335B\250S\261\340U\220"
  36      A28B87B0 
  36      5B10DD42 
  36      A853B1E0 
  36      5590
  37 0023 B0BD2648 		.ascii	"\260\275&Hu\023gd\016\321!\267\210\\0\005\211\312Z["
  37      75136764 
  37      0ED121B7 
  37      885C3005 
  37      89CA5A5B 
  38 0037 6BCDFE27 		.ascii	"k\315\376'\263\005\201\005.\"\261\344\241.\033\030\024"
  38      B3058105 
  38      2E22B1E4 
  38      A12E1B18 
  38      14
  39 0048 657FB421 		.ascii	"e\177\264!\324~\2777\314*\005K50\357\315\314\373\275"
  39      D47EBF37 
  39      CC2A054B 
  39      3530EFCD 
  39      CCFBBD
  40 005b DFFBFCDE 		.ascii	"\337\373\374\336<\213\376\274\232\344\336g\021\355\222"
  40      3C8BFEBC 
  40      9AE4DE67 
  40      11ED92
  41 006a 1E1681B3 		.ascii	"\036\026\201\2633D\276\313\200>\020\250\227\321\213"
  41      3344BECB 
  41      803E10A8 
  41      97D18B
  42 0079 F7BCC8C8 		.ascii	"\367\274\310\310\206\371\\c\363\025\317\363>\027\313"
  42      86F95C63 
  42      F315CFF3 
  42      3E17CB
  43 0088 7E3A44C4 		.ascii	"~:D\304D_9\316\203kh&\011Z\014V*\215N A[\3431\214\302"
  43      445F39CE 
  43      836B6826 
  43      095A0C56 
  43      2A8D4E20 
  44 00a2 81F4E3DB 		.ascii	"\201\364\343\333Bommb\252t\321\331\304\0241lm\034m\\"
  44      426F6D6D 
  44      62AA74D1 
  44      D9C41431 
  44      6C6D1C6D 
  45 00b7 6D88AA12 		.ascii	"m\210\252\022\256\213\276c\326\336\232\307\323\2453"
  45      AE8BBE63 
  45      D6DE9AC7 
  45      D3A533
  46 00c6 4B959466 		.ascii	"K\225\224fXf\025\374\270|n\377\002G\314^\330\347\331"
  46      586615FC 
  46      B87C6EFF 
  46      0247CC5E 
ARM GAS  C:\Users\Bruger\AppData\Local\Temp\cc9X3lgW.s 			page 3


  46      D8E7D9
  47 00d9 BADCDB6A 		.ascii	"\272\334\333jy\3265\237H_+\337s\337RC\030\364\003\301"
  47      79D6359F 
  47      485F2BDF 
  47      73DF5243 
  47      18F403C1 
  48 00ed 59B88E26 		.ascii	"Y\270\216&\334\200\224\210<\206@\363\350;?\262C\323"
  48      DC809488 
  48      3C8640F3 
  48      E83B3FB2 
  48      43D3
  49 00ff 49E8F0DC 		.ascii	"I\350\360\334\331\002\367\374\364N{n\304\366\212R7\346"
  49      D902F7FC 
  49      F44E7B6E 
  49      C4F68A52 
  49      37E6
  50 0111 B3CDEBA8 		.ascii	"\263\315\353\250\037\\\202\346\3634\252\001c\350\301"
  50      1F5C82E6 
  50      F334AA01 
  50      63E8C1
  51 0120 4D4D2863 		.ascii	"MM(c\253c\375E\247%/\225\206\273#vP\220\300/f70\216"
  51      AB63FD45 
  51      A7252F95 
  51      86BB2376 
  51      5090C02F 
  52 0138 16019329 		.ascii	"\026\001\223)`5)\300\2269\257'\007\312)\303\015\222"
  52      603529C0 
  52      9639AF27 
  52      07CA29C3 
  52      0D92
  53 014a 0A3E955E 		.ascii	"\012>\225^N7\254\223o\325\310\267\377\222\374\273\261"
  53      4E37AC93 
  53      6FD5C8B7 
  53      FF92FCBB 
  53      B1
  54 015b 58C73861 		.ascii	"X\3078a\214\372;pG\215vl|\236;\025\033u\225R\361\331"
  54      8CFA3B70 
  54      478D766C 
  54      7C9E3B15 
  54      1B759552 
  55 0171 1643CC26 		.ascii	"\026C\314&\304\302\253\017\323\033vu\262F\274[#n\377"
  55      C4C2AB0F 
  55      D31B7675 
  55      B246BC5B 
  55      236EFF
  56 0184 27E2BD3A 		.ascii	"'\342\275:\304\373\206hN\316\003%:1q&!\2722\347\343"
  56      C4FB8668 
  56      4ECE0325 
  56      3A317126 
  56      21BA32E7 
  57 0199 ECD5B9CD 		.ascii	"\354\325\271\315\306x!1\366\277XX\266\327\215\017k\306"
  57      C6782131 
  57      F6BF5858 
  57      B6D78D0F 
  57      6BC6
  58 01ab 47FF697C 		.ascii	"G\377i|\\\307\370\304\030-5N\251\321\2457\360\303\201"
  58      5CC7F8C4 
ARM GAS  C:\Users\Bruger\AppData\Local\Temp\cc9X3lgW.s 			page 4


  58      182D354E 
  58      A9D1A537 
  58      F0C381
  59 01be 83BA801E 		.ascii	"\203\272\200\036\200\252l\261\234`\311\274\363P\346"
  59      80AA6CB1 
  59      9C60C9BC 
  59      F350E6
  60 01cd 78A6FBE8 		.ascii	"x\246\373\350\211\314\261\216\266\256\223\335\235\231"
  60      89CCB18E 
  60      B6AE93DD 
  60      9D99
  61 01db F6745B57 		.ascii	"\366t[W\353\336\366\326\003G:\322\207\367t\322/g\270"
  61      EBDEF6D6 
  61      03473AD2 
  61      87F774D2 
  61      2F67B8
  62 01ee 3086     		.ascii	"0\206"
  63              		.text
  64              		.section	.gnu.lto_CAN_RestoreConfig.24c0acc7,"",%progbits
  65 0000 789C8DD2 		.ascii	"x\234\215\322MHTQ\024\007\360\363?\357\315\363\221B"
  65      4D485451 
  65      1407F0F3 
  65      3FEFCDF3 
  65      9142
  66 0012 D14A0602 		.ascii	"\321J\006\002i\343Bl#m\332\211\013W\205\340V\020\321"
  66      69E3426C 
  66      236DDA89 
  66      0B5785E0 
  66      5610D1
  67 0025 D926882E 		.ascii	"\331&\210.\305;\362\002W9\023\201J\037\233\250\374j"
  67      C53BF202 
  67      57391381 
  67      4A1F9BA8 
  67      FC6A
  68 0037 D4F1ABF2 		.ascii	"\324\361\253\362\203QW\026$\203\204\344B7#\030$5\251"
  68      83515716 
  68      248384E4 
  68      42372318 
  68      2435A9
  69 004a E843CCEE 		.ascii	"\350C\314\356\271\323\2145N\340\203w\317{\367\036\316"
  69      B9D38C35 
  69      4EE08377 
  69      CF7BF71E 
  69      CE
  70 005b F971EFB5 		.ascii	"\371q\357\265\350\342\023\324\357\015\213\350\246\216"
  70      E8E213D4 
  70      EF0D8BE8 
  70      A68E
  71 0069 B0081CF9 		.ascii	"\260\010\034\371D\024v\031\220\017\002u1\272\360\225"
  71      44147619 
  71      900F0275 
  71      31BAF095 
  72 0079 D38C4862 		.ascii	"\323\214Hb\244\277\270\374\245R\352\307\362l\351\203"
  72      A4BFB8FC 
  72      A552EAC7 
  72      F26CE983 
  73 0089 529F89F6 		.ascii	"R\237\211\3669S\006\257QN:'\355\235n\024;\236\316\271"
ARM GAS  C:\Users\Bruger\AppData\Local\Temp\cc9X3lgW.s 			page 5


  73      395306AF 
  73      514E3A27 
  73      ED9D6E14 
  73      3B9ECEB9 
  74 009d 9659C320 		.ascii	"\226Y\303 \034\3508v=\241\316\316\366\267\242=U\270"
  74      1CE83876 
  74      3DA1CECE 
  74      F6B7A23D 
  74      55B8
  75 00af C2E4336C 		.ascii	"\302\3443l\031\034\031\\\031\210R:_\232\3560K\2646\321"
  75      191C195C 
  75      1988523A 
  75      5F9AEE30 
  75      4BB436D1 
  76 00c3 3D93DE8E 		.ascii	"=\223\336\216ZR\342\210E\360|\375a\214;OT\217r}\346"
  76      5A52E288 
  76      45F07CFD 
  76      618C3B4F 
  76      548F727D 
  77 00d8 53A9AF67 		.ascii	"S\251\257g\267SkIw\227\365\214\371\035\014{O\361\014"
  77      B7536B49 
  77      7797F58C 
  77      F91D0C7B 
  77      4FF10C
  78 00eb 4FC24AB2 		.ascii	"O\302J\262,\014\241\023\303\010\232\265_\243\275q\247"
  78      2C0CA113 
  78      C3089AB5 
  78      5FA3BD71 
  78      A7
  79 00fc B2C2671B 		.ascii	"\262\302g\033#:\347\247\321c\024\225\264\211\345G\220"
  79      233AE7A7 
  79      D1631495 
  79      B489E547 
  79      90
  80 010d 4E3AEBF8 		.ascii	"N:\353\370E\364\216\324\013\250D\267\262\377i\0210e"
  80      45F48ED4 
  80      0BA844B7 
  80      B2FF6911 
  80      3065
  81 011f 360EFB0F 		.ascii	"6\016\373\017\212\244\205\007\237\035\274A\0201\351"
  81      8AA48507 
  81      9F1DBC41 
  81      1031E9
  82 012e 80315D54 		.ascii	"\2001]TSI\350\321\0242r\373\277\362|\352xa\352\204\241"
  82      5349E8D1 
  82      143272FB 
  82      BFF27CEA 
  82      7861EA84 
  83 0143 CA2E229E 		.ascii	"\312.\"\236G\3752\335\267Vd`^\326\372}\351\343j\340"
  83      47FD32DD 
  83      B7566460 
  83      5ED6FA7D 
  83      E9E36AE0 
  84 0157 1C3799C3 		.ascii	"\0347\231\303M\031\234mp\311,\316\2714n\2720n\306\340"
  84      4D199C6D 
  84      70C92CCE 
  84      B9346EBA 
ARM GAS  C:\Users\Bruger\AppData\Local\Temp\cc9X3lgW.s 			page 6


  84      306EC6E0 
  85 016b CC51CFE6 		.ascii	"\314Q\317\346\341\226\342+W\215-\222\265\305>\177[\375"
  85      E196E22B 
  85      578D2D92 
  85      B5C53E7F 
  85      5BFD
  86 017d 6BE3DEE6 		.ascii	"k\343\336\346l\357\214\315\311l\334\316\037\233{i\333"
  86      6CEF8CCD 
  86      C96CDCCE 
  86      1F9B7B69 
  86      DB
  87 018e FBC2B639 		.ascii	"\373\302\2669c\263\3046\237g\333K\276Z/1\270\307Y\\"
  87      63B3C436 
  87      9F67DB4B 
  87      BE5A2F31 
  87      B8C7595C 
  88 01a2 EF87DD23 		.ascii	"\357\207\335#\373\034\267\220\303-\032\234K[\010'\006"
  88      FB1CB790 
  88      C32D1A9C 
  88      4B5B0827 
  88      06
  89 01b3 6AA5805C 		.ascii	"j\245\200\\\233\224>\021}M\265\250\2546t?\324\326\324"
  89      9B943E11 
  89      7D4DB5A8 
  89      AC36743F 
  89      D4D6D4
  90 01c6 1E6A69AC 		.ascii	"\036ji\254o\355hk\0165\324\325\267\326\334n\250\251"
  90      6FED686B 
  90      0E35D4D5 
  90      B7D6DC6E 
  90      A8A9
  91 01d8 BED75877 		.ascii	"\276\327Xw\367V3\375\006 ~\035\276"
  91      F75633FD 
  91      06207E1D 
  91      BE
  92              		.text
  93              		.section	.gnu.lto_CAN_Sleep.24c0acc7,"",%progbits
  94 0000 789C9D94 		.ascii	"x\234\235\224]HTQ\020\307g\316\275w\277)\351I\244$z"
  94      5D485451 
  94      10C767CE 
  94      BD77BF29 
  94      E949A424 
  95 0015 C887509F 		.ascii	"\310\207P\237z\021z\010\037\202\240\020\2447A\312\366"
  95      7A117A08 
  95      1F82A010 
  95      A43741CA 
  95      F6
  96 0026 3541AA37 		.ascii	"5A\2527\361\356G\021\025\245!$\225BD\346\267\271f\346"
  96      F1EE4711 
  96      15A52124 
  96      954244E6 
  96      B7B966E6 
  97 003a F755F363 		.ascii	"\367U\363c-\024Q\021%\212@\301\240`m\313\334Bm\346\334"
  97      2D145111 
  97      258A40C1 
  97      A0606DCB 
  97      DC426DE6 
ARM GAS  C:\Users\Bruger\AppData\Local\Temp\cc9X3lgW.s 			page 7


  98 004f DD7533DA 		.ascii	"\335u3\332\262\205\235s\3579\3773\363;3s\217\002\277"
  98      B2859D73 
  98      EF39FF33 
  98      F33B3373 
  98      8F02BF
  99 0062 FF8ED1FF 		.ascii	"\377\216\321\377\260\006p\210F\264\000\212\362I\000"
  99      B0067088 
  99      46B4008A 
  99      F24900
 100 0071 8F4D08A5 		.ascii	"\217M\010\2457\035t\207:\233\015\272KA\315\234Vc\017"
 100      371D7487 
 100      3A9B0DBA 
 100      4B41CD9C 
 100      56630F
 101 0084 1A223F00 		.ascii	"\032\"?\000B\231PT\015\313\360\203X\025Xn4V93\036\353"
 101      42995054 
 101      0DCBF083 
 101      5815586E 
 101      34563933 
 102 009a BA1E0A0C 		.ascii	"\272\036\012\014\244^I\215\010\200\2600#\341\023\314"
 102      A45E498D 
 102      0880B030 
 102      23E113CC 
 103 00aa 00D2ACFA 		.ascii	"\000\322\254\3727\346\235\026?iR\3145\254C\013\322\330"
 103      37E69D16 
 103      3F6952CC 
 103      35AC430B 
 103      D2D8
 104 00bc BACFD0B7 		.ascii	"\272\317\320\267\266\3327+\306\263D\212\002\021\201"
 104      B6DA372B 
 104      C6B3448A 
 104      021181
 105 00cb 2A1B3B1B 		.ascii	"*\033;\033\007\033'\033\027\033\200%\332\311\004\313"
 105      071B271B 
 105      171B8025 
 105      DAC904CB 
 106 00db 42F0A82C 		.ascii	"B\360\250,\342\320\332\365\311\272<v\366M(\024g00\274"
 106      E2D0DAF5 
 106      C9BA3C76 
 106      F64D2814 
 106      673030BC 
 107 00ef 77454484 		.ascii	"wED\204(7\274\272\312\221\337-MM\333\344\024\360k\313"
 107      2837BCBA 
 107      CA91DF2D 
 107      4D4DDBE4 
 107      14F06BCB 
 108 0103 DCC7A0B5 		.ascii	"\334\307\240\265\032\357{\374\030\021\012\326c\0326"
 108      1AEF7BFC 
 108      18110AD6 
 108      631A36
 109 0112 601AF134 		.ascii	"`\032\3614b5\302\"\372\326\257\316j\246?\325t9V\275"
 109      6235C222 
 109      FAD6AFCE 
 109      6AA63FD5 
 109      743956BD 
 110 0126 1250D901 		.ascii	"\022P\331\001\"`\023i\347\320\277\340;\027\325\220\300"
 110      22601369 
ARM GAS  C:\Users\Bruger\AppData\Local\Temp\cc9X3lgW.s 			page 8


 110      E7D0BFE0 
 110      3B17D590 
 110      C0
 111 0137 53DB73D3 		.ascii	"S\333s\323*\005\344\246\231\235\001#*\320\233N\204\336"
 111      2A05E4A6 
 111      999D0123 
 111      2AD09B4E 
 111      84DE
 112 0149 5068C46B 		.ascii	"Ph\304kg5Ikfn\265\210\322\037\3725\335\026\021\352\006"
 112      6735496B 
 112      666EB588 
 112      D21FFA35 
 112      DD1611EA 
 113 015e 27221151 		.ascii	"'\"\021Q\225\257u\036\377\003dD\235U\032\266`)\266\262"
 113      95AF751E 
 113      FF036444 
 113      9D551AB6 
 113      6029B6B2 
 114 0172 5B5ADB6C 		.ascii	"[Z\333l\272\035\260d6R\036\215#\021a\301\247$\374,s"
 114      BA1DB064 
 114      36521E8D 
 114      231161C1 
 114      A724FC2C 
 115 0187 8D6D9849 		.ascii	"\215m\230I\202\351{\265>\231\001\312.\006$\3142\371"
 115      82E97BB5 
 115      3E9901CA 
 115      2E0624CC 
 115      32F9
 116 0199 9DCD3651 		.ascii	"\235\3156Q\306\376\202\2623v{\222\330\317\266cw\310"
 116      C6FE82B2 
 116      33767B92 
 116      D8CFB663 
 116      77C8
 117 01ab D8F17358 		.ascii	"\330\361sXh\352y4\266\266]\251\265y\353/\255`tN\270"
 117      68EA7934 
 117      B6B65DA9 
 117      B579EB2F 
 117      AD60744E 
 118 01c0 64238429 		.ascii	"d#\204)u;\232\004;\221\275\274\340$\333im\375QE\216"
 118      753B9A04 
 118      3B91BDBC 
 118      E024DB69 
 118      6DFD5145 
 119 01d5 ACA21E2B 		.ascii	"\254\242\036+\354\373\357\3413LZ\351\261q%\273\342\225"
 119      ECFBEFE1 
 119      334C5AE9 
 119      B17125BB 
 119      E295
 120 01e7 EC362BE9 		.ascii	"\3546+\351\275\3236\220\303\016\376\371\260=\177<\254"
 120      BDD33690 
 120      C30EFEF9 
 120      B03D7F3C 
 120      AC
 121 01f8 157BE561 		.ascii	"\025{\345a\321\344\302>\314$,\220\247\332\234\267\232"
 121      D1E4C23E 
 121      CC242C90 
 121      A7DA9CB7 
ARM GAS  C:\Users\Bruger\AppData\Local\Temp\cc9X3lgW.s 			page 9


 121      9A
 122 0209 980EDAB6 		.ascii	"\230\016\332\266\320qwJ\366\202\360\3078\373\346\232"
 122      D071774A 
 122      F682F0C7 
 122      38FBE69A 
 123 0219 1BD404D0 		.ascii	"\033\324\004\320\3768\350@\014\364\341\201]q\032I8\007"
 123      FE38E840 
 123      0CF4E181 
 123      5D711A49 
 123      3807
 124 022b 25A78872 		.ascii	"%\247\210r\0161\247\303\344\034\255\272lr:i[0X_\343"
 124      0E31A7C3 
 124      E41CADBA 
 124      6C723A69 
 124      5B30585F 
 125 0240 4880DAFE 		.ascii	"H\200\332\376\016\206\343P\373w\005\3652\011\324\210"
 125      0E86E350 
 125      FB7705F5 
 125      3209D488 
 126 0250 8452A250 		.ascii	"\204R\242P\243\014\3454\241&cP.\332\366i\272v\306%\223"
 126      A30CE534 
 126      A1266350 
 126      2EDAF669 
 126      BA76C625 
 127 0265 57194B5E 		.ascii	"W\031K^\377\215/\335{\0228\307\342\234\343\377\311\031"
 127      FF8D2FDD 
 127      7B1238C7 
 127      E29CE3FF 
 127      C919
 128 0277 4CC23921 		.ascii	"L\3029!9\325(\347+\346t\301\033\364\031]\023.\356S\330"
 128      39D528E7 
 128      2BE674C1 
 128      1BF4195D 
 128      132EEE53 
 129 028c 19C516E6 		.ascii	"\031\305\026\346k\005_c)]Pvx\213\036\343\353I\251\004"
 129      6B055F63 
 129      295D5076 
 129      788B1EE3 
 129      EB49A904 
 130 02a0 BEAD907B 		.ascii	"\276\255\220{\237\004\007O\270/\270K\316^t\237/\314"
 130      9F04074F 
 130      B82FB84B 
 130      CE5E749F 
 130      2FCC
 131 02b2 2FBE5452 		.ascii	"/\276TR\344.\310\313/\316=Z\220{\374ta\336\251\254\""
 131      E42EC8CB 
 131      2FCE3D5A 
 131      907BFC74 
 131      61DEA9AC 
 132 02c7 F8094D24 		.ascii	"\370\011M$\341\235"
 132      E19D
 133              		.text
 134              		.section	.gnu.lto_CAN_Wakeup.24c0acc7,"",%progbits
 135 0000 789C8D94 		.ascii	"x\234\215\224MHTQ\024\307\357\271\367\315G>\347\203"
 135      4D485451 
 135      14C7EFB9 
 135      F7CD473E 
ARM GAS  C:\Users\Bruger\AppData\Local\Temp\cc9X3lgW.s 			page 10


 135      E783
 136 0012 68212E24 		.ascii	"h!.$\332\270\010k\021m\332\205\213V\211 \355\004\011"
 136      DAB8086B 
 136      116DDA85 
 136      8B568920 
 136      ED0409
 137 0025 9B6D8214 		.ascii	"\233m\202\024D \276\321\211\244\242t\022,J\011\242\361"
 137      4420BED1 
 137      89A4A274 
 137      122C4A09 
 137      A2F1
 138 0037 7BCC31AD 		.ascii	"{\3141\255\306\324\361#?\262\024\021+\245\022A\301\026"
 138      C6D4F123 
 138      3FB21411 
 138      2BA51241 
 138      C116
 139 0049 7DE8583A 		.ascii	"}\350X:\225\3329\367\315\214\323S\303\201w\356\334w"
 139      95DA39F7 
 139      CD8CD353 
 139      C38177EE 
 139      DC77
 140 005b CFF9DFDF 		.ascii	"\317\371\337\337\377\335\367\216`\333\177\307\360*3"
 140      FFDDF78E 
 140      60DB7FC7 
 140      F02A33
 141 006a 31760847 		.ascii	"1v\010G01\340\345c\214\271\255\234\213`\032\323\222"
 141      3031E0E5 
 141      638CB9AD 
 141      9C8B601A 
 141      D392
 142 007c 94B74799 		.ascii	"\224\267G\231\226,@\321o+\000\364\207\001+\346B\201"
 142      962C40D1 
 142      6F2B00F4 
 142      87012BE6 
 142      4281
 143 008e 62F8CC97 		.ascii	"b\370\314\2278\224\207\032\357\250\351\2174M\373\356"
 143      3894871A 
 143      EFA8E98F 
 143      344DFBEE 
 144 009e FD987225 		.ascii	"\375\230r%%\302\031\013s]\037j!\235a\316\222g\375\235"
 144      25C2190B 
 144      735D1F6A 
 144      219D61CE 
 144      9267FD9D 
 145 00b2 6AF6608E 		.ascii	"j\366`\216S_\203:0\003\216-\373C\332\346f\333\017\357"
 145      535F833A 
 145      30038E2D 
 145      FB43DAE6 
 145      66DB0FEF 
 146 00c6 62BA3820 		.ascii	"b\2728 X\204\203B\301L\301BA\245`\303\300\355\024\034"
 146      58848342 
 146      C14CC142 
 146      41A560C3 
 146      C0ED141C 
 147 00da 149C1418 		.ascii	"\024\234\024\030\233\307\213x\026p\202\243\230\201\276"
 147      9BC78B78 
 147      167082A3 
ARM GAS  C:\Users\Bruger\AppData\Local\Temp\cc9X3lgW.s 			page 11


 147      9881BE
 148 00e9 9FD7BEFA 		.ascii	"\237\327\276\372/\221\366*\027\270\355@\355`\257\272"
 148      2F91F62A 
 148      17B8ED40 
 148      ED60AFBA 
 149 00f9 C8235CF8 		.ascii	"\310#\\\370\256\2725\205Hf\347\307'\254\362\026\243"
 149      AEBA3585 
 149      4866E7C7 
 149      27ACF216 
 149      A3
 150 010a E9B7B9AA 		.ascii	"\351\267\271\252UG5\334s{ \302\025\250\207Th\200T\344"
 150      554735DC 
 150      737B20C2 
 150      15A88754 
 150      688054E4 
 151 011e 6B846A60 		.ascii	"k\204j`3P\272b\326\345\024]q\250z1\240P9\000\203&\314"
 151      3350BA62 
 151      D6E5145D 
 151      71A87A31 
 151      A0503900 
 152 0135 C44DBD40 		.ascii	"\304M\275@)\377\023kF1\224`\222p\303\177Y\227\244\022"
 152      29FF136B 
 152      46319460 
 152      9270C37F 
 152      5997A412 
 153 0149 DFE8DA7B 		.ascii	"\337\350\332{\251':b\204\177\206\353\356\332\266T\374"
 153      A9273A62 
 153      847F86EB 
 153      EEDAB654 
 153      FC
 154 015a 71951603 		.ascii	"q\225\026\003\222\005%\2661\354Z\375X2X0\271\244ci\266"
 154      920525B6 
 154      31EC5AFD 
 154      58325830 
 154      B9A46369 
 155 016f 42FC732A 		.ascii	"B\374s*\241eU\036I\230\203\361\270\240\025O\203A\200"
 155      A165551E 
 155      499883F1 
 155      B8A0154F 
 155      834180
 156 0182 76B4E15A 		.ascii	"v\264\341Z\315\344M?/\372\255\225i\326\0107\255\323"
 156      CDE44D3F 
 156      2FFAAD95 
 156      69D60837 
 156      ADD3
 157 0194 61263E56 		.ascii	"a&>V\223\234\326\271=\367\201(4\3122C\033\024\301\023"
 157      939CD6B9 
 157      3DF78128 
 157      34CA3243 
 157      1B14C113 
 158 01a8 C2C0B58D 		.ascii	"\302\300\265\215\246[\001sF#\212?\350\021\021n\201v"
 158      A65B0173 
 158      46238A3F 
 158      E811116E 
 158      8176
 159 01ba CC5C461D 		.ascii	"\314\\F\035\271\023t@F\324P@\032Z{Xq\202\204\255Z\250"
 159      B9137440 
ARM GAS  C:\Users\Bruger\AppData\Local\Temp\cc9X3lgW.s 			page 12


 159      46D45040 
 159      1A5A7B58 
 159      718284AD 
 160 01d0 C4708456 		.ascii	"\304p\204V\2517\367+|\206\266\252t\343V\373\340):~&"
 160      A937F72B 
 160      7C86B6AA 
 160      74E356FB 
 160      E0293A7E 
 161 01e5 1D3F978E 		.ascii	"\035?\227\216m\322q\305<\350\026\354\273Z02\007\267"
 161      6DD271C5 
 161      3CE816EC 
 161      BB5A3032 
 161      07B7
 162 01f7 311F26DA 		.ascii	"1\037&\332NI\013Q\332\027\006\332\351\366\252q\213d"
 162      4E490B51 
 162      DA1706DA 
 162      E9F6AA71 
 162      8B64
 163 0209 F3C470BB 		.ascii	"\363\304p\273\246\232\033\224\004\300\2568`\267\004"
 163      A69A1B94 
 163      04C0AE38 
 163      60B704
 164 0218 B44BC089 		.ascii	"\264K\300\211\030\240c\317\200=;\003\206$ \217\002\366"
 164      18A063CF 
 164      803D3B03 
 164      8624208F 
 164      02F6
 165 022a 1A007B03 		.ascii	"\032\000{\003\375\016\311W\036\343\033\031\251\257I"
 165      FD0EC957 
 165      1EE31B19 
 165      A9AF49
 166 0239 4AE0EB8B 		.ascii	"J\340\353\213\363\365K>\207\376\000\027\242|\316=\363"
 166      F3F54B3E 
 166      87FE0017 
 166      A27CCE3D 
 166      F3
 167 024a 0DECCCF7 		.ascii	"\015\354\314\367R\362\211(\337\240\201\357\313\204o"
 167      52F28928 
 167      DFA081EF 
 167      CB846F
 168 0259 32590256 		.ascii	"2Y\002V\306\000\273\257\257\004\355\011\200Cq\300a\011"
 168      C600BBAF 
 168      AF04ED09 
 168      804371C0 
 168      6109
 169 026b E8641FA0 		.ascii	"\350d\037\2404\264\246\322\013\314\214tIaj\0250\002"
 169      34B4A6D2 
 169      0BCC8C74 
 169      49616A15 
 169      3002
 170 027d 45D83454 		.ascii	"E\3304Ti\245us\331\244\177A\352\236\275\274\332\311"
 170      69A57573 
 170      D9A47F41 
 170      EA9EBDBC 
 170      DAC9
 171 028f 4B328C4A 		.ascii	"K2\214J/\0125\264\327hd\012<\323\245\205[\332n_\347"
 171      2F0A35B4 
ARM GAS  C:\Users\Bruger\AppData\Local\Temp\cc9X3lgW.s 			page 13


 171      D768640A 
 171      3CD3A585 
 171      5BDA6E5F 
 172 02a4 0DF93660 		.ascii	"\015\3716`\253\2037T\316\250]\011\026L\023\304|{\314"
 172      AB833754 
 172      CEA85D09 
 172      164C13C4 
 172      7C7BCC
 173 02b7 BE1B34B6 		.ascii	"\276\0334\266'\030\213BS\215\"[\334'p\207z\262d\015"
 173      27188B42 
 173      538D225B 
 173      DC277087 
 173      7AB2640D 
 174 02cb A3060874 		.ascii	"\243\006\010t\027\221\017\236r\235w\025\236\275\340"
 174      17910F9E 
 174      729D7715 
 174      9EBDE0
 175 02da 3A979753 		.ascii	":\227\227Sp\2610\337\225\233\235S\220y<7\363dV^\366"
 175      70B130DF 
 175      959B9D53 
 175      90793C37 
 175      F364565E 
 176 02ef E923F9EC 		.ascii	"\351#\371\354/]4\367\361"
 176      2F5D34F7 
 176      F1
 177              		.text
 178              		.section	.gnu.lto_.symbol_nodes.24c0acc7,"",%progbits
 179 0000 789C55C8 		.ascii	"x\234U\310\275\021@P\024D\341\363\356}?\272P\352\312"
 179      BD114050 
 179      1444E1F3 
 179      EE7D3FBA 
 179      50EACA
 180 0013 64460546 		.ascii	"dF\005F1F P\205P\021\014\202g\2233\337:0\360\315\202"
 180      31462050 
 180      8550110C 
 180      82679333 
 180      DF3A30F0 
 181 0029 60DC4162 		.ascii	"`\334Ab\232\033\022\314&7S\250os\331\317Q^;$\305\327"
 181      9A1B12CC 
 181      263753A8 
 181      6F73D9CF 
 181      515E3B24 
 182 003f 74DDCDA2 		.ascii	"t\335\315\242T3+WtO,\375\331z,\034O3\313\266f.\334\325"
 182      54332B57 
 182      744F2CFD 
 182      D97A2C1C 
 182      4F33CBB6 
 183 0057 23F3     		.ascii	"#\363"
 184              		.text
 185              		.section	.gnu.lto_.refs.24c0acc7,"",%progbits
 186 0000 789C258B 		.ascii	"x\234%\213A\012\300 \014\300\022[\355D\204\275i\377"
 186      410AC020 
 186      0CC0125B 
 186      ED4484BD 
 186      69FF
 187 0012 7FD464CB 		.ascii	"\177\324d\313-\204\004\360\360\223h\323\324\241W\266"
 187      2D8404F0 
ARM GAS  C:\Users\Bruger\AppData\Local\Temp\cc9X3lgW.s 			page 14


 187      F09368D3 
 187      D4A157B6 
 188 0022 A318D8B1 		.ascii	"\243\030\330\261F|\241k\351\324\245\273\237\241p\342"
 188      467CA16B 
 188      E9D4A5BB 
 188      9FA170E2 
 189 0032 C28D372F 		.ascii	"\302\2157/)\253\001\014"
 189      29AB010C 
 190              		.text
 191              		.section	.gnu.lto_.decls.24c0acc7,"",%progbits
 192 0000 789C8D55 		.ascii	"x\234\215UmLSg\024\276\247\267\224\366Z\301\305M\015"
 192      6D4C5367 
 192      14BEA7B7 
 192      94F65AC1 
 192      C54D0D
 193 0013 C936A80B 		.ascii	"\3116\250\013q\2131F3\343~,\023\2111\231\231!\"\331"
 193      718B3146 
 193      33E37E2C 
 193      13893199 
 193      992122D9 
 194 0027 8F9938C4 		.ascii	"\217\2318\304\2133: \010\213\376\273X@\374\330\246\235"
 194      8B333A20 
 194      088BFEBB 
 194      5840FCD8 
 194      A69D
 195 0039 28EADC0A 		.ascii	"(\352\334\012\"\240B\371\030b\371\306\257\2012\276\244"
 195      22A042F9 
 195      1862F9C6 
 195      AF8132BE 
 195      A4
 196 004a A2CC0FA0 		.ascii	"\242\314\017\240\200\026gH\231\216\201\316t\347=\367"
 196      80166748 
 196      998E81CE 
 196      74E73DF7 
 197 005a D6B684AA 		.ascii	"\326\266\204\25279\367\336\323\373\234\347<\3579\347"
 197      3739F7DE 
 197      D3FB9CE7 
 197      3CEF39E7 
 198 006a 7DCB731C 		.ascii	"}\313s\034g\003\216s\341\365\263\226\343\336\303\367"
 198      67038E73 
 198      E1F5B396 
 198      E3DEC3F7 
 199 007a 00FC2D8A 		.ascii	"\000\374-\212\363\\\201h\305h\026\2642\264\012\264\032"
 199      F35C8168 
 199      C56816B4 
 199      32B40AB4 
 199      1A
 200 008b B43AB406 		.ascii	"\264:\264\0064\014\341\356r\276W\261\022\307x\302\320"
 200      340CE1EE 
 200      72BE57B1 
 200      12C778C2 
 200      D0
 201 009c EC680368 		.ascii	"\354h\003h\203h7\321\232\321\324h\235h\335h7\320\332"
 201      836837D1 
 201      9AD1D468 
 201      9D68DD68 
 201      37D0DA
ARM GAS  C:\Users\Bruger\AppData\Local\Temp\cc9X3lgW.s 			page 15


 202 00af 15AE623F 		.ascii	"\025\256b?\234\226)\234\336\\Ch}\257\340\264\370\341"
 202      9C96299C 
 202      DE5C4368 
 202      7DAFE0B4 
 202      F8E1
 203 00c1 64EB115E 		.ascii	"d\353\021^\241\263J\341\037F\263rrm:\246\311\301+\\"
 203      A1B34AE1 
 203      1F46B372 
 203      726D3AA6 
 203      C9C12B5C 
 204 00d5 C54A6DA6 		.ascii	"\305Jm\246\313\305\3526S\3115G\311\367\010\315\341g"
 204      CBC5EA36 
 204      53C93547 
 204      C9F708CD 
 204      E167
 205 00e7 2DEE9C55 		.ascii	"-\356\234UJ\336\2519;\224\365V(\353c\275\250\363\223"
 205      4ADEA939 
 205      3B94F556 
 205      28EB63BD 
 205      A8F393
 206 00fa 7B4C05D5 		.ascii	"{L\005\325\226\247m3\034*\010\022B\231[cj\311\321\240"
 206      96A76D33 
 206      1C2A0812 
 206      42995B63 
 206      6AC9D1A0 
 207 010e AB17D4CC 		.ascii	"\253\027\324\314\255}n\267\251\347fKx\0354J\263\324"
 207      AD7D6EB7 
 207      A9E7664B 
 207      781D344A 
 207      B3D4
 208 0120 1035070A 		.ascii	"\0205\007\012!\004\212 \004\031\317\300\\\274\177\245"
 208      21048A20 
 208      0419CFC0 
 208      5CBC7FA5 
 209 0130 96998EBE 		.ascii	"\226\231\216\276\310;/\360*`\357\247r\006l\302\302\263"
 209      C83B2FF0 
 209      2A60EFA7 
 209      72066CC2 
 209      C2B3
 210 0142 18962535 		.ascii	"\030\226%5\265\250<\351N<\250\334\031\372\213\324_\346"
 210      B5A83CE9 
 210      4E3CA8DC 
 210      19FA8BD4 
 210      5FE6
 211 0154 B48EF7EA 		.ascii	"\264\216\367\352\245\026\251\311\345j\224\200\270\340"
 211      A516A9C9 
 211      E56A9480 
 211      B8E0
 212 0162 2CF0700E 		.ascii	",\360p\016\0262({\247\030(\206PF\370\375\201\234 \376"
 212      1632287B 
 212      A7182886 
 212      5046F8FD 
 212      819C20FE 
 213 0176 13221F3D 		.ascii	"\023\"\037=V\222\013Db\256;\245qS\020C\211\027C\211"
 213      56920B44 
 213      62AE3BA5 
 213      71531043 
ARM GAS  C:\Users\Bruger\AppData\Local\Temp\cc9X3lgW.s 			page 16


 213      89174389 
 214 018a 9BC1420C 		.ascii	"\233\301B\014y\003\245yA\374\032b\310,0\032u\310`.3"
 214      7903A579 
 214      41FC1A62 
 214      C82C301A 
 214      75C8602E 
 215 019f 3F57183E 		.ascii	"?W\030>\243\370R\257\370Rw|\031\305?\316<|U\313\307"
 215      A3F852AF 
 215      F852777C 
 215      19C53FCE 
 215      3C7C55CB 
 216 01b4 507C5151 		.ascii	"P|QQ\306\035\225\034?r\332;\276\334+\276\334\035_A\361"
 216      C61D951C 
 216      3F72DA3B 
 216      BEDC2BBE 
 216      DC1D5F41 
 217 01c9 3D8D7BF6 		.ascii	"=\215{\366h\371\257)>\255\240\366@ Vy\216@E\371\241"
 217      68F9AF29 
 217      3EADA0F6 
 217      40205679 
 217      8E4045F9 
 218 01de F5F8459E 		.ascii	"\365\370E\236\\\027\373\254\352\355=<\311\203\020\236"
 218      5C17FBAC 
 218      EAED3D3C 
 218      C983109E 
 219 01ee 2549BB25 		.ascii	"%I\273%\247I\342\347q\2600\004>\014\341\340\002\204"
 219      A749E2E7 
 219      71B03004 
 219      3E0CE1E0 
 219      0284
 220 0200 238C7240 		.ascii	"#\214r@%6\342<6\"\037\313\354l76|n\224V@\025\010\360"
 220      2536E23C 
 220      36221FCB 
 220      EC6C3736 
 220      7C6E9456 
 221 0218 DB4B1594 		.ascii	"\333K\025\224A)\375\336\3642\336\273\225\014\351\351"
 221      4129FDDE 
 221      F432DEBB 
 221      950CE9E9 
 222 0228 A5D5A797 		.ascii	"\245\325\247\227\027\012\322\357\013|\026\220\332\212"
 222      170AD2EF 
 222      0B7C1690 
 222      DA8A
 223 0236 824E9B9A 		.ascii	"\202N\233\232\325[r\236\271:\030q\310x0_\352w\271\336"
 223      D55B729E 
 223      B93A1871 
 223      C878305F 
 223      EA77B9DE 
 224 024a A720A8F6 		.ascii	"\247 \250\366Zr\265{\3115\264\344\334\274cX\304R\231"
 224      5A72B57B 
 224      C935B4E4 
 224      DCBC6358 
 224      C45299
 225 025d C55175A1 		.ascii	"\305Qu\241\220'\026\363\217\205\231\241J\321\030C\255"
 225      902716F3 
 225      8F8599A1 
 225      4AD11843 
ARM GAS  C:\Users\Bruger\AppData\Local\Temp\cc9X3lgW.s 			page 17


 225      AD
 226 026e 1743AD9B 		.ascii	"\027C\255\233\241\216\030F\377\356\370\224\257\221\011"
 226      A18E1846 
 226      FFEEF894 
 226      AF9109
 227 027d EADAD24A 		.ascii	"\352\332\322J4D\320_:\"^J\227\376s\271xYC\275\027C\275"
 227      3444D05F 
 227      3A225E4A 
 227      97FE73B9 
 227      785943BD 
 228 0294 9BA18118 		.ascii	"\233\241\201\030\256t\3359\247\241\3716\023Kv\253\365"
 228      AE74DD39 
 228      A7A1F936 
 228      134B76AB 
 228      F5
 229 02a5 9E4003FE 		.ascii	"\236@\003\3766s\313\234\365\017U|\247\234\241\321\322"
 229      3673CB9C 
 229      F50F557C 
 229      A79CA1D1 
 229      D2
 230 02b6 9DA3E5ED 		.ascii	"\235\243\345\355\2623p\373V] ?\012>\015\013\223\033"
 230      B23370FB 
 230      565D203F 
 230      0A3E0D0B 
 230      931B
 231 02c8 D6776232 		.ascii	"\326wb2_G.;!\203Y\317j/\231\272\004\010\027\344f\\\226"
 231      5F472E3B 
 231      218359CF 
 231      6A2F99BA 
 231      040817E4 
 232 02df 9BD18C25 		.ascii	"\233\321\214%\276\354iF\230\322\014\352+6A\327\022\304"
 232      BEEC6946 
 232      98D20CEA 
 232      2B3641D7 
 232      12C4
 233 02f1 BD6C01FC 		.ascii	"\275l\001\374\216\255\015SZ{\005\177\274\212?b\256\266"
 233      8EAD0D53 
 233      5A7B057F 
 233      BC8A3F62 
 233      AEB6
 234 0303 FD93E52A 		.ascii	"\375\223\345*\376\037Y\307\225\373\326.5\377\\v\362"
 234      FE1F59C7 
 234      95FBD62E 
 234      35FF5C76 
 234      F2
 235 0314 B38F1407 		.ascii	"\263\217\024\007\320R\264\314\235x6\222\033\314\247"
 235      D052B4CC 
 235      9D783692 
 235      1BCCA7
 236 0323 C91B50B2 		.ascii	"\311\033P\262\0244\005\360\031\262\323j\237x\242'\340"
 236      143405F0 
 236      19B2D36A 
 236      9F78A227 
 236      E0
 237 0334 2C74032D 		.ascii	",t\003-\371\203\217u`0\030f\033\014\341f\324\342<3\334"
 237      F9838F75 
 237      60301866 
ARM GAS  C:\Users\Bruger\AppData\Local\Temp\cc9X3lgW.s 			page 18


 237      1B0CE166 
 237      D4E23C33 
 238 0349 1061324A 		.ascii	"\020a2J\371\363H\361\037\250\270\013f{\224\265\321\204"
 238      F9F348F1 
 238      1FA8B80B 
 238      667B94B5 
 238      D184
 239 035b 7C84378E 		.ascii	"|\2047\216\301\373G3\232gH9\213i\202.)`e>\027\370\""
 239      C1FB4733 
 239      9A674839 
 239      8B69822E 
 239      2960653E 
 240 0372 2732AEE3 		.ascii	"'2\256\343&_L\264-Si\011[\310\270\271C4\226\222\264"
 240      265F4CB4 
 240      2D536909 
 240      5BC8B8B9 
 240      43349692 
 241 0387 22858346 		.ascii	"\"\205\203F\374\336D\031\031\032\313\0016\254L\007\030"
 241      FCDE4419 
 241      191ACB01 
 241      36AC4C07 
 241      18
 242 0398 A013AD1B 		.ascii	"\240\023\255\033\355\006Z;\030\250\226,\215\371\031"
 242      ED065A3B 
 242      18A8962C 
 242      8DF919
 243 03a7 6E423949 		.ascii	"nB9I\353\324$\327\301\223\205\260\223/\261\327\246\307"
 243      EBD424D7 
 243      C19385B0 
 243      932FB1D7 
 243      A6C7
 244 03b9 927AD6C6 		.ascii	"\222z\326\306\376\307\2475x\256 \204sO\227{3\251\034"
 244      FEC7A735 
 244      78AE2084 
 244      734F977B 
 244      33A91C
 245 03cc 47D2BB05 		.ascii	"G\322\273\005\230\035>\235p\350A\275o\242\235\222\274"
 245      981D3E9D 
 245      70E841BD 
 245      6FA29D92 
 245      BC
 246 03dd 10B57013 		.ascii	"\020\265p\023\301\027=s\3022\272wm\345\257\306R-\277"
 246      C1173D73 
 246      C232BA77 
 246      6DE5AFC6 
 246      522DBF
 247 03f0 576EE4E0 		.ascii	"Wn\344\340\330O'\201\346.\355\003\3467\237tT\250\311"
 247      D84F2781 
 247      E62EED03 
 247      E6379F74 
 247      54A8C9
 248 0403 A7CFD732 		.ascii	"\247\317\3272\013\322\364\344\266d\322t\037\031\177"
 248      0BD2F4E4 
 248      B664D274 
 248      1F197F
 249 0412 6A129655 		.ascii	"j\022\226UJY\346\005\224\203\011a\247\006\023\303F\214"
 249      4A59E605 
ARM GAS  C:\Users\Bruger\AppData\Local\Temp\cc9X3lgW.s 			page 19


 249      94830961 
 249      A70613C3 
 249      468C
 250 0424 09BA8D4F 		.ascii	"\011\272\215O&\252\027\237(\014\376\224\307\256\247"
 250      26AA179F 
 250      280CFE94 
 250      C7AEA7
 251 0433 C866D2CF 		.ascii	"\310f\322\317\317\225$\263\323z\333\001i\222y\267$\261"
 251      CF9524B3 
 251      D37ADB01 
 251      699279B7 
 251      24B1
 252 0445 1D4B44B7 		.ascii	"\035KD\267d\261^\275\272\305\266\035\334\201e\034\334"
 252      64B15EBD 
 252      BAC5B61D 
 252      DC81651C 
 252      DC
 253 0456 85F94890 		.ascii	"\205\371H\220e\252\372+\200?,\013\277\221=\366\253V"
 253      65AAFA2B 
 253      803F2C0B 
 253      BF913DF6 
 253      AB56
 254 0468 C0B937BE 		.ascii	"\300\2717\276\351\334\253\366O8\306\202\344Cp\232\240"
 254      E9DCABF6 
 254      4F38C682 
 254      E443709A 
 254      A0
 255 0479 FE698294 		.ascii	"\376i\202\224s\360\311\232t\334z}\330\340{\236\222\336"
 255      73F0C99A 
 255      74DC7A7D 
 255      D8E07B9E 
 255      92DE
 256 048b 07CF4168 		.ascii	"\007\317Ah\374\267\265+\320-&\353\365\274\030b\253\037"
 256      FCB7B52B 
 256      D02D26EB 
 256      F5BC1862 
 256      AB1F
 257 049d 2F51EBF7 		.ascii	"/Q\353\367y\366-\014\370\234\236v\320\323\231\203OD"
 257      79F62D0C 
 257      F89C9E76 
 257      D0D39983 
 257      4F44
 258 04af 0FF5159E 		.ascii	"\017\365\025\236\322\371\240oz\215\031\007\203\012z"
 258      D2F9A06F 
 258      7A8D1907 
 258      830A7A
 259 04be 90D0D66B 		.ascii	"\220\320\326k\345v\225\017\272\317\207{HA\017\021z\""
 259      E576950F 
 259      BACF877B 
 259      48410F11 
 259      7A22
 260 04d0 77E041B0 		.ascii	"w\340A\260\017\232\035\200\036\364\260\202\036&\264"
 260      0F9A1D80 
 260      1EF4B082 
 260      1E26B4
 261 04df 74747FBE 		.ascii	"tt\177\276\226?.7\341\374\370\276\352\231\362\272_\377"
 261      963F2E37 
ARM GAS  C:\Users\Bruger\AppData\Local\Temp\cc9X3lgW.s 			page 20


 261      E1FCF8BE 
 261      EA99F2BA 
 261      5FFF
 262 04f1 A7821DB0 		.ascii	"\247\202\035\260\265\357\353\321\271;\340\0331\342\347"
 262      B5EFEBD1 
 262      B93BE01B 
 262      31E2E7
 263 0500 6FC87C3D 		.ascii	"o\310|=\030\300\201\362\037xJ\377\320\253\364{\355\307"
 263      18C081F2 
 263      1F784AFF 
 263      D0ABF47B 
 263      EDC7
 264 0512 DBF43EEA 		.ascii	"\333\364>\352\035>k}\244\250g\317\240\310\210\265\033"
 264      1D3E6B7D 
 264      A4A867CF 
 264      A0C888B5 
 264      1B
 265 0523 A363BF13 		.ascii	"\243c\277\023#\023\023\342\267n\321\254^\033\023\032"
 265      231313E2 
 265      B76ED1AC 
 265      5E1B131A 
 266 0533 C985AE16 		.ascii	"\311\205\256\026\023\304\344\330\024q\363\306\350\304"
 266      13C4E4D8 
 266      1471F3C6 
 266      E8C4
 267 0541 D4E43871 		.ascii	"\324\3448qCTtb\344\307\033\0308\352\213Eq\334[\354m"
 267      43547462 
 267      E4C71B18 
 267      38EA8B45 
 267      71DC5BEC 
 268 0556 9DB82325 		.ascii	"\235\270#%1Y\211\324\021\321vQL\022\330\333\227\261"
 268      315989D4 
 268      11D17651 
 268      4C12D8DB 
 268      97B1
 269 0568 DBC4D4A4 		.ascii	"\333\304\324\244\200\324\255\011)\313\303\374\260\305"
 269      80D4AD09 
 269      29CBC3FC 
 269      B0C5
 270 0576 ED4AD995 		.ascii	"\355J\331\225$\356X\364\015\247\245\340\224\304\244"
 270      24EE58F4 
 270      0DA7A5E0 
 270      94C4A4
 271 0585 77FD2746 		.ascii	"w\375'F\0301\257J\210\335\264]|\207\004\354\\\277se"
 271      1831AF4A 
 271      88DDB45D 
 271      7C8704EC 
 271      5CBF7365 
 272 0599 6A7CBC98 		.ascii	"j|\274\230\274C\026A\262VFD\256\211\211\332\030\275"
 272      BC431641 
 272      B2564644 
 272      AE8989DA 
 272      18BD
 273 05ab 7E5D4CE4 		.ascii	"~]L\344\372\031\"\301\243S\220S\303\324,]\022\200\367"
 273      FA1922C1 
 273      A3539053 
 273      C3D42C5D 
ARM GAS  C:\Users\Bruger\AppData\Local\Temp\cc9X3lgW.s 			page 21


 273      1280F7
 274 05be E864765F 		.ascii	"\350dv_\225\300\307}\273\231\217\213\337B\314\233b\343"
 274      95C0C77D 
 274      BB998F8B 
 274      DF42CC9B 
 274      62E3
 275 05d0 B6A1E664 		.ascii	"\266\241\346dq\313\322%j\274/\377\037\020\2760\024"
 275      71CBD225 
 275      6ABC2FFF 
 275      1F10BE30 
 275      14
 276              		.text
 277              		.section	.gnu.lto_.symtab.24c0acc7,"",%progbits
 278 0000 43414E5F 		.ascii	"CAN_SaveConfig\000\000\000\000\000\000\000\000\000\000"
 278      53617665 
 278      436F6E66 
 278      69670000 
 278      00000000 
 279 0018 0000AC00 		.ascii	"\000\000\254\000\000\000CAN_RestoreConfig\000\000\000"
 279      00004341 
 279      4E5F5265 
 279      73746F72 
 279      65436F6E 
 280 0032 00000000 		.ascii	"\000\000\000\000\000\000\000\000\000\256\000\000\000"
 280      00000000 
 280      00AE0000 
 280      00
 281 003f 43414E5F 		.ascii	"CAN_Sleep\000\000\000\000\000\000\000\000\000\000\000"
 281      536C6565 
 281      70000000 
 281      00000000 
 281      00000000 
 282 0053 00B00000 		.ascii	"\000\260\000\000\000CAN_Wakeup\000\000\000\000\000\000"
 282      0043414E 
 282      5F57616B 
 282      65757000 
 282      00000000 
 283 0068 00000000 		.ascii	"\000\000\000\000\000\000\262\000\000\000CAN_Stop\000"
 283      0000B200 
 283      00004341 
 283      4E5F5374 
 283      6F7000
 284 007b 00020000 		.ascii	"\000\002\000\000\000\000\000\000\000\000\000\272\000"
 284      00000000 
 284      000000BA 
 284      00
 285 0088 00004341 		.ascii	"\000\000CAN_Enable\000\000\002\000\000\000\000\000\000"
 285      4E5F456E 
 285      61626C65 
 285      00000200 
 285      00000000 
 286 009d 000000BC 		.ascii	"\000\000\000\274\000\000\000CAN_RxTxBuffersConfig\000"
 286      00000043 
 286      414E5F52 
 286      78547842 
 286      75666665 
 287 00ba 00020000 		.ascii	"\000\002\000\000\000\000\000\000\000\000\000\276\000"
ARM GAS  C:\Users\Bruger\AppData\Local\Temp\cc9X3lgW.s 			page 22


 287      00000000 
 287      000000BE 
 287      00
 288 00c7 0000     		.ascii	"\000\000"
 289              		.text
 290              		.section	.gnu.lto_.opts,"",%progbits
 291 0000 272D666E 		.ascii	"'-fno-trapv' '-mcpu=cortex-m3' '-mthumb' '-g' '-O3'"
 291      6F2D7472 
 291      61707627 
 291      20272D6D 
 291      6370753D 
 292 0033 20272D66 		.ascii	" '-ffunction-sections' '-finline-functions' '-flto'"
 292      66756E63 
 292      74696F6E 
 292      2D736563 
 292      74696F6E 
 293 0066 20272D66 		.ascii	" '-ffat-lto-objects'\000"
 293      6661742D 
 293      6C746F2D 
 293      6F626A65 
 293      63747327 
 294              		.text
 295              		.cfi_sections	.debug_frame
 296              		.section	.text.CAN_SaveConfig,"ax",%progbits
 297              		.align	2
 298              		.global	CAN_SaveConfig
 299              		.thumb
 300              		.thumb_func
 301              		.type	CAN_SaveConfig, %function
 302              	CAN_SaveConfig:
 303              	.LFB0:
 304              		.file 1 "Generated_Source\\PSoC5\\CAN_PM.c"
   1:Generated_Source\PSoC5/CAN_PM.c **** /*******************************************************************************
   2:Generated_Source\PSoC5/CAN_PM.c **** * File Name: CAN_PM.c
   3:Generated_Source\PSoC5/CAN_PM.c **** * Version 3.0
   4:Generated_Source\PSoC5/CAN_PM.c **** *
   5:Generated_Source\PSoC5/CAN_PM.c **** * Description:
   6:Generated_Source\PSoC5/CAN_PM.c **** *  This file contains the setup, control and status commands to support
   7:Generated_Source\PSoC5/CAN_PM.c **** *  component operations in the low power mode.
   8:Generated_Source\PSoC5/CAN_PM.c **** *
   9:Generated_Source\PSoC5/CAN_PM.c **** * Note:
  10:Generated_Source\PSoC5/CAN_PM.c **** *
  11:Generated_Source\PSoC5/CAN_PM.c **** ********************************************************************************
  12:Generated_Source\PSoC5/CAN_PM.c **** * Copyright 2008-2015, Cypress Semiconductor Corporation.  All rights reserved.
  13:Generated_Source\PSoC5/CAN_PM.c **** * You may use this file only in accordance with the license, terms, conditions,
  14:Generated_Source\PSoC5/CAN_PM.c **** * disclaimers, and limitations in the end user license agreement accompanying
  15:Generated_Source\PSoC5/CAN_PM.c **** * the software package with which this file was provided.
  16:Generated_Source\PSoC5/CAN_PM.c **** *******************************************************************************/
  17:Generated_Source\PSoC5/CAN_PM.c **** 
  18:Generated_Source\PSoC5/CAN_PM.c **** #include "CAN.h"
  19:Generated_Source\PSoC5/CAN_PM.c **** 
  20:Generated_Source\PSoC5/CAN_PM.c **** static CAN_BACKUP_STRUCT CAN_backup =
  21:Generated_Source\PSoC5/CAN_PM.c **** {
  22:Generated_Source\PSoC5/CAN_PM.c ****     0u,
  23:Generated_Source\PSoC5/CAN_PM.c ****     #if (CY_PSOC3 || CY_PSOC5)
  24:Generated_Source\PSoC5/CAN_PM.c ****         0u,
  25:Generated_Source\PSoC5/CAN_PM.c ****         CAN_INIT_INTERRUPT_MASK,
ARM GAS  C:\Users\Bruger\AppData\Local\Temp\cc9X3lgW.s 			page 23


  26:Generated_Source\PSoC5/CAN_PM.c ****         CAN_MODE_MASK,
  27:Generated_Source\PSoC5/CAN_PM.c ****         (((uint32) ((uint32) CAN_SYNC_EDGE    << CAN_EDGE_MODE_SHIFT))     |
  28:Generated_Source\PSoC5/CAN_PM.c ****         ((uint32) ((uint32) CAN_SAMPLING_MODE << CAN_SAMPLE_MODE_SHIFT))   |
  29:Generated_Source\PSoC5/CAN_PM.c ****         ((uint32) ((uint32) CAN_CFG_REG_SJW   << CAN_CFG_REG_SJW_SHIFT))   |
  30:Generated_Source\PSoC5/CAN_PM.c ****         ((uint32) ((uint32) CAN_RESET_TYPE    << CAN_RESET_SHIFT))         |
  31:Generated_Source\PSoC5/CAN_PM.c ****         ((uint32) ((uint32) CAN_CFG_REG_TSEG2 << CAN_CFG_REG_TSEG2_SHIFT)) |
  32:Generated_Source\PSoC5/CAN_PM.c ****         ((uint32) ((uint32) CAN_CFG_REG_TSEG1 << CAN_CFG_REG_TSEG1_SHIFT)) |
  33:Generated_Source\PSoC5/CAN_PM.c ****         ((uint32) ((uint32) CAN_ARBITER       << CAN_ARBITER_SHIFT))       |
  34:Generated_Source\PSoC5/CAN_PM.c ****         ((uint32) ((uint32) CAN_BITRATE       << CAN_BITRATE_SHIFT)))
  35:Generated_Source\PSoC5/CAN_PM.c ****     #endif /* CY_PSOC3 || CY_PSOC5 */
  36:Generated_Source\PSoC5/CAN_PM.c **** };
  37:Generated_Source\PSoC5/CAN_PM.c **** 
  38:Generated_Source\PSoC5/CAN_PM.c **** 
  39:Generated_Source\PSoC5/CAN_PM.c **** /*******************************************************************************
  40:Generated_Source\PSoC5/CAN_PM.c **** * Function Name: CAN_SaveConfig
  41:Generated_Source\PSoC5/CAN_PM.c **** ********************************************************************************
  42:Generated_Source\PSoC5/CAN_PM.c **** *
  43:Generated_Source\PSoC5/CAN_PM.c **** * Summary:
  44:Generated_Source\PSoC5/CAN_PM.c **** *  Save the CAN configuration.
  45:Generated_Source\PSoC5/CAN_PM.c **** *
  46:Generated_Source\PSoC5/CAN_PM.c **** * Parameters:
  47:Generated_Source\PSoC5/CAN_PM.c **** *  None.
  48:Generated_Source\PSoC5/CAN_PM.c **** *
  49:Generated_Source\PSoC5/CAN_PM.c **** * Return:
  50:Generated_Source\PSoC5/CAN_PM.c **** *  None.
  51:Generated_Source\PSoC5/CAN_PM.c **** *
  52:Generated_Source\PSoC5/CAN_PM.c **** * Global Variables:
  53:Generated_Source\PSoC5/CAN_PM.c **** *  CAN_backup - Modified when non-retention registers are saved.
  54:Generated_Source\PSoC5/CAN_PM.c **** *
  55:Generated_Source\PSoC5/CAN_PM.c **** * Reentrant:
  56:Generated_Source\PSoC5/CAN_PM.c **** *  No.
  57:Generated_Source\PSoC5/CAN_PM.c **** *
  58:Generated_Source\PSoC5/CAN_PM.c **** *******************************************************************************/
  59:Generated_Source\PSoC5/CAN_PM.c **** void CAN_SaveConfig(void) 
  60:Generated_Source\PSoC5/CAN_PM.c **** {
 305              		.loc 1 60 0
 306              		.cfi_startproc
 307              		@ args = 0, pretend = 0, frame = 0
 308              		@ frame_needed = 0, uses_anonymous_args = 0
 309              		@ link register save eliminated.
  61:Generated_Source\PSoC5/CAN_PM.c ****     #if (CY_PSOC3 || CY_PSOC5)
  62:Generated_Source\PSoC5/CAN_PM.c ****         CAN_backup.intSr = (CY_GET_REG32(CAN_INT_SR_PTR));
 310              		.loc 1 62 0
 311 0000 084B     		ldr	r3, .L3
  63:Generated_Source\PSoC5/CAN_PM.c ****         CAN_backup.intEn = (CY_GET_REG32(CAN_INT_EN_PTR));
 312              		.loc 1 63 0
 313 0002 0948     		ldr	r0, .L3+4
  64:Generated_Source\PSoC5/CAN_PM.c ****         CAN_backup.cmd = (CY_GET_REG32(CAN_CMD_PTR));
 314              		.loc 1 64 0
 315 0004 0949     		ldr	r1, .L3+8
  65:Generated_Source\PSoC5/CAN_PM.c ****         CAN_backup.cfg = (CY_GET_REG32(CAN_CFG_PTR));
 316              		.loc 1 65 0
 317 0006 0A4A     		ldr	r2, .L3+12
  60:Generated_Source\PSoC5/CAN_PM.c ****     #if (CY_PSOC3 || CY_PSOC5)
 318              		.loc 1 60 0
 319 0008 10B4     		push	{r4}
 320              		.cfi_def_cfa_offset 4
ARM GAS  C:\Users\Bruger\AppData\Local\Temp\cc9X3lgW.s 			page 24


 321              		.cfi_offset 4, -4
  62:Generated_Source\PSoC5/CAN_PM.c ****         CAN_backup.intEn = (CY_GET_REG32(CAN_INT_EN_PTR));
 322              		.loc 1 62 0
 323 000a 1C68     		ldr	r4, [r3]
  63:Generated_Source\PSoC5/CAN_PM.c ****         CAN_backup.cmd = (CY_GET_REG32(CAN_CMD_PTR));
 324              		.loc 1 63 0
 325 000c 0068     		ldr	r0, [r0]
  62:Generated_Source\PSoC5/CAN_PM.c ****         CAN_backup.intEn = (CY_GET_REG32(CAN_INT_EN_PTR));
 326              		.loc 1 62 0
 327 000e 094B     		ldr	r3, .L3+16
  64:Generated_Source\PSoC5/CAN_PM.c ****         CAN_backup.cfg = (CY_GET_REG32(CAN_CFG_PTR));
 328              		.loc 1 64 0
 329 0010 0968     		ldr	r1, [r1]
 330              		.loc 1 65 0
 331 0012 1268     		ldr	r2, [r2]
  62:Generated_Source\PSoC5/CAN_PM.c ****         CAN_backup.intEn = (CY_GET_REG32(CAN_INT_EN_PTR));
 332              		.loc 1 62 0
 333 0014 5C60     		str	r4, [r3, #4]
  63:Generated_Source\PSoC5/CAN_PM.c ****         CAN_backup.cmd = (CY_GET_REG32(CAN_CMD_PTR));
 334              		.loc 1 63 0
 335 0016 9860     		str	r0, [r3, #8]
  64:Generated_Source\PSoC5/CAN_PM.c ****         CAN_backup.cfg = (CY_GET_REG32(CAN_CFG_PTR));
 336              		.loc 1 64 0
 337 0018 D960     		str	r1, [r3, #12]
 338              		.loc 1 65 0
 339 001a 1A61     		str	r2, [r3, #16]
  66:Generated_Source\PSoC5/CAN_PM.c ****     #endif /* CY_PSOC3 || CY_PSOC5 */
  67:Generated_Source\PSoC5/CAN_PM.c **** }
 340              		.loc 1 67 0
 341 001c 5DF8044B 		ldr	r4, [sp], #4
 342              		.cfi_restore 4
 343              		.cfi_def_cfa_offset 0
 344 0020 7047     		bx	lr
 345              	.L4:
 346 0022 00BF     		.align	2
 347              	.L3:
 348 0024 00A00040 		.word	1073782784
 349 0028 04A00040 		.word	1073782788
 350 002c 10A00040 		.word	1073782800
 351 0030 14A00040 		.word	1073782804
 352 0034 00000000 		.word	.LANCHOR0
 353              		.cfi_endproc
 354              	.LFE0:
 355              		.size	CAN_SaveConfig, .-CAN_SaveConfig
 356              		.section	.text.CAN_RestoreConfig,"ax",%progbits
 357              		.align	2
 358              		.global	CAN_RestoreConfig
 359              		.thumb
 360              		.thumb_func
 361              		.type	CAN_RestoreConfig, %function
 362              	CAN_RestoreConfig:
 363              	.LFB1:
  68:Generated_Source\PSoC5/CAN_PM.c **** 
  69:Generated_Source\PSoC5/CAN_PM.c **** 
  70:Generated_Source\PSoC5/CAN_PM.c **** /*******************************************************************************
  71:Generated_Source\PSoC5/CAN_PM.c **** * Function Name: CAN_RestoreConfig
  72:Generated_Source\PSoC5/CAN_PM.c **** ********************************************************************************
ARM GAS  C:\Users\Bruger\AppData\Local\Temp\cc9X3lgW.s 			page 25


  73:Generated_Source\PSoC5/CAN_PM.c **** *
  74:Generated_Source\PSoC5/CAN_PM.c **** * Summary:
  75:Generated_Source\PSoC5/CAN_PM.c **** *  Restore the CAN configuration.
  76:Generated_Source\PSoC5/CAN_PM.c **** *
  77:Generated_Source\PSoC5/CAN_PM.c **** * Parameters:
  78:Generated_Source\PSoC5/CAN_PM.c **** *  None.
  79:Generated_Source\PSoC5/CAN_PM.c **** *
  80:Generated_Source\PSoC5/CAN_PM.c **** * Return:
  81:Generated_Source\PSoC5/CAN_PM.c **** *  None.
  82:Generated_Source\PSoC5/CAN_PM.c **** *
  83:Generated_Source\PSoC5/CAN_PM.c **** * Global Variables:
  84:Generated_Source\PSoC5/CAN_PM.c **** *  CAN_backup - Used when non-retention registers are restored.
  85:Generated_Source\PSoC5/CAN_PM.c **** *
  86:Generated_Source\PSoC5/CAN_PM.c **** * Side Effects:
  87:Generated_Source\PSoC5/CAN_PM.c **** *  If this API is called without first calling SaveConfig then default values
  88:Generated_Source\PSoC5/CAN_PM.c **** *  from Customizer will be in the following registers: CAN_INT_SR,
  89:Generated_Source\PSoC5/CAN_PM.c **** *  CAN_INT_EN, CAN_CMD, CAN_CFG.
  90:Generated_Source\PSoC5/CAN_PM.c **** *
  91:Generated_Source\PSoC5/CAN_PM.c **** *******************************************************************************/
  92:Generated_Source\PSoC5/CAN_PM.c **** void CAN_RestoreConfig(void) 
  93:Generated_Source\PSoC5/CAN_PM.c **** {
 364              		.loc 1 93 0
 365              		.cfi_startproc
 366              		@ args = 0, pretend = 0, frame = 0
 367              		@ frame_needed = 0, uses_anonymous_args = 0
 368              		@ link register save eliminated.
 369 0000 F0B4     		push	{r4, r5, r6, r7}
 370              		.cfi_def_cfa_offset 16
 371              		.cfi_offset 4, -16
 372              		.cfi_offset 5, -12
 373              		.cfi_offset 6, -8
 374              		.cfi_offset 7, -4
  94:Generated_Source\PSoC5/CAN_PM.c ****     #if (CY_PSOC3 || CY_PSOC5)
  95:Generated_Source\PSoC5/CAN_PM.c ****         CY_SET_REG32(CAN_INT_SR_PTR, CAN_backup.intSr);
 375              		.loc 1 95 0
 376 0002 074B     		ldr	r3, .L7
 377 0004 074E     		ldr	r6, .L7+4
 378 0006 5F68     		ldr	r7, [r3, #4]
  96:Generated_Source\PSoC5/CAN_PM.c ****         CY_SET_REG32(CAN_INT_EN_PTR, CAN_backup.intEn);
 379              		.loc 1 96 0
 380 0008 9D68     		ldr	r5, [r3, #8]
  97:Generated_Source\PSoC5/CAN_PM.c ****         CY_SET_REG32(CAN_CMD_PTR, CAN_backup.cmd);
  98:Generated_Source\PSoC5/CAN_PM.c ****         CY_SET_REG32(CAN_CFG_PTR, CAN_backup.cfg);
 381              		.loc 1 98 0
 382 000a 1A69     		ldr	r2, [r3, #16]
  97:Generated_Source\PSoC5/CAN_PM.c ****         CY_SET_REG32(CAN_CMD_PTR, CAN_backup.cmd);
 383              		.loc 1 97 0
 384 000c D868     		ldr	r0, [r3, #12]
  96:Generated_Source\PSoC5/CAN_PM.c ****         CY_SET_REG32(CAN_INT_EN_PTR, CAN_backup.intEn);
 385              		.loc 1 96 0
 386 000e 064C     		ldr	r4, .L7+8
  97:Generated_Source\PSoC5/CAN_PM.c ****         CY_SET_REG32(CAN_CMD_PTR, CAN_backup.cmd);
 387              		.loc 1 97 0
 388 0010 0649     		ldr	r1, .L7+12
 389              		.loc 1 98 0
 390 0012 074B     		ldr	r3, .L7+16
  95:Generated_Source\PSoC5/CAN_PM.c ****         CY_SET_REG32(CAN_INT_EN_PTR, CAN_backup.intEn);
ARM GAS  C:\Users\Bruger\AppData\Local\Temp\cc9X3lgW.s 			page 26


 391              		.loc 1 95 0
 392 0014 3760     		str	r7, [r6]
  96:Generated_Source\PSoC5/CAN_PM.c ****         CY_SET_REG32(CAN_INT_EN_PTR, CAN_backup.intEn);
 393              		.loc 1 96 0
 394 0016 2560     		str	r5, [r4]
  97:Generated_Source\PSoC5/CAN_PM.c ****         CY_SET_REG32(CAN_CMD_PTR, CAN_backup.cmd);
 395              		.loc 1 97 0
 396 0018 0860     		str	r0, [r1]
  99:Generated_Source\PSoC5/CAN_PM.c ****     #endif /* CY_PSOC3 || CY_PSOC5 */
 100:Generated_Source\PSoC5/CAN_PM.c **** }
 397              		.loc 1 100 0
 398 001a F0BC     		pop	{r4, r5, r6, r7}
 399              		.cfi_restore 7
 400              		.cfi_restore 6
 401              		.cfi_restore 5
 402              		.cfi_restore 4
 403              		.cfi_def_cfa_offset 0
  98:Generated_Source\PSoC5/CAN_PM.c ****     #endif /* CY_PSOC3 || CY_PSOC5 */
 404              		.loc 1 98 0
 405 001c 1A60     		str	r2, [r3]
 406              		.loc 1 100 0
 407 001e 7047     		bx	lr
 408              	.L8:
 409              		.align	2
 410              	.L7:
 411 0020 00000000 		.word	.LANCHOR0
 412 0024 00A00040 		.word	1073782784
 413 0028 04A00040 		.word	1073782788
 414 002c 10A00040 		.word	1073782800
 415 0030 14A00040 		.word	1073782804
 416              		.cfi_endproc
 417              	.LFE1:
 418              		.size	CAN_RestoreConfig, .-CAN_RestoreConfig
 419              		.section	.text.CAN_Sleep,"ax",%progbits
 420              		.align	2
 421              		.global	CAN_Sleep
 422              		.thumb
 423              		.thumb_func
 424              		.type	CAN_Sleep, %function
 425              	CAN_Sleep:
 426              	.LFB2:
 101:Generated_Source\PSoC5/CAN_PM.c **** 
 102:Generated_Source\PSoC5/CAN_PM.c **** 
 103:Generated_Source\PSoC5/CAN_PM.c **** /*******************************************************************************
 104:Generated_Source\PSoC5/CAN_PM.c **** * Function Name: CAN_Sleep
 105:Generated_Source\PSoC5/CAN_PM.c **** ********************************************************************************
 106:Generated_Source\PSoC5/CAN_PM.c **** *
 107:Generated_Source\PSoC5/CAN_PM.c **** * Summary:
 108:Generated_Source\PSoC5/CAN_PM.c **** *  Prepares CAN Component to go to sleep.
 109:Generated_Source\PSoC5/CAN_PM.c **** *
 110:Generated_Source\PSoC5/CAN_PM.c **** * Parameters:
 111:Generated_Source\PSoC5/CAN_PM.c **** *  None.
 112:Generated_Source\PSoC5/CAN_PM.c **** *
 113:Generated_Source\PSoC5/CAN_PM.c **** * Return:
 114:Generated_Source\PSoC5/CAN_PM.c **** *  None.
 115:Generated_Source\PSoC5/CAN_PM.c **** *
 116:Generated_Source\PSoC5/CAN_PM.c **** * Global Variables:
ARM GAS  C:\Users\Bruger\AppData\Local\Temp\cc9X3lgW.s 			page 27


 117:Generated_Source\PSoC5/CAN_PM.c **** *  CAN_backup - Modified when non-retention registers are saved.
 118:Generated_Source\PSoC5/CAN_PM.c **** *
 119:Generated_Source\PSoC5/CAN_PM.c **** * Reentrant:
 120:Generated_Source\PSoC5/CAN_PM.c **** *  No.
 121:Generated_Source\PSoC5/CAN_PM.c **** *
 122:Generated_Source\PSoC5/CAN_PM.c **** *******************************************************************************/
 123:Generated_Source\PSoC5/CAN_PM.c **** void CAN_Sleep(void) 
 124:Generated_Source\PSoC5/CAN_PM.c **** {
 427              		.loc 1 124 0
 428              		.cfi_startproc
 429              		@ args = 0, pretend = 0, frame = 0
 430              		@ frame_needed = 0, uses_anonymous_args = 0
 431              		@ link register save eliminated.
 125:Generated_Source\PSoC5/CAN_PM.c ****     #if (!(CY_PSOC3 || CY_PSOC5))
 126:Generated_Source\PSoC5/CAN_PM.c ****         uint8 i;
 127:Generated_Source\PSoC5/CAN_PM.c ****     #endif /* (!(CY_PSOC3 || CY_PSOC5)) */
 128:Generated_Source\PSoC5/CAN_PM.c **** 
 129:Generated_Source\PSoC5/CAN_PM.c ****     if (0u != (CY_GET_REG32(CAN_CMD_PTR) & CAN_MODE_MASK))
 432              		.loc 1 129 0
 433 0000 0A49     		ldr	r1, .L11
 124:Generated_Source\PSoC5/CAN_PM.c ****     #if (!(CY_PSOC3 || CY_PSOC5))
 434              		.loc 1 124 0
 435 0002 30B4     		push	{r4, r5}
 436              		.cfi_def_cfa_offset 8
 437              		.cfi_offset 4, -8
 438              		.cfi_offset 5, -4
 439              		.loc 1 129 0
 440 0004 0A68     		ldr	r2, [r1]
 441 0006 0A4B     		ldr	r3, .L11+4
 442 0008 02F00102 		and	r2, r2, #1
 443              	.LBB6:
 444              	.LBB7:
  62:Generated_Source\PSoC5/CAN_PM.c ****         CAN_backup.intEn = (CY_GET_REG32(CAN_INT_EN_PTR));
 445              		.loc 1 62 0
 446 000c 094C     		ldr	r4, .L11+8
 447              	.LBE7:
 448              	.LBE6:
 130:Generated_Source\PSoC5/CAN_PM.c ****     {
 131:Generated_Source\PSoC5/CAN_PM.c ****         CAN_backup.enableState = 1u;
 449              		.loc 1 131 0
 450 000e 1A70     		strb	r2, [r3]
 451              	.LBB10:
 452              	.LBB8:
  65:Generated_Source\PSoC5/CAN_PM.c ****     #endif /* CY_PSOC3 || CY_PSOC5 */
 453              		.loc 1 65 0
 454 0010 094D     		ldr	r5, .L11+12
  63:Generated_Source\PSoC5/CAN_PM.c ****         CAN_backup.cmd = (CY_GET_REG32(CAN_CMD_PTR));
 455              		.loc 1 63 0
 456 0012 0A48     		ldr	r0, .L11+16
  62:Generated_Source\PSoC5/CAN_PM.c ****         CAN_backup.intEn = (CY_GET_REG32(CAN_INT_EN_PTR));
 457              		.loc 1 62 0
 458 0014 2468     		ldr	r4, [r4]
  63:Generated_Source\PSoC5/CAN_PM.c ****         CAN_backup.cmd = (CY_GET_REG32(CAN_CMD_PTR));
 459              		.loc 1 63 0
 460 0016 0068     		ldr	r0, [r0]
  64:Generated_Source\PSoC5/CAN_PM.c ****         CAN_backup.cfg = (CY_GET_REG32(CAN_CFG_PTR));
 461              		.loc 1 64 0
ARM GAS  C:\Users\Bruger\AppData\Local\Temp\cc9X3lgW.s 			page 28


 462 0018 0968     		ldr	r1, [r1]
  65:Generated_Source\PSoC5/CAN_PM.c ****     #endif /* CY_PSOC3 || CY_PSOC5 */
 463              		.loc 1 65 0
 464 001a 2A68     		ldr	r2, [r5]
  62:Generated_Source\PSoC5/CAN_PM.c ****         CAN_backup.intEn = (CY_GET_REG32(CAN_INT_EN_PTR));
 465              		.loc 1 62 0
 466 001c 5C60     		str	r4, [r3, #4]
 467              	.LBE8:
 468              	.LBE10:
 132:Generated_Source\PSoC5/CAN_PM.c ****     }
 133:Generated_Source\PSoC5/CAN_PM.c ****     else /* CAN block is disabled */
 134:Generated_Source\PSoC5/CAN_PM.c ****     {
 135:Generated_Source\PSoC5/CAN_PM.c ****         CAN_backup.enableState = 0u;
 136:Generated_Source\PSoC5/CAN_PM.c ****     }
 137:Generated_Source\PSoC5/CAN_PM.c **** 
 138:Generated_Source\PSoC5/CAN_PM.c ****     #if (CY_PSOC3 || CY_PSOC5)
 139:Generated_Source\PSoC5/CAN_PM.c ****         CAN_SaveConfig();
 140:Generated_Source\PSoC5/CAN_PM.c ****         (void) CAN_Stop();
 141:Generated_Source\PSoC5/CAN_PM.c ****     #else /* CY_PSOC4 */
 142:Generated_Source\PSoC5/CAN_PM.c ****         /* Abort respective pending TX message requests */
 143:Generated_Source\PSoC5/CAN_PM.c ****         for (i = 0u; i < CAN_NUMBER_OF_TX_MAILBOXES; i++)
 144:Generated_Source\PSoC5/CAN_PM.c ****         {
 145:Generated_Source\PSoC5/CAN_PM.c ****             CAN_TX_ABORT_MESSAGE(i);
 146:Generated_Source\PSoC5/CAN_PM.c ****         }
 147:Generated_Source\PSoC5/CAN_PM.c **** 
 148:Generated_Source\PSoC5/CAN_PM.c ****         /* Sets CAN controller to Stop mode */
 149:Generated_Source\PSoC5/CAN_PM.c ****         (void) CAN_Stop();
 150:Generated_Source\PSoC5/CAN_PM.c **** 
 151:Generated_Source\PSoC5/CAN_PM.c ****         /* Clear Global Interrupt enable Flag */
 152:Generated_Source\PSoC5/CAN_PM.c ****         (void) CAN_GlobalIntDisable();
 153:Generated_Source\PSoC5/CAN_PM.c ****     #endif /* CY_PSOC3 || CY_PSOC5 */
 154:Generated_Source\PSoC5/CAN_PM.c **** }
 469              		.loc 1 154 0
 470 001e 30BC     		pop	{r4, r5}
 471              		.cfi_restore 5
 472              		.cfi_restore 4
 473              		.cfi_def_cfa_offset 0
 474              	.LBB11:
 475              	.LBB9:
  63:Generated_Source\PSoC5/CAN_PM.c ****         CAN_backup.cmd = (CY_GET_REG32(CAN_CMD_PTR));
 476              		.loc 1 63 0
 477 0020 9860     		str	r0, [r3, #8]
  64:Generated_Source\PSoC5/CAN_PM.c ****         CAN_backup.cfg = (CY_GET_REG32(CAN_CFG_PTR));
 478              		.loc 1 64 0
 479 0022 D960     		str	r1, [r3, #12]
  65:Generated_Source\PSoC5/CAN_PM.c ****     #endif /* CY_PSOC3 || CY_PSOC5 */
 480              		.loc 1 65 0
 481 0024 1A61     		str	r2, [r3, #16]
 482              	.LBE9:
 483              	.LBE11:
 140:Generated_Source\PSoC5/CAN_PM.c ****     #else /* CY_PSOC4 */
 484              		.loc 1 140 0
 485 0026 FFF7FEBF 		b	CAN_Stop
 486              	.LVL0:
 487              	.L12:
 488 002a 00BF     		.align	2
 489              	.L11:
ARM GAS  C:\Users\Bruger\AppData\Local\Temp\cc9X3lgW.s 			page 29


 490 002c 10A00040 		.word	1073782800
 491 0030 00000000 		.word	.LANCHOR0
 492 0034 00A00040 		.word	1073782784
 493 0038 14A00040 		.word	1073782804
 494 003c 04A00040 		.word	1073782788
 495              		.cfi_endproc
 496              	.LFE2:
 497              		.size	CAN_Sleep, .-CAN_Sleep
 498              		.section	.text.CAN_Wakeup,"ax",%progbits
 499              		.align	2
 500              		.global	CAN_Wakeup
 501              		.thumb
 502              		.thumb_func
 503              		.type	CAN_Wakeup, %function
 504              	CAN_Wakeup:
 505              	.LFB3:
 155:Generated_Source\PSoC5/CAN_PM.c **** 
 156:Generated_Source\PSoC5/CAN_PM.c **** 
 157:Generated_Source\PSoC5/CAN_PM.c **** /*******************************************************************************
 158:Generated_Source\PSoC5/CAN_PM.c **** * Function Name: CAN_Wakeup
 159:Generated_Source\PSoC5/CAN_PM.c **** ********************************************************************************
 160:Generated_Source\PSoC5/CAN_PM.c **** *
 161:Generated_Source\PSoC5/CAN_PM.c **** * Summary:
 162:Generated_Source\PSoC5/CAN_PM.c **** *  Prepares CAN Component to wake up.
 163:Generated_Source\PSoC5/CAN_PM.c **** *
 164:Generated_Source\PSoC5/CAN_PM.c **** * Parameters:
 165:Generated_Source\PSoC5/CAN_PM.c **** *  None.
 166:Generated_Source\PSoC5/CAN_PM.c **** *
 167:Generated_Source\PSoC5/CAN_PM.c **** * Return:
 168:Generated_Source\PSoC5/CAN_PM.c **** *  None.
 169:Generated_Source\PSoC5/CAN_PM.c **** *
 170:Generated_Source\PSoC5/CAN_PM.c **** * Global Variables:
 171:Generated_Source\PSoC5/CAN_PM.c **** *  CAN_backup - Used when non-retention registers are restored.
 172:Generated_Source\PSoC5/CAN_PM.c **** *
 173:Generated_Source\PSoC5/CAN_PM.c **** * Reentrant:
 174:Generated_Source\PSoC5/CAN_PM.c **** *  No.
 175:Generated_Source\PSoC5/CAN_PM.c **** *
 176:Generated_Source\PSoC5/CAN_PM.c **** *******************************************************************************/
 177:Generated_Source\PSoC5/CAN_PM.c **** void CAN_Wakeup(void) 
 178:Generated_Source\PSoC5/CAN_PM.c **** {
 506              		.loc 1 178 0
 507              		.cfi_startproc
 508              		@ args = 0, pretend = 0, frame = 0
 509              		@ frame_needed = 0, uses_anonymous_args = 0
 510 0000 F8B5     		push	{r3, r4, r5, r6, r7, lr}
 511              		.cfi_def_cfa_offset 24
 512              		.cfi_offset 3, -24
 513              		.cfi_offset 4, -20
 514              		.cfi_offset 5, -16
 515              		.cfi_offset 6, -12
 516              		.cfi_offset 7, -8
 517              		.cfi_offset 14, -4
 179:Generated_Source\PSoC5/CAN_PM.c ****     #if (CY_PSOC3 || CY_PSOC5)
 180:Generated_Source\PSoC5/CAN_PM.c ****         /* Enable CAN block in Active mode */
 181:Generated_Source\PSoC5/CAN_PM.c ****         CAN_PM_ACT_CFG_REG |= CAN_ACT_PWR_EN;
 518              		.loc 1 181 0
 519 0002 1149     		ldr	r1, .L18
ARM GAS  C:\Users\Bruger\AppData\Local\Temp\cc9X3lgW.s 			page 30


 182:Generated_Source\PSoC5/CAN_PM.c ****         /* Enable CAN block in Alternate Active (Standby) mode */
 183:Generated_Source\PSoC5/CAN_PM.c ****         CAN_PM_STBY_CFG_REG |= CAN_STBY_PWR_EN;
 520              		.loc 1 183 0
 521 0004 114A     		ldr	r2, .L18+4
 181:Generated_Source\PSoC5/CAN_PM.c ****         /* Enable CAN block in Alternate Active (Standby) mode */
 522              		.loc 1 181 0
 523 0006 0B78     		ldrb	r3, [r1]	@ zero_extendqisi2
 524              	.LBB12:
 525              	.LBB13:
  95:Generated_Source\PSoC5/CAN_PM.c ****         CY_SET_REG32(CAN_INT_EN_PTR, CAN_backup.intEn);
 526              		.loc 1 95 0
 527 0008 114C     		ldr	r4, .L18+8
 528              	.LBE13:
 529              	.LBE12:
 181:Generated_Source\PSoC5/CAN_PM.c ****         /* Enable CAN block in Alternate Active (Standby) mode */
 530              		.loc 1 181 0
 531 000a 43F00103 		orr	r3, r3, #1
 532 000e 0B70     		strb	r3, [r1]
 533              		.loc 1 183 0
 534 0010 1378     		ldrb	r3, [r2]	@ zero_extendqisi2
 535              	.LBB16:
 536              	.LBB14:
  95:Generated_Source\PSoC5/CAN_PM.c ****         CY_SET_REG32(CAN_INT_EN_PTR, CAN_backup.intEn);
 537              		.loc 1 95 0
 538 0012 6668     		ldr	r6, [r4, #4]
 539 0014 0F4D     		ldr	r5, .L18+12
 540              	.LBE14:
 541              	.LBE16:
 542              		.loc 1 183 0
 543 0016 43F00103 		orr	r3, r3, #1
 544 001a 1370     		strb	r3, [r2]
 545              	.LBB17:
 546              	.LBB15:
  95:Generated_Source\PSoC5/CAN_PM.c ****         CY_SET_REG32(CAN_INT_EN_PTR, CAN_backup.intEn);
 547              		.loc 1 95 0
 548 001c 2E60     		str	r6, [r5]
  96:Generated_Source\PSoC5/CAN_PM.c ****         CY_SET_REG32(CAN_CMD_PTR, CAN_backup.cmd);
 549              		.loc 1 96 0
 550 001e A368     		ldr	r3, [r4, #8]
 551 0020 0D48     		ldr	r0, .L18+16
  97:Generated_Source\PSoC5/CAN_PM.c ****         CY_SET_REG32(CAN_CFG_PTR, CAN_backup.cfg);
 552              		.loc 1 97 0
 553 0022 01F5B841 		add	r1, r1, #23552
  96:Generated_Source\PSoC5/CAN_PM.c ****         CY_SET_REG32(CAN_CMD_PTR, CAN_backup.cmd);
 554              		.loc 1 96 0
 555 0026 0360     		str	r3, [r0]
  97:Generated_Source\PSoC5/CAN_PM.c ****         CY_SET_REG32(CAN_CFG_PTR, CAN_backup.cfg);
 556              		.loc 1 97 0
 557 0028 E368     		ldr	r3, [r4, #12]
 558 002a 6A31     		adds	r1, r1, #106
 559 002c 0B60     		str	r3, [r1]
  98:Generated_Source\PSoC5/CAN_PM.c ****     #endif /* CY_PSOC3 || CY_PSOC5 */
 560              		.loc 1 98 0
 561 002e 2369     		ldr	r3, [r4, #16]
 562 0030 0A4F     		ldr	r7, .L18+20
 563 0032 3B60     		str	r3, [r7]
 564              	.LBE15:
ARM GAS  C:\Users\Bruger\AppData\Local\Temp\cc9X3lgW.s 			page 31


 565              	.LBE17:
 184:Generated_Source\PSoC5/CAN_PM.c **** 
 185:Generated_Source\PSoC5/CAN_PM.c ****         CAN_RestoreConfig();
 186:Generated_Source\PSoC5/CAN_PM.c **** 
 187:Generated_Source\PSoC5/CAN_PM.c ****         /* Reconfigure Rx and Tx Buffers control registers */
 188:Generated_Source\PSoC5/CAN_PM.c ****         (void) CAN_RxTxBuffersConfig();
 566              		.loc 1 188 0
 567 0034 FFF7FEFF 		bl	CAN_RxTxBuffersConfig
 568              	.LVL1:
 189:Generated_Source\PSoC5/CAN_PM.c **** 
 190:Generated_Source\PSoC5/CAN_PM.c ****         if (CAN_backup.enableState != 0u)
 569              		.loc 1 190 0
 570 0038 2378     		ldrb	r3, [r4]	@ zero_extendqisi2
 571 003a 03B9     		cbnz	r3, .L17
 572 003c F8BD     		pop	{r3, r4, r5, r6, r7, pc}
 573              	.L17:
 191:Generated_Source\PSoC5/CAN_PM.c ****         {
 192:Generated_Source\PSoC5/CAN_PM.c ****             /* Enable component's operation */
 193:Generated_Source\PSoC5/CAN_PM.c ****             (void) CAN_Enable();
 194:Generated_Source\PSoC5/CAN_PM.c ****         } /* Do nothing if component's block was disabled before */
 195:Generated_Source\PSoC5/CAN_PM.c ****     #else /* CY_PSOC4 */
 196:Generated_Source\PSoC5/CAN_PM.c ****         /* Clear all INT_STATUS bits */
 197:Generated_Source\PSoC5/CAN_PM.c ****         CAN_INT_SR_REG = CAN_INT_STATUS_MASK;
 198:Generated_Source\PSoC5/CAN_PM.c **** 
 199:Generated_Source\PSoC5/CAN_PM.c ****         /* Set Global Interrupt enable Flag */
 200:Generated_Source\PSoC5/CAN_PM.c ****         (void) CAN_GlobalIntEnable();
 201:Generated_Source\PSoC5/CAN_PM.c **** 
 202:Generated_Source\PSoC5/CAN_PM.c ****         if (CAN_backup.enableState != 0u)
 203:Generated_Source\PSoC5/CAN_PM.c ****         {
 204:Generated_Source\PSoC5/CAN_PM.c ****             (void) CAN_Enable();
 205:Generated_Source\PSoC5/CAN_PM.c ****         } /* Do nothing if component's block was disabled before */
 206:Generated_Source\PSoC5/CAN_PM.c ****     #endif /* CY_PSOC3 || CY_PSOC5 */
 207:Generated_Source\PSoC5/CAN_PM.c **** }
 574              		.loc 1 207 0
 575 003e BDE8F840 		pop	{r3, r4, r5, r6, r7, lr}
 576              		.cfi_restore 14
 577              		.cfi_restore 7
 578              		.cfi_restore 6
 579              		.cfi_restore 5
 580              		.cfi_restore 4
 581              		.cfi_restore 3
 582              		.cfi_def_cfa_offset 0
 193:Generated_Source\PSoC5/CAN_PM.c ****         } /* Do nothing if component's block was disabled before */
 583              		.loc 1 193 0
 584 0042 FFF7FEBF 		b	CAN_Enable
 585              	.LVL2:
 586              	.L19:
 587 0046 00BF     		.align	2
 588              	.L18:
 589 0048 A6430040 		.word	1073759142
 590 004c B6430040 		.word	1073759158
 591 0050 00000000 		.word	.LANCHOR0
 592 0054 00A00040 		.word	1073782784
 593 0058 04A00040 		.word	1073782788
 594 005c 14A00040 		.word	1073782804
 595              		.cfi_endproc
 596              	.LFE3:
ARM GAS  C:\Users\Bruger\AppData\Local\Temp\cc9X3lgW.s 			page 32


 597              		.size	CAN_Wakeup, .-CAN_Wakeup
 598              		.data
 599              		.align	2
 600              		.set	.LANCHOR0,. + 0
 601              		.type	CAN_backup, %object
 602              		.size	CAN_backup, 20
 603              	CAN_backup:
 604 0000 00       		.byte	0
 605 0001 000000   		.space	3
 606 0004 00000000 		.word	0
 607 0008 01120000 		.word	4609
 608 000c 01000000 		.word	1
 609 0010 48030500 		.word	328520
 610              		.text
 611              	.Letext0:
 612              		.file 2 "Generated_Source\\PSoC5\\cytypes.h"
 613              		.file 3 "Generated_Source\\PSoC5\\CAN.h"
 614              		.section	.debug_info,"",%progbits
 615              	.Ldebug_info0:
 616 0000 E0010000 		.4byte	0x1e0
 617 0004 0400     		.2byte	0x4
 618 0006 00000000 		.4byte	.Ldebug_abbrev0
 619 000a 04       		.byte	0x4
 620 000b 01       		.uleb128 0x1
 621 000c 96000000 		.4byte	.LASF29
 622 0010 01       		.byte	0x1
 623 0011 D9010000 		.4byte	.LASF30
 624 0015 0E020000 		.4byte	.LASF31
 625 0019 40000000 		.4byte	.Ldebug_ranges0+0x40
 626 001d 00000000 		.4byte	0
 627 0021 00000000 		.4byte	.Ldebug_line0
 628 0025 02       		.uleb128 0x2
 629 0026 01       		.byte	0x1
 630 0027 06       		.byte	0x6
 631 0028 73020000 		.4byte	.LASF0
 632 002c 02       		.uleb128 0x2
 633 002d 01       		.byte	0x1
 634 002e 08       		.byte	0x8
 635 002f 56010000 		.4byte	.LASF1
 636 0033 02       		.uleb128 0x2
 637 0034 02       		.byte	0x2
 638 0035 05       		.byte	0x5
 639 0036 CF010000 		.4byte	.LASF2
 640 003a 02       		.uleb128 0x2
 641 003b 02       		.byte	0x2
 642 003c 07       		.byte	0x7
 643 003d 20000000 		.4byte	.LASF3
 644 0041 02       		.uleb128 0x2
 645 0042 04       		.byte	0x4
 646 0043 05       		.byte	0x5
 647 0044 F9010000 		.4byte	.LASF4
 648 0048 02       		.uleb128 0x2
 649 0049 04       		.byte	0x4
 650 004a 07       		.byte	0x7
 651 004b 5A000000 		.4byte	.LASF5
 652 004f 02       		.uleb128 0x2
 653 0050 08       		.byte	0x8
ARM GAS  C:\Users\Bruger\AppData\Local\Temp\cc9X3lgW.s 			page 33


 654 0051 05       		.byte	0x5
 655 0052 91010000 		.4byte	.LASF6
 656 0056 02       		.uleb128 0x2
 657 0057 08       		.byte	0x8
 658 0058 07       		.byte	0x7
 659 0059 71010000 		.4byte	.LASF7
 660 005d 03       		.uleb128 0x3
 661 005e 04       		.byte	0x4
 662 005f 05       		.byte	0x5
 663 0060 696E7400 		.ascii	"int\000"
 664 0064 02       		.uleb128 0x2
 665 0065 04       		.byte	0x4
 666 0066 07       		.byte	0x7
 667 0067 64010000 		.4byte	.LASF8
 668 006b 04       		.uleb128 0x4
 669 006c 6C000000 		.4byte	.LASF9
 670 0070 02       		.byte	0x2
 671 0071 3801     		.2byte	0x138
 672 0073 2C000000 		.4byte	0x2c
 673 0077 04       		.uleb128 0x4
 674 0078 3D010000 		.4byte	.LASF10
 675 007c 02       		.byte	0x2
 676 007d 3901     		.2byte	0x139
 677 007f 3A000000 		.4byte	0x3a
 678 0083 04       		.uleb128 0x4
 679 0084 4F010000 		.4byte	.LASF11
 680 0088 02       		.byte	0x2
 681 0089 3A01     		.2byte	0x13a
 682 008b 48000000 		.4byte	0x48
 683 008f 02       		.uleb128 0x2
 684 0090 04       		.byte	0x4
 685 0091 04       		.byte	0x4
 686 0092 33000000 		.4byte	.LASF12
 687 0096 02       		.uleb128 0x2
 688 0097 08       		.byte	0x8
 689 0098 04       		.byte	0x4
 690 0099 7D000000 		.4byte	.LASF13
 691 009d 02       		.uleb128 0x2
 692 009e 01       		.byte	0x1
 693 009f 08       		.byte	0x8
 694 00a0 A5010000 		.4byte	.LASF14
 695 00a4 04       		.uleb128 0x4
 696 00a5 4F000000 		.4byte	.LASF15
 697 00a9 02       		.byte	0x2
 698 00aa E201     		.2byte	0x1e2
 699 00ac B0000000 		.4byte	0xb0
 700 00b0 05       		.uleb128 0x5
 701 00b1 6B000000 		.4byte	0x6b
 702 00b5 04       		.uleb128 0x4
 703 00b6 00000000 		.4byte	.LASF16
 704 00ba 02       		.byte	0x2
 705 00bb E401     		.2byte	0x1e4
 706 00bd C1000000 		.4byte	0xc1
 707 00c1 05       		.uleb128 0x5
 708 00c2 83000000 		.4byte	0x83
 709 00c6 02       		.uleb128 0x2
 710 00c7 04       		.byte	0x4
ARM GAS  C:\Users\Bruger\AppData\Local\Temp\cc9X3lgW.s 			page 34


 711 00c8 07       		.byte	0x7
 712 00c9 88010000 		.4byte	.LASF17
 713 00cd 06       		.uleb128 0x6
 714 00ce 14       		.byte	0x14
 715 00cf 03       		.byte	0x3
 716 00d0 B4       		.byte	0xb4
 717 00d1 12010000 		.4byte	0x112
 718 00d5 07       		.uleb128 0x7
 719 00d6 02020000 		.4byte	.LASF18
 720 00da 03       		.byte	0x3
 721 00db B6       		.byte	0xb6
 722 00dc 6B000000 		.4byte	0x6b
 723 00e0 00       		.byte	0
 724 00e1 07       		.uleb128 0x7
 725 00e2 9F010000 		.4byte	.LASF19
 726 00e6 03       		.byte	0x3
 727 00e7 B8       		.byte	0xb8
 728 00e8 83000000 		.4byte	0x83
 729 00ec 04       		.byte	0x4
 730 00ed 07       		.uleb128 0x7
 731 00ee 54000000 		.4byte	.LASF20
 732 00f2 03       		.byte	0x3
 733 00f3 B9       		.byte	0xb9
 734 00f4 83000000 		.4byte	0x83
 735 00f8 08       		.byte	0x8
 736 00f9 08       		.uleb128 0x8
 737 00fa 636D6400 		.ascii	"cmd\000"
 738 00fe 03       		.byte	0x3
 739 00ff BA       		.byte	0xba
 740 0100 83000000 		.4byte	0x83
 741 0104 0C       		.byte	0xc
 742 0105 08       		.uleb128 0x8
 743 0106 63666700 		.ascii	"cfg\000"
 744 010a 03       		.byte	0x3
 745 010b BB       		.byte	0xbb
 746 010c 83000000 		.4byte	0x83
 747 0110 10       		.byte	0x10
 748 0111 00       		.byte	0
 749 0112 09       		.uleb128 0x9
 750 0113 BD010000 		.4byte	.LASF21
 751 0117 03       		.byte	0x3
 752 0118 BD       		.byte	0xbd
 753 0119 CD000000 		.4byte	0xcd
 754 011d 0A       		.uleb128 0xa
 755 011e 06000000 		.4byte	.LASF22
 756 0122 01       		.byte	0x1
 757 0123 3B       		.byte	0x3b
 758 0124 01       		.byte	0x1
 759 0125 0A       		.uleb128 0xa
 760 0126 84000000 		.4byte	.LASF23
 761 012a 01       		.byte	0x1
 762 012b 5C       		.byte	0x5c
 763 012c 01       		.byte	0x1
 764 012d 0B       		.uleb128 0xb
 765 012e 1D010000 		.4byte	0x11d
 766 0132 00000000 		.4byte	.LFB0
 767 0136 38000000 		.4byte	.LFE0-.LFB0
ARM GAS  C:\Users\Bruger\AppData\Local\Temp\cc9X3lgW.s 			page 35


 768 013a 01       		.uleb128 0x1
 769 013b 9C       		.byte	0x9c
 770 013c 0B       		.uleb128 0xb
 771 013d 25010000 		.4byte	0x125
 772 0141 00000000 		.4byte	.LFB1
 773 0145 34000000 		.4byte	.LFE1-.LFB1
 774 0149 01       		.uleb128 0x1
 775 014a 9C       		.byte	0x9c
 776 014b 0C       		.uleb128 0xc
 777 014c B3010000 		.4byte	.LASF24
 778 0150 01       		.byte	0x1
 779 0151 7B       		.byte	0x7b
 780 0152 00000000 		.4byte	.LFB2
 781 0156 40000000 		.4byte	.LFE2-.LFB2
 782 015a 01       		.uleb128 0x1
 783 015b 9C       		.byte	0x9c
 784 015c 79010000 		.4byte	0x179
 785 0160 0D       		.uleb128 0xd
 786 0161 1D010000 		.4byte	0x11d
 787 0165 0C000000 		.4byte	.LBB6
 788 0169 00000000 		.4byte	.Ldebug_ranges0+0
 789 016d 01       		.byte	0x1
 790 016e 8B       		.byte	0x8b
 791 016f 0E       		.uleb128 0xe
 792 0170 2A000000 		.4byte	.LVL0
 793 0174 C1010000 		.4byte	0x1c1
 794 0178 00       		.byte	0
 795 0179 0C       		.uleb128 0xc
 796 017a 44010000 		.4byte	.LASF25
 797 017e 01       		.byte	0x1
 798 017f B1       		.byte	0xb1
 799 0180 00000000 		.4byte	.LFB3
 800 0184 60000000 		.4byte	.LFE3-.LFB3
 801 0188 01       		.uleb128 0x1
 802 0189 9C       		.byte	0x9c
 803 018a B0010000 		.4byte	0x1b0
 804 018e 0D       		.uleb128 0xd
 805 018f 25010000 		.4byte	0x125
 806 0193 08000000 		.4byte	.LBB12
 807 0197 20000000 		.4byte	.Ldebug_ranges0+0x20
 808 019b 01       		.byte	0x1
 809 019c B9       		.byte	0xb9
 810 019d 0F       		.uleb128 0xf
 811 019e 38000000 		.4byte	.LVL1
 812 01a2 CC010000 		.4byte	0x1cc
 813 01a6 0E       		.uleb128 0xe
 814 01a7 46000000 		.4byte	.LVL2
 815 01ab D8010000 		.4byte	0x1d8
 816 01af 00       		.byte	0
 817 01b0 10       		.uleb128 0x10
 818 01b1 72000000 		.4byte	.LASF32
 819 01b5 01       		.byte	0x1
 820 01b6 14       		.byte	0x14
 821 01b7 12010000 		.4byte	0x112
 822 01bb 05       		.uleb128 0x5
 823 01bc 03       		.byte	0x3
 824 01bd 00000000 		.4byte	CAN_backup
ARM GAS  C:\Users\Bruger\AppData\Local\Temp\cc9X3lgW.s 			page 36


 825 01c1 11       		.uleb128 0x11
 826 01c2 AA010000 		.4byte	.LASF26
 827 01c6 03       		.byte	0x3
 828 01c7 C6       		.byte	0xc6
 829 01c8 6B000000 		.4byte	0x6b
 830 01cc 12       		.uleb128 0x12
 831 01cd 39000000 		.4byte	.LASF27
 832 01d1 03       		.byte	0x3
 833 01d2 1701     		.2byte	0x117
 834 01d4 6B000000 		.4byte	0x6b
 835 01d8 11       		.uleb128 0x11
 836 01d9 15000000 		.4byte	.LASF28
 837 01dd 03       		.byte	0x3
 838 01de C7       		.byte	0xc7
 839 01df 6B000000 		.4byte	0x6b
 840 01e3 00       		.byte	0
 841              		.section	.debug_abbrev,"",%progbits
 842              	.Ldebug_abbrev0:
 843 0000 01       		.uleb128 0x1
 844 0001 11       		.uleb128 0x11
 845 0002 01       		.byte	0x1
 846 0003 25       		.uleb128 0x25
 847 0004 0E       		.uleb128 0xe
 848 0005 13       		.uleb128 0x13
 849 0006 0B       		.uleb128 0xb
 850 0007 03       		.uleb128 0x3
 851 0008 0E       		.uleb128 0xe
 852 0009 1B       		.uleb128 0x1b
 853 000a 0E       		.uleb128 0xe
 854 000b 55       		.uleb128 0x55
 855 000c 17       		.uleb128 0x17
 856 000d 11       		.uleb128 0x11
 857 000e 01       		.uleb128 0x1
 858 000f 10       		.uleb128 0x10
 859 0010 17       		.uleb128 0x17
 860 0011 00       		.byte	0
 861 0012 00       		.byte	0
 862 0013 02       		.uleb128 0x2
 863 0014 24       		.uleb128 0x24
 864 0015 00       		.byte	0
 865 0016 0B       		.uleb128 0xb
 866 0017 0B       		.uleb128 0xb
 867 0018 3E       		.uleb128 0x3e
 868 0019 0B       		.uleb128 0xb
 869 001a 03       		.uleb128 0x3
 870 001b 0E       		.uleb128 0xe
 871 001c 00       		.byte	0
 872 001d 00       		.byte	0
 873 001e 03       		.uleb128 0x3
 874 001f 24       		.uleb128 0x24
 875 0020 00       		.byte	0
 876 0021 0B       		.uleb128 0xb
 877 0022 0B       		.uleb128 0xb
 878 0023 3E       		.uleb128 0x3e
 879 0024 0B       		.uleb128 0xb
 880 0025 03       		.uleb128 0x3
 881 0026 08       		.uleb128 0x8
ARM GAS  C:\Users\Bruger\AppData\Local\Temp\cc9X3lgW.s 			page 37


 882 0027 00       		.byte	0
 883 0028 00       		.byte	0
 884 0029 04       		.uleb128 0x4
 885 002a 16       		.uleb128 0x16
 886 002b 00       		.byte	0
 887 002c 03       		.uleb128 0x3
 888 002d 0E       		.uleb128 0xe
 889 002e 3A       		.uleb128 0x3a
 890 002f 0B       		.uleb128 0xb
 891 0030 3B       		.uleb128 0x3b
 892 0031 05       		.uleb128 0x5
 893 0032 49       		.uleb128 0x49
 894 0033 13       		.uleb128 0x13
 895 0034 00       		.byte	0
 896 0035 00       		.byte	0
 897 0036 05       		.uleb128 0x5
 898 0037 35       		.uleb128 0x35
 899 0038 00       		.byte	0
 900 0039 49       		.uleb128 0x49
 901 003a 13       		.uleb128 0x13
 902 003b 00       		.byte	0
 903 003c 00       		.byte	0
 904 003d 06       		.uleb128 0x6
 905 003e 13       		.uleb128 0x13
 906 003f 01       		.byte	0x1
 907 0040 0B       		.uleb128 0xb
 908 0041 0B       		.uleb128 0xb
 909 0042 3A       		.uleb128 0x3a
 910 0043 0B       		.uleb128 0xb
 911 0044 3B       		.uleb128 0x3b
 912 0045 0B       		.uleb128 0xb
 913 0046 01       		.uleb128 0x1
 914 0047 13       		.uleb128 0x13
 915 0048 00       		.byte	0
 916 0049 00       		.byte	0
 917 004a 07       		.uleb128 0x7
 918 004b 0D       		.uleb128 0xd
 919 004c 00       		.byte	0
 920 004d 03       		.uleb128 0x3
 921 004e 0E       		.uleb128 0xe
 922 004f 3A       		.uleb128 0x3a
 923 0050 0B       		.uleb128 0xb
 924 0051 3B       		.uleb128 0x3b
 925 0052 0B       		.uleb128 0xb
 926 0053 49       		.uleb128 0x49
 927 0054 13       		.uleb128 0x13
 928 0055 38       		.uleb128 0x38
 929 0056 0B       		.uleb128 0xb
 930 0057 00       		.byte	0
 931 0058 00       		.byte	0
 932 0059 08       		.uleb128 0x8
 933 005a 0D       		.uleb128 0xd
 934 005b 00       		.byte	0
 935 005c 03       		.uleb128 0x3
 936 005d 08       		.uleb128 0x8
 937 005e 3A       		.uleb128 0x3a
 938 005f 0B       		.uleb128 0xb
ARM GAS  C:\Users\Bruger\AppData\Local\Temp\cc9X3lgW.s 			page 38


 939 0060 3B       		.uleb128 0x3b
 940 0061 0B       		.uleb128 0xb
 941 0062 49       		.uleb128 0x49
 942 0063 13       		.uleb128 0x13
 943 0064 38       		.uleb128 0x38
 944 0065 0B       		.uleb128 0xb
 945 0066 00       		.byte	0
 946 0067 00       		.byte	0
 947 0068 09       		.uleb128 0x9
 948 0069 16       		.uleb128 0x16
 949 006a 00       		.byte	0
 950 006b 03       		.uleb128 0x3
 951 006c 0E       		.uleb128 0xe
 952 006d 3A       		.uleb128 0x3a
 953 006e 0B       		.uleb128 0xb
 954 006f 3B       		.uleb128 0x3b
 955 0070 0B       		.uleb128 0xb
 956 0071 49       		.uleb128 0x49
 957 0072 13       		.uleb128 0x13
 958 0073 00       		.byte	0
 959 0074 00       		.byte	0
 960 0075 0A       		.uleb128 0xa
 961 0076 2E       		.uleb128 0x2e
 962 0077 00       		.byte	0
 963 0078 3F       		.uleb128 0x3f
 964 0079 19       		.uleb128 0x19
 965 007a 03       		.uleb128 0x3
 966 007b 0E       		.uleb128 0xe
 967 007c 3A       		.uleb128 0x3a
 968 007d 0B       		.uleb128 0xb
 969 007e 3B       		.uleb128 0x3b
 970 007f 0B       		.uleb128 0xb
 971 0080 27       		.uleb128 0x27
 972 0081 19       		.uleb128 0x19
 973 0082 20       		.uleb128 0x20
 974 0083 0B       		.uleb128 0xb
 975 0084 00       		.byte	0
 976 0085 00       		.byte	0
 977 0086 0B       		.uleb128 0xb
 978 0087 2E       		.uleb128 0x2e
 979 0088 00       		.byte	0
 980 0089 31       		.uleb128 0x31
 981 008a 13       		.uleb128 0x13
 982 008b 11       		.uleb128 0x11
 983 008c 01       		.uleb128 0x1
 984 008d 12       		.uleb128 0x12
 985 008e 06       		.uleb128 0x6
 986 008f 40       		.uleb128 0x40
 987 0090 18       		.uleb128 0x18
 988 0091 9742     		.uleb128 0x2117
 989 0093 19       		.uleb128 0x19
 990 0094 00       		.byte	0
 991 0095 00       		.byte	0
 992 0096 0C       		.uleb128 0xc
 993 0097 2E       		.uleb128 0x2e
 994 0098 01       		.byte	0x1
 995 0099 3F       		.uleb128 0x3f
ARM GAS  C:\Users\Bruger\AppData\Local\Temp\cc9X3lgW.s 			page 39


 996 009a 19       		.uleb128 0x19
 997 009b 03       		.uleb128 0x3
 998 009c 0E       		.uleb128 0xe
 999 009d 3A       		.uleb128 0x3a
 1000 009e 0B       		.uleb128 0xb
 1001 009f 3B       		.uleb128 0x3b
 1002 00a0 0B       		.uleb128 0xb
 1003 00a1 27       		.uleb128 0x27
 1004 00a2 19       		.uleb128 0x19
 1005 00a3 11       		.uleb128 0x11
 1006 00a4 01       		.uleb128 0x1
 1007 00a5 12       		.uleb128 0x12
 1008 00a6 06       		.uleb128 0x6
 1009 00a7 40       		.uleb128 0x40
 1010 00a8 18       		.uleb128 0x18
 1011 00a9 9742     		.uleb128 0x2117
 1012 00ab 19       		.uleb128 0x19
 1013 00ac 01       		.uleb128 0x1
 1014 00ad 13       		.uleb128 0x13
 1015 00ae 00       		.byte	0
 1016 00af 00       		.byte	0
 1017 00b0 0D       		.uleb128 0xd
 1018 00b1 1D       		.uleb128 0x1d
 1019 00b2 00       		.byte	0
 1020 00b3 31       		.uleb128 0x31
 1021 00b4 13       		.uleb128 0x13
 1022 00b5 52       		.uleb128 0x52
 1023 00b6 01       		.uleb128 0x1
 1024 00b7 55       		.uleb128 0x55
 1025 00b8 17       		.uleb128 0x17
 1026 00b9 58       		.uleb128 0x58
 1027 00ba 0B       		.uleb128 0xb
 1028 00bb 59       		.uleb128 0x59
 1029 00bc 0B       		.uleb128 0xb
 1030 00bd 00       		.byte	0
 1031 00be 00       		.byte	0
 1032 00bf 0E       		.uleb128 0xe
 1033 00c0 898201   		.uleb128 0x4109
 1034 00c3 00       		.byte	0
 1035 00c4 11       		.uleb128 0x11
 1036 00c5 01       		.uleb128 0x1
 1037 00c6 9542     		.uleb128 0x2115
 1038 00c8 19       		.uleb128 0x19
 1039 00c9 31       		.uleb128 0x31
 1040 00ca 13       		.uleb128 0x13
 1041 00cb 00       		.byte	0
 1042 00cc 00       		.byte	0
 1043 00cd 0F       		.uleb128 0xf
 1044 00ce 898201   		.uleb128 0x4109
 1045 00d1 00       		.byte	0
 1046 00d2 11       		.uleb128 0x11
 1047 00d3 01       		.uleb128 0x1
 1048 00d4 31       		.uleb128 0x31
 1049 00d5 13       		.uleb128 0x13
 1050 00d6 00       		.byte	0
 1051 00d7 00       		.byte	0
 1052 00d8 10       		.uleb128 0x10
ARM GAS  C:\Users\Bruger\AppData\Local\Temp\cc9X3lgW.s 			page 40


 1053 00d9 34       		.uleb128 0x34
 1054 00da 00       		.byte	0
 1055 00db 03       		.uleb128 0x3
 1056 00dc 0E       		.uleb128 0xe
 1057 00dd 3A       		.uleb128 0x3a
 1058 00de 0B       		.uleb128 0xb
 1059 00df 3B       		.uleb128 0x3b
 1060 00e0 0B       		.uleb128 0xb
 1061 00e1 49       		.uleb128 0x49
 1062 00e2 13       		.uleb128 0x13
 1063 00e3 02       		.uleb128 0x2
 1064 00e4 18       		.uleb128 0x18
 1065 00e5 00       		.byte	0
 1066 00e6 00       		.byte	0
 1067 00e7 11       		.uleb128 0x11
 1068 00e8 2E       		.uleb128 0x2e
 1069 00e9 00       		.byte	0
 1070 00ea 3F       		.uleb128 0x3f
 1071 00eb 19       		.uleb128 0x19
 1072 00ec 03       		.uleb128 0x3
 1073 00ed 0E       		.uleb128 0xe
 1074 00ee 3A       		.uleb128 0x3a
 1075 00ef 0B       		.uleb128 0xb
 1076 00f0 3B       		.uleb128 0x3b
 1077 00f1 0B       		.uleb128 0xb
 1078 00f2 27       		.uleb128 0x27
 1079 00f3 19       		.uleb128 0x19
 1080 00f4 49       		.uleb128 0x49
 1081 00f5 13       		.uleb128 0x13
 1082 00f6 3C       		.uleb128 0x3c
 1083 00f7 19       		.uleb128 0x19
 1084 00f8 00       		.byte	0
 1085 00f9 00       		.byte	0
 1086 00fa 12       		.uleb128 0x12
 1087 00fb 2E       		.uleb128 0x2e
 1088 00fc 00       		.byte	0
 1089 00fd 3F       		.uleb128 0x3f
 1090 00fe 19       		.uleb128 0x19
 1091 00ff 03       		.uleb128 0x3
 1092 0100 0E       		.uleb128 0xe
 1093 0101 3A       		.uleb128 0x3a
 1094 0102 0B       		.uleb128 0xb
 1095 0103 3B       		.uleb128 0x3b
 1096 0104 05       		.uleb128 0x5
 1097 0105 27       		.uleb128 0x27
 1098 0106 19       		.uleb128 0x19
 1099 0107 49       		.uleb128 0x49
 1100 0108 13       		.uleb128 0x13
 1101 0109 3C       		.uleb128 0x3c
 1102 010a 19       		.uleb128 0x19
 1103 010b 00       		.byte	0
 1104 010c 00       		.byte	0
 1105 010d 00       		.byte	0
 1106              		.section	.debug_aranges,"",%progbits
 1107 0000 34000000 		.4byte	0x34
 1108 0004 0200     		.2byte	0x2
 1109 0006 00000000 		.4byte	.Ldebug_info0
ARM GAS  C:\Users\Bruger\AppData\Local\Temp\cc9X3lgW.s 			page 41


 1110 000a 04       		.byte	0x4
 1111 000b 00       		.byte	0
 1112 000c 0000     		.2byte	0
 1113 000e 0000     		.2byte	0
 1114 0010 00000000 		.4byte	.LFB0
 1115 0014 38000000 		.4byte	.LFE0-.LFB0
 1116 0018 00000000 		.4byte	.LFB1
 1117 001c 34000000 		.4byte	.LFE1-.LFB1
 1118 0020 00000000 		.4byte	.LFB2
 1119 0024 40000000 		.4byte	.LFE2-.LFB2
 1120 0028 00000000 		.4byte	.LFB3
 1121 002c 60000000 		.4byte	.LFE3-.LFB3
 1122 0030 00000000 		.4byte	0
 1123 0034 00000000 		.4byte	0
 1124              		.section	.debug_ranges,"",%progbits
 1125              	.Ldebug_ranges0:
 1126 0000 0C000000 		.4byte	.LBB6
 1127 0004 0E000000 		.4byte	.LBE6
 1128 0008 10000000 		.4byte	.LBB10
 1129 000c 1E000000 		.4byte	.LBE10
 1130 0010 20000000 		.4byte	.LBB11
 1131 0014 26000000 		.4byte	.LBE11
 1132 0018 00000000 		.4byte	0
 1133 001c 00000000 		.4byte	0
 1134 0020 08000000 		.4byte	.LBB12
 1135 0024 0A000000 		.4byte	.LBE12
 1136 0028 12000000 		.4byte	.LBB16
 1137 002c 16000000 		.4byte	.LBE16
 1138 0030 1C000000 		.4byte	.LBB17
 1139 0034 34000000 		.4byte	.LBE17
 1140 0038 00000000 		.4byte	0
 1141 003c 00000000 		.4byte	0
 1142 0040 00000000 		.4byte	.LFB0
 1143 0044 38000000 		.4byte	.LFE0
 1144 0048 00000000 		.4byte	.LFB1
 1145 004c 34000000 		.4byte	.LFE1
 1146 0050 00000000 		.4byte	.LFB2
 1147 0054 40000000 		.4byte	.LFE2
 1148 0058 00000000 		.4byte	.LFB3
 1149 005c 60000000 		.4byte	.LFE3
 1150 0060 00000000 		.4byte	0
 1151 0064 00000000 		.4byte	0
 1152              		.section	.debug_line,"",%progbits
 1153              	.Ldebug_line0:
 1154 0000 F8000000 		.section	.debug_str,"MS",%progbits,1
 1154      02004C00 
 1154      00000201 
 1154      FB0E0D00 
 1154      01010101 
 1155              	.LASF16:
 1156 0000 72656733 		.ascii	"reg32\000"
 1156      3200
 1157              	.LASF22:
 1158 0006 43414E5F 		.ascii	"CAN_SaveConfig\000"
 1158      53617665 
 1158      436F6E66 
 1158      696700
ARM GAS  C:\Users\Bruger\AppData\Local\Temp\cc9X3lgW.s 			page 42


 1159              	.LASF28:
 1160 0015 43414E5F 		.ascii	"CAN_Enable\000"
 1160      456E6162 
 1160      6C6500
 1161              	.LASF3:
 1162 0020 73686F72 		.ascii	"short unsigned int\000"
 1162      7420756E 
 1162      7369676E 
 1162      65642069 
 1162      6E7400
 1163              	.LASF12:
 1164 0033 666C6F61 		.ascii	"float\000"
 1164      7400
 1165              	.LASF27:
 1166 0039 43414E5F 		.ascii	"CAN_RxTxBuffersConfig\000"
 1166      52785478 
 1166      42756666 
 1166      65727343 
 1166      6F6E6669 
 1167              	.LASF15:
 1168 004f 72656738 		.ascii	"reg8\000"
 1168      00
 1169              	.LASF20:
 1170 0054 696E7445 		.ascii	"intEn\000"
 1170      6E00
 1171              	.LASF5:
 1172 005a 6C6F6E67 		.ascii	"long unsigned int\000"
 1172      20756E73 
 1172      69676E65 
 1172      6420696E 
 1172      7400
 1173              	.LASF9:
 1174 006c 75696E74 		.ascii	"uint8\000"
 1174      3800
 1175              	.LASF32:
 1176 0072 43414E5F 		.ascii	"CAN_backup\000"
 1176      6261636B 
 1176      757000
 1177              	.LASF13:
 1178 007d 646F7562 		.ascii	"double\000"
 1178      6C6500
 1179              	.LASF23:
 1180 0084 43414E5F 		.ascii	"CAN_RestoreConfig\000"
 1180      52657374 
 1180      6F726543 
 1180      6F6E6669 
 1180      6700
 1181              	.LASF29:
 1182 0096 474E5520 		.ascii	"GNU C 4.9.3 20150303 (release) [ARM/embedded-4_9-br"
 1182      4320342E 
 1182      392E3320 
 1182      32303135 
 1182      30333033 
 1183 00c9 616E6368 		.ascii	"anch revision 221220] -mcpu=cortex-m3 -mthumb -g -O"
 1183      20726576 
 1183      6973696F 
 1183      6E203232 
ARM GAS  C:\Users\Bruger\AppData\Local\Temp\cc9X3lgW.s 			page 43


 1183      31323230 
 1184 00fc 33202D66 		.ascii	"3 -ffunction-sections -finline-functions -flto -ffa"
 1184      66756E63 
 1184      74696F6E 
 1184      2D736563 
 1184      74696F6E 
 1185 012f 742D6C74 		.ascii	"t-lto-objects\000"
 1185      6F2D6F62 
 1185      6A656374 
 1185      7300
 1186              	.LASF10:
 1187 013d 75696E74 		.ascii	"uint16\000"
 1187      313600
 1188              	.LASF25:
 1189 0144 43414E5F 		.ascii	"CAN_Wakeup\000"
 1189      57616B65 
 1189      757000
 1190              	.LASF11:
 1191 014f 75696E74 		.ascii	"uint32\000"
 1191      333200
 1192              	.LASF1:
 1193 0156 756E7369 		.ascii	"unsigned char\000"
 1193      676E6564 
 1193      20636861 
 1193      7200
 1194              	.LASF8:
 1195 0164 756E7369 		.ascii	"unsigned int\000"
 1195      676E6564 
 1195      20696E74 
 1195      00
 1196              	.LASF7:
 1197 0171 6C6F6E67 		.ascii	"long long unsigned int\000"
 1197      206C6F6E 
 1197      6720756E 
 1197      7369676E 
 1197      65642069 
 1198              	.LASF17:
 1199 0188 73697A65 		.ascii	"sizetype\000"
 1199      74797065 
 1199      00
 1200              	.LASF6:
 1201 0191 6C6F6E67 		.ascii	"long long int\000"
 1201      206C6F6E 
 1201      6720696E 
 1201      7400
 1202              	.LASF19:
 1203 019f 696E7453 		.ascii	"intSr\000"
 1203      7200
 1204              	.LASF14:
 1205 01a5 63686172 		.ascii	"char\000"
 1205      00
 1206              	.LASF26:
 1207 01aa 43414E5F 		.ascii	"CAN_Stop\000"
 1207      53746F70 
 1207      00
 1208              	.LASF24:
 1209 01b3 43414E5F 		.ascii	"CAN_Sleep\000"
ARM GAS  C:\Users\Bruger\AppData\Local\Temp\cc9X3lgW.s 			page 44


 1209      536C6565 
 1209      7000
 1210              	.LASF21:
 1211 01bd 43414E5F 		.ascii	"CAN_BACKUP_STRUCT\000"
 1211      4241434B 
 1211      55505F53 
 1211      54525543 
 1211      5400
 1212              	.LASF2:
 1213 01cf 73686F72 		.ascii	"short int\000"
 1213      7420696E 
 1213      7400
 1214              	.LASF30:
 1215 01d9 47656E65 		.ascii	"Generated_Source\\PSoC5\\CAN_PM.c\000"
 1215      72617465 
 1215      645F536F 
 1215      75726365 
 1215      5C50536F 
 1216              	.LASF4:
 1217 01f9 6C6F6E67 		.ascii	"long int\000"
 1217      20696E74 
 1217      00
 1218              	.LASF18:
 1219 0202 656E6162 		.ascii	"enableState\000"
 1219      6C655374 
 1219      61746500 
 1220              	.LASF31:
 1221 020e 433A5C55 		.ascii	"C:\\Users\\Bruger\\OneDrive\\Skrivebord\\CODE\\PSOC"
 1221      73657273 
 1221      5C427275 
 1221      6765725C 
 1221      4F6E6544 
 1222 023b 355C4359 		.ascii	"5\\CY8CKIT-59-Arduino\\CY8CKIT59_Ardudino-Speeduino"
 1222      38434B49 
 1222      542D3539 
 1222      2D417264 
 1222      75696E6F 
 1223 026c 2E637964 		.ascii	".cydsn\000"
 1223      736E00
 1224              	.LASF0:
 1225 0273 7369676E 		.ascii	"signed char\000"
 1225      65642063 
 1225      68617200 
 1226              		.comm	__gnu_lto_v1,1,1
 1227              		.ident	"GCC: (GNU Tools for ARM Embedded Processors) 4.9.3 20150303 (release) [ARM/embedded-4_9-br
