ARM GAS  C:\Users\Bruger\AppData\Local\Temp\cc12ESXe.s 			page 1


   1              		.syntax unified
   2              		.cpu cortex-m3
   3              		.fpu softvfp
   4              		.eabi_attribute 20, 1
   5              		.eabi_attribute 21, 1
   6              		.eabi_attribute 23, 3
   7              		.eabi_attribute 24, 1
   8              		.eabi_attribute 25, 1
   9              		.eabi_attribute 26, 1
  10              		.eabi_attribute 30, 2
  11              		.eabi_attribute 34, 1
  12              		.eabi_attribute 18, 4
  13              		.thumb
  14              		.file	"Control_Reg_Ignition_1.c"
  15              		.text
  16              	.Ltext0:
  17              		.section	.gnu.lto_.profile.71da29da,"",%progbits
  18 0000 789C6366 		.ascii	"x\234cf```a\200\000F\0066\026\000\000\204\000\023"
  18      60606061 
  18      80004606 
  18      36160000 
  18      840013
  19              		.text
  20              		.section	.gnu.lto_.jmpfuncs.71da29da,"",%progbits
  21 0000 789C6366 		.ascii	"x\234cf\300\016\270\2404\023\003##c=#\220\005\000\004"
  21      C00EB8A0 
  21      34130323 
  21      23633D23 
  21      90050004 
  22 0014 040093   		.ascii	"\004\000\223"
  23              		.text
  24              		.section	.gnu.lto_.inline.71da29da,"",%progbits
  25 0000 789C6366 		.ascii	"x\234cf\300\0164\2404\023\003\003\0133#\003\023\323"
  25      C00E34A0 
  25      34130303 
  25      0B332303 
  25      13D3
  26 0012 057E06B6 		.ascii	"\005~\006\266\005\362L 1FL!\006\000K\274\003\223"
  26      05F24C20 
  26      31464C21 
  26      06004BBC 
  26      0393
  27              		.text
  28              		.section	.gnu.lto_.pureconst.71da29da,"",%progbits
  29 0000 789C6366 		.ascii	"x\234cf```e\200\000&\006)F)\000\000\371\000@"
  29      60606065 
  29      80002606 
  29      29462900 
  29      00F90040 
  30              		.text
  31              		.section	.gnu.lto_Control_Reg_Ignition_1_Write.71da29da,"",%progbits
  32 0000 789C6590 		.ascii	"x\234e\220\275K\003A\020\305\347\355\345\2234by}\010"
  32      BD4B0341 
  32      10C5E7ED 
  32      E5933462 
  32      797D08
  33 0013 82882236 		.ascii	"\202\210\"6VB\012\021,\202i\003\207\234G\010\310\035"
ARM GAS  C:\Users\Bruger\AppData\Local\Temp\cc12ESXe.s 			page 2


  33      56420A11 
  33      2C826903 
  33      879C4708 
  33      C81D
  34 0025 84B313B2 		.ascii	"\204\263\023\262'\371\003B\012\021$U\320\250\361\223"
  34      27F90342 
  34      0A112455 
  34      D0A8F193 
  35 0035 F4728A88 		.ascii	"\364r\212\2106\212Z\210\026\332D\324\316\303B#J\234"
  35      368A5A88 
  35      16DA44D4 
  35      CEC34223 
  35      4A9C
  36 0047 35A50BCB 		.ascii	"5\245\013\313\314\316\276\367\233\331\325\350\377\322"
  36      CCCEBEF7 
  36      9BD9D5E8 
  36      FFD2
  37 0055 79474134 		.ascii	"yGA4\316\021\032AT.\210\274\230\000TB\240\222@\011\257"
  37      CE111A41 
  37      542E88BC 
  37      98005442 
  37      A0924009 
  38 006a 2210A8F8 		.ascii	"\"\020\250\370\315\225DjMJ\371v}\356e|t\004\321\273"
  38      CD95446A 
  38      4D4AF976 
  38      7DEE657C 
  38      7404D1BB 
  39 007e E871D040 		.ascii	"\350q\320@\2125\353'\247\2726\012\342\364\253Um\306"
  39      8A35EB27 
  39      A7BA360A 
  39      E2F4AB55 
  39      6DC6
  40 0090 93752997 		.ascii	"\223u)\227\374\273]9\301j`\003\032\0330\250c@'.\020"
  40      FCBB5D39 
  40      C16A6003 
  40      1A1B30A8 
  40      6340272E 
  41 00a5 369154E2 		.ascii	"6\221T\342\240\374s\233\210\224\231\335\327Cb\013\021"
  41      A0FC739B 
  41      889499DD 
  41      D743620B 
  41      11
  42 00b6 1E8BF6FA 		.ascii	"\036\213\366\372}\331\355\266\032G\373\0101@\311\251"
  42      7DD9EDB6 
  42      1A47FB08 
  42      3140C9A9 
  43 00c6 CD0235DD 		.ascii	"\315\0025\335\223\020*j\3678^\016\032\323\312\302\250"
  43      93102A6A 
  43      F7385E0E 
  43      1AD3CAC2 
  43      A8
  44 00d7 EFE79BC5 		.ascii	"\357\347\233\305\027\321\021\342\363\314\223!\005\177"
  44      17D111E2 
  44      F3CC9321 
  44      057F
  45 00e5 6C5F5EC5 		.ascii	"l_^\305\376J\244\216\265\352a=^\303\252W\366\374pGh"
  45      FE4AA48E 
ARM GAS  C:\Users\Bruger\AppData\Local\Temp\cc12ESXe.s 			page 3


  45      B5EA613D 
  45      5EC3AA57 
  45      F6FC7047 
  46 00fa 6842C736 		.ascii	"hB\3076\370'\260\203\032>X\366\000\317?\010+\240z[\233"
  46      F827B083 
  46      1A3E58F6 
  46      00CF3F08 
  46      2BA07A5B 
  47 010f 07E53EEC 		.ascii	"\007\345>\354\036\236\264l\2538\353ZsF\326Y(\232V.\223"
  47      1E9EB46C 
  47      AB38EB5A 
  47      7346D659 
  47      289A562E 
  48 0124 75D263B9 		.ascii	"u\322c\271\264c\273Eg\336\230\261\362\306T\336.\270"
  48      B463BB45 
  48      67DE98B1 
  48      F2C654DE 
  48      2EB8
  49 0136 05C73646 		.ascii	"\005\3076F\206L\212\232\275\233_1sr\304"
  49      864C8A9A 
  49      BD9B5F31 
  49      7372C4
  50              		.text
  51              		.section	.gnu.lto_Control_Reg_Ignition_1_Read.71da29da,"",%progbits
  52 0000 789C6366 		.ascii	"x\234cf\300\004R@|\005\210\215\200\230\221\231\201\221"
  52      C0045240 
  52      7C05888D 
  52      80989199 
  52      8191
  53 0012 69C23906 		.ascii	"i\3029\006\206F\016&FF\020\203\201\221\241\236\211\261"
  53      86460E26 
  53      46461083 
  53      8191A19E 
  53      89B1
  54 0024 9EF125D3 		.ascii	"\236\361%\323G&\3063;\377]fT_\332\320\320\364a\322\373"
  54      4726C633 
  54      3BFF5D66 
  54      545FDAD0 
  54      D0F461D2 
  55 0039 BB010718 		.ascii	"\273\001\007\030\177210|fb`\324\221b\324\004\231\303"
  55      7F323130 
  55      7C666260 
  55      D49162D4 
  55      0499C3
  56 004c B89C519D 		.ascii	"\270\234Q\235\001\250\360c\313\337\353\334l-\015\015"
  56      01A8F063 
  56      CBDFEBDC 
  56      6C2D0D0D 
  57 005c 0D022079 		.ascii	"\015\002 y\240\304\012F6F \275^\350@\303\377\377\233"
  57      A0C40A46 
  57      364620BD 
  57      5EE840C3 
  57      FFFF9B
  58 006f F71EFCC1 		.ascii	"\367\036\374\301\310\314\304\000\322\316\360\004H\200"
  58      C8CCC400 
  58      D2CEF004 
  58      4880
ARM GAS  C:\Users\Bruger\AppData\Local\Temp\cc12ESXe.s 			page 4


  59 007d 6C7ACAC4 		.ascii	"lz\312\304\004\242\231o1\036\372\326u/\034\244\343;"
  59      04A2996F 
  59      311EFAD6 
  59      752F1CA4 
  59      E33B
  60 008f 13C8D63F 		.ascii	"\023\310\326?\317/\327\274`\372\311\304\370\343Dc\003"
  60      CF2FD7BC 
  60      60FAC9C4 
  60      F8E34463 
  60      03
  61 00a0 0BC8F8FB 		.ascii	"\013\310\370\373O\316_\344\000\0131\200\270s'\355[\314"
  61      4FCE5FE4 
  61      000B3180 
  61      B87327ED 
  61      5BCC
  62 00b2 39977176 		.ascii	"9\227qvcK\343\001\231\237LL\214+\031\245\030W1\002\035"
  62      634BE301 
  62      999F4C4C 
  62      8C2B19A5 
  62      18573102 
  63 00c7 C4B89A71 		.ascii	"\304\270\232q.#\303=\306\306\006n\250y`\013\031A\026"
  63      2E23C33D 
  63      C6C6066E 
  63      A879600B 
  63      194116
  64 00da 019906EE 		.ascii	"\001\231\006\356\251y\251E\211%\251)\361\301\371\245"
  64      A979A945 
  64      8925A929 
  64      F1C1F9A5 
  65 00ea 45C9A931 		.ascii	"E\311\2511\001\301\371\316\2461\316\371y%E\3719\361"
  65      01C1F9CE 
  65      A631CEF9 
  65      792545F9 
  65      39F1
  66 00fc 41A9E9F1 		.ascii	"A\251\351\361\236\351y\231%\231\371y\361\206z\311\014"
  66      9EE97999 
  66      2599F979 
  66      F1867AC9 
  66      0C
  67 010d 008BF061 		.ascii	"\000\213\360a?"
  67      3F
  68              		.text
  69              		.section	.gnu.lto_.symbol_nodes.71da29da,"",%progbits
  70 0000 789C6366 		.ascii	"x\234cf``Pb\200\002&\206z\006\206\011\347\030\030\352"
  70      60605062 
  70      80022686 
  70      7A068609 
  70      E71818EA 
  71 0014 EB19E62D 		.ascii	"\353\031\346-\340``b\254gD\3463\000\000\2212\010n"
  71      E0606062 
  71      AC6744E6 
  71      33000091 
  71      32086E
  72              		.text
  73              		.section	.gnu.lto_.refs.71da29da,"",%progbits
  74 0000 789C6366 		.ascii	"x\234cf```d\200\002\000\000=\000\005"
  74      60606064 
ARM GAS  C:\Users\Bruger\AppData\Local\Temp\cc12ESXe.s 			page 5


  74      80020000 
  74      3D0005
  75              		.text
  76              		.section	.gnu.lto_.decls.71da29da,"",%progbits
  77 0000 789C6366 		.ascii	"x\234cf``\230\000\304\377\201 \233\211\201a>\220\315"
  77      60609800 
  77      C4FF8120 
  77      9B898161 
  77      3E90CD
  78 0013 0CC4010C 		.ascii	"\014\304\001\014\010\000\024f\330\004\304[\0310\001"
  78      08001466 
  78      D804C45B 
  78      193001
  79 0022 489C05AA 		.ascii	"H\234\005\252~-\020\357\002\342\035P9F\250<:\330\012"
  79      7E2D10EF 
  79      02E21D50 
  79      3946A83C 
  79      3AD80A
  80 0035 B5039B7A 		.ascii	"\265\003\233zlv|db\334\271\356\313Y\356\027L\214|\\"
  80      6C767C64 
  80      62DCB9EE 
  80      CB59EE17 
  80      4C8C7C5C 
  81 0049 0A20EEAE 		.ascii	"\012 \356\256I'f\260\001\271<\\, \356\265\375\355\355"
  81      492766B0 
  81      01B93C5C 
  81      2C20EEB5 
  81      FDEDED
  82 005c 1CCC4C8C 		.ascii	"\034\314L\214 \366\342\031\017\257p\351\254jhh\350h"
  82      20F6E219 
  82      0FAF70E9 
  82      AC6A6868 
  82      E868
  83 006e 38708011 		.ascii	"8p\200\021aD\343\262\335=\354@=b\\`n\337\351Y\007\231"
  83      6144E3B2 
  83      DD3DEC40 
  83      3D625C60 
  83      6EDFE959 
  84 0084 C1DCFF20 		.ascii	"\301\334\377 }L7oN\371\311\314\310\245\326\321\320\320"
  84      7D4C376F 
  84      4EF9C9CC 
  84      C8A5D6D1 
  84      D0D0
  85 0096 D4F06152 		.ascii	"\324\360aR\003\263\004\003\243\216\024\243\246\024\003"
  85      03B30403 
  85      A38E14A3 
  85      A61403
  86 00a5 E33A4635 		.ascii	"\343:F5\2402\306U\214:\014\214\253\031\245\030\3270"
  86      A032C655 
  86      8C3A0C8C 
  86      AB19A518 
  86      D730
  87 00b7 4A312C01 		.ascii	"J1,\001Z\360a\376\207\3132\015\015,\214k\031\271\030"
  87      5AF061FE 
  87      87CB320D 
  87      0D2C8C6B 
  87      19B918
ARM GAS  C:\Users\Bruger\AppData\Local\Temp\cc12ESXe.s 			page 6


  88 00ca 57323283 		.ascii	"W22\203U\000\275\001\262\001j\351\204\326\203\023XX"
  88      5500BD01 
  88      B2016AE9 
  88      84D68313 
  88      5858
  89 00dc 80010856 		.ascii	"\200\001\010V\023\015v\355\327\377\017\2272\211O\005"
  89      130D76ED 
  89      D7FF0F97 
  89      32894F05 
  90 00ec 1AD030A1 		.ascii	"\032\3200\241\271A\200\2051@\214q9\320\330\025@c\031"
  90      B9418085 
  90      31408C71 
  90      39D0D815 
  90      406319
  91 00ff 1837308A 		.ascii	"\03070\212\003\311\365\214,\020\003\026\234Zp\206\231"
  91      03C9F58C 
  91      2C100316 
  91      9C5A7086 
  91      99
  92 0110 D910ECB5 		.ascii	"\331\020\354\265\233\177>o\347W\230\327\260`\303\207"
  92      9B7F3E6F 
  92      E75798D7 
  92      B060C387 
  93 0120 798B2733 		.ascii	"y\213'3\317lX\320\324\360\357?\320\371 M\214\033\341"
  93      CF6C58D0 
  93      D4F0EF3F 
  93      D0F9204D 
  93      8C1BE1
  94 0133 0E6000B1 		.ascii	"\016`\000\261!!\272\211Q\001\250\261\263e\0033\262\205"
  94      2121BA89 
  94      5101A8B1 
  94      B3650333 
  94      B285
  95 0145 20B7206C 		.ascii	" \267 l\334\014\2661\032j\341\201\367\307Z\270\230\353"
  95      DC0CB631 
  95      1A6AE181 
  95      F7C75AB8 
  95      98EB
  96 0157 C1166E7C 		.ascii	"\301\026n|v\325\003l\337\203\237\353\330N4\034\370\377"
  96      76D5036C 
  96      DF839FEB 
  96      D84E341C 
  96      F8FF
  97 0169 DF1EA49A 		.ascii	"\337\036\244\232q\013\222U[`Vm\005[\3250\275{\011\007"
  97      710B9255 
  97      5B60566D 
  97      055BD530 
  97      BD7B0907 
  98 017d F36C46B0 		.ascii	"\363lF\260\376\255\337\272v\362r\001C\264\231\210\020"
  98      FEADDFBA 
  98      76F27201 
  98      43B49988 
  98      10
  99 018e 05C6C195 		.ascii	"\005\306\301\225s]\3278!q\200\256c'\3168\230r_\005\024"
  99      735DD738 
  99      217180AE 
  99      6327CE38 
ARM GAS  C:\Users\Bruger\AppData\Local\Temp\cc12ESXe.s 			page 7


  99      98725F05 
 100 01a3 073B807E 		.ascii	"\007;\200~\332\206\210\203\355\214\210H\350|4\353,\017"
 100      DA868883 
 100      ED8C8848 
 100      E87C34EB 
 100      2C0F
 101 01b5 4F172862 		.ascii	"O\027(b\201\376\347<\301\007V\214\010\200]\214<`\037"
 101      81FEE73C 
 101      C107568C 
 101      08805D8C 
 101      3C601F
 102 01c8 8068D6D2 		.ascii	"\200h\326\322\314\274\022\0136w\277P\005g\006E\367\324"
 102      CCBC120B 
 102      3677BF50 
 102      05670645 
 102      F7D4
 103 01da BCD4A2C4 		.ascii	"\274\324\242\304\222\324\224\370\340\374\322\242\344"
 103      92D494F8 
 103      E0FCD2A2 
 103      E4
 104 01e7 D49880E0 		.ascii	"\324\230\200\340|g\323\230\344\312\222\312\202\324b"
 104      7C67D398 
 104      E4CA92CA 
 104      82D462
 105 01f6 BD0C0619 		.ascii	"\275\014\006\031\347\374\274\222\242\374\234\370\240"
 105      E7FCBC92 
 105      A2FC9CF8 
 105      A0
 106 0203 D4F478CF 		.ascii	"\324\364x\317\364\274\314\222\314\374\274x\303\370\360"
 106      F4BCCC92 
 106      CCFCBC78 
 106      C3F8F0
 107 0212 A2CC9254 		.ascii	"\242\314\222T\003\034\332\261\353\321Kf\220\306aZPj"
 107      031CDAB1 
 107      EBD14B66 
 107      90C6615A 
 107      506A
 108 0224 620A4B51 		.ascii	"b\012KQj\272\005\000s\255\371O"
 108      6ABA0500 
 108      73ADF94F 
 109              		.text
 110              		.section	.gnu.lto_.symtab.71da29da,"",%progbits
 111 0000 436F6E74 		.ascii	"Control_Reg_Ignition_1_Write\000\000\000\000\000\000"
 111      726F6C5F 
 111      5265675F 
 111      49676E69 
 111      74696F6E 
 112 0022 00000000 		.ascii	"\000\000\000\000\000\000\262\000\000\000Control_Reg"
 112      0000B200 
 112      0000436F 
 112      6E74726F 
 112      6C5F5265 
 113 0037 5F49676E 		.ascii	"_Ignition_1_Read\000\000\000\000\000\000\000\000\000"
 113      6974696F 
 113      6E5F315F 
 113      52656164 
 113      00000000 
ARM GAS  C:\Users\Bruger\AppData\Local\Temp\cc12ESXe.s 			page 8


 114 0050 000000B5 		.ascii	"\000\000\000\265\000\000\000"
 114      000000
 115              		.text
 116              		.section	.gnu.lto_.opts,"",%progbits
 117 0000 272D666E 		.ascii	"'-fno-trapv' '-mcpu=cortex-m3' '-mthumb' '-g' '-O3'"
 117      6F2D7472 
 117      61707627 
 117      20272D6D 
 117      6370753D 
 118 0033 20272D66 		.ascii	" '-ffunction-sections' '-finline-functions' '-flto'"
 118      66756E63 
 118      74696F6E 
 118      2D736563 
 118      74696F6E 
 119 0066 20272D66 		.ascii	" '-ffat-lto-objects'\000"
 119      6661742D 
 119      6C746F2D 
 119      6F626A65 
 119      63747327 
 120              		.text
 121              		.cfi_sections	.debug_frame
 122              		.section	.text.Control_Reg_Ignition_1_Write,"ax",%progbits
 123              		.align	2
 124              		.global	Control_Reg_Ignition_1_Write
 125              		.thumb
 126              		.thumb_func
 127              		.type	Control_Reg_Ignition_1_Write, %function
 128              	Control_Reg_Ignition_1_Write:
 129              	.LFB0:
 130              		.file 1 "Generated_Source\\PSoC5\\Control_Reg_Ignition_1.c"
   1:Generated_Source\PSoC5/Control_Reg_Ignition_1.c **** /*******************************************************************************
   2:Generated_Source\PSoC5/Control_Reg_Ignition_1.c **** * File Name: Control_Reg_Ignition_1.c  
   3:Generated_Source\PSoC5/Control_Reg_Ignition_1.c **** * Version 1.80
   4:Generated_Source\PSoC5/Control_Reg_Ignition_1.c **** *
   5:Generated_Source\PSoC5/Control_Reg_Ignition_1.c **** * Description:
   6:Generated_Source\PSoC5/Control_Reg_Ignition_1.c **** *  This file contains API to enable firmware control of a Control Register.
   7:Generated_Source\PSoC5/Control_Reg_Ignition_1.c **** *
   8:Generated_Source\PSoC5/Control_Reg_Ignition_1.c **** * Note:
   9:Generated_Source\PSoC5/Control_Reg_Ignition_1.c **** *
  10:Generated_Source\PSoC5/Control_Reg_Ignition_1.c **** ********************************************************************************
  11:Generated_Source\PSoC5/Control_Reg_Ignition_1.c **** * Copyright 2008-2015, Cypress Semiconductor Corporation.  All rights reserved.
  12:Generated_Source\PSoC5/Control_Reg_Ignition_1.c **** * You may use this file only in accordance with the license, terms, conditions, 
  13:Generated_Source\PSoC5/Control_Reg_Ignition_1.c **** * disclaimers, and limitations in the end user license agreement accompanying 
  14:Generated_Source\PSoC5/Control_Reg_Ignition_1.c **** * the software package with which this file was provided.
  15:Generated_Source\PSoC5/Control_Reg_Ignition_1.c **** *******************************************************************************/
  16:Generated_Source\PSoC5/Control_Reg_Ignition_1.c **** 
  17:Generated_Source\PSoC5/Control_Reg_Ignition_1.c **** #include "Control_Reg_Ignition_1.h"
  18:Generated_Source\PSoC5/Control_Reg_Ignition_1.c **** 
  19:Generated_Source\PSoC5/Control_Reg_Ignition_1.c **** /* Check for removal by optimization */
  20:Generated_Source\PSoC5/Control_Reg_Ignition_1.c **** #if !defined(Control_Reg_Ignition_1_Sync_ctrl_reg__REMOVED)
  21:Generated_Source\PSoC5/Control_Reg_Ignition_1.c **** 
  22:Generated_Source\PSoC5/Control_Reg_Ignition_1.c ****     
  23:Generated_Source\PSoC5/Control_Reg_Ignition_1.c **** /*******************************************************************************
  24:Generated_Source\PSoC5/Control_Reg_Ignition_1.c **** * Function Name: Control_Reg_Ignition_1_Write
  25:Generated_Source\PSoC5/Control_Reg_Ignition_1.c **** ********************************************************************************
  26:Generated_Source\PSoC5/Control_Reg_Ignition_1.c **** *
  27:Generated_Source\PSoC5/Control_Reg_Ignition_1.c **** * Summary:
ARM GAS  C:\Users\Bruger\AppData\Local\Temp\cc12ESXe.s 			page 9


  28:Generated_Source\PSoC5/Control_Reg_Ignition_1.c **** *  Write a byte to the Control Register.
  29:Generated_Source\PSoC5/Control_Reg_Ignition_1.c **** *
  30:Generated_Source\PSoC5/Control_Reg_Ignition_1.c **** * Parameters:
  31:Generated_Source\PSoC5/Control_Reg_Ignition_1.c **** *  control:  The value to be assigned to the Control Register.
  32:Generated_Source\PSoC5/Control_Reg_Ignition_1.c **** *
  33:Generated_Source\PSoC5/Control_Reg_Ignition_1.c **** * Return:
  34:Generated_Source\PSoC5/Control_Reg_Ignition_1.c **** *  None.
  35:Generated_Source\PSoC5/Control_Reg_Ignition_1.c **** *
  36:Generated_Source\PSoC5/Control_Reg_Ignition_1.c **** *******************************************************************************/
  37:Generated_Source\PSoC5/Control_Reg_Ignition_1.c **** void Control_Reg_Ignition_1_Write(uint8 control) 
  38:Generated_Source\PSoC5/Control_Reg_Ignition_1.c **** {
 131              		.loc 1 38 0
 132              		.cfi_startproc
 133              		@ args = 0, pretend = 0, frame = 0
 134              		@ frame_needed = 0, uses_anonymous_args = 0
 135              		@ link register save eliminated.
 136              	.LVL0:
  39:Generated_Source\PSoC5/Control_Reg_Ignition_1.c ****     Control_Reg_Ignition_1_Control = control;
 137              		.loc 1 39 0
 138 0000 014B     		ldr	r3, .L2
 139 0002 1870     		strb	r0, [r3]
 140 0004 7047     		bx	lr
 141              	.L3:
 142 0006 00BF     		.align	2
 143              	.L2:
 144 0008 78640040 		.word	1073767544
 145              		.cfi_endproc
 146              	.LFE0:
 147              		.size	Control_Reg_Ignition_1_Write, .-Control_Reg_Ignition_1_Write
 148              		.section	.text.Control_Reg_Ignition_1_Read,"ax",%progbits
 149              		.align	2
 150              		.global	Control_Reg_Ignition_1_Read
 151              		.thumb
 152              		.thumb_func
 153              		.type	Control_Reg_Ignition_1_Read, %function
 154              	Control_Reg_Ignition_1_Read:
 155              	.LFB1:
  40:Generated_Source\PSoC5/Control_Reg_Ignition_1.c **** }
  41:Generated_Source\PSoC5/Control_Reg_Ignition_1.c **** 
  42:Generated_Source\PSoC5/Control_Reg_Ignition_1.c **** 
  43:Generated_Source\PSoC5/Control_Reg_Ignition_1.c **** /*******************************************************************************
  44:Generated_Source\PSoC5/Control_Reg_Ignition_1.c **** * Function Name: Control_Reg_Ignition_1_Read
  45:Generated_Source\PSoC5/Control_Reg_Ignition_1.c **** ********************************************************************************
  46:Generated_Source\PSoC5/Control_Reg_Ignition_1.c **** *
  47:Generated_Source\PSoC5/Control_Reg_Ignition_1.c **** * Summary:
  48:Generated_Source\PSoC5/Control_Reg_Ignition_1.c **** *  Reads the current value assigned to the Control Register.
  49:Generated_Source\PSoC5/Control_Reg_Ignition_1.c **** *
  50:Generated_Source\PSoC5/Control_Reg_Ignition_1.c **** * Parameters:
  51:Generated_Source\PSoC5/Control_Reg_Ignition_1.c **** *  None.
  52:Generated_Source\PSoC5/Control_Reg_Ignition_1.c **** *
  53:Generated_Source\PSoC5/Control_Reg_Ignition_1.c **** * Return:
  54:Generated_Source\PSoC5/Control_Reg_Ignition_1.c **** *  Returns the current value in the Control Register.
  55:Generated_Source\PSoC5/Control_Reg_Ignition_1.c **** *
  56:Generated_Source\PSoC5/Control_Reg_Ignition_1.c **** *******************************************************************************/
  57:Generated_Source\PSoC5/Control_Reg_Ignition_1.c **** uint8 Control_Reg_Ignition_1_Read(void) 
  58:Generated_Source\PSoC5/Control_Reg_Ignition_1.c **** {
 156              		.loc 1 58 0
ARM GAS  C:\Users\Bruger\AppData\Local\Temp\cc12ESXe.s 			page 10


 157              		.cfi_startproc
 158              		@ args = 0, pretend = 0, frame = 0
 159              		@ frame_needed = 0, uses_anonymous_args = 0
 160              		@ link register save eliminated.
  59:Generated_Source\PSoC5/Control_Reg_Ignition_1.c ****     return Control_Reg_Ignition_1_Control;
 161              		.loc 1 59 0
 162 0000 014B     		ldr	r3, .L5
 163 0002 1878     		ldrb	r0, [r3]	@ zero_extendqisi2
  60:Generated_Source\PSoC5/Control_Reg_Ignition_1.c **** }
 164              		.loc 1 60 0
 165 0004 7047     		bx	lr
 166              	.L6:
 167 0006 00BF     		.align	2
 168              	.L5:
 169 0008 78640040 		.word	1073767544
 170              		.cfi_endproc
 171              	.LFE1:
 172              		.size	Control_Reg_Ignition_1_Read, .-Control_Reg_Ignition_1_Read
 173              		.text
 174              	.Letext0:
 175              		.file 2 "Generated_Source\\PSoC5\\cytypes.h"
 176              		.section	.debug_info,"",%progbits
 177              	.Ldebug_info0:
 178 0000 D2000000 		.4byte	0xd2
 179 0004 0400     		.2byte	0x4
 180 0006 00000000 		.4byte	.Ldebug_abbrev0
 181 000a 04       		.byte	0x4
 182 000b 01       		.uleb128 0x1
 183 000c 25010000 		.4byte	.LASF14
 184 0010 01       		.byte	0x1
 185 0011 A6000000 		.4byte	.LASF15
 186 0015 4D000000 		.4byte	.LASF16
 187 0019 00000000 		.4byte	.Ldebug_ranges0+0
 188 001d 00000000 		.4byte	0
 189 0021 00000000 		.4byte	.Ldebug_line0
 190 0025 02       		.uleb128 0x2
 191 0026 01       		.byte	0x1
 192 0027 06       		.byte	0x6
 193 0028 06020000 		.4byte	.LASF0
 194 002c 02       		.uleb128 0x2
 195 002d 01       		.byte	0x1
 196 002e 08       		.byte	0x8
 197 002f 06000000 		.4byte	.LASF1
 198 0033 02       		.uleb128 0x2
 199 0034 02       		.byte	0x2
 200 0035 05       		.byte	0x5
 201 0036 D1010000 		.4byte	.LASF2
 202 003a 02       		.uleb128 0x2
 203 003b 02       		.byte	0x2
 204 003c 07       		.byte	0x7
 205 003d 2B000000 		.4byte	.LASF3
 206 0041 02       		.uleb128 0x2
 207 0042 04       		.byte	0x4
 208 0043 05       		.byte	0x5
 209 0044 E1010000 		.4byte	.LASF4
 210 0048 02       		.uleb128 0x2
 211 0049 04       		.byte	0x4
ARM GAS  C:\Users\Bruger\AppData\Local\Temp\cc12ESXe.s 			page 11


 212 004a 07       		.byte	0x7
 213 004b 19000000 		.4byte	.LASF5
 214 004f 02       		.uleb128 0x2
 215 0050 08       		.byte	0x8
 216 0051 05       		.byte	0x5
 217 0052 17010000 		.4byte	.LASF6
 218 0056 02       		.uleb128 0x2
 219 0057 08       		.byte	0x8
 220 0058 07       		.byte	0x7
 221 0059 E3000000 		.4byte	.LASF7
 222 005d 03       		.uleb128 0x3
 223 005e 04       		.byte	0x4
 224 005f 05       		.byte	0x5
 225 0060 696E7400 		.ascii	"int\000"
 226 0064 02       		.uleb128 0x2
 227 0065 04       		.byte	0x4
 228 0066 07       		.byte	0x7
 229 0067 D6000000 		.4byte	.LASF8
 230 006b 04       		.uleb128 0x4
 231 006c DB010000 		.4byte	.LASF12
 232 0070 02       		.byte	0x2
 233 0071 3801     		.2byte	0x138
 234 0073 2C000000 		.4byte	0x2c
 235 0077 02       		.uleb128 0x2
 236 0078 04       		.byte	0x4
 237 0079 04       		.byte	0x4
 238 007a 00000000 		.4byte	.LASF9
 239 007e 02       		.uleb128 0x2
 240 007f 08       		.byte	0x8
 241 0080 04       		.byte	0x4
 242 0081 46000000 		.4byte	.LASF10
 243 0085 02       		.uleb128 0x2
 244 0086 01       		.byte	0x1
 245 0087 08       		.byte	0x8
 246 0088 CC010000 		.4byte	.LASF11
 247 008c 04       		.uleb128 0x4
 248 008d 14000000 		.4byte	.LASF13
 249 0091 02       		.byte	0x2
 250 0092 E201     		.2byte	0x1e2
 251 0094 98000000 		.4byte	0x98
 252 0098 05       		.uleb128 0x5
 253 0099 6B000000 		.4byte	0x6b
 254 009d 06       		.uleb128 0x6
 255 009e FA000000 		.4byte	.LASF17
 256 00a2 01       		.byte	0x1
 257 00a3 25       		.byte	0x25
 258 00a4 00000000 		.4byte	.LFB0
 259 00a8 0C000000 		.4byte	.LFE0-.LFB0
 260 00ac 01       		.uleb128 0x1
 261 00ad 9C       		.byte	0x9c
 262 00ae C0000000 		.4byte	0xc0
 263 00b2 07       		.uleb128 0x7
 264 00b3 3E000000 		.4byte	.LASF18
 265 00b7 01       		.byte	0x1
 266 00b8 25       		.byte	0x25
 267 00b9 6B000000 		.4byte	0x6b
 268 00bd 01       		.uleb128 0x1
ARM GAS  C:\Users\Bruger\AppData\Local\Temp\cc12ESXe.s 			page 12


 269 00be 50       		.byte	0x50
 270 00bf 00       		.byte	0
 271 00c0 08       		.uleb128 0x8
 272 00c1 EA010000 		.4byte	.LASF19
 273 00c5 01       		.byte	0x1
 274 00c6 39       		.byte	0x39
 275 00c7 6B000000 		.4byte	0x6b
 276 00cb 00000000 		.4byte	.LFB1
 277 00cf 0C000000 		.4byte	.LFE1-.LFB1
 278 00d3 01       		.uleb128 0x1
 279 00d4 9C       		.byte	0x9c
 280 00d5 00       		.byte	0
 281              		.section	.debug_abbrev,"",%progbits
 282              	.Ldebug_abbrev0:
 283 0000 01       		.uleb128 0x1
 284 0001 11       		.uleb128 0x11
 285 0002 01       		.byte	0x1
 286 0003 25       		.uleb128 0x25
 287 0004 0E       		.uleb128 0xe
 288 0005 13       		.uleb128 0x13
 289 0006 0B       		.uleb128 0xb
 290 0007 03       		.uleb128 0x3
 291 0008 0E       		.uleb128 0xe
 292 0009 1B       		.uleb128 0x1b
 293 000a 0E       		.uleb128 0xe
 294 000b 55       		.uleb128 0x55
 295 000c 17       		.uleb128 0x17
 296 000d 11       		.uleb128 0x11
 297 000e 01       		.uleb128 0x1
 298 000f 10       		.uleb128 0x10
 299 0010 17       		.uleb128 0x17
 300 0011 00       		.byte	0
 301 0012 00       		.byte	0
 302 0013 02       		.uleb128 0x2
 303 0014 24       		.uleb128 0x24
 304 0015 00       		.byte	0
 305 0016 0B       		.uleb128 0xb
 306 0017 0B       		.uleb128 0xb
 307 0018 3E       		.uleb128 0x3e
 308 0019 0B       		.uleb128 0xb
 309 001a 03       		.uleb128 0x3
 310 001b 0E       		.uleb128 0xe
 311 001c 00       		.byte	0
 312 001d 00       		.byte	0
 313 001e 03       		.uleb128 0x3
 314 001f 24       		.uleb128 0x24
 315 0020 00       		.byte	0
 316 0021 0B       		.uleb128 0xb
 317 0022 0B       		.uleb128 0xb
 318 0023 3E       		.uleb128 0x3e
 319 0024 0B       		.uleb128 0xb
 320 0025 03       		.uleb128 0x3
 321 0026 08       		.uleb128 0x8
 322 0027 00       		.byte	0
 323 0028 00       		.byte	0
 324 0029 04       		.uleb128 0x4
 325 002a 16       		.uleb128 0x16
ARM GAS  C:\Users\Bruger\AppData\Local\Temp\cc12ESXe.s 			page 13


 326 002b 00       		.byte	0
 327 002c 03       		.uleb128 0x3
 328 002d 0E       		.uleb128 0xe
 329 002e 3A       		.uleb128 0x3a
 330 002f 0B       		.uleb128 0xb
 331 0030 3B       		.uleb128 0x3b
 332 0031 05       		.uleb128 0x5
 333 0032 49       		.uleb128 0x49
 334 0033 13       		.uleb128 0x13
 335 0034 00       		.byte	0
 336 0035 00       		.byte	0
 337 0036 05       		.uleb128 0x5
 338 0037 35       		.uleb128 0x35
 339 0038 00       		.byte	0
 340 0039 49       		.uleb128 0x49
 341 003a 13       		.uleb128 0x13
 342 003b 00       		.byte	0
 343 003c 00       		.byte	0
 344 003d 06       		.uleb128 0x6
 345 003e 2E       		.uleb128 0x2e
 346 003f 01       		.byte	0x1
 347 0040 3F       		.uleb128 0x3f
 348 0041 19       		.uleb128 0x19
 349 0042 03       		.uleb128 0x3
 350 0043 0E       		.uleb128 0xe
 351 0044 3A       		.uleb128 0x3a
 352 0045 0B       		.uleb128 0xb
 353 0046 3B       		.uleb128 0x3b
 354 0047 0B       		.uleb128 0xb
 355 0048 27       		.uleb128 0x27
 356 0049 19       		.uleb128 0x19
 357 004a 11       		.uleb128 0x11
 358 004b 01       		.uleb128 0x1
 359 004c 12       		.uleb128 0x12
 360 004d 06       		.uleb128 0x6
 361 004e 40       		.uleb128 0x40
 362 004f 18       		.uleb128 0x18
 363 0050 9742     		.uleb128 0x2117
 364 0052 19       		.uleb128 0x19
 365 0053 01       		.uleb128 0x1
 366 0054 13       		.uleb128 0x13
 367 0055 00       		.byte	0
 368 0056 00       		.byte	0
 369 0057 07       		.uleb128 0x7
 370 0058 05       		.uleb128 0x5
 371 0059 00       		.byte	0
 372 005a 03       		.uleb128 0x3
 373 005b 0E       		.uleb128 0xe
 374 005c 3A       		.uleb128 0x3a
 375 005d 0B       		.uleb128 0xb
 376 005e 3B       		.uleb128 0x3b
 377 005f 0B       		.uleb128 0xb
 378 0060 49       		.uleb128 0x49
 379 0061 13       		.uleb128 0x13
 380 0062 02       		.uleb128 0x2
 381 0063 18       		.uleb128 0x18
 382 0064 00       		.byte	0
ARM GAS  C:\Users\Bruger\AppData\Local\Temp\cc12ESXe.s 			page 14


 383 0065 00       		.byte	0
 384 0066 08       		.uleb128 0x8
 385 0067 2E       		.uleb128 0x2e
 386 0068 00       		.byte	0
 387 0069 3F       		.uleb128 0x3f
 388 006a 19       		.uleb128 0x19
 389 006b 03       		.uleb128 0x3
 390 006c 0E       		.uleb128 0xe
 391 006d 3A       		.uleb128 0x3a
 392 006e 0B       		.uleb128 0xb
 393 006f 3B       		.uleb128 0x3b
 394 0070 0B       		.uleb128 0xb
 395 0071 27       		.uleb128 0x27
 396 0072 19       		.uleb128 0x19
 397 0073 49       		.uleb128 0x49
 398 0074 13       		.uleb128 0x13
 399 0075 11       		.uleb128 0x11
 400 0076 01       		.uleb128 0x1
 401 0077 12       		.uleb128 0x12
 402 0078 06       		.uleb128 0x6
 403 0079 40       		.uleb128 0x40
 404 007a 18       		.uleb128 0x18
 405 007b 9742     		.uleb128 0x2117
 406 007d 19       		.uleb128 0x19
 407 007e 00       		.byte	0
 408 007f 00       		.byte	0
 409 0080 00       		.byte	0
 410              		.section	.debug_aranges,"",%progbits
 411 0000 24000000 		.4byte	0x24
 412 0004 0200     		.2byte	0x2
 413 0006 00000000 		.4byte	.Ldebug_info0
 414 000a 04       		.byte	0x4
 415 000b 00       		.byte	0
 416 000c 0000     		.2byte	0
 417 000e 0000     		.2byte	0
 418 0010 00000000 		.4byte	.LFB0
 419 0014 0C000000 		.4byte	.LFE0-.LFB0
 420 0018 00000000 		.4byte	.LFB1
 421 001c 0C000000 		.4byte	.LFE1-.LFB1
 422 0020 00000000 		.4byte	0
 423 0024 00000000 		.4byte	0
 424              		.section	.debug_ranges,"",%progbits
 425              	.Ldebug_ranges0:
 426 0000 00000000 		.4byte	.LFB0
 427 0004 0C000000 		.4byte	.LFE0
 428 0008 00000000 		.4byte	.LFB1
 429 000c 0C000000 		.4byte	.LFE1
 430 0010 00000000 		.4byte	0
 431 0014 00000000 		.4byte	0
 432              		.section	.debug_line,"",%progbits
 433              	.Ldebug_line0:
 434 0000 7A000000 		.section	.debug_str,"MS",%progbits,1
 434      02005300 
 434      00000201 
 434      FB0E0D00 
 434      01010101 
 435              	.LASF9:
ARM GAS  C:\Users\Bruger\AppData\Local\Temp\cc12ESXe.s 			page 15


 436 0000 666C6F61 		.ascii	"float\000"
 436      7400
 437              	.LASF1:
 438 0006 756E7369 		.ascii	"unsigned char\000"
 438      676E6564 
 438      20636861 
 438      7200
 439              	.LASF13:
 440 0014 72656738 		.ascii	"reg8\000"
 440      00
 441              	.LASF5:
 442 0019 6C6F6E67 		.ascii	"long unsigned int\000"
 442      20756E73 
 442      69676E65 
 442      6420696E 
 442      7400
 443              	.LASF3:
 444 002b 73686F72 		.ascii	"short unsigned int\000"
 444      7420756E 
 444      7369676E 
 444      65642069 
 444      6E7400
 445              	.LASF18:
 446 003e 636F6E74 		.ascii	"control\000"
 446      726F6C00 
 447              	.LASF10:
 448 0046 646F7562 		.ascii	"double\000"
 448      6C6500
 449              	.LASF16:
 450 004d 433A5C55 		.ascii	"C:\\Users\\Bruger\\Desktop\\CODE\\PSOC5\\CY8CKIT-59"
 450      73657273 
 450      5C427275 
 450      6765725C 
 450      4465736B 
 451 007a 2D417264 		.ascii	"-Arduino\\CY8CKIT59_Ardudino-Speeduino.cydsn\000"
 451      75696E6F 
 451      5C435938 
 451      434B4954 
 451      35395F41 
 452              	.LASF15:
 453 00a6 47656E65 		.ascii	"Generated_Source\\PSoC5\\Control_Reg_Ignition_1.c\000"
 453      72617465 
 453      645F536F 
 453      75726365 
 453      5C50536F 
 454              	.LASF8:
 455 00d6 756E7369 		.ascii	"unsigned int\000"
 455      676E6564 
 455      20696E74 
 455      00
 456              	.LASF7:
 457 00e3 6C6F6E67 		.ascii	"long long unsigned int\000"
 457      206C6F6E 
 457      6720756E 
 457      7369676E 
 457      65642069 
 458              	.LASF17:
ARM GAS  C:\Users\Bruger\AppData\Local\Temp\cc12ESXe.s 			page 16


 459 00fa 436F6E74 		.ascii	"Control_Reg_Ignition_1_Write\000"
 459      726F6C5F 
 459      5265675F 
 459      49676E69 
 459      74696F6E 
 460              	.LASF6:
 461 0117 6C6F6E67 		.ascii	"long long int\000"
 461      206C6F6E 
 461      6720696E 
 461      7400
 462              	.LASF14:
 463 0125 474E5520 		.ascii	"GNU C 4.9.3 20150303 (release) [ARM/embedded-4_9-br"
 463      4320342E 
 463      392E3320 
 463      32303135 
 463      30333033 
 464 0158 616E6368 		.ascii	"anch revision 221220] -mcpu=cortex-m3 -mthumb -g -O"
 464      20726576 
 464      6973696F 
 464      6E203232 
 464      31323230 
 465 018b 33202D66 		.ascii	"3 -ffunction-sections -finline-functions -flto -ffa"
 465      66756E63 
 465      74696F6E 
 465      2D736563 
 465      74696F6E 
 466 01be 742D6C74 		.ascii	"t-lto-objects\000"
 466      6F2D6F62 
 466      6A656374 
 466      7300
 467              	.LASF11:
 468 01cc 63686172 		.ascii	"char\000"
 468      00
 469              	.LASF2:
 470 01d1 73686F72 		.ascii	"short int\000"
 470      7420696E 
 470      7400
 471              	.LASF12:
 472 01db 75696E74 		.ascii	"uint8\000"
 472      3800
 473              	.LASF4:
 474 01e1 6C6F6E67 		.ascii	"long int\000"
 474      20696E74 
 474      00
 475              	.LASF19:
 476 01ea 436F6E74 		.ascii	"Control_Reg_Ignition_1_Read\000"
 476      726F6C5F 
 476      5265675F 
 476      49676E69 
 476      74696F6E 
 477              	.LASF0:
 478 0206 7369676E 		.ascii	"signed char\000"
 478      65642063 
 478      68617200 
 479              		.comm	__gnu_lto_v1,1,1
 480              		.ident	"GCC: (GNU Tools for ARM Embedded Processors) 4.9.3 20150303 (release) [ARM/embedded-4_9-br
