ARM GAS  C:\Users\Bruger\AppData\Local\Temp\cc4epsfb.s 			page 1


   1              		.syntax unified
   2              		.cpu cortex-m3
   3              		.fpu softvfp
   4              		.eabi_attribute 20, 1
   5              		.eabi_attribute 21, 1
   6              		.eabi_attribute 23, 3
   7              		.eabi_attribute 24, 1
   8              		.eabi_attribute 25, 1
   9              		.eabi_attribute 26, 1
  10              		.eabi_attribute 30, 2
  11              		.eabi_attribute 34, 1
  12              		.eabi_attribute 18, 4
  13              		.thumb
  14              		.file	"CrankTriggerCaptureCounter_PM.c"
  15              		.text
  16              	.Ltext0:
  17              		.section	.gnu.lto_.profile.15095f8d,"",%progbits
  18 0000 789C6366 		.ascii	"x\234cf```a\200\000F\206\014\031\000\001`\000\215"
  18      60606061 
  18      80004686 
  18      0C190001 
  18      60008D
  19              		.text
  20              		.section	.gnu.lto_.jmpfuncs.15095f8d,"",%progbits
  21 0000 789C6366 		.ascii	"x\234cf\300\016\244\2404\013\230db``\004#f\204\030\000"
  21      C00EA4A0 
  21      340B9864 
  21      62606004 
  21      23668418 
  22 0015 0544002D 		.ascii	"\005D\000-"
  23              		.text
  24              		.section	.gnu.lto_.inline.15095f8d,"",%progbits
  25 0000 789C6366 		.ascii	"x\234cf\300\016\252\2404\013\003\003\247\024#\003\023"
  25      C00EAAA0 
  25      340B0303 
  25      A7142303 
  25      13
  26 0011 CB027906 		.ascii	"\313\002y\006\266\005\362L 1&n8\201]\222q\202\037\224"
  26      B605F24C 
  26      2031266E 
  26      38815D92 
  26      71821F94 
  27 0025 6266E002 		.ascii	"bf\340\002)\340\332g\007W\300\310\005#X\0308\004\201"
  27      29E0DA67 
  27      0757C0C8 
  27      05235818 
  27      380481
  28 0038 926C1FF4 		.ascii	"\222l\037\364\260H2\000\000\232\325\012\004"
  28      B0483200 
  28      009AD50A 
  28      04
  29              		.text
  30              		.section	.gnu.lto_.pureconst.15095f8d,"",%progbits
  31 0000 789C6366 		.ascii	"x\234cf``\340d\200\000\026\006\011&\011f)\026\011\000"
  31      6060E064 
  31      80001606 
  31      09260966 
ARM GAS  C:\Users\Bruger\AppData\Local\Temp\cc4epsfb.s 			page 2


  31      29160900 
  32 0014 02B7007C 		.ascii	"\002\267\000|"
  33              		.text
  34              		.section	.gnu.lto_CrankTriggerCaptureCounter_SaveConfig.15095f8d,"",%progbits
  35 0000 789C7D90 		.ascii	"x\234}\220\317K\002A\024\307\337w6\267-;DG\377\201N"
  35      CF4B0241 
  35      14C7DF77 
  35      36B72D3B 
  35      4447FF81 
  36 0015 760BE9EC 		.ascii	"v\013\351\354\241S \330)\"\021[$\002\215E\217\342ny"
  36      A15320D8 
  36      2922115B 
  36      24028D45 
  36      8FE26E79 
  37 0029 E854D229 		.ascii	"\350T\322)\350\007\024D\226\246\325=\330N\035\202\""
  37      E8071444 
  37      96A6D53D 
  37      D84E1D82 
  37      22
  38 003a 3C041685 		.ascii	"<\004\026\205`P\267\314C,a\366f\275Y4\360f\346\315\373"
  38      6050B7CC 
  38      432C61F6 
  38      66BD5934 
  38      F066E6CD 
  39 004f CEF77D66 		.ascii	"\316\367}f\024\372=|\034e\020M\360\012\205 \3627D\226"
  39      14FA3D7C 
  39      1C65104D 
  39      F00A8520 
  39      F2374496 
  40 0063 2600B921 		.ascii	"&\000\271!PV \2137\321\024\310\333\305M\357\350\201"
  40      5056208B 
  40      37D114C8 
  40      DBC54DEF 
  40      E881
  41 0075 699AEFFB 		.ascii	"i\232\357\373\327V\310\206#\210Z\242\353\203C\214\022"
  41      D756C886 
  41      23885AA2 
  41      EB83438C 
  41      12
  42 0086 8B9AB9F6 		.ascii	"\213\232\271\366\275W\315\261h\270[C\001*\373Se\304"
  42      BD57CDB1 
  42      68B85B43 
  42      012AFB53 
  42      65C4
  43 0098 363B9DD6 		.ascii	"6;\235\326\311e\015\232B\216\200\312\023\013\032\034"
  43      C9650D9A 
  43      428E80CA 
  43      130B1A1C 
  44 00a8 B2D50B27 		.ascii	"\262\325\013'\274*\217X\261/\352\212\274\366)\024v\334"
  44      BC2A8F58 
  44      B12FEA8A 
  44      BCF62914 
  44      76DC
  45 00ba ADAE9545 		.ascii	"\255\256\225E\346\313\\55G(-\301f8B\206o\367Q\015\313"
  45      E6CB5C35 
  45      3547282D 
  45      C1663842 
ARM GAS  C:\Users\Bruger\AppData\Local\Temp\cc4epsfb.s 			page 3


  45      866FF751 
  46 00d0 1B7B01A9 		.ascii	"\033{\001\251\355\025z\332\2629\237>7n\357\264W\301"
  46      ED157ADA 
  46      B2399F3E 
  46      376EEFB4 
  46      57C1
  47 00e2 276E5AB0 		.ascii	"'nZ\260r\333\330\301\226eJ\225\212cdP\204\317\255}\227"
  47      72DBD8C1 
  47      96654A95 
  47      8A636450 
  47      84CFAD7D 
  48 00f7 D6CF557F 		.ascii	"\326\317U\177\221\331\355\031G\364\243\304\302\017\367"
  48      91D9ED19 
  48      47F4A3C4 
  48      C20FF7
  49 0106 7D38819F 		.ascii	"}8\201\237iH\302U\353C]\270_=\265\226|\020\312.\334"
  49      6948C255 
  49      EB435DB8 
  49      5F3DB596 
  49      7C10CA2E 
  50 011b 4017EE0A 		.ascii	"@\027\356\012\377\322\365\342T\376\306\231s\304 N]\034"
  50      FFD2F5E2 
  50      54FEC699 
  50      73C4204E 
  50      5D1C
  51 012d F9973893 		.ascii	"\371\2278\2238*=\301\262\037<\262\201\204lp\215\177"
  51      382A3DC1 
  51      B21F3CB2 
  51      81846C70 
  51      8D7F
  52 013f 909D0393 		.ascii	"\220\235\003\223zB7\242)}>\022N\246\215\230>\033\012"
  52      7A4237A2 
  52      297D3E12 
  52      4EA68D98 
  52      3E1B0A
  53 0152 2783E3B3 		.ascii	"'\203\343\263A#\232X\2346\026\342q\335\010F\227RiC\017"
  53      41239A58 
  53      9C3616E2 
  53      71DD0846 
  53      97526943 
  54 0167 26D38994 		.ascii	"&\323\211\224nDBSc1\372\001\022\276\256\017"
  54      6E444253 
  54      6331FA01 
  54      12BEAE0F 
  55              		.text
  56              		.section	.gnu.lto_CrankTriggerCaptureCounter_RestoreConfig.15095f8d,"",%progbits
  57 0000 789C7D90 		.ascii	"x\234}\220\273J\003Q\020\206\347\237]\327U\033\261\012"
  57      BB4A0351 
  57      1086E79F 
  57      5DD7551B 
  57      B10A
  58 0012 79811412 		.ascii	"y\201\024\022;\021\353\005\255\204@,\003!\350\"\"$\262"
  58      3B11EB05 
  58      AD84402C 
  58      0321E822 
  58      2224B2
  59 0025 24657057 		.ascii	"$epW\"Xy\351\004/\240 F\215\227(X\347\005TDAP\321FA"
ARM GAS  C:\Users\Bruger\AppData\Local\Temp\cc4epsfb.s 			page 4


  59      225879E9 
  59      042FA020 
  59      468D9728 
  59      58E70554 
  60 003f 3BE316B2 		.ascii	";\343\026\262\210\2279\253\225\267\003s\346\314\314"
  60      889739AB 
  60      95B70373 
  60      E6CCCC
  61 004e 7F663E46 		.ascii	"\177f>F\243\237'*\266\014\242n\361\320\010<sD\344\231"
  61      A39F272A 
  61      B60CA26E 
  61      F1D0083C 
  61      7344E499 
  62 0062 0CA80781 		.ascii	"\014\250\007\201\306\030cx\340:c\246\2669\327\022[u"
  62      C6186378 
  62      E03A63A6 
  62      B639D712 
  62      5B75
  63 0074 5DF77165 		.ascii	"]\367qe?2\021\011\230\310\347\3176XC\214DS/\275\236"
  63      3F321109 
  63      98C8E7CF 
  63      3658438C 
  63      44532FBD 
  64 0089 B71825D1 		.ascii	"\267\030%\321\264~\326P\206!\355i\247\255\346\276\277"
  64      B47ED650 
  64      8621ED69 
  64      A7ADE6BE 
  64      BF
  65 009a FB87B3E5 		.ascii	"\373\207\263\345v\030L\001C\227K\024\267bj\324\235\004"
  65      76184C01 
  65      43974B14 
  65      B7626AD4 
  65      9D04
  66 00ac E2B50B8C 		.ascii	"\342\265\013\214\037T\217=M}|f5w\351tj\233\213/\356"
  66      1F548F3D 
  66      4D7D7C66 
  66      3577E974 
  66      6A9B8B2F 
  67 00c1 A46B06AC 		.ascii	"\244k\006\254\275\252\256\222\275\271=>1\357Y2aX\366"
  67      BDAAAE92 
  67      BDB93D3E 
  67      31EF5932 
  67      6158F6
  68 00d4 4A0B58C4 		.ascii	"J\013X\304\274\347*\225\216u\024\261\201hX{\253L\357"
  68      BCE72A95 
  68      8E7514B1 
  68      8168587B 
  68      AB4CEF
  69 00e7 19F1F680 		.ascii	"\031\361\366\200\033\260)\232\247\220\031\025\304\351"
  69      1BB0299A 
  69      A7901915 
  69      C4E9
  70 00f5 0ABA9A43 		.ascii	"\012\272\232C\337\247\030>\0134\266P$a\010\270\221\024"
  70      DFA7183E 
  70      0B34B650 
  70      246108B8 
  70      9114
ARM GAS  C:\Users\Bruger\AppData\Local\Temp\cc4epsfb.s 			page 5


  71 0107 56FDECE4 		.ascii	"V\375\354\344\013K\377\023\353;\307\366o\034&vB\016"
  71      0B4BFF13 
  71      EB3BC7F6 
  71      6F1C2676 
  71      420E
  72 0119 B518ECFE 		.ascii	"\265\030\354\376\303\321\344\253\025\241\032r\350\001"
  72      C3D1E4AB 
  72      15A11A72 
  72      E801
  73 0127 37D335BC 		.ascii	"7\3235\274\332eO(&\265<\250\245\211\246\253\327\316"
  73      DA654F28 
  73      26B53CA8 
  73      A589A6AB 
  73      D7CE
  74 0139 DA4E266F 		.ascii	"\332N&o\017\246\223\271\2023`\247\022\311\234\325\231"
  74      0FA693B9 
  74      823360A7 
  74      12C99CD5 
  74      99
  75 014a B29C4C76 		.ascii	"\262\234Lv\244\337\031\036\032\262\035+3\232/8\266\225"
  75      A4DF191E 
  75      1AB21D2B 
  75      339A2F38 
  75      B695
  76 015c 2B64F3B6 		.ascii	"+d\363\266\223N\364u\014\320\007\253d\243\262"
  76      934EF475 
  76      0CD007AB 
  76      64A3B2
  77              		.text
  78              		.section	.gnu.lto_CrankTriggerCaptureCounter_Sleep.15095f8d,"",%progbits
  79 0000 789C8592 		.ascii	"x\234\205\222MHTQ\030\206\277\367\273?3jX\264\022\227"
  79      4D485451 
  79      1886BFF7 
  79      BB3F336A 
  79      58B41297 
  80 0014 6D5C19B4 		.ascii	"m\\\031\264\210h\021.f\021\004\201`KI\006\273H\0043"
  80      8868112E 
  80      66110481 
  80      604B4906 
  80      BB480433 
  81 0028 7299590E 		.ascii	"r\231Y\016\236\353\3340Z\330T\233\2412(\250\246\306"
  81      9EEBDC30 
  81      5AD8549B 
  81      A13228A8 
  81      A6C6
  82 003a D4B49F45 		.ascii	"\324\264\237E\233\213\233Z\364\203D\004\"\323F\251\026"
  82      9B8B9B5A 
  82      F4834404 
  82      22D346A9 
  82      16
  83 004b CA98625E 		.ascii	"\312\230b^B\247\357\334\231J\214\352\302\271\347\234"
  83      42A7EFDC 
  83      994A8CEA 
  83      C2B9E79C 
  84 005b EFBCE77D 		.ascii	"\357\274\347}\336{\3165\350\317\347\230\264A&:*=l\002"
  84      DE7BCE35 
  84      E8CFE798 
ARM GAS  C:\Users\Bruger\AppData\Local\Temp\cc4epsfb.s 			page 6


  84      B441263A 
  84      2A3D6C02 
  85 006f 17DE1079 		.ascii	"\027\336\020yqfc\263\225T\263Y\354\"\265\307\200U/\233"
  85      716663B3 
  85      9554B359 
  85      EC22B5C7 
  85      80552F9B 
  86 0083 3F0716A0 		.ascii	"?\007\026\240\007\004\032b\303\2640\204/\274\312(\004"
  86      07041A62 
  86      C3B43084 
  86      2FBCCA28 
  86      04
  87 0094 E5624BC7 		.ascii	"\345bK\307\035\245T\365\312\363\266\363m\2418\257q\235"
  87      1DA554F5 
  87      CAF3B6F3 
  87      6DA138AF 
  87      719D
  88 00a6 847BE820 		.ascii	"\204{\350 \321\254\372[\037Zl_4\373\352k(\301\206\364"
  88      D1ACFA5B 
  88      1F5A6C5F 
  88      34FBEA6B 
  88      28C186F4 
  89 00ba 93FB0355 		.ascii	"\223\373\003U\253\315,_.\035\340&\203B\206)/Q,J\323"
  89      ABCD2C5F 
  89      2E1DE026 
  89      83428629 
  89      2F512C4A 
  90 00cf B4259948 		.ascii	"\264%\231Ho\314cv\343\342\312X\005z\34776\304t\371S"
  90      6FCC6376 
  90      E3E2CA58 
  90      057AE737 
  90      36C474F9 
  91 00e4 E576EC33 		.ascii	"\345v\3543\207ll\277\364\224\2519\037\027\337\316\305"
  91      876C6CBF 
  91      F494A939 
  91      1F17DFCE 
  91      C5
  92 00f5 A312E9E9 		.ascii	"\243\022\351\351\315\225\331\327\030\303u\317G\310&"
  92      CD95D9D7 
  92      18C375CF 
  92      47C826
  93 0104 EEA31D0F 		.ascii	"\356\243\035\017\320.\364\262Ti\036\303\225\221\005"
  93      D02EF4B2 
  93      54691EC3 
  93      959105
  94 0113 BB6E688A 		.ascii	"\273nh\212'\275\207\377*\237j\024v\332I\030\214\353"
  94      27BD87FF 
  94      2A9F6A14 
  94      76DA4918 
  94      8CEB
  95 0125 9DA41319 		.ascii	"\235\244\023\031\264\331*\201\206\253S\353\267\016i"
  95      B4D92A81 
  95      86AB53EB 
  95      B70E69
  96 0134 B546BD1B 		.ascii	"\265F\275\033\235\340\334wuA\305C\266\266\3647\3564"
  96      9DE0DC77 
  96      7541C543 
ARM GAS  C:\Users\Bruger\AppData\Local\Temp\cc4epsfb.s 			page 7


  96      B6B6F437 
  96      EE34
  97 0146 B0A269C9 		.ascii	"\260\242i\311\363oDy\224V\331x\210\034&\264\255\254"
  97      F36F4479 
  97      9456D978 
  97      881C26B4 
  97      ADAC
  98 0158 6D8F5F9A 		.ascii	"m\217_\232\266;\313rD\301\351\220c\230\024\341\327\350"
  98      B63BCB72 
  98      44C1E990 
  98      639814E1 
  98      D7E8
  99 016a 1831854E 		.ascii	"\0301\205N\021\314]\273\233\337\253\275b <\212\302,"
  99      11CC5DBB 
  99      9BDFABBD 
  99      62203C8A 
  99      C22C
 100 017c B149C5AE 		.ascii	"\261I\305\256(Ju\343?Qv\263\247\377\301\236\371\315"
 100      284A75E3 
 100      3F5176B3 
 100      A7FFC19E 
 100      F9CD
 101 018e 7E1CB17F 		.ascii	"~\034\261\177}GLJO\032l+\272\230\005\344\203\332\013"
 101      7D474C4A 
 101      4F1A6C2B 
 101      BA9805E4 
 101      83DA0B
 102 01a1 D66CDA0D 		.ascii	"\326l\332\015\217\257\261\\2\236\"'\227\332DZZh\376"
 102      8FAFB15C 
 102      329E2227 
 102      97DA445A 
 102      5A68FE
 103 01b4 9B529FF1 		.ascii	"\233R\237\361\263\206\262\002/\270z\"R\222\376\027\240"
 103      B386B202 
 103      2FB87A22 
 103      5292FE17 
 103      A0
 104 01c5 51223872 		.ascii	"Q\"8r\334I9n2\343\234\351\353Ig\335~\247\267\273'\235"
 104      DC49396E 
 104      32E39CE9 
 104      EB4967DD 
 104      7EA7B7BB 
 105 01db 38DC9B70 		.ascii	"8\334\233p\223\251s\247\334\263\003\003\216\233H\016"
 105      93A973A7 
 105      DCB30303 
 105      8E9B480E 
 106 01eb 66B2AE93 		.ascii	"f\262\256\223HgS\031\307\355\353>y\260\237~\0006w\370"
 106      48675319 
 106      C7EDEB3E 
 106      79B09F7E 
 106      003677F8 
 107 01ff C3       		.ascii	"\303"
 108              		.text
 109              		.section	.gnu.lto_CrankTriggerCaptureCounter_Wakeup.15095f8d,"",%progbits
 110 0000 789C7550 		.ascii	"x\234uP\275K\202A\034\376=\277\367|\221\214\212&\351"
 110      BD4B8241 
 110      1CFE3DBF 
ARM GAS  C:\Users\Bruger\AppData\Local\Temp\cc4epsfb.s 			page 8


 110      F77C918C 
 110      8A26E9
 111 0013 1F68881A 		.ascii	"\037h\210\032\212\210\226\026\207\206\010\204\032\005"
 111      8A889616 
 111      87860884 
 111      1A05
 112 0021 917A8908 		.ascii	"\221z\211\0104^\264M<\323\240\251\242\226\240\217-\262"
 112      345EB44D 
 112      3CD3A0A9 
 112      A296A08F 
 112      2DB2
 113 0033 6F6A6876 		.ascii	"ojhv*p(*\304\210> \012j\313\034B\302\352\3565\010\212"
 113      2A70282A 
 113      C4883E20 
 113      0A6ACB1C 
 113      42C2EAEE 
 114 004a 0E8EDFDD 		.ascii	"\016\216\337\335s\317\007\317\031\364wu\250=\001\242"
 114      73CF07CF 
 114      19F47775 
 114      A83D01A2 
 115 005a 6E35E122 		.ascii	"n5\341\"\360\334\011Q\322\315l\034\325\223\254\021\271"
 115      F0DC0951 
 115      D2CD6C1C 
 115      D593AC11 
 115      B9
 116 006b 1E92B506 		.ascii	"\036\222\265\006D\025\026\200>\020(\301\206@\002\317"
 116      44151680 
 116      3E1028C1 
 116      864002CF 
 117 007b 5C64CC65 		.ascii	"\\d\314e\267\026=\315kR\312\227\373\274w\312[f\242\022"
 117      B7163DCD 
 117      6B52CA97 
 117      FBBC77CA 
 117      5B66A212 
 118 008f 57FDB18E 		.ascii	"W\375\261\216fR\234b\272R\360\230i\305i\250\276!\003"
 118      66529C62 
 118      BA52F098 
 118      69C569A8 
 118      BE2103
 119 00a2 53E5D25E 		.ascii	"S\345\322^cV~~\226\012\363\231v6\005\225Y\201\017\212"
 119      63567E7E 
 119      960AF399 
 119      76360595 
 119      59810F8A 
 120 00b6 A0731E99 		.ascii	"\240s\036\231\3654\256\221\312\026s\254%\332k\365bf"
 120      F534AE91 
 120      CA1673AC 
 120      25DA6BF5 
 120      6266
 121 00c8 97E3EF72 		.ascii	"\227\343\357rZ\272\313\314%\255\300\006\342Jk\320\025"
 121      5ABACBCC 
 121      25ADC006 
 121      E24A6BD0 
 121      15
 122 00d9 260FF76F 		.ascii	"&\017\367o\316=\232\373\306\3427[Tt\266B\357\036N\317"
 122      CE3D9AFB 
 122      C6E2375B 
ARM GAS  C:\Users\Bruger\AppData\Local\Temp\cc4epsfb.s 			page 9


 122      5474B642 
 122      EF1E4ECF 
 123 00ed DC4FAC10 		.ascii	"\334O\254\020\347\232I\246\227\261\202\245\244\324,"
 123      E79A49A6 
 123      97B182A5 
 123      A4D42C
 124 00fc 173611C7 		.ascii	"\0276\021\307\026\232\234\267\217\355\331\003\263\265"
 124      169A9CB7 
 124      8FEDD903 
 124      B3B5
 125 010a A5CC26B6 		.ascii	"\245\314&\266\025\347\325i\206\035\264R\036\351\313"
 125      15E7D569 
 125      861DB452 
 125      1EE9CB
 126 0119 54F827EA 		.ascii	"T\370'\352x\345\351@hS\200\260\253\345\244K\030tT\357"
 126      78E5E940 
 126      685380B0 
 126      ABE5A44B 
 126      187454EF 
 127 012d 7478CFD5 		.ascii	"tx\317\325\375\327A\231b\357\273\203\326\010\247\370"
 127      FDD74199 
 127      62EFBB83 
 127      D608A7F8 
 128 013d 2D92D985 		.ascii	"-\222\331\205>GC\372[\240QE\355\352\265\302\226\035"
 128      3E4743FA 
 128      5BA05145 
 128      EDEAB5C2 
 128      961D
 129 014f 8A5AC3C1 		.ascii	"\212Z\303\301\201H\314\036\262\002\376\201\210\2573"
 129      8148CC1E 
 129      B202FE81 
 129      88AF33
 130 015e E0B343E1 		.ascii	"\340\263C\341\261A{td\304\262}\241\361h\314\266|\221"
 130      B1417B74 
 130      64C4B27D 
 130      A1F168CC 
 130      B67C91
 131 0171 58386AD9 		.ascii	"X8j\331A\177\177\333\020}\001y\236\233e"
 131      417F7FDB 
 131      107D0179 
 131      9E9B65
 132              		.text
 133              		.section	.gnu.lto_.symbol_nodes.15095f8d,"",%progbits
 134 0000 789C55CF 		.ascii	"x\234U\317\301\015\3020\014F\341\027;m\223\316\300\256"
 134      C10DC230 
 134      0C46E117 
 134      3B6D93CE 
 134      C0AE
 135 0012 7F0F1D80 		.ascii	"\177\017\035\200\011P\205X\203[\317\314\000\2109\020"
 135      09508558 
 135      835BCFCC 
 135      00883910 
 136 0022 69E16072 		.ascii	"i\341`ry\372\354\213\343\300\223\337\263$8\336@\342"
 136      79FAEC8B 
 136      E3C093DF 
 136      B32438DE 
 136      40E2
ARM GAS  C:\Users\Bruger\AppData\Local\Temp\cc4epsfb.s 			page 10


 137 0034 B4143A58 		.ascii	"\264\024:XLn\246\024\307\346\262?gyt\352\225\277f\232"
 137      4C6EA614 
 137      C7E6B23F 
 137      677974EA 
 137      95BF669A 
 138 0048 1A3B7591 		.ascii	"\032;u\221E}\344\240!\262\252D\216\252\201N\317\345"
 138      457DE4A0 
 138      21B2AA44 
 138      8EAA814E 
 138      CFE5
 139 005a FE4EDE4E 		.ascii	"\376N\336N{m\265\302\272w`~\264ze\335\333~\2655\033"
 139      7B6DB5C2 
 139      BA77607E 
 139      B47A65DD 
 139      DB7EB535 
 140 006f E76D9F47 		.ascii	"\347m\237G\346\353\201\017I\340;G"
 140      E6EB810F 
 140      49E03B47 
 141              		.text
 142              		.section	.gnu.lto_.refs.15095f8d,"",%progbits
 143 0000 789C25C7 		.ascii	"x\234%\307\301\021\000 \020\203@H\3166\354\277Lu\344"
 143      C1110020 
 143      10834048 
 143      CE36ECBF 
 143      4C75E4
 144 0013 B514D8FC 		.ascii	"\265\024\330\374\202F'\017\330\364\216.\007\303\001"
 144      8246270F 
 144      D8F48E2E 
 144      07C301
 145 0022 07DF0052 		.ascii	"\007\337\000R"
 146              		.text
 147              		.section	.gnu.lto_.decls.15095f8d,"",%progbits
 148 0000 789C9555 		.ascii	"x\234\225UkLSg\030>_\277R\350\241V3\023\\\370c\305\214"
 148      6B4C5367 
 148      183E5FBF 
 148      52E8A156 
 148      33135CF8 
 149 0017 B9C53897 		.ascii	"\271\3058\227\354\342\277\231\220\305e\313\026\"3\373"
 149      ECE2BF99 
 149      90C565CB 
 149      162233FB 
 150 0027 A189A978 		.ascii	"\241\211\251x\206D\003\244\266[\374\265\243\2000\234"
 150      864403A4 
 150      B65BFCB5 
 150      A380309C 
 151 0037 58D8C50E 		.ascii	"X\330\305\016\235\253\003\3452\255\005A\313El\321\001"
 151      9DAB03E5 
 151      32AD0541 
 151      CB456CD1 
 151      01
 152 0048 72DF4410 		.ascii	"r\337D\020D[\312E@A&N!:\273\367\373\3169\364\034\003"
 152      445BCA45 
 152      4041264E 
 152      213ABBF7 
 152      FBCE39F4 
 153 005e 353BC95B 		.ascii	"5;\311[\316wx\336\347}\336\347\273a\206a\256\"\206\011"
 153      CE7778DE 
ARM GAS  C:\Users\Bruger\AppData\Local\Temp\cc4epsfb.s 			page 11


 153      E77DDEE7 
 153      BB618661 
 153      AE228609 
 154 0072 C0A3D332 		.ascii	"\300\243\3232L\231\212a\302\340[<\023|X\2103\020\016"
 154      4C998A61 
 154      C2E05B3C 
 154      137C5888 
 154      33100E
 155 0085 08274405 		.ascii	"\010'D\005D\015\311\203h\206h\203\350\200\350\202\000"
 155      440DC983 
 155      68866883 
 155      E880E882 
 155      00
 156 0096 2AC6CB28 		.ascii	"*\306\313(\037\222\033)r\032 \242 |\020\015\020\203"
 156      1F921B29 
 156      721A20A2 
 156      207C100D 
 156      1083
 157 00a8 10B7213C 		.ascii	"\020\267!<\020~\010\027\304\005\010\220\301\364C\364"
 157      107E0817 
 157      C4050890 
 157      C1F443F4 
 158 00b8 416091E3 		.ascii	"A`\221\343\252Xw\241\032\216\005j\310\271\207 ZD\356"
 158      AA5877A1 
 158      1A8E056A 
 158      C8B98720 
 158      5A44EE
 159 00cb 6188C605 		.ascii	"a\210\306\005j8\304^\232\027\251\341\024\275\210\027"
 159      6A38C45E 
 159      9A17A9E1 
 159      14BD8817 
 160 00db F94721EE 		.ascii	"\371G!\356CL\310j\021\376I\210R\221\243W\344v\212\036"
 160      434CC86A 
 160      11FE4988 
 160      5291A357 
 160      E4768A1E 
 161 00ef 9D59849B 		.ascii	"\235Y\204\233x\032.\343\2268\344\274r\276\012Q\357b"
 161      781A2EE3 
 161      9638E4BC 
 161      72BE0A51 
 161      EF62
 162 0101 9EFFAD42 		.ascii	"\236\377\255B\325\216G\355\221c*\244g\015dX\223\337"
 162      D58E47ED 
 162      91632AA4 
 162      670D6458 
 162      93DF
 163 0113 6CD3C050 		.ascii	"l\323\300P\307\252\311\260\366\251\277[\275\342G\036"
 163      C7AAC9B0 
 163      F6A9BF5B 
 163      BDE2471E 
 164 0123 1E6B3ABF 		.ascii	"\036k:\277L\215\342\243P1\212F%(\032\030K\321\012\370"
 164      4C8DE2A3 
 164      50318A46 
 164      25281A18 
 164      4BD10AF8 
 165 0137 DDAA1698 		.ascii	"\335\252\026\230\212\252\007\276\306*D^\013m\203\335"
 165      8AAA07BE 
ARM GAS  C:\Users\Bruger\AppData\Local\Temp\cc4epsfb.s 			page 12


 165      C62A445E 
 165      0B6D83DD 
 166 0147 ECDA32C8 		.ascii	"\354\3322\310\312\346\335\356\260`\265\302\2566\273"
 166      CAE6DDEE 
 166      B060B5C2 
 166      AE36BB
 167 0156 C67082F7 		.ascii	"\306p\202\3679\247\275\225}:\276\231w\007\002\037P&"
 167      39A7BD95 
 167      7D3ABE99 
 167      7707021F 
 167      5026
 168 0168 548630FA 		.ascii	"T\2060\372\035\255%H\362NS\320\031d\200\264\213\315"
 168      1DAD2548 
 168      F24E53D0 
 168      196480B4 
 168      8BCD
 169 017a 03562D4E 		.ascii	"\003V-N\242\334\277Y\313\013\226R\012{A\241F \240\371"
 169      A2DCBF59 
 169      CB0B9652 
 169      0A7B41A1 
 169      4620A0F9 
 170 018e 6765F967 		.ascii	"ge\371g\245|\007\315w\2679\236Eb+\242\004\263\275\256"
 170      A57C07CD 
 170      77B7399E 
 170      45622BA2 
 170      04B3BDAE 
 171 01a2 16426077 		.ascii	"\026B`w\332\373\024\004\347d\004\347$\002'%8\370\257"
 171      DAFB1404 
 171      E76404E7 
 171      24022725 
 171      38F8AF
 172 01b5 7D8AC5E5 		.ascii	"}\212\305\345\002\301O\217g\016\352\005\002\307)9A\271"
 172      02C14F8F 
 172      670EEA05 
 172      02C72939 
 172      41B9
 173 01c7 8CA05C22 		.ascii	"\214\240\\\"\250\240\004=\227\263\262\"\360u\201`\377"
 173      A8A0043D 
 173      97B3B222 
 173      F0758160 
 173      FF
 174 01d8 E9DAEFC2 		.ascii	"\351\332\357\302\301\344(\226\232\222\333Z\340\301t"
 174      C1E42896 
 174      9A92DB5A 
 174      E0C174
 175 01e7 1820FF56 		.ascii	"\030 \377V\365\365\3750\207\021\033\233\315\363\007"
 175      F5F5FD30 
 175      87111B9B 
 175      CDF307
 176 01f6 F8E97C1E 		.ascii	"\370\351|\036\277\312\240\265\321\350\215h\006]D\261"
 176      BFCAA0B5 
 176      D1E88D68 
 176      065D44B1 
 177 0206 00A34550 		.ascii	"\000\243EP%\314C\025\314C\021\330<]\235U\377q:\277\021"
 177      25CC4315 
 177      CC4311D8 
 177      3C5D9D55 
ARM GAS  C:\Users\Bruger\AppData\Local\Temp\cc4epsfb.s 			page 13


 177      FF713ABF 
 178 021b 5D402C3A 		.ascii	"]@,:?/\203V\020\255\3776\303\211\3453I\220\301\251t"
 178      3F2F8356 
 178      10ADFF36 
 178      C389E533 
 178      4990C1A9 
 179 0230 29A6F278 		.ascii	")\246\362x\223mF\207\237\012j\313.\345}\217\210\341"
 179      936D4687 
 179      9F0A6ACB 
 179      2EE57D8F 
 179      88E1
 180 0242 FC747FE9 		.ascii	"\374t\177\351\275]y\351\326\"\336\027\010\254\244I\250"
 180      BD5D79E9 
 180      D622DE17 
 180      08ACA449 
 180      A8
 181 0253 5AD673B5 		.ascii	"Z\326s\265\324s\015\355\271\325?;\243\243Kk\031\341"
 181      D4730DED 
 181      B9D53F3B 
 181      A3A34B6B 
 181      19E1
 182 0265 29E81D79 		.ascii	")\350\035y\204\351\322R\221\341/\017\247\352\264\330"
 182      84E9D252 
 182      91E12F0F 
 182      A7EAB4D8 
 183 0275 AB523862 		.ascii	"\253R8b\020\0349zo\2662\202\016\003\001L,y:\344(\326"
 183      101C397A 
 183      6FB63282 
 183      0E03014C 
 183      2C793AE4 
 184 028b A05856E8 		.ascii	"\240XV\350\265X\350\325\003\035\\\012\366j\020{\245"
 184      B558E8D5 
 184      031D5C0A 
 184      F66A107B 
 184      A5
 185 029c B6F1E97C 		.ascii	"\266\361\351|X\211\236A\265\320a\035t\210\334\340\234"
 185      58899E41 
 185      B5D0611D 
 185      7488DCE0 
 185      9C
 186 02ad 4174AE1E 		.ascii	"At\256\036>^\206\217Pi.\263\335\253\260\305\243\260"
 186      3E5E868F 
 186      50692EB3 
 186      DDABB0C5 
 186      A3B0
 187 02bf A54161CB 		.ascii	"\245Aa\313\223\212\214\023\030\217\012\222\317w\356"
 187      938A8C13 
 187      188F0A92 
 187      CF77EE
 188 02ce CFD04AB6 		.ascii	"\317\320J\266<\370Hf\013$\241+2[\256H\266\\\245\266"
 188      3CF84866 
 188      0B24A12B 
 188      325BAE48 
 188      B65CA5B6 
 189 02e2 58333D56 		.ascii	"X3=V\265\032\216\025:\005[\351>\373'0xJ\265\350>k\244"
 189      B51A8E15 
 189      3A055BE9 
ARM GAS  C:\Users\Bruger\AppData\Local\Temp\cc4epsfb.s 			page 14


 189      3EFB2730 
 189      784AB5E8 
 190 02f9 2AFE40A2 		.ascii	"*\376@\242\214s\266\271#\030\037\306TFUe\303)=\225\341"
 190      8C73B6B9 
 190      23181FC6 
 190      54465565 
 190      C3293D95 
 191 030e 731436E9 		.ascii	"s\0246\351\354\322\216\202\034\324$\023\321$\211h\246"
 191      ECD28E82 
 191      1CD42413 
 191      D1248968 
 191      A6
 192 031f 22EA8A26 		.ascii	"\"\352\212&\246\"\251\010\317\274\010o\325\343\213\354"
 192      A622A908 
 192      CFBC086F 
 192      D5E38BEC 
 193 032f A2225AA8 		.ascii	"\242\"Z\250\210k\222\210cc7F\227\342K\202\210[\317Z"
 193      886B9288 
 193      63633746 
 193      97E24B82 
 193      885BCF5A 
 194 0343 4BE89EE4 		.ascii	"K\350\236\344\3555\205\007\015\342\226\200\014\324*"
 194      ED358507 
 194      0DE29680 
 194      0CD42A
 195 0352 93D02A49 		.ascii	"\223\320*Ih\243\022\206;F\240\215\021\201!\257+\363"
 195      68A31286 
 195      3B46A08D 
 195      118121AF 
 195      2BF3
 196 0364 1A2BB451 		.ascii	"\032+\264QR\330\030l\203l\253v\031G\273\304\321A9\356"
 196      52D8186C 
 196      836CAB76 
 196      1947BBC4 
 196      D14139EE 
 197 0378 9E7EE00C 		.ascii	"\236~\340\014\303\231j\312\361\344Q\335\257\242\025"
 197      C3996ACA 
 197      F1E451DD 
 197      AFA215
 198 0387 E357B886 		.ascii	"\343W\270\206\014\376\031Y=\224\242SF\321)QtQ\012\357"
 198      0CFE1959 
 198      3D94A253 
 198      46D12951 
 198      74510AEF 
 199 039b 136F4338 		.ascii	"\023oC8]\245\353\011I~\246\313\245\247\253TC\206\207"
 199      5DA5EB09 
 199      497EA6CB 
 199      A5A7AB54 
 199      438687
 200 03ae 6F76B9B4 		.ascii	"ov\271\264\270X(\340\037\317\355cq\2470\2606\316di\260"
 200      B85828E0 
 200      1FCFED63 
 200      71A730B0 
 200      36CE6469 
 201 03c3 5F18A417 		.ascii	"_\030\244\027\015<\307x\222\016\302\346\332\012\\z\024"
 201      0D3CC778 
 201      920EC2E6 
ARM GAS  C:\Users\Bruger\AppData\Local\Temp\cc4epsfb.s 			page 15


 201      DA0A5C7A 
 201      14
 202 03d4 B33C2626 		.ascii	"\263<&&\326\016k\321\2273\324\030\311\333\326\323\351"
 202      D60E6BD1 
 202      9733D418 
 202      C9DBD6D3 
 202      E9
 203 03e5 EE062137 		.ascii	"\356\006!7\321ri?\257!\316\276\011?L\036\265\235\347"
 203      D172693F 
 203      AF21CEBE 
 203      093F4C1E 
 203      B59DE7
 204 03f8 379A18F4 		.ascii	"7\232\030\364'\230\376\0275\235@A7\272\005\253\267\027"
 204      2798FE17 
 204      359D4041 
 204      37BA05AB 
 204      B717
 205 040a C5A07E88 		.ascii	"\305\240~\210>\024C\365S\356\334\241\246y\356\236\005"
 205      3E1443F5 
 205      53EEDCA1 
 205      A679EE9E 
 205      05
 206 041b B88B098D 		.ascii	"\270\213\011\215\000=\224\236\245\343K\326\323\011\277"
 206      003D949E 
 206      A5E34BD6 
 206      D309BF
 207 042a 2142E7B7 		.ascii	"!B\347\267\007\005\327R0\331c\276\354B\015\217\010\204"
 207      0705D752 
 207      30D963BE 
 207      EC420D8F 
 207      0884
 208 043c 917C930E 		.ascii	"\221|\223\016\022U\317\354\201\334p\024\273\234\342"
 208      1255CFEC 
 208      81DC7014 
 208      BB9CE2
 209 044b 7E8E8B40 		.ascii	"~\216\213@\267\201\350zp\037\222$\372,\324\022\032\200"
 209      B781E87A 
 209      701F9224 
 209      FA2CD412 
 209      1A80
 210 045d 4E427545 		.ascii	"NBuE\016\333\266\343Uj\234\021&\\%M\305\317U\253O\362"
 210      0EDBB6E3 
 210      556A9C11 
 210      265C254D 
 210      C5CF55AB 
 211 0473 BC7DDADB 		.ascii	"\274}\332\333o\307\373y;ln\262\272h\331;BY\231cw\204"
 211      6FC7FB79 
 211      3B6C6EB2 
 211      BA68D93B 
 211      42599963 
 212 0489 D9455EB4 		.ascii	"\331E^\264\032\262'\375eV\215.\207\234\010\260\244\265"
 212      1AB227FD 
 212      65568D2E 
 212      879C08B0 
 212      A4B5
 213 049b CD7ABA39 		.ascii	"\315z\2729\203\213\332\207t\024\015\177\001]?>=\245"
 213      838BDA87 
ARM GAS  C:\Users\Bruger\AppData\Local\Temp\cc4epsfb.s 			page 16


 213      74140D7F 
 213      015D3F3E 
 213      3DA5
 214 04ad 55A0498D 		.ascii	"U\240I\215 zPD\017R\364\354\311\301\321\245\012\264"
 214      207A5044 
 214      0F52F4EC 
 214      C9C1D1A5 
 214      0AB4
 215 04bf 4BC1ED17 		.ascii	"K\301\355\027\321~\212\356\257\361\334^\242@\267(\320"
 215      D17E8AEE 
 215      AFF1DC5E 
 215      A240B728 
 215      D0
 216 04d0 43227A88 		.ascii	"C\"z\210\242\255\371\307\352\225J\032\025\350a\021="
 216      A2ADF9C7 
 216      EA954A1A 
 216      15E86111 
 216      3D
 217 04e1 4CD0D853 		.ascii	"L\320\330S\354\351gQ4\033m\203\373vv%\032E,9\005\341"
 217      ECE96751 
 217      341B6D83 
 217      FB767625 
 217      1A452C39 
 218 04f7 A83CC063 		.ascii	"\250<\300c\233^\272=\030\372\017\006\335\005\232\021"
 218      9B5EBA3D 
 218      18FA0F06 
 218      DD059A11 
 219 0507 A02168F7 		.ascii	"\240!h\367X \360M@x\216\204S\000\371\001\011\374\321"
 219      5820F04D 
 219      40788E84 
 219      5300F901 
 219      09FCD1
 220 051a 434511F8 		.ascii	"CE\021\370\2640\013U\217s\252\227\260\331\344X}\371"
 220      B4300B55 
 220      8F73AA97 
 220      B0D9E458 
 220      7DF9
 221 052c 85046BA4 		.ascii	"\205\004k\244\273#\247G+\\a/f\334[\364\012kz\370I\006"
 221      BB23A747 
 221      2B5C612F 
 221      66DC5BF4 
 221      0A6B7AF8 
 222 0542 1CEB13B0 		.ascii	"\034\353\023\260>\307\202\313i\034\311\3560\177A\273"
 222      3EC782CB 
 222      691CC9EE 
 222      307F41BB 
 223 0552 4E61CB84 		.ascii	"Na\313\204\342\270\276/\332r\237\232x\307\346\316Q+"
 223      E2B8BE2F 
 223      DA729F9A 
 223      78C7E6CE 
 223      512B
 224 0564 D0A50A13 		.ascii	"\320\245\012\023'\221N*\002\257\314kq&c\312\356\317"
 224      27914E2A 
 224      02AFCC6B 
 224      712663CA 
 224      EECF
 225 0576 4DC94949 		.ascii	"M\311II\234)\316\230f\266\230\270\270TK\212\2313mO0"
ARM GAS  C:\Users\Bruger\AppData\Local\Temp\cc4epsfb.s 			page 17


 225      9C29CE98 
 225      66B698B8 
 225      B8544B8A 
 225      99336D4F 
 226 058b 7E05EF29 		.ascii	"~\005\357)_&'i6}\266\305\020\307\274\277\211K\341LF"
 226      5F262769 
 226      367DB6C5 
 226      10C7BCBF 
 226      894BE14C 
 227 05a0 33B7737B 		.ascii	"3\267s{B\252\305\224\310m\213OH\215{w[\010\216\370O"
 227      42AAC594 
 227      C86D8B4F 
 227      488D7B77 
 227      5B088EF8 
 228 05b5 D725326B 		.ascii	"\327%2kB\0006s{\315\251&\261\216!\224\232=\034\227\266"
 228      42003673 
 228      7BCDA926 
 228      B18E2194 
 228      9A3D1C97 
 229 05ca 2A04E00B 		.ascii	"*\004\340\013\343n\316\222\026fIN1oX\265\210\322\304"
 229      E36ECE92 
 229      1666494E 
 229      316F58B5 
 229      88D2C4
 230 05dd 7DE67D69 		.ascii	"}\346}i\334\336u\273\230u!5\031w\202 \263)u\317f.)y"
 230      DCDE75BB 
 230      98752135 
 230      19778220 
 230      B32975CF 
 231 05f5 2F7C7BE7 		.ascii	"/|{\347\177\267\01654D\313\333\357\305\276\264\024}"
 231      7FB70E35 
 231      3444CBDB 
 231      EFC5BEB4 
 231      147D
 232 0607 7F2B546F 		.ascii	"\177+To\246d3\367\202\244\327_\216\247\203\225\241L"
 232      A66433F7 
 232      82A4D75F 
 232      8EA78395 
 232      A14C
 233 0619 35A786F4 		.ascii	"5\247\206\364\364\303\024\343\216=\\\250J;\214\211\273"
 233      F4C314E3 
 233      8E3D5CA8 
 233      4A3B8C89 
 233      BB
 234 062a 2D690966 		.ascii	"-i\011f\223%\321\374\212\370Q\310J0\203]\254\370i\313"
 234      9325D1FC 
 234      8AF851C8 
 234      4A30835D 
 234      ACF869CB 
 235 063e CE1D51E2 		.ascii	"\316\035Q\342\353\013m\204*/\220\253M\\\322\206\377"
 235      EB0B6D84 
 235      2A2F90AB 
 235      4D5CD286 
 235      FF
 236 064f 004B1B06 		.ascii	"\000K\033\006$"
 236      24
 237              		.text
ARM GAS  C:\Users\Bruger\AppData\Local\Temp\cc4epsfb.s 			page 18


 238              		.section	.gnu.lto_.symtab.15095f8d,"",%progbits
 239 0000 4372616E 		.ascii	"CrankTriggerCaptureCounter_SaveConfig\000\000\000\000"
 239      6B547269 
 239      67676572 
 239      43617074 
 239      75726543 
 240 0029 00000000 		.ascii	"\000\000\000\000\000\000\000\000\254\000\000\000Cra"
 240      00000000 
 240      AC000000 
 240      437261
 241 0038 6E6B5472 		.ascii	"nkTriggerCaptureCounter_RestoreConfig\000\000\000\000"
 241      69676765 
 241      72436170 
 241      74757265 
 241      436F756E 
 242 0061 00000000 		.ascii	"\000\000\000\000\000\000\000\000\256\000\000\000Cra"
 242      00000000 
 242      AE000000 
 242      437261
 243 0070 6E6B5472 		.ascii	"nkTriggerCaptureCounter_Sleep\000\000\000\000\000\000"
 243      69676765 
 243      72436170 
 243      74757265 
 243      436F756E 
 244 0093 00000000 		.ascii	"\000\000\000\000\000\000\260\000\000\000CrankTrigge"
 244      0000B000 
 244      00004372 
 244      616E6B54 
 244      72696767 
 245 00a8 72436170 		.ascii	"rCaptureCounter_Wakeup\000\000\000\000\000\000\000\000"
 245      74757265 
 245      436F756E 
 245      7465725F 
 245      57616B65 
 246 00c6 00000000 		.ascii	"\000\000\000\000\262\000\000\000CrankTriggerCapture"
 246      B2000000 
 246      4372616E 
 246      6B547269 
 246      67676572 
 247 00e1 436F756E 		.ascii	"Counter_ReadControlRegister\000\000\002\000\000\000"
 247      7465725F 
 247      52656164 
 247      436F6E74 
 247      726F6C52 
 248 0102 00000000 		.ascii	"\000\000\000\000\000\000\272\000\000\000CrankTrigge"
 248      0000BA00 
 248      00004372 
 248      616E6B54 
 248      72696767 
 249 0117 72436170 		.ascii	"rCaptureCounter_ReadCounter\000\000\002\000\000\000"
 249      74757265 
 249      436F756E 
 249      7465725F 
 249      52656164 
 250 0138 00000000 		.ascii	"\000\000\000\000\000\000\304\000\000\000CrankTrigge"
 250      0000C400 
 250      00004372 
ARM GAS  C:\Users\Bruger\AppData\Local\Temp\cc4epsfb.s 			page 19


 250      616E6B54 
 250      72696767 
 251 014d 72436170 		.ascii	"rCaptureCounter_WriteControlRegister\000\000\002\000"
 251      74757265 
 251      436F756E 
 251      7465725F 
 251      57726974 
 252 0175 00000000 		.ascii	"\000\000\000\000\000\000\000\000\310\000\000\000Cra"
 252      00000000 
 252      C8000000 
 252      437261
 253 0184 6E6B5472 		.ascii	"nkTriggerCaptureCounter_WriteCounter\000\000\002\000"
 253      69676765 
 253      72436170 
 253      74757265 
 253      436F756E 
 254 01ac 00000000 		.ascii	"\000\000\000\000\000\000\000\000\314\000\000\000Cra"
 254      00000000 
 254      CC000000 
 254      437261
 255 01bb 6E6B5472 		.ascii	"nkTriggerCaptureCounter_Stop\000\000\002\000\000\000"
 255      69676765 
 255      72436170 
 255      74757265 
 255      436F756E 
 256 01dd 00000000 		.ascii	"\000\000\000\000\000\000\316\000\000\000CrankTrigge"
 256      0000CE00 
 256      00004372 
 256      616E6B54 
 256      72696767 
 257 01f2 72436170 		.ascii	"rCaptureCounter_Enable\000\000\002\000\000\000\000\000"
 257      74757265 
 257      436F756E 
 257      7465725F 
 257      456E6162 
 258 0210 00000000 		.ascii	"\000\000\000\000\320\000\000\000"
 258      D0000000 
 259              		.text
 260              		.section	.gnu.lto_.opts,"",%progbits
 261 0000 272D666E 		.ascii	"'-fno-trapv' '-mcpu=cortex-m3' '-mthumb' '-g' '-O3'"
 261      6F2D7472 
 261      61707627 
 261      20272D6D 
 261      6370753D 
 262 0033 20272D66 		.ascii	" '-ffunction-sections' '-finline-functions' '-flto'"
 262      66756E63 
 262      74696F6E 
 262      2D736563 
 262      74696F6E 
 263 0066 20272D66 		.ascii	" '-ffat-lto-objects'\000"
 263      6661742D 
 263      6C746F2D 
 263      6F626A65 
 263      63747327 
 264              		.text
 265              		.cfi_sections	.debug_frame
 266              		.section	.text.CrankTriggerCaptureCounter_SaveConfig,"ax",%progbits
ARM GAS  C:\Users\Bruger\AppData\Local\Temp\cc4epsfb.s 			page 20


 267              		.align	2
 268              		.global	CrankTriggerCaptureCounter_SaveConfig
 269              		.thumb
 270              		.thumb_func
 271              		.type	CrankTriggerCaptureCounter_SaveConfig, %function
 272              	CrankTriggerCaptureCounter_SaveConfig:
 273              	.LFB0:
 274              		.file 1 "Generated_Source\\PSoC5\\CrankTriggerCaptureCounter_PM.c"
   1:Generated_Source\PSoC5/CrankTriggerCaptureCounter_PM.c **** /*******************************************************************************
   2:Generated_Source\PSoC5/CrankTriggerCaptureCounter_PM.c **** * File Name: CrankTriggerCaptureCounter_PM.c  
   3:Generated_Source\PSoC5/CrankTriggerCaptureCounter_PM.c **** * Version 3.0
   4:Generated_Source\PSoC5/CrankTriggerCaptureCounter_PM.c **** *
   5:Generated_Source\PSoC5/CrankTriggerCaptureCounter_PM.c **** *  Description:
   6:Generated_Source\PSoC5/CrankTriggerCaptureCounter_PM.c **** *    This file provides the power management source code to API for the
   7:Generated_Source\PSoC5/CrankTriggerCaptureCounter_PM.c **** *    Counter.  
   8:Generated_Source\PSoC5/CrankTriggerCaptureCounter_PM.c **** *
   9:Generated_Source\PSoC5/CrankTriggerCaptureCounter_PM.c **** *   Note:
  10:Generated_Source\PSoC5/CrankTriggerCaptureCounter_PM.c **** *     None
  11:Generated_Source\PSoC5/CrankTriggerCaptureCounter_PM.c **** *
  12:Generated_Source\PSoC5/CrankTriggerCaptureCounter_PM.c **** ********************************************************************************
  13:Generated_Source\PSoC5/CrankTriggerCaptureCounter_PM.c **** * Copyright 2008-2012, Cypress Semiconductor Corporation.  All rights reserved.
  14:Generated_Source\PSoC5/CrankTriggerCaptureCounter_PM.c **** * You may use this file only in accordance with the license, terms, conditions, 
  15:Generated_Source\PSoC5/CrankTriggerCaptureCounter_PM.c **** * disclaimers, and limitations in the end user license agreement accompanying 
  16:Generated_Source\PSoC5/CrankTriggerCaptureCounter_PM.c **** * the software package with which this file was provided.
  17:Generated_Source\PSoC5/CrankTriggerCaptureCounter_PM.c **** *******************************************************************************/
  18:Generated_Source\PSoC5/CrankTriggerCaptureCounter_PM.c **** 
  19:Generated_Source\PSoC5/CrankTriggerCaptureCounter_PM.c **** #include "CrankTriggerCaptureCounter.h"
  20:Generated_Source\PSoC5/CrankTriggerCaptureCounter_PM.c **** 
  21:Generated_Source\PSoC5/CrankTriggerCaptureCounter_PM.c **** static CrankTriggerCaptureCounter_backupStruct CrankTriggerCaptureCounter_backup;
  22:Generated_Source\PSoC5/CrankTriggerCaptureCounter_PM.c **** 
  23:Generated_Source\PSoC5/CrankTriggerCaptureCounter_PM.c **** 
  24:Generated_Source\PSoC5/CrankTriggerCaptureCounter_PM.c **** /*******************************************************************************
  25:Generated_Source\PSoC5/CrankTriggerCaptureCounter_PM.c **** * Function Name: CrankTriggerCaptureCounter_SaveConfig
  26:Generated_Source\PSoC5/CrankTriggerCaptureCounter_PM.c **** ********************************************************************************
  27:Generated_Source\PSoC5/CrankTriggerCaptureCounter_PM.c **** * Summary:
  28:Generated_Source\PSoC5/CrankTriggerCaptureCounter_PM.c **** *     Save the current user configuration
  29:Generated_Source\PSoC5/CrankTriggerCaptureCounter_PM.c **** *
  30:Generated_Source\PSoC5/CrankTriggerCaptureCounter_PM.c **** * Parameters:  
  31:Generated_Source\PSoC5/CrankTriggerCaptureCounter_PM.c **** *  void
  32:Generated_Source\PSoC5/CrankTriggerCaptureCounter_PM.c **** *
  33:Generated_Source\PSoC5/CrankTriggerCaptureCounter_PM.c **** * Return: 
  34:Generated_Source\PSoC5/CrankTriggerCaptureCounter_PM.c **** *  void
  35:Generated_Source\PSoC5/CrankTriggerCaptureCounter_PM.c **** *
  36:Generated_Source\PSoC5/CrankTriggerCaptureCounter_PM.c **** * Global variables:
  37:Generated_Source\PSoC5/CrankTriggerCaptureCounter_PM.c **** *  CrankTriggerCaptureCounter_backup:  Variables of this global structure are modified to 
  38:Generated_Source\PSoC5/CrankTriggerCaptureCounter_PM.c **** *  store the values of non retention configuration registers when Sleep() API is 
  39:Generated_Source\PSoC5/CrankTriggerCaptureCounter_PM.c **** *  called.
  40:Generated_Source\PSoC5/CrankTriggerCaptureCounter_PM.c **** *
  41:Generated_Source\PSoC5/CrankTriggerCaptureCounter_PM.c **** *******************************************************************************/
  42:Generated_Source\PSoC5/CrankTriggerCaptureCounter_PM.c **** void CrankTriggerCaptureCounter_SaveConfig(void) 
  43:Generated_Source\PSoC5/CrankTriggerCaptureCounter_PM.c **** {
 275              		.loc 1 43 0
 276              		.cfi_startproc
 277              		@ args = 0, pretend = 0, frame = 0
 278              		@ frame_needed = 0, uses_anonymous_args = 0
 279 0000 10B5     		push	{r4, lr}
 280              		.cfi_def_cfa_offset 8
ARM GAS  C:\Users\Bruger\AppData\Local\Temp\cc4epsfb.s 			page 21


 281              		.cfi_offset 4, -8
 282              		.cfi_offset 14, -4
  44:Generated_Source\PSoC5/CrankTriggerCaptureCounter_PM.c ****     #if (!CrankTriggerCaptureCounter_UsingFixedFunction)
  45:Generated_Source\PSoC5/CrankTriggerCaptureCounter_PM.c **** 
  46:Generated_Source\PSoC5/CrankTriggerCaptureCounter_PM.c ****         CrankTriggerCaptureCounter_backup.CounterUdb = CrankTriggerCaptureCounter_ReadCounter();
 283              		.loc 1 46 0
 284 0002 FFF7FEFF 		bl	CrankTriggerCaptureCounter_ReadCounter
 285              	.LVL0:
 286 0006 034C     		ldr	r4, .L3
 287 0008 6080     		strh	r0, [r4, #2]	@ movhi
  47:Generated_Source\PSoC5/CrankTriggerCaptureCounter_PM.c **** 
  48:Generated_Source\PSoC5/CrankTriggerCaptureCounter_PM.c ****         #if(!CrankTriggerCaptureCounter_ControlRegRemoved)
  49:Generated_Source\PSoC5/CrankTriggerCaptureCounter_PM.c ****             CrankTriggerCaptureCounter_backup.CounterControlRegister = CrankTriggerCaptureCounter_R
 288              		.loc 1 49 0
 289 000a FFF7FEFF 		bl	CrankTriggerCaptureCounter_ReadControlRegister
 290              	.LVL1:
 291 000e 2071     		strb	r0, [r4, #4]
 292 0010 10BD     		pop	{r4, pc}
 293              	.L4:
 294 0012 00BF     		.align	2
 295              	.L3:
 296 0014 00000000 		.word	.LANCHOR0
 297              		.cfi_endproc
 298              	.LFE0:
 299              		.size	CrankTriggerCaptureCounter_SaveConfig, .-CrankTriggerCaptureCounter_SaveConfig
 300              		.section	.text.CrankTriggerCaptureCounter_RestoreConfig,"ax",%progbits
 301              		.align	2
 302              		.global	CrankTriggerCaptureCounter_RestoreConfig
 303              		.thumb
 304              		.thumb_func
 305              		.type	CrankTriggerCaptureCounter_RestoreConfig, %function
 306              	CrankTriggerCaptureCounter_RestoreConfig:
 307              	.LFB1:
  50:Generated_Source\PSoC5/CrankTriggerCaptureCounter_PM.c ****         #endif /* (!CrankTriggerCaptureCounter_ControlRegRemoved) */
  51:Generated_Source\PSoC5/CrankTriggerCaptureCounter_PM.c **** 
  52:Generated_Source\PSoC5/CrankTriggerCaptureCounter_PM.c ****     #endif /* (!CrankTriggerCaptureCounter_UsingFixedFunction) */
  53:Generated_Source\PSoC5/CrankTriggerCaptureCounter_PM.c **** }
  54:Generated_Source\PSoC5/CrankTriggerCaptureCounter_PM.c **** 
  55:Generated_Source\PSoC5/CrankTriggerCaptureCounter_PM.c **** 
  56:Generated_Source\PSoC5/CrankTriggerCaptureCounter_PM.c **** /*******************************************************************************
  57:Generated_Source\PSoC5/CrankTriggerCaptureCounter_PM.c **** * Function Name: CrankTriggerCaptureCounter_RestoreConfig
  58:Generated_Source\PSoC5/CrankTriggerCaptureCounter_PM.c **** ********************************************************************************
  59:Generated_Source\PSoC5/CrankTriggerCaptureCounter_PM.c **** *
  60:Generated_Source\PSoC5/CrankTriggerCaptureCounter_PM.c **** * Summary:
  61:Generated_Source\PSoC5/CrankTriggerCaptureCounter_PM.c **** *  Restores the current user configuration.
  62:Generated_Source\PSoC5/CrankTriggerCaptureCounter_PM.c **** *
  63:Generated_Source\PSoC5/CrankTriggerCaptureCounter_PM.c **** * Parameters:  
  64:Generated_Source\PSoC5/CrankTriggerCaptureCounter_PM.c **** *  void
  65:Generated_Source\PSoC5/CrankTriggerCaptureCounter_PM.c **** *
  66:Generated_Source\PSoC5/CrankTriggerCaptureCounter_PM.c **** * Return: 
  67:Generated_Source\PSoC5/CrankTriggerCaptureCounter_PM.c **** *  void
  68:Generated_Source\PSoC5/CrankTriggerCaptureCounter_PM.c **** *
  69:Generated_Source\PSoC5/CrankTriggerCaptureCounter_PM.c **** * Global variables:
  70:Generated_Source\PSoC5/CrankTriggerCaptureCounter_PM.c **** *  CrankTriggerCaptureCounter_backup:  Variables of this global structure are used to 
  71:Generated_Source\PSoC5/CrankTriggerCaptureCounter_PM.c **** *  restore the values of non retention registers on wakeup from sleep mode.
  72:Generated_Source\PSoC5/CrankTriggerCaptureCounter_PM.c **** *
  73:Generated_Source\PSoC5/CrankTriggerCaptureCounter_PM.c **** *******************************************************************************/
ARM GAS  C:\Users\Bruger\AppData\Local\Temp\cc4epsfb.s 			page 22


  74:Generated_Source\PSoC5/CrankTriggerCaptureCounter_PM.c **** void CrankTriggerCaptureCounter_RestoreConfig(void) 
  75:Generated_Source\PSoC5/CrankTriggerCaptureCounter_PM.c **** {      
 308              		.loc 1 75 0
 309              		.cfi_startproc
 310              		@ args = 0, pretend = 0, frame = 0
 311              		@ frame_needed = 0, uses_anonymous_args = 0
 312 0000 10B5     		push	{r4, lr}
 313              		.cfi_def_cfa_offset 8
 314              		.cfi_offset 4, -8
 315              		.cfi_offset 14, -4
  76:Generated_Source\PSoC5/CrankTriggerCaptureCounter_PM.c ****     #if (!CrankTriggerCaptureCounter_UsingFixedFunction)
  77:Generated_Source\PSoC5/CrankTriggerCaptureCounter_PM.c **** 
  78:Generated_Source\PSoC5/CrankTriggerCaptureCounter_PM.c ****        CrankTriggerCaptureCounter_WriteCounter(CrankTriggerCaptureCounter_backup.CounterUdb);
 316              		.loc 1 78 0
 317 0002 044C     		ldr	r4, .L7
 318 0004 6088     		ldrh	r0, [r4, #2]
 319 0006 FFF7FEFF 		bl	CrankTriggerCaptureCounter_WriteCounter
 320              	.LVL2:
  79:Generated_Source\PSoC5/CrankTriggerCaptureCounter_PM.c **** 
  80:Generated_Source\PSoC5/CrankTriggerCaptureCounter_PM.c ****         #if(!CrankTriggerCaptureCounter_ControlRegRemoved)
  81:Generated_Source\PSoC5/CrankTriggerCaptureCounter_PM.c ****             CrankTriggerCaptureCounter_WriteControlRegister(CrankTriggerCaptureCounter_backup.Count
 321              		.loc 1 81 0
 322 000a 2079     		ldrb	r0, [r4, #4]	@ zero_extendqisi2
  82:Generated_Source\PSoC5/CrankTriggerCaptureCounter_PM.c ****         #endif /* (!CrankTriggerCaptureCounter_ControlRegRemoved) */
  83:Generated_Source\PSoC5/CrankTriggerCaptureCounter_PM.c **** 
  84:Generated_Source\PSoC5/CrankTriggerCaptureCounter_PM.c ****     #endif /* (!CrankTriggerCaptureCounter_UsingFixedFunction) */
  85:Generated_Source\PSoC5/CrankTriggerCaptureCounter_PM.c **** }
 323              		.loc 1 85 0
 324 000c BDE81040 		pop	{r4, lr}
 325              		.cfi_restore 14
 326              		.cfi_restore 4
 327              		.cfi_def_cfa_offset 0
  81:Generated_Source\PSoC5/CrankTriggerCaptureCounter_PM.c ****         #endif /* (!CrankTriggerCaptureCounter_ControlRegRemoved) */
 328              		.loc 1 81 0
 329 0010 FFF7FEBF 		b	CrankTriggerCaptureCounter_WriteControlRegister
 330              	.LVL3:
 331              	.L8:
 332              		.align	2
 333              	.L7:
 334 0014 00000000 		.word	.LANCHOR0
 335              		.cfi_endproc
 336              	.LFE1:
 337              		.size	CrankTriggerCaptureCounter_RestoreConfig, .-CrankTriggerCaptureCounter_RestoreConfig
 338              		.section	.text.CrankTriggerCaptureCounter_Sleep,"ax",%progbits
 339              		.align	2
 340              		.global	CrankTriggerCaptureCounter_Sleep
 341              		.thumb
 342              		.thumb_func
 343              		.type	CrankTriggerCaptureCounter_Sleep, %function
 344              	CrankTriggerCaptureCounter_Sleep:
 345              	.LFB2:
  86:Generated_Source\PSoC5/CrankTriggerCaptureCounter_PM.c **** 
  87:Generated_Source\PSoC5/CrankTriggerCaptureCounter_PM.c **** 
  88:Generated_Source\PSoC5/CrankTriggerCaptureCounter_PM.c **** /*******************************************************************************
  89:Generated_Source\PSoC5/CrankTriggerCaptureCounter_PM.c **** * Function Name: CrankTriggerCaptureCounter_Sleep
  90:Generated_Source\PSoC5/CrankTriggerCaptureCounter_PM.c **** ********************************************************************************
  91:Generated_Source\PSoC5/CrankTriggerCaptureCounter_PM.c **** * Summary:
ARM GAS  C:\Users\Bruger\AppData\Local\Temp\cc4epsfb.s 			page 23


  92:Generated_Source\PSoC5/CrankTriggerCaptureCounter_PM.c **** *     Stop and Save the user configuration
  93:Generated_Source\PSoC5/CrankTriggerCaptureCounter_PM.c **** *
  94:Generated_Source\PSoC5/CrankTriggerCaptureCounter_PM.c **** * Parameters:  
  95:Generated_Source\PSoC5/CrankTriggerCaptureCounter_PM.c **** *  void
  96:Generated_Source\PSoC5/CrankTriggerCaptureCounter_PM.c **** *
  97:Generated_Source\PSoC5/CrankTriggerCaptureCounter_PM.c **** * Return: 
  98:Generated_Source\PSoC5/CrankTriggerCaptureCounter_PM.c **** *  void
  99:Generated_Source\PSoC5/CrankTriggerCaptureCounter_PM.c **** *
 100:Generated_Source\PSoC5/CrankTriggerCaptureCounter_PM.c **** * Global variables:
 101:Generated_Source\PSoC5/CrankTriggerCaptureCounter_PM.c **** *  CrankTriggerCaptureCounter_backup.enableState:  Is modified depending on the enable 
 102:Generated_Source\PSoC5/CrankTriggerCaptureCounter_PM.c **** *  state of the block before entering sleep mode.
 103:Generated_Source\PSoC5/CrankTriggerCaptureCounter_PM.c **** *
 104:Generated_Source\PSoC5/CrankTriggerCaptureCounter_PM.c **** *******************************************************************************/
 105:Generated_Source\PSoC5/CrankTriggerCaptureCounter_PM.c **** void CrankTriggerCaptureCounter_Sleep(void) 
 106:Generated_Source\PSoC5/CrankTriggerCaptureCounter_PM.c **** {
 346              		.loc 1 106 0
 347              		.cfi_startproc
 348              		@ args = 0, pretend = 0, frame = 0
 349              		@ frame_needed = 0, uses_anonymous_args = 0
 350 0000 10B5     		push	{r4, lr}
 351              		.cfi_def_cfa_offset 8
 352              		.cfi_offset 4, -8
 353              		.cfi_offset 14, -4
 107:Generated_Source\PSoC5/CrankTriggerCaptureCounter_PM.c ****     #if(!CrankTriggerCaptureCounter_ControlRegRemoved)
 108:Generated_Source\PSoC5/CrankTriggerCaptureCounter_PM.c ****         /* Save Counter's enable state */
 109:Generated_Source\PSoC5/CrankTriggerCaptureCounter_PM.c ****         if(CrankTriggerCaptureCounter_CTRL_ENABLE == (CrankTriggerCaptureCounter_CONTROL & CrankTri
 354              		.loc 1 109 0
 355 0002 074B     		ldr	r3, .L11
 356 0004 074C     		ldr	r4, .L11+4
 357 0006 1B78     		ldrb	r3, [r3]	@ zero_extendqisi2
 358 0008 DB09     		lsrs	r3, r3, #7
 359 000a 2370     		strb	r3, [r4]
 110:Generated_Source\PSoC5/CrankTriggerCaptureCounter_PM.c ****         {
 111:Generated_Source\PSoC5/CrankTriggerCaptureCounter_PM.c ****             /* Counter is enabled */
 112:Generated_Source\PSoC5/CrankTriggerCaptureCounter_PM.c ****             CrankTriggerCaptureCounter_backup.CounterEnableState = 1u;
 113:Generated_Source\PSoC5/CrankTriggerCaptureCounter_PM.c ****         }
 114:Generated_Source\PSoC5/CrankTriggerCaptureCounter_PM.c ****         else
 115:Generated_Source\PSoC5/CrankTriggerCaptureCounter_PM.c ****         {
 116:Generated_Source\PSoC5/CrankTriggerCaptureCounter_PM.c ****             /* Counter is disabled */
 117:Generated_Source\PSoC5/CrankTriggerCaptureCounter_PM.c ****             CrankTriggerCaptureCounter_backup.CounterEnableState = 0u;
 118:Generated_Source\PSoC5/CrankTriggerCaptureCounter_PM.c ****         }
 119:Generated_Source\PSoC5/CrankTriggerCaptureCounter_PM.c ****     #else
 120:Generated_Source\PSoC5/CrankTriggerCaptureCounter_PM.c ****         CrankTriggerCaptureCounter_backup.CounterEnableState = 1u;
 121:Generated_Source\PSoC5/CrankTriggerCaptureCounter_PM.c ****         if(CrankTriggerCaptureCounter_backup.CounterEnableState != 0u)
 122:Generated_Source\PSoC5/CrankTriggerCaptureCounter_PM.c ****         {
 123:Generated_Source\PSoC5/CrankTriggerCaptureCounter_PM.c ****             CrankTriggerCaptureCounter_backup.CounterEnableState = 0u;
 124:Generated_Source\PSoC5/CrankTriggerCaptureCounter_PM.c ****         }
 125:Generated_Source\PSoC5/CrankTriggerCaptureCounter_PM.c ****     #endif /* (!CrankTriggerCaptureCounter_ControlRegRemoved) */
 126:Generated_Source\PSoC5/CrankTriggerCaptureCounter_PM.c ****     
 127:Generated_Source\PSoC5/CrankTriggerCaptureCounter_PM.c ****     CrankTriggerCaptureCounter_Stop();
 360              		.loc 1 127 0
 361 000c FFF7FEFF 		bl	CrankTriggerCaptureCounter_Stop
 362              	.LVL4:
 363              	.LBB4:
 364              	.LBB5:
  46:Generated_Source\PSoC5/CrankTriggerCaptureCounter_PM.c **** 
 365              		.loc 1 46 0
ARM GAS  C:\Users\Bruger\AppData\Local\Temp\cc4epsfb.s 			page 24


 366 0010 FFF7FEFF 		bl	CrankTriggerCaptureCounter_ReadCounter
 367              	.LVL5:
 368 0014 6080     		strh	r0, [r4, #2]	@ movhi
  49:Generated_Source\PSoC5/CrankTriggerCaptureCounter_PM.c ****         #endif /* (!CrankTriggerCaptureCounter_ControlRegRemoved) */
 369              		.loc 1 49 0
 370 0016 FFF7FEFF 		bl	CrankTriggerCaptureCounter_ReadControlRegister
 371              	.LVL6:
 372 001a 2071     		strb	r0, [r4, #4]
 373 001c 10BD     		pop	{r4, pc}
 374              	.L12:
 375 001e 00BF     		.align	2
 376              	.L11:
 377 0020 7E640040 		.word	1073767550
 378 0024 00000000 		.word	.LANCHOR0
 379              	.LBE5:
 380              	.LBE4:
 381              		.cfi_endproc
 382              	.LFE2:
 383              		.size	CrankTriggerCaptureCounter_Sleep, .-CrankTriggerCaptureCounter_Sleep
 384              		.section	.text.CrankTriggerCaptureCounter_Wakeup,"ax",%progbits
 385              		.align	2
 386              		.global	CrankTriggerCaptureCounter_Wakeup
 387              		.thumb
 388              		.thumb_func
 389              		.type	CrankTriggerCaptureCounter_Wakeup, %function
 390              	CrankTriggerCaptureCounter_Wakeup:
 391              	.LFB3:
 128:Generated_Source\PSoC5/CrankTriggerCaptureCounter_PM.c ****     CrankTriggerCaptureCounter_SaveConfig();
 129:Generated_Source\PSoC5/CrankTriggerCaptureCounter_PM.c **** }
 130:Generated_Source\PSoC5/CrankTriggerCaptureCounter_PM.c **** 
 131:Generated_Source\PSoC5/CrankTriggerCaptureCounter_PM.c **** 
 132:Generated_Source\PSoC5/CrankTriggerCaptureCounter_PM.c **** /*******************************************************************************
 133:Generated_Source\PSoC5/CrankTriggerCaptureCounter_PM.c **** * Function Name: CrankTriggerCaptureCounter_Wakeup
 134:Generated_Source\PSoC5/CrankTriggerCaptureCounter_PM.c **** ********************************************************************************
 135:Generated_Source\PSoC5/CrankTriggerCaptureCounter_PM.c **** *
 136:Generated_Source\PSoC5/CrankTriggerCaptureCounter_PM.c **** * Summary:
 137:Generated_Source\PSoC5/CrankTriggerCaptureCounter_PM.c **** *  Restores and enables the user configuration
 138:Generated_Source\PSoC5/CrankTriggerCaptureCounter_PM.c **** *  
 139:Generated_Source\PSoC5/CrankTriggerCaptureCounter_PM.c **** * Parameters:  
 140:Generated_Source\PSoC5/CrankTriggerCaptureCounter_PM.c **** *  void
 141:Generated_Source\PSoC5/CrankTriggerCaptureCounter_PM.c **** *
 142:Generated_Source\PSoC5/CrankTriggerCaptureCounter_PM.c **** * Return: 
 143:Generated_Source\PSoC5/CrankTriggerCaptureCounter_PM.c **** *  void
 144:Generated_Source\PSoC5/CrankTriggerCaptureCounter_PM.c **** *
 145:Generated_Source\PSoC5/CrankTriggerCaptureCounter_PM.c **** * Global variables:
 146:Generated_Source\PSoC5/CrankTriggerCaptureCounter_PM.c **** *  CrankTriggerCaptureCounter_backup.enableState:  Is used to restore the enable state of 
 147:Generated_Source\PSoC5/CrankTriggerCaptureCounter_PM.c **** *  block on wakeup from sleep mode.
 148:Generated_Source\PSoC5/CrankTriggerCaptureCounter_PM.c **** *
 149:Generated_Source\PSoC5/CrankTriggerCaptureCounter_PM.c **** *******************************************************************************/
 150:Generated_Source\PSoC5/CrankTriggerCaptureCounter_PM.c **** void CrankTriggerCaptureCounter_Wakeup(void) 
 151:Generated_Source\PSoC5/CrankTriggerCaptureCounter_PM.c **** {
 392              		.loc 1 151 0
 393              		.cfi_startproc
 394              		@ args = 0, pretend = 0, frame = 0
 395              		@ frame_needed = 0, uses_anonymous_args = 0
 396 0000 10B5     		push	{r4, lr}
 397              		.cfi_def_cfa_offset 8
ARM GAS  C:\Users\Bruger\AppData\Local\Temp\cc4epsfb.s 			page 25


 398              		.cfi_offset 4, -8
 399              		.cfi_offset 14, -4
 400              	.LBB8:
 401              	.LBB9:
  78:Generated_Source\PSoC5/CrankTriggerCaptureCounter_PM.c **** 
 402              		.loc 1 78 0
 403 0002 074C     		ldr	r4, .L18
 404 0004 6088     		ldrh	r0, [r4, #2]
 405 0006 FFF7FEFF 		bl	CrankTriggerCaptureCounter_WriteCounter
 406              	.LVL7:
  81:Generated_Source\PSoC5/CrankTriggerCaptureCounter_PM.c ****         #endif /* (!CrankTriggerCaptureCounter_ControlRegRemoved) */
 407              		.loc 1 81 0
 408 000a 2079     		ldrb	r0, [r4, #4]	@ zero_extendqisi2
 409 000c FFF7FEFF 		bl	CrankTriggerCaptureCounter_WriteControlRegister
 410              	.LVL8:
 411              	.LBE9:
 412              	.LBE8:
 152:Generated_Source\PSoC5/CrankTriggerCaptureCounter_PM.c ****     CrankTriggerCaptureCounter_RestoreConfig();
 153:Generated_Source\PSoC5/CrankTriggerCaptureCounter_PM.c ****     #if(!CrankTriggerCaptureCounter_ControlRegRemoved)
 154:Generated_Source\PSoC5/CrankTriggerCaptureCounter_PM.c ****         if(CrankTriggerCaptureCounter_backup.CounterEnableState == 1u)
 413              		.loc 1 154 0
 414 0010 2378     		ldrb	r3, [r4]	@ zero_extendqisi2
 415 0012 012B     		cmp	r3, #1
 416 0014 00D0     		beq	.L17
 417 0016 10BD     		pop	{r4, pc}
 418              	.L17:
 155:Generated_Source\PSoC5/CrankTriggerCaptureCounter_PM.c ****         {
 156:Generated_Source\PSoC5/CrankTriggerCaptureCounter_PM.c ****             /* Enable Counter's operation */
 157:Generated_Source\PSoC5/CrankTriggerCaptureCounter_PM.c ****             CrankTriggerCaptureCounter_Enable();
 158:Generated_Source\PSoC5/CrankTriggerCaptureCounter_PM.c ****         } /* Do nothing if Counter was disabled before */    
 159:Generated_Source\PSoC5/CrankTriggerCaptureCounter_PM.c ****     #endif /* (!CrankTriggerCaptureCounter_ControlRegRemoved) */
 160:Generated_Source\PSoC5/CrankTriggerCaptureCounter_PM.c ****     
 161:Generated_Source\PSoC5/CrankTriggerCaptureCounter_PM.c **** }
 419              		.loc 1 161 0
 420 0018 BDE81040 		pop	{r4, lr}
 421              		.cfi_restore 14
 422              		.cfi_restore 4
 423              		.cfi_def_cfa_offset 0
 157:Generated_Source\PSoC5/CrankTriggerCaptureCounter_PM.c ****         } /* Do nothing if Counter was disabled before */    
 424              		.loc 1 157 0
 425 001c FFF7FEBF 		b	CrankTriggerCaptureCounter_Enable
 426              	.LVL9:
 427              	.L19:
 428              		.align	2
 429              	.L18:
 430 0020 00000000 		.word	.LANCHOR0
 431              		.cfi_endproc
 432              	.LFE3:
 433              		.size	CrankTriggerCaptureCounter_Wakeup, .-CrankTriggerCaptureCounter_Wakeup
 434              		.bss
 435              		.align	2
 436              		.set	.LANCHOR0,. + 0
 437              		.type	CrankTriggerCaptureCounter_backup, %object
 438              		.size	CrankTriggerCaptureCounter_backup, 6
 439              	CrankTriggerCaptureCounter_backup:
 440 0000 00000000 		.space	6
 440      0000
ARM GAS  C:\Users\Bruger\AppData\Local\Temp\cc4epsfb.s 			page 26


 441 0006 0000     		.text
 442              	.Letext0:
 443              		.file 2 "Generated_Source\\PSoC5\\cytypes.h"
 444              		.file 3 "Generated_Source\\PSoC5\\CrankTriggerCaptureCounter.h"
 445              		.section	.debug_info,"",%progbits
 446              	.Ldebug_info0:
 447 0000 22020000 		.4byte	0x222
 448 0004 0400     		.2byte	0x4
 449 0006 00000000 		.4byte	.Ldebug_abbrev0
 450 000a 04       		.byte	0x4
 451 000b 01       		.uleb128 0x1
 452 000c 67020000 		.4byte	.LASF30
 453 0010 01       		.byte	0x1
 454 0011 78010000 		.4byte	.LASF31
 455 0015 84030000 		.4byte	.LASF32
 456 0019 00000000 		.4byte	.Ldebug_ranges0+0
 457 001d 00000000 		.4byte	0
 458 0021 00000000 		.4byte	.Ldebug_line0
 459 0025 02       		.uleb128 0x2
 460 0026 01       		.byte	0x1
 461 0027 06       		.byte	0x6
 462 0028 E9030000 		.4byte	.LASF0
 463 002c 02       		.uleb128 0x2
 464 002d 01       		.byte	0x1
 465 002e 08       		.byte	0x8
 466 002f 2B010000 		.4byte	.LASF1
 467 0033 02       		.uleb128 0x2
 468 0034 02       		.byte	0x2
 469 0035 05       		.byte	0x5
 470 0036 DF010000 		.4byte	.LASF2
 471 003a 02       		.uleb128 0x2
 472 003b 02       		.byte	0x2
 473 003c 07       		.byte	0x7
 474 003d 70000000 		.4byte	.LASF3
 475 0041 02       		.uleb128 0x2
 476 0042 04       		.byte	0x4
 477 0043 05       		.byte	0x5
 478 0044 7B030000 		.4byte	.LASF4
 479 0048 02       		.uleb128 0x2
 480 0049 04       		.byte	0x4
 481 004a 07       		.byte	0x7
 482 004b 3E010000 		.4byte	.LASF5
 483 004f 02       		.uleb128 0x2
 484 0050 08       		.byte	0x8
 485 0051 05       		.byte	0x5
 486 0052 59020000 		.4byte	.LASF6
 487 0056 02       		.uleb128 0x2
 488 0057 08       		.byte	0x8
 489 0058 07       		.byte	0x7
 490 0059 F6010000 		.4byte	.LASF7
 491 005d 03       		.uleb128 0x3
 492 005e 04       		.byte	0x4
 493 005f 05       		.byte	0x5
 494 0060 696E7400 		.ascii	"int\000"
 495 0064 02       		.uleb128 0x2
 496 0065 04       		.byte	0x4
 497 0066 07       		.byte	0x7
ARM GAS  C:\Users\Bruger\AppData\Local\Temp\cc4epsfb.s 			page 27


 498 0067 E9010000 		.4byte	.LASF8
 499 006b 04       		.uleb128 0x4
 500 006c 50010000 		.4byte	.LASF9
 501 0070 02       		.byte	0x2
 502 0071 3801     		.2byte	0x138
 503 0073 2C000000 		.4byte	0x2c
 504 0077 04       		.uleb128 0x4
 505 0078 D8010000 		.4byte	.LASF10
 506 007c 02       		.byte	0x2
 507 007d 3901     		.2byte	0x139
 508 007f 3A000000 		.4byte	0x3a
 509 0083 02       		.uleb128 0x2
 510 0084 04       		.byte	0x4
 511 0085 04       		.byte	0x4
 512 0086 25010000 		.4byte	.LASF11
 513 008a 02       		.uleb128 0x2
 514 008b 08       		.byte	0x8
 515 008c 04       		.byte	0x4
 516 008d AF010000 		.4byte	.LASF12
 517 0091 02       		.uleb128 0x2
 518 0092 01       		.byte	0x1
 519 0093 08       		.byte	0x8
 520 0094 0E030000 		.4byte	.LASF13
 521 0098 04       		.uleb128 0x4
 522 0099 39010000 		.4byte	.LASF14
 523 009d 02       		.byte	0x2
 524 009e E201     		.2byte	0x1e2
 525 00a0 A4000000 		.4byte	0xa4
 526 00a4 05       		.uleb128 0x5
 527 00a5 6B000000 		.4byte	0x6b
 528 00a9 02       		.uleb128 0x2
 529 00aa 04       		.byte	0x4
 530 00ab 07       		.byte	0x7
 531 00ac 3D020000 		.4byte	.LASF15
 532 00b0 06       		.uleb128 0x6
 533 00b1 06       		.byte	0x6
 534 00b2 03       		.byte	0x3
 535 00b3 40       		.byte	0x40
 536 00b4 DD000000 		.4byte	0xdd
 537 00b8 07       		.uleb128 0x7
 538 00b9 46020000 		.4byte	.LASF16
 539 00bd 03       		.byte	0x3
 540 00be 42       		.byte	0x42
 541 00bf 6B000000 		.4byte	0x6b
 542 00c3 00       		.byte	0
 543 00c4 07       		.uleb128 0x7
 544 00c5 AC000000 		.4byte	.LASF17
 545 00c9 03       		.byte	0x3
 546 00ca 43       		.byte	0x43
 547 00cb 77000000 		.4byte	0x77
 548 00cf 02       		.byte	0x2
 549 00d0 07       		.uleb128 0x7
 550 00d1 E6000000 		.4byte	.LASF18
 551 00d5 03       		.byte	0x3
 552 00d6 46       		.byte	0x46
 553 00d7 6B000000 		.4byte	0x6b
 554 00db 04       		.byte	0x4
ARM GAS  C:\Users\Bruger\AppData\Local\Temp\cc4epsfb.s 			page 28


 555 00dc 00       		.byte	0
 556 00dd 08       		.uleb128 0x8
 557 00de FD000000 		.4byte	.LASF19
 558 00e2 03       		.byte	0x3
 559 00e3 49       		.byte	0x49
 560 00e4 B0000000 		.4byte	0xb0
 561 00e8 09       		.uleb128 0x9
 562 00e9 00000000 		.4byte	.LASF20
 563 00ed 01       		.byte	0x1
 564 00ee 2A       		.byte	0x2a
 565 00ef 01       		.byte	0x1
 566 00f0 0A       		.uleb128 0xa
 567 00f1 E8000000 		.4byte	0xe8
 568 00f5 00000000 		.4byte	.LFB0
 569 00f9 18000000 		.4byte	.LFE0-.LFB0
 570 00fd 01       		.uleb128 0x1
 571 00fe 9C       		.byte	0x9c
 572 00ff 16010000 		.4byte	0x116
 573 0103 0B       		.uleb128 0xb
 574 0104 06000000 		.4byte	.LVL0
 575 0108 DF010000 		.4byte	0x1df
 576 010c 0B       		.uleb128 0xb
 577 010d 0E000000 		.4byte	.LVL1
 578 0111 EA010000 		.4byte	0x1ea
 579 0115 00       		.byte	0
 580 0116 09       		.uleb128 0x9
 581 0117 83000000 		.4byte	.LASF21
 582 011b 01       		.byte	0x1
 583 011c 4A       		.byte	0x4a
 584 011d 01       		.byte	0x1
 585 011e 0A       		.uleb128 0xa
 586 011f 16010000 		.4byte	0x116
 587 0123 00000000 		.4byte	.LFB1
 588 0127 18000000 		.4byte	.LFE1-.LFB1
 589 012b 01       		.uleb128 0x1
 590 012c 9C       		.byte	0x9c
 591 012d 44010000 		.4byte	0x144
 592 0131 0B       		.uleb128 0xb
 593 0132 0A000000 		.4byte	.LVL2
 594 0136 F5010000 		.4byte	0x1f5
 595 013a 0C       		.uleb128 0xc
 596 013b 14000000 		.4byte	.LVL3
 597 013f 06020000 		.4byte	0x206
 598 0143 00       		.byte	0
 599 0144 0D       		.uleb128 0xd
 600 0145 13030000 		.4byte	.LASF22
 601 0149 01       		.byte	0x1
 602 014a 69       		.byte	0x69
 603 014b 00000000 		.4byte	.LFB2
 604 014f 28000000 		.4byte	.LFE2-.LFB2
 605 0153 01       		.uleb128 0x1
 606 0154 9C       		.byte	0x9c
 607 0155 89010000 		.4byte	0x189
 608 0159 0E       		.uleb128 0xe
 609 015a E8000000 		.4byte	0xe8
 610 015e 10000000 		.4byte	.LBB4
 611 0162 18000000 		.4byte	.LBE4-.LBB4
ARM GAS  C:\Users\Bruger\AppData\Local\Temp\cc4epsfb.s 			page 29


 612 0166 01       		.byte	0x1
 613 0167 80       		.byte	0x80
 614 0168 7F010000 		.4byte	0x17f
 615 016c 0B       		.uleb128 0xb
 616 016d 14000000 		.4byte	.LVL5
 617 0171 DF010000 		.4byte	0x1df
 618 0175 0B       		.uleb128 0xb
 619 0176 1A000000 		.4byte	.LVL6
 620 017a EA010000 		.4byte	0x1ea
 621 017e 00       		.byte	0
 622 017f 0B       		.uleb128 0xb
 623 0180 10000000 		.4byte	.LVL4
 624 0184 17020000 		.4byte	0x217
 625 0188 00       		.byte	0
 626 0189 0D       		.uleb128 0xd
 627 018a B6010000 		.4byte	.LASF23
 628 018e 01       		.byte	0x1
 629 018f 96       		.byte	0x96
 630 0190 00000000 		.4byte	.LFB3
 631 0194 24000000 		.4byte	.LFE3-.LFB3
 632 0198 01       		.uleb128 0x1
 633 0199 9C       		.byte	0x9c
 634 019a CE010000 		.4byte	0x1ce
 635 019e 0E       		.uleb128 0xe
 636 019f 16010000 		.4byte	0x116
 637 01a3 02000000 		.4byte	.LBB8
 638 01a7 0E000000 		.4byte	.LBE8-.LBB8
 639 01ab 01       		.byte	0x1
 640 01ac 98       		.byte	0x98
 641 01ad C4010000 		.4byte	0x1c4
 642 01b1 0B       		.uleb128 0xb
 643 01b2 0A000000 		.4byte	.LVL7
 644 01b6 F5010000 		.4byte	0x1f5
 645 01ba 0B       		.uleb128 0xb
 646 01bb 10000000 		.4byte	.LVL8
 647 01bf 06020000 		.4byte	0x206
 648 01c3 00       		.byte	0
 649 01c4 0C       		.uleb128 0xc
 650 01c5 20000000 		.4byte	.LVL9
 651 01c9 1E020000 		.4byte	0x21e
 652 01cd 00       		.byte	0
 653 01ce 0F       		.uleb128 0xf
 654 01cf 56010000 		.4byte	.LASF33
 655 01d3 01       		.byte	0x1
 656 01d4 15       		.byte	0x15
 657 01d5 DD000000 		.4byte	0xdd
 658 01d9 05       		.uleb128 0x5
 659 01da 03       		.byte	0x3
 660 01db 00000000 		.4byte	CrankTriggerCaptureCounter_backup
 661 01df 10       		.uleb128 0x10
 662 01e0 54030000 		.4byte	.LASF24
 663 01e4 03       		.byte	0x3
 664 01e5 5D       		.byte	0x5d
 665 01e6 77000000 		.4byte	0x77
 666 01ea 10       		.uleb128 0x10
 667 01eb B7000000 		.4byte	.LASF25
 668 01ef 03       		.byte	0x3
ARM GAS  C:\Users\Bruger\AppData\Local\Temp\cc4epsfb.s 			page 30


 669 01f0 55       		.byte	0x55
 670 01f1 6B000000 		.4byte	0x6b
 671 01f5 11       		.uleb128 0x11
 672 01f6 48000000 		.4byte	.LASF26
 673 01fa 03       		.byte	0x3
 674 01fb 5A       		.byte	0x5a
 675 01fc 06020000 		.4byte	0x206
 676 0200 12       		.uleb128 0x12
 677 0201 77000000 		.4byte	0x77
 678 0205 00       		.byte	0
 679 0206 11       		.uleb128 0x11
 680 0207 0D020000 		.4byte	.LASF27
 681 020b 03       		.byte	0x3
 682 020c 56       		.byte	0x56
 683 020d 17020000 		.4byte	0x217
 684 0211 12       		.uleb128 0x12
 685 0212 6B000000 		.4byte	0x6b
 686 0216 00       		.byte	0
 687 0217 13       		.uleb128 0x13
 688 0218 34030000 		.4byte	.LASF28
 689 021c 03       		.byte	0x3
 690 021d 50       		.byte	0x50
 691 021e 13       		.uleb128 0x13
 692 021f 26000000 		.4byte	.LASF29
 693 0223 03       		.byte	0x3
 694 0224 71       		.byte	0x71
 695 0225 00       		.byte	0
 696              		.section	.debug_abbrev,"",%progbits
 697              	.Ldebug_abbrev0:
 698 0000 01       		.uleb128 0x1
 699 0001 11       		.uleb128 0x11
 700 0002 01       		.byte	0x1
 701 0003 25       		.uleb128 0x25
 702 0004 0E       		.uleb128 0xe
 703 0005 13       		.uleb128 0x13
 704 0006 0B       		.uleb128 0xb
 705 0007 03       		.uleb128 0x3
 706 0008 0E       		.uleb128 0xe
 707 0009 1B       		.uleb128 0x1b
 708 000a 0E       		.uleb128 0xe
 709 000b 55       		.uleb128 0x55
 710 000c 17       		.uleb128 0x17
 711 000d 11       		.uleb128 0x11
 712 000e 01       		.uleb128 0x1
 713 000f 10       		.uleb128 0x10
 714 0010 17       		.uleb128 0x17
 715 0011 00       		.byte	0
 716 0012 00       		.byte	0
 717 0013 02       		.uleb128 0x2
 718 0014 24       		.uleb128 0x24
 719 0015 00       		.byte	0
 720 0016 0B       		.uleb128 0xb
 721 0017 0B       		.uleb128 0xb
 722 0018 3E       		.uleb128 0x3e
 723 0019 0B       		.uleb128 0xb
 724 001a 03       		.uleb128 0x3
 725 001b 0E       		.uleb128 0xe
ARM GAS  C:\Users\Bruger\AppData\Local\Temp\cc4epsfb.s 			page 31


 726 001c 00       		.byte	0
 727 001d 00       		.byte	0
 728 001e 03       		.uleb128 0x3
 729 001f 24       		.uleb128 0x24
 730 0020 00       		.byte	0
 731 0021 0B       		.uleb128 0xb
 732 0022 0B       		.uleb128 0xb
 733 0023 3E       		.uleb128 0x3e
 734 0024 0B       		.uleb128 0xb
 735 0025 03       		.uleb128 0x3
 736 0026 08       		.uleb128 0x8
 737 0027 00       		.byte	0
 738 0028 00       		.byte	0
 739 0029 04       		.uleb128 0x4
 740 002a 16       		.uleb128 0x16
 741 002b 00       		.byte	0
 742 002c 03       		.uleb128 0x3
 743 002d 0E       		.uleb128 0xe
 744 002e 3A       		.uleb128 0x3a
 745 002f 0B       		.uleb128 0xb
 746 0030 3B       		.uleb128 0x3b
 747 0031 05       		.uleb128 0x5
 748 0032 49       		.uleb128 0x49
 749 0033 13       		.uleb128 0x13
 750 0034 00       		.byte	0
 751 0035 00       		.byte	0
 752 0036 05       		.uleb128 0x5
 753 0037 35       		.uleb128 0x35
 754 0038 00       		.byte	0
 755 0039 49       		.uleb128 0x49
 756 003a 13       		.uleb128 0x13
 757 003b 00       		.byte	0
 758 003c 00       		.byte	0
 759 003d 06       		.uleb128 0x6
 760 003e 13       		.uleb128 0x13
 761 003f 01       		.byte	0x1
 762 0040 0B       		.uleb128 0xb
 763 0041 0B       		.uleb128 0xb
 764 0042 3A       		.uleb128 0x3a
 765 0043 0B       		.uleb128 0xb
 766 0044 3B       		.uleb128 0x3b
 767 0045 0B       		.uleb128 0xb
 768 0046 01       		.uleb128 0x1
 769 0047 13       		.uleb128 0x13
 770 0048 00       		.byte	0
 771 0049 00       		.byte	0
 772 004a 07       		.uleb128 0x7
 773 004b 0D       		.uleb128 0xd
 774 004c 00       		.byte	0
 775 004d 03       		.uleb128 0x3
 776 004e 0E       		.uleb128 0xe
 777 004f 3A       		.uleb128 0x3a
 778 0050 0B       		.uleb128 0xb
 779 0051 3B       		.uleb128 0x3b
 780 0052 0B       		.uleb128 0xb
 781 0053 49       		.uleb128 0x49
 782 0054 13       		.uleb128 0x13
ARM GAS  C:\Users\Bruger\AppData\Local\Temp\cc4epsfb.s 			page 32


 783 0055 38       		.uleb128 0x38
 784 0056 0B       		.uleb128 0xb
 785 0057 00       		.byte	0
 786 0058 00       		.byte	0
 787 0059 08       		.uleb128 0x8
 788 005a 16       		.uleb128 0x16
 789 005b 00       		.byte	0
 790 005c 03       		.uleb128 0x3
 791 005d 0E       		.uleb128 0xe
 792 005e 3A       		.uleb128 0x3a
 793 005f 0B       		.uleb128 0xb
 794 0060 3B       		.uleb128 0x3b
 795 0061 0B       		.uleb128 0xb
 796 0062 49       		.uleb128 0x49
 797 0063 13       		.uleb128 0x13
 798 0064 00       		.byte	0
 799 0065 00       		.byte	0
 800 0066 09       		.uleb128 0x9
 801 0067 2E       		.uleb128 0x2e
 802 0068 00       		.byte	0
 803 0069 3F       		.uleb128 0x3f
 804 006a 19       		.uleb128 0x19
 805 006b 03       		.uleb128 0x3
 806 006c 0E       		.uleb128 0xe
 807 006d 3A       		.uleb128 0x3a
 808 006e 0B       		.uleb128 0xb
 809 006f 3B       		.uleb128 0x3b
 810 0070 0B       		.uleb128 0xb
 811 0071 27       		.uleb128 0x27
 812 0072 19       		.uleb128 0x19
 813 0073 20       		.uleb128 0x20
 814 0074 0B       		.uleb128 0xb
 815 0075 00       		.byte	0
 816 0076 00       		.byte	0
 817 0077 0A       		.uleb128 0xa
 818 0078 2E       		.uleb128 0x2e
 819 0079 01       		.byte	0x1
 820 007a 31       		.uleb128 0x31
 821 007b 13       		.uleb128 0x13
 822 007c 11       		.uleb128 0x11
 823 007d 01       		.uleb128 0x1
 824 007e 12       		.uleb128 0x12
 825 007f 06       		.uleb128 0x6
 826 0080 40       		.uleb128 0x40
 827 0081 18       		.uleb128 0x18
 828 0082 9742     		.uleb128 0x2117
 829 0084 19       		.uleb128 0x19
 830 0085 01       		.uleb128 0x1
 831 0086 13       		.uleb128 0x13
 832 0087 00       		.byte	0
 833 0088 00       		.byte	0
 834 0089 0B       		.uleb128 0xb
 835 008a 898201   		.uleb128 0x4109
 836 008d 00       		.byte	0
 837 008e 11       		.uleb128 0x11
 838 008f 01       		.uleb128 0x1
 839 0090 31       		.uleb128 0x31
ARM GAS  C:\Users\Bruger\AppData\Local\Temp\cc4epsfb.s 			page 33


 840 0091 13       		.uleb128 0x13
 841 0092 00       		.byte	0
 842 0093 00       		.byte	0
 843 0094 0C       		.uleb128 0xc
 844 0095 898201   		.uleb128 0x4109
 845 0098 00       		.byte	0
 846 0099 11       		.uleb128 0x11
 847 009a 01       		.uleb128 0x1
 848 009b 9542     		.uleb128 0x2115
 849 009d 19       		.uleb128 0x19
 850 009e 31       		.uleb128 0x31
 851 009f 13       		.uleb128 0x13
 852 00a0 00       		.byte	0
 853 00a1 00       		.byte	0
 854 00a2 0D       		.uleb128 0xd
 855 00a3 2E       		.uleb128 0x2e
 856 00a4 01       		.byte	0x1
 857 00a5 3F       		.uleb128 0x3f
 858 00a6 19       		.uleb128 0x19
 859 00a7 03       		.uleb128 0x3
 860 00a8 0E       		.uleb128 0xe
 861 00a9 3A       		.uleb128 0x3a
 862 00aa 0B       		.uleb128 0xb
 863 00ab 3B       		.uleb128 0x3b
 864 00ac 0B       		.uleb128 0xb
 865 00ad 27       		.uleb128 0x27
 866 00ae 19       		.uleb128 0x19
 867 00af 11       		.uleb128 0x11
 868 00b0 01       		.uleb128 0x1
 869 00b1 12       		.uleb128 0x12
 870 00b2 06       		.uleb128 0x6
 871 00b3 40       		.uleb128 0x40
 872 00b4 18       		.uleb128 0x18
 873 00b5 9742     		.uleb128 0x2117
 874 00b7 19       		.uleb128 0x19
 875 00b8 01       		.uleb128 0x1
 876 00b9 13       		.uleb128 0x13
 877 00ba 00       		.byte	0
 878 00bb 00       		.byte	0
 879 00bc 0E       		.uleb128 0xe
 880 00bd 1D       		.uleb128 0x1d
 881 00be 01       		.byte	0x1
 882 00bf 31       		.uleb128 0x31
 883 00c0 13       		.uleb128 0x13
 884 00c1 11       		.uleb128 0x11
 885 00c2 01       		.uleb128 0x1
 886 00c3 12       		.uleb128 0x12
 887 00c4 06       		.uleb128 0x6
 888 00c5 58       		.uleb128 0x58
 889 00c6 0B       		.uleb128 0xb
 890 00c7 59       		.uleb128 0x59
 891 00c8 0B       		.uleb128 0xb
 892 00c9 01       		.uleb128 0x1
 893 00ca 13       		.uleb128 0x13
 894 00cb 00       		.byte	0
 895 00cc 00       		.byte	0
 896 00cd 0F       		.uleb128 0xf
ARM GAS  C:\Users\Bruger\AppData\Local\Temp\cc4epsfb.s 			page 34


 897 00ce 34       		.uleb128 0x34
 898 00cf 00       		.byte	0
 899 00d0 03       		.uleb128 0x3
 900 00d1 0E       		.uleb128 0xe
 901 00d2 3A       		.uleb128 0x3a
 902 00d3 0B       		.uleb128 0xb
 903 00d4 3B       		.uleb128 0x3b
 904 00d5 0B       		.uleb128 0xb
 905 00d6 49       		.uleb128 0x49
 906 00d7 13       		.uleb128 0x13
 907 00d8 02       		.uleb128 0x2
 908 00d9 18       		.uleb128 0x18
 909 00da 00       		.byte	0
 910 00db 00       		.byte	0
 911 00dc 10       		.uleb128 0x10
 912 00dd 2E       		.uleb128 0x2e
 913 00de 00       		.byte	0
 914 00df 3F       		.uleb128 0x3f
 915 00e0 19       		.uleb128 0x19
 916 00e1 03       		.uleb128 0x3
 917 00e2 0E       		.uleb128 0xe
 918 00e3 3A       		.uleb128 0x3a
 919 00e4 0B       		.uleb128 0xb
 920 00e5 3B       		.uleb128 0x3b
 921 00e6 0B       		.uleb128 0xb
 922 00e7 27       		.uleb128 0x27
 923 00e8 19       		.uleb128 0x19
 924 00e9 49       		.uleb128 0x49
 925 00ea 13       		.uleb128 0x13
 926 00eb 3C       		.uleb128 0x3c
 927 00ec 19       		.uleb128 0x19
 928 00ed 00       		.byte	0
 929 00ee 00       		.byte	0
 930 00ef 11       		.uleb128 0x11
 931 00f0 2E       		.uleb128 0x2e
 932 00f1 01       		.byte	0x1
 933 00f2 3F       		.uleb128 0x3f
 934 00f3 19       		.uleb128 0x19
 935 00f4 03       		.uleb128 0x3
 936 00f5 0E       		.uleb128 0xe
 937 00f6 3A       		.uleb128 0x3a
 938 00f7 0B       		.uleb128 0xb
 939 00f8 3B       		.uleb128 0x3b
 940 00f9 0B       		.uleb128 0xb
 941 00fa 27       		.uleb128 0x27
 942 00fb 19       		.uleb128 0x19
 943 00fc 3C       		.uleb128 0x3c
 944 00fd 19       		.uleb128 0x19
 945 00fe 01       		.uleb128 0x1
 946 00ff 13       		.uleb128 0x13
 947 0100 00       		.byte	0
 948 0101 00       		.byte	0
 949 0102 12       		.uleb128 0x12
 950 0103 05       		.uleb128 0x5
 951 0104 00       		.byte	0
 952 0105 49       		.uleb128 0x49
 953 0106 13       		.uleb128 0x13
ARM GAS  C:\Users\Bruger\AppData\Local\Temp\cc4epsfb.s 			page 35


 954 0107 00       		.byte	0
 955 0108 00       		.byte	0
 956 0109 13       		.uleb128 0x13
 957 010a 2E       		.uleb128 0x2e
 958 010b 00       		.byte	0
 959 010c 3F       		.uleb128 0x3f
 960 010d 19       		.uleb128 0x19
 961 010e 03       		.uleb128 0x3
 962 010f 0E       		.uleb128 0xe
 963 0110 3A       		.uleb128 0x3a
 964 0111 0B       		.uleb128 0xb
 965 0112 3B       		.uleb128 0x3b
 966 0113 0B       		.uleb128 0xb
 967 0114 27       		.uleb128 0x27
 968 0115 19       		.uleb128 0x19
 969 0116 3C       		.uleb128 0x3c
 970 0117 19       		.uleb128 0x19
 971 0118 00       		.byte	0
 972 0119 00       		.byte	0
 973 011a 00       		.byte	0
 974              		.section	.debug_aranges,"",%progbits
 975 0000 34000000 		.4byte	0x34
 976 0004 0200     		.2byte	0x2
 977 0006 00000000 		.4byte	.Ldebug_info0
 978 000a 04       		.byte	0x4
 979 000b 00       		.byte	0
 980 000c 0000     		.2byte	0
 981 000e 0000     		.2byte	0
 982 0010 00000000 		.4byte	.LFB0
 983 0014 18000000 		.4byte	.LFE0-.LFB0
 984 0018 00000000 		.4byte	.LFB1
 985 001c 18000000 		.4byte	.LFE1-.LFB1
 986 0020 00000000 		.4byte	.LFB2
 987 0024 28000000 		.4byte	.LFE2-.LFB2
 988 0028 00000000 		.4byte	.LFB3
 989 002c 24000000 		.4byte	.LFE3-.LFB3
 990 0030 00000000 		.4byte	0
 991 0034 00000000 		.4byte	0
 992              		.section	.debug_ranges,"",%progbits
 993              	.Ldebug_ranges0:
 994 0000 00000000 		.4byte	.LFB0
 995 0004 18000000 		.4byte	.LFE0
 996 0008 00000000 		.4byte	.LFB1
 997 000c 18000000 		.4byte	.LFE1
 998 0010 00000000 		.4byte	.LFB2
 999 0014 28000000 		.4byte	.LFE2
 1000 0018 00000000 		.4byte	.LFB3
 1001 001c 24000000 		.4byte	.LFE3
 1002 0020 00000000 		.4byte	0
 1003 0024 00000000 		.4byte	0
 1004              		.section	.debug_line,"",%progbits
 1005              	.Ldebug_line0:
 1006 0000 D9000000 		.section	.debug_str,"MS",%progbits,1
 1006      02007A00 
 1006      00000201 
 1006      FB0E0D00 
 1006      01010101 
ARM GAS  C:\Users\Bruger\AppData\Local\Temp\cc4epsfb.s 			page 36


 1007              	.LASF20:
 1008 0000 4372616E 		.ascii	"CrankTriggerCaptureCounter_SaveConfig\000"
 1008      6B547269 
 1008      67676572 
 1008      43617074 
 1008      75726543 
 1009              	.LASF29:
 1010 0026 4372616E 		.ascii	"CrankTriggerCaptureCounter_Enable\000"
 1010      6B547269 
 1010      67676572 
 1010      43617074 
 1010      75726543 
 1011              	.LASF26:
 1012 0048 4372616E 		.ascii	"CrankTriggerCaptureCounter_WriteCounter\000"
 1012      6B547269 
 1012      67676572 
 1012      43617074 
 1012      75726543 
 1013              	.LASF3:
 1014 0070 73686F72 		.ascii	"short unsigned int\000"
 1014      7420756E 
 1014      7369676E 
 1014      65642069 
 1014      6E7400
 1015              	.LASF21:
 1016 0083 4372616E 		.ascii	"CrankTriggerCaptureCounter_RestoreConfig\000"
 1016      6B547269 
 1016      67676572 
 1016      43617074 
 1016      75726543 
 1017              	.LASF17:
 1018 00ac 436F756E 		.ascii	"CounterUdb\000"
 1018      74657255 
 1018      646200
 1019              	.LASF25:
 1020 00b7 4372616E 		.ascii	"CrankTriggerCaptureCounter_ReadControlRegister\000"
 1020      6B547269 
 1020      67676572 
 1020      43617074 
 1020      75726543 
 1021              	.LASF18:
 1022 00e6 436F756E 		.ascii	"CounterControlRegister\000"
 1022      74657243 
 1022      6F6E7472 
 1022      6F6C5265 
 1022      67697374 
 1023              	.LASF19:
 1024 00fd 4372616E 		.ascii	"CrankTriggerCaptureCounter_backupStruct\000"
 1024      6B547269 
 1024      67676572 
 1024      43617074 
 1024      75726543 
 1025              	.LASF11:
 1026 0125 666C6F61 		.ascii	"float\000"
 1026      7400
 1027              	.LASF1:
 1028 012b 756E7369 		.ascii	"unsigned char\000"
ARM GAS  C:\Users\Bruger\AppData\Local\Temp\cc4epsfb.s 			page 37


 1028      676E6564 
 1028      20636861 
 1028      7200
 1029              	.LASF14:
 1030 0139 72656738 		.ascii	"reg8\000"
 1030      00
 1031              	.LASF5:
 1032 013e 6C6F6E67 		.ascii	"long unsigned int\000"
 1032      20756E73 
 1032      69676E65 
 1032      6420696E 
 1032      7400
 1033              	.LASF9:
 1034 0150 75696E74 		.ascii	"uint8\000"
 1034      3800
 1035              	.LASF33:
 1036 0156 4372616E 		.ascii	"CrankTriggerCaptureCounter_backup\000"
 1036      6B547269 
 1036      67676572 
 1036      43617074 
 1036      75726543 
 1037              	.LASF31:
 1038 0178 47656E65 		.ascii	"Generated_Source\\PSoC5\\CrankTriggerCaptureCounter"
 1038      72617465 
 1038      645F536F 
 1038      75726365 
 1038      5C50536F 
 1039 01a9 5F504D2E 		.ascii	"_PM.c\000"
 1039      6300
 1040              	.LASF12:
 1041 01af 646F7562 		.ascii	"double\000"
 1041      6C6500
 1042              	.LASF23:
 1043 01b6 4372616E 		.ascii	"CrankTriggerCaptureCounter_Wakeup\000"
 1043      6B547269 
 1043      67676572 
 1043      43617074 
 1043      75726543 
 1044              	.LASF10:
 1045 01d8 75696E74 		.ascii	"uint16\000"
 1045      313600
 1046              	.LASF2:
 1047 01df 73686F72 		.ascii	"short int\000"
 1047      7420696E 
 1047      7400
 1048              	.LASF8:
 1049 01e9 756E7369 		.ascii	"unsigned int\000"
 1049      676E6564 
 1049      20696E74 
 1049      00
 1050              	.LASF7:
 1051 01f6 6C6F6E67 		.ascii	"long long unsigned int\000"
 1051      206C6F6E 
 1051      6720756E 
 1051      7369676E 
 1051      65642069 
 1052              	.LASF27:
ARM GAS  C:\Users\Bruger\AppData\Local\Temp\cc4epsfb.s 			page 38


 1053 020d 4372616E 		.ascii	"CrankTriggerCaptureCounter_WriteControlRegister\000"
 1053      6B547269 
 1053      67676572 
 1053      43617074 
 1053      75726543 
 1054              	.LASF15:
 1055 023d 73697A65 		.ascii	"sizetype\000"
 1055      74797065 
 1055      00
 1056              	.LASF16:
 1057 0246 436F756E 		.ascii	"CounterEnableState\000"
 1057      74657245 
 1057      6E61626C 
 1057      65537461 
 1057      746500
 1058              	.LASF6:
 1059 0259 6C6F6E67 		.ascii	"long long int\000"
 1059      206C6F6E 
 1059      6720696E 
 1059      7400
 1060              	.LASF30:
 1061 0267 474E5520 		.ascii	"GNU C 4.9.3 20150303 (release) [ARM/embedded-4_9-br"
 1061      4320342E 
 1061      392E3320 
 1061      32303135 
 1061      30333033 
 1062 029a 616E6368 		.ascii	"anch revision 221220] -mcpu=cortex-m3 -mthumb -g -O"
 1062      20726576 
 1062      6973696F 
 1062      6E203232 
 1062      31323230 
 1063 02cd 33202D66 		.ascii	"3 -ffunction-sections -finline-functions -flto -ffa"
 1063      66756E63 
 1063      74696F6E 
 1063      2D736563 
 1063      74696F6E 
 1064 0300 742D6C74 		.ascii	"t-lto-objects\000"
 1064      6F2D6F62 
 1064      6A656374 
 1064      7300
 1065              	.LASF13:
 1066 030e 63686172 		.ascii	"char\000"
 1066      00
 1067              	.LASF22:
 1068 0313 4372616E 		.ascii	"CrankTriggerCaptureCounter_Sleep\000"
 1068      6B547269 
 1068      67676572 
 1068      43617074 
 1068      75726543 
 1069              	.LASF28:
 1070 0334 4372616E 		.ascii	"CrankTriggerCaptureCounter_Stop\000"
 1070      6B547269 
 1070      67676572 
 1070      43617074 
 1070      75726543 
 1071              	.LASF24:
 1072 0354 4372616E 		.ascii	"CrankTriggerCaptureCounter_ReadCounter\000"
ARM GAS  C:\Users\Bruger\AppData\Local\Temp\cc4epsfb.s 			page 39


 1072      6B547269 
 1072      67676572 
 1072      43617074 
 1072      75726543 
 1073              	.LASF4:
 1074 037b 6C6F6E67 		.ascii	"long int\000"
 1074      20696E74 
 1074      00
 1075              	.LASF32:
 1076 0384 433A5C55 		.ascii	"C:\\Users\\Bruger\\OneDrive\\Skrivebord\\CODE\\PSOC"
 1076      73657273 
 1076      5C427275 
 1076      6765725C 
 1076      4F6E6544 
 1077 03b1 355C4359 		.ascii	"5\\CY8CKIT-59-Arduino\\CY8CKIT59_Ardudino-Speeduino"
 1077      38434B49 
 1077      542D3539 
 1077      2D417264 
 1077      75696E6F 
 1078 03e2 2E637964 		.ascii	".cydsn\000"
 1078      736E00
 1079              	.LASF0:
 1080 03e9 7369676E 		.ascii	"signed char\000"
 1080      65642063 
 1080      68617200 
 1081              		.comm	__gnu_lto_v1,1,1
 1082              		.ident	"GCC: (GNU Tools for ARM Embedded Processors) 4.9.3 20150303 (release) [ARM/embedded-4_9-br
