ARM GAS  C:\Users\Bruger\AppData\Local\Temp\ccM5O8Ty.s 			page 1


   1              		.syntax unified
   2              		.cpu cortex-m3
   3              		.fpu softvfp
   4              		.eabi_attribute 20, 1
   5              		.eabi_attribute 21, 1
   6              		.eabi_attribute 23, 3
   7              		.eabi_attribute 24, 1
   8              		.eabi_attribute 25, 1
   9              		.eabi_attribute 26, 1
  10              		.eabi_attribute 30, 2
  11              		.eabi_attribute 34, 1
  12              		.eabi_attribute 18, 4
  13              		.thumb
  14              		.file	"CrankTriggerDummyTimer_PM.c"
  15              		.text
  16              	.Ltext0:
  17              		.section	.gnu.lto_.profile.24c132f8,"",%progbits
  18 0000 789C6366 		.ascii	"x\234cf```a\200\000F\006U~\000\000\315\000="
  18      60606061 
  18      80004606 
  18      557E0000 
  18      CD003D
  19              		.text
  20              		.section	.gnu.lto_.jmpfuncs.24c132f8,"",%progbits
  21 0000 789C6366 		.ascii	"x\234cf\300\016\004\2404\013\0203200A\231\014\000\002"
  21      C00E04A0 
  21      340B1033 
  21      32303041 
  21      990C0002 
  22 0014 B2001F   		.ascii	"\262\000\037"
  23              		.text
  24              		.section	.gnu.lto_.inline.24c132f8,"",%progbits
  25 0000 789C6366 		.ascii	"x\234cf\300\016\302\2404\013\003\0033\023#\003\023\220"
  25      C00EC2A0 
  25      340B0303 
  25      33132303 
  25      1390
  26 0012 C9B6401E 		.ascii	"\311\266@\036D10b\21001p\011\002Ex&\370!\024q\2015\263"
  26      44313062 
  26      88303170 
  26      09024578 
  26      26F82114 
  27 002a B303C5D9 		.ascii	"\263\003\305\331>\350\241\2123\000\000\364\226\005\344"
  27      3EE8A18A 
  27      330000F4 
  27      9605E4
  28              		.text
  29              		.section	.gnu.lto_.pureconst.24c132f8,"",%progbits
  30 0000 789C6366 		.ascii	"x\234cf``\340d\200\000\026\006\006F\006&)\026\011\000"
  30      6060E064 
  30      80001606 
  30      06460626 
  30      29160900 
  31 0014 018D004A 		.ascii	"\001\215\000J"
  32              		.text
  33              		.section	.gnu.lto_CrankTriggerDummyTimer_SaveConfig.24c132f8,"",%progbits
  34 0000 789C6366 		.ascii	"x\234cf\300\004R@\\\012\304\246@\314\310\314\300\310"
ARM GAS  C:\Users\Bruger\AppData\Local\Temp\ccM5O8Ty.s 			page 2


  34      C0045240 
  34      5C0AC4A6 
  34      40CCC8CC 
  34      C0C8
  35 0012 34E11C03 		.ascii	"4\341\034\003C#\007\023##\210\301\300\310P\317\304X"
  35      43230713 
  35      232388C1 
  35      C0C850CF 
  35      C458
  36 0024 CFF892E9 		.ascii	"\317\370\222\351#\023\343\204\003\253gp\253/mhh\370"
  36      2313E384 
  36      03AB6770 
  36      AB2F6D68 
  36      68F8
  37 0036 B0E97463 		.ascii	"\260\351tc\300\001\306\237L\014\014\237\231 \3460.g"
  37      C001C69F 
  37      4C0C0C9F 
  37      9920E630 
  37      2E67
  38 0048 5467002A 		.ascii	"Tg\000*\372\330\362\367:7[\013P\221\000D\216q\005#\033"
  38      FAD8F2F7 
  38      3A375B0B 
  38      50910044 
  38      8E710523 
  39 005d 23905E2F 		.ascii	"#\220^/t\240\341\377\377\315\353\016~`\004\012?\001"
  39      74A0E1FF 
  39      FFCDEB0E 
  39      7E60040A 
  39      3F01
  40 006f 6290054F 		.ascii	"b\220\005O\231\230@4\363=FF\220B\220IO\230\030AB@\005"
  40      99984034 
  40      F33D4646 
  40      90429049 
  40      4F981841 
  41 0086 C6EEA979 		.ascii	"\306\356\251y\251E\211%\251)\361\301\371\245E\311\251"
  41      A9458925 
  41      A929F1C1 
  41      F9A545C9 
  41      A9
  42 0097 3101C1F9 		.ascii	"1\001\301\371\316\2461\316E\211y\331!E\231\351\351\251"
  42      CEA631CE 
  42      458979D9 
  42      214599E9 
  42      E9A9
  43 00a9 452EA5B9 		.ascii	"E.\245\271\271\225!\231\271\251E\361\001\276z\311\014"
  43      B9952199 
  43      B9A945F1 
  43      01BE7AC9 
  43      0C
  44 00ba 00F7873D 		.ascii	"\000\367\207=U"
  44      55
  45              		.text
  46              		.section	.gnu.lto_CrankTriggerDummyTimer_RestoreConfig.24c132f8,"",%progbits
  47 0000 789C6366 		.ascii	"x\234cf\300\004R@\\\012\304\246@\314\310\314\300\310"
  47      C0045240 
  47      5C0AC4A6 
  47      40CCC8CC 
ARM GAS  C:\Users\Bruger\AppData\Local\Temp\ccM5O8Ty.s 			page 3


  47      C0C8
  48 0012 34E11C03 		.ascii	"4\341\034\003C#\007\023##\210\301\300\310P\317\304X"
  48      43230713 
  48      232388C1 
  48      C0C850CF 
  48      C458
  49 0024 CFF892E9 		.ascii	"\317\370\222\351#\023\343\204\003\253gp\253/mhh\370"
  49      2313E384 
  49      03AB6770 
  49      AB2F6D68 
  49      68F8
  50 0036 7069B344 		.ascii	"pi\263D\253\304O&\006\206\317L\020c\030\2273\2523\000"
  50      ABC44F26 
  50      0686CF4C 
  50      10631897 
  50      33AA3300 
  51 004a D57C6CF9 		.ascii	"\325|l\371{\235\233\255\005\250F\000\"\307\270\202\221"
  51      7B9D9BAD 
  51      05A84600 
  51      22C7B882 
  51      91
  52 005b 8D1148AF 		.ascii	"\215\021H\257\027:\320\360\377\377\346\363\023_\350"
  52      173AD0F0 
  52      FFFFE6F3 
  52      135FE8
  53 006a 3102C59F 		.ascii	"1\002\305\237\0001\310\202\247LL \232\371\036##H%\310"
  53      0031C882 
  53      A74C4C20 
  53      9AF91E23 
  53      234825C8 
  54 007e A8274C8C 		.ascii	"\250'L\214 !\240\002c\367\324\274\324\242\304\222\324"
  54      2021A002 
  54      63F7D4BC 
  54      D4A2C492 
  54      D4
  55 008f 94F8E0FC 		.ascii	"\224\370\340\374\322\242\344\324\230\200\340|g\323\030"
  55      D2A2E4D4 
  55      9880E07C 
  55      67D318
  56 009e E7A2C4BC 		.ascii	"\347\242\304\274\354\220\242\314\364\364\324\"\227\322"
  56      EC90A2CC 
  56      F4F4D422 
  56      97D2
  57 00ac DCDCCA90 		.ascii	"\334\334\312\220\314\334\324\242\370\000_\275d\006\000"
  57      CCDCD4A2 
  57      F8005FBD 
  57      640600
  58 00bb 949B3C97 		.ascii	"\224\233<\227"
  59              		.text
  60              		.section	.gnu.lto_CrankTriggerDummyTimer_Sleep.24c132f8,"",%progbits
  61 0000 789C8591 		.ascii	"x\234\205\221OH\024a\030\306\337\347\235\331q\310\300"
  61      4F481461 
  61      18C6DFE7 
  61      9DD971C8 
  61      C0
  62 0011 E8247BF0 		.ascii	"\350${\360\320\305\223y\010\217\235\014\202 \020\364"
  62      D0C59379 
ARM GAS  C:\Users\Bruger\AppData\Local\Temp\ccM5O8Ty.s 			page 4


  62      088F9D0C 
  62      822010F4 
  63 0021 52082236 		.ascii	"R\010\"6\210\304\2560\344\241\303\3427\356\024\021Q"
  63      88C4AE30 
  63      E4A1C3E2 
  63      37EE1411 
  63      51
  64 0032 4617A976 		.ascii	"F\027\251vo\351\326\232\332\366O\310`\352\262\267J\332"
  64      6FE9D69A 
  64      DAF64FC8 
  64      60EAB2B7 
  64      4ADA
  65 0044 8A24EAA2 		.ascii	"\212$\352\242\261\335\3266\262!t{\277\031\373\203A\015"
  65      B1DDD636 
  65      B221747B 
  65      BF19FB83 
  65      410D
  66 0056 CCBCDF9F 		.ascii	"\314\274\337\237\337<\317\363\275\237A\177?\007\345"
  66      DF3CCFF3 
  66      BD9F417F 
  66      3F07E5
  67 0065 3DC6445D 		.ascii	"=\306D]Ra\021x\362\031\221g3\033Km\244v\231\225NR\273"
  67      52611178 
  67      F2199167 
  67      331B4B6D 
  67      A4769995 
  68 007c 0D24E265 		.ascii	"\015$\342e\363\347 \001\350\001\201\306\3310\023\030"
  68      F3E72001 
  68      E80181C6 
  68      D9301318 
  69 008c C7275E67 		.ascii	"\307'^gL\006\305\251\346\366\033J\251\332\304\343\326"
  69      4C06C5A9 
  69      E6F61B4A 
  69      A9DAC4E3 
  69      D6
  70 009d 33ADA128 		.ascii	"3\255\241(\3279v\302\014\332I\230u\177\363M\263\345"
  70      D73976C2 
  70      0CDA4998 
  70      757FF34D 
  70      B3E5
  71 00af 0BB327DE 		.ascii	"\013\263'\336C\001\026\244\316\357\015T\243Q\377r\271"
  71      430116A4 
  71      CEEF0D54 
  71      A351FF72 
  71      B9
  72 00c0 B08F6DA6 		.ascii	"\260\217m\246\220a\352\017\321\252P\332m\215YWc\005"
  72      9061EA0F 
  72      D1AA50DA 
  72      6D8D5957 
  72      6305
  73 00d2 4FBF9EFF 		.ascii	"O\277\236\377\230\177\015\375\347\006\233\"\272X\232"
  73      987F0DFD 
  73      E7069B22 
  73      BA589A
  74 00e1 29739543 		.ascii	")s\225C\346\251\274\247L\355\363a\365\371\262\035-\221"
  74      E6A9BCA7 
  74      4CEDF361 
ARM GAS  C:\Users\Bruger\AppData\Local\Temp\ccM5O8Ty.s 			page 5


  74      F5F9B21D 
  74      2D91
  75 00f3 9EBE58AC 		.ascii	"\236\276X\254\372F\016\327<\037!\033\270\211$n!)\356"
  75      FA460ED7 
  75      3C1F211B 
  75      B889246E 
  75      2129EE
  76 0106 45E4402B 		.ascii	"E\344@+\310~;[I\306\202\034k\226s\325\222\251\005\000"
  76      C87E3B5B 
  76      49C6821C 
  76      6B9673D5 
  76      92A90500 
  77 011a C2ACB0AF 		.ascii	"\302\254\260\257\340\277\315\246\267\031\001\274\351"
  77      E0BFCDA6 
  77      B71901BC 
  77      E9
  78 0127 47179A22 		.ascii	"G\027\232\"@dnk1\322!\015Zj\223\214\023\265\332\306"
  78      40646E6B 
  78      31D2210D 
  78      5A6A938C 
  78      13B5DAC6 
  79 013b 93164D0B 		.ascii	"\223\026M\013\232\177yq\2163\337\3259e\207ln\352c\377"
  79      9A7F7971 
  79      8E33DFD5 
  79      3965876C 
  79      6EEA63FF 
  80 014f 19D18CA6 		.ascii	"\031\321\214\246\005\317\277\016\035Qi*\2019d0\257e"
  80      05CFBF0E 
  80      1D51692A 
  80      81396430 
  80      AF65
  81 0161 656F6BF6 		.ascii	"eok\366R\311\352(J\327\202\343![X\020\360s\324Y\334"
  81      52C9EA28 
  81      4AD782E3 
  81      215B5810 
  81      F073D459 
  82 0176 418700CB 		.ascii	"A\207\000\313W\247\263-ZKz\211R\024fMt+\235Q\224\205"
  82      57A7B32D 
  82      5A4B7A89 
  82      5214664D 
  82      742B9D51 
  83 018c ADFF44D9 		.ascii	"\255\377D\331\351}\367\037\336\367~{\337\217\274\177"
  83      E97DF71F 
  83      DEF77E7B 
  83      DF8FBC7F 
  84 019c 9DC392A5 		.ascii	"\235\303\222\245\007\333\336\211\350\256\336!\0334\312"
  84      07DBDE89 
  84      E8AEDE21 
  84      1B34CA
  85 01ab ACBD69A7 		.ascii	"\254\275i\247yS=\352\334Cd\344\236mz\017/\270r$\"I_"
  85      79533DEA 
  85      DC4364E4 
  85      9E6D7A0F 
  85      2FB87224 
  86 01c2 3AB480D8 		.ascii	":\264\200\330\0348\354\244\035w\360\224sb\240wt\314"
  86      1C38ECA4 
  86      1D77F094 
ARM GAS  C:\Users\Bruger\AppData\Local\Temp\ccM5O8Ty.s 			page 6


  86      7362A077 
  86      74CC
  87 01d4 1D72FA7B 		.ascii	"\035r\372{zG\273\273\372\273\335\301\364\311>wdx\330"
  87      7A47BBBB 
  87      FABBDDC1 
  87      F4C93E77 
  87      6478D8
  88 01e7 710F8DA5 		.ascii	"q\017\215\245R\247\373FR\216;\320st\377\020\375\000"
  88      52A7FB46 
  88      528E3BD0 
  88      7374FF10 
  88      FD00
  89 01f9 D654ED81 		.ascii	"\326T\355\201"
  90              		.text
  91              		.section	.gnu.lto_CrankTriggerDummyTimer_Wakeup.24c132f8,"",%progbits
  92 0000 789C654F 		.ascii	"x\234eO\277K\202Q\024\275\347\276O\221\014\214h\220"
  92      BF4B8251 
  92      14BDE7BE 
  92      4F910C8C 
  92      6890
  93 0012 FE8186B0 		.ascii	"\376\201\206\260\006qm)\010\212 \310Q\210\260\217\210"
  93      06716D29 
  93      088A20C8 
  93      5188B08F 
  93      88
  94 0023 50E12387 		.ascii	"P\341#\207\006\351Y\006M\025MA\331\026\3756rhv2p(\""
  94      06E95906 
  94      4D154D41 
  94      D916FD36 
  94      72687632 
  95 003a C4887E40 		.ascii	"\304\210~@\030\330V9\304G\224\275\3679\004\365\340q"
  95      18D85639 
  95      C44794BD 
  95      F73904F5 
  95      E071
  96 004c DF3BF79C 		.ascii	"\337;\367\234s\357\021\364\377\004\325\035\006QHU\270"
  96      73EF11F4 
  96      FF04D51D 
  96      06514855 
  96      B8
  97 005d 08BC7641 		.ascii	"\010\274vA\224\3660\213\242\217d\213Q\352#\331*`4a\003"
  97      94F6308B 
  97      A28F648B 
  97      51EA23D9 
  97      2A603461 
  98 0072 D00F02CD 		.ascii	"\320\017\002\315\26300\217\027~c\254\025\0167\274];"
  98      B330308F 
  98      177E63AC 
  98      150E37BC 
  98      5D3B
  99 0084 52CAD7A7 		.ascii	"R\312\327\247\262\177\311o3Q\235\233\376\330E\027)\316"
  99      B27FC96F 
  99      33519D9B 
  99      FED84517 
  99      29CE
 100 0096 5BE6ABE2 		.ascii	"[\346\253\342ug\024\247\255\331\303\036\334j.\235\264"
 100      756714A7 
ARM GAS  C:\Users\Bruger\AppData\Local\Temp\ccM5O8Ty.s 			page 7


 100      ADD9C31E 
 100      DC6A2E9D 
 100      B4
 101 00a7 1764A351 		.ascii	"\027d\243Q\257\254\327z\331%\310f\005V\025A\317yf\326"
 101      AFACD77A 
 101      D925C866 
 101      05561541 
 101      CF7966D6 
 102 00bb 55DC62E1 		.ascii	"U\334b\341\354\364~\335\2535\037,\224\335\366\365J\216"
 102      ECF47EDD 
 102      AB351F2C 
 102      94DDF6F5 
 102      4A8E
 103 00cd 539F7259 		.ascii	"S\237rYzl\346/m\250\320\307\352\345\225\247\306\012"
 103      7A6CE62F 
 103      6DA8D0C7 
 103      EAE595A7 
 103      C60A
 104 00df 71BE7BE9 		.ascii	"q\276{\351\314\026\262\330LK\315\022\330G\012\007\350"
 104      CC16B2D8 
 104      4C4BCD12 
 104      D8470A07 
 104      E8
 105 00f0 747ADF47 		.ascii	"tz\337G\253yw\240\333f\003\207\212\363\356\254\213#"
 105      AB7977A0 
 105      DB660387 
 105      8AF3EEAC 
 105      8B23
 106 0102 04A88CCC 		.ascii	"\004\250\214\314\315b\374w\324y\266\2267\264)@8\326"
 106      CD62FC77 
 106      D479B696 
 106      37B42940 
 106      38D6
 107 0114 72D29B09 		.ascii	"r\322\233\011*\372\304\035\026\013v\251C\223\351\357"
 107      2AFAC41D 
 107      160B76A9 
 107      4393E9EF 
 108 0124 56AEBA8E 		.ascii	"V\256\272\216\202\034R*\224\333\321\030N\232\007\244"
 108      821C522A 
 108      94DBD118 
 108      4E9A07A4 
 109 0134 0B8D2147 		.ascii	"\013\215!GC:+4\252\346\007\007\315\270iM\314\232\223"
 109      433A2B34 
 109      AAE60707 
 109      CDB8694D 
 109      CC9A93
 110 0147 E36389A4 		.ascii	"\343c\211\244\0255#\243c\211\376P\244\337\232\210\317"
 110      153523A3 
 110      6389FE50 
 110      A4DF9A88 
 110      CF
 111 0158 84ADE9A9 		.ascii	"\204\255\351\251)\323\032H\306bs\341\351\230i\215\217"
 111      29D31A48 
 111      C66273E1 
 111      E998698D 
 111      8F
 112 0169 8EF444E9 		.ascii	"\216\364D\351\007\015e\212\231"
ARM GAS  C:\Users\Bruger\AppData\Local\Temp\ccM5O8Ty.s 			page 8


 112      070D658A 
 112      99
 113              		.text
 114              		.section	.gnu.lto_.symbol_nodes.24c132f8,"",%progbits
 115 0000 789C55C8 		.ascii	"x\234U\310\261\015\2000\014\005\321\213\035G\014\301"
 115      B10D8030 
 115      0C05D18B 
 115      1D470CC1 
 116 0010 9CB43F23 		.ascii	"\234\264?#0\001\312 \224\324\354\200\304\034\010$(\302"
 116      3001CA20 
 116      94D4EC80 
 116      C41C0824 
 116      28C2
 117 0022 75EF1C98 		.ascii	"u\357\034\230\370\262$\230w\220X\332\200\231\322\317"
 117      F8B22498 
 117      779058DA 
 117      8099D2CF 
 118 0032 2EEB1DD0 		.ascii	".\353\035\320LnY\336\357\024\312\257\251\365aQtt\013"
 118      4C6E59DE 
 118      EF14CAAF 
 118      A9F56151 
 118      74740B
 119 0045 B6E34A9E 		.ascii	"\266\343J\236\013\347:r\003\344\240\035\224"
 119      0BE73A72 
 119      03E4A01D 
 119      94
 120              		.text
 121              		.section	.gnu.lto_.refs.24c132f8,"",%progbits
 122 0000 789C6366 		.ascii	"x\234cf``\340c\200\000&&Ff\026FfVF\026\006fF\006\000"
 122      6060E063 
 122      80002626 
 122      46661646 
 122      66564616 
 123 0019 02900030 		.ascii	"\002\220\0000"
 124              		.text
 125              		.section	.gnu.lto_.decls.24c132f8,"",%progbits
 126 0000 789C9594 		.ascii	"x\234\225\224\177lSU\024\307\357\351}\353\326R\006\311"
 126      7F6C5355 
 126      14C7EFE9 
 126      7DEBD652 
 126      06C9
 127 0012 9241A6C6 		.ascii	"\222A\246\306\301\314\242f!$\306\204\377$\251\006\243"
 127      C1CCA266 
 127      2124C684 
 127      FF24A906 
 127      A3
 128 0023 D12C16A3 		.ascii	"\321,\026\243\211$K\251\317\271\214\265\365\321\232"
 128      89244BA9 
 128      CFB98CB5 
 128      F5D19A
 129 0032 ECBF4B3B 		.ascii	"\354\277K;\335\354\246\016\234a\301H\272l\0037\326\322"
 129      DDECA60E 
 129      9C61C148 
 129      BA6C0337 
 129      D6D2
 130 0044 9575302A 		.ascii	"\225u0*\264\214!\373!\373\253\314\214\032R\006\001\376"
 130      B48C21FB 
ARM GAS  C:\Users\Bruger\AppData\Local\Temp\ccM5O8Ty.s 			page 9


 130      21FBABCC 
 130      8C1A5206 
 130      01FE
 131 0056 30F8860B 		.ascii	"0\370\206\013\211JR\317\273\357=\332\341\236?nr\332"
 131      894A52CF 
 131      BBEF3DDA 
 131      E19E3F6E 
 131      72DA
 132 0068 77DFFD9E 		.ascii	"w\337\375\236\3179\367\234\223G\011!\333\201\220<\256"
 132      CF39F79C 
 132      93470921 
 132      DB81903C 
 132      AE
 133 0079 79819021 		.ascii	"y\201\220!|.\301w\365\244\260\314h#hQ\264\030Z\034m"
 133      7C2EC177 
 133      F5A4B0CC 
 133      68236851 
 133      B4185A1C 
 134 008e 0C6D1C0D 		.ascii	"\014m\034\015\345d\212\254^#\332{\235\001\332\273\307"
 134      E5648AAC 
 134      5E23DA7B 
 134      9D01DABB 
 134      C7
 135 009f 57740D5D 		.ascii	"Wt\015]t\015\235\022\323\242\351*\321f\320.\243\315"
 135      740D9D12 
 135      D3A2E92A 
 135      D166D02E 
 135      A3CD
 136 00b1 A24DA225 		.ascii	"\242M\242%\321\346\320\2064F\012\315\244\371\215\031"
 136      D1E6D086 
 136      34460ACD 
 136      A4F98D19 
 137 00c1 E4A8DCA1 		.ascii	"\344\250\334\241\264\210\371o\254\370?\334w\331\004"
 137      B488F96F 
 137      ACF83FDC 
 137      77D904
 138 00d0 13D1952B 		.ascii	"\023\321\225+\353\356\232\240\334Z\255l\317\036\232"
 138      EBEE9AA0 
 138      DC5AAD6C 
 138      CF1E9A
 139 00df EE35E3D6 		.ascii	"\3565\343\326f\025\224m\362\317\245\214\260\351k\206"
 139      6615946D 
 139      F2CFA58C 
 139      B0E96B86 
 140 00ef AB3BC836 		.ascii	"\253;\3106\012P_\011\307\241\012\276\203*$\016\301&"
 140      0A505F09 
 140      C7A10ABE 
 140      832A240E 
 140      C126
 141 0101 FC7D4F50 		.ascii	"\374}OPI\211?\276\372\261\234\232@y\356\357\275\221"
 141      49893FBE 
 141      FAB19C9A 
 141      4079EEEF 
 141      BD91
 142 0113 B1D60DA3 		.ascii	"\261\326\015\243[\007K\347\204B\270\336l_K\365Q&\307"
 142      5B074BE7 
 142      8442B8DE 
ARM GAS  C:\Users\Bruger\AppData\Local\Temp\ccM5O8Ty.s 			page 10


 142      6C5F4BF5 
 142      5126C7
 143 0126 E4ECF8A2 		.ascii	"\344\354\370\242\215M\263t>\237b\300Y0\014\024N@\035"
 143      8D4DB374 
 143      3E9F62C0 
 143      59300C14 
 143      4E401D
 144 0139 AF283EAB 		.ascii	"\257(>\253\245\035\201j\005\036\272\025\027h\003\207"
 144      A51D816A 
 144      051EBA15 
 144      17680387 
 145 0149 5FFDED93 		.ascii	"_\375\355\223\005\340\220\360\267\375f\035\301\011\221"
 145      05E090F0 
 145      B7FD661D 
 145      C10991
 146 0158 22424427 		.ascii	"\"BD'D9\341\327[K\277l\240m\300\021\211\301\253w,\210"
 146      4439E1D7 
 146      5B4BBF6C 
 146      A06DC011 
 146      89C1AB77 
 147 016e 08C7C277 		.ascii	"\010\307\302w5\304K\034p\262\010pR\007\3048 s-\330\275"
 147      35C44B1C 
 147      70B20870 
 147      5207C438 
 147      20732DD8 
 148 0183 8EF6A980 		.ascii	"\216\366\251\200\233]\237\246m* :X\014\030-\002\214"
 148      9B5D9FA6 
 148      6D2A203A 
 148      580C182D 
 148      028C
 149 0195 EA803807 		.ascii	"\352\2008\007\254DO\257\0104\245\002~\016\304c\012 "
 149      AC444FAF 
 149      0834A502 
 149      7E0EC463 
 149      0A20
 150 01a7 C7E4E49D 		.ascii	"\307\344\344\235{\257\036\014v\017\260\\>\377\264Z\211"
 150      7BAF1E0C 
 150      760FB05C 
 150      3EFFB45A 
 150      89
 151 01b8 53459453 		.ascii	"SE\224S:e\214S\036\316d\027\326\323.\265\316\221\216"
 151      3A658C53 
 151      1ECE6417 
 151      D6D32EB5 
 151      CE918E
 152 01cb A92F054E 		.ascii	"\251/\005N\311}sI\234lc\017\363y\252\"\022E\210\204"
 152      C97D7349 
 152      9C6C630F 
 152      F379AA22 
 152      12458884 
 153 01df 8E18E788 		.ascii	"\216\030\347\210\354D0b\246\303*b!\325\336^F\347\325"
 153      EC443062 
 153      A6C32A62 
 153      21D5DE5E 
 153      46E7D5
 154 01f2 CD8163C9 		.ascii	"\315\201c\311\256Rl\177\245\225w\353\213\271#\027(\337"
 154      AE526C7F 
ARM GAS  C:\Users\Bruger\AppData\Local\Temp\ccM5O8Ty.s 			page 11


 154      A59577EB 
 154      8BB92317 
 154      28DF
 155 0204 E69563D3 		.ascii	"\346\225c\323\342b\317\357\024\254\265\035\214\005\230"
 155      E262CFEF 
 155      14ACB51D 
 155      8C0598
 156 0213 7C88D1CD 		.ascii	"|\210\321\315\004\352\252\340\271*\002\337C-\312xD\230"
 156      04EAAAE0 
 156      B92A02DF 
 156      432DCA78 
 156      4498
 157 0225 C009398B 		.ascii	"\300\0119\213\0232\200\375\227G:\317\277\026d;!\011"
 157      133280FD 
 157      97473ACF 
 157      BF16643B 
 157      2109
 158 0237 5638F328 		.ascii	"V8\363('\036A\233\211\345s\237\367[\351\003\236\001"
 158      271E419B 
 158      89E5739F 
 158      F75BE903 
 158      9E01
 159 0249 CD74F744 		.ascii	"\315t\367D\312\241bk\355Ae\350\344\000\333\371\221\036"
 159      CAA1626B 
 159      ED4165E8 
 159      E400DBF9 
 159      911E
 160 025b 83C079A8 		.ascii	"\203\300y\250P\374!\215\301R\260\225\003\302\230\213"
 160      50FC218D 
 160      C152B095 
 160      03C2988B 
 161 026b 9C3C7EF3 		.ascii	"\234<~\363\335\345\000\353\332\314\303\234\3030\212"
 161      DDE500EB 
 161      DACCC39C 
 161      C3308A
 162 027a 544BED59 		.ascii	"TK\355Y\305\365y\374\341\011\345:\373\3158-xN\364\372"
 162      C5F579FC 
 162      E109E53A 
 162      FBCD382D 
 162      784EF4FA 
 163 028e E8999846 		.ascii	"\350\231\230Fo\374\024\266@m\005\327\235\260\227\301"
 163      6FFC14B6 
 163      406D05D7 
 163      9DB097C1 
 164 029e 24524E17 		.ascii	"$RN\027\222V\234\370\372{rp\001sZ+?\274\340\321\334"
 164      92569CF8 
 164      FA7B7270 
 164      01735A2B 
 164      3FBCE0D1 
 165 02b3 BDA952DA 		.ascii	"\275\251R\332Ny\211\257\257\334?VR\323\307XX\316^\223"
 165      4E7989AF 
 165      AFDC3F56 
 165      52D3C758 
 165      58CE5E93 
 166 02c7 4D875938 		.ascii	"M\207Y8\300\2302=<\330E5\330\243\033_T;\007SP\203\276"
 166      C098323D 
 166      3CD84535 
ARM GAS  C:\Users\Bruger\AppData\Local\Temp\ccM5O8Ty.s 			page 12


 166      D8A31B5F 
 166      543B0753 
 167 02de EC70E740 		.ascii	"\354p\347@\031\035TA\211\007\241\211\365VlE\360?\264"
 167      191D5441 
 167      8907A189 
 167      F5566C45 
 167      F03FB4
 168 02f1 022F9799 		.ascii	"\002/\227\231\017-X\324\346=\3561m\330\274\271\373\257"
 168      0F2D58D4 
 168      E63DEE31 
 168      6DD8BCB9 
 168      FBAF
 169 0303 B761F32E 		.ascii	"\267a\363.cU/\025\352\360\003\024\272\367\331\322\221"
 169      63552F15 
 169      EAF00314 
 169      BAF7D9D2 
 169      91
 170 0314 2B365B48 		.ascii	"+6[H\231\010\374DX\246\313\271\270\360\221\230\001\033"
 170      9908FC44 
 170      58A6CBB9 
 170      B8F09198 
 170      011B
 171 0326 BF01FEA3 		.ascii	"\277\001\376\243z\251\3476\263\254R+\267.\250g5\365"
 171      7AA9E736 
 171      B3AC522B 
 171      B72EA867 
 171      35F5
 172 0338 2C575FEF 		.ascii	",W_\357M\207\204Uje\262\013\3529\260\351)\341#\331b"
 172      4D878455 
 172      6A65B20B 
 172      EA39B0E9 
 172      29E123D9 
 173 034d 979CEEE6 		.ascii	"\227\234\356\346\335RSc\243(\275\354oii\335\335\324"
 173      DD525363 
 173      A328BDEC 
 173      6F6969DD 
 173      DDD4
 174 035f 224A0D0E 		.ascii	"\"J\015\016\347\307\242\335\343\376\240\251\321\274"
 174      E7C7A2DD 
 174      E3FEA0A9 
 174      D1BC
 175 036d EBCDB7AB 		.ascii	"\353\315\267\253\355\344\205]\242[\224\234>\361\375"
 175      EDE4855D 
 175      A25B949C 
 175      3EF1FD
 176 037c 0687C72F 		.ascii	"\006\207\307/\271\304=\365\016\217\375\305=\006\376"
 176      B9C43DF5 
 176      0E8FFDC5 
 176      3D06FE
 177 038b F56F6C73 		.ascii	"\365ols\221g\014\016\337\022\367\373<\222\306\177\322"
 177      91670C0E 
 177      DF12F7FB 
 177      3C92C67F 
 177      D2
 178 039c 28837DA2 		.ascii	"(\203}\242\350}\312\340\360\035g\263\350\367>a\344\352"
 178      E87DCAE0 
 178      F01D67B3 
ARM GAS  C:\Users\Bruger\AppData\Local\Temp\ccM5O8Ty.s 			page 13


 178      E8F73E61 
 178      E4EA
 179 03ae F378B7FF 		.ascii	"\363x\267\377\257|\267}H\214B\275\342v\356\335'\326"
 179      AF7CB77D 
 179      488C42BD 
 179      E276EEDD 
 179      27D6
 180 03c0 189CEE75 		.ascii	"\030\234\356u\272\232\375^\207O\362\273|%\376&\267o"
 180      BA9AFD5E 
 180      874FF2BB 
 180      7C25FE26 
 180      B76F
 181 03d2 C71683C0 		.ascii	"\307\026\203\300\256V_\253W\334\217\2216rW\225\353\360"
 181      AE565FAB 
 181      57DC8F91 
 181      36725795 
 181      EBF0
 182 03e4 A1D228B4 		.ascii	"\241\322(\264\012\027$\261q\307_\026\0111\300"
 182      0A1724B1 
 182      71C75F16 
 182      0931C0
 183              		.text
 184              		.section	.gnu.lto_.symtab.24c132f8,"",%progbits
 185 0000 4372616E 		.ascii	"CrankTriggerDummyTimer_SaveConfig\000\000\000\000\000"
 185      6B547269 
 185      67676572 
 185      44756D6D 
 185      7954696D 
 186 0026 00000000 		.ascii	"\000\000\000\000\000\000\000\254\000\000\000CrankTr"
 186      000000AC 
 186      00000043 
 186      72616E6B 
 186      5472
 187 0038 69676765 		.ascii	"iggerDummyTimer_RestoreConfig\000\000\000\000\000\000"
 187      7244756D 
 187      6D795469 
 187      6D65725F 
 187      52657374 
 188 005b 00000000 		.ascii	"\000\000\000\000\000\000\256\000\000\000CrankTrigge"
 188      0000AE00 
 188      00004372 
 188      616E6B54 
 188      72696767 
 189 0070 7244756D 		.ascii	"rDummyTimer_Sleep\000\000\000\000\000\000\000\000\000"
 189      6D795469 
 189      6D65725F 
 189      536C6565 
 189      70000000 
 190 008a 000000B0 		.ascii	"\000\000\000\260\000\000\000CrankTriggerDummyTimer_"
 190      00000043 
 190      72616E6B 
 190      54726967 
 190      67657244 
 191 00a8 57616B65 		.ascii	"Wakeup\000\000\000\000\000\000\000\000\000\000\000\000"
 191      75700000 
 191      00000000 
 191      00000000 
ARM GAS  C:\Users\Bruger\AppData\Local\Temp\ccM5O8Ty.s 			page 14


 191      0000
 192 00ba B2000000 		.ascii	"\262\000\000\000CrankTriggerDummyTimer_Stop\000\000"
 192      4372616E 
 192      6B547269 
 192      67676572 
 192      44756D6D 
 193 00db 02000000 		.ascii	"\002\000\000\000\000\000\000\000\000\000\264\000\000"
 193      00000000 
 193      0000B400 
 193      00
 194 00e8 00437261 		.ascii	"\000CrankTriggerDummyTimer_Enable\000\000\002\000\000"
 194      6E6B5472 
 194      69676765 
 194      7244756D 
 194      6D795469 
 195 010b 00000000 		.ascii	"\000\000\000\000\000\000\000\266\000\000\000"
 195      000000B6 
 195      000000
 196              		.text
 197              		.section	.gnu.lto_.opts,"",%progbits
 198 0000 272D666E 		.ascii	"'-fno-trapv' '-mcpu=cortex-m3' '-mthumb' '-g' '-O3'"
 198      6F2D7472 
 198      61707627 
 198      20272D6D 
 198      6370753D 
 199 0033 20272D66 		.ascii	" '-ffunction-sections' '-finline-functions' '-flto'"
 199      66756E63 
 199      74696F6E 
 199      2D736563 
 199      74696F6E 
 200 0066 20272D66 		.ascii	" '-ffat-lto-objects'\000"
 200      6661742D 
 200      6C746F2D 
 200      6F626A65 
 200      63747327 
 201              		.text
 202              		.cfi_sections	.debug_frame
 203              		.section	.text.CrankTriggerDummyTimer_SaveConfig,"ax",%progbits
 204              		.align	2
 205              		.global	CrankTriggerDummyTimer_SaveConfig
 206              		.thumb
 207              		.thumb_func
 208              		.type	CrankTriggerDummyTimer_SaveConfig, %function
 209              	CrankTriggerDummyTimer_SaveConfig:
 210              	.LFB0:
 211              		.file 1 "Generated_Source\\PSoC5\\CrankTriggerDummyTimer_PM.c"
   1:Generated_Source\PSoC5/CrankTriggerDummyTimer_PM.c **** /*******************************************************************************
   2:Generated_Source\PSoC5/CrankTriggerDummyTimer_PM.c **** * File Name: CrankTriggerDummyTimer_PM.c
   3:Generated_Source\PSoC5/CrankTriggerDummyTimer_PM.c **** * Version 2.70
   4:Generated_Source\PSoC5/CrankTriggerDummyTimer_PM.c **** *
   5:Generated_Source\PSoC5/CrankTriggerDummyTimer_PM.c **** *  Description:
   6:Generated_Source\PSoC5/CrankTriggerDummyTimer_PM.c **** *     This file provides the power management source code to API for the
   7:Generated_Source\PSoC5/CrankTriggerDummyTimer_PM.c **** *     Timer.
   8:Generated_Source\PSoC5/CrankTriggerDummyTimer_PM.c **** *
   9:Generated_Source\PSoC5/CrankTriggerDummyTimer_PM.c **** *   Note:
  10:Generated_Source\PSoC5/CrankTriggerDummyTimer_PM.c **** *     None
  11:Generated_Source\PSoC5/CrankTriggerDummyTimer_PM.c **** *
ARM GAS  C:\Users\Bruger\AppData\Local\Temp\ccM5O8Ty.s 			page 15


  12:Generated_Source\PSoC5/CrankTriggerDummyTimer_PM.c **** *******************************************************************************
  13:Generated_Source\PSoC5/CrankTriggerDummyTimer_PM.c **** * Copyright 2008-2014, Cypress Semiconductor Corporation.  All rights reserved.
  14:Generated_Source\PSoC5/CrankTriggerDummyTimer_PM.c **** * You may use this file only in accordance with the license, terms, conditions,
  15:Generated_Source\PSoC5/CrankTriggerDummyTimer_PM.c **** * disclaimers, and limitations in the end user license agreement accompanying
  16:Generated_Source\PSoC5/CrankTriggerDummyTimer_PM.c **** * the software package with which this file was provided.
  17:Generated_Source\PSoC5/CrankTriggerDummyTimer_PM.c **** ********************************************************************************/
  18:Generated_Source\PSoC5/CrankTriggerDummyTimer_PM.c **** 
  19:Generated_Source\PSoC5/CrankTriggerDummyTimer_PM.c **** #include "CrankTriggerDummyTimer.h"
  20:Generated_Source\PSoC5/CrankTriggerDummyTimer_PM.c **** 
  21:Generated_Source\PSoC5/CrankTriggerDummyTimer_PM.c **** static CrankTriggerDummyTimer_backupStruct CrankTriggerDummyTimer_backup;
  22:Generated_Source\PSoC5/CrankTriggerDummyTimer_PM.c **** 
  23:Generated_Source\PSoC5/CrankTriggerDummyTimer_PM.c **** 
  24:Generated_Source\PSoC5/CrankTriggerDummyTimer_PM.c **** /*******************************************************************************
  25:Generated_Source\PSoC5/CrankTriggerDummyTimer_PM.c **** * Function Name: CrankTriggerDummyTimer_SaveConfig
  26:Generated_Source\PSoC5/CrankTriggerDummyTimer_PM.c **** ********************************************************************************
  27:Generated_Source\PSoC5/CrankTriggerDummyTimer_PM.c **** *
  28:Generated_Source\PSoC5/CrankTriggerDummyTimer_PM.c **** * Summary:
  29:Generated_Source\PSoC5/CrankTriggerDummyTimer_PM.c **** *     Save the current user configuration
  30:Generated_Source\PSoC5/CrankTriggerDummyTimer_PM.c **** *
  31:Generated_Source\PSoC5/CrankTriggerDummyTimer_PM.c **** * Parameters:
  32:Generated_Source\PSoC5/CrankTriggerDummyTimer_PM.c **** *  void
  33:Generated_Source\PSoC5/CrankTriggerDummyTimer_PM.c **** *
  34:Generated_Source\PSoC5/CrankTriggerDummyTimer_PM.c **** * Return:
  35:Generated_Source\PSoC5/CrankTriggerDummyTimer_PM.c **** *  void
  36:Generated_Source\PSoC5/CrankTriggerDummyTimer_PM.c **** *
  37:Generated_Source\PSoC5/CrankTriggerDummyTimer_PM.c **** * Global variables:
  38:Generated_Source\PSoC5/CrankTriggerDummyTimer_PM.c **** *  CrankTriggerDummyTimer_backup:  Variables of this global structure are modified to
  39:Generated_Source\PSoC5/CrankTriggerDummyTimer_PM.c **** *  store the values of non retention configuration registers when Sleep() API is
  40:Generated_Source\PSoC5/CrankTriggerDummyTimer_PM.c **** *  called.
  41:Generated_Source\PSoC5/CrankTriggerDummyTimer_PM.c **** *
  42:Generated_Source\PSoC5/CrankTriggerDummyTimer_PM.c **** *******************************************************************************/
  43:Generated_Source\PSoC5/CrankTriggerDummyTimer_PM.c **** void CrankTriggerDummyTimer_SaveConfig(void) 
  44:Generated_Source\PSoC5/CrankTriggerDummyTimer_PM.c **** {
 212              		.loc 1 44 0
 213              		.cfi_startproc
 214              		@ args = 0, pretend = 0, frame = 0
 215              		@ frame_needed = 0, uses_anonymous_args = 0
 216              		@ link register save eliminated.
 217 0000 7047     		bx	lr
 218              		.cfi_endproc
 219              	.LFE0:
 220              		.size	CrankTriggerDummyTimer_SaveConfig, .-CrankTriggerDummyTimer_SaveConfig
 221 0002 00BF     		.section	.text.CrankTriggerDummyTimer_RestoreConfig,"ax",%progbits
 222              		.align	2
 223              		.global	CrankTriggerDummyTimer_RestoreConfig
 224              		.thumb
 225              		.thumb_func
 226              		.type	CrankTriggerDummyTimer_RestoreConfig, %function
 227              	CrankTriggerDummyTimer_RestoreConfig:
 228              	.LFB1:
  45:Generated_Source\PSoC5/CrankTriggerDummyTimer_PM.c ****     #if (!CrankTriggerDummyTimer_UsingFixedFunction)
  46:Generated_Source\PSoC5/CrankTriggerDummyTimer_PM.c ****         CrankTriggerDummyTimer_backup.TimerUdb = CrankTriggerDummyTimer_ReadCounter();
  47:Generated_Source\PSoC5/CrankTriggerDummyTimer_PM.c ****         CrankTriggerDummyTimer_backup.InterruptMaskValue = CrankTriggerDummyTimer_STATUS_MASK;
  48:Generated_Source\PSoC5/CrankTriggerDummyTimer_PM.c ****         #if (CrankTriggerDummyTimer_UsingHWCaptureCounter)
  49:Generated_Source\PSoC5/CrankTriggerDummyTimer_PM.c ****             CrankTriggerDummyTimer_backup.TimerCaptureCounter = CrankTriggerDummyTimer_ReadCaptureC
  50:Generated_Source\PSoC5/CrankTriggerDummyTimer_PM.c ****         #endif /* Back Up capture counter register  */
  51:Generated_Source\PSoC5/CrankTriggerDummyTimer_PM.c **** 
ARM GAS  C:\Users\Bruger\AppData\Local\Temp\ccM5O8Ty.s 			page 16


  52:Generated_Source\PSoC5/CrankTriggerDummyTimer_PM.c ****         #if(!CrankTriggerDummyTimer_UDB_CONTROL_REG_REMOVED)
  53:Generated_Source\PSoC5/CrankTriggerDummyTimer_PM.c ****             CrankTriggerDummyTimer_backup.TimerControlRegister = CrankTriggerDummyTimer_ReadControl
  54:Generated_Source\PSoC5/CrankTriggerDummyTimer_PM.c ****         #endif /* Backup the enable state of the Timer component */
  55:Generated_Source\PSoC5/CrankTriggerDummyTimer_PM.c ****     #endif /* Backup non retention registers in UDB implementation. All fixed function registers ar
  56:Generated_Source\PSoC5/CrankTriggerDummyTimer_PM.c **** }
  57:Generated_Source\PSoC5/CrankTriggerDummyTimer_PM.c **** 
  58:Generated_Source\PSoC5/CrankTriggerDummyTimer_PM.c **** 
  59:Generated_Source\PSoC5/CrankTriggerDummyTimer_PM.c **** /*******************************************************************************
  60:Generated_Source\PSoC5/CrankTriggerDummyTimer_PM.c **** * Function Name: CrankTriggerDummyTimer_RestoreConfig
  61:Generated_Source\PSoC5/CrankTriggerDummyTimer_PM.c **** ********************************************************************************
  62:Generated_Source\PSoC5/CrankTriggerDummyTimer_PM.c **** *
  63:Generated_Source\PSoC5/CrankTriggerDummyTimer_PM.c **** * Summary:
  64:Generated_Source\PSoC5/CrankTriggerDummyTimer_PM.c **** *  Restores the current user configuration.
  65:Generated_Source\PSoC5/CrankTriggerDummyTimer_PM.c **** *
  66:Generated_Source\PSoC5/CrankTriggerDummyTimer_PM.c **** * Parameters:
  67:Generated_Source\PSoC5/CrankTriggerDummyTimer_PM.c **** *  void
  68:Generated_Source\PSoC5/CrankTriggerDummyTimer_PM.c **** *
  69:Generated_Source\PSoC5/CrankTriggerDummyTimer_PM.c **** * Return:
  70:Generated_Source\PSoC5/CrankTriggerDummyTimer_PM.c **** *  void
  71:Generated_Source\PSoC5/CrankTriggerDummyTimer_PM.c **** *
  72:Generated_Source\PSoC5/CrankTriggerDummyTimer_PM.c **** * Global variables:
  73:Generated_Source\PSoC5/CrankTriggerDummyTimer_PM.c **** *  CrankTriggerDummyTimer_backup:  Variables of this global structure are used to
  74:Generated_Source\PSoC5/CrankTriggerDummyTimer_PM.c **** *  restore the values of non retention registers on wakeup from sleep mode.
  75:Generated_Source\PSoC5/CrankTriggerDummyTimer_PM.c **** *
  76:Generated_Source\PSoC5/CrankTriggerDummyTimer_PM.c **** *******************************************************************************/
  77:Generated_Source\PSoC5/CrankTriggerDummyTimer_PM.c **** void CrankTriggerDummyTimer_RestoreConfig(void) 
  78:Generated_Source\PSoC5/CrankTriggerDummyTimer_PM.c **** {   
 229              		.loc 1 78 0
 230              		.cfi_startproc
 231              		@ args = 0, pretend = 0, frame = 0
 232              		@ frame_needed = 0, uses_anonymous_args = 0
 233              		@ link register save eliminated.
 234 0000 7047     		bx	lr
 235              		.cfi_endproc
 236              	.LFE1:
 237              		.size	CrankTriggerDummyTimer_RestoreConfig, .-CrankTriggerDummyTimer_RestoreConfig
 238 0002 00BF     		.section	.text.CrankTriggerDummyTimer_Sleep,"ax",%progbits
 239              		.align	2
 240              		.global	CrankTriggerDummyTimer_Sleep
 241              		.thumb
 242              		.thumb_func
 243              		.type	CrankTriggerDummyTimer_Sleep, %function
 244              	CrankTriggerDummyTimer_Sleep:
 245              	.LFB2:
  79:Generated_Source\PSoC5/CrankTriggerDummyTimer_PM.c ****     #if (!CrankTriggerDummyTimer_UsingFixedFunction)
  80:Generated_Source\PSoC5/CrankTriggerDummyTimer_PM.c **** 
  81:Generated_Source\PSoC5/CrankTriggerDummyTimer_PM.c ****         CrankTriggerDummyTimer_WriteCounter(CrankTriggerDummyTimer_backup.TimerUdb);
  82:Generated_Source\PSoC5/CrankTriggerDummyTimer_PM.c ****         CrankTriggerDummyTimer_STATUS_MASK =CrankTriggerDummyTimer_backup.InterruptMaskValue;
  83:Generated_Source\PSoC5/CrankTriggerDummyTimer_PM.c ****         #if (CrankTriggerDummyTimer_UsingHWCaptureCounter)
  84:Generated_Source\PSoC5/CrankTriggerDummyTimer_PM.c ****             CrankTriggerDummyTimer_SetCaptureCount(CrankTriggerDummyTimer_backup.TimerCaptureCounte
  85:Generated_Source\PSoC5/CrankTriggerDummyTimer_PM.c ****         #endif /* Restore Capture counter register*/
  86:Generated_Source\PSoC5/CrankTriggerDummyTimer_PM.c **** 
  87:Generated_Source\PSoC5/CrankTriggerDummyTimer_PM.c ****         #if(!CrankTriggerDummyTimer_UDB_CONTROL_REG_REMOVED)
  88:Generated_Source\PSoC5/CrankTriggerDummyTimer_PM.c ****             CrankTriggerDummyTimer_WriteControlRegister(CrankTriggerDummyTimer_backup.TimerControlR
  89:Generated_Source\PSoC5/CrankTriggerDummyTimer_PM.c ****         #endif /* Restore the enable state of the Timer component */
  90:Generated_Source\PSoC5/CrankTriggerDummyTimer_PM.c ****     #endif /* Restore non retention registers in the UDB implementation only */
  91:Generated_Source\PSoC5/CrankTriggerDummyTimer_PM.c **** }
ARM GAS  C:\Users\Bruger\AppData\Local\Temp\ccM5O8Ty.s 			page 17


  92:Generated_Source\PSoC5/CrankTriggerDummyTimer_PM.c **** 
  93:Generated_Source\PSoC5/CrankTriggerDummyTimer_PM.c **** 
  94:Generated_Source\PSoC5/CrankTriggerDummyTimer_PM.c **** /*******************************************************************************
  95:Generated_Source\PSoC5/CrankTriggerDummyTimer_PM.c **** * Function Name: CrankTriggerDummyTimer_Sleep
  96:Generated_Source\PSoC5/CrankTriggerDummyTimer_PM.c **** ********************************************************************************
  97:Generated_Source\PSoC5/CrankTriggerDummyTimer_PM.c **** *
  98:Generated_Source\PSoC5/CrankTriggerDummyTimer_PM.c **** * Summary:
  99:Generated_Source\PSoC5/CrankTriggerDummyTimer_PM.c **** *     Stop and Save the user configuration
 100:Generated_Source\PSoC5/CrankTriggerDummyTimer_PM.c **** *
 101:Generated_Source\PSoC5/CrankTriggerDummyTimer_PM.c **** * Parameters:
 102:Generated_Source\PSoC5/CrankTriggerDummyTimer_PM.c **** *  void
 103:Generated_Source\PSoC5/CrankTriggerDummyTimer_PM.c **** *
 104:Generated_Source\PSoC5/CrankTriggerDummyTimer_PM.c **** * Return:
 105:Generated_Source\PSoC5/CrankTriggerDummyTimer_PM.c **** *  void
 106:Generated_Source\PSoC5/CrankTriggerDummyTimer_PM.c **** *
 107:Generated_Source\PSoC5/CrankTriggerDummyTimer_PM.c **** * Global variables:
 108:Generated_Source\PSoC5/CrankTriggerDummyTimer_PM.c **** *  CrankTriggerDummyTimer_backup.TimerEnableState:  Is modified depending on the
 109:Generated_Source\PSoC5/CrankTriggerDummyTimer_PM.c **** *  enable state of the block before entering sleep mode.
 110:Generated_Source\PSoC5/CrankTriggerDummyTimer_PM.c **** *
 111:Generated_Source\PSoC5/CrankTriggerDummyTimer_PM.c **** *******************************************************************************/
 112:Generated_Source\PSoC5/CrankTriggerDummyTimer_PM.c **** void CrankTriggerDummyTimer_Sleep(void) 
 113:Generated_Source\PSoC5/CrankTriggerDummyTimer_PM.c **** {
 246              		.loc 1 113 0
 247              		.cfi_startproc
 248              		@ args = 0, pretend = 0, frame = 0
 249              		@ frame_needed = 0, uses_anonymous_args = 0
 250              		@ link register save eliminated.
 114:Generated_Source\PSoC5/CrankTriggerDummyTimer_PM.c ****     #if(!CrankTriggerDummyTimer_UDB_CONTROL_REG_REMOVED)
 115:Generated_Source\PSoC5/CrankTriggerDummyTimer_PM.c ****         /* Save Counter's enable state */
 116:Generated_Source\PSoC5/CrankTriggerDummyTimer_PM.c ****         if(CrankTriggerDummyTimer_CTRL_ENABLE == (CrankTriggerDummyTimer_CONTROL & CrankTriggerDumm
 251              		.loc 1 116 0
 252 0000 034B     		ldr	r3, .L4
 253 0002 044A     		ldr	r2, .L4+4
 254 0004 1B78     		ldrb	r3, [r3]	@ zero_extendqisi2
 255 0006 03F00103 		and	r3, r3, #1
 256 000a 1370     		strb	r3, [r2]
 117:Generated_Source\PSoC5/CrankTriggerDummyTimer_PM.c ****         {
 118:Generated_Source\PSoC5/CrankTriggerDummyTimer_PM.c ****             /* Timer is enabled */
 119:Generated_Source\PSoC5/CrankTriggerDummyTimer_PM.c ****             CrankTriggerDummyTimer_backup.TimerEnableState = 1u;
 120:Generated_Source\PSoC5/CrankTriggerDummyTimer_PM.c ****         }
 121:Generated_Source\PSoC5/CrankTriggerDummyTimer_PM.c ****         else
 122:Generated_Source\PSoC5/CrankTriggerDummyTimer_PM.c ****         {
 123:Generated_Source\PSoC5/CrankTriggerDummyTimer_PM.c ****             /* Timer is disabled */
 124:Generated_Source\PSoC5/CrankTriggerDummyTimer_PM.c ****             CrankTriggerDummyTimer_backup.TimerEnableState = 0u;
 125:Generated_Source\PSoC5/CrankTriggerDummyTimer_PM.c ****         }
 126:Generated_Source\PSoC5/CrankTriggerDummyTimer_PM.c ****     #endif /* Back up enable state from the Timer control register */
 127:Generated_Source\PSoC5/CrankTriggerDummyTimer_PM.c ****     CrankTriggerDummyTimer_Stop();
 257              		.loc 1 127 0
 258 000c FFF7FEBF 		b	CrankTriggerDummyTimer_Stop
 259              	.LVL0:
 260              	.L5:
 261              		.align	2
 262              	.L4:
 263 0010 184F0040 		.word	1073762072
 264 0014 00000000 		.word	.LANCHOR0
 265              		.cfi_endproc
 266              	.LFE2:
ARM GAS  C:\Users\Bruger\AppData\Local\Temp\ccM5O8Ty.s 			page 18


 267              		.size	CrankTriggerDummyTimer_Sleep, .-CrankTriggerDummyTimer_Sleep
 268              		.section	.text.CrankTriggerDummyTimer_Wakeup,"ax",%progbits
 269              		.align	2
 270              		.global	CrankTriggerDummyTimer_Wakeup
 271              		.thumb
 272              		.thumb_func
 273              		.type	CrankTriggerDummyTimer_Wakeup, %function
 274              	CrankTriggerDummyTimer_Wakeup:
 275              	.LFB3:
 128:Generated_Source\PSoC5/CrankTriggerDummyTimer_PM.c ****     CrankTriggerDummyTimer_SaveConfig();
 129:Generated_Source\PSoC5/CrankTriggerDummyTimer_PM.c **** }
 130:Generated_Source\PSoC5/CrankTriggerDummyTimer_PM.c **** 
 131:Generated_Source\PSoC5/CrankTriggerDummyTimer_PM.c **** 
 132:Generated_Source\PSoC5/CrankTriggerDummyTimer_PM.c **** /*******************************************************************************
 133:Generated_Source\PSoC5/CrankTriggerDummyTimer_PM.c **** * Function Name: CrankTriggerDummyTimer_Wakeup
 134:Generated_Source\PSoC5/CrankTriggerDummyTimer_PM.c **** ********************************************************************************
 135:Generated_Source\PSoC5/CrankTriggerDummyTimer_PM.c **** *
 136:Generated_Source\PSoC5/CrankTriggerDummyTimer_PM.c **** * Summary:
 137:Generated_Source\PSoC5/CrankTriggerDummyTimer_PM.c **** *  Restores and enables the user configuration
 138:Generated_Source\PSoC5/CrankTriggerDummyTimer_PM.c **** *
 139:Generated_Source\PSoC5/CrankTriggerDummyTimer_PM.c **** * Parameters:
 140:Generated_Source\PSoC5/CrankTriggerDummyTimer_PM.c **** *  void
 141:Generated_Source\PSoC5/CrankTriggerDummyTimer_PM.c **** *
 142:Generated_Source\PSoC5/CrankTriggerDummyTimer_PM.c **** * Return:
 143:Generated_Source\PSoC5/CrankTriggerDummyTimer_PM.c **** *  void
 144:Generated_Source\PSoC5/CrankTriggerDummyTimer_PM.c **** *
 145:Generated_Source\PSoC5/CrankTriggerDummyTimer_PM.c **** * Global variables:
 146:Generated_Source\PSoC5/CrankTriggerDummyTimer_PM.c **** *  CrankTriggerDummyTimer_backup.enableState:  Is used to restore the enable state of
 147:Generated_Source\PSoC5/CrankTriggerDummyTimer_PM.c **** *  block on wakeup from sleep mode.
 148:Generated_Source\PSoC5/CrankTriggerDummyTimer_PM.c **** *
 149:Generated_Source\PSoC5/CrankTriggerDummyTimer_PM.c **** *******************************************************************************/
 150:Generated_Source\PSoC5/CrankTriggerDummyTimer_PM.c **** void CrankTriggerDummyTimer_Wakeup(void) 
 151:Generated_Source\PSoC5/CrankTriggerDummyTimer_PM.c **** {
 276              		.loc 1 151 0
 277              		.cfi_startproc
 278              		@ args = 0, pretend = 0, frame = 0
 279              		@ frame_needed = 0, uses_anonymous_args = 0
 280              		@ link register save eliminated.
 152:Generated_Source\PSoC5/CrankTriggerDummyTimer_PM.c ****     CrankTriggerDummyTimer_RestoreConfig();
 153:Generated_Source\PSoC5/CrankTriggerDummyTimer_PM.c ****     #if(!CrankTriggerDummyTimer_UDB_CONTROL_REG_REMOVED)
 154:Generated_Source\PSoC5/CrankTriggerDummyTimer_PM.c ****         if(CrankTriggerDummyTimer_backup.TimerEnableState == 1u)
 281              		.loc 1 154 0
 282 0000 034B     		ldr	r3, .L10
 283 0002 1B78     		ldrb	r3, [r3]	@ zero_extendqisi2
 284 0004 012B     		cmp	r3, #1
 285 0006 00D0     		beq	.L9
 286 0008 7047     		bx	lr
 287              	.L9:
 155:Generated_Source\PSoC5/CrankTriggerDummyTimer_PM.c ****         {     /* Enable Timer's operation */
 156:Generated_Source\PSoC5/CrankTriggerDummyTimer_PM.c ****                 CrankTriggerDummyTimer_Enable();
 288              		.loc 1 156 0
 289 000a FFF7FEBF 		b	CrankTriggerDummyTimer_Enable
 290              	.LVL1:
 291              	.L11:
 292 000e 00BF     		.align	2
 293              	.L10:
 294 0010 00000000 		.word	.LANCHOR0
ARM GAS  C:\Users\Bruger\AppData\Local\Temp\ccM5O8Ty.s 			page 19


 295              		.cfi_endproc
 296              	.LFE3:
 297              		.size	CrankTriggerDummyTimer_Wakeup, .-CrankTriggerDummyTimer_Wakeup
 298              		.bss
 299              		.align	2
 300              		.set	.LANCHOR0,. + 0
 301              		.type	CrankTriggerDummyTimer_backup, %object
 302              		.size	CrankTriggerDummyTimer_backup, 1
 303              	CrankTriggerDummyTimer_backup:
 304 0000 00       		.space	1
 305 0001 000000   		.text
 306              	.Letext0:
 307              		.file 2 "Generated_Source\\PSoC5\\cytypes.h"
 308              		.file 3 "Generated_Source\\PSoC5\\CrankTriggerDummyTimer.h"
 309              		.section	.debug_info,"",%progbits
 310              	.Ldebug_info0:
 311 0000 4C010000 		.4byte	0x14c
 312 0004 0400     		.2byte	0x4
 313 0006 00000000 		.4byte	.Ldebug_abbrev0
 314 000a 04       		.byte	0x4
 315 000b 01       		.uleb128 0x1
 316 000c 51020000 		.4byte	.LASF22
 317 0010 01       		.byte	0x1
 318 0011 C0010000 		.4byte	.LASF23
 319 0015 EB000000 		.4byte	.LASF24
 320 0019 00000000 		.4byte	.Ldebug_ranges0+0
 321 001d 00000000 		.4byte	0
 322 0021 00000000 		.4byte	.Ldebug_line0
 323 0025 02       		.uleb128 0x2
 324 0026 01       		.byte	0x1
 325 0027 06       		.byte	0x6
 326 0028 27020000 		.4byte	.LASF0
 327 002c 02       		.uleb128 0x2
 328 002d 01       		.byte	0x1
 329 002e 08       		.byte	0x8
 330 002f 72010000 		.4byte	.LASF1
 331 0033 02       		.uleb128 0x2
 332 0034 02       		.byte	0x2
 333 0035 05       		.byte	0x5
 334 0036 39020000 		.4byte	.LASF2
 335 003a 02       		.uleb128 0x2
 336 003b 02       		.byte	0x2
 337 003c 07       		.byte	0x7
 338 003d 0E000000 		.4byte	.LASF3
 339 0041 02       		.uleb128 0x2
 340 0042 04       		.byte	0x4
 341 0043 05       		.byte	0x5
 342 0044 F3010000 		.4byte	.LASF4
 343 0048 02       		.uleb128 0x2
 344 0049 04       		.byte	0x4
 345 004a 07       		.byte	0x7
 346 004b C2000000 		.4byte	.LASF5
 347 004f 02       		.uleb128 0x2
 348 0050 08       		.byte	0x8
 349 0051 05       		.byte	0x5
 350 0052 00000000 		.4byte	.LASF6
 351 0056 02       		.uleb128 0x2
ARM GAS  C:\Users\Bruger\AppData\Local\Temp\ccM5O8Ty.s 			page 20


 352 0057 08       		.byte	0x8
 353 0058 07       		.byte	0x7
 354 0059 D4000000 		.4byte	.LASF7
 355 005d 03       		.uleb128 0x3
 356 005e 04       		.byte	0x4
 357 005f 05       		.byte	0x5
 358 0060 696E7400 		.ascii	"int\000"
 359 0064 02       		.uleb128 0x2
 360 0065 04       		.byte	0x4
 361 0066 07       		.byte	0x7
 362 0067 21000000 		.4byte	.LASF8
 363 006b 04       		.uleb128 0x4
 364 006c BC000000 		.4byte	.LASF12
 365 0070 02       		.byte	0x2
 366 0071 3801     		.2byte	0x138
 367 0073 2C000000 		.4byte	0x2c
 368 0077 02       		.uleb128 0x2
 369 0078 04       		.byte	0x4
 370 0079 04       		.byte	0x4
 371 007a 33020000 		.4byte	.LASF9
 372 007e 02       		.uleb128 0x2
 373 007f 08       		.byte	0x8
 374 0080 04       		.byte	0x4
 375 0081 FC010000 		.4byte	.LASF10
 376 0085 02       		.uleb128 0x2
 377 0086 01       		.byte	0x1
 378 0087 08       		.byte	0x8
 379 0088 50010000 		.4byte	.LASF11
 380 008c 04       		.uleb128 0x4
 381 008d 43020000 		.4byte	.LASF13
 382 0091 02       		.byte	0x2
 383 0092 E201     		.2byte	0x1e2
 384 0094 98000000 		.4byte	0x98
 385 0098 05       		.uleb128 0x5
 386 0099 6B000000 		.4byte	0x6b
 387 009d 02       		.uleb128 0x2
 388 009e 04       		.byte	0x4
 389 009f 07       		.byte	0x7
 390 00a0 48020000 		.4byte	.LASF14
 391 00a4 06       		.uleb128 0x6
 392 00a5 01       		.byte	0x1
 393 00a6 03       		.byte	0x3
 394 00a7 43       		.byte	0x43
 395 00a8 B9000000 		.4byte	0xb9
 396 00ac 07       		.uleb128 0x7
 397 00ad 86000000 		.4byte	.LASF25
 398 00b1 03       		.byte	0x3
 399 00b2 45       		.byte	0x45
 400 00b3 6B000000 		.4byte	0x6b
 401 00b7 00       		.byte	0
 402 00b8 00       		.byte	0
 403 00b9 08       		.uleb128 0x8
 404 00ba 03020000 		.4byte	.LASF15
 405 00be 03       		.byte	0x3
 406 00bf 53       		.byte	0x53
 407 00c0 A4000000 		.4byte	0xa4
 408 00c4 09       		.uleb128 0x9
ARM GAS  C:\Users\Bruger\AppData\Local\Temp\ccM5O8Ty.s 			page 21


 409 00c5 9E010000 		.4byte	.LASF16
 410 00c9 01       		.byte	0x1
 411 00ca 2B       		.byte	0x2b
 412 00cb 01       		.byte	0x1
 413 00cc 09       		.uleb128 0x9
 414 00cd 97000000 		.4byte	.LASF17
 415 00d1 01       		.byte	0x1
 416 00d2 4D       		.byte	0x4d
 417 00d3 01       		.byte	0x1
 418 00d4 0A       		.uleb128 0xa
 419 00d5 C4000000 		.4byte	0xc4
 420 00d9 00000000 		.4byte	.LFB0
 421 00dd 02000000 		.4byte	.LFE0-.LFB0
 422 00e1 01       		.uleb128 0x1
 423 00e2 9C       		.byte	0x9c
 424 00e3 0A       		.uleb128 0xa
 425 00e4 CC000000 		.4byte	0xcc
 426 00e8 00000000 		.4byte	.LFB1
 427 00ec 02000000 		.4byte	.LFE1-.LFB1
 428 00f0 01       		.uleb128 0x1
 429 00f1 9C       		.byte	0x9c
 430 00f2 0B       		.uleb128 0xb
 431 00f3 55010000 		.4byte	.LASF18
 432 00f7 01       		.byte	0x1
 433 00f8 70       		.byte	0x70
 434 00f9 00000000 		.4byte	.LFB2
 435 00fd 18000000 		.4byte	.LFE2-.LFB2
 436 0101 01       		.uleb128 0x1
 437 0102 9C       		.byte	0x9c
 438 0103 11010000 		.4byte	0x111
 439 0107 0C       		.uleb128 0xc
 440 0108 10000000 		.4byte	.LVL0
 441 010c 41010000 		.4byte	0x141
 442 0110 00       		.byte	0
 443 0111 0B       		.uleb128 0xb
 444 0112 68000000 		.4byte	.LASF19
 445 0116 01       		.byte	0x1
 446 0117 96       		.byte	0x96
 447 0118 00000000 		.4byte	.LFB3
 448 011c 14000000 		.4byte	.LFE3-.LFB3
 449 0120 01       		.uleb128 0x1
 450 0121 9C       		.byte	0x9c
 451 0122 30010000 		.4byte	0x130
 452 0126 0C       		.uleb128 0xc
 453 0127 0E000000 		.4byte	.LVL1
 454 012b 48010000 		.4byte	0x148
 455 012f 00       		.byte	0
 456 0130 0D       		.uleb128 0xd
 457 0131 2E000000 		.4byte	.LASF26
 458 0135 01       		.byte	0x1
 459 0136 15       		.byte	0x15
 460 0137 B9000000 		.4byte	0xb9
 461 013b 05       		.uleb128 0x5
 462 013c 03       		.byte	0x3
 463 013d 00000000 		.4byte	CrankTriggerDummyTimer_backup
 464 0141 0E       		.uleb128 0xe
 465 0142 4C000000 		.4byte	.LASF20
ARM GAS  C:\Users\Bruger\AppData\Local\Temp\ccM5O8Ty.s 			page 22


 466 0146 03       		.byte	0x3
 467 0147 5B       		.byte	0x5b
 468 0148 0E       		.uleb128 0xe
 469 0149 80010000 		.4byte	.LASF21
 470 014d 03       		.byte	0x3
 471 014e 8B       		.byte	0x8b
 472 014f 00       		.byte	0
 473              		.section	.debug_abbrev,"",%progbits
 474              	.Ldebug_abbrev0:
 475 0000 01       		.uleb128 0x1
 476 0001 11       		.uleb128 0x11
 477 0002 01       		.byte	0x1
 478 0003 25       		.uleb128 0x25
 479 0004 0E       		.uleb128 0xe
 480 0005 13       		.uleb128 0x13
 481 0006 0B       		.uleb128 0xb
 482 0007 03       		.uleb128 0x3
 483 0008 0E       		.uleb128 0xe
 484 0009 1B       		.uleb128 0x1b
 485 000a 0E       		.uleb128 0xe
 486 000b 55       		.uleb128 0x55
 487 000c 17       		.uleb128 0x17
 488 000d 11       		.uleb128 0x11
 489 000e 01       		.uleb128 0x1
 490 000f 10       		.uleb128 0x10
 491 0010 17       		.uleb128 0x17
 492 0011 00       		.byte	0
 493 0012 00       		.byte	0
 494 0013 02       		.uleb128 0x2
 495 0014 24       		.uleb128 0x24
 496 0015 00       		.byte	0
 497 0016 0B       		.uleb128 0xb
 498 0017 0B       		.uleb128 0xb
 499 0018 3E       		.uleb128 0x3e
 500 0019 0B       		.uleb128 0xb
 501 001a 03       		.uleb128 0x3
 502 001b 0E       		.uleb128 0xe
 503 001c 00       		.byte	0
 504 001d 00       		.byte	0
 505 001e 03       		.uleb128 0x3
 506 001f 24       		.uleb128 0x24
 507 0020 00       		.byte	0
 508 0021 0B       		.uleb128 0xb
 509 0022 0B       		.uleb128 0xb
 510 0023 3E       		.uleb128 0x3e
 511 0024 0B       		.uleb128 0xb
 512 0025 03       		.uleb128 0x3
 513 0026 08       		.uleb128 0x8
 514 0027 00       		.byte	0
 515 0028 00       		.byte	0
 516 0029 04       		.uleb128 0x4
 517 002a 16       		.uleb128 0x16
 518 002b 00       		.byte	0
 519 002c 03       		.uleb128 0x3
 520 002d 0E       		.uleb128 0xe
 521 002e 3A       		.uleb128 0x3a
 522 002f 0B       		.uleb128 0xb
ARM GAS  C:\Users\Bruger\AppData\Local\Temp\ccM5O8Ty.s 			page 23


 523 0030 3B       		.uleb128 0x3b
 524 0031 05       		.uleb128 0x5
 525 0032 49       		.uleb128 0x49
 526 0033 13       		.uleb128 0x13
 527 0034 00       		.byte	0
 528 0035 00       		.byte	0
 529 0036 05       		.uleb128 0x5
 530 0037 35       		.uleb128 0x35
 531 0038 00       		.byte	0
 532 0039 49       		.uleb128 0x49
 533 003a 13       		.uleb128 0x13
 534 003b 00       		.byte	0
 535 003c 00       		.byte	0
 536 003d 06       		.uleb128 0x6
 537 003e 13       		.uleb128 0x13
 538 003f 01       		.byte	0x1
 539 0040 0B       		.uleb128 0xb
 540 0041 0B       		.uleb128 0xb
 541 0042 3A       		.uleb128 0x3a
 542 0043 0B       		.uleb128 0xb
 543 0044 3B       		.uleb128 0x3b
 544 0045 0B       		.uleb128 0xb
 545 0046 01       		.uleb128 0x1
 546 0047 13       		.uleb128 0x13
 547 0048 00       		.byte	0
 548 0049 00       		.byte	0
 549 004a 07       		.uleb128 0x7
 550 004b 0D       		.uleb128 0xd
 551 004c 00       		.byte	0
 552 004d 03       		.uleb128 0x3
 553 004e 0E       		.uleb128 0xe
 554 004f 3A       		.uleb128 0x3a
 555 0050 0B       		.uleb128 0xb
 556 0051 3B       		.uleb128 0x3b
 557 0052 0B       		.uleb128 0xb
 558 0053 49       		.uleb128 0x49
 559 0054 13       		.uleb128 0x13
 560 0055 38       		.uleb128 0x38
 561 0056 0B       		.uleb128 0xb
 562 0057 00       		.byte	0
 563 0058 00       		.byte	0
 564 0059 08       		.uleb128 0x8
 565 005a 16       		.uleb128 0x16
 566 005b 00       		.byte	0
 567 005c 03       		.uleb128 0x3
 568 005d 0E       		.uleb128 0xe
 569 005e 3A       		.uleb128 0x3a
 570 005f 0B       		.uleb128 0xb
 571 0060 3B       		.uleb128 0x3b
 572 0061 0B       		.uleb128 0xb
 573 0062 49       		.uleb128 0x49
 574 0063 13       		.uleb128 0x13
 575 0064 00       		.byte	0
 576 0065 00       		.byte	0
 577 0066 09       		.uleb128 0x9
 578 0067 2E       		.uleb128 0x2e
 579 0068 00       		.byte	0
ARM GAS  C:\Users\Bruger\AppData\Local\Temp\ccM5O8Ty.s 			page 24


 580 0069 3F       		.uleb128 0x3f
 581 006a 19       		.uleb128 0x19
 582 006b 03       		.uleb128 0x3
 583 006c 0E       		.uleb128 0xe
 584 006d 3A       		.uleb128 0x3a
 585 006e 0B       		.uleb128 0xb
 586 006f 3B       		.uleb128 0x3b
 587 0070 0B       		.uleb128 0xb
 588 0071 27       		.uleb128 0x27
 589 0072 19       		.uleb128 0x19
 590 0073 20       		.uleb128 0x20
 591 0074 0B       		.uleb128 0xb
 592 0075 00       		.byte	0
 593 0076 00       		.byte	0
 594 0077 0A       		.uleb128 0xa
 595 0078 2E       		.uleb128 0x2e
 596 0079 00       		.byte	0
 597 007a 31       		.uleb128 0x31
 598 007b 13       		.uleb128 0x13
 599 007c 11       		.uleb128 0x11
 600 007d 01       		.uleb128 0x1
 601 007e 12       		.uleb128 0x12
 602 007f 06       		.uleb128 0x6
 603 0080 40       		.uleb128 0x40
 604 0081 18       		.uleb128 0x18
 605 0082 9742     		.uleb128 0x2117
 606 0084 19       		.uleb128 0x19
 607 0085 00       		.byte	0
 608 0086 00       		.byte	0
 609 0087 0B       		.uleb128 0xb
 610 0088 2E       		.uleb128 0x2e
 611 0089 01       		.byte	0x1
 612 008a 3F       		.uleb128 0x3f
 613 008b 19       		.uleb128 0x19
 614 008c 03       		.uleb128 0x3
 615 008d 0E       		.uleb128 0xe
 616 008e 3A       		.uleb128 0x3a
 617 008f 0B       		.uleb128 0xb
 618 0090 3B       		.uleb128 0x3b
 619 0091 0B       		.uleb128 0xb
 620 0092 27       		.uleb128 0x27
 621 0093 19       		.uleb128 0x19
 622 0094 11       		.uleb128 0x11
 623 0095 01       		.uleb128 0x1
 624 0096 12       		.uleb128 0x12
 625 0097 06       		.uleb128 0x6
 626 0098 40       		.uleb128 0x40
 627 0099 18       		.uleb128 0x18
 628 009a 9742     		.uleb128 0x2117
 629 009c 19       		.uleb128 0x19
 630 009d 01       		.uleb128 0x1
 631 009e 13       		.uleb128 0x13
 632 009f 00       		.byte	0
 633 00a0 00       		.byte	0
 634 00a1 0C       		.uleb128 0xc
 635 00a2 898201   		.uleb128 0x4109
 636 00a5 00       		.byte	0
ARM GAS  C:\Users\Bruger\AppData\Local\Temp\ccM5O8Ty.s 			page 25


 637 00a6 11       		.uleb128 0x11
 638 00a7 01       		.uleb128 0x1
 639 00a8 9542     		.uleb128 0x2115
 640 00aa 19       		.uleb128 0x19
 641 00ab 31       		.uleb128 0x31
 642 00ac 13       		.uleb128 0x13
 643 00ad 00       		.byte	0
 644 00ae 00       		.byte	0
 645 00af 0D       		.uleb128 0xd
 646 00b0 34       		.uleb128 0x34
 647 00b1 00       		.byte	0
 648 00b2 03       		.uleb128 0x3
 649 00b3 0E       		.uleb128 0xe
 650 00b4 3A       		.uleb128 0x3a
 651 00b5 0B       		.uleb128 0xb
 652 00b6 3B       		.uleb128 0x3b
 653 00b7 0B       		.uleb128 0xb
 654 00b8 49       		.uleb128 0x49
 655 00b9 13       		.uleb128 0x13
 656 00ba 02       		.uleb128 0x2
 657 00bb 18       		.uleb128 0x18
 658 00bc 00       		.byte	0
 659 00bd 00       		.byte	0
 660 00be 0E       		.uleb128 0xe
 661 00bf 2E       		.uleb128 0x2e
 662 00c0 00       		.byte	0
 663 00c1 3F       		.uleb128 0x3f
 664 00c2 19       		.uleb128 0x19
 665 00c3 03       		.uleb128 0x3
 666 00c4 0E       		.uleb128 0xe
 667 00c5 3A       		.uleb128 0x3a
 668 00c6 0B       		.uleb128 0xb
 669 00c7 3B       		.uleb128 0x3b
 670 00c8 0B       		.uleb128 0xb
 671 00c9 27       		.uleb128 0x27
 672 00ca 19       		.uleb128 0x19
 673 00cb 3C       		.uleb128 0x3c
 674 00cc 19       		.uleb128 0x19
 675 00cd 00       		.byte	0
 676 00ce 00       		.byte	0
 677 00cf 00       		.byte	0
 678              		.section	.debug_aranges,"",%progbits
 679 0000 34000000 		.4byte	0x34
 680 0004 0200     		.2byte	0x2
 681 0006 00000000 		.4byte	.Ldebug_info0
 682 000a 04       		.byte	0x4
 683 000b 00       		.byte	0
 684 000c 0000     		.2byte	0
 685 000e 0000     		.2byte	0
 686 0010 00000000 		.4byte	.LFB0
 687 0014 02000000 		.4byte	.LFE0-.LFB0
 688 0018 00000000 		.4byte	.LFB1
 689 001c 02000000 		.4byte	.LFE1-.LFB1
 690 0020 00000000 		.4byte	.LFB2
 691 0024 18000000 		.4byte	.LFE2-.LFB2
 692 0028 00000000 		.4byte	.LFB3
 693 002c 14000000 		.4byte	.LFE3-.LFB3
ARM GAS  C:\Users\Bruger\AppData\Local\Temp\ccM5O8Ty.s 			page 26


 694 0030 00000000 		.4byte	0
 695 0034 00000000 		.4byte	0
 696              		.section	.debug_ranges,"",%progbits
 697              	.Ldebug_ranges0:
 698 0000 00000000 		.4byte	.LFB0
 699 0004 02000000 		.4byte	.LFE0
 700 0008 00000000 		.4byte	.LFB1
 701 000c 02000000 		.4byte	.LFE1
 702 0010 00000000 		.4byte	.LFB2
 703 0014 18000000 		.4byte	.LFE2
 704 0018 00000000 		.4byte	.LFB3
 705 001c 14000000 		.4byte	.LFE3
 706 0020 00000000 		.4byte	0
 707 0024 00000000 		.4byte	0
 708              		.section	.debug_line,"",%progbits
 709              	.Ldebug_line0:
 710 0000 BD000000 		.section	.debug_str,"MS",%progbits,1
 710      02007200 
 710      00000201 
 710      FB0E0D00 
 710      01010101 
 711              	.LASF6:
 712 0000 6C6F6E67 		.ascii	"long long int\000"
 712      206C6F6E 
 712      6720696E 
 712      7400
 713              	.LASF3:
 714 000e 73686F72 		.ascii	"short unsigned int\000"
 714      7420756E 
 714      7369676E 
 714      65642069 
 714      6E7400
 715              	.LASF8:
 716 0021 756E7369 		.ascii	"unsigned int\000"
 716      676E6564 
 716      20696E74 
 716      00
 717              	.LASF26:
 718 002e 4372616E 		.ascii	"CrankTriggerDummyTimer_backup\000"
 718      6B547269 
 718      67676572 
 718      44756D6D 
 718      7954696D 
 719              	.LASF20:
 720 004c 4372616E 		.ascii	"CrankTriggerDummyTimer_Stop\000"
 720      6B547269 
 720      67676572 
 720      44756D6D 
 720      7954696D 
 721              	.LASF19:
 722 0068 4372616E 		.ascii	"CrankTriggerDummyTimer_Wakeup\000"
 722      6B547269 
 722      67676572 
 722      44756D6D 
 722      7954696D 
 723              	.LASF25:
 724 0086 54696D65 		.ascii	"TimerEnableState\000"
ARM GAS  C:\Users\Bruger\AppData\Local\Temp\ccM5O8Ty.s 			page 27


 724      72456E61 
 724      626C6553 
 724      74617465 
 724      00
 725              	.LASF17:
 726 0097 4372616E 		.ascii	"CrankTriggerDummyTimer_RestoreConfig\000"
 726      6B547269 
 726      67676572 
 726      44756D6D 
 726      7954696D 
 727              	.LASF12:
 728 00bc 75696E74 		.ascii	"uint8\000"
 728      3800
 729              	.LASF5:
 730 00c2 6C6F6E67 		.ascii	"long unsigned int\000"
 730      20756E73 
 730      69676E65 
 730      6420696E 
 730      7400
 731              	.LASF7:
 732 00d4 6C6F6E67 		.ascii	"long long unsigned int\000"
 732      206C6F6E 
 732      6720756E 
 732      7369676E 
 732      65642069 
 733              	.LASF24:
 734 00eb 433A5C55 		.ascii	"C:\\Users\\Bruger\\OneDrive\\Skrivebord\\CODE\\PSOC"
 734      73657273 
 734      5C427275 
 734      6765725C 
 734      4F6E6544 
 735 0118 355C4359 		.ascii	"5\\CY8CKIT-59-Arduino\\CY8CKIT59_Ardudino-Speeduino"
 735      38434B49 
 735      542D3539 
 735      2D417264 
 735      75696E6F 
 736 0149 2E637964 		.ascii	".cydsn\000"
 736      736E00
 737              	.LASF11:
 738 0150 63686172 		.ascii	"char\000"
 738      00
 739              	.LASF18:
 740 0155 4372616E 		.ascii	"CrankTriggerDummyTimer_Sleep\000"
 740      6B547269 
 740      67676572 
 740      44756D6D 
 740      7954696D 
 741              	.LASF1:
 742 0172 756E7369 		.ascii	"unsigned char\000"
 742      676E6564 
 742      20636861 
 742      7200
 743              	.LASF21:
 744 0180 4372616E 		.ascii	"CrankTriggerDummyTimer_Enable\000"
 744      6B547269 
 744      67676572 
 744      44756D6D 
ARM GAS  C:\Users\Bruger\AppData\Local\Temp\ccM5O8Ty.s 			page 28


 744      7954696D 
 745              	.LASF16:
 746 019e 4372616E 		.ascii	"CrankTriggerDummyTimer_SaveConfig\000"
 746      6B547269 
 746      67676572 
 746      44756D6D 
 746      7954696D 
 747              	.LASF23:
 748 01c0 47656E65 		.ascii	"Generated_Source\\PSoC5\\CrankTriggerDummyTimer_PM."
 748      72617465 
 748      645F536F 
 748      75726365 
 748      5C50536F 
 749 01f1 6300     		.ascii	"c\000"
 750              	.LASF4:
 751 01f3 6C6F6E67 		.ascii	"long int\000"
 751      20696E74 
 751      00
 752              	.LASF10:
 753 01fc 646F7562 		.ascii	"double\000"
 753      6C6500
 754              	.LASF15:
 755 0203 4372616E 		.ascii	"CrankTriggerDummyTimer_backupStruct\000"
 755      6B547269 
 755      67676572 
 755      44756D6D 
 755      7954696D 
 756              	.LASF0:
 757 0227 7369676E 		.ascii	"signed char\000"
 757      65642063 
 757      68617200 
 758              	.LASF9:
 759 0233 666C6F61 		.ascii	"float\000"
 759      7400
 760              	.LASF2:
 761 0239 73686F72 		.ascii	"short int\000"
 761      7420696E 
 761      7400
 762              	.LASF13:
 763 0243 72656738 		.ascii	"reg8\000"
 763      00
 764              	.LASF14:
 765 0248 73697A65 		.ascii	"sizetype\000"
 765      74797065 
 765      00
 766              	.LASF22:
 767 0251 474E5520 		.ascii	"GNU C 4.9.3 20150303 (release) [ARM/embedded-4_9-br"
 767      4320342E 
 767      392E3320 
 767      32303135 
 767      30333033 
 768 0284 616E6368 		.ascii	"anch revision 221220] -mcpu=cortex-m3 -mthumb -g -O"
 768      20726576 
 768      6973696F 
 768      6E203232 
 768      31323230 
 769 02b7 33202D66 		.ascii	"3 -ffunction-sections -finline-functions -flto -ffa"
ARM GAS  C:\Users\Bruger\AppData\Local\Temp\ccM5O8Ty.s 			page 29


 769      66756E63 
 769      74696F6E 
 769      2D736563 
 769      74696F6E 
 770 02ea 742D6C74 		.ascii	"t-lto-objects\000"
 770      6F2D6F62 
 770      6A656374 
 770      7300
 771              		.comm	__gnu_lto_v1,1,1
 772              		.ident	"GCC: (GNU Tools for ARM Embedded Processors) 4.9.3 20150303 (release) [ARM/embedded-4_9-br
