ARM GAS  C:\Users\Bruger\AppData\Local\Temp\ccBuuRyf.s 			page 1


   1              		.syntax unified
   2              		.cpu cortex-m3
   3              		.fpu softvfp
   4              		.eabi_attribute 20, 1
   5              		.eabi_attribute 21, 1
   6              		.eabi_attribute 23, 3
   7              		.eabi_attribute 24, 1
   8              		.eabi_attribute 25, 1
   9              		.eabi_attribute 26, 1
  10              		.eabi_attribute 30, 4
  11              		.eabi_attribute 34, 1
  12              		.eabi_attribute 18, 4
  13              		.thumb
  14              		.file	"D10_Ctrl.c"
  15              		.text
  16              	.Ltext0:
  17              		.section	.gnu.lto_.profile.ec5a361a,"",%progbits
  18 0000 789C6366 		.ascii	"x\234cf```a\200\000F\0066\026\000\000\204\000\023"
  18      60606061 
  18      80004606 
  18      36160000 
  18      840013
  19              		.text
  20              		.section	.gnu.lto_.jmpfuncs.ec5a361a,"",%progbits
  21 0000 789C6366 		.ascii	"x\234cf\300\016\270\2404\023\003##c=#\220\005\000\004"
  21      C00EB8A0 
  21      34130323 
  21      23633D23 
  21      90050004 
  22 0014 040093   		.ascii	"\004\000\223"
  23              		.text
  24              		.section	.gnu.lto_.inline.ec5a361a,"",%progbits
  25 0000 789C6366 		.ascii	"x\234cf\300\0164\2404\023\003\003\0133#\003\023\323"
  25      C00E34A0 
  25      34130303 
  25      0B332303 
  25      13D3
  26 0012 057E06B6 		.ascii	"\005~\006\266\005\362L 1FL!\006\000K\274\003\223"
  26      05F24C20 
  26      31464C21 
  26      06004BBC 
  26      0393
  27              		.text
  28              		.section	.gnu.lto_.pureconst.ec5a361a,"",%progbits
  29 0000 789C6366 		.ascii	"x\234cf```e\200\000&\006)F)\000\000\371\000@"
  29      60606065 
  29      80002606 
  29      29462900 
  29      00F90040 
  30              		.text
  31              		.section	.gnu.lto_D10_Ctrl_Write.ec5a361a,"",%progbits
  32 0000 789C6590 		.ascii	"x\234e\220\275K\003A\020\305\347\315\345KR(\226W\012"
  32      BD4B0341 
  32      10C5E7CD 
  32      E54B5228 
  32      96570A
  33 0013 471042D0 		.ascii	"G\020B\320\302^\210`\033H\033\010\022\257\01398b\235"
ARM GAS  C:\Users\Bruger\AppData\Local\Temp\ccBuuRyf.s 			page 2


  33      C25E8860 
  33      1B481B08 
  33      12AF0B39 
  33      38629D
  34 0026 3DC91F10 		.ascii	"=\311\037\020R\210 )D4j\374$X\331\234\"\202\026\021"
  34      52882029 
  34      44346AFC 
  34      2458D99C 
  34      22821611 
  35 003a 6D140B6D 		.ascii	"m\024\013m\"\304\316\303B\022\2218kJ\027\226\231\035"
  35      22C4CEC3 
  35      42129138 
  35      6B4A1796 
  35      991D
  36 004c DEFBEDDB 		.ascii	"\336\373\355\3335\350\3772e\307@\224\224\012\203\300"
  36      35E8FF32 
  36      65C74094 
  36      940A83C0 
  37 005c B50E9117 		.ascii	"\265\016\221\027c@7\004\2520*x\347\200Q\363[\353\361"
  37      63403704 
  37      AA302A78 
  37      E78051F3 
  37      5BEBF1
  38 006f C4B652EA 		.ascii	"\304\266R\352\343\341\306\313\370\3503\321'\2178h\""
  38      E3E1C6CB 
  38      F8E833D1 
  38      278F3868 
  38      22
  39 0080 219A9DAB 		.ascii	"!\232\235\253k\323\260@\322\016\332\365\326\230\265"
  39      6BD3B040 
  39      D20EDAF5 
  39      D698B5
  40 008f A5D4AA7F 		.ascii	"\245\324\252\177~\244\346E\015\354\302\020\003\222&"
  40      7EA4E645 
  40      0DECC210 
  40      039226
  41 009e A64D9201 		.ascii	"\246M\222\001a\017\226\026\007\325\237\307x\244*\354"
  41      610F9616 
  41      07D59FC7 
  41      78A42AEC 
  42 00ae 891112FB 		.ascii	"\211\021\022\373\210H,:\236\364\325p\330n^\234 $\000"
  42      88482C3A 
  42      9EF4D570 
  42      D86E5E9C 
  42      202400
  43 00c1 2DA7AE08 		.ascii	"-\247\256\010t\2727f]\215g\\\256\005\315\224\266\010"
  43      74BA3766 
  43      5D8D675C 
  43      AE05CD94 
  43      B608
  44 00d3 EAAC571F 		.ascii	"\352\254W\037F{\334g\036\334z*\244\351\257\335\273\373"
  44      467BDC67 
  44      1EDC7A2A 
  44      A4E9AFDD 
  44      BBFB
  45 00e5 D8DF88F4 		.ascii	"\330\337\210\364\261\363\375\2649\336\300\206W\365\374"
  45      B1F3FDB4 
ARM GAS  C:\Users\Bruger\AppData\Local\Temp\ccBuuRyf.s 			page 3


  45      39DEC086 
  45      57F5FC
  46 00f4 709F0DB4 		.ascii	"p\237\015\264`\342\000\362\0258D\003_\"{\201\347\237"
  46      60E200F2 
  46      15384403 
  46      5F227B81 
  46      E79F
  47 0106 8635513F 		.ascii	"\2065Q?\256+I\345\"qO-\332%\333]*\333\313\371\254\263"
  47      AE2B49E5 
  47      22714F2D 
  47      DA25DB5D 
  47      2ADBCBF9 
  48 011c E216EC5C 		.ascii	"\342\026\354\\&\353\244\347r\013\2633\371t\331-\246"
  48      26EBA4E7 
  48      720BB333 
  48      F974D92D 
  48      A6
  49 012d 0A142D38 		.ascii	"\012\024-8\245\262\353\024\177\0016\037m)"
  49      A5B2EB14 
  49      7F01361F 
  49      6D29
  50              		.text
  51              		.section	.gnu.lto_D10_Ctrl_Read.ec5a361a,"",%progbits
  52 0000 789C6366 		.ascii	"x\234cf\300\004R@|\025\210U\200\230\221\231\201\221"
  52      C0045240 
  52      7C158855 
  52      80989199 
  52      8191
  53 0012 69C23906 		.ascii	"i\3029\006\206F\016&FF\020\203\201\221\241\236\211\261"
  53      86460E26 
  53      46461083 
  53      8191A19E 
  53      89B1
  54 0024 9EF125D3 		.ascii	"\236\361%\323G&\3063;\377]fT_\332\320\320\364a\322\373"
  54      4726C633 
  54      3BFF5D66 
  54      545FDAD0 
  54      D0F461D2 
  55 0039 BB010718 		.ascii	"\273\001\007\030\177210|fb`\324\221b\324\004\231\303"
  55      7F323130 
  55      7C666260 
  55      D49162D4 
  55      0499C3
  56 004c B89C519D 		.ascii	"\270\234Q\235\001\250\360c\313\337\353\334l-\015\015"
  56      01A8F063 
  56      CBDFEBDC 
  56      6C2D0D0D 
  57 005c 0D022079 		.ascii	"\015\002 y\240\304\012F6F \275^\350@\303\377\377\233"
  57      A0C40A46 
  57      364620BD 
  57      5EE840C3 
  57      FFFF9B
  58 006f F71EFCC1 		.ascii	"\367\036\374\301\310\314\304\000\322\316\360\004H\200"
  58      C8CCC400 
  58      D2CEF004 
  58      4880
  59 007d 6C7ACAC4 		.ascii	"lz\312\304\004\242\231o1\036\372\326u/\034\244\343;"
ARM GAS  C:\Users\Bruger\AppData\Local\Temp\ccBuuRyf.s 			page 4


  59      04A2996F 
  59      311EFAD6 
  59      752F1CA4 
  59      E33B
  60 008f 13C8D6AD 		.ascii	"\023\310\326\255/&\375g\177\301\364\223\211\361\327"
  60      2F26FD67 
  60      7FC1F493 
  60      89F1D7
  61 009e A9C60616 		.ascii	"\251\306\006\026\220\371\367\237\234\277\310\001\026"
  61      90F9F79F 
  61      9CBFC801 
  61      16
  62 00ab 620071CF 		.ascii	"b\000q\317\375\276\261\220\177.\343\354\306\226\306"
  62      FDBEB190 
  62      7F2EE3EC 
  62      C696C6
  63 00ba 03323F99 		.ascii	"\0032?\231\230\030W2J1\256b\004\272\210q5\343\\F\206"
  63      98185732 
  63      4A31AE62 
  63      04BA8871 
  63      35E35C46 
  64 00cf 7B8C8D0D 		.ascii	"{\214\215\015\334P\003\30162\202l\0022\225\334S\363"
  64      DC5003C1 
  64      3632826C 
  64      023295DC 
  64      53F3
  65 00e1 528B124B 		.ascii	"R\213\022KRS\342\203\363K\213\222Sc\002\202\363\235"
  65      5253E283 
  65      F34B8B92 
  65      53630282 
  65      F39D
  66 00f3 4D635C0C 		.ascii	"Mc\\\014\015\342\235K\212r\364\222\031\000\265n[\356"
  66      0DE29D4B 
  66      8A72F492 
  66      1900B56E 
  66      5BEE
  67              		.text
  68              		.section	.gnu.lto_.symbol_nodes.ec5a361a,"",%progbits
  69 0000 789C6366 		.ascii	"x\234cf``Pb\200\002&\206z\006\206\011\347\030\030\352"
  69      60605062 
  69      80022686 
  69      7A068609 
  69      E71818EA 
  70 0014 EB19E62D 		.ascii	"\353\031\346-\340``b\254gD\3463\000\000\2212\010n"
  70      E0606062 
  70      AC6744E6 
  70      33000091 
  70      32086E
  71              		.text
  72              		.section	.gnu.lto_.refs.ec5a361a,"",%progbits
  73 0000 789C6366 		.ascii	"x\234cf```d\200\002\000\000=\000\005"
  73      60606064 
  73      80020000 
  73      3D0005
  74              		.text
  75              		.section	.gnu.lto_.decls.ec5a361a,"",%progbits
  76 0000 789C6366 		.ascii	"x\234cf``\230\000\304\377\201\240\213\211\201\241\024"
ARM GAS  C:\Users\Bruger\AppData\Local\Temp\ccBuuRyf.s 			page 5


  76      60609800 
  76      C4FF81A0 
  76      8B8981A1 
  76      14
  77 0011 C86606E2 		.ascii	"\310f\006\342\000\006\004\000\0123l\002\342\255\014"
  77      00060400 
  77      0A336C02 
  77      E2AD0C
  78 0020 980024CE 		.ascii	"\230\000$\316\002U\277\026\210\367\000\361\016\250\034"
  78      0255BF16 
  78      88F700F1 
  78      0EA81C
  79 002f 23541E1D 		.ascii	"#T\036\035l\205\332\201M=6;>21\236~\364\3433\317\013"
  79      6C85DA81 
  79      4D3D363B 
  79      3E32319E 
  79      7EF4E333 
  80 0045 26463E2E 		.ascii	"&F>.\001\020w\326\365\247_\230\201\\\036.&\020\367\332"
  80      011077D6 
  80      F5A75F98 
  80      815C1E2E 
  80      2610F7DA 
  81 0059 FEF6760E 		.ascii	"\376\366v\016f&F\020{\361\214\207W\270tV544t4\0348\300"
  81      66264610 
  81      7BF18C87 
  81      57B87456 
  81      35343474 
  82 0071 8830A271 		.ascii	"\2100\242q\331\356\036v\240\0361.0\267\357\364\254\203"
  82      D9EE1E76 
  82      A01E312E 
  82      30B7EFF4 
  82      AC83
  83 0083 CC60EE7F 		.ascii	"\314`\356\177\220>\246\2337\247\374df\344R\353hhhj\370"
  83      903EA69B 
  83      37A7FC64 
  83      66E452EB 
  83      6868686A 
  84 0098 30A98159 		.ascii	"0\251\201Y\202\201QG\212QS\212\201q\035\243\032P\031"
  84      82815147 
  84      8A51538A 
  84      81711DA3 
  84      1A5019
  85 00ab E32A461D 		.ascii	"\343*F\035\006\306\325\214R\214k\030\245\030\226\000"
  85      06C6D58C 
  85      528C6B18 
  85      A5189600 
  86 00bb 2DF830FF 		.ascii	"-\3700\377\303e\231\206\006\026\306\265\214\\\214+\031"
  86      C3659986 
  86      0616C6B5 
  86      8C5C8C2B 
  86      19
  87 00cc 99C12A80 		.ascii	"\231\301*\200\336\000\331\000\265tB\353\301\011,,\300"
  87      DE00D900 
  87      B57442EB 
  87      C1092C2C 
  87      C0
  88 00dd 0004AB89 		.ascii	"\000\004\253\211f\001\211\235\231>\347\020\267\370\324"
ARM GAS  C:\Users\Bruger\AppData\Local\Temp\ccBuuRyf.s 			page 6


  88      6601899D 
  88      993EE710 
  88      B7F8D4
  89 00ec 0610686E 		.ascii	"\006\020hn\020`b\014\020c\\\0164v\005\320X\006\306\015"
  89      1060620C 
  89      10635C0E 
  89      347605D0 
  89      5806C60D 
  90 0100 8CE24072 		.ascii	"\214\342@r=#\013\304\200\023G/\255bb6\004{m\362\234"
  90      3D230BC4 
  90      8013472F 
  90      AD626236 
  90      047B6DF2 
  91 0115 FF2DCC0A 		.ascii	"\377-\314\012\363\032\026l\370\320\261x2\363\314\206"
  91      F31A166C 
  91      F8D0B178 
  91      32F3CC86 
  92 0125 058D0DFF 		.ascii	"\005\215\015\377\376\003\235\017\322\304\270\021\356"
  92      FE039D0F 
  92      D2C4B811 
  92      EE
  93 0132 0006101B 		.ascii	"\000\006\020\033\022\242\233\030\025\200\032\317\256"
  93      12A29B18 
  93      15801ACF 
  93      AE
  94 013f 3ED9C688 		.ascii	">\331\306\210l#\3101\010+7\203\255\214\206\332x\362"
  94      6C23C831 
  94      082B3783 
  94      AD8C86DA 
  94      78F2
  95 0151 EFC6F9DC 		.ascii	"\357\306\371\334\314\311`\033'|\377\364\214\021l\343"
  95      CCC9601B 
  95      277CFFF4 
  95      8C116CE3 
  96 0161 839FEBD8 		.ascii	"\203\237\353\330V4\034\370\377\337\036\244\234q\013"
  96      56341CF8 
  96      FFDF1EA4 
  96      9C710B
  97 0170 92655B60 		.ascii	"\222e[`\226m\005[\3260\275{\011\007s!X\377\326o];y\271"
  97      966D055B 
  97      D630BD7B 
  97      09077321 
  97      58FFD66F 
  98 0188 3A40B612 		.ascii	":@\266\022\016R`$\\9\327u\215\023\022\011\350:v\342"
  98      0E526024 
  98      5C39D775 
  98      8D131209 
  98      E83A76E2 
  99 019c 8C8429F7 		.ascii	"\214\204)\367U@\221\260\003\350\247m\210H\330\316\210"
  99      554091B0 
  99      03E8A76D 
  99      8848D8CE 
  99      88
 100 01ad 88859DEB 		.ascii	"\210\205\235\353\276\234\345\006\247\036\005\020w\327"
 100      BE9CE506 
 100      A71E0510 
 100      77D7
ARM GAS  C:\Users\Bruger\AppData\Local\Temp\ccBuuRyf.s 			page 7


 101 01bb A41333D8 		.ascii	"\244\0233\330\300\251\007\034\037\235\217f\235\345\341"
 101      C0A9071C 
 101      1F9D8F66 
 101      9DE5E1
 102 01ca E902C5FB 		.ascii	"\351\002\305\373\204\346\006\316\023|`\243v\001\355"
 102      84E606CE 
 102      137C60A3 
 102      7601ED
 103 01d9 D80D0E9E 		.ascii	"\330\015\016\236=\214<`\357\201h\326\322\314\274\022"
 103      3D8C3C60 
 103      EF8168D6 
 103      D2CCBC12 
 104 01e9 0B3677BF 		.ascii	"\0136w\277P\005g\006E\367\324\274\324\242\304\222\324"
 104      50056706 
 104      45F7D4BC 
 104      D4A2C492 
 104      D4
 105 01fa 94F8E0FC 		.ascii	"\224\370\340\374\322\242\344\324\230\200\340|g\323\230"
 105      D2A2E4D4 
 105      9880E07C 
 105      67D398
 106 0209 E4CA92CA 		.ascii	"\344\312\222\312\202\324b\275\014\006>\027C\203x\347"
 106      82D462BD 
 106      0C063E17 
 106      438378E7 
 107 0219 92A29CF8 		.ascii	"\222\242\234\370\360\242\314\222T%\034\032`\252\364"
 107      F0A2CC92 
 107      54251C1A 
 107      60AAF4
 108 0228 921978E1 		.ascii	"\222\031x\341:\202R\023SX\212R\323-\000\356\234\362"
 108      3A825213 
 108      53588A52 
 108      D32D00EE 
 108      9CF2
 109 023a 31       		.ascii	"1"
 110              		.text
 111              		.section	.gnu.lto_.symtab.ec5a361a,"",%progbits
 112 0000 4431305F 		.ascii	"D10_Ctrl_Write\000\000\000\000\000\000\000\000\000\000"
 112      4374726C 
 112      5F577269 
 112      74650000 
 112      00000000 
 113 0018 0000B200 		.ascii	"\000\000\262\000\000\000D10_Ctrl_Read\000\000\000\000"
 113      00004431 
 113      305F4374 
 113      726C5F52 
 113      65616400 
 114 002f 00000000 		.ascii	"\000\000\000\000\000\000\000\000\265\000\000\000"
 114      00000000 
 114      B5000000 
 115              		.text
 116              		.section	.gnu.lto_.opts,"",%progbits
 117 0000 272D666E 		.ascii	"'-fno-trapv' '-mcpu=cortex-m3' '-mthumb' '-g' '-Os'"
 117      6F2D7472 
 117      61707627 
 117      20272D6D 
 117      6370753D 
ARM GAS  C:\Users\Bruger\AppData\Local\Temp\ccBuuRyf.s 			page 8


 118 0033 20272D66 		.ascii	" '-ffunction-sections' '-finline-functions' '-flto'"
 118      66756E63 
 118      74696F6E 
 118      2D736563 
 118      74696F6E 
 119 0066 20272D66 		.ascii	" '-ffat-lto-objects'\000"
 119      6661742D 
 119      6C746F2D 
 119      6F626A65 
 119      63747327 
 120              		.text
 121              		.cfi_sections	.debug_frame
 122              		.section	.text.D10_Ctrl_Write,"ax",%progbits
 123              		.align	1
 124              		.global	D10_Ctrl_Write
 125              		.thumb
 126              		.thumb_func
 127              		.type	D10_Ctrl_Write, %function
 128              	D10_Ctrl_Write:
 129              	.LFB0:
 130              		.file 1 "Generated_Source\\PSoC5\\D10_Ctrl.c"
   1:Generated_Source\PSoC5/D10_Ctrl.c **** /*******************************************************************************
   2:Generated_Source\PSoC5/D10_Ctrl.c **** * File Name: D10_Ctrl.c  
   3:Generated_Source\PSoC5/D10_Ctrl.c **** * Version 1.80
   4:Generated_Source\PSoC5/D10_Ctrl.c **** *
   5:Generated_Source\PSoC5/D10_Ctrl.c **** * Description:
   6:Generated_Source\PSoC5/D10_Ctrl.c **** *  This file contains API to enable firmware control of a Control Register.
   7:Generated_Source\PSoC5/D10_Ctrl.c **** *
   8:Generated_Source\PSoC5/D10_Ctrl.c **** * Note:
   9:Generated_Source\PSoC5/D10_Ctrl.c **** *
  10:Generated_Source\PSoC5/D10_Ctrl.c **** ********************************************************************************
  11:Generated_Source\PSoC5/D10_Ctrl.c **** * Copyright 2008-2015, Cypress Semiconductor Corporation.  All rights reserved.
  12:Generated_Source\PSoC5/D10_Ctrl.c **** * You may use this file only in accordance with the license, terms, conditions, 
  13:Generated_Source\PSoC5/D10_Ctrl.c **** * disclaimers, and limitations in the end user license agreement accompanying 
  14:Generated_Source\PSoC5/D10_Ctrl.c **** * the software package with which this file was provided.
  15:Generated_Source\PSoC5/D10_Ctrl.c **** *******************************************************************************/
  16:Generated_Source\PSoC5/D10_Ctrl.c **** 
  17:Generated_Source\PSoC5/D10_Ctrl.c **** #include "D10_Ctrl.h"
  18:Generated_Source\PSoC5/D10_Ctrl.c **** 
  19:Generated_Source\PSoC5/D10_Ctrl.c **** /* Check for removal by optimization */
  20:Generated_Source\PSoC5/D10_Ctrl.c **** #if !defined(D10_Ctrl_Sync_ctrl_reg__REMOVED)
  21:Generated_Source\PSoC5/D10_Ctrl.c **** 
  22:Generated_Source\PSoC5/D10_Ctrl.c ****     
  23:Generated_Source\PSoC5/D10_Ctrl.c **** /*******************************************************************************
  24:Generated_Source\PSoC5/D10_Ctrl.c **** * Function Name: D10_Ctrl_Write
  25:Generated_Source\PSoC5/D10_Ctrl.c **** ********************************************************************************
  26:Generated_Source\PSoC5/D10_Ctrl.c **** *
  27:Generated_Source\PSoC5/D10_Ctrl.c **** * Summary:
  28:Generated_Source\PSoC5/D10_Ctrl.c **** *  Write a byte to the Control Register.
  29:Generated_Source\PSoC5/D10_Ctrl.c **** *
  30:Generated_Source\PSoC5/D10_Ctrl.c **** * Parameters:
  31:Generated_Source\PSoC5/D10_Ctrl.c **** *  control:  The value to be assigned to the Control Register.
  32:Generated_Source\PSoC5/D10_Ctrl.c **** *
  33:Generated_Source\PSoC5/D10_Ctrl.c **** * Return:
  34:Generated_Source\PSoC5/D10_Ctrl.c **** *  None.
  35:Generated_Source\PSoC5/D10_Ctrl.c **** *
  36:Generated_Source\PSoC5/D10_Ctrl.c **** *******************************************************************************/
ARM GAS  C:\Users\Bruger\AppData\Local\Temp\ccBuuRyf.s 			page 9


  37:Generated_Source\PSoC5/D10_Ctrl.c **** void D10_Ctrl_Write(uint8 control) 
  38:Generated_Source\PSoC5/D10_Ctrl.c **** {
 131              		.loc 1 38 0
 132              		.cfi_startproc
 133              		@ args = 0, pretend = 0, frame = 0
 134              		@ frame_needed = 0, uses_anonymous_args = 0
 135              		@ link register save eliminated.
 136              	.LVL0:
  39:Generated_Source\PSoC5/D10_Ctrl.c ****     D10_Ctrl_Control = control;
 137              		.loc 1 39 0
 138 0000 014B     		ldr	r3, .L2
 139 0002 1870     		strb	r0, [r3]
 140 0004 7047     		bx	lr
 141              	.L3:
 142 0006 00BF     		.align	2
 143              	.L2:
 144 0008 7A650040 		.word	1073767802
 145              		.cfi_endproc
 146              	.LFE0:
 147              		.size	D10_Ctrl_Write, .-D10_Ctrl_Write
 148              		.section	.text.D10_Ctrl_Read,"ax",%progbits
 149              		.align	1
 150              		.global	D10_Ctrl_Read
 151              		.thumb
 152              		.thumb_func
 153              		.type	D10_Ctrl_Read, %function
 154              	D10_Ctrl_Read:
 155              	.LFB1:
  40:Generated_Source\PSoC5/D10_Ctrl.c **** }
  41:Generated_Source\PSoC5/D10_Ctrl.c **** 
  42:Generated_Source\PSoC5/D10_Ctrl.c **** 
  43:Generated_Source\PSoC5/D10_Ctrl.c **** /*******************************************************************************
  44:Generated_Source\PSoC5/D10_Ctrl.c **** * Function Name: D10_Ctrl_Read
  45:Generated_Source\PSoC5/D10_Ctrl.c **** ********************************************************************************
  46:Generated_Source\PSoC5/D10_Ctrl.c **** *
  47:Generated_Source\PSoC5/D10_Ctrl.c **** * Summary:
  48:Generated_Source\PSoC5/D10_Ctrl.c **** *  Reads the current value assigned to the Control Register.
  49:Generated_Source\PSoC5/D10_Ctrl.c **** *
  50:Generated_Source\PSoC5/D10_Ctrl.c **** * Parameters:
  51:Generated_Source\PSoC5/D10_Ctrl.c **** *  None.
  52:Generated_Source\PSoC5/D10_Ctrl.c **** *
  53:Generated_Source\PSoC5/D10_Ctrl.c **** * Return:
  54:Generated_Source\PSoC5/D10_Ctrl.c **** *  Returns the current value in the Control Register.
  55:Generated_Source\PSoC5/D10_Ctrl.c **** *
  56:Generated_Source\PSoC5/D10_Ctrl.c **** *******************************************************************************/
  57:Generated_Source\PSoC5/D10_Ctrl.c **** uint8 D10_Ctrl_Read(void) 
  58:Generated_Source\PSoC5/D10_Ctrl.c **** {
 156              		.loc 1 58 0
 157              		.cfi_startproc
 158              		@ args = 0, pretend = 0, frame = 0
 159              		@ frame_needed = 0, uses_anonymous_args = 0
 160              		@ link register save eliminated.
  59:Generated_Source\PSoC5/D10_Ctrl.c ****     return D10_Ctrl_Control;
 161              		.loc 1 59 0
 162 0000 014B     		ldr	r3, .L5
 163 0002 1878     		ldrb	r0, [r3]	@ zero_extendqisi2
  60:Generated_Source\PSoC5/D10_Ctrl.c **** }
ARM GAS  C:\Users\Bruger\AppData\Local\Temp\ccBuuRyf.s 			page 10


 164              		.loc 1 60 0
 165 0004 7047     		bx	lr
 166              	.L6:
 167 0006 00BF     		.align	2
 168              	.L5:
 169 0008 7A650040 		.word	1073767802
 170              		.cfi_endproc
 171              	.LFE1:
 172              		.size	D10_Ctrl_Read, .-D10_Ctrl_Read
 173              		.text
 174              	.Letext0:
 175              		.file 2 "Generated_Source\\PSoC5\\cytypes.h"
 176              		.section	.debug_info,"",%progbits
 177              	.Ldebug_info0:
 178 0000 D2000000 		.4byte	0xd2
 179 0004 0400     		.2byte	0x4
 180 0006 00000000 		.4byte	.Ldebug_abbrev0
 181 000a 04       		.byte	0x4
 182 000b 01       		.uleb128 0x1
 183 000c 53000000 		.4byte	.LASF14
 184 0010 01       		.byte	0x1
 185 0011 1D000000 		.4byte	.LASF15
 186 0015 33010000 		.4byte	.LASF16
 187 0019 00000000 		.4byte	.Ldebug_ranges0+0
 188 001d 00000000 		.4byte	0
 189 0021 00000000 		.4byte	.Ldebug_line0
 190 0025 02       		.uleb128 0x2
 191 0026 01       		.byte	0x1
 192 0027 06       		.byte	0x6
 193 0028 DC010000 		.4byte	.LASF0
 194 002c 02       		.uleb128 0x2
 195 002d 01       		.byte	0x1
 196 002e 08       		.byte	0x8
 197 002f 45000000 		.4byte	.LASF1
 198 0033 02       		.uleb128 0x2
 199 0034 02       		.byte	0x2
 200 0035 05       		.byte	0x5
 201 0036 C3010000 		.4byte	.LASF2
 202 003a 02       		.uleb128 0x2
 203 003b 02       		.byte	0x2
 204 003c 07       		.byte	0x7
 205 003d 11010000 		.4byte	.LASF3
 206 0041 02       		.uleb128 0x2
 207 0042 04       		.byte	0x4
 208 0043 05       		.byte	0x5
 209 0044 D3010000 		.4byte	.LASF4
 210 0048 02       		.uleb128 0x2
 211 0049 04       		.byte	0x4
 212 004a 07       		.byte	0x7
 213 004b FF000000 		.4byte	.LASF5
 214 004f 02       		.uleb128 0x2
 215 0050 08       		.byte	0x8
 216 0051 05       		.byte	0x5
 217 0052 B0010000 		.4byte	.LASF6
 218 0056 02       		.uleb128 0x2
 219 0057 08       		.byte	0x8
 220 0058 07       		.byte	0x7
ARM GAS  C:\Users\Bruger\AppData\Local\Temp\ccBuuRyf.s 			page 11


 221 0059 99010000 		.4byte	.LASF7
 222 005d 03       		.uleb128 0x3
 223 005e 04       		.byte	0x4
 224 005f 05       		.byte	0x5
 225 0060 696E7400 		.ascii	"int\000"
 226 0064 02       		.uleb128 0x2
 227 0065 04       		.byte	0x4
 228 0066 07       		.byte	0x7
 229 0067 8C010000 		.4byte	.LASF8
 230 006b 04       		.uleb128 0x4
 231 006c CD010000 		.4byte	.LASF12
 232 0070 02       		.byte	0x2
 233 0071 3801     		.2byte	0x138
 234 0073 2C000000 		.4byte	0x2c
 235 0077 02       		.uleb128 0x2
 236 0078 04       		.byte	0x4
 237 0079 04       		.byte	0x4
 238 007a 3F000000 		.4byte	.LASF9
 239 007e 02       		.uleb128 0x2
 240 007f 08       		.byte	0x8
 241 0080 04       		.byte	0x4
 242 0081 2C010000 		.4byte	.LASF10
 243 0085 02       		.uleb128 0x2
 244 0086 01       		.byte	0x1
 245 0087 08       		.byte	0x8
 246 0088 BE010000 		.4byte	.LASF11
 247 008c 04       		.uleb128 0x4
 248 008d FA000000 		.4byte	.LASF13
 249 0091 02       		.byte	0x2
 250 0092 E201     		.2byte	0x1e2
 251 0094 98000000 		.4byte	0x98
 252 0098 05       		.uleb128 0x5
 253 0099 6B000000 		.4byte	0x6b
 254 009d 06       		.uleb128 0x6
 255 009e 00000000 		.4byte	.LASF17
 256 00a2 01       		.byte	0x1
 257 00a3 25       		.byte	0x25
 258 00a4 00000000 		.4byte	.LFB0
 259 00a8 0C000000 		.4byte	.LFE0-.LFB0
 260 00ac 01       		.uleb128 0x1
 261 00ad 9C       		.byte	0x9c
 262 00ae C0000000 		.4byte	0xc0
 263 00b2 07       		.uleb128 0x7
 264 00b3 24010000 		.4byte	.LASF18
 265 00b7 01       		.byte	0x1
 266 00b8 25       		.byte	0x25
 267 00b9 6B000000 		.4byte	0x6b
 268 00bd 01       		.uleb128 0x1
 269 00be 50       		.byte	0x50
 270 00bf 00       		.byte	0
 271 00c0 08       		.uleb128 0x8
 272 00c1 0F000000 		.4byte	.LASF19
 273 00c5 01       		.byte	0x1
 274 00c6 39       		.byte	0x39
 275 00c7 6B000000 		.4byte	0x6b
 276 00cb 00000000 		.4byte	.LFB1
 277 00cf 0C000000 		.4byte	.LFE1-.LFB1
ARM GAS  C:\Users\Bruger\AppData\Local\Temp\ccBuuRyf.s 			page 12


 278 00d3 01       		.uleb128 0x1
 279 00d4 9C       		.byte	0x9c
 280 00d5 00       		.byte	0
 281              		.section	.debug_abbrev,"",%progbits
 282              	.Ldebug_abbrev0:
 283 0000 01       		.uleb128 0x1
 284 0001 11       		.uleb128 0x11
 285 0002 01       		.byte	0x1
 286 0003 25       		.uleb128 0x25
 287 0004 0E       		.uleb128 0xe
 288 0005 13       		.uleb128 0x13
 289 0006 0B       		.uleb128 0xb
 290 0007 03       		.uleb128 0x3
 291 0008 0E       		.uleb128 0xe
 292 0009 1B       		.uleb128 0x1b
 293 000a 0E       		.uleb128 0xe
 294 000b 55       		.uleb128 0x55
 295 000c 17       		.uleb128 0x17
 296 000d 11       		.uleb128 0x11
 297 000e 01       		.uleb128 0x1
 298 000f 10       		.uleb128 0x10
 299 0010 17       		.uleb128 0x17
 300 0011 00       		.byte	0
 301 0012 00       		.byte	0
 302 0013 02       		.uleb128 0x2
 303 0014 24       		.uleb128 0x24
 304 0015 00       		.byte	0
 305 0016 0B       		.uleb128 0xb
 306 0017 0B       		.uleb128 0xb
 307 0018 3E       		.uleb128 0x3e
 308 0019 0B       		.uleb128 0xb
 309 001a 03       		.uleb128 0x3
 310 001b 0E       		.uleb128 0xe
 311 001c 00       		.byte	0
 312 001d 00       		.byte	0
 313 001e 03       		.uleb128 0x3
 314 001f 24       		.uleb128 0x24
 315 0020 00       		.byte	0
 316 0021 0B       		.uleb128 0xb
 317 0022 0B       		.uleb128 0xb
 318 0023 3E       		.uleb128 0x3e
 319 0024 0B       		.uleb128 0xb
 320 0025 03       		.uleb128 0x3
 321 0026 08       		.uleb128 0x8
 322 0027 00       		.byte	0
 323 0028 00       		.byte	0
 324 0029 04       		.uleb128 0x4
 325 002a 16       		.uleb128 0x16
 326 002b 00       		.byte	0
 327 002c 03       		.uleb128 0x3
 328 002d 0E       		.uleb128 0xe
 329 002e 3A       		.uleb128 0x3a
 330 002f 0B       		.uleb128 0xb
 331 0030 3B       		.uleb128 0x3b
 332 0031 05       		.uleb128 0x5
 333 0032 49       		.uleb128 0x49
 334 0033 13       		.uleb128 0x13
ARM GAS  C:\Users\Bruger\AppData\Local\Temp\ccBuuRyf.s 			page 13


 335 0034 00       		.byte	0
 336 0035 00       		.byte	0
 337 0036 05       		.uleb128 0x5
 338 0037 35       		.uleb128 0x35
 339 0038 00       		.byte	0
 340 0039 49       		.uleb128 0x49
 341 003a 13       		.uleb128 0x13
 342 003b 00       		.byte	0
 343 003c 00       		.byte	0
 344 003d 06       		.uleb128 0x6
 345 003e 2E       		.uleb128 0x2e
 346 003f 01       		.byte	0x1
 347 0040 3F       		.uleb128 0x3f
 348 0041 19       		.uleb128 0x19
 349 0042 03       		.uleb128 0x3
 350 0043 0E       		.uleb128 0xe
 351 0044 3A       		.uleb128 0x3a
 352 0045 0B       		.uleb128 0xb
 353 0046 3B       		.uleb128 0x3b
 354 0047 0B       		.uleb128 0xb
 355 0048 27       		.uleb128 0x27
 356 0049 19       		.uleb128 0x19
 357 004a 11       		.uleb128 0x11
 358 004b 01       		.uleb128 0x1
 359 004c 12       		.uleb128 0x12
 360 004d 06       		.uleb128 0x6
 361 004e 40       		.uleb128 0x40
 362 004f 18       		.uleb128 0x18
 363 0050 9742     		.uleb128 0x2117
 364 0052 19       		.uleb128 0x19
 365 0053 01       		.uleb128 0x1
 366 0054 13       		.uleb128 0x13
 367 0055 00       		.byte	0
 368 0056 00       		.byte	0
 369 0057 07       		.uleb128 0x7
 370 0058 05       		.uleb128 0x5
 371 0059 00       		.byte	0
 372 005a 03       		.uleb128 0x3
 373 005b 0E       		.uleb128 0xe
 374 005c 3A       		.uleb128 0x3a
 375 005d 0B       		.uleb128 0xb
 376 005e 3B       		.uleb128 0x3b
 377 005f 0B       		.uleb128 0xb
 378 0060 49       		.uleb128 0x49
 379 0061 13       		.uleb128 0x13
 380 0062 02       		.uleb128 0x2
 381 0063 18       		.uleb128 0x18
 382 0064 00       		.byte	0
 383 0065 00       		.byte	0
 384 0066 08       		.uleb128 0x8
 385 0067 2E       		.uleb128 0x2e
 386 0068 00       		.byte	0
 387 0069 3F       		.uleb128 0x3f
 388 006a 19       		.uleb128 0x19
 389 006b 03       		.uleb128 0x3
 390 006c 0E       		.uleb128 0xe
 391 006d 3A       		.uleb128 0x3a
ARM GAS  C:\Users\Bruger\AppData\Local\Temp\ccBuuRyf.s 			page 14


 392 006e 0B       		.uleb128 0xb
 393 006f 3B       		.uleb128 0x3b
 394 0070 0B       		.uleb128 0xb
 395 0071 27       		.uleb128 0x27
 396 0072 19       		.uleb128 0x19
 397 0073 49       		.uleb128 0x49
 398 0074 13       		.uleb128 0x13
 399 0075 11       		.uleb128 0x11
 400 0076 01       		.uleb128 0x1
 401 0077 12       		.uleb128 0x12
 402 0078 06       		.uleb128 0x6
 403 0079 40       		.uleb128 0x40
 404 007a 18       		.uleb128 0x18
 405 007b 9742     		.uleb128 0x2117
 406 007d 19       		.uleb128 0x19
 407 007e 00       		.byte	0
 408 007f 00       		.byte	0
 409 0080 00       		.byte	0
 410              		.section	.debug_aranges,"",%progbits
 411 0000 24000000 		.4byte	0x24
 412 0004 0200     		.2byte	0x2
 413 0006 00000000 		.4byte	.Ldebug_info0
 414 000a 04       		.byte	0x4
 415 000b 00       		.byte	0
 416 000c 0000     		.2byte	0
 417 000e 0000     		.2byte	0
 418 0010 00000000 		.4byte	.LFB0
 419 0014 0C000000 		.4byte	.LFE0-.LFB0
 420 0018 00000000 		.4byte	.LFB1
 421 001c 0C000000 		.4byte	.LFE1-.LFB1
 422 0020 00000000 		.4byte	0
 423 0024 00000000 		.4byte	0
 424              		.section	.debug_ranges,"",%progbits
 425              	.Ldebug_ranges0:
 426 0000 00000000 		.4byte	.LFB0
 427 0004 0C000000 		.4byte	.LFE0
 428 0008 00000000 		.4byte	.LFB1
 429 000c 0C000000 		.4byte	.LFE1
 430 0010 00000000 		.4byte	0
 431 0014 00000000 		.4byte	0
 432              		.section	.debug_line,"",%progbits
 433              	.Ldebug_line0:
 434 0000 6C000000 		.section	.debug_str,"MS",%progbits,1
 434      02004500 
 434      00000201 
 434      FB0E0D00 
 434      01010101 
 435              	.LASF17:
 436 0000 4431305F 		.ascii	"D10_Ctrl_Write\000"
 436      4374726C 
 436      5F577269 
 436      746500
 437              	.LASF19:
 438 000f 4431305F 		.ascii	"D10_Ctrl_Read\000"
 438      4374726C 
 438      5F526561 
 438      6400
ARM GAS  C:\Users\Bruger\AppData\Local\Temp\ccBuuRyf.s 			page 15


 439              	.LASF15:
 440 001d 47656E65 		.ascii	"Generated_Source\\PSoC5\\D10_Ctrl.c\000"
 440      72617465 
 440      645F536F 
 440      75726365 
 440      5C50536F 
 441              	.LASF9:
 442 003f 666C6F61 		.ascii	"float\000"
 442      7400
 443              	.LASF1:
 444 0045 756E7369 		.ascii	"unsigned char\000"
 444      676E6564 
 444      20636861 
 444      7200
 445              	.LASF14:
 446 0053 474E5520 		.ascii	"GNU C 4.9.3 20150303 (release) [ARM/embedded-4_9-br"
 446      4320342E 
 446      392E3320 
 446      32303135 
 446      30333033 
 447 0086 616E6368 		.ascii	"anch revision 221220] -mcpu=cortex-m3 -mthumb -g -O"
 447      20726576 
 447      6973696F 
 447      6E203232 
 447      31323230 
 448 00b9 73202D66 		.ascii	"s -ffunction-sections -finline-functions -flto -ffa"
 448      66756E63 
 448      74696F6E 
 448      2D736563 
 448      74696F6E 
 449 00ec 742D6C74 		.ascii	"t-lto-objects\000"
 449      6F2D6F62 
 449      6A656374 
 449      7300
 450              	.LASF13:
 451 00fa 72656738 		.ascii	"reg8\000"
 451      00
 452              	.LASF5:
 453 00ff 6C6F6E67 		.ascii	"long unsigned int\000"
 453      20756E73 
 453      69676E65 
 453      6420696E 
 453      7400
 454              	.LASF3:
 455 0111 73686F72 		.ascii	"short unsigned int\000"
 455      7420756E 
 455      7369676E 
 455      65642069 
 455      6E7400
 456              	.LASF18:
 457 0124 636F6E74 		.ascii	"control\000"
 457      726F6C00 
 458              	.LASF10:
 459 012c 646F7562 		.ascii	"double\000"
 459      6C6500
 460              	.LASF16:
 461 0133 433A5C55 		.ascii	"C:\\Users\\Bruger\\Desktop\\CODE\\PSOC5\\CY8CKIT-59"
ARM GAS  C:\Users\Bruger\AppData\Local\Temp\ccBuuRyf.s 			page 16


 461      73657273 
 461      5C427275 
 461      6765725C 
 461      4465736B 
 462 0160 2D417264 		.ascii	"-Arduino\\CY8CKIT59_Ardudino-Speeduino.cydsn\000"
 462      75696E6F 
 462      5C435938 
 462      434B4954 
 462      35395F41 
 463              	.LASF8:
 464 018c 756E7369 		.ascii	"unsigned int\000"
 464      676E6564 
 464      20696E74 
 464      00
 465              	.LASF7:
 466 0199 6C6F6E67 		.ascii	"long long unsigned int\000"
 466      206C6F6E 
 466      6720756E 
 466      7369676E 
 466      65642069 
 467              	.LASF6:
 468 01b0 6C6F6E67 		.ascii	"long long int\000"
 468      206C6F6E 
 468      6720696E 
 468      7400
 469              	.LASF11:
 470 01be 63686172 		.ascii	"char\000"
 470      00
 471              	.LASF2:
 472 01c3 73686F72 		.ascii	"short int\000"
 472      7420696E 
 472      7400
 473              	.LASF12:
 474 01cd 75696E74 		.ascii	"uint8\000"
 474      3800
 475              	.LASF4:
 476 01d3 6C6F6E67 		.ascii	"long int\000"
 476      20696E74 
 476      00
 477              	.LASF0:
 478 01dc 7369676E 		.ascii	"signed char\000"
 478      65642063 
 478      68617200 
 479              		.comm	__gnu_lto_v1,1,1
 480              		.ident	"GCC: (GNU Tools for ARM Embedded Processors) 4.9.3 20150303 (release) [ARM/embedded-4_9-br
