ARM GAS  C:\Users\Bruger\AppData\Local\Temp\ccpaoldK.s 			page 1


   1              		.syntax unified
   2              		.cpu cortex-m3
   3              		.fpu softvfp
   4              		.eabi_attribute 20, 1
   5              		.eabi_attribute 21, 1
   6              		.eabi_attribute 23, 3
   7              		.eabi_attribute 24, 1
   8              		.eabi_attribute 25, 1
   9              		.eabi_attribute 26, 1
  10              		.eabi_attribute 30, 4
  11              		.eabi_attribute 34, 1
  12              		.eabi_attribute 18, 4
  13              		.thumb
  14              		.file	"IgnitionCounter_1_PM.c"
  15              		.text
  16              	.Ltext0:
  17              		.section	.gnu.lto_.profile.ec4e3abf,"",%progbits
  18 0000 789C6366 		.ascii	"x\234cf```a\200\000F\206\014\031\000\001`\000\215"
  18      60606061 
  18      80004686 
  18      0C190001 
  18      60008D
  19              		.text
  20              		.section	.gnu.lto_.jmpfuncs.ec4e3abf,"",%progbits
  21 0000 789C6366 		.ascii	"x\234cf\300\016\244\2404\013\230db``\004#f\204\030\000"
  21      C00EA4A0 
  21      340B9864 
  21      62606004 
  21      23668418 
  22 0015 0544002D 		.ascii	"\005D\000-"
  23              		.text
  24              		.section	.gnu.lto_.inline.ec4e3abf,"",%progbits
  25 0000 789C6366 		.ascii	"x\234cf\300\016\252\2404\013\003\003\247\024#\003\023"
  25      C00EAAA0 
  25      340B0303 
  25      A7142303 
  25      13
  26 0011 CB027906 		.ascii	"\313\002y\006\266\005\362L 1&n8\201]\222q\202\037\224"
  26      B605F24C 
  26      2031266E 
  26      38815D92 
  26      71821F94 
  27 0025 6266E002 		.ascii	"bf\340\002)\340\332g\007W\300\310\005#X\0308\004\201"
  27      29E0DA67 
  27      0757C0C8 
  27      05235818 
  27      380481
  28 0038 926C1FF4 		.ascii	"\222l\037\364\260H2\000\000\232\325\012\004"
  28      B0483200 
  28      009AD50A 
  28      04
  29              		.text
  30              		.section	.gnu.lto_.pureconst.ec4e3abf,"",%progbits
  31 0000 789C6366 		.ascii	"x\234cf``\340d\200\000\026\006\011&\011f)\026\011\000"
  31      6060E064 
  31      80001606 
  31      09260966 
ARM GAS  C:\Users\Bruger\AppData\Local\Temp\ccpaoldK.s 			page 2


  31      29160900 
  32 0014 02B7007C 		.ascii	"\002\267\000|"
  33              		.text
  34              		.section	.gnu.lto_IgnitionCounter_1_SaveConfig.ec4e3abf,"",%progbits
  35 0000 789C7D90 		.ascii	"x\234}\220\275K\003A\020\305\347\355\231\3634\215X\346"
  35      BD4B0341 
  35      10C5E7ED 
  35      99F3348D 
  35      58E6
  36 0012 1F4895A0 		.ascii	"\037H\225\240\205\255M\012I\021\010\244\015\004\211"
  36      85AD4D0A 
  36      491108A4 
  36      0D0489
  37 0021 87A44920 		.ascii	"\207\244I $e\310\235\246\260\322`%\370Q\010b4_j/\234"
  37      2465C89D 
  37      A6B0D260 
  37      25F85108 
  37      62345F6A 
  38 0037 B5A0480A 		.ascii	"\265\240H\012!\212\"D\320\316x\205\034r\306\331K\227"
  38      218A2244 
  38      D0CE7885 
  38      1C72C6D9 
  38      4B97
  39 0049 880BB3BB 		.ascii	"\210\013\263\273\263\363\366\315oW\241\361\021\340h"
  39      B3F3F6CD 
  39      6F57A1F1 
  39      11E068
  40 0058 82688E57 		.ascii	"\202h\216W(\004Q\275!25\001\310\015\201\312\002e\274"
  40      280451BD 
  40      21323501 
  40      C80D81CA 
  40      0265BC
  41 006b 8BBE40D5 		.ascii	"\213\276@\325\252\357\370\203G\206a|\034^\233q\013\216"
  41      AAEFF883 
  41      4786617C 
  41      1C5E9B71 
  41      0B8E
  42 007d 20B2C5D0 		.ascii	" \262\305\320\007\307\010\022\213\372\025\367\336\257"
  42      07C70812 
  42      8BFA15F7 
  42      DEAF
  43 008b 56583433 		.ascii	"VX43\254\241\006\225\375\251=k\031\203\201\335\274\352"
  43      ACA10695 
  43      FDA93D6B 
  43      198381DD 
  43      BCEA
  44 009d 4253C811 		.ascii	"BS\310\021PybA\217C\266z\345\204W\345\021\353\326\245"
  44      50796241 
  44      8F43B67A 
  44      E58457E5 
  44      11EBD6A5 
  45 00b1 2BE4B52F 		.ascii	"+\344\265/\241\260\343Ag\263%J\337\306\206\2419B\261"
  45      A1B0E341 
  45      67B3254A 
  45      DFC686A1 
  45      3942B1
  46 00c4 059BE104 		.ascii	"\005\233\341\004%\276=A]\254m\277\204\245vT\350ses>"
ARM GAS  C:\Users\Bruger\AppData\Local\Temp\ccpaoldK.s 			page 3


  46      25BE3D41 
  46      5DAC6DBF 
  46      84A57654 
  46      E8736573 
  47 00d9 7DEEDDDE 		.ascii	"}\356\335\336io\202O\274\264fV\366\260\217]\323\220"
  47      696F824F 
  47      BCB46656 
  47      F6B08F5D 
  47      D390
  48 00eb 2A15A728 		.ascii	"*\025\247(\241\216\200W\373il]\250\241:\263[QGL\242"
  48      A18E8057 
  48      FB696C5D 
  48      A8A13AB3 
  48      5B51474C 
  49 0100 C1C24FEF 		.ascii	"\301\302O\357}h\"\3044$\341:\2562\204\033\353\251\331"
  49      7D6822C4 
  49      3424E13A 
  49      AE32841B 
  49      EBA9D9
  50 0113 F2416879 		.ascii	"\362AhypSC\270\305\177\341Fi\332\177\323\304\0341\215"
  50      705343B8 
  50      C57FE146 
  50      69DA7FD3 
  50      C41C318D 
  51 0127 338F467E 		.ascii	"3\217F~%\316%\215JO0\255\007\237l \031{\\\343\017d\347"
  51      25CE258D 
  51      4A4F30AD 
  51      079F6C20 
  51      197B5CE3 
  52 013e F0929ED5 		.ascii	"\360\222\236\325\363\313\005}%\225\310\025\363i=\031"
  52      F3CB057D 
  52      2595C815 
  52      F3693D19 
  53 014e 4FE4220B 		.ascii	"O\344\"\013\311\350j6S\310\344\262\221\\1[\320\363\251"
  53      C9E86A36 
  53      53C8E4B2 
  53      915C315B 
  53      D0F3A9
  54 0161 F9543C16 		.ascii	"\371T<\026N\323/\250S\252/"
  54      4ED32FA8 
  54      53AA2F
  55              		.text
  56              		.section	.gnu.lto_IgnitionCounter_1_RestoreConfig.ec4e3abf,"",%progbits
  57 0000 789C7D90 		.ascii	"x\234}\220\317K\002Q\020\307\347;\273m[^\242\223\370"
  57      CF4B0251 
  57      10C7E73B 
  57      BB6D5B5E 
  57      A293F8
  58 0013 0F7810A5 		.ascii	"\017x\020\245\016\375\005B\321!\020\274\012\022\266"
  58      0EFD0542 
  58      D12110BC 
  58      0A12B6
  59 0022 841705D1 		.ascii	"\204\027\005\321\243\270\033\006\235\312nA?\240 \262"
  59      A3B81B06 
  59      9DCA6E41 
  59      3FA020B2 
  60 0032 34CD82CE 		.ascii	"4\315\202\316\376\003%R\020T\324\305\240n\231\207X\302"
ARM GAS  C:\Users\Bruger\AppData\Local\Temp\ccpaoldK.s 			page 4


  60      FE032552 
  60      1054D4C5 
  60      A06E9987 
  60      58C2
  61 0044 ECBDB593 		.ascii	"\354\275\265\223\375x0o\336\314|\337\314\207Q\350\347"
  61      FD78306F 
  61      DECC7CDF 
  61      CC8751E8 
  61      E7
  62 0055 F108DB05 		.ascii	"\361\010\333\005\321\204\360P\010\\\270$\262t\006\344"
  62      D184F050 
  62      085CB824 
  62      B27406E4 
  63 0065 83403946 		.ascii	"\203@9F\016/\334f\024\352\245\015\227w\3374\315\327"
  63      0E2FDC66 
  63      14EAA50D 
  63      9777DF34 
  63      CDD7
  64 0077 BD33F7B2 		.ascii	"\2753\367\262\333f\242\016\367\333\340\000^\022\232"
  64      DB66A20E 
  64      F7DBE000 
  64      5E129A
  65 0086 76BE7BE3 		.ascii	"v\276{\343\322\362B3\326\257\241\010M\264\247\352x\335"
  65      D2F24233 
  65      D6AFA108 
  65      4DB4A7EA 
  65      78DD
  66 0098 ECF53A17 		.ascii	"\354\365:\027\353E\0374&\233\241\212K(Z\302\344\250"
  66      EB451F34 
  66      269BA18A 
  66      4B285AC2 
  66      E4A8
  67 00aa 271108AF 		.ascii	"'\021\010\257\334b\351\274\326\260\024\371\361\235\345"
  67      DC62E9BC 
  67      D6B014F9 
  67      F19DE5
  68 00b9 DC9DABD5 		.ascii	"\334\235\253\325\012g?\314\025S\267Y\351\312\256\"\373"
  68      0A673FCC 
  68      1553B759 
  68      E9CAAE22 
  68      FB
  69 00ca D86A34F5 		.ascii	"\330j4\365g\026\031',Z\371-lc\3232\245J\305!\2628\202"
  69      67161927 
  69      2C5AF92D 
  69      6C63D332 
  69      A54AC521 
  70 00e1 C7A97D96 		.ascii	"\307\251}\226\327N5\277\317\346!\224\204\346\315aF\031"
  70      D74E35BF 
  70      CFE62194 
  70      84E6CD61 
  70      4619
  71 00f3 7EBA872A 		.ascii	"~\272\207*\347\320\340\024\255\303\002\032\307\310\222"
  71      E7D0E014 
  71      ADC3021A 
  71      C7C892
  72 0102 60B07998 		.ascii	"`\260y\230$V\373\272\371\215\245\376\2115\310Q\371\215"
  72      2456FBBA 
ARM GAS  C:\Users\Bruger\AppData\Local\Temp\ccpaoldK.s 			page 5


  72      F98DA5FE 
  72      8935C851 
  72      F98D
  73 0114 4347D5E1 		.ascii	"CG\325\341\220\213\301\311?\034#\035\271\"\324\034\016"
  73      908BC1C9 
  73      3F1C231D 
  73      B922D41C 
  73      0E
  74 0125 D5E6517A 		.ascii	"\325\346Qz\200U\277\233v\304$\227\007\2714\241\011\314"
  74      8055BF9B 
  74      76C42497 
  74      07B934A1 
  74      09CC
  75 0137 18092335 		.ascii	"\030\011#5\2376\026\242\341d&\0253\"\241p28\025\231"
  75      9F3616A2 
  75      E1642615 
  75      3322A170 
  75      32381599 
  76 014b 5D4CC4D3 		.ascii	"]L\304\323\361d\"\230\314$\322F*:\031\015\315\005b\364"
  76      F1642298 
  76      CC24D246 
  76      2A3A190D 
  76      CD0562F4 
  77 015f 05DEEE9F 		.ascii	"\005\336\356\237\332"
  77      DA
  78              		.text
  79              		.section	.gnu.lto_IgnitionCounter_1_Sleep.ec4e3abf,"",%progbits
  80 0000 789C8592 		.ascii	"x\234\205\222OH\024Q\034\307\177\337\337\374\331Uc\215"
  80      4F481451 
  80      1CC77FDF 
  80      DFFCD955 
  80      638D
  81 0012 4EE2B18B 		.ascii	"N\342\261\213'\245\016\035\303\203\207(\020\004\257"
  81      27A50E1D 
  81      C3838728 
  81      1004AF
  82 0021 C2123684 		.ascii	"\302\0226\204\227\331X\326\343\342\033w\244\350`k]\026"
  82      97D958D6 
  82      E3E21B77 
  82      A4E8606B 
  82      5D16
  83 0033 6B830ED5 		.ascii	"k\203\016\325\326\332j\332\237CAC\207\352\020\205T\004"
  83      D6DA6ADA 
  83      9F434143 
  83      87EA1085 
  83      5404
  84 0045 127651A8 		.ascii	"\022vQ\250C\261j\330\016\241\333\357\315n&F5\360\346"
  84      43B16AD8 
  84      0EA1DBEF 
  84      CD6E2646 
  84      35F0E6
  85 0058 CDFBBDCF 		.ascii	"\315\373\275\317\373~\277\357\2751\350\317\347\250\264"
  85      FB7EBFEF 
  85      BD31E8CF 
  85      E7A8B4
  86 0067 334C7448 		.ascii	"3LtHz\330\004\316\277\"\362\342\314F-A\252\325,\364"
  86      7AD804CE 
ARM GAS  C:\Users\Bruger\AppData\Local\Temp\ccpaoldK.s 			page 6


  86      BF22F2E2 
  86      CC462D41 
  86      AAD52CF4 
  87 007b 92DA67C0 		.ascii	"\222\332g\300j\224\315_\037\026\240?\0104\306\206ia"
  87      6A94CD5F 
  87      1F16A03F 
  87      0834C686 
  87      6961
  88 008d 0C9F798D 		.ascii	"\014\237y\215\221\017\312\205\266\256\353J\251\352\305"
  88      910FCA85 
  88      B6AEEB4A 
  88      A9EAC5
  89 009c 471D131D 		.ascii	"G\035\023\035\241(op\303\0117\321E\302\254\371[\357"
  89      A1286F70 
  89      C30937D1 
  89      45C2ACF9 
  89      5BEF
  90 00ae DB6C5F98 		.ascii	"\333l_\230\375\2159\224`C\372\331\003\201\252\327\027"
  90      FD8D3994 
  90      6043FAD9 
  90      0381AAD7 
  90      17
  91 00bf BE4C950E 		.ascii	"\276L\225\016r\213A!\303\224\227\020+\322\264\333\252"
  91      728B4121 
  91      C3949710 
  91      2BD2B4DB 
  91      AA
  92 00d0 0CA43796 		.ascii	"\014\2447\226\360t\363\374\327\342c\350\225\337\331"
  92      F074F3FC 
  92      D7E263E8 
  92      95DFD9
  93 00df 10D189C9 		.ascii	"\020\321\211\311'\265\366O\034\262\261\376\302S\246"
  93      27B5F64F 
  93      1CB2B1FE 
  93      C253A6
  94 00ee F6F9B8F2 		.ascii	"\366\371\270\362z1\036\225H\017\237U\266\257%\212\270"
  94      7A311E95 
  94      480F9F55 
  94      B6AF258A 
  94      B8
  95 00ff ECF908D9 		.ascii	"\354\371\010\331\304-t\3426:\305\275\214\"h\011\343"
  95      C42D74E2 
  95      363AC5BD 
  95      8C226809 
  95      E3
  96 0110 CB67DF5A 		.ascii	"\313g\337Z\015AS4\351\035\374\2279\267Y\330-'a0\243"
  96      0D415334 
  96      E91DFC97 
  96      39B759D8 
  96      2D276130 
  97 0125 57924E64 		.ascii	"W\222NdP-!\201\306\253s\337\246\3325-\350\3257\223\025"
  97      502D2181 
  97      C6AB73DF 
  97      A6DA352D 
  97      E8D53793 
  98 013a CEFE50E7 		.ascii	"\316\376P\347T<dkK\357q\267\200\025\015K\236\177\005"
  98      543C646B 
ARM GAS  C:\Users\Bruger\AppData\Local\Temp\ccpaoldK.s 			page 7


  98      4BEF71B7 
  98      80150D4B 
  98      9E7F05
  99 014d 3A8FD294 		.ascii	":\217\322\224\215;\310\242\242een{\346\302\274\335]"
  99      8D3BC8A2 
  99      A265656E 
  99      7BE6C2BC 
  99      DD5D
 100 015f 96230AFA 		.ascii	"\226#\012\372C\216aV\300\365\350\0301\207n\001\026\247"
 100      438E6156 
 100      C0F5E818 
 100      31876E01 
 100      16A7
 101 0171 6FE4A2ED 		.ascii	"o\344\242\355\306@\270\033\205Ye\223\012\275Q\224\352"
 101      C640B81B 
 101      85596593 
 101      0ABD5194 
 101      EA
 102 0182 E67FA2EC 		.ascii	"\346\177\242\354\365\236\377\207\367\302o\357{\221\367"
 102      F59EFF87 
 102      F7C26FEF 
 102      7B91F7
 103 0191 CE3E6252 		.ascii	"\316>bR\272\337\364\266\242\213\371\200\\P\177\316\332"
 103      BADFF4B6 
 103      A28BF980 
 103      5C507FCE 
 103      DA
 104 01a2 9BF69AC7 		.ascii	"\233\366\232\3077X.\031\017\220\225Km!\215\346[\377"
 104      37582E19 
 104      0F90954B 
 104      6D218DE6 
 104      5BFF
 105 01b4 46EA337E 		.ascii	"F\3523~\330$\227\341\005\227ND$\351\177\001\332J\200"
 105      D82497E1 
 105      05974E44 
 105      24E97F01 
 105      DA4A80
 106 01c7 9E638EEB 		.ascii	"\236c\216\353\244Of\234S\311\301\324hz\330\031\032\030"
 106      A44F669C 
 106      53C9C1D4 
 106      687AD819 
 106      1A18
 107 01d9 4CF51D19 		.ascii	"L\365\035\031:~\332\035\311\214\244\334\276\324\250"
 107      3A7EDA1D 
 107      C98CA4DC 
 107      BED4A8
 108 01e8 9B71D2C9 		.ascii	"\233q\322\311\303\311\201\376\236a\372\011: \363\261"
 108      C3C981FE 
 108      9E61FA09 
 108      3A20F3B1 
 109              		.text
 110              		.section	.gnu.lto_IgnitionCounter_1_Wakeup.ec4e3abf,"",%progbits
 111 0000 789C7550 		.ascii	"x\234uPKKBA\030\375\316w\307\213eT\264\212\376@\213"
 111      4B4B4241 
 111      18FDCE77 
 111      C78B6554 
 111      B48AFE40 
ARM GAS  C:\Users\Bruger\AppData\Local\Temp\ccpaoldK.s 			page 8


 112 0015 507AD0B6 		.ascii	"Pz\320\266M\213\210\010\202\266\202D]\302\315\025D\333"
 112      4D8B8808 
 112      82B68244 
 112      5DC2CD15 
 112      44DB
 113 0027 896319B4 		.ascii	"\211c\031\264\252\250M\320c\027Y\366\240\026\255\245"
 113      AAA84DD0 
 113      631759F6 
 113      A016ADA5 
 114 0037 85818B22 		.ascii	"\205\201\213\"B\214\350\001a`\273\314EH\364\230\271"
 114      428CE801 
 114      6160BBCC 
 114      4548F498 
 114      B9
 115 0048 0641D1C0 		.ascii	"\006A\321\300\360\315\2349\017\316\030\364w\365\250"
 115      F0CD9C39 
 115      0FCE18F4 
 115      77F5A8
 116 0057 3D05A24E 		.ascii	"=\005\242N5\341\"\360\342\031Q\302\315ld\233H\326\213"
 116      35E122F0 
 116      E21951C2 
 116      CD6C649B 
 116      48D68B
 117 006a 5C1FC906 		.ascii	"\\\037\311\006\003\242\006\013@\037\010\024gC \216'"
 117      03A2060B 
 117      401F0814 
 117      6743208E 
 117      27
 118 007b 2E331633 		.ascii	".3\0263\351\025O\373\246\224\362\371!\337:\333Ze\242"
 118      E9154FFB 
 118      A694F2F9 
 118      21DF3ADB 
 118      5A65A2
 119 008e 0AD7FCB1 		.ascii	"\012\327\374\261\205vR\234r\362\275\3401\223\212\323"
 119      8576529C 
 119      72F2BDE0 
 119      31938AD3 
 120 009e 5C7B430A 		.ascii	"\\{C\012\246\312\245\203\226\214\374\374\254\024\226"
 120      A6CAA583 
 120      968CFCFC 
 120      AC1496
 121 00ad 52DD6C0A 		.ascii	"R\335l\012\252\262\002\213\212\240s\036\231\3654n0\223"
 121      AAB2028B 
 121      8AA0731E 
 121      99F5346E 
 121      3093
 122 00bf 29E7584B 		.ascii	")\347XK\264\327\306\345\374>\307\336\344\234tW\231+"
 122      B4D7C6E5 
 122      FC3EC7DE 
 122      E49C7457 
 122      992B
 123 00d1 5A816DC4 		.ascii	"Z\201m\304\224\326\240kL\037\037\336\236\324i\356+\213"
 123      94D6A06B 
 123      4C1F1FDE 
 123      9ED469EE 
 123      2B8B
 124 00e3 DF6CF1AE 		.ascii	"\337l\361\256\263\025z_<\277p\227X!\3165\225H\256a\035"
ARM GAS  C:\Users\Bruger\AppData\Local\Temp\ccpaoldK.s 			page 9


 124      B3157A5F 
 124      3CBF7097 
 124      5821CE35 
 124      9548AE61 
 125 00f8 AB09A959 		.ascii	"\253\011\251Y.\354 \2064\332\234\267\217\335\205#\323"
 125      2EEC2086 
 125      34DA9CB7 
 125      8FDD8523 
 125      D3
 126 0109 DB516513 		.ascii	"\333Qe\023\273\212\363\3424\303\036\274\224G\362j\306"
 126      BB8AF3E2 
 126      34C31EBC 
 126      9447F26A 
 126      C6
 127 011a FE893A5D 		.ascii	"\376\211:]/\035\011m\012\020\366\265\234t\011\203\262"
 127      2F1D096D 
 127      0A10F6B5 
 127      9C740983 
 127      B2
 128 012b 4D4E87B7 		.ascii	"MN\207\267\\\343\177\035\224)\016\276;h\215p\212\337"
 128      5CE37F1D 
 128      94290EBE 
 128      3B688D70 
 128      8ADF
 129 013d 2191591E 		.ascii	"!\221Y\036r4\244\277\005\032UT\337\200e[\341\261\210"
 129      7234A4BF 
 129      051A5554 
 129      DF80655B 
 129      E1B188
 130 0150 3511180D 		.ascii	"5\021\030\015E\303\343\226\177d4\324\337\353\037\234"
 130      45C3E396 
 130      7F6434D4 
 130      DFEB1F9C 
 131 0160 B4839160 		.ascii	"\264\203\221`\310\356\017E\355\210\025\016t\005F\206"
 131      C8EE0F45 
 131      ED88150E 
 131      74054686 
 132 0170 7DE3F405 		.ascii	"}\343\364\005\345s\227{"
 132      E573977B 
 133              		.text
 134              		.section	.gnu.lto_.symbol_nodes.ec4e3abf,"",%progbits
 135 0000 789C55CF 		.ascii	"x\234U\317\301\015\3020\014F\341\027;m\223\316\300\256"
 135      C10DC230 
 135      0C46E117 
 135      3B6D93CE 
 135      C0AE
 136 0012 7F0F1D80 		.ascii	"\177\017\035\200\011P\205X\203[\317\314\000\2109\020"
 136      09508558 
 136      835BCFCC 
 136      00883910 
 137 0022 69E16072 		.ascii	"i\341`ry\372\354\213\343\300\223\337\263$8\336@\342"
 137      79FAEC8B 
 137      E3C093DF 
 137      B32438DE 
 137      40E2
 138 0034 B4143A58 		.ascii	"\264\024:XLn\246\024\307\346\262?gyt\352\225\277f\232"
 138      4C6EA614 
ARM GAS  C:\Users\Bruger\AppData\Local\Temp\ccpaoldK.s 			page 10


 138      C7E6B23F 
 138      677974EA 
 138      95BF669A 
 139 0048 1A3B7591 		.ascii	"\032;u\221E}\344\240!\262\252D\216\252\201N\317\345"
 139      457DE4A0 
 139      21B2AA44 
 139      8EAA814E 
 139      CFE5
 140 005a FE4EDE4E 		.ascii	"\376N\336N{m\265\302\272w`~\264ze\335\333~\2655\033"
 140      7B6DB5C2 
 140      BA77607E 
 140      B47A65DD 
 140      DB7EB535 
 141 006f E76D9F47 		.ascii	"\347m\237G\346\353\201\017I\340;G"
 141      E6EB810F 
 141      49E03B47 
 142              		.text
 143              		.section	.gnu.lto_.refs.ec4e3abf,"",%progbits
 144 0000 789C25C7 		.ascii	"x\234%\307\301\021\000 \020\203@H\3166\354\277Lu\344"
 144      C1110020 
 144      10834048 
 144      CE36ECBF 
 144      4C75E4
 145 0013 B514D8FC 		.ascii	"\265\024\330\374\202F'\017\330\364\216.\007\303\001"
 145      8246270F 
 145      D8F48E2E 
 145      07C301
 146 0022 07DF0052 		.ascii	"\007\337\000R"
 147              		.text
 148              		.section	.gnu.lto_.decls.ec4e3abf,"",%progbits
 149 0000 789C8D55 		.ascii	"x\234\215UkL\024W\024\236\273\027vav\27355AC\332\272"
 149      6B4C1457 
 149      149EBB17 
 149      766176BB 
 149      35354143 
 150 0016 A529E983 		.ascii	"\245)\351\203\030\375\321\306\1775!\215}\244\015\221"
 150      18FDD1C6 
 150      7F35218D 
 150      7DA40D91 
 151 0026 98FEA889 		.ascii	"\230\376\250\211A\234\"\321\260d]\232\372\253\203<E"
 151      419C22D1 
 151      B0645D9A 
 151      FAAB833C 
 151      45
 152 0037 05442D8F 		.ascii	"\005D-\217h]\013\312C]\360\305K*,o\345a\255\010.EY\036"
 152      685D0BCA 
 152      435DF0C5 
 152      4B2A2C6F 
 152      E561AD08 
 153 004f 5A51B4F8 		.ascii	"ZQ\264\370\250\2026n\317=3\303\316\350n\333I\276e\356"
 153      A882366E 
 153      CF3D33C3 
 153      CEE86EDB 
 153      49BE65EE 
 154 0063 E53BDF39 		.ascii	"\345;\3379\337\271\217\241\034\307\265\023\216\363\302"
 154      DFB98FA1 
 154      1CC7B513 
ARM GAS  C:\Users\Bruger\AppData\Local\Temp\ccpaoldK.s 			page 11


 154      8EF3C2
 155 0072 630AE5B8 		.ascii	"c\012\345\270(\035\307\005\303\\\014\347{x\3001\200"
 155      281DC705 
 155      C35C0CE7 
 155      7B78C031 
 155      80
 156 0083 13500338 		.ascii	"\023P\0038\011h\004\264\002:\001\027\000\275\200~\000"
 156      096804B4 
 156      023A0117 
 156      00BD807E 
 156      00
 157 0094 4871D739 		.ascii	"Hq\3279\355\303b\215\262\246\005\020\006\360\000Z\000"
 157      EDC3628D 
 157      B2A60510 
 157      06F0005A 
 157      00
 158 00a5 63801140 		.ascii	"c\200\021@3`\034P\017\250\005@\031\234\033p\025@e\215"
 158      33601C50 
 158      0FA80540 
 158      199C1B70 
 158      1540658D 
 159 00b9 5639AFBF 		.ascii	"V9\257\277\034N?9\324\332\023\200nY{\222y\366\223\303"
 159      1C4E3F39 
 159      D4DA1380 
 159      6E597B92 
 159      79F693C3 
 160 00cd 297BE90C 		.ascii	"){\351\014\220\243F\356E\214\254\177\0230\015\270\255"
 160      90A346EE 
 160      458CAC7F 
 160      13300DB8 
 160      AD
 161 00de CAC5F4EF 		.ascii	"\312\305\364\357\002*e\215AY\273F\356\321\261\000\332"
 161      022A658D 
 161      4159BB46 
 161      EED1B100 
 161      DA
 162 00ef ACA70695 		.ascii	"\254\247\006\225\266\242\241\326U\353\235\224\353\015"
 162      B6A2A1D6 
 162      55EB9D94 
 162      EB0D
 163 00fd D4F3FB3A 		.ascii	"\324\363\373:\3223>\373\320tKG\314\374\0026,\031\272"
 163      D2333EFB 
 163      D0744B47 
 163      CCFC0236 
 163      2C19BA
 164 0110 F188C2D0 		.ascii	"\361\210\302\320\304\353\330\260v\356q\265~\321>\221"
 164      C4EBD8B0 
 164      76EE71B5 
 164      7ED13E91 
 165 0120 3D69E202 		.ascii	"=i\342\002\035\211\011#\345$\234T\220pP\254$\213\340"
 165      1D890923 
 165      E5249C54 
 165      907050AC 
 165      248BE0
 166 0133 F79B2049 		.ascii	"\367\233 II\254L\237\015\245:\302\336K\213\306\006\370"
 166      49AC4C9F 
 166      0DA53AC2 
ARM GAS  C:\Users\Bruger\AppData\Local\Temp\ccpaoldK.s 			page 12


 166      DE4B8BC6 
 166      06F8
 167 0145 A82A88CA 		.ascii	"\250*\210\312\026[f\251/][^G\025\265\374$zjf\372O\273"
 167      165B66A9 
 167      2F5D5B5E 
 167      4715B5FC 
 167      247A6A66 
 168 015c 4D6285D8 		.ascii	"Mb\205\330\342\365~\214R\244\212Pr\224D1&{\307\020r"
 168      E2F57E8C 
 168      52A48A50 
 168      72944431 
 168      267BC710 
 169 0171 8C58206C 		.ascii	"\214X l\332\365\2543\210\256A\355\372=Os\364(\341()"
 169      DAF5AC33 
 169      88AE41ED 
 169      FA3D4F73 
 169      F428E128 
 170 0186 D54B0218 		.ascii	"\325K\002\030\177\\\025\177\\\211wb\374\225\347\305"
 170      7F5C157F 
 170      5C897762 
 170      FC95E7C5 
 171 0196 D3069A82 		.ascii	"\323\006\232\202\361W\016\272/\031!\336Q\343pk\342\253"
 171      F1570EBA 
 171      2F1921DE 
 171      51E3706B 
 171      E2AB
 172 01a8 55F1D54A 		.ascii	"U\361\325J|\015\306W\345\014\264\033\350.\202\002U\367"
 172      7C0DC657 
 172      E50CB41B 
 172      E82E8202 
 172      55F7
 173 01ba F74D5249 		.ascii	"\367MRI\300yX-pB%pB\0218\211\002\203\315YY!\364\210"
 173      C079582D 
 173      70422570 
 173      42113889 
 173      0283CD59 
 174 01d2 24907AE4 		.ascii	"$\220z\344\354N\00349\214\307\236\344\366\224\270(\016"
 174      EC4E0334 
 174      398CC79E 
 174      E4F694B8 
 174      280E
 175 01e4 BDECDF3A 		.ascii	"\275\354\337:\267{\357\034%|d\266(n\023g\012D\272\230"
 175      B77BEF1C 
 175      257C64B6 
 175      286E1367 
 175      0A44BA98 
 176 01f8 2351E1E4 		.ascii	"#Q\341\344\275p\216\324\221H\240a\022r\032\326\341\014"
 176      BD708ED4 
 176      9148A061 
 176      12721AD6 
 176      E10C
 177 020a AC431974 		.ascii	"\254C\031tyf$\343\334\347i\342JRKxrj\276\014\314 w\276"
 177      796624E3 
 177      DCE769E2 
 177      4A524B78 
 177      726ABE0C 
 178 0222 EFE8F94C 		.ascii	"\357\350\371L\242^JF\365\255e\275f-]\177=\0310\320~"
ARM GAS  C:\Users\Bruger\AppData\Local\Temp\ccpaoldK.s 			page 13


 178      A25E4A46 
 178      F5AD65BD 
 178      662D5D7F 
 178      3D1930D0 
 179 0237 A9DCF453 		.ascii	"\251\334\364S\2435\270f\342\314t\371\235\215\273\323"
 179      A335B866 
 179      E2CC74F9 
 179      9D8DBBD3 
 180 0247 F2F78A1E 		.ascii	"\362\367\212\036\257w\011\006\221\006\225\351\006\305"
 180      AF770906 
 180      910695E9 
 180      06C5
 181 0255 74239A3E 		.ascii	"t#\232>\360\340^S(u\3504\246-\222\351\302;\263\247C"
 181      F0E05E53 
 181      2875E834 
 181      A62D92E9 
 181      C23BB3A7 
 182 026a 70E8F552 		.ascii	"p\350\365R\346\372\331\204\263\\O\"y\311\316a\311N3"
 182      E6FAD984 
 182      B35C4F22 
 182      79C9CE61 
 182      C94E33
 183 027d D478D667 		.ascii	"\324x\326g\307\"\333\301\316\200\213\340\01237\357\201"
 183      C722DBC1 
 183      CE808BE0 
 183      0A3337EF 
 183      81
 184 028e 9C83E658 		.ascii	"\234\203\346X\344\3464\301\344/0\011\231\266\347\025"
 184      E4E634C1 
 184      E42F3009 
 184      99B6E715 
 185 029e CCF26AE3 		.ascii	"\314\362j\343\315\032\343-\032\343G\206\016\336$\264"
 185      CD1AE32D 
 185      1AE34786 
 185      0EDE24B4 
 186 02ae 5C2A5974 		.ascii	"\\*Yt\324\355$\212\361??U\031\207 \342R\031w)\306[\321"
 186      D4ED248A 
 186      F13F3F55 
 186      198720E2 
 186      52197729 
 187 02c5 787E862B 		.ascii	"x~\206+?(\010n\016l2h\303\\o\341\376Vc\300\243\324\216"
 187      3F28086E 
 187      0E6C3268 
 187      C35C6FE1 
 187      FE5663C0 
 188 02dc 55B411B9 		.ascii	"U\264\021\271\214\272\314\352\357i\207T\305\201\251"
 188      8CBACCEA 
 188      EF698754 
 188      C581A9
 189 02eb DCB660AC 		.ascii	"\334\266`\254\302\343,\35529\224#\003!\244CUC\207RC"
 189      C2E32CED 
 189      32399423 
 189      0321A443 
 189      55438752 
 190 0300 27D6D054 		.ascii	"'\326\320Tv\373\236\021kh\236\257a\242\370\307ns\300"
 190      76FB9E11 
 190      6B689EAF 
ARM GAS  C:\Users\Bruger\AppData\Local\Temp\ccpaoldK.s 			page 14


 190      61A2F8C7 
 190      6E73C0
 191 0313 1ABAB186 		.ascii	"\032\272\261\206.\245\206\342\375\251O\315tZ*\342\262"
 191      2EA586E2 
 191      FDA94FCD 
 191      745A2AE2 
 191      B2
 192 0324 5878110F 		.ascii	"Xx\021\017\235\350h,\315\264\310\233\036\"\310yU\011"
 192      9DE8682C 
 192      CDB4C89B 
 192      1E22C879 
 192      5509
 193 0336 E795122E 		.ascii	"\347\225\022.`\011\245\305\373*ut\007E\205\0339c\273"
 193      6009A5C5 
 193      FB2A7574 
 193      0745851B 
 193      3963BB
 194 0349 8D928D8A 		.ascii	"\215\222\215\212\322N\237\015vpzT\032=\212F/j\32467"
 194      D24E9F0D 
 194      76707A54 
 194      1A3D8A46 
 194      2F6AD436 
 195 035e A687D09F 		.ascii	"\246\207\320\237%\215\261\334j\227A\322\230j\023Z\267"
 195      258DB1DC 
 195      6A9741D2 
 195      986A135A 
 195      B7
 196 036f 897FB3CD 		.ascii	"\211\177\263\315\203\022}*\211>E\242\037%F\237\214\266"
 196      83127D2A 
 196      893E45A2 
 196      1F25469F 
 196      8CB6
 197 0381 1AF08A5B 		.ascii	"\032\360\212[\306D\0122\352\353\315x\305\351\331\260"
 197      C6440A32 
 197      EAEBCD78 
 197      C5E9D9B0 
 198 0391 EB62739D 		.ascii	"\353bs\235\211\236\225\022\214O\345\272y:,\015\362;"
 198      899E9512 
 198      8C4FE5BA 
 198      793A2C0D 
 198      F23B
 199 03a3 1F66E9E9 		.ascii	"\037f\351\351]i\220V6\362\234\322Yi\320\340|\324gDE"
 199      5D699056 
 199      36F29CD2 
 199      5969D0E0 
 199      7CD46744 
 200 03b8 0B0C83E7 		.ascii	"\013\014\203\347zK\352\315$baDD\244\003v\246'g\242\323"
 200      7A4BEACD 
 200      24626144 
 200      44A40376 
 200      A62767A2 
 201 03cd 28162DC3 		.ascii	"(\026-\303\305\377\015\352\032\"\013\225\003\374.k\364"
 201      C5FF0DEA 
 201      1A220B95 
 201      03FC2E6B 
 201      F4
 202 03de FBF0C3ED 		.ascii	"\373\360\303\355f\213\220/\212+m\034\271\010k\360+\256"
ARM GAS  C:\Users\Bruger\AppData\Local\Temp\ccpaoldK.s 			page 15


 202      668B902F 
 202      8A2B6D1C 
 202      B9086BF0 
 202      2BAE
 203 03f0 01A3820D 		.ascii	"\001\243\202\0152\014{y\220D\0207\340*\211@;\250\235"
 203      320C7B79 
 203      90441037 
 203      E02A8940 
 203      3BA89D
 204 0403 3BD135AF 		.ascii	";\3215\257=\340G\373\012\223\221\250;\322\262\340\202"
 204      3DE047FB 
 204      0A9391A8 
 204      3BD2B2E0 
 204      82
 205 0414 5D86EB7F 		.ascii	"]\206\353\177Y\246\316\037\026$\227#\231\2358Ov\251"
 205      59A6CE1F 
 205      16249723 
 205      999D384F 
 205      76A9
 206 0426 5E248CC2 		.ascii	"^$\214\302)mTn\016\335\341C\265y\224D.D^qt\010\031\001"
 206      296D546E 
 206      0EDDE143 
 206      B5799444 
 206      2E445E71 
 207 043e A14BBE53 		.ascii	"\241K\276S\311\202\360\361g\211\374\016N\376\315\025"
 207      C982F0F1 
 207      6789FC0E 
 207      4EFECD15 
 208 044e B473D7AE 		.ascii	"\264s\327\256\216\207!4/\010{\233y.wN\367\366!Qt\314"
 208      8E872134 
 208      2F087B9B 
 208      792E774E 
 208      F7F62151 
 209 0464 F40F37E9 		.ascii	"\364\0177\351REG\252(\262\315\206i\257IiU\035\273&-"
 209      524547AA 
 209      28B2CD86 
 209      69AF4969 
 209      551DBB26 
 210 0479 36B94EDE 		.ascii	"6\271N\336\206\350\306\202\356\"=..n\370\254k}\305F"
 210      86E8C682 
 210      EE223D2E 
 210      2E6EF8AC 
 210      6B7DC546 
 211 048d 530EBB2E 		.ascii	"S\016\273.\362\323\304\320n3\236\\\350\021\031\305`"
 211      F2D3C4D0 
 211      6E339E5C 
 211      E81119C5 
 211      60
 212 049e 0F316130 		.ascii	"\0171a0\374ew\222X\333\305k\330,\245\217=&\263\307\220"
 212      FC657792 
 212      58DBC56B 
 212      D82CA58F 
 212      3D26B3C7 
 213 04b3 3DE2191A 		.ascii	"=\342\031\032\324i\330\365\032\355q\231=\216\354#}M"
 213      D469D8F5 
 213      1AED7199 
 213      3D8EEC23 
ARM GAS  C:\Users\Bruger\AppData\Local\Temp\ccpaoldK.s 			page 16


 213      7D4D
 214 04c5 4DDA4ABA 		.ascii	"M\332J\2725\354\011\231=\201\354\364=\256\002m%\355"
 214      35EC0999 
 214      3D81ECF4 
 214      3DAE026D 
 214      25ED
 215 04d7 1AF6A4CC 		.ascii	"\032\366\244\314\236dl\352*w\015\363$\234\017/\202\317"
 215      9E646CEA 
 215      2A770DF3 
 215      249C0F2F 
 215      82CF
 216 04e9 EDEC1272 		.ascii	"\355\354\022r\223\360\354\212\204{t\233H\213\314\312"
 216      93F0EC8A 
 216      847B749B 
 216      488BCCCA 
 217 04f9 D783C37F 		.ascii	"\327\203\303\177p\344\017\220\271\0012\214\335r\313"
 217      70E40F90 
 217      B901328C 
 217      DD72CB
 218 0508 EBFDC12B 		.ascii	"\353\375\301+=y\006$\260\037v\371\025\356(\013\241\025"
 218      3D790624 
 218      B01F76F9 
 218      15EE280B 
 218      A115
 219 051a D2A29C79 		.ascii	"\322\242\234y\234\323\360\012\237\315n\215\377\376 "
 219      9CD3F00A 
 219      9FCD6E8D 
 219      FFFE20
 220 0529 C19619E8 		.ascii	"\301\226\031\350\317\031\014\225>a/F\334\011\370\011"
 220      CF190C95 
 220      3E612F46 
 220      DC09F809 
 221 0539 EB78F045 		.ascii	"\353x\360E:\334\371\267a\273\336\362\355\256)\342\373"
 221      3ADCF9B7 
 221      61BBDEF2 
 221      EDAE29E2 
 221      FB
 222 054a 866D1F2F 		.ascii	"\206m\037/\3513i\332\302\310\276\266L\313m\231\306&"
 222      E93369DA 
 222      C2C8BEB6 
 222      4CCB6D99 
 222      C626
 223 055c 1EADCEC8 		.ascii	"\036\255\316\310zU\303\256\3244\361.1)I\340\225{\375"
 223      7A55C3AE 
 223      D434F12E 
 223      312949E0 
 223      957BFD
 224 056f B384A444 		.ascii	"\263\204\244D{\2425)\332\232\222d\027l\353\226\257\213"
 224      7BA23529 
 224      DA9A9264 
 224      176CEB96 
 224      AF8B
 225 0581 8DFB4E88 		.ascii	"\215\373N\210\266&}\233\230\240_\365\325\032K4\267t"
 225      B6267D9B 
 225      98A05FF5 
 225      D51A4B34 
 225      B774
ARM GAS  C:\Users\Bruger\AppData\Local\Temp\ccpaoldK.s 			page 17


 226 0593 959024D8 		.ascii	"\225\220$\330\342\354\302\206u\261\326\024[\274\260"
 226      E2ECC286 
 226      75B1D614 
 226      5BBCB0
 227 05a2 3626D61A 		.ascii	"6&\326\032\375\341\332\227Cc\276\\\032\317-yy~\265\260"
 227      FDE1DA97 
 227      4363BE5C 
 227      1ACF2D79 
 227      797EB5B0 
 228 05b6 C56EB5C9 		.ascii	"\305n\265\311\252\213\374\244\334,\010\311\213_\236"
 228      AA8BFCA4 
 228      DC2C08C9 
 228      8B5F9E
 229 05c5 FF3A6E93 		.ascii	"\377:n\223\220\222\034\234\222\230d_\361V\200*\342\267"
 229      90921C9C 
 229      9298645F 
 229      F156802A 
 229      E2B7
 230 05d7 DAB7260B 		.ascii	"\332\267&\013[\226n\344\336\361\2278n\003d\265\333\254"
 230      5B966EE4 
 230      DEF19738 
 230      6E0364B5 
 230      DBAC
 231 05e9 9B570B09 		.ascii	"\233W\013\011\211[`\366\203\377\353\006\024\365,\363"
 231      895B60F6 
 231      83FFEB06 
 231      14F52CF3 
 232 05f9 F28FDE08 		.ascii	"\362\217\336\010$\214\243H?u\333\022\355\302\013y\337"
 232      248CA348 
 232      3F75DB12 
 232      EDC20B79 
 232      DF
 233 060a 0C48C361 		.ascii	"\014H\303a\230\237\256\330\255\376\232\362IR\334\372"
 233      989FAED8 
 233      ADFE9AF2 
 233      4952DCFA 
 234 061a CD821FB9 		.ascii	"\315\202\037\271\365q\361\233R\222c\355\266\224x\373"
 234      F571F19B 
 234      529263ED 
 234      B69478FB 
 235 062a 6BF2B444 		.ascii	"k\362\264D\216\265\203_^\236Z\263a}\230\374\372B\211"
 235      8EB5835F 
 235      5E9E5AB3 
 235      617D98FC 
 235      FA4289
 236 063d 7E92499A 		.ascii	"~\222I\232A6!a\305?\030)\314+"
 236      41362161 
 236      C53F1829 
 236      CC2B
 237              		.text
 238              		.section	.gnu.lto_.symtab.ec4e3abf,"",%progbits
 239 0000 49676E69 		.ascii	"IgnitionCounter_1_SaveConfig\000\000\000\000\000\000"
 239      74696F6E 
 239      436F756E 
 239      7465725F 
 239      315F5361 
 240 0022 00000000 		.ascii	"\000\000\000\000\000\000\254\000\000\000IgnitionCou"
ARM GAS  C:\Users\Bruger\AppData\Local\Temp\ccpaoldK.s 			page 18


 240      0000AC00 
 240      00004967 
 240      6E697469 
 240      6F6E436F 
 241 0037 6E746572 		.ascii	"nter_1_RestoreConfig\000\000\000\000\000\000\000\000"
 241      5F315F52 
 241      6573746F 
 241      7265436F 
 241      6E666967 
 242 0053 00000000 		.ascii	"\000\000\000\000\256\000\000\000IgnitionCounter_1_S"
 242      AE000000 
 242      49676E69 
 242      74696F6E 
 242      436F756E 
 243 006e 6C656570 		.ascii	"leep\000\000\000\000\000\000\000\000\000\000\000\000"
 243      00000000 
 243      00000000 
 243      00000000 
 244 007e B0000000 		.ascii	"\260\000\000\000IgnitionCounter_1_Wakeup\000\000\000"
 244      49676E69 
 244      74696F6E 
 244      436F756E 
 244      7465725F 
 245 009d 00000000 		.ascii	"\000\000\000\000\000\000\000\000\000\262\000\000\000"
 245      00000000 
 245      00B20000 
 245      00
 246 00aa 49676E69 		.ascii	"IgnitionCounter_1_ReadControlRegister\000\000\002\000"
 246      74696F6E 
 246      436F756E 
 246      7465725F 
 246      315F5265 
 247 00d3 00000000 		.ascii	"\000\000\000\000\000\000\000\000\272\000\000\000Ign"
 247      00000000 
 247      BA000000 
 247      49676E
 248 00e2 6974696F 		.ascii	"itionCounter_1_ReadCounter\000\000\002\000\000\000\000"
 248      6E436F75 
 248      6E746572 
 248      5F315F52 
 248      65616443 
 249 0103 00000000 		.ascii	"\000\000\000\000\000\302\000\000\000IgnitionCounter"
 249      00C20000 
 249      0049676E 
 249      6974696F 
 249      6E436F75 
 250 011b 5F315F57 		.ascii	"_1_WriteControlRegister\000\000\002\000\000\000\000"
 250      72697465 
 250      436F6E74 
 250      726F6C52 
 250      65676973 
 251 0139 00000000 		.ascii	"\000\000\000\000\000\306\000\000\000IgnitionCounter"
 251      00C60000 
 251      0049676E 
 251      6974696F 
 251      6E436F75 
 252 0151 5F315F57 		.ascii	"_1_WriteCounter\000\000\002\000\000\000\000\000\000"
ARM GAS  C:\Users\Bruger\AppData\Local\Temp\ccpaoldK.s 			page 19


 252      72697465 
 252      436F756E 
 252      74657200 
 252      00020000 
 253 0169 000000CA 		.ascii	"\000\000\000\312\000\000\000IgnitionCounter_1_Stop\000"
 253      00000049 
 253      676E6974 
 253      696F6E43 
 253      6F756E74 
 254 0187 00020000 		.ascii	"\000\002\000\000\000\000\000\000\000\000\000\314\000"
 254      00000000 
 254      000000CC 
 254      00
 255 0194 00004967 		.ascii	"\000\000IgnitionCounter_1_Enable\000\000\002\000\000"
 255      6E697469 
 255      6F6E436F 
 255      756E7465 
 255      725F315F 
 256 01b3 00000000 		.ascii	"\000\000\000\000\000\000\000\316\000\000\000"
 256      000000CE 
 256      000000
 257              		.text
 258              		.section	.gnu.lto_.opts,"",%progbits
 259 0000 272D666E 		.ascii	"'-fno-trapv' '-mcpu=cortex-m3' '-mthumb' '-g' '-Os'"
 259      6F2D7472 
 259      61707627 
 259      20272D6D 
 259      6370753D 
 260 0033 20272D66 		.ascii	" '-ffunction-sections' '-finline-functions' '-flto'"
 260      66756E63 
 260      74696F6E 
 260      2D736563 
 260      74696F6E 
 261 0066 20272D66 		.ascii	" '-ffat-lto-objects'\000"
 261      6661742D 
 261      6C746F2D 
 261      6F626A65 
 261      63747327 
 262              		.text
 263              		.cfi_sections	.debug_frame
 264              		.section	.text.IgnitionCounter_1_SaveConfig,"ax",%progbits
 265              		.align	1
 266              		.global	IgnitionCounter_1_SaveConfig
 267              		.thumb
 268              		.thumb_func
 269              		.type	IgnitionCounter_1_SaveConfig, %function
 270              	IgnitionCounter_1_SaveConfig:
 271              	.LFB0:
 272              		.file 1 "Generated_Source\\PSoC5\\IgnitionCounter_1_PM.c"
   1:Generated_Source\PSoC5/IgnitionCounter_1_PM.c **** /*******************************************************************************
   2:Generated_Source\PSoC5/IgnitionCounter_1_PM.c **** * File Name: IgnitionCounter_1_PM.c  
   3:Generated_Source\PSoC5/IgnitionCounter_1_PM.c **** * Version 3.0
   4:Generated_Source\PSoC5/IgnitionCounter_1_PM.c **** *
   5:Generated_Source\PSoC5/IgnitionCounter_1_PM.c **** *  Description:
   6:Generated_Source\PSoC5/IgnitionCounter_1_PM.c **** *    This file provides the power management source code to API for the
   7:Generated_Source\PSoC5/IgnitionCounter_1_PM.c **** *    Counter.  
   8:Generated_Source\PSoC5/IgnitionCounter_1_PM.c **** *
ARM GAS  C:\Users\Bruger\AppData\Local\Temp\ccpaoldK.s 			page 20


   9:Generated_Source\PSoC5/IgnitionCounter_1_PM.c **** *   Note:
  10:Generated_Source\PSoC5/IgnitionCounter_1_PM.c **** *     None
  11:Generated_Source\PSoC5/IgnitionCounter_1_PM.c **** *
  12:Generated_Source\PSoC5/IgnitionCounter_1_PM.c **** ********************************************************************************
  13:Generated_Source\PSoC5/IgnitionCounter_1_PM.c **** * Copyright 2008-2012, Cypress Semiconductor Corporation.  All rights reserved.
  14:Generated_Source\PSoC5/IgnitionCounter_1_PM.c **** * You may use this file only in accordance with the license, terms, conditions, 
  15:Generated_Source\PSoC5/IgnitionCounter_1_PM.c **** * disclaimers, and limitations in the end user license agreement accompanying 
  16:Generated_Source\PSoC5/IgnitionCounter_1_PM.c **** * the software package with which this file was provided.
  17:Generated_Source\PSoC5/IgnitionCounter_1_PM.c **** *******************************************************************************/
  18:Generated_Source\PSoC5/IgnitionCounter_1_PM.c **** 
  19:Generated_Source\PSoC5/IgnitionCounter_1_PM.c **** #include "IgnitionCounter_1.h"
  20:Generated_Source\PSoC5/IgnitionCounter_1_PM.c **** 
  21:Generated_Source\PSoC5/IgnitionCounter_1_PM.c **** static IgnitionCounter_1_backupStruct IgnitionCounter_1_backup;
  22:Generated_Source\PSoC5/IgnitionCounter_1_PM.c **** 
  23:Generated_Source\PSoC5/IgnitionCounter_1_PM.c **** 
  24:Generated_Source\PSoC5/IgnitionCounter_1_PM.c **** /*******************************************************************************
  25:Generated_Source\PSoC5/IgnitionCounter_1_PM.c **** * Function Name: IgnitionCounter_1_SaveConfig
  26:Generated_Source\PSoC5/IgnitionCounter_1_PM.c **** ********************************************************************************
  27:Generated_Source\PSoC5/IgnitionCounter_1_PM.c **** * Summary:
  28:Generated_Source\PSoC5/IgnitionCounter_1_PM.c **** *     Save the current user configuration
  29:Generated_Source\PSoC5/IgnitionCounter_1_PM.c **** *
  30:Generated_Source\PSoC5/IgnitionCounter_1_PM.c **** * Parameters:  
  31:Generated_Source\PSoC5/IgnitionCounter_1_PM.c **** *  void
  32:Generated_Source\PSoC5/IgnitionCounter_1_PM.c **** *
  33:Generated_Source\PSoC5/IgnitionCounter_1_PM.c **** * Return: 
  34:Generated_Source\PSoC5/IgnitionCounter_1_PM.c **** *  void
  35:Generated_Source\PSoC5/IgnitionCounter_1_PM.c **** *
  36:Generated_Source\PSoC5/IgnitionCounter_1_PM.c **** * Global variables:
  37:Generated_Source\PSoC5/IgnitionCounter_1_PM.c **** *  IgnitionCounter_1_backup:  Variables of this global structure are modified to 
  38:Generated_Source\PSoC5/IgnitionCounter_1_PM.c **** *  store the values of non retention configuration registers when Sleep() API is 
  39:Generated_Source\PSoC5/IgnitionCounter_1_PM.c **** *  called.
  40:Generated_Source\PSoC5/IgnitionCounter_1_PM.c **** *
  41:Generated_Source\PSoC5/IgnitionCounter_1_PM.c **** *******************************************************************************/
  42:Generated_Source\PSoC5/IgnitionCounter_1_PM.c **** void IgnitionCounter_1_SaveConfig(void) 
  43:Generated_Source\PSoC5/IgnitionCounter_1_PM.c **** {
 273              		.loc 1 43 0
 274              		.cfi_startproc
 275              		@ args = 0, pretend = 0, frame = 0
 276              		@ frame_needed = 0, uses_anonymous_args = 0
 277 0000 10B5     		push	{r4, lr}
 278              		.cfi_def_cfa_offset 8
 279              		.cfi_offset 4, -8
 280              		.cfi_offset 14, -4
  44:Generated_Source\PSoC5/IgnitionCounter_1_PM.c ****     #if (!IgnitionCounter_1_UsingFixedFunction)
  45:Generated_Source\PSoC5/IgnitionCounter_1_PM.c **** 
  46:Generated_Source\PSoC5/IgnitionCounter_1_PM.c ****         IgnitionCounter_1_backup.CounterUdb = IgnitionCounter_1_ReadCounter();
 281              		.loc 1 46 0
 282 0002 FFF7FEFF 		bl	IgnitionCounter_1_ReadCounter
 283              	.LVL0:
 284 0006 034C     		ldr	r4, .L2
 285 0008 6080     		strh	r0, [r4, #2]	@ movhi
  47:Generated_Source\PSoC5/IgnitionCounter_1_PM.c **** 
  48:Generated_Source\PSoC5/IgnitionCounter_1_PM.c ****         #if(!IgnitionCounter_1_ControlRegRemoved)
  49:Generated_Source\PSoC5/IgnitionCounter_1_PM.c ****             IgnitionCounter_1_backup.CounterControlRegister = IgnitionCounter_1_ReadControlRegister
 286              		.loc 1 49 0
 287 000a FFF7FEFF 		bl	IgnitionCounter_1_ReadControlRegister
 288              	.LVL1:
ARM GAS  C:\Users\Bruger\AppData\Local\Temp\ccpaoldK.s 			page 21


 289 000e 2071     		strb	r0, [r4, #4]
 290 0010 10BD     		pop	{r4, pc}
 291              	.L3:
 292 0012 00BF     		.align	2
 293              	.L2:
 294 0014 00000000 		.word	.LANCHOR0
 295              		.cfi_endproc
 296              	.LFE0:
 297              		.size	IgnitionCounter_1_SaveConfig, .-IgnitionCounter_1_SaveConfig
 298              		.section	.text.IgnitionCounter_1_RestoreConfig,"ax",%progbits
 299              		.align	1
 300              		.global	IgnitionCounter_1_RestoreConfig
 301              		.thumb
 302              		.thumb_func
 303              		.type	IgnitionCounter_1_RestoreConfig, %function
 304              	IgnitionCounter_1_RestoreConfig:
 305              	.LFB1:
  50:Generated_Source\PSoC5/IgnitionCounter_1_PM.c ****         #endif /* (!IgnitionCounter_1_ControlRegRemoved) */
  51:Generated_Source\PSoC5/IgnitionCounter_1_PM.c **** 
  52:Generated_Source\PSoC5/IgnitionCounter_1_PM.c ****     #endif /* (!IgnitionCounter_1_UsingFixedFunction) */
  53:Generated_Source\PSoC5/IgnitionCounter_1_PM.c **** }
  54:Generated_Source\PSoC5/IgnitionCounter_1_PM.c **** 
  55:Generated_Source\PSoC5/IgnitionCounter_1_PM.c **** 
  56:Generated_Source\PSoC5/IgnitionCounter_1_PM.c **** /*******************************************************************************
  57:Generated_Source\PSoC5/IgnitionCounter_1_PM.c **** * Function Name: IgnitionCounter_1_RestoreConfig
  58:Generated_Source\PSoC5/IgnitionCounter_1_PM.c **** ********************************************************************************
  59:Generated_Source\PSoC5/IgnitionCounter_1_PM.c **** *
  60:Generated_Source\PSoC5/IgnitionCounter_1_PM.c **** * Summary:
  61:Generated_Source\PSoC5/IgnitionCounter_1_PM.c **** *  Restores the current user configuration.
  62:Generated_Source\PSoC5/IgnitionCounter_1_PM.c **** *
  63:Generated_Source\PSoC5/IgnitionCounter_1_PM.c **** * Parameters:  
  64:Generated_Source\PSoC5/IgnitionCounter_1_PM.c **** *  void
  65:Generated_Source\PSoC5/IgnitionCounter_1_PM.c **** *
  66:Generated_Source\PSoC5/IgnitionCounter_1_PM.c **** * Return: 
  67:Generated_Source\PSoC5/IgnitionCounter_1_PM.c **** *  void
  68:Generated_Source\PSoC5/IgnitionCounter_1_PM.c **** *
  69:Generated_Source\PSoC5/IgnitionCounter_1_PM.c **** * Global variables:
  70:Generated_Source\PSoC5/IgnitionCounter_1_PM.c **** *  IgnitionCounter_1_backup:  Variables of this global structure are used to 
  71:Generated_Source\PSoC5/IgnitionCounter_1_PM.c **** *  restore the values of non retention registers on wakeup from sleep mode.
  72:Generated_Source\PSoC5/IgnitionCounter_1_PM.c **** *
  73:Generated_Source\PSoC5/IgnitionCounter_1_PM.c **** *******************************************************************************/
  74:Generated_Source\PSoC5/IgnitionCounter_1_PM.c **** void IgnitionCounter_1_RestoreConfig(void) 
  75:Generated_Source\PSoC5/IgnitionCounter_1_PM.c **** {      
 306              		.loc 1 75 0
 307              		.cfi_startproc
 308              		@ args = 0, pretend = 0, frame = 0
 309              		@ frame_needed = 0, uses_anonymous_args = 0
 310 0000 10B5     		push	{r4, lr}
 311              		.cfi_def_cfa_offset 8
 312              		.cfi_offset 4, -8
 313              		.cfi_offset 14, -4
  76:Generated_Source\PSoC5/IgnitionCounter_1_PM.c ****     #if (!IgnitionCounter_1_UsingFixedFunction)
  77:Generated_Source\PSoC5/IgnitionCounter_1_PM.c **** 
  78:Generated_Source\PSoC5/IgnitionCounter_1_PM.c ****        IgnitionCounter_1_WriteCounter(IgnitionCounter_1_backup.CounterUdb);
 314              		.loc 1 78 0
 315 0002 044C     		ldr	r4, .L5
 316 0004 6088     		ldrh	r0, [r4, #2]
ARM GAS  C:\Users\Bruger\AppData\Local\Temp\ccpaoldK.s 			page 22


 317 0006 FFF7FEFF 		bl	IgnitionCounter_1_WriteCounter
 318              	.LVL2:
  79:Generated_Source\PSoC5/IgnitionCounter_1_PM.c **** 
  80:Generated_Source\PSoC5/IgnitionCounter_1_PM.c ****         #if(!IgnitionCounter_1_ControlRegRemoved)
  81:Generated_Source\PSoC5/IgnitionCounter_1_PM.c ****             IgnitionCounter_1_WriteControlRegister(IgnitionCounter_1_backup.CounterControlRegister)
 319              		.loc 1 81 0
 320 000a 2079     		ldrb	r0, [r4, #4]	@ zero_extendqisi2
  82:Generated_Source\PSoC5/IgnitionCounter_1_PM.c ****         #endif /* (!IgnitionCounter_1_ControlRegRemoved) */
  83:Generated_Source\PSoC5/IgnitionCounter_1_PM.c **** 
  84:Generated_Source\PSoC5/IgnitionCounter_1_PM.c ****     #endif /* (!IgnitionCounter_1_UsingFixedFunction) */
  85:Generated_Source\PSoC5/IgnitionCounter_1_PM.c **** }
 321              		.loc 1 85 0
 322 000c BDE81040 		pop	{r4, lr}
 323              		.cfi_restore 14
 324              		.cfi_restore 4
 325              		.cfi_def_cfa_offset 0
  81:Generated_Source\PSoC5/IgnitionCounter_1_PM.c ****         #endif /* (!IgnitionCounter_1_ControlRegRemoved) */
 326              		.loc 1 81 0
 327 0010 FFF7FEBF 		b	IgnitionCounter_1_WriteControlRegister
 328              	.LVL3:
 329              	.L6:
 330              		.align	2
 331              	.L5:
 332 0014 00000000 		.word	.LANCHOR0
 333              		.cfi_endproc
 334              	.LFE1:
 335              		.size	IgnitionCounter_1_RestoreConfig, .-IgnitionCounter_1_RestoreConfig
 336              		.section	.text.IgnitionCounter_1_Sleep,"ax",%progbits
 337              		.align	1
 338              		.global	IgnitionCounter_1_Sleep
 339              		.thumb
 340              		.thumb_func
 341              		.type	IgnitionCounter_1_Sleep, %function
 342              	IgnitionCounter_1_Sleep:
 343              	.LFB2:
  86:Generated_Source\PSoC5/IgnitionCounter_1_PM.c **** 
  87:Generated_Source\PSoC5/IgnitionCounter_1_PM.c **** 
  88:Generated_Source\PSoC5/IgnitionCounter_1_PM.c **** /*******************************************************************************
  89:Generated_Source\PSoC5/IgnitionCounter_1_PM.c **** * Function Name: IgnitionCounter_1_Sleep
  90:Generated_Source\PSoC5/IgnitionCounter_1_PM.c **** ********************************************************************************
  91:Generated_Source\PSoC5/IgnitionCounter_1_PM.c **** * Summary:
  92:Generated_Source\PSoC5/IgnitionCounter_1_PM.c **** *     Stop and Save the user configuration
  93:Generated_Source\PSoC5/IgnitionCounter_1_PM.c **** *
  94:Generated_Source\PSoC5/IgnitionCounter_1_PM.c **** * Parameters:  
  95:Generated_Source\PSoC5/IgnitionCounter_1_PM.c **** *  void
  96:Generated_Source\PSoC5/IgnitionCounter_1_PM.c **** *
  97:Generated_Source\PSoC5/IgnitionCounter_1_PM.c **** * Return: 
  98:Generated_Source\PSoC5/IgnitionCounter_1_PM.c **** *  void
  99:Generated_Source\PSoC5/IgnitionCounter_1_PM.c **** *
 100:Generated_Source\PSoC5/IgnitionCounter_1_PM.c **** * Global variables:
 101:Generated_Source\PSoC5/IgnitionCounter_1_PM.c **** *  IgnitionCounter_1_backup.enableState:  Is modified depending on the enable 
 102:Generated_Source\PSoC5/IgnitionCounter_1_PM.c **** *  state of the block before entering sleep mode.
 103:Generated_Source\PSoC5/IgnitionCounter_1_PM.c **** *
 104:Generated_Source\PSoC5/IgnitionCounter_1_PM.c **** *******************************************************************************/
 105:Generated_Source\PSoC5/IgnitionCounter_1_PM.c **** void IgnitionCounter_1_Sleep(void) 
 106:Generated_Source\PSoC5/IgnitionCounter_1_PM.c **** {
 344              		.loc 1 106 0
ARM GAS  C:\Users\Bruger\AppData\Local\Temp\ccpaoldK.s 			page 23


 345              		.cfi_startproc
 346              		@ args = 0, pretend = 0, frame = 0
 347              		@ frame_needed = 0, uses_anonymous_args = 0
 348 0000 08B5     		push	{r3, lr}
 349              		.cfi_def_cfa_offset 8
 350              		.cfi_offset 3, -8
 351              		.cfi_offset 14, -4
 107:Generated_Source\PSoC5/IgnitionCounter_1_PM.c ****     #if(!IgnitionCounter_1_ControlRegRemoved)
 108:Generated_Source\PSoC5/IgnitionCounter_1_PM.c ****         /* Save Counter's enable state */
 109:Generated_Source\PSoC5/IgnitionCounter_1_PM.c ****         if(IgnitionCounter_1_CTRL_ENABLE == (IgnitionCounter_1_CONTROL & IgnitionCounter_1_CTRL_ENA
 352              		.loc 1 109 0
 353 0002 074B     		ldr	r3, .L11
 354 0004 1B78     		ldrb	r3, [r3]	@ zero_extendqisi2
 355 0006 13F0800F 		tst	r3, #128
 356 000a 064B     		ldr	r3, .L11+4
 110:Generated_Source\PSoC5/IgnitionCounter_1_PM.c ****         {
 111:Generated_Source\PSoC5/IgnitionCounter_1_PM.c ****             /* Counter is enabled */
 112:Generated_Source\PSoC5/IgnitionCounter_1_PM.c ****             IgnitionCounter_1_backup.CounterEnableState = 1u;
 357              		.loc 1 112 0
 358 000c 14BF     		ite	ne
 359 000e 0122     		movne	r2, #1
 113:Generated_Source\PSoC5/IgnitionCounter_1_PM.c ****         }
 114:Generated_Source\PSoC5/IgnitionCounter_1_PM.c ****         else
 115:Generated_Source\PSoC5/IgnitionCounter_1_PM.c ****         {
 116:Generated_Source\PSoC5/IgnitionCounter_1_PM.c ****             /* Counter is disabled */
 117:Generated_Source\PSoC5/IgnitionCounter_1_PM.c ****             IgnitionCounter_1_backup.CounterEnableState = 0u;
 360              		.loc 1 117 0
 361 0010 0022     		moveq	r2, #0
 362 0012 1A70     		strb	r2, [r3]
 118:Generated_Source\PSoC5/IgnitionCounter_1_PM.c ****         }
 119:Generated_Source\PSoC5/IgnitionCounter_1_PM.c ****     #else
 120:Generated_Source\PSoC5/IgnitionCounter_1_PM.c ****         IgnitionCounter_1_backup.CounterEnableState = 1u;
 121:Generated_Source\PSoC5/IgnitionCounter_1_PM.c ****         if(IgnitionCounter_1_backup.CounterEnableState != 0u)
 122:Generated_Source\PSoC5/IgnitionCounter_1_PM.c ****         {
 123:Generated_Source\PSoC5/IgnitionCounter_1_PM.c ****             IgnitionCounter_1_backup.CounterEnableState = 0u;
 124:Generated_Source\PSoC5/IgnitionCounter_1_PM.c ****         }
 125:Generated_Source\PSoC5/IgnitionCounter_1_PM.c ****     #endif /* (!IgnitionCounter_1_ControlRegRemoved) */
 126:Generated_Source\PSoC5/IgnitionCounter_1_PM.c ****     
 127:Generated_Source\PSoC5/IgnitionCounter_1_PM.c ****     IgnitionCounter_1_Stop();
 363              		.loc 1 127 0
 364 0014 FFF7FEFF 		bl	IgnitionCounter_1_Stop
 365              	.LVL4:
 128:Generated_Source\PSoC5/IgnitionCounter_1_PM.c ****     IgnitionCounter_1_SaveConfig();
 129:Generated_Source\PSoC5/IgnitionCounter_1_PM.c **** }
 366              		.loc 1 129 0
 367 0018 BDE80840 		pop	{r3, lr}
 368              		.cfi_restore 14
 369              		.cfi_restore 3
 370              		.cfi_def_cfa_offset 0
 128:Generated_Source\PSoC5/IgnitionCounter_1_PM.c ****     IgnitionCounter_1_SaveConfig();
 371              		.loc 1 128 0
 372 001c FFF7FEBF 		b	IgnitionCounter_1_SaveConfig
 373              	.LVL5:
 374              	.L12:
 375              		.align	2
 376              	.L11:
 377 0020 72640040 		.word	1073767538
ARM GAS  C:\Users\Bruger\AppData\Local\Temp\ccpaoldK.s 			page 24


 378 0024 00000000 		.word	.LANCHOR0
 379              		.cfi_endproc
 380              	.LFE2:
 381              		.size	IgnitionCounter_1_Sleep, .-IgnitionCounter_1_Sleep
 382              		.section	.text.IgnitionCounter_1_Wakeup,"ax",%progbits
 383              		.align	1
 384              		.global	IgnitionCounter_1_Wakeup
 385              		.thumb
 386              		.thumb_func
 387              		.type	IgnitionCounter_1_Wakeup, %function
 388              	IgnitionCounter_1_Wakeup:
 389              	.LFB3:
 130:Generated_Source\PSoC5/IgnitionCounter_1_PM.c **** 
 131:Generated_Source\PSoC5/IgnitionCounter_1_PM.c **** 
 132:Generated_Source\PSoC5/IgnitionCounter_1_PM.c **** /*******************************************************************************
 133:Generated_Source\PSoC5/IgnitionCounter_1_PM.c **** * Function Name: IgnitionCounter_1_Wakeup
 134:Generated_Source\PSoC5/IgnitionCounter_1_PM.c **** ********************************************************************************
 135:Generated_Source\PSoC5/IgnitionCounter_1_PM.c **** *
 136:Generated_Source\PSoC5/IgnitionCounter_1_PM.c **** * Summary:
 137:Generated_Source\PSoC5/IgnitionCounter_1_PM.c **** *  Restores and enables the user configuration
 138:Generated_Source\PSoC5/IgnitionCounter_1_PM.c **** *  
 139:Generated_Source\PSoC5/IgnitionCounter_1_PM.c **** * Parameters:  
 140:Generated_Source\PSoC5/IgnitionCounter_1_PM.c **** *  void
 141:Generated_Source\PSoC5/IgnitionCounter_1_PM.c **** *
 142:Generated_Source\PSoC5/IgnitionCounter_1_PM.c **** * Return: 
 143:Generated_Source\PSoC5/IgnitionCounter_1_PM.c **** *  void
 144:Generated_Source\PSoC5/IgnitionCounter_1_PM.c **** *
 145:Generated_Source\PSoC5/IgnitionCounter_1_PM.c **** * Global variables:
 146:Generated_Source\PSoC5/IgnitionCounter_1_PM.c **** *  IgnitionCounter_1_backup.enableState:  Is used to restore the enable state of 
 147:Generated_Source\PSoC5/IgnitionCounter_1_PM.c **** *  block on wakeup from sleep mode.
 148:Generated_Source\PSoC5/IgnitionCounter_1_PM.c **** *
 149:Generated_Source\PSoC5/IgnitionCounter_1_PM.c **** *******************************************************************************/
 150:Generated_Source\PSoC5/IgnitionCounter_1_PM.c **** void IgnitionCounter_1_Wakeup(void) 
 151:Generated_Source\PSoC5/IgnitionCounter_1_PM.c **** {
 390              		.loc 1 151 0
 391              		.cfi_startproc
 392              		@ args = 0, pretend = 0, frame = 0
 393              		@ frame_needed = 0, uses_anonymous_args = 0
 394 0000 08B5     		push	{r3, lr}
 395              		.cfi_def_cfa_offset 8
 396              		.cfi_offset 3, -8
 397              		.cfi_offset 14, -4
 152:Generated_Source\PSoC5/IgnitionCounter_1_PM.c ****     IgnitionCounter_1_RestoreConfig();
 398              		.loc 1 152 0
 399 0002 FFF7FEFF 		bl	IgnitionCounter_1_RestoreConfig
 400              	.LVL6:
 153:Generated_Source\PSoC5/IgnitionCounter_1_PM.c ****     #if(!IgnitionCounter_1_ControlRegRemoved)
 154:Generated_Source\PSoC5/IgnitionCounter_1_PM.c ****         if(IgnitionCounter_1_backup.CounterEnableState == 1u)
 401              		.loc 1 154 0
 402 0006 044B     		ldr	r3, .L16
 403 0008 1B78     		ldrb	r3, [r3]	@ zero_extendqisi2
 404 000a 012B     		cmp	r3, #1
 405 000c 03D1     		bne	.L13
 155:Generated_Source\PSoC5/IgnitionCounter_1_PM.c ****         {
 156:Generated_Source\PSoC5/IgnitionCounter_1_PM.c ****             /* Enable Counter's operation */
 157:Generated_Source\PSoC5/IgnitionCounter_1_PM.c ****             IgnitionCounter_1_Enable();
 158:Generated_Source\PSoC5/IgnitionCounter_1_PM.c ****         } /* Do nothing if Counter was disabled before */    
ARM GAS  C:\Users\Bruger\AppData\Local\Temp\ccpaoldK.s 			page 25


 159:Generated_Source\PSoC5/IgnitionCounter_1_PM.c ****     #endif /* (!IgnitionCounter_1_ControlRegRemoved) */
 160:Generated_Source\PSoC5/IgnitionCounter_1_PM.c ****     
 161:Generated_Source\PSoC5/IgnitionCounter_1_PM.c **** }
 406              		.loc 1 161 0
 407 000e BDE80840 		pop	{r3, lr}
 408              		.cfi_remember_state
 409              		.cfi_restore 14
 410              		.cfi_restore 3
 411              		.cfi_def_cfa_offset 0
 157:Generated_Source\PSoC5/IgnitionCounter_1_PM.c ****         } /* Do nothing if Counter was disabled before */    
 412              		.loc 1 157 0
 413 0012 FFF7FEBF 		b	IgnitionCounter_1_Enable
 414              	.LVL7:
 415              	.L13:
 416              		.cfi_restore_state
 417 0016 08BD     		pop	{r3, pc}
 418              	.L17:
 419              		.align	2
 420              	.L16:
 421 0018 00000000 		.word	.LANCHOR0
 422              		.cfi_endproc
 423              	.LFE3:
 424              		.size	IgnitionCounter_1_Wakeup, .-IgnitionCounter_1_Wakeup
 425              		.bss
 426              		.align	1
 427              		.set	.LANCHOR0,. + 0
 428              		.type	IgnitionCounter_1_backup, %object
 429              		.size	IgnitionCounter_1_backup, 6
 430              	IgnitionCounter_1_backup:
 431 0000 00000000 		.space	6
 431      0000
 432              		.text
 433              	.Letext0:
 434              		.file 2 "Generated_Source\\PSoC5\\cytypes.h"
 435              		.file 3 "Generated_Source\\PSoC5\\IgnitionCounter_1.h"
 436              		.section	.debug_info,"",%progbits
 437              	.Ldebug_info0:
 438 0000 DC010000 		.4byte	0x1dc
 439 0004 0400     		.2byte	0x4
 440 0006 00000000 		.4byte	.Ldebug_abbrev0
 441 000a 04       		.byte	0x4
 442 000b 01       		.uleb128 0x1
 443 000c 15010000 		.4byte	.LASF30
 444 0010 01       		.byte	0x1
 445 0011 AC000000 		.4byte	.LASF31
 446 0015 A1020000 		.4byte	.LASF32
 447 0019 00000000 		.4byte	.Ldebug_ranges0+0
 448 001d 00000000 		.4byte	0
 449 0021 00000000 		.4byte	.Ldebug_line0
 450 0025 02       		.uleb128 0x2
 451 0026 01       		.byte	0x1
 452 0027 06       		.byte	0x6
 453 0028 68030000 		.4byte	.LASF0
 454 002c 02       		.uleb128 0x2
 455 002d 01       		.byte	0x1
 456 002e 08       		.byte	0x8
 457 002f 07010000 		.4byte	.LASF1
ARM GAS  C:\Users\Bruger\AppData\Local\Temp\ccpaoldK.s 			page 26


 458 0033 02       		.uleb128 0x2
 459 0034 02       		.byte	0x2
 460 0035 05       		.byte	0x5
 461 0036 13030000 		.4byte	.LASF2
 462 003a 02       		.uleb128 0x2
 463 003b 02       		.byte	0x2
 464 003c 07       		.byte	0x7
 465 003d 56000000 		.4byte	.LASF3
 466 0041 02       		.uleb128 0x2
 467 0042 04       		.byte	0x4
 468 0043 05       		.byte	0x5
 469 0044 43030000 		.4byte	.LASF4
 470 0048 02       		.uleb128 0x2
 471 0049 04       		.byte	0x4
 472 004a 07       		.byte	0x7
 473 004b C1010000 		.4byte	.LASF5
 474 004f 02       		.uleb128 0x2
 475 0050 08       		.byte	0x8
 476 0051 05       		.byte	0x5
 477 0052 5D020000 		.4byte	.LASF6
 478 0056 02       		.uleb128 0x2
 479 0057 08       		.byte	0x8
 480 0058 07       		.byte	0x7
 481 0059 2A020000 		.4byte	.LASF7
 482 005d 03       		.uleb128 0x3
 483 005e 04       		.byte	0x4
 484 005f 05       		.byte	0x5
 485 0060 696E7400 		.ascii	"int\000"
 486 0064 02       		.uleb128 0x2
 487 0065 04       		.byte	0x4
 488 0066 07       		.byte	0x7
 489 0067 1D020000 		.4byte	.LASF8
 490 006b 04       		.uleb128 0x4
 491 006c F0010000 		.4byte	.LASF9
 492 0070 02       		.byte	0x2
 493 0071 3801     		.2byte	0x138
 494 0073 2C000000 		.4byte	0x2c
 495 0077 04       		.uleb128 0x4
 496 0078 FD010000 		.4byte	.LASF10
 497 007c 02       		.byte	0x2
 498 007d 3901     		.2byte	0x139
 499 007f 3A000000 		.4byte	0x3a
 500 0083 02       		.uleb128 0x2
 501 0084 04       		.byte	0x4
 502 0085 04       		.byte	0x4
 503 0086 DA000000 		.4byte	.LASF11
 504 008a 02       		.uleb128 0x2
 505 008b 08       		.byte	0x8
 506 008c 04       		.byte	0x4
 507 008d F6010000 		.4byte	.LASF12
 508 0091 02       		.uleb128 0x2
 509 0092 01       		.byte	0x1
 510 0093 08       		.byte	0x8
 511 0094 4C030000 		.4byte	.LASF13
 512 0098 04       		.uleb128 0x4
 513 0099 BC010000 		.4byte	.LASF14
 514 009d 02       		.byte	0x2
ARM GAS  C:\Users\Bruger\AppData\Local\Temp\ccpaoldK.s 			page 27


 515 009e E201     		.2byte	0x1e2
 516 00a0 A4000000 		.4byte	0xa4
 517 00a4 05       		.uleb128 0x5
 518 00a5 6B000000 		.4byte	0x6b
 519 00a9 02       		.uleb128 0x2
 520 00aa 04       		.byte	0x4
 521 00ab 07       		.byte	0x7
 522 00ac 41020000 		.4byte	.LASF15
 523 00b0 06       		.uleb128 0x6
 524 00b1 06       		.byte	0x6
 525 00b2 03       		.byte	0x3
 526 00b3 40       		.byte	0x40
 527 00b4 DD000000 		.4byte	0xdd
 528 00b8 07       		.uleb128 0x7
 529 00b9 4A020000 		.4byte	.LASF16
 530 00bd 03       		.byte	0x3
 531 00be 42       		.byte	0x42
 532 00bf 6B000000 		.4byte	0x6b
 533 00c3 00       		.byte	0
 534 00c4 07       		.uleb128 0x7
 535 00c5 88000000 		.4byte	.LASF17
 536 00c9 03       		.byte	0x3
 537 00ca 43       		.byte	0x43
 538 00cb 77000000 		.4byte	0x77
 539 00cf 02       		.byte	0x2
 540 00d0 07       		.uleb128 0x7
 541 00d1 6B020000 		.4byte	.LASF18
 542 00d5 03       		.byte	0x3
 543 00d6 46       		.byte	0x46
 544 00d7 6B000000 		.4byte	0x6b
 545 00db 04       		.byte	0x4
 546 00dc 00       		.byte	0
 547 00dd 08       		.uleb128 0x8
 548 00de 69000000 		.4byte	.LASF19
 549 00e2 03       		.byte	0x3
 550 00e3 49       		.byte	0x49
 551 00e4 B0000000 		.4byte	0xb0
 552 00e8 09       		.uleb128 0x9
 553 00e9 D3010000 		.4byte	.LASF20
 554 00ed 01       		.byte	0x1
 555 00ee 2A       		.byte	0x2a
 556 00ef 00000000 		.4byte	.LFB0
 557 00f3 18000000 		.4byte	.LFE0-.LFB0
 558 00f7 01       		.uleb128 0x1
 559 00f8 9C       		.byte	0x9c
 560 00f9 10010000 		.4byte	0x110
 561 00fd 0A       		.uleb128 0xa
 562 00fe 06000000 		.4byte	.LVL0
 563 0102 99010000 		.4byte	0x199
 564 0106 0A       		.uleb128 0xa
 565 0107 0E000000 		.4byte	.LVL1
 566 010b A4010000 		.4byte	0x1a4
 567 010f 00       		.byte	0
 568 0110 09       		.uleb128 0x9
 569 0111 00000000 		.4byte	.LASF21
 570 0115 01       		.byte	0x1
 571 0116 4A       		.byte	0x4a
ARM GAS  C:\Users\Bruger\AppData\Local\Temp\ccpaoldK.s 			page 28


 572 0117 00000000 		.4byte	.LFB1
 573 011b 18000000 		.4byte	.LFE1-.LFB1
 574 011f 01       		.uleb128 0x1
 575 0120 9C       		.byte	0x9c
 576 0121 38010000 		.4byte	0x138
 577 0125 0A       		.uleb128 0xa
 578 0126 0A000000 		.4byte	.LVL2
 579 012a AF010000 		.4byte	0x1af
 580 012e 0B       		.uleb128 0xb
 581 012f 14000000 		.4byte	.LVL3
 582 0133 C0010000 		.4byte	0x1c0
 583 0137 00       		.byte	0
 584 0138 09       		.uleb128 0x9
 585 0139 20000000 		.4byte	.LASF22
 586 013d 01       		.byte	0x1
 587 013e 69       		.byte	0x69
 588 013f 00000000 		.4byte	.LFB2
 589 0143 28000000 		.4byte	.LFE2-.LFB2
 590 0147 01       		.uleb128 0x1
 591 0148 9C       		.byte	0x9c
 592 0149 60010000 		.4byte	0x160
 593 014d 0A       		.uleb128 0xa
 594 014e 18000000 		.4byte	.LVL4
 595 0152 D1010000 		.4byte	0x1d1
 596 0156 0B       		.uleb128 0xb
 597 0157 20000000 		.4byte	.LVL5
 598 015b E8000000 		.4byte	0xe8
 599 015f 00       		.byte	0
 600 0160 09       		.uleb128 0x9
 601 0161 FA020000 		.4byte	.LASF23
 602 0165 01       		.byte	0x1
 603 0166 96       		.byte	0x96
 604 0167 00000000 		.4byte	.LFB3
 605 016b 1C000000 		.4byte	.LFE3-.LFB3
 606 016f 01       		.uleb128 0x1
 607 0170 9C       		.byte	0x9c
 608 0171 88010000 		.4byte	0x188
 609 0175 0A       		.uleb128 0xa
 610 0176 06000000 		.4byte	.LVL6
 611 017a 10010000 		.4byte	0x110
 612 017e 0B       		.uleb128 0xb
 613 017f 16000000 		.4byte	.LVL7
 614 0183 D8010000 		.4byte	0x1d8
 615 0187 00       		.byte	0
 616 0188 0C       		.uleb128 0xc
 617 0189 04020000 		.4byte	.LASF33
 618 018d 01       		.byte	0x1
 619 018e 15       		.byte	0x15
 620 018f DD000000 		.4byte	0xdd
 621 0193 05       		.uleb128 0x5
 622 0194 03       		.byte	0x3
 623 0195 00000000 		.4byte	IgnitionCounter_1_backup
 624 0199 0D       		.uleb128 0xd
 625 019a 38000000 		.4byte	.LASF24
 626 019e 03       		.byte	0x3
 627 019f 5D       		.byte	0x5d
 628 01a0 77000000 		.4byte	0x77
ARM GAS  C:\Users\Bruger\AppData\Local\Temp\ccpaoldK.s 			page 29


 629 01a4 0D       		.uleb128 0xd
 630 01a5 1D030000 		.4byte	.LASF25
 631 01a9 03       		.byte	0x3
 632 01aa 55       		.byte	0x55
 633 01ab 6B000000 		.4byte	0x6b
 634 01af 0E       		.uleb128 0xe
 635 01b0 82020000 		.4byte	.LASF26
 636 01b4 03       		.byte	0x3
 637 01b5 5A       		.byte	0x5a
 638 01b6 C0010000 		.4byte	0x1c0
 639 01ba 0F       		.uleb128 0xf
 640 01bb 77000000 		.4byte	0x77
 641 01bf 00       		.byte	0
 642 01c0 0E       		.uleb128 0xe
 643 01c1 E0000000 		.4byte	.LASF27
 644 01c5 03       		.byte	0x3
 645 01c6 56       		.byte	0x56
 646 01c7 D1010000 		.4byte	0x1d1
 647 01cb 0F       		.uleb128 0xf
 648 01cc 6B000000 		.4byte	0x6b
 649 01d0 00       		.byte	0
 650 01d1 10       		.uleb128 0x10
 651 01d2 51030000 		.4byte	.LASF28
 652 01d6 03       		.byte	0x3
 653 01d7 50       		.byte	0x50
 654 01d8 10       		.uleb128 0x10
 655 01d9 93000000 		.4byte	.LASF29
 656 01dd 03       		.byte	0x3
 657 01de 71       		.byte	0x71
 658 01df 00       		.byte	0
 659              		.section	.debug_abbrev,"",%progbits
 660              	.Ldebug_abbrev0:
 661 0000 01       		.uleb128 0x1
 662 0001 11       		.uleb128 0x11
 663 0002 01       		.byte	0x1
 664 0003 25       		.uleb128 0x25
 665 0004 0E       		.uleb128 0xe
 666 0005 13       		.uleb128 0x13
 667 0006 0B       		.uleb128 0xb
 668 0007 03       		.uleb128 0x3
 669 0008 0E       		.uleb128 0xe
 670 0009 1B       		.uleb128 0x1b
 671 000a 0E       		.uleb128 0xe
 672 000b 55       		.uleb128 0x55
 673 000c 17       		.uleb128 0x17
 674 000d 11       		.uleb128 0x11
 675 000e 01       		.uleb128 0x1
 676 000f 10       		.uleb128 0x10
 677 0010 17       		.uleb128 0x17
 678 0011 00       		.byte	0
 679 0012 00       		.byte	0
 680 0013 02       		.uleb128 0x2
 681 0014 24       		.uleb128 0x24
 682 0015 00       		.byte	0
 683 0016 0B       		.uleb128 0xb
 684 0017 0B       		.uleb128 0xb
 685 0018 3E       		.uleb128 0x3e
ARM GAS  C:\Users\Bruger\AppData\Local\Temp\ccpaoldK.s 			page 30


 686 0019 0B       		.uleb128 0xb
 687 001a 03       		.uleb128 0x3
 688 001b 0E       		.uleb128 0xe
 689 001c 00       		.byte	0
 690 001d 00       		.byte	0
 691 001e 03       		.uleb128 0x3
 692 001f 24       		.uleb128 0x24
 693 0020 00       		.byte	0
 694 0021 0B       		.uleb128 0xb
 695 0022 0B       		.uleb128 0xb
 696 0023 3E       		.uleb128 0x3e
 697 0024 0B       		.uleb128 0xb
 698 0025 03       		.uleb128 0x3
 699 0026 08       		.uleb128 0x8
 700 0027 00       		.byte	0
 701 0028 00       		.byte	0
 702 0029 04       		.uleb128 0x4
 703 002a 16       		.uleb128 0x16
 704 002b 00       		.byte	0
 705 002c 03       		.uleb128 0x3
 706 002d 0E       		.uleb128 0xe
 707 002e 3A       		.uleb128 0x3a
 708 002f 0B       		.uleb128 0xb
 709 0030 3B       		.uleb128 0x3b
 710 0031 05       		.uleb128 0x5
 711 0032 49       		.uleb128 0x49
 712 0033 13       		.uleb128 0x13
 713 0034 00       		.byte	0
 714 0035 00       		.byte	0
 715 0036 05       		.uleb128 0x5
 716 0037 35       		.uleb128 0x35
 717 0038 00       		.byte	0
 718 0039 49       		.uleb128 0x49
 719 003a 13       		.uleb128 0x13
 720 003b 00       		.byte	0
 721 003c 00       		.byte	0
 722 003d 06       		.uleb128 0x6
 723 003e 13       		.uleb128 0x13
 724 003f 01       		.byte	0x1
 725 0040 0B       		.uleb128 0xb
 726 0041 0B       		.uleb128 0xb
 727 0042 3A       		.uleb128 0x3a
 728 0043 0B       		.uleb128 0xb
 729 0044 3B       		.uleb128 0x3b
 730 0045 0B       		.uleb128 0xb
 731 0046 01       		.uleb128 0x1
 732 0047 13       		.uleb128 0x13
 733 0048 00       		.byte	0
 734 0049 00       		.byte	0
 735 004a 07       		.uleb128 0x7
 736 004b 0D       		.uleb128 0xd
 737 004c 00       		.byte	0
 738 004d 03       		.uleb128 0x3
 739 004e 0E       		.uleb128 0xe
 740 004f 3A       		.uleb128 0x3a
 741 0050 0B       		.uleb128 0xb
 742 0051 3B       		.uleb128 0x3b
ARM GAS  C:\Users\Bruger\AppData\Local\Temp\ccpaoldK.s 			page 31


 743 0052 0B       		.uleb128 0xb
 744 0053 49       		.uleb128 0x49
 745 0054 13       		.uleb128 0x13
 746 0055 38       		.uleb128 0x38
 747 0056 0B       		.uleb128 0xb
 748 0057 00       		.byte	0
 749 0058 00       		.byte	0
 750 0059 08       		.uleb128 0x8
 751 005a 16       		.uleb128 0x16
 752 005b 00       		.byte	0
 753 005c 03       		.uleb128 0x3
 754 005d 0E       		.uleb128 0xe
 755 005e 3A       		.uleb128 0x3a
 756 005f 0B       		.uleb128 0xb
 757 0060 3B       		.uleb128 0x3b
 758 0061 0B       		.uleb128 0xb
 759 0062 49       		.uleb128 0x49
 760 0063 13       		.uleb128 0x13
 761 0064 00       		.byte	0
 762 0065 00       		.byte	0
 763 0066 09       		.uleb128 0x9
 764 0067 2E       		.uleb128 0x2e
 765 0068 01       		.byte	0x1
 766 0069 3F       		.uleb128 0x3f
 767 006a 19       		.uleb128 0x19
 768 006b 03       		.uleb128 0x3
 769 006c 0E       		.uleb128 0xe
 770 006d 3A       		.uleb128 0x3a
 771 006e 0B       		.uleb128 0xb
 772 006f 3B       		.uleb128 0x3b
 773 0070 0B       		.uleb128 0xb
 774 0071 27       		.uleb128 0x27
 775 0072 19       		.uleb128 0x19
 776 0073 11       		.uleb128 0x11
 777 0074 01       		.uleb128 0x1
 778 0075 12       		.uleb128 0x12
 779 0076 06       		.uleb128 0x6
 780 0077 40       		.uleb128 0x40
 781 0078 18       		.uleb128 0x18
 782 0079 9742     		.uleb128 0x2117
 783 007b 19       		.uleb128 0x19
 784 007c 01       		.uleb128 0x1
 785 007d 13       		.uleb128 0x13
 786 007e 00       		.byte	0
 787 007f 00       		.byte	0
 788 0080 0A       		.uleb128 0xa
 789 0081 898201   		.uleb128 0x4109
 790 0084 00       		.byte	0
 791 0085 11       		.uleb128 0x11
 792 0086 01       		.uleb128 0x1
 793 0087 31       		.uleb128 0x31
 794 0088 13       		.uleb128 0x13
 795 0089 00       		.byte	0
 796 008a 00       		.byte	0
 797 008b 0B       		.uleb128 0xb
 798 008c 898201   		.uleb128 0x4109
 799 008f 00       		.byte	0
ARM GAS  C:\Users\Bruger\AppData\Local\Temp\ccpaoldK.s 			page 32


 800 0090 11       		.uleb128 0x11
 801 0091 01       		.uleb128 0x1
 802 0092 9542     		.uleb128 0x2115
 803 0094 19       		.uleb128 0x19
 804 0095 31       		.uleb128 0x31
 805 0096 13       		.uleb128 0x13
 806 0097 00       		.byte	0
 807 0098 00       		.byte	0
 808 0099 0C       		.uleb128 0xc
 809 009a 34       		.uleb128 0x34
 810 009b 00       		.byte	0
 811 009c 03       		.uleb128 0x3
 812 009d 0E       		.uleb128 0xe
 813 009e 3A       		.uleb128 0x3a
 814 009f 0B       		.uleb128 0xb
 815 00a0 3B       		.uleb128 0x3b
 816 00a1 0B       		.uleb128 0xb
 817 00a2 49       		.uleb128 0x49
 818 00a3 13       		.uleb128 0x13
 819 00a4 02       		.uleb128 0x2
 820 00a5 18       		.uleb128 0x18
 821 00a6 00       		.byte	0
 822 00a7 00       		.byte	0
 823 00a8 0D       		.uleb128 0xd
 824 00a9 2E       		.uleb128 0x2e
 825 00aa 00       		.byte	0
 826 00ab 3F       		.uleb128 0x3f
 827 00ac 19       		.uleb128 0x19
 828 00ad 03       		.uleb128 0x3
 829 00ae 0E       		.uleb128 0xe
 830 00af 3A       		.uleb128 0x3a
 831 00b0 0B       		.uleb128 0xb
 832 00b1 3B       		.uleb128 0x3b
 833 00b2 0B       		.uleb128 0xb
 834 00b3 27       		.uleb128 0x27
 835 00b4 19       		.uleb128 0x19
 836 00b5 49       		.uleb128 0x49
 837 00b6 13       		.uleb128 0x13
 838 00b7 3C       		.uleb128 0x3c
 839 00b8 19       		.uleb128 0x19
 840 00b9 00       		.byte	0
 841 00ba 00       		.byte	0
 842 00bb 0E       		.uleb128 0xe
 843 00bc 2E       		.uleb128 0x2e
 844 00bd 01       		.byte	0x1
 845 00be 3F       		.uleb128 0x3f
 846 00bf 19       		.uleb128 0x19
 847 00c0 03       		.uleb128 0x3
 848 00c1 0E       		.uleb128 0xe
 849 00c2 3A       		.uleb128 0x3a
 850 00c3 0B       		.uleb128 0xb
 851 00c4 3B       		.uleb128 0x3b
 852 00c5 0B       		.uleb128 0xb
 853 00c6 27       		.uleb128 0x27
 854 00c7 19       		.uleb128 0x19
 855 00c8 3C       		.uleb128 0x3c
 856 00c9 19       		.uleb128 0x19
ARM GAS  C:\Users\Bruger\AppData\Local\Temp\ccpaoldK.s 			page 33


 857 00ca 01       		.uleb128 0x1
 858 00cb 13       		.uleb128 0x13
 859 00cc 00       		.byte	0
 860 00cd 00       		.byte	0
 861 00ce 0F       		.uleb128 0xf
 862 00cf 05       		.uleb128 0x5
 863 00d0 00       		.byte	0
 864 00d1 49       		.uleb128 0x49
 865 00d2 13       		.uleb128 0x13
 866 00d3 00       		.byte	0
 867 00d4 00       		.byte	0
 868 00d5 10       		.uleb128 0x10
 869 00d6 2E       		.uleb128 0x2e
 870 00d7 00       		.byte	0
 871 00d8 3F       		.uleb128 0x3f
 872 00d9 19       		.uleb128 0x19
 873 00da 03       		.uleb128 0x3
 874 00db 0E       		.uleb128 0xe
 875 00dc 3A       		.uleb128 0x3a
 876 00dd 0B       		.uleb128 0xb
 877 00de 3B       		.uleb128 0x3b
 878 00df 0B       		.uleb128 0xb
 879 00e0 27       		.uleb128 0x27
 880 00e1 19       		.uleb128 0x19
 881 00e2 3C       		.uleb128 0x3c
 882 00e3 19       		.uleb128 0x19
 883 00e4 00       		.byte	0
 884 00e5 00       		.byte	0
 885 00e6 00       		.byte	0
 886              		.section	.debug_aranges,"",%progbits
 887 0000 34000000 		.4byte	0x34
 888 0004 0200     		.2byte	0x2
 889 0006 00000000 		.4byte	.Ldebug_info0
 890 000a 04       		.byte	0x4
 891 000b 00       		.byte	0
 892 000c 0000     		.2byte	0
 893 000e 0000     		.2byte	0
 894 0010 00000000 		.4byte	.LFB0
 895 0014 18000000 		.4byte	.LFE0-.LFB0
 896 0018 00000000 		.4byte	.LFB1
 897 001c 18000000 		.4byte	.LFE1-.LFB1
 898 0020 00000000 		.4byte	.LFB2
 899 0024 28000000 		.4byte	.LFE2-.LFB2
 900 0028 00000000 		.4byte	.LFB3
 901 002c 1C000000 		.4byte	.LFE3-.LFB3
 902 0030 00000000 		.4byte	0
 903 0034 00000000 		.4byte	0
 904              		.section	.debug_ranges,"",%progbits
 905              	.Ldebug_ranges0:
 906 0000 00000000 		.4byte	.LFB0
 907 0004 18000000 		.4byte	.LFE0
 908 0008 00000000 		.4byte	.LFB1
 909 000c 18000000 		.4byte	.LFE1
 910 0010 00000000 		.4byte	.LFB2
 911 0014 28000000 		.4byte	.LFE2
 912 0018 00000000 		.4byte	.LFB3
 913 001c 1C000000 		.4byte	.LFE3
ARM GAS  C:\Users\Bruger\AppData\Local\Temp\ccpaoldK.s 			page 34


 914 0020 00000000 		.4byte	0
 915 0024 00000000 		.4byte	0
 916              		.section	.debug_line,"",%progbits
 917              	.Ldebug_line0:
 918 0000 BF000000 		.section	.debug_str,"MS",%progbits,1
 918      02006800 
 918      00000201 
 918      FB0E0D00 
 918      01010101 
 919              	.LASF21:
 920 0000 49676E69 		.ascii	"IgnitionCounter_1_RestoreConfig\000"
 920      74696F6E 
 920      436F756E 
 920      7465725F 
 920      315F5265 
 921              	.LASF22:
 922 0020 49676E69 		.ascii	"IgnitionCounter_1_Sleep\000"
 922      74696F6E 
 922      436F756E 
 922      7465725F 
 922      315F536C 
 923              	.LASF24:
 924 0038 49676E69 		.ascii	"IgnitionCounter_1_ReadCounter\000"
 924      74696F6E 
 924      436F756E 
 924      7465725F 
 924      315F5265 
 925              	.LASF3:
 926 0056 73686F72 		.ascii	"short unsigned int\000"
 926      7420756E 
 926      7369676E 
 926      65642069 
 926      6E7400
 927              	.LASF19:
 928 0069 49676E69 		.ascii	"IgnitionCounter_1_backupStruct\000"
 928      74696F6E 
 928      436F756E 
 928      7465725F 
 928      315F6261 
 929              	.LASF17:
 930 0088 436F756E 		.ascii	"CounterUdb\000"
 930      74657255 
 930      646200
 931              	.LASF29:
 932 0093 49676E69 		.ascii	"IgnitionCounter_1_Enable\000"
 932      74696F6E 
 932      436F756E 
 932      7465725F 
 932      315F456E 
 933              	.LASF31:
 934 00ac 47656E65 		.ascii	"Generated_Source\\PSoC5\\IgnitionCounter_1_PM.c\000"
 934      72617465 
 934      645F536F 
 934      75726365 
 934      5C50536F 
 935              	.LASF11:
 936 00da 666C6F61 		.ascii	"float\000"
ARM GAS  C:\Users\Bruger\AppData\Local\Temp\ccpaoldK.s 			page 35


 936      7400
 937              	.LASF27:
 938 00e0 49676E69 		.ascii	"IgnitionCounter_1_WriteControlRegister\000"
 938      74696F6E 
 938      436F756E 
 938      7465725F 
 938      315F5772 
 939              	.LASF1:
 940 0107 756E7369 		.ascii	"unsigned char\000"
 940      676E6564 
 940      20636861 
 940      7200
 941              	.LASF30:
 942 0115 474E5520 		.ascii	"GNU C 4.9.3 20150303 (release) [ARM/embedded-4_9-br"
 942      4320342E 
 942      392E3320 
 942      32303135 
 942      30333033 
 943 0148 616E6368 		.ascii	"anch revision 221220] -mcpu=cortex-m3 -mthumb -g -O"
 943      20726576 
 943      6973696F 
 943      6E203232 
 943      31323230 
 944 017b 73202D66 		.ascii	"s -ffunction-sections -finline-functions -flto -ffa"
 944      66756E63 
 944      74696F6E 
 944      2D736563 
 944      74696F6E 
 945 01ae 742D6C74 		.ascii	"t-lto-objects\000"
 945      6F2D6F62 
 945      6A656374 
 945      7300
 946              	.LASF14:
 947 01bc 72656738 		.ascii	"reg8\000"
 947      00
 948              	.LASF5:
 949 01c1 6C6F6E67 		.ascii	"long unsigned int\000"
 949      20756E73 
 949      69676E65 
 949      6420696E 
 949      7400
 950              	.LASF20:
 951 01d3 49676E69 		.ascii	"IgnitionCounter_1_SaveConfig\000"
 951      74696F6E 
 951      436F756E 
 951      7465725F 
 951      315F5361 
 952              	.LASF9:
 953 01f0 75696E74 		.ascii	"uint8\000"
 953      3800
 954              	.LASF12:
 955 01f6 646F7562 		.ascii	"double\000"
 955      6C6500
 956              	.LASF10:
 957 01fd 75696E74 		.ascii	"uint16\000"
 957      313600
 958              	.LASF33:
ARM GAS  C:\Users\Bruger\AppData\Local\Temp\ccpaoldK.s 			page 36


 959 0204 49676E69 		.ascii	"IgnitionCounter_1_backup\000"
 959      74696F6E 
 959      436F756E 
 959      7465725F 
 959      315F6261 
 960              	.LASF8:
 961 021d 756E7369 		.ascii	"unsigned int\000"
 961      676E6564 
 961      20696E74 
 961      00
 962              	.LASF7:
 963 022a 6C6F6E67 		.ascii	"long long unsigned int\000"
 963      206C6F6E 
 963      6720756E 
 963      7369676E 
 963      65642069 
 964              	.LASF15:
 965 0241 73697A65 		.ascii	"sizetype\000"
 965      74797065 
 965      00
 966              	.LASF16:
 967 024a 436F756E 		.ascii	"CounterEnableState\000"
 967      74657245 
 967      6E61626C 
 967      65537461 
 967      746500
 968              	.LASF6:
 969 025d 6C6F6E67 		.ascii	"long long int\000"
 969      206C6F6E 
 969      6720696E 
 969      7400
 970              	.LASF18:
 971 026b 436F756E 		.ascii	"CounterControlRegister\000"
 971      74657243 
 971      6F6E7472 
 971      6F6C5265 
 971      67697374 
 972              	.LASF26:
 973 0282 49676E69 		.ascii	"IgnitionCounter_1_WriteCounter\000"
 973      74696F6E 
 973      436F756E 
 973      7465725F 
 973      315F5772 
 974              	.LASF32:
 975 02a1 433A5C55 		.ascii	"C:\\Users\\Bruger\\Desktop\\CODE\\PSOC5\\CY8CKIT-59"
 975      73657273 
 975      5C427275 
 975      6765725C 
 975      4465736B 
 976 02ce 2D417264 		.ascii	"-Arduino\\CY8CKIT59_Ardudino-Speeduino.cydsn\000"
 976      75696E6F 
 976      5C435938 
 976      434B4954 
 976      35395F41 
 977              	.LASF23:
 978 02fa 49676E69 		.ascii	"IgnitionCounter_1_Wakeup\000"
 978      74696F6E 
ARM GAS  C:\Users\Bruger\AppData\Local\Temp\ccpaoldK.s 			page 37


 978      436F756E 
 978      7465725F 
 978      315F5761 
 979              	.LASF2:
 980 0313 73686F72 		.ascii	"short int\000"
 980      7420696E 
 980      7400
 981              	.LASF25:
 982 031d 49676E69 		.ascii	"IgnitionCounter_1_ReadControlRegister\000"
 982      74696F6E 
 982      436F756E 
 982      7465725F 
 982      315F5265 
 983              	.LASF4:
 984 0343 6C6F6E67 		.ascii	"long int\000"
 984      20696E74 
 984      00
 985              	.LASF13:
 986 034c 63686172 		.ascii	"char\000"
 986      00
 987              	.LASF28:
 988 0351 49676E69 		.ascii	"IgnitionCounter_1_Stop\000"
 988      74696F6E 
 988      436F756E 
 988      7465725F 
 988      315F5374 
 989              	.LASF0:
 990 0368 7369676E 		.ascii	"signed char\000"
 990      65642063 
 990      68617200 
 991              		.comm	__gnu_lto_v1,1,1
 992              		.ident	"GCC: (GNU Tools for ARM Embedded Processors) 4.9.3 20150303 (release) [ARM/embedded-4_9-br
