ARM GAS  C:\Users\Bruger\AppData\Local\Temp\ccYdUwYb.s 			page 1


   1              		.syntax unified
   2              		.cpu cortex-m3
   3              		.fpu softvfp
   4              		.eabi_attribute 20, 1
   5              		.eabi_attribute 21, 1
   6              		.eabi_attribute 23, 3
   7              		.eabi_attribute 24, 1
   8              		.eabi_attribute 25, 1
   9              		.eabi_attribute 26, 1
  10              		.eabi_attribute 30, 2
  11              		.eabi_attribute 34, 1
  12              		.eabi_attribute 18, 4
  13              		.thumb
  14              		.file	"Ignition_Timer_1_PM.c"
  15              		.text
  16              	.Ltext0:
  17              		.section	.gnu.lto_.profile.1d793904,"",%progbits
  18 0000 789C6366 		.ascii	"x\234cf```e\200\000F\206\026F5\000\002>\000\265"
  18      60606065 
  18      80004686 
  18      16463500 
  18      023E00B5 
  19              		.text
  20              		.section	.gnu.lto_.jmpfuncs.1d793904,"",%progbits
  21 0000 789C6366 		.ascii	"x\234cf\300\016\344\2404\013\204bb``\204!f\2048\000"
  21      C00EE4A0 
  21      340B8462 
  21      62606084 
  21      21668438 
  22 0015 067E0032 		.ascii	"\006~\0002"
  23              		.text
  24              		.section	.gnu.lto_.inline.1d793904,"",%progbits
  25 0000 789C6366 		.ascii	"x\234cf\300\016\332\2404\013\003\003\237\006#\003\023"
  25      C00EDAA0 
  25      340B0303 
  25      9F062303 
  25      13
  26 0011 D7043F06 		.ascii	"\327\004?\006\266\005\362L 1&nT\002\273\012\306\011"
  26      B605F24C 
  26      2031266E 
  26      5402BB0A 
  26      C609
  27 0023 7EA81433 		.ascii	"~\250\0243\003\227\024H\335>;\270:F.\030\301\302\300"
  27      03971448 
  27      DD3E3BB8 
  27      3A462E18 
  27      C1C2C0
  28 0036 210C9464 		.ascii	"!\014\224d\373\240\207E\222\001\000C0\013{"
  28      FBA08745 
  28      92010043 
  28      300B7B
  29              		.text
  30              		.section	.gnu.lto_.pureconst.1d793904,"",%progbits
  31 0000 789C6366 		.ascii	"x\234cf``\340d\200\000\026\006)&)f)\026\011\000\002"
  31      6060E064 
  31      80001606 
  31      29262966 
ARM GAS  C:\Users\Bruger\AppData\Local\Temp\ccYdUwYb.s 			page 2


  31      29160900 
  32 0015 CF0080   		.ascii	"\317\000\200"
  33              		.text
  34              		.section	.gnu.lto_Ignition_Timer_1_SaveConfig.1d793904,"",%progbits
  35 0000 789C9D92 		.ascii	"x\234\235\222\317KTQ\024\307\317\367>}\275zF\322r\376"
  35      CF4B5451 
  35      14C7CFF7 
  35      3E7DBD7A 
  35      46D272FE 
  36 0014 01374DE2 		.ascii	"\0017M\342\242]\256\202J(\030\030\227\302\020\366\210"
  36      A25DAE82 
  36      4A281818 
  36      97C210F6 
  36      88
  37 0025 59340383 		.ascii	"Y4\003\203-\007\337\263A\242E\232\213\014\306\202\004"
  37      2D07DFB3 
  37      41A2459A 
  37      8B0CC682 
  37      04
  38 0036 CB1A9D29 		.ascii	"\313\032\235)\373\251A>\003\027\"(\342B\010\231\010"
  38      FBA9413E 
  38      03172228 
  38      E2420899 
  38      08
  39 0047 26683695 		.ascii	"&h6\225\015TC\350t\316}\033\035k\240\036\334{\337\275"
  39      0D5443E8 
  39      74CE7D1B 
  39      1D6BA01E 
  39      DC7BDFBD 
  40 005b F77BCFF7 		.ascii	"\367{\317\367s\316\275\006\355\377B\334~*\242v\036a"
  40      73CEBD06 
  40      EDFF42DC 
  40      7E2AA276 
  40      1E61
  41 006d 10D4F00A 		.ascii	"\020\324\360\012\221g)@~\010\324\257\320\217\262\332"
  41      91672940 
  41      7E08D4AF 
  41      D08FB2DA 
  42 007d 5218F673 		.ascii	"R\030\366s\267\355\266\011\327u\277\216/{\021\037U>"
  42      B7EDB609 
  42      D775BF8E 
  42      2F7B111F 
  42      553E
  43 008f 5751411C 		.ascii	"WQA\034<@\033\261h+\263\275a\233\031\026\265\006{\230"
  43      3C401BB1 
  43      682BB3BD 
  43      619B1916 
  43      B5067B98 
  44 00a3 84091E0B 		.ascii	"\204\011\036\013G}\267V\253L/\3342\017\033TU0\245\263"
  44      477DB756 
  44      AB4C2FDC 
  44      320F1B54 
  44      5530A5B3 
  45 00b7 B853B674 		.ascii	"\270S\266tD%nb\372\221'<\032\233\270\352\317O\030\022"
  45      44256E62 
  45      FA91273C 
  45      1A9BB8EA 
ARM GAS  C:\Users\Bruger\AppData\Local\Temp\ccYdUwYb.s 			page 3


  45      CF4F1812 
  46 00cb E0873238 		.ascii	"\340\20728\366\335\365\033y\225\376\345^s\255\2522*"
  46      F6DDF51B 
  46      7995FEE5 
  46      5E73ADAA 
  46      322A
  47 00dd 8AC3E221 		.ascii	"\212\303\342!\322|\272\211\336a`\344C\273h\353\205\315"
  47      D27CBA89 
  47      DE6160E4 
  47      43BB68EB 
  47      85CD
  48 00ef DB82C1AB 		.ascii	"\333\202\301\253\357K\253k\326'\305+z:\351e\306p\007"
  48      EF4BAB6B 
  48      D627C52B 
  48      7A3AE965 
  48      C67007
  49 0102 59CF1595 		.ascii	"Y\317\025\225\211GH#\207\220\336\333\231\032\2321\303"
  49      89474823 
  49      8790DEDB 
  49      991A9A31 
  49      C3
  50 0113 39CEC23F 		.ascii	"9\316\302?WU\0070\305\302o:SL#\3144$p\353e\025\300\355"
  50      57550730 
  50      C5C26F3A 
  50      534C23CC 
  50      342470EB 
  51 012b F3643856 		.ascii	"\363d8V#\277\013\356\336\261\206p\3654\205?\323\234"
  51      23BF0BEE 
  51      DEB18670 
  51      F534853F 
  51      D39C
  52 013d 159AC79A 		.ascii	"\025\232\307\232F\212\212'Bc\262\301\333\357\327\213"
  52      468A8A27 
  52      4263B2C1 
  52      DBEFD78B 
  53 014d F78F0438 		.ascii	"\367\217\0048\026\237Y\234\177\223\325\311ZCK\236\333"
  53      169F599C 
  53      7F93D5C9 
  53      5A434B9E 
  53      DB
  54 015e B4277F4B 		.ascii	"\264'\177KG\365>\177)5\213c\206/\362 f\020\302S1\304"
  54      47F53E7F 
  54      29358B63 
  54      862FF220 
  54      6610C253 
  55 0174 330E1F20 		.ascii	"3\016\037 \237\374'\344\347\177-\340!\274\320\310\372"
  55      9FFC27E4 
  55      E77F2DE0 
  55      21BCD0C8 
  55      FA
  56 0185 3DBC1464 		.ascii	"=\274\024dK\027\360\346`g@l\327\233\330\025\2561\341"
  56      4B17F0E6 
  56      6067406C 
  56      D79BD815 
  56      AE31E1
  57 0198 952E60CB 		.ascii	"\225.`\313\377\320\3146\240\231\3234\206\320\274\026"
  57      FFD0CC36 
ARM GAS  C:\Users\Bruger\AppData\Local\Temp\ccYdUwYb.s 			page 4


  57      A099D334 
  57      86D0BC16 
  58 01a8 1A9B8AF0 		.ascii	"\032\233\212\360\374\321\323b \227\\\342\342\362\013"
  58      FCD1D362 
  58      20975CE2 
  58      E2F20B
  59 01b7 E4C8E133 		.ascii	"\344\310\3413N\302I]\350s.\306\242\311+\251^\247'\022"
  59      4EC2495D 
  59      E8732EC6 
  59      A2C92BA9 
  59      5EA72712 
  60 01cb 4D9E3AD1 		.ascii	"M\236:\321\323u)\021\357\213'\023\261\356\370e'\025"
  60      D3752911 
  60      EF8B2713 
  60      B1EEF865 
  60      2715
  61 01dd EB8845CE 		.ascii	"\353\210E\316\037\357\245\337\304l\035\261"
  61      1FEFA5DF 
  61      C46C1DB1 
  62              		.text
  63              		.section	.gnu.lto_Ignition_Timer_1_RestoreConfig.1d793904,"",%progbits
  64 0000 789C8D92 		.ascii	"x\234\215\222\317K\024a\030\307\237\3573\263\343\350"
  64      CF4B1461 
  64      18C79FEF 
  64      33B3E3E8 
  65 0010 76084FB2 		.ascii	"v\010O\262\377\200Hl\342\301K\327\016\341!0\364(,\241"
  65      FF80486C 
  65      E2C14BD7 
  65      0EE12130 
  65      F4282CA1 
  66 0024 43ECC15D 		.ascii	"C\354\301]X\354\2708#\033t\362G'\301\012:D\376J]--\203"
  66      58ECB838 
  66      231B74F2 
  66      4727C10A 
  66      3A44FE4A 
  67 003c 5A82882E 		.ascii	"Z\202\210.\305\022\221\210\350\241\025\352\222\255{"
  67      C5129188 
  67      E8A115EA 
  67      92AD7B
  68 004b 9021CC9E 		.ascii	"\220!\314\236\347\035<\244\2338\360>\317<\357\373\235"
  68      E71D3CA4 
  68      9B38F03E 
  68      CF3CEFFB 
  68      9D
  69 005c EFF3E199 		.ascii	"\357\363\341\231\327\242\323OB\3267&j\227\014\213\300"
  69      D7A2D34F 
  69      42D63726 
  69      6A970C8B 
  69      C0
  70 006d E31F8902 		.ascii	"\343\037\211\002\227\001}!\3200c\030?\270\312\030/\315"
  70      97017D21 
  70      D0306318 
  70      3FB8CA18 
  70      2FCD
  71 007f 4DC65B1F 		.ascii	"M\306[\037\373\276\377kd\255\345NK(\237\3258\262\301"
  71      FBBEFF6B 
  71      64ADE54E 
ARM GAS  C:\Users\Bruger\AppData\Local\Temp\ccYdUwYb.s 			page 5


  71      4B289FD5 
  71      38B2C1
  72 0092 13B49268 		.ascii	"\023\264\222h\252\205\303\257q\247 \232\213\321\031"
  72      AA85C3AF 
  72      71A7209A 
  72      8BD119
  73 00a1 A6E140F2 		.ascii	"\246\341@\362bs\311?:\252mMl\\\271\321\304\0242l\015"
  73      6273C93F 
  73      3AAA6D4D 
  73      6C5CB9D1 
  73      C414326C 
  74 00b6 8E047635 		.ascii	"\216\004v5\020Udi\323])$[\233\030Y-nO\304\324\342\200"
  74      10556469 
  74      D35D2924 
  74      5B9B1859 
  74      2D6E4FC4 
  75 00cd 95E0E1E7 		.ascii	"\225\340\341\347\321\005\316\377\366\357\372n\310\326"
  75      D105CEFF 
  75      F6EFFA6E 
  75      C8D6
  76 00db A1FACBEE 		.ascii	"\241\372\313\356N\345S\331\375\316\262c\312\351\240"
  76      4EE553D9 
  76      FDCEB263 
  76      CAE9A0
  77 00ea 701F0F30 		.ascii	"p\037\0170\025\370\252\2621\203<f\2210g\177\346\307"
  77      15F8AAB2 
  77      31833C66 
  77      9130677F 
  77      E6C7
  78 00fc 969DE4A5 		.ascii	"\226\235\344\245\220c\230\023\315\276\241\307<\222\264"
  78      90639813 
  78      CDBEA1C7 
  78      3C92B4
  79 010b 055BFBD0 		.ascii	"\005[\373\320\311.N\215\005\037O\221'a\010\271\201\024"
  79      C92E4E8D 
  79      051F4F91 
  79      276108B9 
  79      8114
  80 011d ABBA53B6 		.ascii	"\253\272S\266\",\373\277X'9\026\352s,\032\016\035\021"
  80      222CFBBF 
  80      58273916 
  80      EA732C1A 
  80      0E1D11
  81 0130 96CEE610 		.ascii	"\226\316\346\020_\024\015\207}\314Q\334\255vD\034\316"
  81      5F140D87 
  81      7DCC51DC 
  81      AD76441C 
  81      CE
  82 0141 B93996EB 		.ascii	"\2719\226\353q\270X1\034\346\227=\023\216M\274\275\367"
  82      71B85831 
  82      1CE6973D 
  82      138E4DBC 
  82      BDF7
  83 0153 A85DBD45 		.ascii	"\250]\275E\366\356\315\353)3\341\306\261\017\201o\377"
  83      F6EECDEB 
  83      2933E1C6 
  83      B10F816F 
ARM GAS  C:\Users\Bruger\AppData\Local\Temp\ccYdUwYb.s 			page 6


  83      FF
  84 0164 33F44663 		.ascii	"3\364Fc\024\374\334\253\304\264I!(\265\205\334\204\347"
  84      14FCDCAB 
  84      C4B44921 
  84      28B585DC 
  84      84E7
  85 0176 486055BB 		.ascii	"H`U\273`M\214\205\317\360\226\367\020\341\272\347\306"
  85      604D8C85 
  85      CFF096F7 
  85      10E1BAE7 
  85      C6
  86 0187 7D511FF7 		.ascii	"}Q\037\367\245\301\265\024w\375\214\261\305k\252\301"
  86      A5C1B514 
  86      77FD8CB1 
  86      C56BAAC1 
  87 0197 2B3336A9 		.ascii	"+36\251/\3206\202\322\227\367l\324\244\227\016z\331"
  87      2FD03682 
  87      D297F76C 
  87      D4A4970E 
  87      7AD9
  88 01a9 A479F29A 		.ascii	"\244y\362\232\227\361r7\207\274\201TO\366v\256\337\353"
  88      97F17237 
  88      87BC8154 
  88      4FF676AE 
  88      DFEB
  89 01bb EBEEC95E 		.ascii	"\353\356\311^\355\354\353\272\225I\017\245\263\231T"
  89      EDECEBBA 
  89      95490FA5 
  89      B39954
  90 01ca 6F7AD0CB 		.ascii	"oz\320\313\245:R\335\327/\367\323_\271\214\017z"
  90      A53A52DD 
  90      D72FF7D3 
  90      5FB98C0F 
  90      7A
  91              		.text
  92              		.section	.gnu.lto_Ignition_Timer_1_Sleep.1d793904,"",%progbits
  93 0000 789C8592 		.ascii	"x\234\205\222\315k\023A\030\306\337\347\335\217\244"
  93      CD6B1341 
  93      18C6DFE7 
  93      DD8FA4
  94 000f AD56F154 		.ascii	"\255V\361T\372\017\364\024\213\007\217\322\203\007Q"
  94      FA0FF414 
  94      8B078FD2 
  94      830751
  95 001e 2A14EAB1 		.ascii	"*\024\352\261\020\244.\222\203\211\204z\014\235MV,\036"
  95      10A42E92 
  95      8389847A 
  95      0C9D4D56 
  95      2C1E
  96 0030 6AE94182 		.ascii	"j\351A\202\266\336\354\207\251M\215_\340A\226\236D\202"
  96      B6DEEC87 
  96      A94D8D5F 
  96      E041969E 
  96      4482
  97 0042 A5942214 		.ascii	"\245\224\"\024I/)\350-1R\273H\215\357l\242\226\212\272"
  97      492F29E8 
  97      2D3152BB 
ARM GAS  C:\Users\Bruger\AppData\Local\Temp\ccYdUwYb.s 			page 7


  97      488DEF6C 
  97      A2968ABA 
  98 0056 303B3BEF 		.ascii	"0;;\357\374\346y\236\231Y\203\376|\316H\273\316D\375"
  98      FCE6799E 
  98      995983FE 
  98      7CCE48BB 
  98      CE44FD
  99 0069 D2C326F0 		.ascii	"\322\303&\360\324;\"7\312l\354u\223\3524\363\003\244"
  99      D43B2237 
  99      CA6CEC75 
  99      93EA34F3 
  99      03A4
 100 007b 8E18B05A 		.ascii	"\216\030\260Ze\363\347\207\005\350\017\002\215\263a"
 100      65F3E787 
 100      05E80F02 
 100      8DB361
 101 008a 5A18C727 		.ascii	"Z\030\307'\2563\246\374B\276\253\357\241R\252\226\335"
 101      AE33A6FC 
 101      42BEABEF 
 101      A152AA96 
 101      DD
 102 009b E8B9D913 		.ascii	"\350\271\331\023\210r\203[N\230G\037\011S\367\366\337"
 102      8872835B 
 102      4E98471F 
 102      0953F7F6 
 102      DF
 103 00ac 77D99E30 		.ascii	"w\331\2360\307[sX\200\015\351\213'|\325l6\312\323\023"
 103      C75B7358 
 103      800DE98B 
 103      277CD56C 
 103      36CAD313 
 104 00c0 FDDC6150 		.ascii	"\375\334aP\3000\345%DU\232v\333\221\201\364\306\026"
 104      C030E525 
 104      44559A76 
 104      DB9181F4 
 104      C616
 105 00d2 56776F57 		.ascii	"VwoW\026_A\257\374\312\206\210\226\276\274\276{\354"
 105      165F41AF 
 105      FCCA8688 
 105      96BEBCBE 
 105      7BEC
 106 00e4 23076C34 		.ascii	"#\007l4\337\270\312\324>\333\325\265\365hX\"=\234\251"
 106      DFB8CAD4 
 106      3EDBD5B5 
 106      F5685822 
 106      3D9CA9
 107 00f7 16B7AD59 		.ascii	"\026\267\255Y\334w=\004lb\021\275x\204^q/`\026\264\205"
 107      DC773D04 
 107      6C6211BD 
 107      78845E71 
 107      2F6016B4 
 108 010c 6CE556D9 		.ascii	"l\345V\331j\011\232\242I\233\360\312\271d\273pPN\302"
 108      6A099AA2 
 108      499BF0CA 
 108      B964BB70 
 108      504EC2
 109 011f 6049AF24 		.ascii	"`I\257$\235\310\240\275n\011\224\255\255\254\255\036"
ARM GAS  C:\Users\Bruger\AppData\Local\Temp\ccYdUwYb.s 			page 8


 109      9DC8A0BD 
 109      6E0994AD 
 109      ADACAD1E 
 110 012f D5B4A00F 		.ascii	"\325\264\240\0176&\2279\363MM\250h\300\326\276\336\343"
 110      36269739 
 110      F34D4DA8 
 110      68C0D6BE 
 110      DEE3
 111 0141 41012B1C 		.ascii	"A\001+\034.\270\336\014t\036\245)\033\217\221\301\262"
 111      2EB8DE0C 
 111      741EA529 
 111      1B8F91C1 
 111      B2
 112 0152 9695B9EF 		.ascii	"\226\225\271\357KwJv\254 G\344\017\006\034AQ\300\317"
 112      4B774A76 
 112      AC2047E4 
 112      0F061C41 
 112      51C0CF
 113 0165 E1316205 		.ascii	"\3411b\0051\001\326\357\315\345\302\355F@x\022\206\331"
 113      3101D6EF 
 113      CDE5C2ED 
 113      46407812 
 113      86D9
 114 0177 6193F203 		.ascii	"a\223\362\003a\224\332\346\177\242\034\366.\375\303"
 114      6194DAE6 
 114      7FA21CF6 
 114      2EFDC3
 115 0186 FBE96FEF 		.ascii	"\373\351o\357g\241\367\257}D\244\364\274\355m\205\027"
 115      67A1F7AF 
 115      7D44A4F4 
 115      BCED6D85 
 115      17
 116 0197 F30139BF 		.ascii	"\363\0019\277\376\226\2657\0356\2176X.\031/\220\221"
 116      FE96B537 
 116      1D368F36 
 116      582E192F 
 116      9091
 117 01a9 4BED208D 		.ascii	"K\355 \215\356v\376\215\324g\374\262MV\340\372\301\205"
 117      EE76FE8D 
 117      D467FCB2 
 117      4D56E0FA 
 117      C185
 118 01bb 9024FD2F 		.ascii	"\220$\375/@[\011\020;\347$\235\364\3451\347J|8u#=\352"
 118      405B0910 
 118      3BE7249D 
 118      F4E531E7 
 118      4A7C3875 
 119 01d2 8C0C0DA7 		.ascii	"\214\014\015\247\316\236\0369\1775\231\030K\244\222"
 119      CE9E1E39 
 119      7F359918 
 119      4BA492
 120 01e1 F14B896B 		.ascii	"\361K\211kN:~*>t\361\344(\375\000\032\010\364<"
 120      4E3A7E2A 
 120      3E74F1E4 
 120      28FD001A 
 120      08F43C
 121              		.text
ARM GAS  C:\Users\Bruger\AppData\Local\Temp\ccYdUwYb.s 			page 9


 122              		.section	.gnu.lto_Ignition_Timer_1_Wakeup.1d793904,"",%progbits
 123 0000 789C7550 		.ascii	"x\234uP=HBQ\024>\347\274\347S\322!\232\242\301\325!"
 123      3D484251 
 123      143EE7BC 
 123      E753D221 
 123      9AA2C1D5 
 124 0015 4C229A1B 		.ascii	"L\"\232\033\032\"\"\020l\024\036a\217pHA\254M\274/_"
 124      1A222210 
 124      6C141E61 
 124      8F704841 
 124      AC4DBC2F 
 125 002a D010254D 		.ascii	"\320\020%MA?CPY\232BC\203-\356B\021Q\321\377bP[*\"\""
 125      413F4350 
 125      599A4243 
 125      832DEE42 
 125      1151D1FF 
 126 0044 66F73E83 		.ascii	"f\367>\203\240\350\302\345\334\373\235\357;\337\375"
 126      A0E8C2E5 
 126      DCFB9DEF 
 126      3BDFFD
 127 0053 AE047FD7 		.ascii	"\256\004\177\327\020\337\013\010\340\341\025-\200\224"
 127      10DF0B08 
 127      E0E1152D 
 127      8094
 128 0061 3C07D06D 		.ascii	"<\007\320mDR\336\011\254K\276\361\000sH(w`\031Q\034"
 128      4452DE09 
 128      AC4BBEF1 
 128      00734828 
 128      77601951 
 129 0076 00214E92 		.ascii	"\000!N\222\214q|\2472a\262\220\336\260\273\366\030c"
 129      8C717CA7 
 129      3261B290 
 129      DEB0BBF6 
 129      1863
 130 0088 1FBB4FBD 		.ascii	"\037\273O\275K\275\015\002\250Rg>\036\240\0138\247l"
 130      4BBD0D02 
 130      A852673E 
 130      1EA00B38 
 130      A76C
 131 009a B46EED8A 		.ascii	"\264n\355\212\3019\335\235\036\246P\341\276\220\353"
 131      C139DD9D 
 131      1EA650E1 
 131      BE90EB
 132 00a9 29B076BB 		.ascii	")\260v\273Z[O\215\220\"C\2038X\342\004\341\363J$\252"
 132      5A5B4F8D 
 132      90224383 
 132      3858E204 
 132      E1F34A24 
 133 00be F48889C2 		.ascii	"\364\210\211\302C\221\204D\314\332\271Z\315R\254\311"
 133      43918444 
 133      CCDAB95A 
 133      CD52ACC9 
 134 00ce 9699AD41 		.ascii	"\226\231\255AT\025\012<\304\030\327Jp\217\213\247\345"
 134      54150A3C 
 134      C418D74A 
 134      708F8BA7 
 134      E5
ARM GAS  C:\Users\Bruger\AppData\Local\Temp\ccYdUwYb.s 			page 10


 135 00df 7AC52AB8 		.ascii	"z\305*\270u\222\177\263\345\226\360\346\350K\351\342"
 135      75927FB3 
 135      E596F0E6 
 135      E84BE9E2 
 136 00ef D2F6461C 		.ascii	"\322\366F\0341\257)\335\330\302m\334\324\231`Y\360\010"
 136      31AF29DD 
 136      D8C26DDC 
 136      D4996059 
 136      F008
 137 0101 6398C63E 		.ascii	"c\230\306>\263\367\231Y;Q\334\375\015R0\3039\0253\031"
 137      B3F79959 
 137      3B51DCFD 
 137      0D5230C3 
 137      39153319 
 138 0115 1EA31BAE 		.ascii	"\036\243\033\256\321\270K8\177\254\364\375\263\025\253"
 138      D1B84B38 
 138      7FACF4FD 
 138      B315AB
 139 0124 182A5E94 		.ascii	"\030*^\224\025r\020!$\310;\315\014\265\242\343\277\014"
 139      15721021 
 139      24C83BCD 
 139      0CB5A2E3 
 139      BF0C
 140 0136 7C28E6BE 		.ascii	"|(\346\2763\010\215l\006\177F\275\320\23405 \276\005"
 140      33088D6C 
 140      067F46BD 
 140      D09C3035 
 140      20BE05
 141 0149 05CAA9EE 		.ascii	"\005\312\251\3561-\244E\246\243\332\214\352\013\317"
 141      312DA445 
 141      A6A3DA8C 
 141      EA0BCF
 142 0158 47029ADF 		.ascii	"G\002\232\337\353\013\217\016\373\307gC\301h0\034R\247"
 142      EB0B8F0E 
 142      FBC76743 
 142      C168301C 
 142      52A7
 143 016a 82735A44 		.ascii	"\202sZD\035T\275\223\003\001\370\0025\333\226\346"
 143      1D54BD93 
 143      0301F802 
 143      35DB96E6 
 144              		.text
 145              		.section	.gnu.lto_.symbol_nodes.1d793904,"",%progbits
 146 0000 789C55CA 		.ascii	"x\234U\312\261\015\3020\020\205\341\347;;v\342\024l"
 146      B10DC230 
 146      1085E1E7 
 146      3B3B76E2 
 146      146C
 147 0012 C012ECF7 		.ascii	"\300\022\354\367RX\324L\200\"\304\012l\220\232\031\000"
 147      5258D44C 
 147      8022C40A 
 147      6C909A19 
 147      00
 148 0023 A5CC0C88 		.ascii	"\245\314\014\2108i\216k~}O\247\000\016\016\373\211#"
 148      38698E6B 
 148      7E7D4FA7 
 148      000E0EFB 
ARM GAS  C:\Users\Bruger\AppData\Local\Temp\ccYdUwYb.s 			page 11


 148      8923
 149 0035 70790224 		.ascii	"py\002$\256cB\000F\241\212\320\331Y\224\362gO\265v\221"
 149      AE634200 
 149      46A18AD0 
 149      D95994F2 
 149      674FB576 
 150 004a 7E378661 		.ascii	"~7\206ae\303`\031\330Xv\214\226-\223ebk\231\331Y\366"
 150      65C36019 
 150      D858768C 
 150      962D9365 
 150      626B99D9 
 151 0060 CC868A88 		.ascii	"\314\206\212\210\373\353\353\024\015\346\255\001\363"
 151      FBEBEB14 
 151      0DE6AD01 
 151      F3
 152 006d 7BAD7498 		.ascii	"{\255t\230\252\245E\331\234P\316\313Q5c\252V\340S\353"
 152      AAA545D9 
 152      9C50CECB 
 152      513563AA 
 152      56E053EB 
 153 0081 05B7FAE7 		.ascii	"\005\267\372\347{\224\307\011?\177fFt"
 153      7B94C709 
 153      3F7F6646 
 153      74
 154              		.text
 155              		.section	.gnu.lto_.refs.1d793904,"",%progbits
 156 0000 789C258A 		.ascii	"x\234%\212\311\015\000 \014\200\240\255\307,\356?\240"
 156      C90D0020 
 156      0C80A0AD 
 156      C72CEE3F 
 156      A0
 157 0011 8DF22390 		.ascii	"\215\362#\220\300\341Shh\351\324]\321\212\211\003W\344"
 157      C0E15368 
 157      68E9D45D 
 157      D18A8903 
 157      57E4
 158 0023 0BC39E82 		.ascii	"\013\303\236\202\013\0205\000\202"
 158      0B103500 
 158      82
 159              		.text
 160              		.section	.gnu.lto_.decls.1d793904,"",%progbits
 161 0000 789C8D56 		.ascii	"x\234\215VkL\024W\024\236\273w\331\205e\241FSmh\253"
 161      6B4C1457 
 161      149EBB77 
 161      D98565A1 
 161      46536D68 
 162 0015 5B6D496B 		.ascii	"[mIk\254\321&m\374W\023c\254ml\210\324\232F\023\202"
 162      ACD1266D 
 162      FC571363 
 162      AC6D6C88 
 162      D49A4613 
 163 002a 38452205 		.ascii	"8E\"\005\272.M\374\325AT\020\215,*\225J1Ky\013\002R"
 163      BA2E4DFC 
 163      D5415410 
 163      8D2C2A95 
 163      4A314B79 
 164 0041 9137EE2A 		.ascii	"\2217\356*\"\"\340\003|\200\312\033EQ\272<\344Q[\267"
ARM GAS  C:\Users\Bruger\AppData\Local\Temp\ccYdUwYb.s 			page 12


 164      2222E003 
 164      7C80CA1B 
 164      4551BA3C 
 164      E4515BB7 
 165 0055 E7DE3BC3 		.ascii	"\347\336;\303\316\270K\353$\337\356\336\231\357|\347"
 165      CEB84BEB 
 165      24DFEEDE 
 165      99EF7CE7 
 166 0065 3BE73E66 		.ascii	";\347>f1\307q\343\210\343\034p}\242\343\270\035*\216"
 166      31C771E3 
 166      88E31C70 
 166      7DA2E3B8 
 166      1D2A8E
 167 0078 F3807B01 		.ascii	"\363\200{\001\234\363\322\003\012\000\205\200b@\011"
 167      9CF3D203 
 167      0A008580 
 167      624009
 168 0087 A0125007 		.ascii	"\240\022P\007\250\0074\002Z\000\327\0017\001m\000\220"
 168      A8073402 
 168      5A00D701 
 168      37016D00 
 168      90
 169 0098 E41E73CA 		.ascii	"\344\036s\312\213h\370\210\332\006\300|\300\023\300"
 169      8B68F888 
 169      DA06C07C 
 169      C013C0
 170 00a7 05C010E0 		.ascii	"\005\300\020\340\021\300\006\260\003\206\001\347\000"
 170      11C006B0 
 170      038601E7 
 170      00
 171 00b4 23807280 		.ascii	"#\200r\200\032\320\015\350\003\364\000\272\304{\005"
 171      1AD00DE8 
 171      03F400BA 
 171      C47B05
 172 00c3 A2873AD1 		.ascii	"\242\207:\321\223\273\274\205n\362\312\363\215\002\232"
 172      93BBBC85 
 172      6EF2CAF3 
 172      8D029A
 173 00d2 C47C52EE 		.ascii	"\304|R\3561@\303\177\344-\024\353m\021\353w\227\227"
 173      3140C37F 
 173      E42D14EB 
 173      6D11EB77 
 173      9797
 174 00e4 F44A27E6 		.ascii	"\364J'\346%9\237\313\364\245\374$\347$ O\324\350\005"
 174      25399FCB 
 174      F4A5FC24 
 174      E724204F 
 174      D4E805
 175 00f7 6031F6A6 		.ascii	"`1\366\246X\237;m2\007Z\231\266\244!\327\225\353\225"
 175      589F3B6D 
 175      32075A99 
 175      B6A421D7 
 175      95EB95
 176 010a 889E679B 		.ascii	"\210\236g\233\233\021\025\252(\034o\366\036T!_\235\201"
 176      9B1115AA 
 176      281C6FF6 
 176      1E54215F 
ARM GAS  C:\Users\Bruger\AppData\Local\Temp\ccYdUwYb.s 			page 13


 176      9D81
 177 011c 0C2B8F34 		.ascii	"\014+\2174\244h`\250\327\251\311\260\352Eo\233zA\262"
 177      A46860A8 
 177      D7A9C9B0 
 177      EA456F9B 
 177      7A41B2
 178 012f 00973956 		.ascii	"\000\2279V\230\243F\001\363Q\016\362C\271\310\017\024"
 178      98A34601 
 178      F3510EF2 
 178      43B9C80F 
 178      14
 179 0140 F3D002F8 		.ascii	"\363\320\002\370\334\242fJ/\306[/za\025\"\2773Rz\332"
 179      DCA2664A 
 179      2FC65B2F 
 179      7A611522 
 179      BF33527A 
 180 0155 74CB4E41 		.ascii	"t\313NAX\274`\265cg\272\334\243)6\235\341\244\320]l"
 180      58BC60B5 
 180      6367BADC 
 180      A329369D 
 180      E1A4D05D 
 181 016a 6F3EDBAE 		.ascii	"o>\333\256\027\032\004\253\303\3619\225B\247\020F\371"
 181      171A04AB 
 181      C3F13995 
 181      42A71046 
 181      F9
 182 017b 68196192 		.ascii	"h\031a\222\3374\004\025 \003\204\375S\371\264\017\343"
 182      DF340415 
 182      200384FD 
 182      53F9B40F 
 182      E3
 183 018c 40AA5D72 		.ascii	"@\252]r#\261\314\207JX\31234L\200\306\237\226\305\237"
 183      23B1CC87 
 183      4A58CA33 
 183      344C80C6 
 183      9F96C59F 
 184 01a0 96E20B69 		.ascii	"\226\342\013i|U~\345\200\006\033i|BYF\231'\304[\212"
 184      7C557EE5 
 184      80061B69 
 184      7C425946 
 184      9927C45B 
 185 01b5 2D2959F2 		.ascii	"-)Y\362\370\"Y|\221\024_L\343\033\222\262\020>\200h"
 185      F822597C 
 185      91145F4C 
 185      E31B92B2 
 185      103E8068 
 186 01c9 FCC3E98E 		.ascii	"\374\303\351\216D_\026\377D\021\177F\026\177F\212/\241"
 186      445F16FF 
 186      44117F46 
 186      167F468A 
 186      2FA1
 187 01db F1B7CFC7 		.ascii	"\361\267\317\307\305y\342t&\020\223]uH\013=\236\257"
 187      C579E274 
 187      2610935D 
 187      75480B3D 
 187      9EAF
 188 01ed A32D397C 		.ascii	"\243-9|\365\204\015\323\241\203<V\265\267\037\233\306"
ARM GAS  C:\Users\Bruger\AppData\Local\Temp\ccYdUwYb.s 			page 14


 188      F5840DD3 
 188      A1833C56 
 188      B5B71F9B 
 188      C6
 189 01fe 48E71F2F 		.ascii	"H\347\037/\010{\004\373\021\001\277\305\241e~\350#?"
 189      087B04FB 
 189      1101BFC5 
 189      A1657EE8 
 189      233F
 190 0210 0E95217F 		.ascii	"\016\225!\177\240\321$\350,LC)LC&4\331~m_\355\227\261"
 190      A0D124E8 
 190      2C4C4329 
 190      4C432634 
 190      D97E6D5F 
 191 0227 C26A740E 		.ascii	"\302jt\016\351\320\03736h\006\261\361\007\366\026c\371"
 191      E9D01F33 
 191      366806B1 
 191      F107F616 
 191      63F9
 192 0239 4412A673 		.ascii	"D\022\246s&\313\0253\371\364lM\235\016_anK\246\314\013"
 192      26CB1533 
 192      F9F46C4D 
 192      9D0E5F61 
 192      6E4BA6CC 
 193 024e 49B7057B 		.ascii	"I\267\005{gN\321wI\261\346L\241\333\341XDcP\205\254"
 193      674ED177 
 193      49B1E64C 
 193      A1DBE158 
 193      44635085 
 194 0263 E40AA9E4 		.ascii	"\344\012\251\344JZ\362\325\336\2511=]Xs\210\314\211"
 194      4A5AF2D5 
 194      DEA9313D 
 194      5D587388 
 194      CC89
 195 0275 3B03E398 		.ascii	";\003\343\230.,\025\031\246\215\016W{\341_U\212\206"
 195      2E2C1519 
 195      A68D0E57 
 195      7BE15F55 
 195      8A86
 196 0287 1858438E 		.ascii	"\030XC\216\017M\235\365\244C\207\003\223\216\274\350"
 196      0F4D9DF5 
 196      A4438703 
 196      938EBCE8 
 197 0297 2BCCD120 		.ascii	"+\314\321 \177\035+5\213\225j\203\002j\234\245\032\304"
 197      7F1D2B35 
 197      8B956A83 
 197      026A9CA5 
 197      1AC4
 198 02a9 5269D784 		.ascii	"Ri\327\204X\301#\327\227CUP`5\024\210\254\3208\203\330"
 198      58C123D7 
 198      97435550 
 198      60351488 
 198      ACD03883 
 199 02be B85AB879 		.ascii	"\270Z\270y\036nB\246\351}\315]\212\256\330\024]\271"
 199      1E6E42A6 
 199      E97DCD5D 
 199      8AAED814 
ARM GAS  C:\Users\Bruger\AppData\Local\Temp\ccYdUwYb.s 			page 15


 199      5DB9
 200 02d0 A0E84AC1 		.ascii	"\240\350J\301\3043\2537\2660\3135i\323\202^l\313\243"
 200      C433AB37 
 200      B630CB35 
 200      69D3825E 
 200      6CCBA3
 201 02e3 CA1F656D 		.ascii	"\312\037em\201 tQ\326\226\213R[\352h[\212\212\256\337"
 201      81207451 
 201      D6968B52 
 201      5BEA685B 
 201      8A8AAEDF 
 202 02f7 D5E21AA6 		.ascii	"\325\342\032\246\222t(!\221.e\241;>\256^o\221v\003\321"
 202      92742821 
 202      912E65A1 
 202      3B3EAE5E 
 202      6F917603 
 203 030c B824D3B8 		.ascii	"\270$\323\270$i\324S\015\363>\233Y\255\2063\233\316"
 203      2469D453 
 203      0DF33E9B 
 203      59AD8633 
 203      9BCE
 204 031e E216BA53 		.ascii	"\342\026\272S\237;z\262T\263\356\324\006Z\311e$\226"
 204      9F3B7AB2 
 204      54B3EED4 
 204      065AC965 
 204      2496
 205 0330 92DC7F2E 		.ascii	"\222\334\177.N\205\333\231\211\322\361\274R_f\242v@"
 205      4E85DB99 
 205      89D2F1BC 
 205      525F66A2 
 205      7640
 206 0342 660262D0 		.ascii	"f\002b\320\025\231\211+\222\211Fj\242:\363\311\2607"
 206      1599892B 
 206      9289466A 
 206      A23AF3C9 
 206      B037
 207 0354 35619B31 		.ascii	"5a\2331\321U:Q\246\233\325D\0235qU2Q\327t\377\026\306"
 207      D1553A51 
 207      A69BD544 
 207      13357155 
 207      3251D774 
 208 036b 0E66C27C 		.ascii	"\016f\302|\240\242\337\233\231\370+\353\262\323\004"
 208      A0A2DF9B 
 208      99F82BEB 
 208      B2D304
 209 037a C4A06699 		.ascii	"\304\240f\231\211f\311D\0135Qzt\264\\\213\3230\325H"
 209      8966C944 
 209      0B35517A 
 209      74B45C8B 
 209      D330D548 
 210 038e 4BDD3FE5 		.ascii	"K\335?\345\3054^f\325+5\256\3114\256I\032\327\251FG"
 210      C5345E66 
 210      D52B35AE 
 210      C934AE49 
 210      1AD7A946 
 211 03a3 76D517B8 		.ascii	"v\325\027\270\222I<\262\266\267\323\343I\260\344g\355"
 211      92493CB2 
ARM GAS  C:\Users\Bruger\AppData\Local\Temp\ccYdUwYb.s 			page 16


 211      B6B7D3E3 
 211      49B0E467 
 211      ED
 212 03b4 37C836F7 		.ascii	"7\3106\367\015\231\300\015I\340&\025\350.\256\276\343"
 212      0D99C00D 
 212      49E02615 
 212      E82EAEBE 
 212      E3
 213 03c5 89AF3385 		.ascii	"\211\2573\205#\317b\036j\231\211\252\313\374\205\275"
 213      23CF621E 
 213      6A9989AA 
 213      CBFC85BD 
 214 03d5 C2DF6411 		.ascii	"\302\337d\021S\211V\231D\253$\321F%J2\262\316y\321\315"
 214      53895699 
 214      44AB24D1 
 214      46254A32 
 214      B2CE79D1 
 215 03ea B29A8864 		.ascii	"\262\232\210d&\377R\340A7\213'\031Z{/\316\305\203L\377"
 215      26FF52E0 
 215      41378B27 
 215      195A7B2F 
 215      CEC5834C 
 216 03ff 586B69B5 		.ascii	"Xki\2657\336\257\246\203\226\202\333\016o\234\314\006"
 216      37DEAFA6 
 216      839682DB 
 216      0E6F9CCC 
 216      06
 217 0410 FD2339BF 		.ascii	"\375#9\277k\361ol\260\267&\333\254\305\331l\3205\331"
 217      6BF16F6C 
 217      B0B726DB 
 217      ACC5D96C 
 217      D035D9
 218 0423 75414BD5 		.ascii	"uAK\325W\220a\374\313\346b5\256`\317b\254\247[\331\263"
 218      579061FC 
 218      CBE66235 
 218      AE60CF62 
 218      ACA75BD9 
 219 0438 5530D436 		.ascii	"U0\3246\026d\274\324\242\305\344\232\347o\201\275\324"
 219      1664BCD4 
 219      A2C5E49A 
 219      E76F81BD 
 219      D4
 220 0449 7D78A0D1 		.ascii	"}x\240\321[HYA\227\332\003\250\240\037\315\223\216\243"
 220      5B485941 
 220      97DA03A8 
 220      A01FCD93 
 220      8EA3
 221 045b 0FC9AC76 		.ascii	"\017\311\254v\222\271\345(u(\366\240^\310]A\027D\207"
 221      92B9E528 
 221      7528F6A0 
 221      5EC85D41 
 221      174487
 222 046e 489DD982 		.ascii	"H\235\331\202\224\234\343$\017\3679u\357\271\321\275"
 222      949CE324 
 222      0FF73975 
 222      EFB9D1BD 
 223 047e EFA476F6 		.ascii	"\357\244v\366\325\317P\357\272\241.\235a>\216M\230q"
ARM GAS  C:\Users\Bruger\AppData\Local\Temp\ccYdUwYb.s 			page 17


 223      D5CF50EF 
 223      BAA12E9D 
 223      613E8E4D 
 223      9871
 224 0490 D0EED641 		.ascii	"\320\356\326A\025\225M\242K\324\"\2546r\350\026<\277"
 224      15954DA2 
 224      4BD422AC 
 224      3672E816 
 224      3CBF
 225 04a2 4D172861 		.ascii	"M\027(a\303\004\241\0018-z\321b\324\007\350\006\364"
 225      C304A101 
 225      382D7AD1 
 225      62D407E8 
 225      06F4
 226 04b4 00BAD062 		.ascii	"\000\272\320b:a\344\014\352\276\227\241\021\020\241"
 226      3A61E40C 
 226      EABE97A1 
 226      1110A1
 227 04c3 73D2844A 		.ascii	"s\322\204J\347\254j\324\272/\335\003\371\317\243\274"
 227      E7AC6AD4 
 227      BA2FDD03 
 227      F9CFA3BC 
 228 04d3 D4B59EE8 		.ascii	"\324\265\236\350\021\210\336q\236S$\210^\356,\240\207"
 228      1188DE71 
 228      9E532488 
 228      5EEE2CA0 
 228      87
 229 04e4 90F9755C 		.ascii	"\220\371u\\\300\304\245\266\306=\320\342&6\213{\362"
 229      C0C4A5B6 
 229      C63DD0E2 
 229      26368B7B 
 229      F2
 230 04f5 4F56A997 		.ascii	"OV\251\227\244\013\202\305\336|\267\\\025#X\340\020"
 230      A40B82C5 
 230      DE7CB75C 
 230      152358E0 
 230      10
 231 0506 244B97A6 		.ascii	"$K\227\246\037d\351e\225\016\262\345\207\036\243%\020"
 231      1F64E965 
 231      950EB2E5 
 231      871EA325 
 231      10
 232 0517 FDACF794 		.ascii	"\375\254\367\224Y\243O ''l[\257\006_z\00097\356\023"
 232      59A34F20 
 232      27276C5B 
 232      AF065F7A 
 232      003937EE 
 233 052c A4A76CF8 		.ascii	"\244\247l\370\006\366\304dr\207\217\202Mr8\331C\"{\210"
 233      06F6C464 
 233      72878F82 
 233      4D7238D9 
 233      43227B88 
 234 0540 B285E307 		.ascii	"\262\205\343\0073=q?\263Y:\221P\341\243\213'\347\363"
 234      333D713F 
 234      B3593A91 
 234      50E1A38B 
 234      27E7F3
ARM GAS  C:\Users\Bruger\AppData\Local\Temp\ccYdUwYb.s 			page 18


 235 0553 FFBFD8A0 		.ascii	"\377\277\330\240\231m-\011\267\275\330\253\360\325\210"
 235      996D2D09 
 235      B7BDD8AB 
 235      F0D588
 236 0562 3F677D15 		.ascii	"?g}\025^\032\375j/\274\037\206a\011<u\366\375\031\222"
 236      5E1AFD6A 
 236      2FBC1F86 
 236      61093C75 
 236      F6FD1992 
 237 0576 BD0B7B4F 		.ascii	"\275\013{O4\353\025\025\014+\316}\273X\201\235V0\225"
 237      34EB1515 
 237      0C2BCE7D 
 237      BB58819D 
 237      563095
 238 0589 DEF3F00D 		.ascii	"\336\363\360\015\005\273\\\321\235\021\221=B\331\035"
 238      05BB5CD1 
 238      9D11913D 
 238      42D91D
 239 0598 95B607CA 		.ascii	"\225\266\007\312\3564)\330\243\"{\224\262\315GRk\275"
 239      EE3429D8 
 239      A3227B94 
 239      B2CD4752 
 239      6BBD
 240 05aa 14EC0605 		.ascii	"\024\354\006\005{Ld\217\0216\266\345\330:t\310O\347"
 240      7B4C648F 
 240      1136B6E5 
 240      D83A74C8 
 240      4FE7
 241 05bc 97027FAB 		.ascii	"\227\002\177\253\246\026\241\347PS<YF\366=\002N\361"
 241      A616A1E7 
 241      50533C59 
 241      46F63D02 
 241      4EF1
 242 05ce 957AC3D1 		.ascii	"\225z\303\321\007\034\232\000\231q\220!l\353\240\303"
 242      071C9A00 
 242      99719021 
 242      6CEBA0C3 
 243 05de F1B3835D 		.ascii	"\361\263\203]\211ZJ \037`\2413\305\232\240VX\310SX\230"
 243      895A4A20 
 243      1F60A133 
 243      C59AA056 
 243      58C85358 
 244 05f3 447AA987 		.ascii	"Dz\251\207\360\223{{}hD\230),2\"\350\233\260\037xc\320"
 244      F0937B7B 
 244      7D684498 
 244      292C3222 
 244      E89BB01F 
 245 060a CAA0C0E0 		.ascii	"\312\240\300\340\237\3705\221\021\337\207\205j\326}"
 245      9FF83591 
 245      11DF8785 
 245      6AD67D
 246 0619 BDC9B086 		.ascii	"\275\311\260\206\373x\035\037\301\033\203M\374\366\240"
 246      FB781D1F 
 246      C11B834D 
 246      FCF6A0
 247 0628 C0C86863 		.ascii	"\300\310hc\010\2775 0r\315\247[]\"\0036,\017\341\026"
 247      08BF3520 
ARM GAS  C:\Users\Bruger\AppData\Local\Temp\ccYdUwYb.s 			page 19


 247      3072CDA7 
 247      5B5D2203 
 247      362C0FE1 
 248 063d BADCDEC8 		.ascii	"\272\334\336\310\3572E\032E\315\371\256\371\302y>j\201"
 248      EF32451A 
 248      45CDF9AE 
 248      F9C2793E 
 248      6A81
 249 064f CBEDCDC1 		.ascii	"\313\355\315\301;\371\350(\217\350\260\010\323\252\367"
 249      3BF9E828 
 249      8FE8B008 
 249      D3AAF7
 250 065e 667110B2 		.ascii	"fq\020\262\333\264;\212\337\265|\007\367\276\233\254"
 250      DBB43B8A 
 250      DFB57C07 
 250      F7BE9BAC 
 251 066e C1DB21A5 		.ascii	"\301\333!\245\311\030\031\276\221\017\015\333e\342\215"
 251      C91819BE 
 251      910F0DDB 
 251      65E28D
 252 067d 4B5FB310 		.ascii	"K_\263\020\320\323\220\274+?{g\026\331\350\010\220s"
 252      D0D390BC 
 252      2B3F7B67 
 252      16D9E808 
 252      9073
 253 068f 6D1D7918 		.ascii	"m\035y\030\300\033\303\"\267\177\340Z\2171\314\304\277"
 253      C01BC322 
 253      B77FE05A 
 253      8F31CCC4 
 253      BF
 254 06a0 62E8DDD9 		.ascii	"b\350\335\331XT\33759}\312\022\274\351\332GS\244\233"
 254      5854DF35 
 254      397DCA12 
 254      BCE9DA47 
 254      53A49B
 255 06b3 36AE8D08 		.ascii	"6\256\215\010\336\026\316\273&\332\026\034\2623:*\320"
 255      DE16CEBB 
 255      26DA161C 
 255      B2333A2A 
 255      D0
 256 06c4 648C0E31 		.ascii	"d\214\0161\371\006l\336\300x\201&\350\216\006\206\233"
 256      F9066CDE 
 256      C0788126 
 256      E88E0686 
 256      9B
 257 06d5 B66FF382 		.ascii	"\266o\363\202/\226k\356zb\307\030\035e\332\020\274k"
 257      2F966BEE 
 257      7A62C718 
 257      1D65DA10 
 257      BC6B
 258 06e7 E7B7C1E1 		.ascii	"\347\267\301\341\321\374\\x\370J1\256\271Y\016\265\221"
 258      D1FC5C78 
 258      F84A31AE 
 258      B9590EB5 
 258      91
 259 06f8 0F5DF52F 		.ascii	"\017]\365/\223\302N\321"
 259      93C24ED1 
ARM GAS  C:\Users\Bruger\AppData\Local\Temp\ccYdUwYb.s 			page 20


 260              		.text
 261              		.section	.gnu.lto_.symtab.1d793904,"",%progbits
 262 0000 49676E69 		.ascii	"Ignition_Timer_1_SaveConfig\000\000\000\000\000\000"
 262      74696F6E 
 262      5F54696D 
 262      65725F31 
 262      5F536176 
 263 0021 00000000 		.ascii	"\000\000\000\000\000\000\254\000\000\000Ignition_Ti"
 263      0000AC00 
 263      00004967 
 263      6E697469 
 263      6F6E5F54 
 264 0036 6D65725F 		.ascii	"mer_1_RestoreConfig\000\000\000\000\000\000\000\000"
 264      315F5265 
 264      73746F72 
 264      65436F6E 
 264      66696700 
 265 0051 00000000 		.ascii	"\000\000\000\000\256\000\000\000Ignition_Timer_1_Sl"
 265      AE000000 
 265      49676E69 
 265      74696F6E 
 265      5F54696D 
 266 006c 65657000 		.ascii	"eep\000\000\000\000\000\000\000\000\000\000\000\000"
 266      00000000 
 266      00000000 
 266      000000
 267 007b B0000000 		.ascii	"\260\000\000\000Ignition_Timer_1_Wakeup\000\000\000"
 267      49676E69 
 267      74696F6E 
 267      5F54696D 
 267      65725F31 
 268 0099 00000000 		.ascii	"\000\000\000\000\000\000\000\000\000\262\000\000\000"
 268      00000000 
 268      00B20000 
 268      00
 269 00a6 49676E69 		.ascii	"Ignition_Timer_1_ReadControlRegister\000\000\002\000"
 269      74696F6E 
 269      5F54696D 
 269      65725F31 
 269      5F526561 
 270 00ce 00000000 		.ascii	"\000\000\000\000\000\000\000\000\272\000\000\000Ign"
 270      00000000 
 270      BA000000 
 270      49676E
 271 00dd 6974696F 		.ascii	"ition_Timer_1_ReadCounter\000\000\002\000\000\000\000"
 271      6E5F5469 
 271      6D65725F 
 271      315F5265 
 271      6164436F 
 272 00fd 00000000 		.ascii	"\000\000\000\000\000\304\000\000\000Ignition_Timer_"
 272      00C40000 
 272      0049676E 
 272      6974696F 
 272      6E5F5469 
 273 0115 315F5265 		.ascii	"1_ReadPeriod\000\000\002\000\000\000\000\000\000\000"
 273      61645065 
 273      72696F64 
ARM GAS  C:\Users\Bruger\AppData\Local\Temp\ccYdUwYb.s 			page 21


 273      00000200 
 273      00000000 
 274 012b 0000C600 		.ascii	"\000\000\306\000\000\000Ignition_Timer_1_WriteContr"
 274      00004967 
 274      6E697469 
 274      6F6E5F54 
 274      696D6572 
 275 014c 6F6C5265 		.ascii	"olRegister\000\000\002\000\000\000\000\000\000\000\000"
 275      67697374 
 275      65720000 
 275      02000000 
 275      00000000 
 276 0161 00CA0000 		.ascii	"\000\312\000\000\000Ignition_Timer_1_WriteCounter\000"
 276      0049676E 
 276      6974696F 
 276      6E5F5469 
 276      6D65725F 
 277 0184 00020000 		.ascii	"\000\002\000\000\000\000\000\000\000\000\000\316\000"
 277      00000000 
 277      000000CE 
 277      00
 278 0191 00004967 		.ascii	"\000\000Ignition_Timer_1_WritePeriod\000\000\002\000"
 278      6E697469 
 278      6F6E5F54 
 278      696D6572 
 278      5F315F57 
 279 01b3 00000000 		.ascii	"\000\000\000\000\000\000\000\000\320\000\000\000Ign"
 279      00000000 
 279      D0000000 
 279      49676E
 280 01c2 6974696F 		.ascii	"ition_Timer_1_Stop\000\000\002\000\000\000\000\000\000"
 280      6E5F5469 
 280      6D65725F 
 280      315F5374 
 280      6F700000 
 281 01dd 000000D2 		.ascii	"\000\000\000\322\000\000\000Ignition_Timer_1_Enable"
 281      00000049 
 281      676E6974 
 281      696F6E5F 
 281      54696D65 
 282 01fb 00000200 		.ascii	"\000\000\002\000\000\000\000\000\000\000\000\000\324"
 282      00000000 
 282      00000000 
 282      D4
 283 0208 000000   		.ascii	"\000\000\000"
 284              		.text
 285              		.section	.gnu.lto_.opts,"",%progbits
 286 0000 272D666E 		.ascii	"'-fno-trapv' '-mcpu=cortex-m3' '-mthumb' '-g' '-O3'"
 286      6F2D7472 
 286      61707627 
 286      20272D6D 
 286      6370753D 
 287 0033 20272D66 		.ascii	" '-ffunction-sections' '-finline-functions' '-flto'"
 287      66756E63 
 287      74696F6E 
 287      2D736563 
 287      74696F6E 
ARM GAS  C:\Users\Bruger\AppData\Local\Temp\ccYdUwYb.s 			page 22


 288 0066 20272D66 		.ascii	" '-ffat-lto-objects'\000"
 288      6661742D 
 288      6C746F2D 
 288      6F626A65 
 288      63747327 
 289              		.text
 290              		.cfi_sections	.debug_frame
 291              		.section	.text.Ignition_Timer_1_SaveConfig,"ax",%progbits
 292              		.align	2
 293              		.global	Ignition_Timer_1_SaveConfig
 294              		.thumb
 295              		.thumb_func
 296              		.type	Ignition_Timer_1_SaveConfig, %function
 297              	Ignition_Timer_1_SaveConfig:
 298              	.LFB0:
 299              		.file 1 "Generated_Source\\PSoC5\\Ignition_Timer_1_PM.c"
   1:Generated_Source\PSoC5/Ignition_Timer_1_PM.c **** /*******************************************************************************
   2:Generated_Source\PSoC5/Ignition_Timer_1_PM.c **** * File Name: Ignition_Timer_1_PM.c
   3:Generated_Source\PSoC5/Ignition_Timer_1_PM.c **** * Version 3.30
   4:Generated_Source\PSoC5/Ignition_Timer_1_PM.c **** *
   5:Generated_Source\PSoC5/Ignition_Timer_1_PM.c **** * Description:
   6:Generated_Source\PSoC5/Ignition_Timer_1_PM.c **** *  This file provides the power management source code to API for the
   7:Generated_Source\PSoC5/Ignition_Timer_1_PM.c **** *  PWM.
   8:Generated_Source\PSoC5/Ignition_Timer_1_PM.c **** *
   9:Generated_Source\PSoC5/Ignition_Timer_1_PM.c **** * Note:
  10:Generated_Source\PSoC5/Ignition_Timer_1_PM.c **** *
  11:Generated_Source\PSoC5/Ignition_Timer_1_PM.c **** ********************************************************************************
  12:Generated_Source\PSoC5/Ignition_Timer_1_PM.c **** * Copyright 2008-2014, Cypress Semiconductor Corporation.  All rights reserved.
  13:Generated_Source\PSoC5/Ignition_Timer_1_PM.c **** * You may use this file only in accordance with the license, terms, conditions,
  14:Generated_Source\PSoC5/Ignition_Timer_1_PM.c **** * disclaimers, and limitations in the end user license agreement accompanying
  15:Generated_Source\PSoC5/Ignition_Timer_1_PM.c **** * the software package with which this file was provided.
  16:Generated_Source\PSoC5/Ignition_Timer_1_PM.c **** *******************************************************************************/
  17:Generated_Source\PSoC5/Ignition_Timer_1_PM.c **** 
  18:Generated_Source\PSoC5/Ignition_Timer_1_PM.c **** #include "Ignition_Timer_1.h"
  19:Generated_Source\PSoC5/Ignition_Timer_1_PM.c **** 
  20:Generated_Source\PSoC5/Ignition_Timer_1_PM.c **** static Ignition_Timer_1_backupStruct Ignition_Timer_1_backup;
  21:Generated_Source\PSoC5/Ignition_Timer_1_PM.c **** 
  22:Generated_Source\PSoC5/Ignition_Timer_1_PM.c **** 
  23:Generated_Source\PSoC5/Ignition_Timer_1_PM.c **** /*******************************************************************************
  24:Generated_Source\PSoC5/Ignition_Timer_1_PM.c **** * Function Name: Ignition_Timer_1_SaveConfig
  25:Generated_Source\PSoC5/Ignition_Timer_1_PM.c **** ********************************************************************************
  26:Generated_Source\PSoC5/Ignition_Timer_1_PM.c **** *
  27:Generated_Source\PSoC5/Ignition_Timer_1_PM.c **** * Summary:
  28:Generated_Source\PSoC5/Ignition_Timer_1_PM.c **** *  Saves the current user configuration of the component.
  29:Generated_Source\PSoC5/Ignition_Timer_1_PM.c **** *
  30:Generated_Source\PSoC5/Ignition_Timer_1_PM.c **** * Parameters:
  31:Generated_Source\PSoC5/Ignition_Timer_1_PM.c **** *  None
  32:Generated_Source\PSoC5/Ignition_Timer_1_PM.c **** *
  33:Generated_Source\PSoC5/Ignition_Timer_1_PM.c **** * Return:
  34:Generated_Source\PSoC5/Ignition_Timer_1_PM.c **** *  None
  35:Generated_Source\PSoC5/Ignition_Timer_1_PM.c **** *
  36:Generated_Source\PSoC5/Ignition_Timer_1_PM.c **** * Global variables:
  37:Generated_Source\PSoC5/Ignition_Timer_1_PM.c **** *  Ignition_Timer_1_backup:  Variables of this global structure are modified to
  38:Generated_Source\PSoC5/Ignition_Timer_1_PM.c **** *  store the values of non retention configuration registers when Sleep() API is
  39:Generated_Source\PSoC5/Ignition_Timer_1_PM.c **** *  called.
  40:Generated_Source\PSoC5/Ignition_Timer_1_PM.c **** *
  41:Generated_Source\PSoC5/Ignition_Timer_1_PM.c **** *******************************************************************************/
ARM GAS  C:\Users\Bruger\AppData\Local\Temp\ccYdUwYb.s 			page 23


  42:Generated_Source\PSoC5/Ignition_Timer_1_PM.c **** void Ignition_Timer_1_SaveConfig(void) 
  43:Generated_Source\PSoC5/Ignition_Timer_1_PM.c **** {
 300              		.loc 1 43 0
 301              		.cfi_startproc
 302              		@ args = 0, pretend = 0, frame = 0
 303              		@ frame_needed = 0, uses_anonymous_args = 0
 304 0000 10B5     		push	{r4, lr}
 305              		.cfi_def_cfa_offset 8
 306              		.cfi_offset 4, -8
 307              		.cfi_offset 14, -4
  44:Generated_Source\PSoC5/Ignition_Timer_1_PM.c **** 
  45:Generated_Source\PSoC5/Ignition_Timer_1_PM.c ****     #if(!Ignition_Timer_1_UsingFixedFunction)
  46:Generated_Source\PSoC5/Ignition_Timer_1_PM.c ****         #if(!Ignition_Timer_1_PWMModeIsCenterAligned)
  47:Generated_Source\PSoC5/Ignition_Timer_1_PM.c ****             Ignition_Timer_1_backup.PWMPeriod = Ignition_Timer_1_ReadPeriod();
 308              		.loc 1 47 0
 309 0002 FFF7FEFF 		bl	Ignition_Timer_1_ReadPeriod
 310              	.LVL0:
 311 0006 064C     		ldr	r4, .L3
 312 0008 A080     		strh	r0, [r4, #4]	@ movhi
  48:Generated_Source\PSoC5/Ignition_Timer_1_PM.c ****         #endif /* (!Ignition_Timer_1_PWMModeIsCenterAligned) */
  49:Generated_Source\PSoC5/Ignition_Timer_1_PM.c ****         Ignition_Timer_1_backup.PWMUdb = Ignition_Timer_1_ReadCounter();
 313              		.loc 1 49 0
 314 000a FFF7FEFF 		bl	Ignition_Timer_1_ReadCounter
 315              	.LVL1:
  50:Generated_Source\PSoC5/Ignition_Timer_1_PM.c ****         #if (Ignition_Timer_1_UseStatus)
  51:Generated_Source\PSoC5/Ignition_Timer_1_PM.c ****             Ignition_Timer_1_backup.InterruptMaskValue = Ignition_Timer_1_STATUS_MASK;
 316              		.loc 1 51 0
 317 000e 054B     		ldr	r3, .L3+4
  49:Generated_Source\PSoC5/Ignition_Timer_1_PM.c ****         #if (Ignition_Timer_1_UseStatus)
 318              		.loc 1 49 0
 319 0010 6080     		strh	r0, [r4, #2]	@ movhi
 320              		.loc 1 51 0
 321 0012 1B78     		ldrb	r3, [r3]	@ zero_extendqisi2
 322 0014 A371     		strb	r3, [r4, #6]
  52:Generated_Source\PSoC5/Ignition_Timer_1_PM.c ****         #endif /* (Ignition_Timer_1_UseStatus) */
  53:Generated_Source\PSoC5/Ignition_Timer_1_PM.c **** 
  54:Generated_Source\PSoC5/Ignition_Timer_1_PM.c ****         #if(Ignition_Timer_1_DeadBandMode == Ignition_Timer_1__B_PWM__DBM_256_CLOCKS || \
  55:Generated_Source\PSoC5/Ignition_Timer_1_PM.c ****             Ignition_Timer_1_DeadBandMode == Ignition_Timer_1__B_PWM__DBM_2_4_CLOCKS)
  56:Generated_Source\PSoC5/Ignition_Timer_1_PM.c ****             Ignition_Timer_1_backup.PWMdeadBandValue = Ignition_Timer_1_ReadDeadTime();
  57:Generated_Source\PSoC5/Ignition_Timer_1_PM.c ****         #endif /*  deadband count is either 2-4 clocks or 256 clocks */
  58:Generated_Source\PSoC5/Ignition_Timer_1_PM.c **** 
  59:Generated_Source\PSoC5/Ignition_Timer_1_PM.c ****         #if(Ignition_Timer_1_KillModeMinTime)
  60:Generated_Source\PSoC5/Ignition_Timer_1_PM.c ****              Ignition_Timer_1_backup.PWMKillCounterPeriod = Ignition_Timer_1_ReadKillTime();
  61:Generated_Source\PSoC5/Ignition_Timer_1_PM.c ****         #endif /* (Ignition_Timer_1_KillModeMinTime) */
  62:Generated_Source\PSoC5/Ignition_Timer_1_PM.c **** 
  63:Generated_Source\PSoC5/Ignition_Timer_1_PM.c ****         #if(Ignition_Timer_1_UseControl)
  64:Generated_Source\PSoC5/Ignition_Timer_1_PM.c ****             Ignition_Timer_1_backup.PWMControlRegister = Ignition_Timer_1_ReadControlRegister();
 323              		.loc 1 64 0
 324 0016 FFF7FEFF 		bl	Ignition_Timer_1_ReadControlRegister
 325              	.LVL2:
 326 001a E071     		strb	r0, [r4, #7]
 327 001c 10BD     		pop	{r4, pc}
 328              	.L4:
 329 001e 00BF     		.align	2
 330              	.L3:
 331 0020 00000000 		.word	.LANCHOR0
 332 0024 8F640040 		.word	1073767567
ARM GAS  C:\Users\Bruger\AppData\Local\Temp\ccYdUwYb.s 			page 24


 333              		.cfi_endproc
 334              	.LFE0:
 335              		.size	Ignition_Timer_1_SaveConfig, .-Ignition_Timer_1_SaveConfig
 336              		.section	.text.Ignition_Timer_1_RestoreConfig,"ax",%progbits
 337              		.align	2
 338              		.global	Ignition_Timer_1_RestoreConfig
 339              		.thumb
 340              		.thumb_func
 341              		.type	Ignition_Timer_1_RestoreConfig, %function
 342              	Ignition_Timer_1_RestoreConfig:
 343              	.LFB1:
  65:Generated_Source\PSoC5/Ignition_Timer_1_PM.c ****         #endif /* (Ignition_Timer_1_UseControl) */
  66:Generated_Source\PSoC5/Ignition_Timer_1_PM.c ****     #endif  /* (!Ignition_Timer_1_UsingFixedFunction) */
  67:Generated_Source\PSoC5/Ignition_Timer_1_PM.c **** }
  68:Generated_Source\PSoC5/Ignition_Timer_1_PM.c **** 
  69:Generated_Source\PSoC5/Ignition_Timer_1_PM.c **** 
  70:Generated_Source\PSoC5/Ignition_Timer_1_PM.c **** /*******************************************************************************
  71:Generated_Source\PSoC5/Ignition_Timer_1_PM.c **** * Function Name: Ignition_Timer_1_RestoreConfig
  72:Generated_Source\PSoC5/Ignition_Timer_1_PM.c **** ********************************************************************************
  73:Generated_Source\PSoC5/Ignition_Timer_1_PM.c **** *
  74:Generated_Source\PSoC5/Ignition_Timer_1_PM.c **** * Summary:
  75:Generated_Source\PSoC5/Ignition_Timer_1_PM.c **** *  Restores the current user configuration of the component.
  76:Generated_Source\PSoC5/Ignition_Timer_1_PM.c **** *
  77:Generated_Source\PSoC5/Ignition_Timer_1_PM.c **** * Parameters:
  78:Generated_Source\PSoC5/Ignition_Timer_1_PM.c **** *  None
  79:Generated_Source\PSoC5/Ignition_Timer_1_PM.c **** *
  80:Generated_Source\PSoC5/Ignition_Timer_1_PM.c **** * Return:
  81:Generated_Source\PSoC5/Ignition_Timer_1_PM.c **** *  None
  82:Generated_Source\PSoC5/Ignition_Timer_1_PM.c **** *
  83:Generated_Source\PSoC5/Ignition_Timer_1_PM.c **** * Global variables:
  84:Generated_Source\PSoC5/Ignition_Timer_1_PM.c **** *  Ignition_Timer_1_backup:  Variables of this global structure are used to
  85:Generated_Source\PSoC5/Ignition_Timer_1_PM.c **** *  restore the values of non retention registers on wakeup from sleep mode.
  86:Generated_Source\PSoC5/Ignition_Timer_1_PM.c **** *
  87:Generated_Source\PSoC5/Ignition_Timer_1_PM.c **** *******************************************************************************/
  88:Generated_Source\PSoC5/Ignition_Timer_1_PM.c **** void Ignition_Timer_1_RestoreConfig(void) 
  89:Generated_Source\PSoC5/Ignition_Timer_1_PM.c **** {
 344              		.loc 1 89 0
 345              		.cfi_startproc
 346              		@ args = 0, pretend = 0, frame = 0
 347              		@ frame_needed = 0, uses_anonymous_args = 0
 348 0000 10B5     		push	{r4, lr}
 349              		.cfi_def_cfa_offset 8
 350              		.cfi_offset 4, -8
 351              		.cfi_offset 14, -4
  90:Generated_Source\PSoC5/Ignition_Timer_1_PM.c ****         #if(!Ignition_Timer_1_UsingFixedFunction)
  91:Generated_Source\PSoC5/Ignition_Timer_1_PM.c ****             #if(!Ignition_Timer_1_PWMModeIsCenterAligned)
  92:Generated_Source\PSoC5/Ignition_Timer_1_PM.c ****                 Ignition_Timer_1_WritePeriod(Ignition_Timer_1_backup.PWMPeriod);
 352              		.loc 1 92 0
 353 0002 074C     		ldr	r4, .L7
 354 0004 A088     		ldrh	r0, [r4, #4]
 355 0006 FFF7FEFF 		bl	Ignition_Timer_1_WritePeriod
 356              	.LVL3:
  93:Generated_Source\PSoC5/Ignition_Timer_1_PM.c ****             #endif /* (!Ignition_Timer_1_PWMModeIsCenterAligned) */
  94:Generated_Source\PSoC5/Ignition_Timer_1_PM.c **** 
  95:Generated_Source\PSoC5/Ignition_Timer_1_PM.c ****             Ignition_Timer_1_WriteCounter(Ignition_Timer_1_backup.PWMUdb);
 357              		.loc 1 95 0
 358 000a 6088     		ldrh	r0, [r4, #2]
ARM GAS  C:\Users\Bruger\AppData\Local\Temp\ccYdUwYb.s 			page 25


 359 000c FFF7FEFF 		bl	Ignition_Timer_1_WriteCounter
 360              	.LVL4:
  96:Generated_Source\PSoC5/Ignition_Timer_1_PM.c **** 
  97:Generated_Source\PSoC5/Ignition_Timer_1_PM.c ****             #if (Ignition_Timer_1_UseStatus)
  98:Generated_Source\PSoC5/Ignition_Timer_1_PM.c ****                 Ignition_Timer_1_STATUS_MASK = Ignition_Timer_1_backup.InterruptMaskValue;
 361              		.loc 1 98 0
 362 0010 A279     		ldrb	r2, [r4, #6]	@ zero_extendqisi2
 363 0012 044B     		ldr	r3, .L7+4
  99:Generated_Source\PSoC5/Ignition_Timer_1_PM.c ****             #endif /* (Ignition_Timer_1_UseStatus) */
 100:Generated_Source\PSoC5/Ignition_Timer_1_PM.c **** 
 101:Generated_Source\PSoC5/Ignition_Timer_1_PM.c ****             #if(Ignition_Timer_1_DeadBandMode == Ignition_Timer_1__B_PWM__DBM_256_CLOCKS || \
 102:Generated_Source\PSoC5/Ignition_Timer_1_PM.c ****                 Ignition_Timer_1_DeadBandMode == Ignition_Timer_1__B_PWM__DBM_2_4_CLOCKS)
 103:Generated_Source\PSoC5/Ignition_Timer_1_PM.c ****                 Ignition_Timer_1_WriteDeadTime(Ignition_Timer_1_backup.PWMdeadBandValue);
 104:Generated_Source\PSoC5/Ignition_Timer_1_PM.c ****             #endif /* deadband count is either 2-4 clocks or 256 clocks */
 105:Generated_Source\PSoC5/Ignition_Timer_1_PM.c **** 
 106:Generated_Source\PSoC5/Ignition_Timer_1_PM.c ****             #if(Ignition_Timer_1_KillModeMinTime)
 107:Generated_Source\PSoC5/Ignition_Timer_1_PM.c ****                 Ignition_Timer_1_WriteKillTime(Ignition_Timer_1_backup.PWMKillCounterPeriod);
 108:Generated_Source\PSoC5/Ignition_Timer_1_PM.c ****             #endif /* (Ignition_Timer_1_KillModeMinTime) */
 109:Generated_Source\PSoC5/Ignition_Timer_1_PM.c **** 
 110:Generated_Source\PSoC5/Ignition_Timer_1_PM.c ****             #if(Ignition_Timer_1_UseControl)
 111:Generated_Source\PSoC5/Ignition_Timer_1_PM.c ****                 Ignition_Timer_1_WriteControlRegister(Ignition_Timer_1_backup.PWMControlRegister);
 364              		.loc 1 111 0
 365 0014 E079     		ldrb	r0, [r4, #7]	@ zero_extendqisi2
  98:Generated_Source\PSoC5/Ignition_Timer_1_PM.c ****             #endif /* (Ignition_Timer_1_UseStatus) */
 366              		.loc 1 98 0
 367 0016 1A70     		strb	r2, [r3]
 112:Generated_Source\PSoC5/Ignition_Timer_1_PM.c ****             #endif /* (Ignition_Timer_1_UseControl) */
 113:Generated_Source\PSoC5/Ignition_Timer_1_PM.c ****         #endif  /* (!Ignition_Timer_1_UsingFixedFunction) */
 114:Generated_Source\PSoC5/Ignition_Timer_1_PM.c ****     }
 368              		.loc 1 114 0
 369 0018 BDE81040 		pop	{r4, lr}
 370              		.cfi_restore 14
 371              		.cfi_restore 4
 372              		.cfi_def_cfa_offset 0
 111:Generated_Source\PSoC5/Ignition_Timer_1_PM.c ****             #endif /* (Ignition_Timer_1_UseControl) */
 373              		.loc 1 111 0
 374 001c FFF7FEBF 		b	Ignition_Timer_1_WriteControlRegister
 375              	.LVL5:
 376              	.L8:
 377              		.align	2
 378              	.L7:
 379 0020 00000000 		.word	.LANCHOR0
 380 0024 8F640040 		.word	1073767567
 381              		.cfi_endproc
 382              	.LFE1:
 383              		.size	Ignition_Timer_1_RestoreConfig, .-Ignition_Timer_1_RestoreConfig
 384              		.section	.text.Ignition_Timer_1_Sleep,"ax",%progbits
 385              		.align	2
 386              		.global	Ignition_Timer_1_Sleep
 387              		.thumb
 388              		.thumb_func
 389              		.type	Ignition_Timer_1_Sleep, %function
 390              	Ignition_Timer_1_Sleep:
 391              	.LFB2:
 115:Generated_Source\PSoC5/Ignition_Timer_1_PM.c **** 
 116:Generated_Source\PSoC5/Ignition_Timer_1_PM.c **** 
 117:Generated_Source\PSoC5/Ignition_Timer_1_PM.c **** /*******************************************************************************
ARM GAS  C:\Users\Bruger\AppData\Local\Temp\ccYdUwYb.s 			page 26


 118:Generated_Source\PSoC5/Ignition_Timer_1_PM.c **** * Function Name: Ignition_Timer_1_Sleep
 119:Generated_Source\PSoC5/Ignition_Timer_1_PM.c **** ********************************************************************************
 120:Generated_Source\PSoC5/Ignition_Timer_1_PM.c **** *
 121:Generated_Source\PSoC5/Ignition_Timer_1_PM.c **** * Summary:
 122:Generated_Source\PSoC5/Ignition_Timer_1_PM.c **** *  Disables block's operation and saves the user configuration. Should be called
 123:Generated_Source\PSoC5/Ignition_Timer_1_PM.c **** *  just prior to entering sleep.
 124:Generated_Source\PSoC5/Ignition_Timer_1_PM.c **** *
 125:Generated_Source\PSoC5/Ignition_Timer_1_PM.c **** * Parameters:
 126:Generated_Source\PSoC5/Ignition_Timer_1_PM.c **** *  None
 127:Generated_Source\PSoC5/Ignition_Timer_1_PM.c **** *
 128:Generated_Source\PSoC5/Ignition_Timer_1_PM.c **** * Return:
 129:Generated_Source\PSoC5/Ignition_Timer_1_PM.c **** *  None
 130:Generated_Source\PSoC5/Ignition_Timer_1_PM.c **** *
 131:Generated_Source\PSoC5/Ignition_Timer_1_PM.c **** * Global variables:
 132:Generated_Source\PSoC5/Ignition_Timer_1_PM.c **** *  Ignition_Timer_1_backup.PWMEnableState:  Is modified depending on the enable
 133:Generated_Source\PSoC5/Ignition_Timer_1_PM.c **** *  state of the block before entering sleep mode.
 134:Generated_Source\PSoC5/Ignition_Timer_1_PM.c **** *
 135:Generated_Source\PSoC5/Ignition_Timer_1_PM.c **** *******************************************************************************/
 136:Generated_Source\PSoC5/Ignition_Timer_1_PM.c **** void Ignition_Timer_1_Sleep(void) 
 137:Generated_Source\PSoC5/Ignition_Timer_1_PM.c **** {
 392              		.loc 1 137 0
 393              		.cfi_startproc
 394              		@ args = 0, pretend = 0, frame = 0
 395              		@ frame_needed = 0, uses_anonymous_args = 0
 396 0000 10B5     		push	{r4, lr}
 397              		.cfi_def_cfa_offset 8
 398              		.cfi_offset 4, -8
 399              		.cfi_offset 14, -4
 138:Generated_Source\PSoC5/Ignition_Timer_1_PM.c ****     #if(Ignition_Timer_1_UseControl)
 139:Generated_Source\PSoC5/Ignition_Timer_1_PM.c ****         if(Ignition_Timer_1_CTRL_ENABLE == (Ignition_Timer_1_CONTROL & Ignition_Timer_1_CTRL_ENABLE
 400              		.loc 1 139 0
 401 0002 0A4B     		ldr	r3, .L11
 402 0004 0A4C     		ldr	r4, .L11+4
 403 0006 1B78     		ldrb	r3, [r3]	@ zero_extendqisi2
 404 0008 DB09     		lsrs	r3, r3, #7
 405 000a 2370     		strb	r3, [r4]
 140:Generated_Source\PSoC5/Ignition_Timer_1_PM.c ****         {
 141:Generated_Source\PSoC5/Ignition_Timer_1_PM.c ****             /*Component is enabled */
 142:Generated_Source\PSoC5/Ignition_Timer_1_PM.c ****             Ignition_Timer_1_backup.PWMEnableState = 1u;
 143:Generated_Source\PSoC5/Ignition_Timer_1_PM.c ****         }
 144:Generated_Source\PSoC5/Ignition_Timer_1_PM.c ****         else
 145:Generated_Source\PSoC5/Ignition_Timer_1_PM.c ****         {
 146:Generated_Source\PSoC5/Ignition_Timer_1_PM.c ****             /* Component is disabled */
 147:Generated_Source\PSoC5/Ignition_Timer_1_PM.c ****             Ignition_Timer_1_backup.PWMEnableState = 0u;
 148:Generated_Source\PSoC5/Ignition_Timer_1_PM.c ****         }
 149:Generated_Source\PSoC5/Ignition_Timer_1_PM.c ****     #endif /* (Ignition_Timer_1_UseControl) */
 150:Generated_Source\PSoC5/Ignition_Timer_1_PM.c **** 
 151:Generated_Source\PSoC5/Ignition_Timer_1_PM.c ****     /* Stop component */
 152:Generated_Source\PSoC5/Ignition_Timer_1_PM.c ****     Ignition_Timer_1_Stop();
 406              		.loc 1 152 0
 407 000c FFF7FEFF 		bl	Ignition_Timer_1_Stop
 408              	.LVL6:
 409              	.LBB4:
 410              	.LBB5:
  47:Generated_Source\PSoC5/Ignition_Timer_1_PM.c ****         #endif /* (!Ignition_Timer_1_PWMModeIsCenterAligned) */
 411              		.loc 1 47 0
 412 0010 FFF7FEFF 		bl	Ignition_Timer_1_ReadPeriod
ARM GAS  C:\Users\Bruger\AppData\Local\Temp\ccYdUwYb.s 			page 27


 413              	.LVL7:
 414 0014 A080     		strh	r0, [r4, #4]	@ movhi
  49:Generated_Source\PSoC5/Ignition_Timer_1_PM.c ****         #if (Ignition_Timer_1_UseStatus)
 415              		.loc 1 49 0
 416 0016 FFF7FEFF 		bl	Ignition_Timer_1_ReadCounter
 417              	.LVL8:
  51:Generated_Source\PSoC5/Ignition_Timer_1_PM.c ****         #endif /* (Ignition_Timer_1_UseStatus) */
 418              		.loc 1 51 0
 419 001a 064B     		ldr	r3, .L11+8
  49:Generated_Source\PSoC5/Ignition_Timer_1_PM.c ****         #if (Ignition_Timer_1_UseStatus)
 420              		.loc 1 49 0
 421 001c 6080     		strh	r0, [r4, #2]	@ movhi
  51:Generated_Source\PSoC5/Ignition_Timer_1_PM.c ****         #endif /* (Ignition_Timer_1_UseStatus) */
 422              		.loc 1 51 0
 423 001e 1B78     		ldrb	r3, [r3]	@ zero_extendqisi2
 424 0020 A371     		strb	r3, [r4, #6]
  64:Generated_Source\PSoC5/Ignition_Timer_1_PM.c ****         #endif /* (Ignition_Timer_1_UseControl) */
 425              		.loc 1 64 0
 426 0022 FFF7FEFF 		bl	Ignition_Timer_1_ReadControlRegister
 427              	.LVL9:
 428 0026 E071     		strb	r0, [r4, #7]
 429 0028 10BD     		pop	{r4, pc}
 430              	.L12:
 431 002a 00BF     		.align	2
 432              	.L11:
 433 002c 7F640040 		.word	1073767551
 434 0030 00000000 		.word	.LANCHOR0
 435 0034 8F640040 		.word	1073767567
 436              	.LBE5:
 437              	.LBE4:
 438              		.cfi_endproc
 439              	.LFE2:
 440              		.size	Ignition_Timer_1_Sleep, .-Ignition_Timer_1_Sleep
 441              		.section	.text.Ignition_Timer_1_Wakeup,"ax",%progbits
 442              		.align	2
 443              		.global	Ignition_Timer_1_Wakeup
 444              		.thumb
 445              		.thumb_func
 446              		.type	Ignition_Timer_1_Wakeup, %function
 447              	Ignition_Timer_1_Wakeup:
 448              	.LFB3:
 153:Generated_Source\PSoC5/Ignition_Timer_1_PM.c **** 
 154:Generated_Source\PSoC5/Ignition_Timer_1_PM.c ****     /* Save registers configuration */
 155:Generated_Source\PSoC5/Ignition_Timer_1_PM.c ****     Ignition_Timer_1_SaveConfig();
 156:Generated_Source\PSoC5/Ignition_Timer_1_PM.c **** }
 157:Generated_Source\PSoC5/Ignition_Timer_1_PM.c **** 
 158:Generated_Source\PSoC5/Ignition_Timer_1_PM.c **** 
 159:Generated_Source\PSoC5/Ignition_Timer_1_PM.c **** /*******************************************************************************
 160:Generated_Source\PSoC5/Ignition_Timer_1_PM.c **** * Function Name: Ignition_Timer_1_Wakeup
 161:Generated_Source\PSoC5/Ignition_Timer_1_PM.c **** ********************************************************************************
 162:Generated_Source\PSoC5/Ignition_Timer_1_PM.c **** *
 163:Generated_Source\PSoC5/Ignition_Timer_1_PM.c **** * Summary:
 164:Generated_Source\PSoC5/Ignition_Timer_1_PM.c **** *  Restores and enables the user configuration. Should be called just after
 165:Generated_Source\PSoC5/Ignition_Timer_1_PM.c **** *  awaking from sleep.
 166:Generated_Source\PSoC5/Ignition_Timer_1_PM.c **** *
 167:Generated_Source\PSoC5/Ignition_Timer_1_PM.c **** * Parameters:
 168:Generated_Source\PSoC5/Ignition_Timer_1_PM.c **** *  None
ARM GAS  C:\Users\Bruger\AppData\Local\Temp\ccYdUwYb.s 			page 28


 169:Generated_Source\PSoC5/Ignition_Timer_1_PM.c **** *
 170:Generated_Source\PSoC5/Ignition_Timer_1_PM.c **** * Return:
 171:Generated_Source\PSoC5/Ignition_Timer_1_PM.c **** *  None
 172:Generated_Source\PSoC5/Ignition_Timer_1_PM.c **** *
 173:Generated_Source\PSoC5/Ignition_Timer_1_PM.c **** * Global variables:
 174:Generated_Source\PSoC5/Ignition_Timer_1_PM.c **** *  Ignition_Timer_1_backup.pwmEnable:  Is used to restore the enable state of
 175:Generated_Source\PSoC5/Ignition_Timer_1_PM.c **** *  block on wakeup from sleep mode.
 176:Generated_Source\PSoC5/Ignition_Timer_1_PM.c **** *
 177:Generated_Source\PSoC5/Ignition_Timer_1_PM.c **** *******************************************************************************/
 178:Generated_Source\PSoC5/Ignition_Timer_1_PM.c **** void Ignition_Timer_1_Wakeup(void) 
 179:Generated_Source\PSoC5/Ignition_Timer_1_PM.c **** {
 449              		.loc 1 179 0
 450              		.cfi_startproc
 451              		@ args = 0, pretend = 0, frame = 0
 452              		@ frame_needed = 0, uses_anonymous_args = 0
 453 0000 10B5     		push	{r4, lr}
 454              		.cfi_def_cfa_offset 8
 455              		.cfi_offset 4, -8
 456              		.cfi_offset 14, -4
 457              	.LBB8:
 458              	.LBB9:
  92:Generated_Source\PSoC5/Ignition_Timer_1_PM.c ****             #endif /* (!Ignition_Timer_1_PWMModeIsCenterAligned) */
 459              		.loc 1 92 0
 460 0002 0A4C     		ldr	r4, .L18
 461 0004 A088     		ldrh	r0, [r4, #4]
 462 0006 FFF7FEFF 		bl	Ignition_Timer_1_WritePeriod
 463              	.LVL10:
  95:Generated_Source\PSoC5/Ignition_Timer_1_PM.c **** 
 464              		.loc 1 95 0
 465 000a 6088     		ldrh	r0, [r4, #2]
 466 000c FFF7FEFF 		bl	Ignition_Timer_1_WriteCounter
 467              	.LVL11:
  98:Generated_Source\PSoC5/Ignition_Timer_1_PM.c ****             #endif /* (Ignition_Timer_1_UseStatus) */
 468              		.loc 1 98 0
 469 0010 074B     		ldr	r3, .L18+4
 470 0012 A279     		ldrb	r2, [r4, #6]	@ zero_extendqisi2
 111:Generated_Source\PSoC5/Ignition_Timer_1_PM.c ****             #endif /* (Ignition_Timer_1_UseControl) */
 471              		.loc 1 111 0
 472 0014 E079     		ldrb	r0, [r4, #7]	@ zero_extendqisi2
  98:Generated_Source\PSoC5/Ignition_Timer_1_PM.c ****             #endif /* (Ignition_Timer_1_UseStatus) */
 473              		.loc 1 98 0
 474 0016 1A70     		strb	r2, [r3]
 111:Generated_Source\PSoC5/Ignition_Timer_1_PM.c ****             #endif /* (Ignition_Timer_1_UseControl) */
 475              		.loc 1 111 0
 476 0018 FFF7FEFF 		bl	Ignition_Timer_1_WriteControlRegister
 477              	.LVL12:
 478              	.LBE9:
 479              	.LBE8:
 180:Generated_Source\PSoC5/Ignition_Timer_1_PM.c ****      /* Restore registers values */
 181:Generated_Source\PSoC5/Ignition_Timer_1_PM.c ****     Ignition_Timer_1_RestoreConfig();
 182:Generated_Source\PSoC5/Ignition_Timer_1_PM.c **** 
 183:Generated_Source\PSoC5/Ignition_Timer_1_PM.c ****     if(Ignition_Timer_1_backup.PWMEnableState != 0u)
 480              		.loc 1 183 0
 481 001c 2378     		ldrb	r3, [r4]	@ zero_extendqisi2
 482 001e 03B9     		cbnz	r3, .L17
 483 0020 10BD     		pop	{r4, pc}
 484              	.L17:
ARM GAS  C:\Users\Bruger\AppData\Local\Temp\ccYdUwYb.s 			page 29


 184:Generated_Source\PSoC5/Ignition_Timer_1_PM.c ****     {
 185:Generated_Source\PSoC5/Ignition_Timer_1_PM.c ****         /* Enable component's operation */
 186:Generated_Source\PSoC5/Ignition_Timer_1_PM.c ****         Ignition_Timer_1_Enable();
 187:Generated_Source\PSoC5/Ignition_Timer_1_PM.c ****     } /* Do nothing if component's block was disabled before */
 188:Generated_Source\PSoC5/Ignition_Timer_1_PM.c **** 
 189:Generated_Source\PSoC5/Ignition_Timer_1_PM.c **** }
 485              		.loc 1 189 0
 486 0022 BDE81040 		pop	{r4, lr}
 487              		.cfi_restore 14
 488              		.cfi_restore 4
 489              		.cfi_def_cfa_offset 0
 186:Generated_Source\PSoC5/Ignition_Timer_1_PM.c ****     } /* Do nothing if component's block was disabled before */
 490              		.loc 1 186 0
 491 0026 FFF7FEBF 		b	Ignition_Timer_1_Enable
 492              	.LVL13:
 493              	.L19:
 494 002a 00BF     		.align	2
 495              	.L18:
 496 002c 00000000 		.word	.LANCHOR0
 497 0030 8F640040 		.word	1073767567
 498              		.cfi_endproc
 499              	.LFE3:
 500              		.size	Ignition_Timer_1_Wakeup, .-Ignition_Timer_1_Wakeup
 501              		.bss
 502              		.align	2
 503              		.set	.LANCHOR0,. + 0
 504              		.type	Ignition_Timer_1_backup, %object
 505              		.size	Ignition_Timer_1_backup, 8
 506              	Ignition_Timer_1_backup:
 507 0000 00000000 		.space	8
 507      00000000 
 508              		.text
 509              	.Letext0:
 510              		.file 2 "Generated_Source\\PSoC5\\cytypes.h"
 511              		.file 3 "Generated_Source\\PSoC5\\Ignition_Timer_1.h"
 512              		.section	.debug_info,"",%progbits
 513              	.Ldebug_info0:
 514 0000 7A020000 		.4byte	0x27a
 515 0004 0400     		.2byte	0x4
 516 0006 00000000 		.4byte	.Ldebug_abbrev0
 517 000a 04       		.byte	0x4
 518 000b 01       		.uleb128 0x1
 519 000c 80020000 		.4byte	.LASF34
 520 0010 01       		.byte	0x1
 521 0011 79000000 		.4byte	.LASF35
 522 0015 9B010000 		.4byte	.LASF36
 523 0019 00000000 		.4byte	.Ldebug_ranges0+0
 524 001d 00000000 		.4byte	0
 525 0021 00000000 		.4byte	.Ldebug_line0
 526 0025 02       		.uleb128 0x2
 527 0026 01       		.byte	0x1
 528 0027 06       		.byte	0x6
 529 0028 92030000 		.4byte	.LASF0
 530 002c 02       		.uleb128 0x2
 531 002d 01       		.byte	0x1
 532 002e 08       		.byte	0x8
 533 002f DC000000 		.4byte	.LASF1
ARM GAS  C:\Users\Bruger\AppData\Local\Temp\ccYdUwYb.s 			page 30


 534 0033 02       		.uleb128 0x2
 535 0034 02       		.byte	0x2
 536 0035 05       		.byte	0x5
 537 0036 52030000 		.4byte	.LASF2
 538 003a 02       		.uleb128 0x2
 539 003b 02       		.byte	0x2
 540 003c 07       		.byte	0x7
 541 003d 66000000 		.4byte	.LASF3
 542 0041 02       		.uleb128 0x2
 543 0042 04       		.byte	0x4
 544 0043 05       		.byte	0x5
 545 0044 6B030000 		.4byte	.LASF4
 546 0048 02       		.uleb128 0x2
 547 0049 04       		.byte	0x4
 548 004a 07       		.byte	0x7
 549 004b 45010000 		.4byte	.LASF5
 550 004f 02       		.uleb128 0x2
 551 0050 08       		.byte	0x8
 552 0051 05       		.byte	0x5
 553 0052 72020000 		.4byte	.LASF6
 554 0056 02       		.uleb128 0x2
 555 0057 08       		.byte	0x8
 556 0058 07       		.byte	0x7
 557 0059 01020000 		.4byte	.LASF7
 558 005d 03       		.uleb128 0x3
 559 005e 04       		.byte	0x4
 560 005f 05       		.byte	0x5
 561 0060 696E7400 		.ascii	"int\000"
 562 0064 02       		.uleb128 0x2
 563 0065 04       		.byte	0x4
 564 0066 07       		.byte	0x7
 565 0067 F4010000 		.4byte	.LASF8
 566 006b 04       		.uleb128 0x4
 567 006c 57010000 		.4byte	.LASF9
 568 0070 02       		.byte	0x2
 569 0071 3801     		.2byte	0x138
 570 0073 2C000000 		.4byte	0x2c
 571 0077 04       		.uleb128 0x4
 572 0078 94010000 		.4byte	.LASF10
 573 007c 02       		.byte	0x2
 574 007d 3901     		.2byte	0x139
 575 007f 3A000000 		.4byte	0x3a
 576 0083 02       		.uleb128 0x2
 577 0084 04       		.byte	0x4
 578 0085 04       		.byte	0x4
 579 0086 BE000000 		.4byte	.LASF11
 580 008a 02       		.uleb128 0x2
 581 008b 08       		.byte	0x8
 582 008c 04       		.byte	0x4
 583 008d 8D010000 		.4byte	.LASF12
 584 0091 02       		.uleb128 0x2
 585 0092 01       		.byte	0x1
 586 0093 08       		.byte	0x8
 587 0094 27030000 		.4byte	.LASF13
 588 0098 04       		.uleb128 0x4
 589 0099 64020000 		.4byte	.LASF14
 590 009d 02       		.byte	0x2
ARM GAS  C:\Users\Bruger\AppData\Local\Temp\ccYdUwYb.s 			page 31


 591 009e E201     		.2byte	0x1e2
 592 00a0 A4000000 		.4byte	0xa4
 593 00a4 05       		.uleb128 0x5
 594 00a5 6B000000 		.4byte	0x6b
 595 00a9 02       		.uleb128 0x2
 596 00aa 04       		.byte	0x4
 597 00ab 07       		.byte	0x7
 598 00ac 69020000 		.4byte	.LASF15
 599 00b0 06       		.uleb128 0x6
 600 00b1 08       		.byte	0x8
 601 00b2 03       		.byte	0x3
 602 00b3 6B       		.byte	0x6b
 603 00b4 F5000000 		.4byte	0xf5
 604 00b8 07       		.uleb128 0x7
 605 00b9 5C030000 		.4byte	.LASF16
 606 00bd 03       		.byte	0x3
 607 00be 6E       		.byte	0x6e
 608 00bf 6B000000 		.4byte	0x6b
 609 00c3 00       		.byte	0
 610 00c4 07       		.uleb128 0x7
 611 00c5 1C000000 		.4byte	.LASF17
 612 00c9 03       		.byte	0x3
 613 00ca 71       		.byte	0x71
 614 00cb 77000000 		.4byte	0x77
 615 00cf 02       		.byte	0x2
 616 00d0 07       		.uleb128 0x7
 617 00d1 23000000 		.4byte	.LASF18
 618 00d5 03       		.byte	0x3
 619 00d6 73       		.byte	0x73
 620 00d7 77000000 		.4byte	0x77
 621 00db 04       		.byte	0x4
 622 00dc 07       		.uleb128 0x7
 623 00dd 9E030000 		.4byte	.LASF19
 624 00e1 03       		.byte	0x3
 625 00e2 76       		.byte	0x76
 626 00e3 6B000000 		.4byte	0x6b
 627 00e7 06       		.byte	0x6
 628 00e8 07       		.uleb128 0x7
 629 00e9 7A010000 		.4byte	.LASF20
 630 00ed 03       		.byte	0x3
 631 00ee 86       		.byte	0x86
 632 00ef 6B000000 		.4byte	0x6b
 633 00f3 07       		.byte	0x7
 634 00f4 00       		.byte	0
 635 00f5 08       		.uleb128 0x8
 636 00f6 EA000000 		.4byte	.LASF21
 637 00fa 03       		.byte	0x3
 638 00fb 8B       		.byte	0x8b
 639 00fc B0000000 		.4byte	0xb0
 640 0100 09       		.uleb128 0x9
 641 0101 2D000000 		.4byte	.LASF22
 642 0105 01       		.byte	0x1
 643 0106 2A       		.byte	0x2a
 644 0107 01       		.byte	0x1
 645 0108 0A       		.uleb128 0xa
 646 0109 00010000 		.4byte	0x100
 647 010d 00000000 		.4byte	.LFB0
ARM GAS  C:\Users\Bruger\AppData\Local\Temp\ccYdUwYb.s 			page 32


 648 0111 28000000 		.4byte	.LFE0-.LFB0
 649 0115 01       		.uleb128 0x1
 650 0116 9C       		.byte	0x9c
 651 0117 37010000 		.4byte	0x137
 652 011b 0B       		.uleb128 0xb
 653 011c 06000000 		.4byte	.LVL0
 654 0120 1B020000 		.4byte	0x21b
 655 0124 0B       		.uleb128 0xb
 656 0125 0E000000 		.4byte	.LVL1
 657 0129 26020000 		.4byte	0x226
 658 012d 0B       		.uleb128 0xb
 659 012e 1A000000 		.4byte	.LVL2
 660 0132 31020000 		.4byte	0x231
 661 0136 00       		.byte	0
 662 0137 09       		.uleb128 0x9
 663 0138 2F020000 		.4byte	.LASF23
 664 013c 01       		.byte	0x1
 665 013d 58       		.byte	0x58
 666 013e 01       		.byte	0x1
 667 013f 0A       		.uleb128 0xa
 668 0140 37010000 		.4byte	0x137
 669 0144 00000000 		.4byte	.LFB1
 670 0148 28000000 		.4byte	.LFE1-.LFB1
 671 014c 01       		.uleb128 0x1
 672 014d 9C       		.byte	0x9c
 673 014e 6E010000 		.4byte	0x16e
 674 0152 0B       		.uleb128 0xb
 675 0153 0A000000 		.4byte	.LVL3
 676 0157 3C020000 		.4byte	0x23c
 677 015b 0B       		.uleb128 0xb
 678 015c 10000000 		.4byte	.LVL4
 679 0160 4D020000 		.4byte	0x24d
 680 0164 0C       		.uleb128 0xc
 681 0165 20000000 		.4byte	.LVL5
 682 0169 5E020000 		.4byte	0x25e
 683 016d 00       		.byte	0
 684 016e 0D       		.uleb128 0xd
 685 016f 18020000 		.4byte	.LASF24
 686 0173 01       		.byte	0x1
 687 0174 88       		.byte	0x88
 688 0175 00000000 		.4byte	.LFB2
 689 0179 38000000 		.4byte	.LFE2-.LFB2
 690 017d 01       		.uleb128 0x1
 691 017e 9C       		.byte	0x9c
 692 017f BC010000 		.4byte	0x1bc
 693 0183 0E       		.uleb128 0xe
 694 0184 00010000 		.4byte	0x100
 695 0188 10000000 		.4byte	.LBB4
 696 018c 28000000 		.4byte	.LBE4-.LBB4
 697 0190 01       		.byte	0x1
 698 0191 9B       		.byte	0x9b
 699 0192 B2010000 		.4byte	0x1b2
 700 0196 0B       		.uleb128 0xb
 701 0197 14000000 		.4byte	.LVL7
 702 019b 1B020000 		.4byte	0x21b
 703 019f 0B       		.uleb128 0xb
 704 01a0 1A000000 		.4byte	.LVL8
ARM GAS  C:\Users\Bruger\AppData\Local\Temp\ccYdUwYb.s 			page 33


 705 01a4 26020000 		.4byte	0x226
 706 01a8 0B       		.uleb128 0xb
 707 01a9 26000000 		.4byte	.LVL9
 708 01ad 31020000 		.4byte	0x231
 709 01b1 00       		.byte	0
 710 01b2 0B       		.uleb128 0xb
 711 01b3 10000000 		.4byte	.LVL6
 712 01b7 6F020000 		.4byte	0x26f
 713 01bb 00       		.byte	0
 714 01bc 0D       		.uleb128 0xd
 715 01bd 2D010000 		.4byte	.LASF25
 716 01c1 01       		.byte	0x1
 717 01c2 B2       		.byte	0xb2
 718 01c3 00000000 		.4byte	.LFB3
 719 01c7 34000000 		.4byte	.LFE3-.LFB3
 720 01cb 01       		.uleb128 0x1
 721 01cc 9C       		.byte	0x9c
 722 01cd 0A020000 		.4byte	0x20a
 723 01d1 0E       		.uleb128 0xe
 724 01d2 37010000 		.4byte	0x137
 725 01d6 02000000 		.4byte	.LBB8
 726 01da 1A000000 		.4byte	.LBE8-.LBB8
 727 01de 01       		.byte	0x1
 728 01df B5       		.byte	0xb5
 729 01e0 00020000 		.4byte	0x200
 730 01e4 0B       		.uleb128 0xb
 731 01e5 0A000000 		.4byte	.LVL10
 732 01e9 3C020000 		.4byte	0x23c
 733 01ed 0B       		.uleb128 0xb
 734 01ee 10000000 		.4byte	.LVL11
 735 01f2 4D020000 		.4byte	0x24d
 736 01f6 0B       		.uleb128 0xb
 737 01f7 1C000000 		.4byte	.LVL12
 738 01fb 5E020000 		.4byte	0x25e
 739 01ff 00       		.byte	0
 740 0200 0C       		.uleb128 0xc
 741 0201 2A000000 		.4byte	.LVL13
 742 0205 76020000 		.4byte	0x276
 743 0209 00       		.byte	0
 744 020a 0F       		.uleb128 0xf
 745 020b A6000000 		.4byte	.LASF37
 746 020f 01       		.byte	0x1
 747 0210 14       		.byte	0x14
 748 0211 F5000000 		.4byte	0xf5
 749 0215 05       		.uleb128 0x5
 750 0216 03       		.byte	0x3
 751 0217 00000000 		.4byte	Ignition_Timer_1_backup
 752 021b 10       		.uleb128 0x10
 753 021c 00000000 		.4byte	.LASF26
 754 0220 03       		.byte	0x3
 755 0221 C0       		.byte	0xc0
 756 0222 77000000 		.4byte	0x77
 757 0226 10       		.uleb128 0x10
 758 0227 49000000 		.4byte	.LASF27
 759 022b 03       		.byte	0x3
 760 022c B3       		.byte	0xb3
 761 022d 77000000 		.4byte	0x77
ARM GAS  C:\Users\Bruger\AppData\Local\Temp\ccYdUwYb.s 			page 34


 762 0231 10       		.uleb128 0x10
 763 0232 08010000 		.4byte	.LASF28
 764 0236 03       		.byte	0x3
 765 0237 9D       		.byte	0x9d
 766 0238 6B000000 		.4byte	0x6b
 767 023c 11       		.uleb128 0x11
 768 023d 5D010000 		.4byte	.LASF29
 769 0241 03       		.byte	0x3
 770 0242 BE       		.byte	0xbe
 771 0243 4D020000 		.4byte	0x24d
 772 0247 12       		.uleb128 0x12
 773 0248 77000000 		.4byte	0x77
 774 024c 00       		.byte	0
 775 024d 11       		.uleb128 0x11
 776 024e 74030000 		.4byte	.LASF30
 777 0252 03       		.byte	0x3
 778 0253 BA       		.byte	0xba
 779 0254 5E020000 		.4byte	0x25e
 780 0258 12       		.uleb128 0x12
 781 0259 77000000 		.4byte	0x77
 782 025d 00       		.byte	0
 783 025e 11       		.uleb128 0x11
 784 025f 2C030000 		.4byte	.LASF31
 785 0263 03       		.byte	0x3
 786 0264 9E       		.byte	0x9e
 787 0265 6F020000 		.4byte	0x26f
 788 0269 12       		.uleb128 0x12
 789 026a 6B000000 		.4byte	0x6b
 790 026e 00       		.byte	0
 791 026f 13       		.uleb128 0x13
 792 0270 4E020000 		.4byte	.LASF32
 793 0274 03       		.byte	0x3
 794 0275 93       		.byte	0x93
 795 0276 13       		.uleb128 0x13
 796 0277 C4000000 		.4byte	.LASF33
 797 027b 03       		.byte	0x3
 798 027c DB       		.byte	0xdb
 799 027d 00       		.byte	0
 800              		.section	.debug_abbrev,"",%progbits
 801              	.Ldebug_abbrev0:
 802 0000 01       		.uleb128 0x1
 803 0001 11       		.uleb128 0x11
 804 0002 01       		.byte	0x1
 805 0003 25       		.uleb128 0x25
 806 0004 0E       		.uleb128 0xe
 807 0005 13       		.uleb128 0x13
 808 0006 0B       		.uleb128 0xb
 809 0007 03       		.uleb128 0x3
 810 0008 0E       		.uleb128 0xe
 811 0009 1B       		.uleb128 0x1b
 812 000a 0E       		.uleb128 0xe
 813 000b 55       		.uleb128 0x55
 814 000c 17       		.uleb128 0x17
 815 000d 11       		.uleb128 0x11
 816 000e 01       		.uleb128 0x1
 817 000f 10       		.uleb128 0x10
 818 0010 17       		.uleb128 0x17
ARM GAS  C:\Users\Bruger\AppData\Local\Temp\ccYdUwYb.s 			page 35


 819 0011 00       		.byte	0
 820 0012 00       		.byte	0
 821 0013 02       		.uleb128 0x2
 822 0014 24       		.uleb128 0x24
 823 0015 00       		.byte	0
 824 0016 0B       		.uleb128 0xb
 825 0017 0B       		.uleb128 0xb
 826 0018 3E       		.uleb128 0x3e
 827 0019 0B       		.uleb128 0xb
 828 001a 03       		.uleb128 0x3
 829 001b 0E       		.uleb128 0xe
 830 001c 00       		.byte	0
 831 001d 00       		.byte	0
 832 001e 03       		.uleb128 0x3
 833 001f 24       		.uleb128 0x24
 834 0020 00       		.byte	0
 835 0021 0B       		.uleb128 0xb
 836 0022 0B       		.uleb128 0xb
 837 0023 3E       		.uleb128 0x3e
 838 0024 0B       		.uleb128 0xb
 839 0025 03       		.uleb128 0x3
 840 0026 08       		.uleb128 0x8
 841 0027 00       		.byte	0
 842 0028 00       		.byte	0
 843 0029 04       		.uleb128 0x4
 844 002a 16       		.uleb128 0x16
 845 002b 00       		.byte	0
 846 002c 03       		.uleb128 0x3
 847 002d 0E       		.uleb128 0xe
 848 002e 3A       		.uleb128 0x3a
 849 002f 0B       		.uleb128 0xb
 850 0030 3B       		.uleb128 0x3b
 851 0031 05       		.uleb128 0x5
 852 0032 49       		.uleb128 0x49
 853 0033 13       		.uleb128 0x13
 854 0034 00       		.byte	0
 855 0035 00       		.byte	0
 856 0036 05       		.uleb128 0x5
 857 0037 35       		.uleb128 0x35
 858 0038 00       		.byte	0
 859 0039 49       		.uleb128 0x49
 860 003a 13       		.uleb128 0x13
 861 003b 00       		.byte	0
 862 003c 00       		.byte	0
 863 003d 06       		.uleb128 0x6
 864 003e 13       		.uleb128 0x13
 865 003f 01       		.byte	0x1
 866 0040 0B       		.uleb128 0xb
 867 0041 0B       		.uleb128 0xb
 868 0042 3A       		.uleb128 0x3a
 869 0043 0B       		.uleb128 0xb
 870 0044 3B       		.uleb128 0x3b
 871 0045 0B       		.uleb128 0xb
 872 0046 01       		.uleb128 0x1
 873 0047 13       		.uleb128 0x13
 874 0048 00       		.byte	0
 875 0049 00       		.byte	0
ARM GAS  C:\Users\Bruger\AppData\Local\Temp\ccYdUwYb.s 			page 36


 876 004a 07       		.uleb128 0x7
 877 004b 0D       		.uleb128 0xd
 878 004c 00       		.byte	0
 879 004d 03       		.uleb128 0x3
 880 004e 0E       		.uleb128 0xe
 881 004f 3A       		.uleb128 0x3a
 882 0050 0B       		.uleb128 0xb
 883 0051 3B       		.uleb128 0x3b
 884 0052 0B       		.uleb128 0xb
 885 0053 49       		.uleb128 0x49
 886 0054 13       		.uleb128 0x13
 887 0055 38       		.uleb128 0x38
 888 0056 0B       		.uleb128 0xb
 889 0057 00       		.byte	0
 890 0058 00       		.byte	0
 891 0059 08       		.uleb128 0x8
 892 005a 16       		.uleb128 0x16
 893 005b 00       		.byte	0
 894 005c 03       		.uleb128 0x3
 895 005d 0E       		.uleb128 0xe
 896 005e 3A       		.uleb128 0x3a
 897 005f 0B       		.uleb128 0xb
 898 0060 3B       		.uleb128 0x3b
 899 0061 0B       		.uleb128 0xb
 900 0062 49       		.uleb128 0x49
 901 0063 13       		.uleb128 0x13
 902 0064 00       		.byte	0
 903 0065 00       		.byte	0
 904 0066 09       		.uleb128 0x9
 905 0067 2E       		.uleb128 0x2e
 906 0068 00       		.byte	0
 907 0069 3F       		.uleb128 0x3f
 908 006a 19       		.uleb128 0x19
 909 006b 03       		.uleb128 0x3
 910 006c 0E       		.uleb128 0xe
 911 006d 3A       		.uleb128 0x3a
 912 006e 0B       		.uleb128 0xb
 913 006f 3B       		.uleb128 0x3b
 914 0070 0B       		.uleb128 0xb
 915 0071 27       		.uleb128 0x27
 916 0072 19       		.uleb128 0x19
 917 0073 20       		.uleb128 0x20
 918 0074 0B       		.uleb128 0xb
 919 0075 00       		.byte	0
 920 0076 00       		.byte	0
 921 0077 0A       		.uleb128 0xa
 922 0078 2E       		.uleb128 0x2e
 923 0079 01       		.byte	0x1
 924 007a 31       		.uleb128 0x31
 925 007b 13       		.uleb128 0x13
 926 007c 11       		.uleb128 0x11
 927 007d 01       		.uleb128 0x1
 928 007e 12       		.uleb128 0x12
 929 007f 06       		.uleb128 0x6
 930 0080 40       		.uleb128 0x40
 931 0081 18       		.uleb128 0x18
 932 0082 9742     		.uleb128 0x2117
ARM GAS  C:\Users\Bruger\AppData\Local\Temp\ccYdUwYb.s 			page 37


 933 0084 19       		.uleb128 0x19
 934 0085 01       		.uleb128 0x1
 935 0086 13       		.uleb128 0x13
 936 0087 00       		.byte	0
 937 0088 00       		.byte	0
 938 0089 0B       		.uleb128 0xb
 939 008a 898201   		.uleb128 0x4109
 940 008d 00       		.byte	0
 941 008e 11       		.uleb128 0x11
 942 008f 01       		.uleb128 0x1
 943 0090 31       		.uleb128 0x31
 944 0091 13       		.uleb128 0x13
 945 0092 00       		.byte	0
 946 0093 00       		.byte	0
 947 0094 0C       		.uleb128 0xc
 948 0095 898201   		.uleb128 0x4109
 949 0098 00       		.byte	0
 950 0099 11       		.uleb128 0x11
 951 009a 01       		.uleb128 0x1
 952 009b 9542     		.uleb128 0x2115
 953 009d 19       		.uleb128 0x19
 954 009e 31       		.uleb128 0x31
 955 009f 13       		.uleb128 0x13
 956 00a0 00       		.byte	0
 957 00a1 00       		.byte	0
 958 00a2 0D       		.uleb128 0xd
 959 00a3 2E       		.uleb128 0x2e
 960 00a4 01       		.byte	0x1
 961 00a5 3F       		.uleb128 0x3f
 962 00a6 19       		.uleb128 0x19
 963 00a7 03       		.uleb128 0x3
 964 00a8 0E       		.uleb128 0xe
 965 00a9 3A       		.uleb128 0x3a
 966 00aa 0B       		.uleb128 0xb
 967 00ab 3B       		.uleb128 0x3b
 968 00ac 0B       		.uleb128 0xb
 969 00ad 27       		.uleb128 0x27
 970 00ae 19       		.uleb128 0x19
 971 00af 11       		.uleb128 0x11
 972 00b0 01       		.uleb128 0x1
 973 00b1 12       		.uleb128 0x12
 974 00b2 06       		.uleb128 0x6
 975 00b3 40       		.uleb128 0x40
 976 00b4 18       		.uleb128 0x18
 977 00b5 9742     		.uleb128 0x2117
 978 00b7 19       		.uleb128 0x19
 979 00b8 01       		.uleb128 0x1
 980 00b9 13       		.uleb128 0x13
 981 00ba 00       		.byte	0
 982 00bb 00       		.byte	0
 983 00bc 0E       		.uleb128 0xe
 984 00bd 1D       		.uleb128 0x1d
 985 00be 01       		.byte	0x1
 986 00bf 31       		.uleb128 0x31
 987 00c0 13       		.uleb128 0x13
 988 00c1 11       		.uleb128 0x11
 989 00c2 01       		.uleb128 0x1
ARM GAS  C:\Users\Bruger\AppData\Local\Temp\ccYdUwYb.s 			page 38


 990 00c3 12       		.uleb128 0x12
 991 00c4 06       		.uleb128 0x6
 992 00c5 58       		.uleb128 0x58
 993 00c6 0B       		.uleb128 0xb
 994 00c7 59       		.uleb128 0x59
 995 00c8 0B       		.uleb128 0xb
 996 00c9 01       		.uleb128 0x1
 997 00ca 13       		.uleb128 0x13
 998 00cb 00       		.byte	0
 999 00cc 00       		.byte	0
 1000 00cd 0F       		.uleb128 0xf
 1001 00ce 34       		.uleb128 0x34
 1002 00cf 00       		.byte	0
 1003 00d0 03       		.uleb128 0x3
 1004 00d1 0E       		.uleb128 0xe
 1005 00d2 3A       		.uleb128 0x3a
 1006 00d3 0B       		.uleb128 0xb
 1007 00d4 3B       		.uleb128 0x3b
 1008 00d5 0B       		.uleb128 0xb
 1009 00d6 49       		.uleb128 0x49
 1010 00d7 13       		.uleb128 0x13
 1011 00d8 02       		.uleb128 0x2
 1012 00d9 18       		.uleb128 0x18
 1013 00da 00       		.byte	0
 1014 00db 00       		.byte	0
 1015 00dc 10       		.uleb128 0x10
 1016 00dd 2E       		.uleb128 0x2e
 1017 00de 00       		.byte	0
 1018 00df 3F       		.uleb128 0x3f
 1019 00e0 19       		.uleb128 0x19
 1020 00e1 03       		.uleb128 0x3
 1021 00e2 0E       		.uleb128 0xe
 1022 00e3 3A       		.uleb128 0x3a
 1023 00e4 0B       		.uleb128 0xb
 1024 00e5 3B       		.uleb128 0x3b
 1025 00e6 0B       		.uleb128 0xb
 1026 00e7 27       		.uleb128 0x27
 1027 00e8 19       		.uleb128 0x19
 1028 00e9 49       		.uleb128 0x49
 1029 00ea 13       		.uleb128 0x13
 1030 00eb 3C       		.uleb128 0x3c
 1031 00ec 19       		.uleb128 0x19
 1032 00ed 00       		.byte	0
 1033 00ee 00       		.byte	0
 1034 00ef 11       		.uleb128 0x11
 1035 00f0 2E       		.uleb128 0x2e
 1036 00f1 01       		.byte	0x1
 1037 00f2 3F       		.uleb128 0x3f
 1038 00f3 19       		.uleb128 0x19
 1039 00f4 03       		.uleb128 0x3
 1040 00f5 0E       		.uleb128 0xe
 1041 00f6 3A       		.uleb128 0x3a
 1042 00f7 0B       		.uleb128 0xb
 1043 00f8 3B       		.uleb128 0x3b
 1044 00f9 0B       		.uleb128 0xb
 1045 00fa 27       		.uleb128 0x27
 1046 00fb 19       		.uleb128 0x19
ARM GAS  C:\Users\Bruger\AppData\Local\Temp\ccYdUwYb.s 			page 39


 1047 00fc 3C       		.uleb128 0x3c
 1048 00fd 19       		.uleb128 0x19
 1049 00fe 01       		.uleb128 0x1
 1050 00ff 13       		.uleb128 0x13
 1051 0100 00       		.byte	0
 1052 0101 00       		.byte	0
 1053 0102 12       		.uleb128 0x12
 1054 0103 05       		.uleb128 0x5
 1055 0104 00       		.byte	0
 1056 0105 49       		.uleb128 0x49
 1057 0106 13       		.uleb128 0x13
 1058 0107 00       		.byte	0
 1059 0108 00       		.byte	0
 1060 0109 13       		.uleb128 0x13
 1061 010a 2E       		.uleb128 0x2e
 1062 010b 00       		.byte	0
 1063 010c 3F       		.uleb128 0x3f
 1064 010d 19       		.uleb128 0x19
 1065 010e 03       		.uleb128 0x3
 1066 010f 0E       		.uleb128 0xe
 1067 0110 3A       		.uleb128 0x3a
 1068 0111 0B       		.uleb128 0xb
 1069 0112 3B       		.uleb128 0x3b
 1070 0113 0B       		.uleb128 0xb
 1071 0114 27       		.uleb128 0x27
 1072 0115 19       		.uleb128 0x19
 1073 0116 3C       		.uleb128 0x3c
 1074 0117 19       		.uleb128 0x19
 1075 0118 00       		.byte	0
 1076 0119 00       		.byte	0
 1077 011a 00       		.byte	0
 1078              		.section	.debug_aranges,"",%progbits
 1079 0000 34000000 		.4byte	0x34
 1080 0004 0200     		.2byte	0x2
 1081 0006 00000000 		.4byte	.Ldebug_info0
 1082 000a 04       		.byte	0x4
 1083 000b 00       		.byte	0
 1084 000c 0000     		.2byte	0
 1085 000e 0000     		.2byte	0
 1086 0010 00000000 		.4byte	.LFB0
 1087 0014 28000000 		.4byte	.LFE0-.LFB0
 1088 0018 00000000 		.4byte	.LFB1
 1089 001c 28000000 		.4byte	.LFE1-.LFB1
 1090 0020 00000000 		.4byte	.LFB2
 1091 0024 38000000 		.4byte	.LFE2-.LFB2
 1092 0028 00000000 		.4byte	.LFB3
 1093 002c 34000000 		.4byte	.LFE3-.LFB3
 1094 0030 00000000 		.4byte	0
 1095 0034 00000000 		.4byte	0
 1096              		.section	.debug_ranges,"",%progbits
 1097              	.Ldebug_ranges0:
 1098 0000 00000000 		.4byte	.LFB0
 1099 0004 28000000 		.4byte	.LFE0
 1100 0008 00000000 		.4byte	.LFB1
 1101 000c 28000000 		.4byte	.LFE1
 1102 0010 00000000 		.4byte	.LFB2
 1103 0014 38000000 		.4byte	.LFE2
ARM GAS  C:\Users\Bruger\AppData\Local\Temp\ccYdUwYb.s 			page 40


 1104 0018 00000000 		.4byte	.LFB3
 1105 001c 34000000 		.4byte	.LFE3
 1106 0020 00000000 		.4byte	0
 1107 0024 00000000 		.4byte	0
 1108              		.section	.debug_line,"",%progbits
 1109              	.Ldebug_line0:
 1110 0000 E4000000 		.section	.debug_str,"MS",%progbits,1
 1110      02006600 
 1110      00000201 
 1110      FB0E0D00 
 1110      01010101 
 1111              	.LASF26:
 1112 0000 49676E69 		.ascii	"Ignition_Timer_1_ReadPeriod\000"
 1112      74696F6E 
 1112      5F54696D 
 1112      65725F31 
 1112      5F526561 
 1113              	.LASF17:
 1114 001c 50574D55 		.ascii	"PWMUdb\000"
 1114      646200
 1115              	.LASF18:
 1116 0023 50574D50 		.ascii	"PWMPeriod\000"
 1116      6572696F 
 1116      6400
 1117              	.LASF22:
 1118 002d 49676E69 		.ascii	"Ignition_Timer_1_SaveConfig\000"
 1118      74696F6E 
 1118      5F54696D 
 1118      65725F31 
 1118      5F536176 
 1119              	.LASF27:
 1120 0049 49676E69 		.ascii	"Ignition_Timer_1_ReadCounter\000"
 1120      74696F6E 
 1120      5F54696D 
 1120      65725F31 
 1120      5F526561 
 1121              	.LASF3:
 1122 0066 73686F72 		.ascii	"short unsigned int\000"
 1122      7420756E 
 1122      7369676E 
 1122      65642069 
 1122      6E7400
 1123              	.LASF35:
 1124 0079 47656E65 		.ascii	"Generated_Source\\PSoC5\\Ignition_Timer_1_PM.c\000"
 1124      72617465 
 1124      645F536F 
 1124      75726365 
 1124      5C50536F 
 1125              	.LASF37:
 1126 00a6 49676E69 		.ascii	"Ignition_Timer_1_backup\000"
 1126      74696F6E 
 1126      5F54696D 
 1126      65725F31 
 1126      5F626163 
 1127              	.LASF11:
 1128 00be 666C6F61 		.ascii	"float\000"
 1128      7400
ARM GAS  C:\Users\Bruger\AppData\Local\Temp\ccYdUwYb.s 			page 41


 1129              	.LASF33:
 1130 00c4 49676E69 		.ascii	"Ignition_Timer_1_Enable\000"
 1130      74696F6E 
 1130      5F54696D 
 1130      65725F31 
 1130      5F456E61 
 1131              	.LASF1:
 1132 00dc 756E7369 		.ascii	"unsigned char\000"
 1132      676E6564 
 1132      20636861 
 1132      7200
 1133              	.LASF21:
 1134 00ea 49676E69 		.ascii	"Ignition_Timer_1_backupStruct\000"
 1134      74696F6E 
 1134      5F54696D 
 1134      65725F31 
 1134      5F626163 
 1135              	.LASF28:
 1136 0108 49676E69 		.ascii	"Ignition_Timer_1_ReadControlRegister\000"
 1136      74696F6E 
 1136      5F54696D 
 1136      65725F31 
 1136      5F526561 
 1137              	.LASF25:
 1138 012d 49676E69 		.ascii	"Ignition_Timer_1_Wakeup\000"
 1138      74696F6E 
 1138      5F54696D 
 1138      65725F31 
 1138      5F57616B 
 1139              	.LASF5:
 1140 0145 6C6F6E67 		.ascii	"long unsigned int\000"
 1140      20756E73 
 1140      69676E65 
 1140      6420696E 
 1140      7400
 1141              	.LASF9:
 1142 0157 75696E74 		.ascii	"uint8\000"
 1142      3800
 1143              	.LASF29:
 1144 015d 49676E69 		.ascii	"Ignition_Timer_1_WritePeriod\000"
 1144      74696F6E 
 1144      5F54696D 
 1144      65725F31 
 1144      5F577269 
 1145              	.LASF20:
 1146 017a 50574D43 		.ascii	"PWMControlRegister\000"
 1146      6F6E7472 
 1146      6F6C5265 
 1146      67697374 
 1146      657200
 1147              	.LASF12:
 1148 018d 646F7562 		.ascii	"double\000"
 1148      6C6500
 1149              	.LASF10:
 1150 0194 75696E74 		.ascii	"uint16\000"
 1150      313600
 1151              	.LASF36:
ARM GAS  C:\Users\Bruger\AppData\Local\Temp\ccYdUwYb.s 			page 42


 1152 019b 433A5C55 		.ascii	"C:\\Users\\Bruger\\Desktop\\CODE\\PSOC5\\CY8CKIT-59"
 1152      73657273 
 1152      5C427275 
 1152      6765725C 
 1152      4465736B 
 1153 01c8 2D417264 		.ascii	"-Arduino\\CY8CKIT59_Ardudino-Speeduino.cydsn\000"
 1153      75696E6F 
 1153      5C435938 
 1153      434B4954 
 1153      35395F41 
 1154              	.LASF8:
 1155 01f4 756E7369 		.ascii	"unsigned int\000"
 1155      676E6564 
 1155      20696E74 
 1155      00
 1156              	.LASF7:
 1157 0201 6C6F6E67 		.ascii	"long long unsigned int\000"
 1157      206C6F6E 
 1157      6720756E 
 1157      7369676E 
 1157      65642069 
 1158              	.LASF24:
 1159 0218 49676E69 		.ascii	"Ignition_Timer_1_Sleep\000"
 1159      74696F6E 
 1159      5F54696D 
 1159      65725F31 
 1159      5F536C65 
 1160              	.LASF23:
 1161 022f 49676E69 		.ascii	"Ignition_Timer_1_RestoreConfig\000"
 1161      74696F6E 
 1161      5F54696D 
 1161      65725F31 
 1161      5F526573 
 1162              	.LASF32:
 1163 024e 49676E69 		.ascii	"Ignition_Timer_1_Stop\000"
 1163      74696F6E 
 1163      5F54696D 
 1163      65725F31 
 1163      5F53746F 
 1164              	.LASF14:
 1165 0264 72656738 		.ascii	"reg8\000"
 1165      00
 1166              	.LASF15:
 1167 0269 73697A65 		.ascii	"sizetype\000"
 1167      74797065 
 1167      00
 1168              	.LASF6:
 1169 0272 6C6F6E67 		.ascii	"long long int\000"
 1169      206C6F6E 
 1169      6720696E 
 1169      7400
 1170              	.LASF34:
 1171 0280 474E5520 		.ascii	"GNU C 4.9.3 20150303 (release) [ARM/embedded-4_9-br"
 1171      4320342E 
 1171      392E3320 
 1171      32303135 
 1171      30333033 
ARM GAS  C:\Users\Bruger\AppData\Local\Temp\ccYdUwYb.s 			page 43


 1172 02b3 616E6368 		.ascii	"anch revision 221220] -mcpu=cortex-m3 -mthumb -g -O"
 1172      20726576 
 1172      6973696F 
 1172      6E203232 
 1172      31323230 
 1173 02e6 33202D66 		.ascii	"3 -ffunction-sections -finline-functions -flto -ffa"
 1173      66756E63 
 1173      74696F6E 
 1173      2D736563 
 1173      74696F6E 
 1174 0319 742D6C74 		.ascii	"t-lto-objects\000"
 1174      6F2D6F62 
 1174      6A656374 
 1174      7300
 1175              	.LASF13:
 1176 0327 63686172 		.ascii	"char\000"
 1176      00
 1177              	.LASF31:
 1178 032c 49676E69 		.ascii	"Ignition_Timer_1_WriteControlRegister\000"
 1178      74696F6E 
 1178      5F54696D 
 1178      65725F31 
 1178      5F577269 
 1179              	.LASF2:
 1180 0352 73686F72 		.ascii	"short int\000"
 1180      7420696E 
 1180      7400
 1181              	.LASF16:
 1182 035c 50574D45 		.ascii	"PWMEnableState\000"
 1182      6E61626C 
 1182      65537461 
 1182      746500
 1183              	.LASF4:
 1184 036b 6C6F6E67 		.ascii	"long int\000"
 1184      20696E74 
 1184      00
 1185              	.LASF30:
 1186 0374 49676E69 		.ascii	"Ignition_Timer_1_WriteCounter\000"
 1186      74696F6E 
 1186      5F54696D 
 1186      65725F31 
 1186      5F577269 
 1187              	.LASF0:
 1188 0392 7369676E 		.ascii	"signed char\000"
 1188      65642063 
 1188      68617200 
 1189              	.LASF19:
 1190 039e 496E7465 		.ascii	"InterruptMaskValue\000"
 1190      72727570 
 1190      744D6173 
 1190      6B56616C 
 1190      756500
 1191              		.comm	__gnu_lto_v1,1,1
 1192              		.ident	"GCC: (GNU Tools for ARM Embedded Processors) 4.9.3 20150303 (release) [ARM/embedded-4_9-br
