ARM GAS  C:\Users\Bruger\AppData\Local\Temp\ccYNVWNA.s 			page 1


   1              		.syntax unified
   2              		.cpu cortex-m3
   3              		.fpu softvfp
   4              		.eabi_attribute 20, 1
   5              		.eabi_attribute 21, 1
   6              		.eabi_attribute 23, 3
   7              		.eabi_attribute 24, 1
   8              		.eabi_attribute 25, 1
   9              		.eabi_attribute 26, 1
  10              		.eabi_attribute 30, 2
  11              		.eabi_attribute 34, 1
  12              		.eabi_attribute 18, 4
  13              		.thumb
  14              		.file	"IgnitionTimer_1_PM.c"
  15              		.text
  16              	.Ltext0:
  17              		.section	.gnu.lto_.profile.24c111fc,"",%progbits
  18 0000 789C6366 		.ascii	"x\234cf```e\200\000F\206\026F5\000\002>\000\265"
  18      60606065 
  18      80004686 
  18      16463500 
  18      023E00B5 
  19              		.text
  20              		.section	.gnu.lto_.jmpfuncs.24c111fc,"",%progbits
  21 0000 789C6366 		.ascii	"x\234cf\300\016\344\2404\013\204bb``\204!f\2048\000"
  21      C00EE4A0 
  21      340B8462 
  21      62606084 
  21      21668438 
  22 0015 067E0032 		.ascii	"\006~\0002"
  23              		.text
  24              		.section	.gnu.lto_.inline.24c111fc,"",%progbits
  25 0000 789C6366 		.ascii	"x\234cf\300\016\332\2404\013\003\003\237\006#\003\023"
  25      C00EDAA0 
  25      340B0303 
  25      9F062303 
  25      13
  26 0011 D7043F06 		.ascii	"\327\004?\006\266\005\362L 1&nT\002\273\012\306\011"
  26      B605F24C 
  26      2031266E 
  26      5402BB0A 
  26      C609
  27 0023 7EA81433 		.ascii	"~\250\0243\003\227\024H\335>;\270:F.\030\301\302\300"
  27      03971448 
  27      DD3E3BB8 
  27      3A462E18 
  27      C1C2C0
  28 0036 210C9464 		.ascii	"!\014\224d\373\240\207E\222\001\000C0\013{"
  28      FBA08745 
  28      92010043 
  28      300B7B
  29              		.text
  30              		.section	.gnu.lto_.pureconst.24c111fc,"",%progbits
  31 0000 789C6366 		.ascii	"x\234cf``\340d\200\000\026\006)&)f)\026\011\000\002"
  31      6060E064 
  31      80001606 
  31      29262966 
ARM GAS  C:\Users\Bruger\AppData\Local\Temp\ccYNVWNA.s 			page 2


  31      29160900 
  32 0015 CF0080   		.ascii	"\317\000\200"
  33              		.text
  34              		.section	.gnu.lto_IgnitionTimer_1_SaveConfig.24c111fc,"",%progbits
  35 0000 789C9D92 		.ascii	"x\234\235\222\317KTQ\024\307\317\367>}>{\211\341r\376"
  35      CF4B5451 
  35      14C7CFF7 
  35      3E7D3E7B 
  35      89E172FE 
  36 0014 81D9A8D1 		.ascii	"\201\331\250\321B\332\024-\002%B\030\260\2450\210>d"
  36      42DA142D 
  36      02254218 
  36      B0A53088 
  36      3E64
  37 0026 16CDC060 		.ascii	"\026\315\300`\313\301\367j\004qa\332\302\002+0\210\324"
  37      CBC1F76A 
  37      047161DA 
  37      C2022B30 
  37      88D4
  38 0038 F1F7CF7E 		.ascii	"\361\367\317~AO\027BDJ\270\020$\214`\204\3329\016(S"
  38      414F1742 
  38      444AB810 
  38      248C6084 
  38      DA390E28 
  39 004d 989E73DF 		.ascii	"\230\236s\337&G\023\354\301\275\367\335{\277\367|?\347"
  39      264713EC 
  39      C1BDF7DD 
  39      7BBFF77C 
  39      3FE7
  40 005f DC6BD0C9 		.ascii	"\334k\320\311/\304m_\021\325\362\010\203\240\372V\211"
  40      2FC46D5F 
  40      11D5F208 
  40      83A0FA56 
  40      89
  41 0070 3C4B01F2 		.ascii	"<K\001\362C\240N\205N\374T9\205>?\363\304\016\277t]"
  41      43A04E85 
  41      4EFC5439 
  41      853E3FF3 
  41      C40EBF74 
  42 0085 77E7C527 		.ascii	"w\347\305'/\342\243\300\347\362*\210\203W\010\023\213"
  42      2FE2A3C0 
  42      E7F22A88 
  42      83570813 
  42      8B
  43 0096 72E9830D 		.ascii	"r\351\203\015\333L\263\350R\260\207a\230\340q\262\312"
  43      DB4CB3E8 
  43      52B08761 
  43      98E071B2 
  43      CA
  44 00a7 770F0FF3 		.ascii	"w\017\017\363\343K\003f\205A\005\005S:\213;eKG\224\345"
  44      E34B0366 
  44      85410505 
  44      533A8B3B 
  44      654B4794 
  45 00bc 26A6DB3C 		.ascii	"&\246\333<\341\321\370\212\007\376\207!C\002\354+\203"
  45      E1D1F88A 
  45      07FE8721 
ARM GAS  C:\Users\Bruger\AppData\Local\Temp\ccYNVWNA.s 			page 3


  45      4302EC2B 
  45      83
  46 00cd 633F5FEF 		.ascii	"c?_\357\235P\251\337n\267k\025\224\221W\034\026#H\361"
  46      9D50A9DF 
  46      6EB76B15 
  46      9491571C 
  46      162348F1 
  47 00e1 E912DAC4 		.ascii	"\351\022\332\304\375GC\227E[,,=\020\014^\375\226]\373"
  47      FD474397 
  47      455B2C2C 
  47      3D100C5E 
  47      FD965DFB 
  48 00f5 62FD50BC 		.ascii	"b\375P\274\242\247\303^\372)\236a\320sEeb\024)d\020"
  48      A2A7C35E 
  48      FA299E61 
  48      D0734565 
  48      62142964 
  49 010a D27B7FC6 		.ascii	"\322{\177\306\036\316\2305\031\316\302\277]Pe\030c\341"
  49      1ECE9835 
  49      19CEC2BF 
  49      5D506518 
  49      63E1
  50 011c AECE14E3 		.ascii	"\256\316\024\343\250a\032\022\270\365m\025\300\235\360"
  50      A8611A12 
  50      B8F56D15 
  50      C09DF0
  51 012b 64385663 		.ascii	"d8Vc\342/\270\357\3413\341\212i&O\247\271!4S\232F\212"
  51      E22FB8EF 
  51      E133E18A 
  51      69264FA7 
  51      B9213453 
  52 0142 8A69A131 		.ascii	"\212i\2411\331`y\257gk\2402\300\261\370\314t\327\347"
  52      D96079AF 
  52      676BA032 
  52      C0B1F8CC 
  52      74D7E7
  53 0155 EB92ABD5 		.ascii	"\353\222\253\325\363\321sK\216\245o\351\240\357s#\277"
  53      F3D1734B 
  53      8EA56FE9 
  53      A0EF7323 
  53      BF
  54 0166 6C314CF3 		.ascii	"l1L\363=\226c\006!\314\212\037\3468z@|\365\\\304\363"
  54      3D966306 
  54      21CC8A1F 
  54      E6387A40 
  54      7CF55CC4 
  55 017b FFACDF05 		.ascii	"\377\254\337\005,hb\375\034\026\205\330\322\365\353"
  55      2C6862FD 
  55      1C1685D8 
  55      D2F5EB
  56 018a 5FB91600 		.ascii	"_\271\026\000\333\305&v\236KLx\255\353w\361\177h\336"
  56      DBC52676 
  56      9E4B4C78 
  56      ADEB77F1 
  56      7F68DE
  57 019d 9C41F356 		.ascii	"\234A\363V\323\030B\363Nhl\332\202\347?\256\027\003"
  57      D31842F3 
ARM GAS  C:\Users\Bruger\AppData\Local\Temp\ccYNVWNA.s 			page 4


  57      4E686CDA 
  57      82E73FAE 
  57      1703
  58 01af B9E32CD7 		.ascii	"\271\343,\327\226\037 G\256np\342N\262\245\303i\213"
  58      961F2047 
  58      AE6E70E2 
  58      4EB2A5C3 
  58      698B
  59 01c1 3625EE25 		.ascii	"6%\356%[\235\346HS\342f]\363\255\366x\254#\226\210\337"
  59      5B9DE648 
  59      53E2665D 
  59      F3ADF678 
  59      AC239688 
  60 01d6 89DD7592 		.ascii	"\211\335u\222\321+\321Hcm+\035\001W\002\035E"
  60      D12BD148 
  60      636D2B1D 
  60      0157021D 
  60      45
  61              		.text
  62              		.section	.gnu.lto_IgnitionTimer_1_RestoreConfig.24c111fc,"",%progbits
  63 0000 789C8D92 		.ascii	"x\234\215\222\317K\024a\030\307\237\3573\3434\272\035"
  63      CF4B1461 
  63      18C79FEF 
  63      33E334BA 
  63      1D
  64 0011 A493EC3F 		.ascii	"\244\223\354? Q.x\360\022t\352 \036\002\303\216\302"
  64      20512E78 
  64      F01274EA 
  64      201E02C3 
  64      8EC2
  65 0023 1236C81E 		.ascii	"\0226\310\036\332\205E\217\2133\262Bx(\355$h\335\"M"
  65      DA85458F 
  65      8B33B242 
  65      7828ED24 
  65      68DD224D 
  66 0037 D3564DED 		.ascii	"\323VM\355\307a\361\"\036,\026\021ED)\024\352T\333\036"
  66      C761F122 
  66      1E2C1611 
  66      45442914 
  66      EA54DB1E 
  67 004b 6412B3E7 		.ascii	"d\022\263\347y\007\017\331&\016\274\3173\317\373~\347"
  67      79070FD9 
  67      260EBCCF 
  67      33CFFB7E 
  67      E7
  68 005c FB7C78E6 		.ascii	"\373|x\346\265\350\337'.\353\013\023%$\303\"\360\320"
  68      B5E8DF27 
  68      2EEB0B13 
  68      2524C322 
  68      F0D0
  69 006e 47A2C065 		.ascii	"G\242\300e@_\010\324\307\350\3037.3\206\212\223#\261"
  69      405F08D4 
  69      C7E8C337 
  69      2E33868A 
  69      9323B1
  70 0081 C6E7BEEF 		.ascii	"\306\347\276\357\377\350_l\030h\010\345\263\012G6x\201"
  70      FFE85F6C 
ARM GAS  C:\Users\Bruger\AppData\Local\Temp\ccYNVWNA.s 			page 5


  70      186808E5 
  70      B30A4736 
  70      7881
  71 0093 46124D39 		.ascii	"F\022M9\177\274\031s\362\242\251\217\3160\016\007\222"
  71      7FBC1973 
  71      F2A2A98F 
  71      CE300E07 
  71      92
  72 00a4 67AE14FD 		.ascii	"g\256\024\375\223\223\312\316\360\326\215;uL!\303\326"
  72      9393CACE 
  72      F0D68D3B 
  72      754C21C3 
  72      D6
  73 00b5 E0486057 		.ascii	"\340H`W\003\321\276,mz \205dk\033\375\013\205\335\341"
  73      03D1BE2C 
  73      6D7A2085 
  73      646B1BFD 
  73      0B85DDE1 
  74 00c9 1AB53864 		.ascii	"\032\2658d%x\266\376h\232sG\376C\337\015\331:V\177\331"
  74      2578B6FE 
  74      689A7347 
  74      FE43DF0D 
  74      D93A567F 
  75 00de DDDBFF54 		.ascii	"\335\333\377Tr\277\262\354\230r<\310\217\341)F\003_"
  75      72BFB2EC 
  75      98723CC8 
  75      8FE12946 
  75      035F
  76 00f0 55362690 		.ascii	"U6&\220\303K\304\315\331\357\251\307\263N\323\265\220"
  76      C34BC4CD 
  76      D9EFA9C7 
  76      B34ED3B5 
  76      90
  77 0101 6B30299A 		.ascii	"k0)\232\237\206\036Sh\242\035\330\332\207\316vq*,\370"
  77      9F861E53 
  77      68A21DD8 
  77      DA87CE76 
  77      712A2CF8 
  78 0115 78851C09 		.ascii	"x\205\034\011C\310\227H\261\312{%+\302\262\377\213u"
  78      43C89748 
  78      B1CA7B25 
  78      2BC2B2FF 
  78      8B75
  79 0127 9663BA3A 		.ascii	"\226c\272:\307\214\341\320\021\341\365\371\034\342\213"
  79      C78CE1D0 
  79      11E1F5F9 
  79      1CE28B
  80 0136 82E1B04F 		.ascii	"\202\341\260O9\012\007\245\346\210\303\2710\307l5\016"
  80      390A07A5 
  80      E688C3B9 
  80      30C76C35 
  80      0E
  81 0147 177386C3 		.ascii	"\027s\206\303\374\262y\341\330\306\362\223\317\011\365"
  81      FCB279E1 
  81      D8C6F293 
  81      CF09F5
  82 0156 16596160 		.ascii	"\026Ya`\355\246\016\270vp5\360\355\277f^k|>\224'~\305"
ARM GAS  C:\Users\Bruger\AppData\Local\Temp\ccYNVWNA.s 			page 6


  82      EDA60EB8 
  82      767035F0 
  82      EDBF665E 
  82      6B7C3E94 
  83 016d B4473E28 		.ascii	"\264G>(^\015\271\016o\020\307\2026\301\242\370\012\236"
  83      5E0DB90E 
  83      6F10C782 
  83      36C1A2F8 
  83      0A9E
  84 017f C12D7D47 		.ascii	"\301-}GD\353^\230v\251:\355[Ck)\355\273s\246\026\253"
  84      44EB5E98 
  84      76A93AED 
  84      5B436B29 
  84      EDBB73A6 
  85 0195 A806EFCD 		.ascii	"\250\006\357\315\324\244\276L\273\010\212\033+l\324"
  85      D4A4BE4C 
  85      BB088A1B 
  85      2B6CD4
  86 01a4 A4770E7A 		.ascii	"\244w\016z\327\244\371\365V/\355e\357\365x\367\223\035"
  86      D7A4F9F5 
  86      562FED65 
  86      EFF578F7 
  86      931D
  87 01b6 99DE6C97 		.ascii	"\231\336l\227\327\331\336\221\271\325\322\331\326\235"
  87      D7D9DE91 
  87      B9D5D2D9 
  87      D69D
  88 01c4 4EF5A432 		.ascii	"N\365\2442\351\273\251\007^6\331\234l\277\235\350\242"
  88      E9BBA907 
  88      5E36D99C 
  88      6CBF9DE8 
  88      A2
  89 01d5 3F64FD0E 		.ascii	"?d\375\016\241"
  89      A1
  90              		.text
  91              		.section	.gnu.lto_IgnitionTimer_1_Sleep.24c111fc,"",%progbits
  92 0000 789C8592 		.ascii	"x\234\205\222\317k\023A\024\307\337\367\315\356&m5\212"
  92      CF6B1341 
  92      14C7DFF7 
  92      CDEE266D 
  92      358A
  93 0012 A7D27FA0 		.ascii	"\247\322\177\240\027[\361\340Qz\360 *B\241\036\013A"
  93      175BF1E0 
  93      517AF020 
  93      2A42A11E 
  93      0B41
  94 0024 EA223998 		.ascii	"\352\"9\230H\250\307\320\331d\245\305\203\026A\010j"
  94      48A8C7D0 
  94      D964A5C5 
  94      83164108 
  94      6A
  95 0035 7B535B53 		.ascii	"{S[S\333\032\177\342i\021A\221b)\245\010E\242\207\026"
  95      DB1A7FE2 
  95      69114191 
  95      6229A508 
  95      45A28716 
  96 0049 F49618A8 		.ascii	"\364\226\030\250]K[\337l\242\226\212\2720;3o>\363\375"
ARM GAS  C:\Users\Bruger\AppData\Local\Temp\ccYNVWNA.s 			page 7


  96      5D4B5BDF 
  96      6CA2968A 
  96      BA303B33 
  96      6F3EF3FD 
  97 005d 7E776615 		.ascii	"~wf\025\375\371\034\225v\221\211\272\245\207C\340\321"
  97      FDF91C95 
  97      769189BA 
  97      A58743E0 
  97      D1
  98 006e 77445E9C 		.ascii	"wD^\234Y\255'H\267Z\305\036\322{\024\354F\331\3729\260"
  98      59AD2748 
  98      B75AC51E 
  98      D27B14EC 
  98      46D9FA39 
  99 0083 013320D0 		.ascii	"\0013 \320\020+\313\306\020\276p\2151\032\224\212m\235"
  99      102BCBC6 
  99      10BE708D 
  99      311A948A 
  99      6D9D
 100 0095 77B4D6D5 		.ascii	"w\264\326\325\374b\373\345\366P\224\353\334p\302=t\222"
 100      FC62FBE5 
 100      F65094EB 
 100      DC70C23D 
 100      7492
 101 00a7 30357FF3 		.ascii	"05\177\363}\233\343\013\263\277\261\206\0118\220~\346"
 101      7D9BE30B 
 101      B3BFB186 
 101      0938907E 
 101      E6
 102 00b8 40A0B7B7 		.ascii	"@\240\267\267\353s\327G\016q\213\242\220a\311K\210\025"
 102      EB73D747 
 102      0E718BA2 
 102      9061C94B 
 102      8815
 103 00ca 69C66D55 		.ascii	"i\306mU&\322\253e\274\\\273R\231|\016\263\363\033+\021"
 103      26D2AB65 
 103      BC5CBB52 
 103      997C0EB3 
 103      F31B2B11 
 104 00de FD34BE75 		.ascii	"\3754\276u#\366\231CV\337\337x\3322>\037W\346\027\342"
 104      23F69943 
 104      56DFDF78 
 104      DA323E1F 
 104      57E617E2 
 105 00f2 5189CCF4 		.ascii	"Q\211\314\364\305\306\353\341\304\030ny>B\2660\211\016"
 105      C5C6EBE1 
 105      C4186E79 
 105      3E42B630 
 105      890E
 106 0104 DC4787B8 		.ascii	"\334G\207\270\2270\006ZF\2762\374\312n\010Z\242IK\360"
 106      9730065A 
 106      46BE32FC 
 106      CA6E085A 
 106      A2494BF0 
 107 0118 E70AE966 		.ascii	"\347\012\351fa\247\234\204\301\224\331I&\221\242\365"
 107      61A79C84 
 107      C194D949 
ARM GAS  C:\Users\Bruger\AppData\Local\Temp\ccYNVWNA.s 			page 8


 107      2691A2F5 
 108 0128 8404CA57 		.ascii	"\204\004\312Wg\347\313{\015-\350\370\342\325i\316m\350"
 108      67E7CB7B 
 108      0D2DE8F8 
 108      E2D569CE 
 108      6DE8
 109 013a 111D0FD9 		.ascii	"\021\035\017\331\3364\337\270S\300\216\246\023\236\177"
 109      DE34DFB8 
 109      53C08EA6 
 109      139E7F
 110 0149 1B268F36 		.ascii	"\033&\2176\224\203\007\310a\332\310\312\332\326\324"
 110      948307C8 
 110      61DAC8CA 
 110      DAD6D4
 111 0158 B5B2D355 		.ascii	"\265\262\323U\222#\012N\205\034\303\214\200_\243c\304"
 111      92230A4E 
 111      851CC38C 
 111      805FA363 
 111      C4
 112 0169 2CBA0458 		.ascii	",\272\004X\270y\267\260\317h\305@x\030\205Ye\213\212"
 112      B879B7B0 
 112      CF68C540 
 112      78188559 
 112      658B8A
 113 017c 3D5194EA 		.ascii	"=Q\224\352\322\177\242\354\366.\377\303\373\321o\357"
 113      D27FA2EC 
 113      F62EFFC3 
 113      FBD16FEF 
 114 018c C791F7AF 		.ascii	"\307\221\367\257\357\210I\351I\323\333\216.\346\003"
 114      EF8849E9 
 114      49D3DB8E 
 114      2EE603
 115 019b 0A41ED2D 		.ascii	"\012A\355-\033o\332m\036\257\263\\2\236\"'\227\332B"
 115      1B6FDA6D 
 115      1EAFB35C 
 115      329E2227 
 115      97DA42
 116 01ae 065D6BFD 		.ascii	"\006]k\375\033i\316\370Y\223\254\300\013\302\223\021"
 116      1B69CEF8 
 116      5993ACC0 
 116      0BC29311 
 117 01be 49E65F80 		.ascii	"I\346_\200\261\022\340\340q7\355f\317\016\272\347\222"
 117      B112E0E0 
 117      7137ED66 
 117      CF0EBAE7 
 117      92
 118 01cf 7D994BD9 		.ascii	"}\231K\331\001\267\277\267/s\354H\377\211\363\351\324"
 118      01B7BFB7 
 118      2F73EC48 
 118      FF89F3E9 
 118      D4
 119 01e0 602A933E 		.ascii	"`*\223>\223\272\340f\223\207\223\275\247\273\007\350"
 119      93BAE066 
 119      938793BD 
 119      A7BB07E8 
 120 01f0 07F3E7F3 		.ascii	"\007\363\347\363\267"
 120      B7
ARM GAS  C:\Users\Bruger\AppData\Local\Temp\ccYNVWNA.s 			page 9


 121              		.text
 122              		.section	.gnu.lto_IgnitionTimer_1_Wakeup.24c111fc,"",%progbits
 123 0000 789C7550 		.ascii	"x\234uP=HBQ\024>\347\274\347S\322!\232\244\301\325\241"
 123      3D484251 
 123      143EE7BC 
 123      E753D221 
 123      9AA4C1D5 
 124 0015 34229A1B 		.ascii	"4\"\232\033\032\"\"\020l\024$\354\021\016)\210\265\211"
 124      1A222210 
 124      6C1424EC 
 124      110E2988 
 124      B589
 125 0027 F7A54143 		.ascii	"\367\245AC\2244\005\375\014Aei\012\015\015\266\270\013"
 125      943405FD 
 125      0C416569 
 125      0A0D0DB6 
 125      B80B
 126 0039 454445FF 		.ascii	"EDE\377\020\006\265e\"\362\020\263{\237APt\341r\356"
 126      1006B565 
 126      22F210B3 
 126      7B9F4150 
 126      74E172EE 
 127 004d FDCEF79D 		.ascii	"\375\316\367\235\357~W\202\277k\200\3579\004p\363\212"
 127      EF7E5782 
 127      BF6B80EF 
 127      390470F3 
 127      8A
 128 005e 26404A9D 		.ascii	"&@J\235\002h\026\"\251\340\000\326!_\365\001\263I(\267"
 128      02681622 
 128      A9E000D6 
 128      215FF501 
 128      B34928B7 
 129 0072 6119511C 		.ascii	"a\031Q\034\000!N\222\214q|\243\012a\252\230Y\263:w\030"
 129      00214E92 
 129      8C717CA3 
 129      0A61AA98 
 129      59B33A77 
 130 0087 63EFDB0F 		.ascii	"c\357\333\017\366\005\273N\000Uj\317\307=t\002\347T"
 130      F605BB4E 
 130      00556ACF 
 130      C73D7402 
 130      E754
 131 0099 92CD6BAB 		.ascii	"\222\315k\253\222\344\234\316v\017\323\250p_\310w\025"
 131      92E49CCE 
 131      760FD3A8 
 131      705FC877 
 131      15
 132 00aa 59AB55AD 		.ascii	"Y\253U\255\255\246\207H\221A'\016\2269A\370\274\020"
 132      ADA68748 
 132      9141270E 
 132      963941F8 
 132      BC10
 133 00bc 892ADD63 		.ascii	"\211*\335c\242xW\"!\021\263\266.\226s\024k\260Ef\321"
 133      A2785722 
 133      2111B3B6 
 133      2E967314 
 133      6BB04566 
ARM GAS  C:\Users\Bruger\AppData\Local\Temp\ccYNVWNA.s 			page 10


 134 00d1 89AA4281 		.ascii	"\211\252B\201\373\030\343Z\011nq\376\270R\1776\013n"
 134      FB18E35A 
 134      096E71FE 
 134      B8527F36 
 134      0B6E
 135 00e3 9DE4DF6C 		.ascii	"\235\344\337l\271)\2749\372T>;\267\274\022G\214kZKn"
 135      B929BC39 
 135      FA543E3B 
 135      B7BC1247 
 135      8C6B5A4B 
 136 00f8 E026AE6B 		.ascii	"\340&\256kL\260Lx\2001\314`\267\321\373\314\256\034"
 136      4CB04C78 
 136      8031CC60 
 136      B7D1FBCC 
 136      AE1C
 137 010a 29AE1E9D 		.ascii	")\256\036\235\024\314r\316\207\221\014\017\321\005\227"
 137      14CC72CE 
 137      87910C0F 
 137      D10597
 138 0119 98BC4938 		.ascii	"\230\274I8~\254\264\335\223%\263\030*^\224\023r\020"
 138      7EACB4DD 
 138      9325B318 
 138      2A5E9413 
 138      7210
 139 012b 21242838 		.ascii	"!$(8\214\014\265\222\355\277\014|(\346\2773\010\215"
 139      8C0CB592 
 139      EDBF0C7C 
 139      28E6BF33 
 139      088D
 140 013d 6C047F44 		.ascii	"l\004\177D\255\330\03034 \276\005\005\312\251\275#j"
 140      ADD81833 
 140      3420BE05 
 140      05CAA9BD 
 140      236A
 141 014f 488D4C46 		.ascii	"H\215LF\325)\2777<\033\011\250>\2177<<\350\033\235\016"
 141      D529BF37 
 141      3C1B09A8 
 141      3E8F373C 
 141      3CE81B9D 
 142 0164 05A3C170 		.ascii	"\005\243\301ph\"8\243F\374\375~\317\270;\000_\213Y\226"
 142      682238A3 
 142      46FCFD7E 
 142      CFB83B00 
 142      5F8B5996 
 143 0178 75       		.ascii	"u"
 144              		.text
 145              		.section	.gnu.lto_.symbol_nodes.24c111fc,"",%progbits
 146 0000 789C55CA 		.ascii	"x\234U\312\261\015\3020\020\205\341\347;;v\342\024l"
 146      B10DC230 
 146      1085E1E7 
 146      3B3B76E2 
 146      146C
 147 0012 C012ECF7 		.ascii	"\300\022\354\367RX\324L\200\"\304\012l\220\232\031\000"
 147      5258D44C 
 147      8022C40A 
 147      6C909A19 
 147      00
ARM GAS  C:\Users\Bruger\AppData\Local\Temp\ccYNVWNA.s 			page 11


 148 0023 A5CC0C88 		.ascii	"\245\314\014\2108i\216k~}O\247\000\016\016\373\211#"
 148      38698E6B 
 148      7E7D4FA7 
 148      000E0EFB 
 148      8923
 149 0035 70790224 		.ascii	"py\002$\256cB\000F\241\212\320\331Y\224\362gO\265v\221"
 149      AE634200 
 149      46A18AD0 
 149      D95994F2 
 149      674FB576 
 150 004a 7E378661 		.ascii	"~7\206ae\303`\031\330Xv\214\226-\223ebk\231\331Y\366"
 150      65C36019 
 150      D858768C 
 150      962D9365 
 150      626B99D9 
 151 0060 CC868A88 		.ascii	"\314\206\212\210\373\353\353\024\015\346\255\001\363"
 151      FBEBEB14 
 151      0DE6AD01 
 151      F3
 152 006d 7BAD7498 		.ascii	"{\255t\230\252\245E\331\234P\316\313Q5c\252V\340S\353"
 152      AAA545D9 
 152      9C50CECB 
 152      513563AA 
 152      56E053EB 
 153 0081 05B7FAE7 		.ascii	"\005\267\372\347{\224\307\011?\177fFt"
 153      7B94C709 
 153      3F7F6646 
 153      74
 154              		.text
 155              		.section	.gnu.lto_.refs.24c111fc,"",%progbits
 156 0000 789C258A 		.ascii	"x\234%\212\311\015\000 \014\200\240\255\307,\356?\240"
 156      C90D0020 
 156      0C80A0AD 
 156      C72CEE3F 
 156      A0
 157 0011 8DF22390 		.ascii	"\215\362#\220\300\341Shh\351\324]\321\212\211\003W\344"
 157      C0E15368 
 157      68E9D45D 
 157      D18A8903 
 157      57E4
 158 0023 0BC39E82 		.ascii	"\013\303\236\202\013\0205\000\202"
 158      0B103500 
 158      82
 159              		.text
 160              		.section	.gnu.lto_.decls.24c111fc,"",%progbits
 161 0000 789C8D56 		.ascii	"x\234\215VkL\024W\024\236\273waaY\321h\253\015m\343"
 161      6B4C1457 
 161      149EBB77 
 161      616159D1 
 161      68AB0D6D 
 162 0015 561B521B 		.ascii	"V\033R\033b\364\207\215\377jb\214\261\215\015\225Z\333"
 162      62F4878D 
 162      FF6A628C 
 162      B18D0D95 
 162      5ADB
 163 0027 686210A7 		.ascii	"hb\020\247\226hY\272,M\374\325Q@\021\253]\021\024\361"
 163      966859BA 
ARM GAS  C:\Users\Bruger\AppData\Local\Temp\ccYNVWNA.s 			page 12


 163      2C4DFCD5 
 163      514011AB 
 163      5D1114F1 
 164 003b B5169087 		.ascii	"\265\026\220\207\210+\017\345%\262\312K\004T\240\250"
 164      882B0FE5 
 164      25B2CA4B 
 164      0454A0A8 
 165 004b 58E525F2 		.ascii	"X\345%\362\252t\001\021|\261=\367\336\031v\206]Z'\371"
 165      AA740111 
 165      7CB13DF7 
 165      DE197686 
 165      5D5A27F9 
 166 005f 76F7CE7C 		.ascii	"v\367\316|\347;\3379\3671\2139\216{\2068\316\001\327"
 166      E73BDF39 
 166      F7318B39 
 166      8E7B8638 
 166      CE01D7
 167 0072 322DC77D 		.ascii	"2-\307}\247\3428\017\270\027\3109/\035 \033\220\003"
 167      A7E2380F 
 167      B817C839 
 167      2F1D201B 
 167      9003
 168 0084 B0027201 		.ascii	"\260\002r\001\305\200\012@\025\240\026\320\000\270\015"
 168      C5800A40 
 168      15A016D0 
 168      00B80D
 169 0093 68043403 		.ascii	"h\0044\003@\222\353\343\224\027\321\230!j\353\001s\001"
 169      4092EBE3 
 169      9417D198 
 169      216AEB01 
 169      7301
 170 00a5 FD806B80 		.ascii	"\375\200k\200\001@\017\300\006\260\003\006\001\227\000"
 170      01400FC0 
 170      06B00306 
 170      019700
 171 00b4 43804280 		.ascii	"C\200B\200\032\320\016\350\002t\000\332\304{\331\242"
 171      1AD00EE8 
 171      027400DA 
 171      C47BD9A2 
 172 00c4 870AD193 		.ascii	"\207\012\321\223\273\2749n\362\312\363\015\003\352\304"
 172      BBBC396E 
 172      F2CAF30D 
 172      03EAC4
 173 00d3 7C52EE11 		.ascii	"|R\356\021@\315\177\344\315\021\353m\020\353w\227\227"
 173      40CD7FE4 
 173      CD11EB6D 
 173      10EB7797 
 173      97
 174 00e4 F44A2BE6 		.ascii	"\364J+\346%9Ge\372R~\222s\014\220)jt\002\260\030\333"
 174      25394765 
 174      FA527E92 
 174      730C9029 
 174      6A7402B0 
 175 00fa 28D6E74E 		.ascii	"(\326\347N\233\314\201F\246-i\310u\345z\271\242\347"
 175      9BCC8146 
 175      A62D69C8 
 175      75E57AB9 
ARM GAS  C:\Users\Bruger\AppData\Local\Temp\ccYNVWNA.s 			page 13


 175      A2E7
 176 010c E9E66648 		.ascii	"\351\346fH\205\212r\236\325\373\364\252\220\257VO\206"
 176      858A729E 
 176      D5FBF4AA 
 176      90AF564F 
 176      86
 177 011d C5F13549 		.ascii	"\305\3615I\2360\324i\325dX\362\252\263Y=/Q\200\313\034"
 177      9E30D469 
 177      D56458F2 
 177      AAB3593D 
 177      2F5180CB 
 178 0132 25CC52A3 		.ascii	"%\314R\243\300\271(\035\371\241\014\344\007\212\231"
 178      C0B9281D 
 178      F9A10CE4 
 178      078A99
 179 0141 681E7C6E 		.ascii	"h\036|nT3\245\274\023\035\251>X\205\310\357\224\244"
 179      5433A5BC 
 179      131DA93E 
 179      5885C8EF 
 179      94A4
 180 0153 8E666D40 		.ascii	"\216fm@\026\204\305\012\345\275\330\231\356xa\365U\254"
 180      1684C50A 
 180      E5BDD899 
 180      EE7861F5 
 180      55AC
 181 0165 3F25B45B 		.ascii	"?%\264[\355u\371\367uB\215P\356p|N\245P\026\302\350"
 181      ED75F9F7 
 181      75428D50 
 181      EE707C4E 
 181      A55016C2 
 182 017a 1C0A204C 		.ascii	"\034\012 L\362\233\206\240l\244\207\260\356\274\327"
 182      F29B86A0 
 182      6CA487B0 
 182      EEBCD7
 183 0189 7767E0AF 		.ascii	"wg\340\257\251\266\371\314\251r\025\225\260\024\246"
 183      A9B6F9CC 
 183      A9721595 
 183      B014A6
 184 0198 7832011A 		.ascii	"x2\001\032\177^\026\177^\212\317\241\361\365\331\257"
 184      7F5E167F 
 184      5E8ACFA1 
 184      F1F5D9AF 
 185 01a8 B31136D0 		.ascii	"\263\0216\320\370\356\307\007F|!\336b\265$\245\311\343"
 185      F8EEC707 
 185      467C21DE 
 185      62B524A5 
 185      C9E3
 186 01ba 2FC8E22F 		.ascii	"/\310\342/H\361V\032\237\331r\270\337\013\307 *\360"
 186      48F1561A 
 186      9FD972B8 
 186      DF0BC720 
 186      2AF0
 187 01cc E4D5915C 		.ascii	"\344\325\221\\/&\320\257\020\270(\023\270(\011\344R"
 187      2F26D0AF 
 187      10B82813 
 187      B82809E4 
 187      52
ARM GAS  C:\Users\Bruger\AppData\Local\Temp\ccYNVWNA.s 			page 14


 188 01dd 8196AB7B 		.ascii	"\201\226\253{\367z\341\023L`\327\331\222\3374\320\344"
 188      F77AE113 
 188      4C60D7D9 
 188      92DF34D0 
 188      E4
 189 01ee B95ADA93 		.ascii	"\271Z\332\223\2037\223m\230\016\035\344\261\352\376"
 189      8337936D 
 189      980E1DE4 
 189      B1EAFE
 190 01fd FD841718 		.ascii	"\375\204\027\030i\375c\005a\267`\217\027\360{\034\012"
 190      69FD6305 
 190      61B7608F 
 190      17F07B1C 
 190      0A
 191 020e F0438BFC 		.ascii	"\360C\213\3748t\031\371\003\215&A\3710\017\0050\017"
 191      387419F9 
 191      038D2641 
 191      F9300F05 
 191      300F
 192 0220 A9D0657B 		.ascii	"\251\320e{mL\331\027Q\302\012t\011iQ\336\244\015\232"
 192      6D4CD917 
 192      51C20A74 
 192      096951DE 
 192      A40D9A
 193 0233 41ECFCBE 		.ascii	"A\354\374\276h+\226\317$a:\247\262P1\225E\225\315Q\032"
 193      682B96CF 
 193      24613AA7 
 193      B2503195 
 193      4595CD51 
 194 0248 5CC1DC3E 		.ascii	"\\\301\334>\035\030_E\332-\330\357\245_\370\376P\224"
 194      1D185F45 
 194      DA2DD8EF 
 194      A55FF8FE 
 194      5094
 195 025a 39556877 		.ascii	"9Uhw8\346\323\030T$+\271H*\271\230\226|\263s|DGW\326"
 195      38E6D318 
 195      54242BB9 
 195      482AB998 
 195      967CB373 
 196 0273 2C22937C 		.ascii	",\"\223|\267\373\031\246+KE\206'\207\007K\275q\274J"
 196      B7FB19A6 
 196      2B4B4586 
 196      2787074B 
 196      BD71BC4A 
 197 0287 D1103D6B 		.ascii	"\321\020=k\310\321\201\361|/:t80\351\310\253\256\234"
 197      C8D181F1 
 197      7C2F3A74 
 197      3830E9C8 
 197      ABAE9C
 198 029a 744FE4AF 		.ascii	"tO\344\257e\245\246\261RmP\300\025g\251z\261T\3325!"
 198      65A5A6B1 
 198      526D50C0 
 198      1567A97A 
 198      B154DA35 
 199 02af 4AF0C8F0 		.ascii	"J\360\310\360\345P\011\024X\012\005\242rh\234^l\\\031"
 199      E5500914 
 199      580A05A2 
ARM GAS  C:\Users\Bruger\AppData\Local\Temp\ccYNVWNA.s 			page 15


 199      72689C5E 
 199      6C5C19
 200 02c2 DCBC0A37 		.ascii	"\334\274\0127!\323\213\230\3726EWl\212\256\\St%a\270"
 200      21D38B98 
 200      FA364557 
 200      6C8AAE5C 
 200      53742561 
 201 02d7 FAAA0A1F 		.ascii	"\372\252\012\037c\226\035\255\257\254:\261-=\305?\313"
 201      63961DAD 
 201      AFAC3AB1 
 201      2D3DC53F 
 201      CB
 202 02e8 DA0241E8 		.ascii	"\332\002A\350\272\254-\327\245\266T\320\266\324\234"
 202      BAAC2DD7 
 202      A5B654D0 
 202      B6D49C
 203 02f7 AECAD3E1 		.ascii	"\256\312\323\341\002\246\222P\\[F\267\203\320\036\273"
 203      02A69250 
 203      5C5B46B7 
 203      83D01EBB 
 204 0307 B74A6791 		.ascii	"\267Jg\221\266\003\321\250\224iTJ\032UT\303\034c3\253"
 204      B603D1A8 
 204      9469544A 
 204      1A5554C3 
 204      1C6333AB 
 205 031b D57068D3 		.ascii	"\325ph\323Y\334H\267\352\250\243#M5\355V\255\241\225"
 205      59DC48B7 
 205      EAA8A323 
 205      4D35ED56 
 205      ADA195
 206 032e 5423B194 		.ascii	"T#\261\224\027=\315o0\276\315L\244%\016\275\361b&\312"
 206      173DCD6F 
 206      30BECD4C 
 206      A4250EBD 
 206      F16226CA 
 207 0342 BA652620 		.ascii	"\272e& \006\335\220\231\270!\231\250\245&JS\373\007"
 207      06DD9099 
 207      B82199A8 
 207      A5264A53 
 207      FB07
 208 0354 7DA809DB 		.ascii	"}\250\011\333\244\211\266\202\347\227\265\323\232\250"
 208      A489B682 
 208      E797B5D3 
 208      9AA8
 209 0362 A3266E4A 		.ascii	"\243&nJ&\032\037v\\\321\340Qf\242\370ei\226\232\231"
 209      261A1F76 
 209      5CD1E051 
 209      66A2F865 
 209      69969A99 
 210 0376 789956ED 		.ascii	"x\231V\3554\0011\250^f\242^2\321@M\234\255\330\327\215"
 210      340131A8 
 210      5E66A25E 
 210      32D1404D 
 210      9CADD8D7 
 211 038b 703CA61A 		.ascii	"p<\246\032U=\226JQc\"\255J\251qK\246qK\322\270\315f"
 211      553D964A 
 211      516322AD 
ARM GAS  C:\Users\Bruger\AppData\Local\Temp\ccYNVWNA.s 			page 16


 211      4AA9714B 
 211      A6714BD2 
 212 03a2 2461B04B 		.ascii	"$a\260K\205s\230F\376\350\210y&\325\260\234K\333\243"
 212      85739846 
 212      FEE88879 
 212      26D5B09C 
 212      4BDBA3
 213 03b5 97EDEE3B 		.ascii	"\227\355\356;2\205;\222B#U\310\267\366\325h\361u\246"
 213      32853B92 
 213      422355C8 
 213      B7F6D568 
 213      F175A6
 214 03c8 D07BF9D8 		.ascii	"\320{\371\330k\015sQR\315_\213\026^\223UL%\232d\022"
 214      6B0D7351 
 214      52CD5F8B 
 214      165E9355 
 214      4C259A64 
 215 03dd 4D924433 		.ascii	"M\222D3\225\310MI\273\344Mw\313\012\"\222\232x$\333"
 215      95C84D49 
 215      BBE44D77 
 215      CB0A2292 
 215      9A7824DB 
 216 03f1 83EE162F 		.ascii	"\203\356\026/2\314\214I>\351\215[Y\202\204\246\202R"
 216      32CC8C49 
 216      3EE98D5B 
 216      598284A6 
 216      8252
 217 0403 1F3CC606 		.ascii	"\037<\306\006\015\331-\016\037\274GM\007\217\207\322"
 217      0DD92D0E 
 217      1FBC474D 
 217      078F87D2 
 218 0413 FFD0E003 		.ascii	"\377\320\340\003l\020}\345\254Y\203\217\262A\333X\333"
 218      6C107DE5 
 218      AC59838F 
 218      B241DB58 
 218      DB
 219 0424 350D955F 		.ascii	"5\015\225_B\206\261\023\365V5\316b\317v\225\237ob\317"
 219      4286B113 
 219      F55635CE 
 219      62CF7695 
 219      9F6F62CF 
 220 0438 96C35053 		.ascii	"\226\303PS\233\2352\241A\013\3105\307\337\002\273\251"
 220      9B9D32A1 
 220      410BC835 
 220      C7DF02BB 
 220      A9
 221 0449 FD6077AD 		.ascii	"\375`w\255\217\220\264\204.\266\207P\302c4G:\220>!\363"
 221      8F90B484 
 221      2EB68750 
 221      C2633447 
 221      3A903E21 
 222 045e FA88CC2E 		.ascii	"\372\210\314.G\251\003Q\373uB\306\022\272$ZE\352\344"
 222      47A90351 
 222      FB7542C6 
 222      12BA245A 
 222      45EAE4
 223 0471 26A4E474 		.ascii	"&\244\344t'y\260\313\251\373\300\215\356_N\352\243\256"
ARM GAS  C:\Users\Bruger\AppData\Local\Temp\ccYNVWNA.s 			page 17


 223      2779B0CB 
 223      A9FBC08D 
 223      EE5F4EEA 
 223      A3AE
 224 0483 AA49EA3D 		.ascii	"\252I\352=7\324O'\231}Qq\223\016\356\273uPBe\017\321"
 224      37D44F27 
 224      997D5171 
 224      930EEEBB 
 224      75504265 
 225 0499 456A1156 		.ascii	"Ej\021V\0309\364'<o\241K\224\260a\206P7\234\027\235"
 225      1839F427 
 225      3C6FA14B 
 225      94B06186 
 225      50379C17 
 226 04ae 6801EA02 		.ascii	"h\001\352\002\264\003:\000mh\001\2351r\012\265?H\361"
 226      B4033A00 
 226      6D68019D 
 226      31720AB5 
 226      3F48F1
 227 04c1 1410A173 		.ascii	"\024\020\241s\322\214J'\255\352Fb\306\270\017\362\237"
 227      D28C4A27 
 227      ADEA4662 
 227      C6B80FF2 
 227      9F
 228 04d2 4379C757 		.ascii	"Cy\307Wy\241\036\020\275\353<\251H\020\275\334Y@O \363"
 228      79A11E10 
 228      BDEB3CA9 
 228      4810BDDC 
 228      59404F20 
 229 04e7 DBB8202F 		.ascii	"\333\270 /\216\276h\250\360\012\233\305\376\303\247"
 229      8EBE68A8 
 229      F00A9BC5 
 229      FEC3A7
 230 04f6 ADBE0BCF 		.ascii	"\255\276\013\317\010\202\305^w/_\265K\260\3001H\326"
 230      0882C55E 
 230      772F5FB5 
 230      4BB0C031 
 230      48D6
 231 0508 2E4DDFCB 		.ascii	".M\337\313\322\313*\355e\353\017\365\241\205\344\220"
 231      D2CB2AED 
 231      65EB0FF5 
 231      A185E490 
 232 0518 EFCC327B 		.ascii	"\357\3142{\352\342\310\331\011\033\327\273\306\227\036"
 232      EAE2C8D9 
 232      091BD7BB 
 232      C6971E
 233 0527 41CEADDB 		.ascii	"A\316\255\333\217t\224\015\337d\371\214M\234\323)\330"
 233      8F74940D 
 233      DF64F98C 
 233      4D9CD329 
 233      D8
 234 0538 2487933D 		.ascii	"$\207\223= \262\007([8\272?\325\01373\233\005\317\343"
 234      20B20728 
 234      5B38BA3F 
 234      D50B3733 
 234      9B05CFE3 
 235 054c 8A666863 		.ascii	"\212fhc\311\011\375\377\2576hfsC\\\2137{\031N\215\370"
ARM GAS  C:\Users\Bruger\AppData\Local\Temp\ccYNVWNA.s 			page 18


 235      C909FDFF 
 235      AF366866 
 235      73435C8B 
 235      377B194E 
 236 0562 67DA9761 		.ascii	"g\332\227a\345\360\227\321\360\206\030\204%\360\267"
 236      E5F097D1 
 236      F0861884 
 236      25F0B7
 237 0571 B3EF4F91 		.ascii	"\263\357O\221\354m\330\231\\\257\254`Pq\362\333\305"
 237      EC6DD899 
 237      5CAFAC60 
 237      5071F2DB 
 237      C5
 238 0582 0AECB482 		.ascii	"\012\354\264\202\3613\035Of*\330\205\212\356\014\211"
 238      F1331D4F 
 238      662AD885 
 238      8AEE0C89 
 239 0592 EC21CA6E 		.ascii	"\354!\312n-\266=\234\241`\327)\330\303\"{\230\262\315"
 239      2DB63D9C 
 239      A160D729 
 239      D8C3227B 
 239      98B2CD
 240 05a5 F1C7CBBC 		.ascii	"\361\307\313\274\025\354\032\005{Dd\217\0206\266\245"
 240      15EC1A05 
 240      7B44648F 
 240      1036B6A5 
 241 05b5 DB5AB5C8 		.ascii	"\333Z\265\310O\353\227\004\377\254\306\347\243Q\250"
 241      4FEB9704 
 241      FFACC6E7 
 241      A351A8
 242 05c4 29962C23 		.ascii	")\226,#\373n\001'\371J\275\341\350\003\016=\007\231"
 242      FB6E0127 
 242      F94ABDE1 
 242      E8030E3D 
 242      0799
 243 05d6 67209344 		.ascii	"g \223D\377\2079\034\277:\330\365\273\206\022\310\007"
 243      FF87391C 
 243      BF3AD8F5 
 243      BB8612C8 
 243      07
 244 05e7 58789454 		.ascii	"Xx\224T\036\247VX\310TX\030C:\251\207\360\223\363[\263"
 244      1EA75658 
 244      C8545818 
 244      433AA987 
 244      F093F35B 
 245 05fc 2D2CD414 		.ascii	"-,\324\024j\010\373&\364'\336\270y\351\346\240\340_"
 245      6A08FB26 
 245      F427DEB8 
 245      79E9E6A0 
 245      E05F
 246 060e F89586B0 		.ascii	"\370\225\206\260\037B\267y\256\376j\275~%\027\260\232"
 246      1F42B779 
 246      AEFE6ABD 
 246      7E2517B0 
 246      9A
 247 061f 0FE38DC1 		.ascii	"\017\343\215\301&~\353\346 C\2441\204\337\024\030dX"
 247      267EEBE6 
ARM GAS  C:\Users\Bruger\AppData\Local\Temp\ccYNVWNA.s 			page 19


 247      2043A431 
 247      84DF1418 
 247      6458
 248 0631 B96CD3D4 		.ascii	"\271l\323\324\300\300\265\213C\270\017\247\336]\307"
 248      C0C0B58B 
 248      43B80FA7 
 248      DE5DC7
 249 0640 47980C46 		.ascii	"G\230\014FQ\361]\227d;x>|\356\324\273\033\202\267\363"
 249      51F15D97 
 249      643B783E 
 249      7CEED4BB 
 249      1B82B7F3 
 250 0654 91E11E91 		.ascii	"\221\341\036\221\241a\246\345\037M\223=d\247ig8\037"
 250      A161A6E5 
 250      1F4D933D 
 250      64A76967 
 250      381F
 251 0666 B1F8476E 		.ascii	"\261\370Gn\241k\312\340\255\220\317d4\354X\307o\013"
 251      A16BCAE0 
 251      AD90CF64 
 251      34EC58C7 
 251      6F0B
 252 0678 8D30F1C6 		.ascii	"\2150\361\306EoW\003\250y\222\254K?{\337\275hd\030\210"
 252      456F5703 
 252      A87992AC 
 252      4B3F7BDF 
 252      BD686418 
 253 068d B9B48C3C 		.ascii	"\271\264\214<\013\344\215\241\206\255\037\273\224b\014"
 253      0BE48DA1 
 253      86AD1FBB 
 253      94620C
 254 069c 35F153CC 		.ascii	"5\361S\314|0\015\211\212\273$\246\017\231\372;.\355"
 254      7C300D89 
 254      8ABB24A6 
 254      0F99FA3B 
 254      2EED
 255 06ae 33195CBB 		.ascii	"3\031\\\273\267*,x\313\016\336%\311\226\340\220\355"
 255      B72A2C78 
 255      CB0EDE25 
 255      C996E090 
 255      ED
 256 06bf 91E14126 		.ascii	"\221\341A&cd\210\3117p\303ZF\0132AS<a\270~\353\026o"
 256      636488C9 
 256      3770C35A 
 256      460B3241 
 256      533C61B8 
 257 06d7 F8628966 		.ascii	"\370b\211f\257!V\214\221\341\246\265\301\021\333\277"
 257      AF21568C 
 257      91E1A6B5 
 257      C111DBBF 
 258 06e7 0DDE11C9 		.ascii	"\015\336\021\311\317\206\207S\352p\311\314R\250\215"
 258      CF868753 
 258      EA70C9CC 
 258      52A88D
 259 06f6 FCB6E5FF 		.ascii	"\374\266\345\377\002\267sM)"
 259      02B7734D 
 259      29
ARM GAS  C:\Users\Bruger\AppData\Local\Temp\ccYNVWNA.s 			page 20


 260              		.text
 261              		.section	.gnu.lto_.symtab.24c111fc,"",%progbits
 262 0000 49676E69 		.ascii	"IgnitionTimer_1_SaveConfig\000\000\000\000\000\000\000"
 262      74696F6E 
 262      54696D65 
 262      725F315F 
 262      53617665 
 263 0021 00000000 		.ascii	"\000\000\000\000\000\254\000\000\000IgnitionTimer_1"
 263      00AC0000 
 263      0049676E 
 263      6974696F 
 263      6E54696D 
 264 0039 5F526573 		.ascii	"_RestoreConfig\000\000\000\000\000\000\000\000\000\000"
 264      746F7265 
 264      436F6E66 
 264      69670000 
 264      00000000 
 265 0051 0000AE00 		.ascii	"\000\000\256\000\000\000IgnitionTimer_1_Sleep\000\000"
 265      00004967 
 265      6E697469 
 265      6F6E5469 
 265      6D65725F 
 266 006e 00000000 		.ascii	"\000\000\000\000\000\000\000\000\000\000\260\000\000"
 266      00000000 
 266      0000B000 
 266      00
 267 007b 0049676E 		.ascii	"\000IgnitionTimer_1_Wakeup\000\000\000\000\000\000\000"
 267      6974696F 
 267      6E54696D 
 267      65725F31 
 267      5F57616B 
 268 0099 00000000 		.ascii	"\000\000\000\000\000\262\000\000\000IgnitionTimer_1"
 268      00B20000 
 268      0049676E 
 268      6974696F 
 268      6E54696D 
 269 00b1 5F526561 		.ascii	"_ReadControlRegister\000\000\002\000\000\000\000\000"
 269      64436F6E 
 269      74726F6C 
 269      52656769 
 269      73746572 
 270 00cd 00000000 		.ascii	"\000\000\000\000\272\000\000\000IgnitionTimer_1_Rea"
 270      BA000000 
 270      49676E69 
 270      74696F6E 
 270      54696D65 
 271 00e8 64436F75 		.ascii	"dCounter\000\000\002\000\000\000\000\000\000\000\000"
 271      6E746572 
 271      00000200 
 271      00000000 
 271      000000
 272 00fb 00C40000 		.ascii	"\000\304\000\000\000IgnitionTimer_1_ReadPeriod\000\000"
 272      0049676E 
 272      6974696F 
 272      6E54696D 
 272      65725F31 
 273 011c 02000000 		.ascii	"\002\000\000\000\000\000\000\000\000\000\306\000\000"
ARM GAS  C:\Users\Bruger\AppData\Local\Temp\ccYNVWNA.s 			page 21


 273      00000000 
 273      0000C600 
 273      00
 274 0129 0049676E 		.ascii	"\000IgnitionTimer_1_WriteControlRegister\000\000\002"
 274      6974696F 
 274      6E54696D 
 274      65725F31 
 274      5F577269 
 275 0151 00000000 		.ascii	"\000\000\000\000\000\000\000\000\000\312\000\000\000"
 275      00000000 
 275      00CA0000 
 275      00
 276 015e 49676E69 		.ascii	"IgnitionTimer_1_WriteCounter\000\000\002\000\000\000"
 276      74696F6E 
 276      54696D65 
 276      725F315F 
 276      57726974 
 277 0180 00000000 		.ascii	"\000\000\000\000\000\000\316\000\000\000IgnitionTim"
 277      0000CE00 
 277      00004967 
 277      6E697469 
 277      6F6E5469 
 278 0195 65725F31 		.ascii	"er_1_WritePeriod\000\000\002\000\000\000\000\000\000"
 278      5F577269 
 278      74655065 
 278      72696F64 
 278      00000200 
 279 01ae 000000D0 		.ascii	"\000\000\000\320\000\000\000IgnitionTimer_1_Stop\000"
 279      00000049 
 279      676E6974 
 279      696F6E54 
 279      696D6572 
 280 01ca 00020000 		.ascii	"\000\002\000\000\000\000\000\000\000\000\000\322\000"
 280      00000000 
 280      000000D2 
 280      00
 281 01d7 00004967 		.ascii	"\000\000IgnitionTimer_1_Enable\000\000\002\000\000\000"
 281      6E697469 
 281      6F6E5469 
 281      6D65725F 
 281      315F456E 
 282 01f5 00000000 		.ascii	"\000\000\000\000\000\000\324\000\000\000"
 282      0000D400 
 282      0000
 283              		.text
 284              		.section	.gnu.lto_.opts,"",%progbits
 285 0000 272D666E 		.ascii	"'-fno-trapv' '-mcpu=cortex-m3' '-mthumb' '-g' '-O3'"
 285      6F2D7472 
 285      61707627 
 285      20272D6D 
 285      6370753D 
 286 0033 20272D66 		.ascii	" '-ffunction-sections' '-finline-functions' '-flto'"
 286      66756E63 
 286      74696F6E 
 286      2D736563 
 286      74696F6E 
 287 0066 20272D66 		.ascii	" '-ffat-lto-objects'\000"
ARM GAS  C:\Users\Bruger\AppData\Local\Temp\ccYNVWNA.s 			page 22


 287      6661742D 
 287      6C746F2D 
 287      6F626A65 
 287      63747327 
 288              		.text
 289              		.cfi_sections	.debug_frame
 290              		.section	.text.IgnitionTimer_1_SaveConfig,"ax",%progbits
 291              		.align	2
 292              		.global	IgnitionTimer_1_SaveConfig
 293              		.thumb
 294              		.thumb_func
 295              		.type	IgnitionTimer_1_SaveConfig, %function
 296              	IgnitionTimer_1_SaveConfig:
 297              	.LFB0:
 298              		.file 1 "Generated_Source\\PSoC5\\IgnitionTimer_1_PM.c"
   1:Generated_Source\PSoC5/IgnitionTimer_1_PM.c **** /*******************************************************************************
   2:Generated_Source\PSoC5/IgnitionTimer_1_PM.c **** * File Name: IgnitionTimer_1_PM.c
   3:Generated_Source\PSoC5/IgnitionTimer_1_PM.c **** * Version 3.30
   4:Generated_Source\PSoC5/IgnitionTimer_1_PM.c **** *
   5:Generated_Source\PSoC5/IgnitionTimer_1_PM.c **** * Description:
   6:Generated_Source\PSoC5/IgnitionTimer_1_PM.c **** *  This file provides the power management source code to API for the
   7:Generated_Source\PSoC5/IgnitionTimer_1_PM.c **** *  PWM.
   8:Generated_Source\PSoC5/IgnitionTimer_1_PM.c **** *
   9:Generated_Source\PSoC5/IgnitionTimer_1_PM.c **** * Note:
  10:Generated_Source\PSoC5/IgnitionTimer_1_PM.c **** *
  11:Generated_Source\PSoC5/IgnitionTimer_1_PM.c **** ********************************************************************************
  12:Generated_Source\PSoC5/IgnitionTimer_1_PM.c **** * Copyright 2008-2014, Cypress Semiconductor Corporation.  All rights reserved.
  13:Generated_Source\PSoC5/IgnitionTimer_1_PM.c **** * You may use this file only in accordance with the license, terms, conditions,
  14:Generated_Source\PSoC5/IgnitionTimer_1_PM.c **** * disclaimers, and limitations in the end user license agreement accompanying
  15:Generated_Source\PSoC5/IgnitionTimer_1_PM.c **** * the software package with which this file was provided.
  16:Generated_Source\PSoC5/IgnitionTimer_1_PM.c **** *******************************************************************************/
  17:Generated_Source\PSoC5/IgnitionTimer_1_PM.c **** 
  18:Generated_Source\PSoC5/IgnitionTimer_1_PM.c **** #include "IgnitionTimer_1.h"
  19:Generated_Source\PSoC5/IgnitionTimer_1_PM.c **** 
  20:Generated_Source\PSoC5/IgnitionTimer_1_PM.c **** static IgnitionTimer_1_backupStruct IgnitionTimer_1_backup;
  21:Generated_Source\PSoC5/IgnitionTimer_1_PM.c **** 
  22:Generated_Source\PSoC5/IgnitionTimer_1_PM.c **** 
  23:Generated_Source\PSoC5/IgnitionTimer_1_PM.c **** /*******************************************************************************
  24:Generated_Source\PSoC5/IgnitionTimer_1_PM.c **** * Function Name: IgnitionTimer_1_SaveConfig
  25:Generated_Source\PSoC5/IgnitionTimer_1_PM.c **** ********************************************************************************
  26:Generated_Source\PSoC5/IgnitionTimer_1_PM.c **** *
  27:Generated_Source\PSoC5/IgnitionTimer_1_PM.c **** * Summary:
  28:Generated_Source\PSoC5/IgnitionTimer_1_PM.c **** *  Saves the current user configuration of the component.
  29:Generated_Source\PSoC5/IgnitionTimer_1_PM.c **** *
  30:Generated_Source\PSoC5/IgnitionTimer_1_PM.c **** * Parameters:
  31:Generated_Source\PSoC5/IgnitionTimer_1_PM.c **** *  None
  32:Generated_Source\PSoC5/IgnitionTimer_1_PM.c **** *
  33:Generated_Source\PSoC5/IgnitionTimer_1_PM.c **** * Return:
  34:Generated_Source\PSoC5/IgnitionTimer_1_PM.c **** *  None
  35:Generated_Source\PSoC5/IgnitionTimer_1_PM.c **** *
  36:Generated_Source\PSoC5/IgnitionTimer_1_PM.c **** * Global variables:
  37:Generated_Source\PSoC5/IgnitionTimer_1_PM.c **** *  IgnitionTimer_1_backup:  Variables of this global structure are modified to
  38:Generated_Source\PSoC5/IgnitionTimer_1_PM.c **** *  store the values of non retention configuration registers when Sleep() API is
  39:Generated_Source\PSoC5/IgnitionTimer_1_PM.c **** *  called.
  40:Generated_Source\PSoC5/IgnitionTimer_1_PM.c **** *
  41:Generated_Source\PSoC5/IgnitionTimer_1_PM.c **** *******************************************************************************/
  42:Generated_Source\PSoC5/IgnitionTimer_1_PM.c **** void IgnitionTimer_1_SaveConfig(void) 
ARM GAS  C:\Users\Bruger\AppData\Local\Temp\ccYNVWNA.s 			page 23


  43:Generated_Source\PSoC5/IgnitionTimer_1_PM.c **** {
 299              		.loc 1 43 0
 300              		.cfi_startproc
 301              		@ args = 0, pretend = 0, frame = 0
 302              		@ frame_needed = 0, uses_anonymous_args = 0
 303 0000 10B5     		push	{r4, lr}
 304              		.cfi_def_cfa_offset 8
 305              		.cfi_offset 4, -8
 306              		.cfi_offset 14, -4
  44:Generated_Source\PSoC5/IgnitionTimer_1_PM.c **** 
  45:Generated_Source\PSoC5/IgnitionTimer_1_PM.c ****     #if(!IgnitionTimer_1_UsingFixedFunction)
  46:Generated_Source\PSoC5/IgnitionTimer_1_PM.c ****         #if(!IgnitionTimer_1_PWMModeIsCenterAligned)
  47:Generated_Source\PSoC5/IgnitionTimer_1_PM.c ****             IgnitionTimer_1_backup.PWMPeriod = IgnitionTimer_1_ReadPeriod();
 307              		.loc 1 47 0
 308 0002 FFF7FEFF 		bl	IgnitionTimer_1_ReadPeriod
 309              	.LVL0:
 310 0006 064C     		ldr	r4, .L3
 311 0008 A080     		strh	r0, [r4, #4]	@ movhi
  48:Generated_Source\PSoC5/IgnitionTimer_1_PM.c ****         #endif /* (!IgnitionTimer_1_PWMModeIsCenterAligned) */
  49:Generated_Source\PSoC5/IgnitionTimer_1_PM.c ****         IgnitionTimer_1_backup.PWMUdb = IgnitionTimer_1_ReadCounter();
 312              		.loc 1 49 0
 313 000a FFF7FEFF 		bl	IgnitionTimer_1_ReadCounter
 314              	.LVL1:
  50:Generated_Source\PSoC5/IgnitionTimer_1_PM.c ****         #if (IgnitionTimer_1_UseStatus)
  51:Generated_Source\PSoC5/IgnitionTimer_1_PM.c ****             IgnitionTimer_1_backup.InterruptMaskValue = IgnitionTimer_1_STATUS_MASK;
 315              		.loc 1 51 0
 316 000e 054B     		ldr	r3, .L3+4
  49:Generated_Source\PSoC5/IgnitionTimer_1_PM.c ****         #if (IgnitionTimer_1_UseStatus)
 317              		.loc 1 49 0
 318 0010 6080     		strh	r0, [r4, #2]	@ movhi
 319              		.loc 1 51 0
 320 0012 1B78     		ldrb	r3, [r3]	@ zero_extendqisi2
 321 0014 A371     		strb	r3, [r4, #6]
  52:Generated_Source\PSoC5/IgnitionTimer_1_PM.c ****         #endif /* (IgnitionTimer_1_UseStatus) */
  53:Generated_Source\PSoC5/IgnitionTimer_1_PM.c **** 
  54:Generated_Source\PSoC5/IgnitionTimer_1_PM.c ****         #if(IgnitionTimer_1_DeadBandMode == IgnitionTimer_1__B_PWM__DBM_256_CLOCKS || \
  55:Generated_Source\PSoC5/IgnitionTimer_1_PM.c ****             IgnitionTimer_1_DeadBandMode == IgnitionTimer_1__B_PWM__DBM_2_4_CLOCKS)
  56:Generated_Source\PSoC5/IgnitionTimer_1_PM.c ****             IgnitionTimer_1_backup.PWMdeadBandValue = IgnitionTimer_1_ReadDeadTime();
  57:Generated_Source\PSoC5/IgnitionTimer_1_PM.c ****         #endif /*  deadband count is either 2-4 clocks or 256 clocks */
  58:Generated_Source\PSoC5/IgnitionTimer_1_PM.c **** 
  59:Generated_Source\PSoC5/IgnitionTimer_1_PM.c ****         #if(IgnitionTimer_1_KillModeMinTime)
  60:Generated_Source\PSoC5/IgnitionTimer_1_PM.c ****              IgnitionTimer_1_backup.PWMKillCounterPeriod = IgnitionTimer_1_ReadKillTime();
  61:Generated_Source\PSoC5/IgnitionTimer_1_PM.c ****         #endif /* (IgnitionTimer_1_KillModeMinTime) */
  62:Generated_Source\PSoC5/IgnitionTimer_1_PM.c **** 
  63:Generated_Source\PSoC5/IgnitionTimer_1_PM.c ****         #if(IgnitionTimer_1_UseControl)
  64:Generated_Source\PSoC5/IgnitionTimer_1_PM.c ****             IgnitionTimer_1_backup.PWMControlRegister = IgnitionTimer_1_ReadControlRegister();
 322              		.loc 1 64 0
 323 0016 FFF7FEFF 		bl	IgnitionTimer_1_ReadControlRegister
 324              	.LVL2:
 325 001a E071     		strb	r0, [r4, #7]
 326 001c 10BD     		pop	{r4, pc}
 327              	.L4:
 328 001e 00BF     		.align	2
 329              	.L3:
 330 0020 00000000 		.word	.LANCHOR0
 331 0024 8A640040 		.word	1073767562
 332              		.cfi_endproc
ARM GAS  C:\Users\Bruger\AppData\Local\Temp\ccYNVWNA.s 			page 24


 333              	.LFE0:
 334              		.size	IgnitionTimer_1_SaveConfig, .-IgnitionTimer_1_SaveConfig
 335              		.section	.text.IgnitionTimer_1_RestoreConfig,"ax",%progbits
 336              		.align	2
 337              		.global	IgnitionTimer_1_RestoreConfig
 338              		.thumb
 339              		.thumb_func
 340              		.type	IgnitionTimer_1_RestoreConfig, %function
 341              	IgnitionTimer_1_RestoreConfig:
 342              	.LFB1:
  65:Generated_Source\PSoC5/IgnitionTimer_1_PM.c ****         #endif /* (IgnitionTimer_1_UseControl) */
  66:Generated_Source\PSoC5/IgnitionTimer_1_PM.c ****     #endif  /* (!IgnitionTimer_1_UsingFixedFunction) */
  67:Generated_Source\PSoC5/IgnitionTimer_1_PM.c **** }
  68:Generated_Source\PSoC5/IgnitionTimer_1_PM.c **** 
  69:Generated_Source\PSoC5/IgnitionTimer_1_PM.c **** 
  70:Generated_Source\PSoC5/IgnitionTimer_1_PM.c **** /*******************************************************************************
  71:Generated_Source\PSoC5/IgnitionTimer_1_PM.c **** * Function Name: IgnitionTimer_1_RestoreConfig
  72:Generated_Source\PSoC5/IgnitionTimer_1_PM.c **** ********************************************************************************
  73:Generated_Source\PSoC5/IgnitionTimer_1_PM.c **** *
  74:Generated_Source\PSoC5/IgnitionTimer_1_PM.c **** * Summary:
  75:Generated_Source\PSoC5/IgnitionTimer_1_PM.c **** *  Restores the current user configuration of the component.
  76:Generated_Source\PSoC5/IgnitionTimer_1_PM.c **** *
  77:Generated_Source\PSoC5/IgnitionTimer_1_PM.c **** * Parameters:
  78:Generated_Source\PSoC5/IgnitionTimer_1_PM.c **** *  None
  79:Generated_Source\PSoC5/IgnitionTimer_1_PM.c **** *
  80:Generated_Source\PSoC5/IgnitionTimer_1_PM.c **** * Return:
  81:Generated_Source\PSoC5/IgnitionTimer_1_PM.c **** *  None
  82:Generated_Source\PSoC5/IgnitionTimer_1_PM.c **** *
  83:Generated_Source\PSoC5/IgnitionTimer_1_PM.c **** * Global variables:
  84:Generated_Source\PSoC5/IgnitionTimer_1_PM.c **** *  IgnitionTimer_1_backup:  Variables of this global structure are used to
  85:Generated_Source\PSoC5/IgnitionTimer_1_PM.c **** *  restore the values of non retention registers on wakeup from sleep mode.
  86:Generated_Source\PSoC5/IgnitionTimer_1_PM.c **** *
  87:Generated_Source\PSoC5/IgnitionTimer_1_PM.c **** *******************************************************************************/
  88:Generated_Source\PSoC5/IgnitionTimer_1_PM.c **** void IgnitionTimer_1_RestoreConfig(void) 
  89:Generated_Source\PSoC5/IgnitionTimer_1_PM.c **** {
 343              		.loc 1 89 0
 344              		.cfi_startproc
 345              		@ args = 0, pretend = 0, frame = 0
 346              		@ frame_needed = 0, uses_anonymous_args = 0
 347 0000 10B5     		push	{r4, lr}
 348              		.cfi_def_cfa_offset 8
 349              		.cfi_offset 4, -8
 350              		.cfi_offset 14, -4
  90:Generated_Source\PSoC5/IgnitionTimer_1_PM.c ****         #if(!IgnitionTimer_1_UsingFixedFunction)
  91:Generated_Source\PSoC5/IgnitionTimer_1_PM.c ****             #if(!IgnitionTimer_1_PWMModeIsCenterAligned)
  92:Generated_Source\PSoC5/IgnitionTimer_1_PM.c ****                 IgnitionTimer_1_WritePeriod(IgnitionTimer_1_backup.PWMPeriod);
 351              		.loc 1 92 0
 352 0002 074C     		ldr	r4, .L7
 353 0004 A088     		ldrh	r0, [r4, #4]
 354 0006 FFF7FEFF 		bl	IgnitionTimer_1_WritePeriod
 355              	.LVL3:
  93:Generated_Source\PSoC5/IgnitionTimer_1_PM.c ****             #endif /* (!IgnitionTimer_1_PWMModeIsCenterAligned) */
  94:Generated_Source\PSoC5/IgnitionTimer_1_PM.c **** 
  95:Generated_Source\PSoC5/IgnitionTimer_1_PM.c ****             IgnitionTimer_1_WriteCounter(IgnitionTimer_1_backup.PWMUdb);
 356              		.loc 1 95 0
 357 000a 6088     		ldrh	r0, [r4, #2]
 358 000c FFF7FEFF 		bl	IgnitionTimer_1_WriteCounter
ARM GAS  C:\Users\Bruger\AppData\Local\Temp\ccYNVWNA.s 			page 25


 359              	.LVL4:
  96:Generated_Source\PSoC5/IgnitionTimer_1_PM.c **** 
  97:Generated_Source\PSoC5/IgnitionTimer_1_PM.c ****             #if (IgnitionTimer_1_UseStatus)
  98:Generated_Source\PSoC5/IgnitionTimer_1_PM.c ****                 IgnitionTimer_1_STATUS_MASK = IgnitionTimer_1_backup.InterruptMaskValue;
 360              		.loc 1 98 0
 361 0010 A279     		ldrb	r2, [r4, #6]	@ zero_extendqisi2
 362 0012 044B     		ldr	r3, .L7+4
  99:Generated_Source\PSoC5/IgnitionTimer_1_PM.c ****             #endif /* (IgnitionTimer_1_UseStatus) */
 100:Generated_Source\PSoC5/IgnitionTimer_1_PM.c **** 
 101:Generated_Source\PSoC5/IgnitionTimer_1_PM.c ****             #if(IgnitionTimer_1_DeadBandMode == IgnitionTimer_1__B_PWM__DBM_256_CLOCKS || \
 102:Generated_Source\PSoC5/IgnitionTimer_1_PM.c ****                 IgnitionTimer_1_DeadBandMode == IgnitionTimer_1__B_PWM__DBM_2_4_CLOCKS)
 103:Generated_Source\PSoC5/IgnitionTimer_1_PM.c ****                 IgnitionTimer_1_WriteDeadTime(IgnitionTimer_1_backup.PWMdeadBandValue);
 104:Generated_Source\PSoC5/IgnitionTimer_1_PM.c ****             #endif /* deadband count is either 2-4 clocks or 256 clocks */
 105:Generated_Source\PSoC5/IgnitionTimer_1_PM.c **** 
 106:Generated_Source\PSoC5/IgnitionTimer_1_PM.c ****             #if(IgnitionTimer_1_KillModeMinTime)
 107:Generated_Source\PSoC5/IgnitionTimer_1_PM.c ****                 IgnitionTimer_1_WriteKillTime(IgnitionTimer_1_backup.PWMKillCounterPeriod);
 108:Generated_Source\PSoC5/IgnitionTimer_1_PM.c ****             #endif /* (IgnitionTimer_1_KillModeMinTime) */
 109:Generated_Source\PSoC5/IgnitionTimer_1_PM.c **** 
 110:Generated_Source\PSoC5/IgnitionTimer_1_PM.c ****             #if(IgnitionTimer_1_UseControl)
 111:Generated_Source\PSoC5/IgnitionTimer_1_PM.c ****                 IgnitionTimer_1_WriteControlRegister(IgnitionTimer_1_backup.PWMControlRegister);
 363              		.loc 1 111 0
 364 0014 E079     		ldrb	r0, [r4, #7]	@ zero_extendqisi2
  98:Generated_Source\PSoC5/IgnitionTimer_1_PM.c ****             #endif /* (IgnitionTimer_1_UseStatus) */
 365              		.loc 1 98 0
 366 0016 1A70     		strb	r2, [r3]
 112:Generated_Source\PSoC5/IgnitionTimer_1_PM.c ****             #endif /* (IgnitionTimer_1_UseControl) */
 113:Generated_Source\PSoC5/IgnitionTimer_1_PM.c ****         #endif  /* (!IgnitionTimer_1_UsingFixedFunction) */
 114:Generated_Source\PSoC5/IgnitionTimer_1_PM.c ****     }
 367              		.loc 1 114 0
 368 0018 BDE81040 		pop	{r4, lr}
 369              		.cfi_restore 14
 370              		.cfi_restore 4
 371              		.cfi_def_cfa_offset 0
 111:Generated_Source\PSoC5/IgnitionTimer_1_PM.c ****             #endif /* (IgnitionTimer_1_UseControl) */
 372              		.loc 1 111 0
 373 001c FFF7FEBF 		b	IgnitionTimer_1_WriteControlRegister
 374              	.LVL5:
 375              	.L8:
 376              		.align	2
 377              	.L7:
 378 0020 00000000 		.word	.LANCHOR0
 379 0024 8A640040 		.word	1073767562
 380              		.cfi_endproc
 381              	.LFE1:
 382              		.size	IgnitionTimer_1_RestoreConfig, .-IgnitionTimer_1_RestoreConfig
 383              		.section	.text.IgnitionTimer_1_Sleep,"ax",%progbits
 384              		.align	2
 385              		.global	IgnitionTimer_1_Sleep
 386              		.thumb
 387              		.thumb_func
 388              		.type	IgnitionTimer_1_Sleep, %function
 389              	IgnitionTimer_1_Sleep:
 390              	.LFB2:
 115:Generated_Source\PSoC5/IgnitionTimer_1_PM.c **** 
 116:Generated_Source\PSoC5/IgnitionTimer_1_PM.c **** 
 117:Generated_Source\PSoC5/IgnitionTimer_1_PM.c **** /*******************************************************************************
 118:Generated_Source\PSoC5/IgnitionTimer_1_PM.c **** * Function Name: IgnitionTimer_1_Sleep
ARM GAS  C:\Users\Bruger\AppData\Local\Temp\ccYNVWNA.s 			page 26


 119:Generated_Source\PSoC5/IgnitionTimer_1_PM.c **** ********************************************************************************
 120:Generated_Source\PSoC5/IgnitionTimer_1_PM.c **** *
 121:Generated_Source\PSoC5/IgnitionTimer_1_PM.c **** * Summary:
 122:Generated_Source\PSoC5/IgnitionTimer_1_PM.c **** *  Disables block's operation and saves the user configuration. Should be called
 123:Generated_Source\PSoC5/IgnitionTimer_1_PM.c **** *  just prior to entering sleep.
 124:Generated_Source\PSoC5/IgnitionTimer_1_PM.c **** *
 125:Generated_Source\PSoC5/IgnitionTimer_1_PM.c **** * Parameters:
 126:Generated_Source\PSoC5/IgnitionTimer_1_PM.c **** *  None
 127:Generated_Source\PSoC5/IgnitionTimer_1_PM.c **** *
 128:Generated_Source\PSoC5/IgnitionTimer_1_PM.c **** * Return:
 129:Generated_Source\PSoC5/IgnitionTimer_1_PM.c **** *  None
 130:Generated_Source\PSoC5/IgnitionTimer_1_PM.c **** *
 131:Generated_Source\PSoC5/IgnitionTimer_1_PM.c **** * Global variables:
 132:Generated_Source\PSoC5/IgnitionTimer_1_PM.c **** *  IgnitionTimer_1_backup.PWMEnableState:  Is modified depending on the enable
 133:Generated_Source\PSoC5/IgnitionTimer_1_PM.c **** *  state of the block before entering sleep mode.
 134:Generated_Source\PSoC5/IgnitionTimer_1_PM.c **** *
 135:Generated_Source\PSoC5/IgnitionTimer_1_PM.c **** *******************************************************************************/
 136:Generated_Source\PSoC5/IgnitionTimer_1_PM.c **** void IgnitionTimer_1_Sleep(void) 
 137:Generated_Source\PSoC5/IgnitionTimer_1_PM.c **** {
 391              		.loc 1 137 0
 392              		.cfi_startproc
 393              		@ args = 0, pretend = 0, frame = 0
 394              		@ frame_needed = 0, uses_anonymous_args = 0
 395 0000 10B5     		push	{r4, lr}
 396              		.cfi_def_cfa_offset 8
 397              		.cfi_offset 4, -8
 398              		.cfi_offset 14, -4
 138:Generated_Source\PSoC5/IgnitionTimer_1_PM.c ****     #if(IgnitionTimer_1_UseControl)
 139:Generated_Source\PSoC5/IgnitionTimer_1_PM.c ****         if(IgnitionTimer_1_CTRL_ENABLE == (IgnitionTimer_1_CONTROL & IgnitionTimer_1_CTRL_ENABLE))
 399              		.loc 1 139 0
 400 0002 0A4B     		ldr	r3, .L11
 401 0004 0A4C     		ldr	r4, .L11+4
 402 0006 1B78     		ldrb	r3, [r3]	@ zero_extendqisi2
 403 0008 DB09     		lsrs	r3, r3, #7
 404 000a 2370     		strb	r3, [r4]
 140:Generated_Source\PSoC5/IgnitionTimer_1_PM.c ****         {
 141:Generated_Source\PSoC5/IgnitionTimer_1_PM.c ****             /*Component is enabled */
 142:Generated_Source\PSoC5/IgnitionTimer_1_PM.c ****             IgnitionTimer_1_backup.PWMEnableState = 1u;
 143:Generated_Source\PSoC5/IgnitionTimer_1_PM.c ****         }
 144:Generated_Source\PSoC5/IgnitionTimer_1_PM.c ****         else
 145:Generated_Source\PSoC5/IgnitionTimer_1_PM.c ****         {
 146:Generated_Source\PSoC5/IgnitionTimer_1_PM.c ****             /* Component is disabled */
 147:Generated_Source\PSoC5/IgnitionTimer_1_PM.c ****             IgnitionTimer_1_backup.PWMEnableState = 0u;
 148:Generated_Source\PSoC5/IgnitionTimer_1_PM.c ****         }
 149:Generated_Source\PSoC5/IgnitionTimer_1_PM.c ****     #endif /* (IgnitionTimer_1_UseControl) */
 150:Generated_Source\PSoC5/IgnitionTimer_1_PM.c **** 
 151:Generated_Source\PSoC5/IgnitionTimer_1_PM.c ****     /* Stop component */
 152:Generated_Source\PSoC5/IgnitionTimer_1_PM.c ****     IgnitionTimer_1_Stop();
 405              		.loc 1 152 0
 406 000c FFF7FEFF 		bl	IgnitionTimer_1_Stop
 407              	.LVL6:
 408              	.LBB4:
 409              	.LBB5:
  47:Generated_Source\PSoC5/IgnitionTimer_1_PM.c ****         #endif /* (!IgnitionTimer_1_PWMModeIsCenterAligned) */
 410              		.loc 1 47 0
 411 0010 FFF7FEFF 		bl	IgnitionTimer_1_ReadPeriod
 412              	.LVL7:
ARM GAS  C:\Users\Bruger\AppData\Local\Temp\ccYNVWNA.s 			page 27


 413 0014 A080     		strh	r0, [r4, #4]	@ movhi
  49:Generated_Source\PSoC5/IgnitionTimer_1_PM.c ****         #if (IgnitionTimer_1_UseStatus)
 414              		.loc 1 49 0
 415 0016 FFF7FEFF 		bl	IgnitionTimer_1_ReadCounter
 416              	.LVL8:
  51:Generated_Source\PSoC5/IgnitionTimer_1_PM.c ****         #endif /* (IgnitionTimer_1_UseStatus) */
 417              		.loc 1 51 0
 418 001a 064B     		ldr	r3, .L11+8
  49:Generated_Source\PSoC5/IgnitionTimer_1_PM.c ****         #if (IgnitionTimer_1_UseStatus)
 419              		.loc 1 49 0
 420 001c 6080     		strh	r0, [r4, #2]	@ movhi
  51:Generated_Source\PSoC5/IgnitionTimer_1_PM.c ****         #endif /* (IgnitionTimer_1_UseStatus) */
 421              		.loc 1 51 0
 422 001e 1B78     		ldrb	r3, [r3]	@ zero_extendqisi2
 423 0020 A371     		strb	r3, [r4, #6]
  64:Generated_Source\PSoC5/IgnitionTimer_1_PM.c ****         #endif /* (IgnitionTimer_1_UseControl) */
 424              		.loc 1 64 0
 425 0022 FFF7FEFF 		bl	IgnitionTimer_1_ReadControlRegister
 426              	.LVL9:
 427 0026 E071     		strb	r0, [r4, #7]
 428 0028 10BD     		pop	{r4, pc}
 429              	.L12:
 430 002a 00BF     		.align	2
 431              	.L11:
 432 002c 7A640040 		.word	1073767546
 433 0030 00000000 		.word	.LANCHOR0
 434 0034 8A640040 		.word	1073767562
 435              	.LBE5:
 436              	.LBE4:
 437              		.cfi_endproc
 438              	.LFE2:
 439              		.size	IgnitionTimer_1_Sleep, .-IgnitionTimer_1_Sleep
 440              		.section	.text.IgnitionTimer_1_Wakeup,"ax",%progbits
 441              		.align	2
 442              		.global	IgnitionTimer_1_Wakeup
 443              		.thumb
 444              		.thumb_func
 445              		.type	IgnitionTimer_1_Wakeup, %function
 446              	IgnitionTimer_1_Wakeup:
 447              	.LFB3:
 153:Generated_Source\PSoC5/IgnitionTimer_1_PM.c **** 
 154:Generated_Source\PSoC5/IgnitionTimer_1_PM.c ****     /* Save registers configuration */
 155:Generated_Source\PSoC5/IgnitionTimer_1_PM.c ****     IgnitionTimer_1_SaveConfig();
 156:Generated_Source\PSoC5/IgnitionTimer_1_PM.c **** }
 157:Generated_Source\PSoC5/IgnitionTimer_1_PM.c **** 
 158:Generated_Source\PSoC5/IgnitionTimer_1_PM.c **** 
 159:Generated_Source\PSoC5/IgnitionTimer_1_PM.c **** /*******************************************************************************
 160:Generated_Source\PSoC5/IgnitionTimer_1_PM.c **** * Function Name: IgnitionTimer_1_Wakeup
 161:Generated_Source\PSoC5/IgnitionTimer_1_PM.c **** ********************************************************************************
 162:Generated_Source\PSoC5/IgnitionTimer_1_PM.c **** *
 163:Generated_Source\PSoC5/IgnitionTimer_1_PM.c **** * Summary:
 164:Generated_Source\PSoC5/IgnitionTimer_1_PM.c **** *  Restores and enables the user configuration. Should be called just after
 165:Generated_Source\PSoC5/IgnitionTimer_1_PM.c **** *  awaking from sleep.
 166:Generated_Source\PSoC5/IgnitionTimer_1_PM.c **** *
 167:Generated_Source\PSoC5/IgnitionTimer_1_PM.c **** * Parameters:
 168:Generated_Source\PSoC5/IgnitionTimer_1_PM.c **** *  None
 169:Generated_Source\PSoC5/IgnitionTimer_1_PM.c **** *
ARM GAS  C:\Users\Bruger\AppData\Local\Temp\ccYNVWNA.s 			page 28


 170:Generated_Source\PSoC5/IgnitionTimer_1_PM.c **** * Return:
 171:Generated_Source\PSoC5/IgnitionTimer_1_PM.c **** *  None
 172:Generated_Source\PSoC5/IgnitionTimer_1_PM.c **** *
 173:Generated_Source\PSoC5/IgnitionTimer_1_PM.c **** * Global variables:
 174:Generated_Source\PSoC5/IgnitionTimer_1_PM.c **** *  IgnitionTimer_1_backup.pwmEnable:  Is used to restore the enable state of
 175:Generated_Source\PSoC5/IgnitionTimer_1_PM.c **** *  block on wakeup from sleep mode.
 176:Generated_Source\PSoC5/IgnitionTimer_1_PM.c **** *
 177:Generated_Source\PSoC5/IgnitionTimer_1_PM.c **** *******************************************************************************/
 178:Generated_Source\PSoC5/IgnitionTimer_1_PM.c **** void IgnitionTimer_1_Wakeup(void) 
 179:Generated_Source\PSoC5/IgnitionTimer_1_PM.c **** {
 448              		.loc 1 179 0
 449              		.cfi_startproc
 450              		@ args = 0, pretend = 0, frame = 0
 451              		@ frame_needed = 0, uses_anonymous_args = 0
 452 0000 10B5     		push	{r4, lr}
 453              		.cfi_def_cfa_offset 8
 454              		.cfi_offset 4, -8
 455              		.cfi_offset 14, -4
 456              	.LBB8:
 457              	.LBB9:
  92:Generated_Source\PSoC5/IgnitionTimer_1_PM.c ****             #endif /* (!IgnitionTimer_1_PWMModeIsCenterAligned) */
 458              		.loc 1 92 0
 459 0002 0A4C     		ldr	r4, .L18
 460 0004 A088     		ldrh	r0, [r4, #4]
 461 0006 FFF7FEFF 		bl	IgnitionTimer_1_WritePeriod
 462              	.LVL10:
  95:Generated_Source\PSoC5/IgnitionTimer_1_PM.c **** 
 463              		.loc 1 95 0
 464 000a 6088     		ldrh	r0, [r4, #2]
 465 000c FFF7FEFF 		bl	IgnitionTimer_1_WriteCounter
 466              	.LVL11:
  98:Generated_Source\PSoC5/IgnitionTimer_1_PM.c ****             #endif /* (IgnitionTimer_1_UseStatus) */
 467              		.loc 1 98 0
 468 0010 074B     		ldr	r3, .L18+4
 469 0012 A279     		ldrb	r2, [r4, #6]	@ zero_extendqisi2
 111:Generated_Source\PSoC5/IgnitionTimer_1_PM.c ****             #endif /* (IgnitionTimer_1_UseControl) */
 470              		.loc 1 111 0
 471 0014 E079     		ldrb	r0, [r4, #7]	@ zero_extendqisi2
  98:Generated_Source\PSoC5/IgnitionTimer_1_PM.c ****             #endif /* (IgnitionTimer_1_UseStatus) */
 472              		.loc 1 98 0
 473 0016 1A70     		strb	r2, [r3]
 111:Generated_Source\PSoC5/IgnitionTimer_1_PM.c ****             #endif /* (IgnitionTimer_1_UseControl) */
 474              		.loc 1 111 0
 475 0018 FFF7FEFF 		bl	IgnitionTimer_1_WriteControlRegister
 476              	.LVL12:
 477              	.LBE9:
 478              	.LBE8:
 180:Generated_Source\PSoC5/IgnitionTimer_1_PM.c ****      /* Restore registers values */
 181:Generated_Source\PSoC5/IgnitionTimer_1_PM.c ****     IgnitionTimer_1_RestoreConfig();
 182:Generated_Source\PSoC5/IgnitionTimer_1_PM.c **** 
 183:Generated_Source\PSoC5/IgnitionTimer_1_PM.c ****     if(IgnitionTimer_1_backup.PWMEnableState != 0u)
 479              		.loc 1 183 0
 480 001c 2378     		ldrb	r3, [r4]	@ zero_extendqisi2
 481 001e 03B9     		cbnz	r3, .L17
 482 0020 10BD     		pop	{r4, pc}
 483              	.L17:
 184:Generated_Source\PSoC5/IgnitionTimer_1_PM.c ****     {
ARM GAS  C:\Users\Bruger\AppData\Local\Temp\ccYNVWNA.s 			page 29


 185:Generated_Source\PSoC5/IgnitionTimer_1_PM.c ****         /* Enable component's operation */
 186:Generated_Source\PSoC5/IgnitionTimer_1_PM.c ****         IgnitionTimer_1_Enable();
 187:Generated_Source\PSoC5/IgnitionTimer_1_PM.c ****     } /* Do nothing if component's block was disabled before */
 188:Generated_Source\PSoC5/IgnitionTimer_1_PM.c **** 
 189:Generated_Source\PSoC5/IgnitionTimer_1_PM.c **** }
 484              		.loc 1 189 0
 485 0022 BDE81040 		pop	{r4, lr}
 486              		.cfi_restore 14
 487              		.cfi_restore 4
 488              		.cfi_def_cfa_offset 0
 186:Generated_Source\PSoC5/IgnitionTimer_1_PM.c ****     } /* Do nothing if component's block was disabled before */
 489              		.loc 1 186 0
 490 0026 FFF7FEBF 		b	IgnitionTimer_1_Enable
 491              	.LVL13:
 492              	.L19:
 493 002a 00BF     		.align	2
 494              	.L18:
 495 002c 00000000 		.word	.LANCHOR0
 496 0030 8A640040 		.word	1073767562
 497              		.cfi_endproc
 498              	.LFE3:
 499              		.size	IgnitionTimer_1_Wakeup, .-IgnitionTimer_1_Wakeup
 500              		.bss
 501              		.align	2
 502              		.set	.LANCHOR0,. + 0
 503              		.type	IgnitionTimer_1_backup, %object
 504              		.size	IgnitionTimer_1_backup, 8
 505              	IgnitionTimer_1_backup:
 506 0000 00000000 		.space	8
 506      00000000 
 507              		.text
 508              	.Letext0:
 509              		.file 2 "Generated_Source\\PSoC5\\cytypes.h"
 510              		.file 3 "Generated_Source\\PSoC5\\IgnitionTimer_1.h"
 511              		.section	.debug_info,"",%progbits
 512              	.Ldebug_info0:
 513 0000 7A020000 		.4byte	0x27a
 514 0004 0400     		.2byte	0x4
 515 0006 00000000 		.4byte	.Ldebug_abbrev0
 516 000a 04       		.byte	0x4
 517 000b 01       		.uleb128 0x1
 518 000c F0010000 		.4byte	.LASF34
 519 0010 01       		.byte	0x1
 520 0011 A6020000 		.4byte	.LASF35
 521 0015 0D030000 		.4byte	.LASF36
 522 0019 00000000 		.4byte	.Ldebug_ranges0+0
 523 001d 00000000 		.4byte	0
 524 0021 00000000 		.4byte	.Ldebug_line0
 525 0025 02       		.uleb128 0x2
 526 0026 01       		.byte	0x1
 527 0027 06       		.byte	0x6
 528 0028 72030000 		.4byte	.LASF0
 529 002c 02       		.uleb128 0x2
 530 002d 01       		.byte	0x1
 531 002e 08       		.byte	0x8
 532 002f B7000000 		.4byte	.LASF1
 533 0033 02       		.uleb128 0x2
ARM GAS  C:\Users\Bruger\AppData\Local\Temp\ccYNVWNA.s 			page 30


 534 0034 02       		.byte	0x2
 535 0035 05       		.byte	0x5
 536 0036 9C020000 		.4byte	.LASF2
 537 003a 02       		.uleb128 0x2
 538 003b 02       		.byte	0x2
 539 003c 07       		.byte	0x7
 540 003d 73000000 		.4byte	.LASF3
 541 0041 02       		.uleb128 0x2
 542 0042 04       		.byte	0x4
 543 0043 05       		.byte	0x5
 544 0044 04030000 		.4byte	.LASF4
 545 0048 02       		.uleb128 0x2
 546 0049 04       		.byte	0x4
 547 004a 07       		.byte	0x7
 548 004b F8000000 		.4byte	.LASF5
 549 004f 02       		.uleb128 0x2
 550 0050 08       		.byte	0x8
 551 0051 05       		.byte	0x5
 552 0052 E2010000 		.4byte	.LASF6
 553 0056 02       		.uleb128 0x2
 554 0057 08       		.byte	0x8
 555 0058 07       		.byte	0x7
 556 0059 89010000 		.4byte	.LASF7
 557 005d 03       		.uleb128 0x3
 558 005e 04       		.byte	0x4
 559 005f 05       		.byte	0x5
 560 0060 696E7400 		.ascii	"int\000"
 561 0064 02       		.uleb128 0x2
 562 0065 04       		.byte	0x4
 563 0066 07       		.byte	0x7
 564 0067 7C010000 		.4byte	.LASF8
 565 006b 04       		.uleb128 0x4
 566 006c 0A010000 		.4byte	.LASF9
 567 0070 02       		.byte	0x2
 568 0071 3801     		.2byte	0x138
 569 0073 2C000000 		.4byte	0x2c
 570 0077 04       		.uleb128 0x4
 571 0078 57010000 		.4byte	.LASF10
 572 007c 02       		.byte	0x2
 573 007d 3901     		.2byte	0x139
 574 007f 3A000000 		.4byte	0x3a
 575 0083 02       		.uleb128 0x2
 576 0084 04       		.byte	0x4
 577 0085 04       		.byte	0x4
 578 0086 48000000 		.4byte	.LASF11
 579 008a 02       		.uleb128 0x2
 580 008b 08       		.byte	0x8
 581 008c 04       		.byte	0x4
 582 008d 50010000 		.4byte	.LASF12
 583 0091 02       		.uleb128 0x2
 584 0092 01       		.byte	0x1
 585 0093 08       		.byte	0x8
 586 0094 97020000 		.4byte	.LASF13
 587 0098 04       		.uleb128 0x4
 588 0099 D4010000 		.4byte	.LASF14
 589 009d 02       		.byte	0x2
 590 009e E201     		.2byte	0x1e2
ARM GAS  C:\Users\Bruger\AppData\Local\Temp\ccYNVWNA.s 			page 31


 591 00a0 A4000000 		.4byte	0xa4
 592 00a4 05       		.uleb128 0x5
 593 00a5 6B000000 		.4byte	0x6b
 594 00a9 02       		.uleb128 0x2
 595 00aa 04       		.byte	0x4
 596 00ab 07       		.byte	0x7
 597 00ac D9010000 		.4byte	.LASF15
 598 00b0 06       		.uleb128 0x6
 599 00b1 08       		.byte	0x8
 600 00b2 03       		.byte	0x3
 601 00b3 6B       		.byte	0x6b
 602 00b4 F5000000 		.4byte	0xf5
 603 00b8 07       		.uleb128 0x7
 604 00b9 E9000000 		.4byte	.LASF16
 605 00bd 03       		.byte	0x3
 606 00be 6E       		.byte	0x6e
 607 00bf 6B000000 		.4byte	0x6b
 608 00c3 00       		.byte	0
 609 00c4 07       		.uleb128 0x7
 610 00c5 00000000 		.4byte	.LASF17
 611 00c9 03       		.byte	0x3
 612 00ca 71       		.byte	0x71
 613 00cb 77000000 		.4byte	0x77
 614 00cf 02       		.byte	0x2
 615 00d0 07       		.uleb128 0x7
 616 00d1 22000000 		.4byte	.LASF18
 617 00d5 03       		.byte	0x3
 618 00d6 73       		.byte	0x73
 619 00d7 77000000 		.4byte	0x77
 620 00db 04       		.byte	0x4
 621 00dc 07       		.uleb128 0x7
 622 00dd 9B030000 		.4byte	.LASF19
 623 00e1 03       		.byte	0x3
 624 00e2 76       		.byte	0x76
 625 00e3 6B000000 		.4byte	0x6b
 626 00e7 06       		.byte	0x6
 627 00e8 07       		.uleb128 0x7
 628 00e9 3D010000 		.4byte	.LASF20
 629 00ed 03       		.byte	0x3
 630 00ee 86       		.byte	0x86
 631 00ef 6B000000 		.4byte	0x6b
 632 00f3 07       		.byte	0x7
 633 00f4 00       		.byte	0
 634 00f5 08       		.uleb128 0x8
 635 00f6 A0010000 		.4byte	.LASF21
 636 00fa 03       		.byte	0x3
 637 00fb 8B       		.byte	0x8b
 638 00fc B0000000 		.4byte	0xb0
 639 0100 09       		.uleb128 0x9
 640 0101 E9020000 		.4byte	.LASF22
 641 0105 01       		.byte	0x1
 642 0106 2A       		.byte	0x2a
 643 0107 01       		.byte	0x1
 644 0108 0A       		.uleb128 0xa
 645 0109 00010000 		.4byte	0x100
 646 010d 00000000 		.4byte	.LFB0
 647 0111 28000000 		.4byte	.LFE0-.LFB0
ARM GAS  C:\Users\Bruger\AppData\Local\Temp\ccYNVWNA.s 			page 32


 648 0115 01       		.uleb128 0x1
 649 0116 9C       		.byte	0x9c
 650 0117 37010000 		.4byte	0x137
 651 011b 0B       		.uleb128 0xb
 652 011c 06000000 		.4byte	.LVL0
 653 0120 1B020000 		.4byte	0x21b
 654 0124 0B       		.uleb128 0xb
 655 0125 0E000000 		.4byte	.LVL1
 656 0129 26020000 		.4byte	0x226
 657 012d 0B       		.uleb128 0xb
 658 012e 1A000000 		.4byte	.LVL2
 659 0132 31020000 		.4byte	0x231
 660 0136 00       		.byte	0
 661 0137 09       		.uleb128 0x9
 662 0138 5E010000 		.4byte	.LASF23
 663 013c 01       		.byte	0x1
 664 013d 58       		.byte	0x58
 665 013e 01       		.byte	0x1
 666 013f 0A       		.uleb128 0xa
 667 0140 37010000 		.4byte	0x137
 668 0144 00000000 		.4byte	.LFB1
 669 0148 28000000 		.4byte	.LFE1-.LFB1
 670 014c 01       		.uleb128 0x1
 671 014d 9C       		.byte	0x9c
 672 014e 6E010000 		.4byte	0x16e
 673 0152 0B       		.uleb128 0xb
 674 0153 0A000000 		.4byte	.LVL3
 675 0157 3C020000 		.4byte	0x23c
 676 015b 0B       		.uleb128 0xb
 677 015c 10000000 		.4byte	.LVL4
 678 0160 4D020000 		.4byte	0x24d
 679 0164 0C       		.uleb128 0xc
 680 0165 20000000 		.4byte	.LVL5
 681 0169 5E020000 		.4byte	0x25e
 682 016d 00       		.byte	0
 683 016e 0D       		.uleb128 0xd
 684 016f 10010000 		.4byte	.LASF24
 685 0173 01       		.byte	0x1
 686 0174 88       		.byte	0x88
 687 0175 00000000 		.4byte	.LFB2
 688 0179 38000000 		.4byte	.LFE2-.LFB2
 689 017d 01       		.uleb128 0x1
 690 017e 9C       		.byte	0x9c
 691 017f BC010000 		.4byte	0x1bc
 692 0183 0E       		.uleb128 0xe
 693 0184 00010000 		.4byte	0x100
 694 0188 10000000 		.4byte	.LBB4
 695 018c 28000000 		.4byte	.LBE4-.LBB4
 696 0190 01       		.byte	0x1
 697 0191 9B       		.byte	0x9b
 698 0192 B2010000 		.4byte	0x1b2
 699 0196 0B       		.uleb128 0xb
 700 0197 14000000 		.4byte	.LVL7
 701 019b 1B020000 		.4byte	0x21b
 702 019f 0B       		.uleb128 0xb
 703 01a0 1A000000 		.4byte	.LVL8
 704 01a4 26020000 		.4byte	0x226
ARM GAS  C:\Users\Bruger\AppData\Local\Temp\ccYNVWNA.s 			page 33


 705 01a8 0B       		.uleb128 0xb
 706 01a9 26000000 		.4byte	.LVL9
 707 01ad 31020000 		.4byte	0x231
 708 01b1 00       		.byte	0
 709 01b2 0B       		.uleb128 0xb
 710 01b3 10000000 		.4byte	.LVL6
 711 01b7 6F020000 		.4byte	0x26f
 712 01bb 00       		.byte	0
 713 01bc 0D       		.uleb128 0xd
 714 01bd D2020000 		.4byte	.LASF25
 715 01c1 01       		.byte	0x1
 716 01c2 B2       		.byte	0xb2
 717 01c3 00000000 		.4byte	.LFB3
 718 01c7 34000000 		.4byte	.LFE3-.LFB3
 719 01cb 01       		.uleb128 0x1
 720 01cc 9C       		.byte	0x9c
 721 01cd 0A020000 		.4byte	0x20a
 722 01d1 0E       		.uleb128 0xe
 723 01d2 37010000 		.4byte	0x137
 724 01d6 02000000 		.4byte	.LBB8
 725 01da 1A000000 		.4byte	.LBE8-.LBB8
 726 01de 01       		.byte	0x1
 727 01df B5       		.byte	0xb5
 728 01e0 00020000 		.4byte	0x200
 729 01e4 0B       		.uleb128 0xb
 730 01e5 0A000000 		.4byte	.LVL10
 731 01e9 3C020000 		.4byte	0x23c
 732 01ed 0B       		.uleb128 0xb
 733 01ee 10000000 		.4byte	.LVL11
 734 01f2 4D020000 		.4byte	0x24d
 735 01f6 0B       		.uleb128 0xb
 736 01f7 1C000000 		.4byte	.LVL12
 737 01fb 5E020000 		.4byte	0x25e
 738 01ff 00       		.byte	0
 739 0200 0C       		.uleb128 0xc
 740 0201 2A000000 		.4byte	.LVL13
 741 0205 76020000 		.4byte	0x276
 742 0209 00       		.byte	0
 743 020a 0F       		.uleb128 0xf
 744 020b BD010000 		.4byte	.LASF37
 745 020f 01       		.byte	0x1
 746 0210 14       		.byte	0x14
 747 0211 F5000000 		.4byte	0xf5
 748 0215 05       		.uleb128 0x5
 749 0216 03       		.byte	0x3
 750 0217 00000000 		.4byte	IgnitionTimer_1_backup
 751 021b 10       		.uleb128 0x10
 752 021c 07000000 		.4byte	.LASF26
 753 0220 03       		.byte	0x3
 754 0221 C0       		.byte	0xc0
 755 0222 77000000 		.4byte	0x77
 756 0226 10       		.uleb128 0x10
 757 0227 2C000000 		.4byte	.LASF27
 758 022b 03       		.byte	0x3
 759 022c B3       		.byte	0xb3
 760 022d 77000000 		.4byte	0x77
 761 0231 10       		.uleb128 0x10
ARM GAS  C:\Users\Bruger\AppData\Local\Temp\ccYNVWNA.s 			page 34


 762 0232 C5000000 		.4byte	.LASF28
 763 0236 03       		.byte	0x3
 764 0237 9D       		.byte	0x9d
 765 0238 6B000000 		.4byte	0x6b
 766 023c 11       		.uleb128 0x11
 767 023d 9B000000 		.4byte	.LASF29
 768 0241 03       		.byte	0x3
 769 0242 BE       		.byte	0xbe
 770 0243 4D020000 		.4byte	0x24d
 771 0247 12       		.uleb128 0x12
 772 0248 77000000 		.4byte	0x77
 773 024c 00       		.byte	0
 774 024d 11       		.uleb128 0x11
 775 024e 7E030000 		.4byte	.LASF30
 776 0252 03       		.byte	0x3
 777 0253 BA       		.byte	0xba
 778 0254 5E020000 		.4byte	0x25e
 779 0258 12       		.uleb128 0x12
 780 0259 77000000 		.4byte	0x77
 781 025d 00       		.byte	0
 782 025e 11       		.uleb128 0x11
 783 025f 4E000000 		.4byte	.LASF31
 784 0263 03       		.byte	0x3
 785 0264 9E       		.byte	0x9e
 786 0265 6F020000 		.4byte	0x26f
 787 0269 12       		.uleb128 0x12
 788 026a 6B000000 		.4byte	0x6b
 789 026e 00       		.byte	0
 790 026f 13       		.uleb128 0x13
 791 0270 86000000 		.4byte	.LASF32
 792 0274 03       		.byte	0x3
 793 0275 93       		.byte	0x93
 794 0276 13       		.uleb128 0x13
 795 0277 26010000 		.4byte	.LASF33
 796 027b 03       		.byte	0x3
 797 027c DB       		.byte	0xdb
 798 027d 00       		.byte	0
 799              		.section	.debug_abbrev,"",%progbits
 800              	.Ldebug_abbrev0:
 801 0000 01       		.uleb128 0x1
 802 0001 11       		.uleb128 0x11
 803 0002 01       		.byte	0x1
 804 0003 25       		.uleb128 0x25
 805 0004 0E       		.uleb128 0xe
 806 0005 13       		.uleb128 0x13
 807 0006 0B       		.uleb128 0xb
 808 0007 03       		.uleb128 0x3
 809 0008 0E       		.uleb128 0xe
 810 0009 1B       		.uleb128 0x1b
 811 000a 0E       		.uleb128 0xe
 812 000b 55       		.uleb128 0x55
 813 000c 17       		.uleb128 0x17
 814 000d 11       		.uleb128 0x11
 815 000e 01       		.uleb128 0x1
 816 000f 10       		.uleb128 0x10
 817 0010 17       		.uleb128 0x17
 818 0011 00       		.byte	0
ARM GAS  C:\Users\Bruger\AppData\Local\Temp\ccYNVWNA.s 			page 35


 819 0012 00       		.byte	0
 820 0013 02       		.uleb128 0x2
 821 0014 24       		.uleb128 0x24
 822 0015 00       		.byte	0
 823 0016 0B       		.uleb128 0xb
 824 0017 0B       		.uleb128 0xb
 825 0018 3E       		.uleb128 0x3e
 826 0019 0B       		.uleb128 0xb
 827 001a 03       		.uleb128 0x3
 828 001b 0E       		.uleb128 0xe
 829 001c 00       		.byte	0
 830 001d 00       		.byte	0
 831 001e 03       		.uleb128 0x3
 832 001f 24       		.uleb128 0x24
 833 0020 00       		.byte	0
 834 0021 0B       		.uleb128 0xb
 835 0022 0B       		.uleb128 0xb
 836 0023 3E       		.uleb128 0x3e
 837 0024 0B       		.uleb128 0xb
 838 0025 03       		.uleb128 0x3
 839 0026 08       		.uleb128 0x8
 840 0027 00       		.byte	0
 841 0028 00       		.byte	0
 842 0029 04       		.uleb128 0x4
 843 002a 16       		.uleb128 0x16
 844 002b 00       		.byte	0
 845 002c 03       		.uleb128 0x3
 846 002d 0E       		.uleb128 0xe
 847 002e 3A       		.uleb128 0x3a
 848 002f 0B       		.uleb128 0xb
 849 0030 3B       		.uleb128 0x3b
 850 0031 05       		.uleb128 0x5
 851 0032 49       		.uleb128 0x49
 852 0033 13       		.uleb128 0x13
 853 0034 00       		.byte	0
 854 0035 00       		.byte	0
 855 0036 05       		.uleb128 0x5
 856 0037 35       		.uleb128 0x35
 857 0038 00       		.byte	0
 858 0039 49       		.uleb128 0x49
 859 003a 13       		.uleb128 0x13
 860 003b 00       		.byte	0
 861 003c 00       		.byte	0
 862 003d 06       		.uleb128 0x6
 863 003e 13       		.uleb128 0x13
 864 003f 01       		.byte	0x1
 865 0040 0B       		.uleb128 0xb
 866 0041 0B       		.uleb128 0xb
 867 0042 3A       		.uleb128 0x3a
 868 0043 0B       		.uleb128 0xb
 869 0044 3B       		.uleb128 0x3b
 870 0045 0B       		.uleb128 0xb
 871 0046 01       		.uleb128 0x1
 872 0047 13       		.uleb128 0x13
 873 0048 00       		.byte	0
 874 0049 00       		.byte	0
 875 004a 07       		.uleb128 0x7
ARM GAS  C:\Users\Bruger\AppData\Local\Temp\ccYNVWNA.s 			page 36


 876 004b 0D       		.uleb128 0xd
 877 004c 00       		.byte	0
 878 004d 03       		.uleb128 0x3
 879 004e 0E       		.uleb128 0xe
 880 004f 3A       		.uleb128 0x3a
 881 0050 0B       		.uleb128 0xb
 882 0051 3B       		.uleb128 0x3b
 883 0052 0B       		.uleb128 0xb
 884 0053 49       		.uleb128 0x49
 885 0054 13       		.uleb128 0x13
 886 0055 38       		.uleb128 0x38
 887 0056 0B       		.uleb128 0xb
 888 0057 00       		.byte	0
 889 0058 00       		.byte	0
 890 0059 08       		.uleb128 0x8
 891 005a 16       		.uleb128 0x16
 892 005b 00       		.byte	0
 893 005c 03       		.uleb128 0x3
 894 005d 0E       		.uleb128 0xe
 895 005e 3A       		.uleb128 0x3a
 896 005f 0B       		.uleb128 0xb
 897 0060 3B       		.uleb128 0x3b
 898 0061 0B       		.uleb128 0xb
 899 0062 49       		.uleb128 0x49
 900 0063 13       		.uleb128 0x13
 901 0064 00       		.byte	0
 902 0065 00       		.byte	0
 903 0066 09       		.uleb128 0x9
 904 0067 2E       		.uleb128 0x2e
 905 0068 00       		.byte	0
 906 0069 3F       		.uleb128 0x3f
 907 006a 19       		.uleb128 0x19
 908 006b 03       		.uleb128 0x3
 909 006c 0E       		.uleb128 0xe
 910 006d 3A       		.uleb128 0x3a
 911 006e 0B       		.uleb128 0xb
 912 006f 3B       		.uleb128 0x3b
 913 0070 0B       		.uleb128 0xb
 914 0071 27       		.uleb128 0x27
 915 0072 19       		.uleb128 0x19
 916 0073 20       		.uleb128 0x20
 917 0074 0B       		.uleb128 0xb
 918 0075 00       		.byte	0
 919 0076 00       		.byte	0
 920 0077 0A       		.uleb128 0xa
 921 0078 2E       		.uleb128 0x2e
 922 0079 01       		.byte	0x1
 923 007a 31       		.uleb128 0x31
 924 007b 13       		.uleb128 0x13
 925 007c 11       		.uleb128 0x11
 926 007d 01       		.uleb128 0x1
 927 007e 12       		.uleb128 0x12
 928 007f 06       		.uleb128 0x6
 929 0080 40       		.uleb128 0x40
 930 0081 18       		.uleb128 0x18
 931 0082 9742     		.uleb128 0x2117
 932 0084 19       		.uleb128 0x19
ARM GAS  C:\Users\Bruger\AppData\Local\Temp\ccYNVWNA.s 			page 37


 933 0085 01       		.uleb128 0x1
 934 0086 13       		.uleb128 0x13
 935 0087 00       		.byte	0
 936 0088 00       		.byte	0
 937 0089 0B       		.uleb128 0xb
 938 008a 898201   		.uleb128 0x4109
 939 008d 00       		.byte	0
 940 008e 11       		.uleb128 0x11
 941 008f 01       		.uleb128 0x1
 942 0090 31       		.uleb128 0x31
 943 0091 13       		.uleb128 0x13
 944 0092 00       		.byte	0
 945 0093 00       		.byte	0
 946 0094 0C       		.uleb128 0xc
 947 0095 898201   		.uleb128 0x4109
 948 0098 00       		.byte	0
 949 0099 11       		.uleb128 0x11
 950 009a 01       		.uleb128 0x1
 951 009b 9542     		.uleb128 0x2115
 952 009d 19       		.uleb128 0x19
 953 009e 31       		.uleb128 0x31
 954 009f 13       		.uleb128 0x13
 955 00a0 00       		.byte	0
 956 00a1 00       		.byte	0
 957 00a2 0D       		.uleb128 0xd
 958 00a3 2E       		.uleb128 0x2e
 959 00a4 01       		.byte	0x1
 960 00a5 3F       		.uleb128 0x3f
 961 00a6 19       		.uleb128 0x19
 962 00a7 03       		.uleb128 0x3
 963 00a8 0E       		.uleb128 0xe
 964 00a9 3A       		.uleb128 0x3a
 965 00aa 0B       		.uleb128 0xb
 966 00ab 3B       		.uleb128 0x3b
 967 00ac 0B       		.uleb128 0xb
 968 00ad 27       		.uleb128 0x27
 969 00ae 19       		.uleb128 0x19
 970 00af 11       		.uleb128 0x11
 971 00b0 01       		.uleb128 0x1
 972 00b1 12       		.uleb128 0x12
 973 00b2 06       		.uleb128 0x6
 974 00b3 40       		.uleb128 0x40
 975 00b4 18       		.uleb128 0x18
 976 00b5 9742     		.uleb128 0x2117
 977 00b7 19       		.uleb128 0x19
 978 00b8 01       		.uleb128 0x1
 979 00b9 13       		.uleb128 0x13
 980 00ba 00       		.byte	0
 981 00bb 00       		.byte	0
 982 00bc 0E       		.uleb128 0xe
 983 00bd 1D       		.uleb128 0x1d
 984 00be 01       		.byte	0x1
 985 00bf 31       		.uleb128 0x31
 986 00c0 13       		.uleb128 0x13
 987 00c1 11       		.uleb128 0x11
 988 00c2 01       		.uleb128 0x1
 989 00c3 12       		.uleb128 0x12
ARM GAS  C:\Users\Bruger\AppData\Local\Temp\ccYNVWNA.s 			page 38


 990 00c4 06       		.uleb128 0x6
 991 00c5 58       		.uleb128 0x58
 992 00c6 0B       		.uleb128 0xb
 993 00c7 59       		.uleb128 0x59
 994 00c8 0B       		.uleb128 0xb
 995 00c9 01       		.uleb128 0x1
 996 00ca 13       		.uleb128 0x13
 997 00cb 00       		.byte	0
 998 00cc 00       		.byte	0
 999 00cd 0F       		.uleb128 0xf
 1000 00ce 34       		.uleb128 0x34
 1001 00cf 00       		.byte	0
 1002 00d0 03       		.uleb128 0x3
 1003 00d1 0E       		.uleb128 0xe
 1004 00d2 3A       		.uleb128 0x3a
 1005 00d3 0B       		.uleb128 0xb
 1006 00d4 3B       		.uleb128 0x3b
 1007 00d5 0B       		.uleb128 0xb
 1008 00d6 49       		.uleb128 0x49
 1009 00d7 13       		.uleb128 0x13
 1010 00d8 02       		.uleb128 0x2
 1011 00d9 18       		.uleb128 0x18
 1012 00da 00       		.byte	0
 1013 00db 00       		.byte	0
 1014 00dc 10       		.uleb128 0x10
 1015 00dd 2E       		.uleb128 0x2e
 1016 00de 00       		.byte	0
 1017 00df 3F       		.uleb128 0x3f
 1018 00e0 19       		.uleb128 0x19
 1019 00e1 03       		.uleb128 0x3
 1020 00e2 0E       		.uleb128 0xe
 1021 00e3 3A       		.uleb128 0x3a
 1022 00e4 0B       		.uleb128 0xb
 1023 00e5 3B       		.uleb128 0x3b
 1024 00e6 0B       		.uleb128 0xb
 1025 00e7 27       		.uleb128 0x27
 1026 00e8 19       		.uleb128 0x19
 1027 00e9 49       		.uleb128 0x49
 1028 00ea 13       		.uleb128 0x13
 1029 00eb 3C       		.uleb128 0x3c
 1030 00ec 19       		.uleb128 0x19
 1031 00ed 00       		.byte	0
 1032 00ee 00       		.byte	0
 1033 00ef 11       		.uleb128 0x11
 1034 00f0 2E       		.uleb128 0x2e
 1035 00f1 01       		.byte	0x1
 1036 00f2 3F       		.uleb128 0x3f
 1037 00f3 19       		.uleb128 0x19
 1038 00f4 03       		.uleb128 0x3
 1039 00f5 0E       		.uleb128 0xe
 1040 00f6 3A       		.uleb128 0x3a
 1041 00f7 0B       		.uleb128 0xb
 1042 00f8 3B       		.uleb128 0x3b
 1043 00f9 0B       		.uleb128 0xb
 1044 00fa 27       		.uleb128 0x27
 1045 00fb 19       		.uleb128 0x19
 1046 00fc 3C       		.uleb128 0x3c
ARM GAS  C:\Users\Bruger\AppData\Local\Temp\ccYNVWNA.s 			page 39


 1047 00fd 19       		.uleb128 0x19
 1048 00fe 01       		.uleb128 0x1
 1049 00ff 13       		.uleb128 0x13
 1050 0100 00       		.byte	0
 1051 0101 00       		.byte	0
 1052 0102 12       		.uleb128 0x12
 1053 0103 05       		.uleb128 0x5
 1054 0104 00       		.byte	0
 1055 0105 49       		.uleb128 0x49
 1056 0106 13       		.uleb128 0x13
 1057 0107 00       		.byte	0
 1058 0108 00       		.byte	0
 1059 0109 13       		.uleb128 0x13
 1060 010a 2E       		.uleb128 0x2e
 1061 010b 00       		.byte	0
 1062 010c 3F       		.uleb128 0x3f
 1063 010d 19       		.uleb128 0x19
 1064 010e 03       		.uleb128 0x3
 1065 010f 0E       		.uleb128 0xe
 1066 0110 3A       		.uleb128 0x3a
 1067 0111 0B       		.uleb128 0xb
 1068 0112 3B       		.uleb128 0x3b
 1069 0113 0B       		.uleb128 0xb
 1070 0114 27       		.uleb128 0x27
 1071 0115 19       		.uleb128 0x19
 1072 0116 3C       		.uleb128 0x3c
 1073 0117 19       		.uleb128 0x19
 1074 0118 00       		.byte	0
 1075 0119 00       		.byte	0
 1076 011a 00       		.byte	0
 1077              		.section	.debug_aranges,"",%progbits
 1078 0000 34000000 		.4byte	0x34
 1079 0004 0200     		.2byte	0x2
 1080 0006 00000000 		.4byte	.Ldebug_info0
 1081 000a 04       		.byte	0x4
 1082 000b 00       		.byte	0
 1083 000c 0000     		.2byte	0
 1084 000e 0000     		.2byte	0
 1085 0010 00000000 		.4byte	.LFB0
 1086 0014 28000000 		.4byte	.LFE0-.LFB0
 1087 0018 00000000 		.4byte	.LFB1
 1088 001c 28000000 		.4byte	.LFE1-.LFB1
 1089 0020 00000000 		.4byte	.LFB2
 1090 0024 38000000 		.4byte	.LFE2-.LFB2
 1091 0028 00000000 		.4byte	.LFB3
 1092 002c 34000000 		.4byte	.LFE3-.LFB3
 1093 0030 00000000 		.4byte	0
 1094 0034 00000000 		.4byte	0
 1095              		.section	.debug_ranges,"",%progbits
 1096              	.Ldebug_ranges0:
 1097 0000 00000000 		.4byte	.LFB0
 1098 0004 28000000 		.4byte	.LFE0
 1099 0008 00000000 		.4byte	.LFB1
 1100 000c 28000000 		.4byte	.LFE1
 1101 0010 00000000 		.4byte	.LFB2
 1102 0014 38000000 		.4byte	.LFE2
 1103 0018 00000000 		.4byte	.LFB3
ARM GAS  C:\Users\Bruger\AppData\Local\Temp\ccYNVWNA.s 			page 40


 1104 001c 34000000 		.4byte	.LFE3
 1105 0020 00000000 		.4byte	0
 1106 0024 00000000 		.4byte	0
 1107              		.section	.debug_line,"",%progbits
 1108              	.Ldebug_line0:
 1109 0000 E2000000 		.section	.debug_str,"MS",%progbits,1
 1109      02006400 
 1109      00000201 
 1109      FB0E0D00 
 1109      01010101 
 1110              	.LASF17:
 1111 0000 50574D55 		.ascii	"PWMUdb\000"
 1111      646200
 1112              	.LASF26:
 1113 0007 49676E69 		.ascii	"IgnitionTimer_1_ReadPeriod\000"
 1113      74696F6E 
 1113      54696D65 
 1113      725F315F 
 1113      52656164 
 1114              	.LASF18:
 1115 0022 50574D50 		.ascii	"PWMPeriod\000"
 1115      6572696F 
 1115      6400
 1116              	.LASF27:
 1117 002c 49676E69 		.ascii	"IgnitionTimer_1_ReadCounter\000"
 1117      74696F6E 
 1117      54696D65 
 1117      725F315F 
 1117      52656164 
 1118              	.LASF11:
 1119 0048 666C6F61 		.ascii	"float\000"
 1119      7400
 1120              	.LASF31:
 1121 004e 49676E69 		.ascii	"IgnitionTimer_1_WriteControlRegister\000"
 1121      74696F6E 
 1121      54696D65 
 1121      725F315F 
 1121      57726974 
 1122              	.LASF3:
 1123 0073 73686F72 		.ascii	"short unsigned int\000"
 1123      7420756E 
 1123      7369676E 
 1123      65642069 
 1123      6E7400
 1124              	.LASF32:
 1125 0086 49676E69 		.ascii	"IgnitionTimer_1_Stop\000"
 1125      74696F6E 
 1125      54696D65 
 1125      725F315F 
 1125      53746F70 
 1126              	.LASF29:
 1127 009b 49676E69 		.ascii	"IgnitionTimer_1_WritePeriod\000"
 1127      74696F6E 
 1127      54696D65 
 1127      725F315F 
 1127      57726974 
 1128              	.LASF1:
ARM GAS  C:\Users\Bruger\AppData\Local\Temp\ccYNVWNA.s 			page 41


 1129 00b7 756E7369 		.ascii	"unsigned char\000"
 1129      676E6564 
 1129      20636861 
 1129      7200
 1130              	.LASF28:
 1131 00c5 49676E69 		.ascii	"IgnitionTimer_1_ReadControlRegister\000"
 1131      74696F6E 
 1131      54696D65 
 1131      725F315F 
 1131      52656164 
 1132              	.LASF16:
 1133 00e9 50574D45 		.ascii	"PWMEnableState\000"
 1133      6E61626C 
 1133      65537461 
 1133      746500
 1134              	.LASF5:
 1135 00f8 6C6F6E67 		.ascii	"long unsigned int\000"
 1135      20756E73 
 1135      69676E65 
 1135      6420696E 
 1135      7400
 1136              	.LASF9:
 1137 010a 75696E74 		.ascii	"uint8\000"
 1137      3800
 1138              	.LASF24:
 1139 0110 49676E69 		.ascii	"IgnitionTimer_1_Sleep\000"
 1139      74696F6E 
 1139      54696D65 
 1139      725F315F 
 1139      536C6565 
 1140              	.LASF33:
 1141 0126 49676E69 		.ascii	"IgnitionTimer_1_Enable\000"
 1141      74696F6E 
 1141      54696D65 
 1141      725F315F 
 1141      456E6162 
 1142              	.LASF20:
 1143 013d 50574D43 		.ascii	"PWMControlRegister\000"
 1143      6F6E7472 
 1143      6F6C5265 
 1143      67697374 
 1143      657200
 1144              	.LASF12:
 1145 0150 646F7562 		.ascii	"double\000"
 1145      6C6500
 1146              	.LASF10:
 1147 0157 75696E74 		.ascii	"uint16\000"
 1147      313600
 1148              	.LASF23:
 1149 015e 49676E69 		.ascii	"IgnitionTimer_1_RestoreConfig\000"
 1149      74696F6E 
 1149      54696D65 
 1149      725F315F 
 1149      52657374 
 1150              	.LASF8:
 1151 017c 756E7369 		.ascii	"unsigned int\000"
 1151      676E6564 
ARM GAS  C:\Users\Bruger\AppData\Local\Temp\ccYNVWNA.s 			page 42


 1151      20696E74 
 1151      00
 1152              	.LASF7:
 1153 0189 6C6F6E67 		.ascii	"long long unsigned int\000"
 1153      206C6F6E 
 1153      6720756E 
 1153      7369676E 
 1153      65642069 
 1154              	.LASF21:
 1155 01a0 49676E69 		.ascii	"IgnitionTimer_1_backupStruct\000"
 1155      74696F6E 
 1155      54696D65 
 1155      725F315F 
 1155      6261636B 
 1156              	.LASF37:
 1157 01bd 49676E69 		.ascii	"IgnitionTimer_1_backup\000"
 1157      74696F6E 
 1157      54696D65 
 1157      725F315F 
 1157      6261636B 
 1158              	.LASF14:
 1159 01d4 72656738 		.ascii	"reg8\000"
 1159      00
 1160              	.LASF15:
 1161 01d9 73697A65 		.ascii	"sizetype\000"
 1161      74797065 
 1161      00
 1162              	.LASF6:
 1163 01e2 6C6F6E67 		.ascii	"long long int\000"
 1163      206C6F6E 
 1163      6720696E 
 1163      7400
 1164              	.LASF34:
 1165 01f0 474E5520 		.ascii	"GNU C 4.9.3 20150303 (release) [ARM/embedded-4_9-br"
 1165      4320342E 
 1165      392E3320 
 1165      32303135 
 1165      30333033 
 1166 0223 616E6368 		.ascii	"anch revision 221220] -mcpu=cortex-m3 -mthumb -g -O"
 1166      20726576 
 1166      6973696F 
 1166      6E203232 
 1166      31323230 
 1167 0256 33202D66 		.ascii	"3 -ffunction-sections -finline-functions -flto -ffa"
 1167      66756E63 
 1167      74696F6E 
 1167      2D736563 
 1167      74696F6E 
 1168 0289 742D6C74 		.ascii	"t-lto-objects\000"
 1168      6F2D6F62 
 1168      6A656374 
 1168      7300
 1169              	.LASF13:
 1170 0297 63686172 		.ascii	"char\000"
 1170      00
 1171              	.LASF2:
 1172 029c 73686F72 		.ascii	"short int\000"
ARM GAS  C:\Users\Bruger\AppData\Local\Temp\ccYNVWNA.s 			page 43


 1172      7420696E 
 1172      7400
 1173              	.LASF35:
 1174 02a6 47656E65 		.ascii	"Generated_Source\\PSoC5\\IgnitionTimer_1_PM.c\000"
 1174      72617465 
 1174      645F536F 
 1174      75726365 
 1174      5C50536F 
 1175              	.LASF25:
 1176 02d2 49676E69 		.ascii	"IgnitionTimer_1_Wakeup\000"
 1176      74696F6E 
 1176      54696D65 
 1176      725F315F 
 1176      57616B65 
 1177              	.LASF22:
 1178 02e9 49676E69 		.ascii	"IgnitionTimer_1_SaveConfig\000"
 1178      74696F6E 
 1178      54696D65 
 1178      725F315F 
 1178      53617665 
 1179              	.LASF4:
 1180 0304 6C6F6E67 		.ascii	"long int\000"
 1180      20696E74 
 1180      00
 1181              	.LASF36:
 1182 030d 433A5C55 		.ascii	"C:\\Users\\Bruger\\OneDrive\\Skrivebord\\CODE\\PSOC"
 1182      73657273 
 1182      5C427275 
 1182      6765725C 
 1182      4F6E6544 
 1183 033a 355C4359 		.ascii	"5\\CY8CKIT-59-Arduino\\CY8CKIT59_Ardudino-Speeduino"
 1183      38434B49 
 1183      542D3539 
 1183      2D417264 
 1183      75696E6F 
 1184 036b 2E637964 		.ascii	".cydsn\000"
 1184      736E00
 1185              	.LASF0:
 1186 0372 7369676E 		.ascii	"signed char\000"
 1186      65642063 
 1186      68617200 
 1187              	.LASF30:
 1188 037e 49676E69 		.ascii	"IgnitionTimer_1_WriteCounter\000"
 1188      74696F6E 
 1188      54696D65 
 1188      725F315F 
 1188      57726974 
 1189              	.LASF19:
 1190 039b 496E7465 		.ascii	"InterruptMaskValue\000"
 1190      72727570 
 1190      744D6173 
 1190      6B56616C 
 1190      756500
 1191              		.comm	__gnu_lto_v1,1,1
 1192              		.ident	"GCC: (GNU Tools for ARM Embedded Processors) 4.9.3 20150303 (release) [ARM/embedded-4_9-br
