ARM GAS  C:\Users\Bruger\AppData\Local\Temp\ccxMefEi.s 			page 1


   1              		.syntax unified
   2              		.cpu cortex-m3
   3              		.fpu softvfp
   4              		.eabi_attribute 20, 1
   5              		.eabi_attribute 21, 1
   6              		.eabi_attribute 23, 3
   7              		.eabi_attribute 24, 1
   8              		.eabi_attribute 25, 1
   9              		.eabi_attribute 26, 1
  10              		.eabi_attribute 30, 4
  11              		.eabi_attribute 34, 1
  12              		.eabi_attribute 18, 4
  13              		.thumb
  14              		.file	"IgnitionCounter_2_PM.c"
  15              		.text
  16              	.Ltext0:
  17              		.section	.gnu.lto_.profile.ec4e19e8,"",%progbits
  18 0000 789C6366 		.ascii	"x\234cf```a\200\000F\206\014\031\000\001`\000\215"
  18      60606061 
  18      80004686 
  18      0C190001 
  18      60008D
  19              		.text
  20              		.section	.gnu.lto_.jmpfuncs.ec4e19e8,"",%progbits
  21 0000 789C6366 		.ascii	"x\234cf\300\016\244\2404\013\230db``\004#f\204\030\000"
  21      C00EA4A0 
  21      340B9864 
  21      62606004 
  21      23668418 
  22 0015 0544002D 		.ascii	"\005D\000-"
  23              		.text
  24              		.section	.gnu.lto_.inline.ec4e19e8,"",%progbits
  25 0000 789C6366 		.ascii	"x\234cf\300\016\252\2404\013\003\003\247\024#\003\023"
  25      C00EAAA0 
  25      340B0303 
  25      A7142303 
  25      13
  26 0011 CB027906 		.ascii	"\313\002y\006\266\005\362L 1&n8\201]\222q\202\037\224"
  26      B605F24C 
  26      2031266E 
  26      38815D92 
  26      71821F94 
  27 0025 6266E002 		.ascii	"bf\340\002)\340\332g\007W\300\310\005#X\0308\004\201"
  27      29E0DA67 
  27      0757C0C8 
  27      05235818 
  27      380481
  28 0038 926C1FF4 		.ascii	"\222l\037\364\260H2\000\000\232\325\012\004"
  28      B0483200 
  28      009AD50A 
  28      04
  29              		.text
  30              		.section	.gnu.lto_.pureconst.ec4e19e8,"",%progbits
  31 0000 789C6366 		.ascii	"x\234cf``\340d\200\000\026\006\011&\011f)\026\011\000"
  31      6060E064 
  31      80001606 
  31      09260966 
ARM GAS  C:\Users\Bruger\AppData\Local\Temp\ccxMefEi.s 			page 2


  31      29160900 
  32 0014 02B7007C 		.ascii	"\002\267\000|"
  33              		.text
  34              		.section	.gnu.lto_IgnitionCounter_2_SaveConfig.ec4e19e8,"",%progbits
  35 0000 789C7D90 		.ascii	"x\234}\220\317K\002A\024\307\337w6\267-/\321\321\177"
  35      CF4B0241 
  35      14C7DF77 
  35      36B72D2F 
  35      D1D17F
  36 0013 C0931241 		.ascii	"\300\223\022A\327.\036\302\203 x\025$l\011/\012\242"
  36      D72E1EC2 
  36      83207815 
  36      246C092F 
  36      0AA2
  37 0025 4771B73C 		.ascii	"Gq\267<t*\351\024\364\343\020D\226\277\252{\260\235"
  37      742AE914 
  37      F4E31044 
  37      96BFAA7B 
  37      B09D
  38 0037 83223C04 		.ascii	"\203\"<\004\026E`P\267l\017\261\304fo\326\233F\003o"
  38      16456050 
  38      B76C0FB1 
  38      C4666FD6 
  38      9B46036F 
  39 004b 66DEBCEF 		.ascii	"f\336\274\357|\337gF\241\361\021\340h\202h\216W(\004"
  39      7CDF6746 
  39      A1F111E0 
  39      6882688E 
  39      572804
  40 005e 51BD2132 		.ascii	"Q\275!25\001\310\015\201\312\002e\274\213\276@\325\252"
  40      3501C80D 
  40      81CA0265 
  40      BC8BBE40 
  40      D5AA
  41 0070 EFF88347 		.ascii	"\357\370\203G\206a|\034^\233q\013\216 \262\305\320\007"
  41      86617C1C 
  41      5E9B710B 
  41      8E20B2C5 
  41      D007
  42 0082 C708128B 		.ascii	"\307\010\022\213\372\025\367\336\257VX43\254\241\006"
  42      FA15F7DE 
  42      AF565834 
  42      33ACA106 
  43 0092 95FDA93D 		.ascii	"\225\375\251=k\031\203\201\335\274\352BS\310\021Pyb"
  43      6B198381 
  43      DDBCEA42 
  43      53C81150 
  43      7962
  44 00a4 418F43B6 		.ascii	"A\217C\266z\345\204W\345\021\353\326\245+\344\265/\241"
  44      7AE58457 
  44      E511EBD6 
  44      A52BE4B5 
  44      2FA1
  45 00b6 B0E34167 		.ascii	"\260\343Ag\263%J\337\306\206\2419B\261\005\233\341\004"
  45      B3254ADF 
  45      C686A139 
  45      42B1059B 
ARM GAS  C:\Users\Bruger\AppData\Local\Temp\ccxMefEi.s 			page 3


  45      E104
  46 00c8 25BE3D41 		.ascii	"%\276=A]\254m\277\204\245vT\350ses>}\356\335\336io\202"
  46      5DAC6DBF 
  46      84A57654 
  46      E8736573 
  46      3E7DEEDD 
  47 00e0 4FBCB466 		.ascii	"O\274\264fV\366\260\217]\323\220*\025\247(\241\216\200"
  47      56F6B08F 
  47      5DD3902A 
  47      15A728A1 
  47      8E80
  48 00f2 57FB696C 		.ascii	"W\373il]\250\241:\263[QGL\242\301\302O\357}h\"\3044"
  48      5DA8A13A 
  48      B35B5147 
  48      4CA2C1C2 
  48      4FEF7D68 
  49 0109 24E13AAE 		.ascii	"$\341:\2562\204\033\353\251\331\362AhypSC\270\305\177"
  49      32841BEB 
  49      A9D9F241 
  49      68797053 
  49      43B8C57F 
  50 011d E14669DA 		.ascii	"\341Fi\332\177\323\304\0341\2153\217F~%\316%\215JO0"
  50      7FD3C41C 
  50      318D338F 
  50      467E25CE 
  50      258D4A4F 
  51 0132 AD079F6C 		.ascii	"\255\007\237l \031{\\\343\017d\347\360\222\236\325\363"
  51      20197B5C 
  51      E30F64E7 
  51      F0929ED5 
  51      F3
  52 0143 CB057D25 		.ascii	"\313\005}%\225\310\025\363i=\031O\344\"\013\311\350"
  52      95C815F3 
  52      693D194F 
  52      E4220BC9 
  52      E8
  53 0154 6A3653C8 		.ascii	"j6S\310\344\262\221\\1[\320\363\251\371T<\026N\323/"
  53      E4B2915C 
  53      315BD0F3 
  53      A9F9543C 
  53      164ED32F 
  54 0168 A85AAA30 		.ascii	"\250Z\2520"
  55              		.text
  56              		.section	.gnu.lto_IgnitionCounter_2_RestoreConfig.ec4e19e8,"",%progbits
  57 0000 789C7D90 		.ascii	"x\234}\220\317K\002Q\020\307\347;\273m[^\242\223\370"
  57      CF4B0251 
  57      10C7E73B 
  57      BB6D5B5E 
  57      A293F8
  58 0013 0F781025 		.ascii	"\017x\020%\202\376\002\241\350\020\010^\005\011[\302"
  58      82FE02A1 
  58      E810085E 
  58      05095BC2 
  59 0023 8B82E851 		.ascii	"\213\202\350Q\334\015\203Ne\267\240\037P\020Y\232fA"
  59      DC0D834E 
  59      65B7A01F 
  59      5010599A 
ARM GAS  C:\Users\Bruger\AppData\Local\Temp\ccxMefEi.s 			page 4


  59      6641
  60 0035 67FF8112 		.ascii	"g\377\201\022)\010*\352bP\267\314C,a\366\336\332\311"
  60      29082AEA 
  60      6250B7CC 
  60      432C61F6 
  60      DEDAC9
  61 0048 7E3C9837 		.ascii	"~<\2307of\276o\346\303(\364\363x\204\355\202hBx(\004"
  61      6F66BE6F 
  61      E6C328F4 
  61      F37884ED 
  61      82684278 
  62 005e 2E5C1259 		.ascii	".\\\022Y:\003\362A\240\034#\207\027n3\012\365\322\206"
  62      3A03F241 
  62      A01C2387 
  62      176E330A 
  62      F5D286
  63 0071 CBBB6F9A 		.ascii	"\313\273o\232\346\353\336\231{\331m3Q\207\373mp\000"
  63      E6EBDE99 
  63      7BD96D33 
  63      5187FB6D 
  63      7000
  64 0083 2F094D3B 		.ascii	"/\011M;\337\275qiy\241\031\353\327P\204&\332Su\274n"
  64      DFBD7169 
  64      79A119EB 
  64      D7508426 
  64      DA5375BC 
  65 0098 F67A9D8B 		.ascii	"\366z\235\213\365\242\017\032\223\315P\305%\024-ar\324"
  65      F5A20F1A 
  65      93CD50C5 
  65      25142D61 
  65      72D4
  66 00aa 93088457 		.ascii	"\223\010\204Wn\261t^kX\212\374\370\316r\356\316\325"
  66      6EB1745E 
  66      6B588AFC 
  66      F8CE72EE 
  66      CED5
  67 00bc 6A85B31F 		.ascii	"j\205\263\037\346\212\251\333\254teW\221}l5\232\372"
  67      E68AA9DB 
  67      AC746557 
  67      917D6C35 
  67      9AFA
  68 00ce 338B8C13 		.ascii	"3\213\214\023\026\255\374\026\266\261i\231R\245\342"
  68      16ADFC16 
  68      B6B16999 
  68      52A5E2
  69 00dd 10591CC1 		.ascii	"\020Y\034\301\343\324>\313k\247\232\337g\363\020JB\363"
  69      E3D43ECB 
  69      6BA79ADF 
  69      67F3104A 
  69      42F3
  70 00ef E630A30C 		.ascii	"\3460\243\014?\335C\225shp\212\326a\001\215cdI0\330"
  70      3FDD4395 
  70      7368708A 
  70      D661018D 
  70      63644930 
  71 0104 3C4C12AB 		.ascii	"<L\022\253}\335\374\306R\377\304\032\344\250\374\306"
  71      7DDDFCC6 
ARM GAS  C:\Users\Bruger\AppData\Local\Temp\ccxMefEi.s 			page 5


  71      52FFC41A 
  71      E4A8FCC6 
  72 0114 A1A3EA70 		.ascii	"\241\243\352p\310\305\340\344\037\216\221\216\\\021"
  72      C8C5E0E4 
  72      1F8E918E 
  72      5C11
  73 0122 6A0E876A 		.ascii	"j\016\207j\363(=\300\252\337M;b\222\313\203\\\232\320"
  73      F3283DC0 
  73      AADF4D3B 
  73      6292CB83 
  73      5C9AD0
  74 0135 04668C84 		.ascii	"\004f\214\204\221\232O\033\013\321p2\223\212\031\221"
  74      919A4F1B 
  74      0BD17032 
  74      938A1991 
  75 0145 5038199C 		.ascii	"P8\031\234\212\314.&\342\351x2\021Lf\022i#\025\235\214"
  75      8ACC2E26 
  75      E2E97832 
  75      114C6612 
  75      6923159D 
  76 015a 86E60231 		.ascii	"\206\346\0021\372\002\336\365\237\333"
  76      FA02DEF5 
  76      9FDB
  77              		.text
  78              		.section	.gnu.lto_IgnitionCounter_2_Sleep.ec4e19e8,"",%progbits
  79 0000 789C8592 		.ascii	"x\234\205\222OH\024Q\034\307\177\337\337\374\331u\015"
  79      4F481451 
  79      1CC77FDF 
  79      DFFCD975 
  79      0D
  80 0011 8D4EE2B1 		.ascii	"\215N\342\261\213'%\202\216\341\301\203\024\010\202"
  80      8B272582 
  80      8EE1C183 
  80      140882
  81 0020 5761111B 		.ascii	"Wa\021\033\302\313l,\353q\361\215;Qt\2505/K\265u\252"
  81      C2CB6C2C 
  81      EB71F18D 
  81      3B5174A8 
  81      352F4BB5 
  82 0036 D6D6D4B4 		.ascii	"\326\326\324\264?\207:\014]\354\020\205T\004\022\206"
  82      3F873A0C 
  82      5DEC1085 
  82      54041286 
  83 0046 A4508762 		.ascii	"\244P\207b\3152\307\260\355\367f\267\022\303\032x\363"
  83      CD32C7B0 
  83      EDF766B7 
  83      12C31A78 
  83      F3
  84 0057 DEFBBDCF 		.ascii	"\336\373\275\317\373~\277\363\336\030\364\367sT\332"
  84      FB7EBFF3 
  84      DE18F4F7 
  84      7354DA
  85 0066 29263A24 		.ascii	")&:$=l\002\347\237\021yqfc\263\211T\302,t\222\332g\300"
  85      3D6C02E7 
  85      9F117971 
  85      6663B389 
  85      54C22C74 
ARM GAS  C:\Users\Bruger\AppData\Local\Temp\ccxMefEi.s 			page 6


  86 007e AA95CD5F 		.ascii	"\252\225\315_\003\013\320\003\002\215\260aZ\030\301"
  86      030BD003 
  86      028DB061 
  86      5A18C1
  87 008d 075E63E4 		.ascii	"\007^c\344\203r\241\261\355\272R\252r\361a\313\351\226"
  87      8372A1B1 
  87      EDBA52AA 
  87      72F161CB 
  87      E996
  88 009f 5094D7B9 		.ascii	"P\224\327\271\346\204\233h#a\326\374\355\327\215\266"
  88      E6849B68 
  88      2361D6FC 
  88      EDD78DB6 
  89 00af 2FCCFEDA 		.ascii	"/\314\376\332\032J\260!\375\364\201@U\253s\037\307J"
  89      1A4AB021 
  89      FDF48140 
  89      55AB731F 
  89      C74A
  90 00c1 07B9C1A0 		.ascii	"\007\271\301\240\220a\312K\210\025i\332mU&\322\033\213"
  90      9061CA4B 
  90      881569DA 
  90      6D5526D2 
  90      1B8B
  91 00d3 78BC71EE 		.ascii	"x\274q\356S\361\021\364\316ol\210\350\370r\370\316z"
  91      53F111F4 
  91      CE6F6C88 
  91      E8F872F8 
  91      CE7A
  92 00e5 CF211B5F 		.ascii	"\317!\033_\237x\312\324>oW\236/\304\243\022\351\351"
  92      9F78CAD4 
  92      3E6F579E 
  92      2FC4A312 
  92      E9E9
  93 00f7 B5ADE5F9 		.ascii	"\265\255\345\371D\021\227=\037!\233\230@+n\241U\334"
  93      4411973D 
  93      1F219B98 
  93      402B6EA1 
  93      55DC
  94 0109 CB288216 		.ascii	"\313(\202\0261\272t\346\245U\0234E\223^\301\177\232"
  94      31BA74E6 
  94      A5551334 
  94      45935EC1 
  94      7F9A
  95 011b 73EB859D 		.ascii	"s\353\205\235r\022\006\223z'\351D\006m6I\240\321\312"
  95      72120693 
  95      7A27E944 
  95      066D3649 
  95      A0D1CA
  96 012e CC97B166 		.ascii	"\314\227\261fM\013z\365\305\371)\316~WgU<dk[\177\343"
  96      4D0B7AF5 
  96      C5F929CE 
  96      7E576755 
  96      3C646B5B 
  97 0144 4E012B9A 		.ascii	"N\001+\232\226<\377\012t\036\245)\033\267\221\305\224"
  97      963CFF0A 
  97      741EA529 
  97      1BB791C5 
ARM GAS  C:\Users\Bruger\AppData\Local\Temp\ccxMefEi.s 			page 7


  97      94
  98 0155 9695B51F 		.ascii	"\226\225\265\037\223\027f\355\366\262\034Q\320\023r"
  98      931766ED 
  98      F6B21C51 
  98      D01372
  99 0164 0CD3027E 		.ascii	"\014\323\002~\216\216\0213h\027`\341\322\215\\\263\326"
  99      8E8E1133 
  99      681760E1 
  99      D28D5CB3 
  99      D6
 100 0175 8A817027 		.ascii	"\212\201p'\012\263\312&\025:\243(\225\215\377D\331\355"
 100      0AB3CA26 
 100      153AA328 
 100      958DFF44 
 100      D9ED
 101 0187 3DFB0FEF 		.ascii	"=\373\017\357\271?\336w#\357\337\337\021\223\322\275"
 101      B93FDE77 
 101      23EFDFDF 
 101      1193D2BD 
 102 0197 BAB7155D 		.ascii	"\272\267\025]\314\033\344\202\352<ko\332m\036_g\271"
 102      CC1BE482 
 102      EA3C6B6F 
 102      DA6D1E5F 
 102      67B9
 103 01a9 64DC4756 		.ascii	"d\334GV.\265\2014\232O\354E\3523~P'\227\340\005\343"
 103      2EB58134 
 103      9A4FEC45 
 103      EA337E50 
 103      2797E005 
 104 01be C72392F4 		.ascii	"\307#\222\364\277\000m%@G\267\343:\351\201\214s\"\331"
 104      BF006D25 
 104      4047B7E3 
 104      3AE9818C 
 104      7322D9
 105 01d1 971A4E0F 		.ascii	"\227\032N\017:\375\275}\251\256#\375\307N\272C\231\241"
 105      3AFDBD7D 
 105      A9AE23FD 
 105      C74EBA43 
 105      99A1
 106 01e3 94DB951A 		.ascii	"\224\333\225\032v3N:y8\331\333\3231H?\001\234\"\364"
 106      76334E3A 
 106      7938D9DB 
 106      D331483F 
 106      019C22F4 
 107 01f7 5B       		.ascii	"["
 108              		.text
 109              		.section	.gnu.lto_IgnitionCounter_2_Wakeup.ec4e19e8,"",%progbits
 110 0000 789C7550 		.ascii	"x\234uP\317+\203a\034\377~\276\357\263\2671!\247\345"
 110      CF2B8361 
 110      1CFF7EBE 
 110      EFB3B731 
 110      21A7E5
 111 0013 1F709025 		.ascii	"\037p\220%ruq\220\244V\273\256\226x\223\313\273Z\343"
 111      72757190 
 111      A456BBAE 
 111      967893CB 
 111      BB5AE3
ARM GAS  C:\Users\Bruger\AppData\Local\Temp\ccxMefEi.s 			page 8


 112 0026 B63C63CA 		.ascii	"\266<c\312\011qQ\314M\306\206\354\340\274\034\246v "
 112      097151CC 
 112      4DC686EC 
 112      E0BC1CA6 
 112      7620
 113 0038 694DF2A3 		.ascii	"iM\362\243Dq3;h\211y\236wJ\221\247\236\276\317\363y"
 113      4471333B 
 113      6889799E 
 113      774A91A7 
 113      9EBECFF3 
 114 004d 3E3FFA3C 		.ascii	">?\372<\006\375]\275jO\203\250[M\270\010\274|J\024w"
 114      06FD5DBD 
 114      6A4F83A8 
 114      5B4DB808 
 114      BC7C4A14 
 115 0062 331BF916 		.ascii	"3\033\371\026\222\215\242\320O\262\311\200\250\303\002"
 115      928DA2D0 
 115      4FB2C980 
 115      A8C302
 116 0071 D00702CD 		.ascii	"\320\007\002\315\260!0\203g.3\226s\3515O\307\226\224"
 116      B0213083 
 116      672E3396 
 116      73E9354F 
 116      C79694
 117 0084 F2E5BEE8 		.ascii	"\362\345\276\350\235\367V\231\250\302u\177l\243\203"
 117      9DF75699 
 117      A8C2757F 
 117      6CA383
 118 0093 14A79CF8 		.ascii	"\024\247\234\370(y\314\204\342\264\326\337\220\202\251"
 118      2879CC84 
 118      E2B4D6DF 
 118      9082A9
 119 00a2 72E9A02D 		.ascii	"r\351\240-'k\265Ji%\325\303\246\240*+\360A\021t\316"
 119      276BB54A 
 119      6925D5C3 
 119      A6A02A2B 
 119      F0411174 
 120 00b7 23B39EC6 		.ascii	"#\263\236\3065\346r\345\002k\211\366\332\274X\334\347"
 120      35E672E5 
 120      026B89F6 
 120      DABC58DC 
 120      E7
 121 00c8 D8BB5C90 		.ascii	"\330\273\\\220\356*sE+\260\203\230\322\032t\205\331"
 121      EE2A7345 
 121      2BB08398 
 121      D21A7485 
 121      D9
 122 00d9 A3C39BE3 		.ascii	"\243\303\233\343\006\315}c\361\233->t\266B\357\036\316"
 122      06CD7D63 
 122      F19B2D3E 
 122      74B642EF 
 122      1ECE
 123 00eb CEDD4FAC 		.ascii	"\316\335O\254\020\347\232\212'6\220\304z\\j\226\013"
 123      10E79A8A 
 123      273690C4 
 123      7A5C6A96 
 123      0B
ARM GAS  C:\Users\Bruger\AppData\Local\Temp\ccxMefEi.s 			page 9


 124 00fc BB88218D 		.ascii	"\273\210!\215v\347\3553\263\2245\273:\253l\"\2438\257"
 124      76E7ED33 
 124      B39435BB 
 124      3AAB6C22 
 124      A338AF
 125 010f 4E33ECA1 		.ascii	"N3\354\241\213\212H\\\316\331?Q'\311\247\254\320\246"
 125      8B8A485C 
 125      CED93F51 
 125      27C9A7AC 
 125      D0A6
 126 0121 00615FCB 		.ascii	"\000a_\313I\2270(\337\342tx/4\377\327A\231\342\340\273"
 126      49973028 
 126      DFE27478 
 126      2F34FFD7 
 126      4199E2E0 
 127 0136 83D608A7 		.ascii	"\203\326\010\247\370-\342\271\325aGC\372[\240QE\365"
 127      F82DE2B9 
 127      D5614743 
 127      FA5BA051 
 127      45F5
 128 0148 0D5AB615 		.ascii	"\015Z\266\025\031\215Z\343\241@x*2f\005\375\201\360"
 128      198D5AE3 
 128      A140782A 
 128      326605FD 
 128      81F0
 129 015a 405F7068 		.ascii	"@_ph\302\236\214N\206\355\201\360\224\035\265\"\241"
 129      C29E8C4E 
 129      86ED81F0 
 129      941DB522 
 129      A1
 130 016b 9E907FC4 		.ascii	"\236\220\177\3047F_\345z\227|"
 130      37465FE5 
 130      7A977C
 131              		.text
 132              		.section	.gnu.lto_.symbol_nodes.ec4e19e8,"",%progbits
 133 0000 789C55CF 		.ascii	"x\234U\317\301\015\3020\014F\341\027;m\223\316\300\256"
 133      C10DC230 
 133      0C46E117 
 133      3B6D93CE 
 133      C0AE
 134 0012 7F0F1D80 		.ascii	"\177\017\035\200\011P\205X\203[\317\314\000\2109\020"
 134      09508558 
 134      835BCFCC 
 134      00883910 
 135 0022 69E16072 		.ascii	"i\341`ry\372\354\213\343\300\223\337\263$8\336@\342"
 135      79FAEC8B 
 135      E3C093DF 
 135      B32438DE 
 135      40E2
 136 0034 B4143A58 		.ascii	"\264\024:XLn\246\024\307\346\262?gyt\352\225\277f\232"
 136      4C6EA614 
 136      C7E6B23F 
 136      677974EA 
 136      95BF669A 
 137 0048 1A3B7591 		.ascii	"\032;u\221E}\344\240!\262\252D\216\252\201N\317\345"
 137      457DE4A0 
 137      21B2AA44 
ARM GAS  C:\Users\Bruger\AppData\Local\Temp\ccxMefEi.s 			page 10


 137      8EAA814E 
 137      CFE5
 138 005a FE4EDE4E 		.ascii	"\376N\336N{m\265\302\272w`~\264ze\335\333~\2655\033"
 138      7B6DB5C2 
 138      BA77607E 
 138      B47A65DD 
 138      DB7EB535 
 139 006f E76D9F47 		.ascii	"\347m\237G\346\353\201\017I\340;G"
 139      E6EB810F 
 139      49E03B47 
 140              		.text
 141              		.section	.gnu.lto_.refs.ec4e19e8,"",%progbits
 142 0000 789C25C7 		.ascii	"x\234%\307\301\021\000 \020\203@H\3166\354\277Lu\344"
 142      C1110020 
 142      10834048 
 142      CE36ECBF 
 142      4C75E4
 143 0013 B514D8FC 		.ascii	"\265\024\330\374\202F'\017\330\364\216.\007\303\001"
 143      8246270F 
 143      D8F48E2E 
 143      07C301
 144 0022 07DF0052 		.ascii	"\007\337\000R"
 145              		.text
 146              		.section	.gnu.lto_.decls.ec4e19e8,"",%progbits
 147 0000 789C8D55 		.ascii	"x\234\215UkL\024W\024\236\263\027\026\030\326\325\324"
 147      6B4C1457 
 147      149EB317 
 147      1618D6D5 
 147      D4
 148 0011 040D69EB 		.ascii	"\004\015i\353\026S\322\0071\266I\033\377\325\2044\366"
 148      1653D207 
 148      31B6491B 
 148      FFD58434 
 148      F6
 149 0022 91364462 		.ascii	"\2216Db\372\243M\014\342\024\211\206%\353\322\304_\035"
 149      FAA34D0C 
 149      E2148986 
 149      25EBD2C4 
 149      5F1D
 150 0034 45E4E10B 		.ascii	"E\344\341\013P\001im\267\005\005_\313CT^\012\213\262"
 150      5001696D 
 150      B705055F 
 150      CB43545E 
 150      0A8BB2
 151 0047 BCA9F581 		.ascii	"\274\251\365\201.\005]X\264 `\301W\227\266\351\366\334"
 151      2E055D58 
 151      B42060C1 
 151      5797B6E9 
 151      F6DC
 152 0059 3B33EC8C 		.ascii	";3\354\214\356\266\235\344,s/\337\371\316\367\235\373"
 152      EEB69DE4 
 152      2C732FDF 
 152      F9CEF79D 
 152      FB
 153 006a 18C271DC 		.ascii	"\030\302q\334e\3408\037>\013\"8.N\307q\2418\227\300"
 153      65E0381F 
 153      3E0B2238 
ARM GAS  C:\Users\Bruger\AppData\Local\Temp\ccxMefEi.s 			page 11


 153      2E4EC771 
 153      A13897C0 
 154 007e F91F1EE3 		.ascii	"\371\037\036\343\024\206\035\243\032\243\026\243\021"
 154      14861DA3 
 154      1AA316A3 
 154      11
 155 008b A30DC389 		.ascii	"\243\015\303\211\321\215\321\213\321\217\201T\334mN"
 155      D18DD18B 
 155      D18F8154 
 155      DC6D4E
 156 009a FBD0DC48 		.ascii	"\373\320\334H\231\323\204\021\205\341\306h\305\030\301"
 156      99D38411 
 156      85E1C668 
 156      C518C1
 157 00a9 18C268C1 		.ascii	"\030\302h\301\030\305\250\3078\207\20128\027\306-\014"
 157      18C5A8C7 
 157      38878132 
 157      3817C62D 
 157      0C
 158 00ba 2273B4C9 		.ascii	"\"s\264\311u\003\325\260\007\250\241\346\366`t\312\334"
 158      7503D5B0 
 158      07A8A1E6 
 158      F66074CA 
 158      DC
 159 00cb 63D47380 		.ascii	"c\324s\200\032v\331\2133H\215j\271\027\0112\377=\214"
 159      1A76D98B 
 159      33488D6A 
 159      B9170932 
 159      FF3D8C
 160 00de 298CFBAA 		.ascii	")\214\373\252Z\224\177\032\343\270\3141 sW\313=:\025"
 160      5A947F1A 
 160      E3B8CC31 
 160      207357CB 
 160      3D3A15
 161 00f1 849BF634 		.ascii	"\204\233\3664L\305\255p\250y\325|\265\262\336`=\237"
 161      4CC5AD70 
 161      A879D57C 
 161      B5B2DE60 
 161      3D9F
 162 0103 D541CFA8 		.ascii	"\325A\317\250\367\221a\\\007F~\021\035\226\336\274\373"
 162      F791615C 
 162      07467E11 
 162      1D96DEBC 
 162      FB
 163 0114 98E0D0C0 		.ascii	"\230\340\320\300\353\350\360\334\334\323*\375\222C\""
 163      EBE8F0DC 
 163      DCD32AFD 
 163      924322
 164 0123 7D32C545 		.ascii	"}2\305E:H\210\202\012\210\206J\210F\306\343\260\004"
 164      3A488882 
 164      0A88864A 
 164      8846C6E3 
 164      B004
 165 0135 7F3F0F91 		.ascii	"\177?\017\221\230\236\024M8\011\321\001}/+\031\271\316"
 165      989E144D 
 165      3809D101 
 165      7D2F2B19 
ARM GAS  C:\Users\Bruger\AppData\Local\Temp\ccxMefEi.s 			page 12


 165      B9CE
 166 0147 C79DC0AC 		.ascii	"\307\235\300\254\034\261\325K\374\345n\215\317u\203"
 166      1CB1D54B 
 166      FCE56E8D 
 166      CF7583
 167 0156 E93BD15D 		.ascii	"\351;\321]=\323_\3472\210\225b\253\317\367\036\243\202"
 167      3DD35FE7 
 167      32889562 
 167      ABCFF71E 
 167      A382
 168 0168 1340E024 		.ascii	"\023@\340$\304Q$}g)p\012L\230V\3243\336\246#\353\030"
 168      C451247D 
 168      6729700A 
 168      4C9856D4 
 168      33DEA623 
 169 017e F7C0C3AE 		.ascii	"\367\300\303\256CFFa+-\323K\004,\377\264*\377\264\222"
 169      43464661 
 169      2B2DD34B 
 169      042CFFB4 
 169      2AFFB492 
 170 0192 6F67F9E5 		.ascii	"og\371\345\3055\256P\222\301\362\363O\334\276\246\303"
 170      C535AE50 
 170      92C1F2F3 
 170      4FDCBEA6 
 170      C3
 171 01a3 7C5BB5CD 		.ascii	"|[\265\315\245\311\257R\345W)\371\325,\377\316\310Y"
 171      A5C9AF52 
 171      E55729F9 
 171      D52CFFCE 
 171      C859
 172 01b5 4F08D90B 		.ascii	"O\010\331\013\214\240\322\351\313\215\224\010\354G\325"
 172      8CA0D2E9 
 172      CB8D9408 
 172      EC47D5
 173 01c4 04352A82 		.ascii	"\0045*\202\032\205\240\226\021\014\264dg\207\223c\022"
 173      1A85A096 
 173      110CB464 
 173      67879363 
 173      12
 174 01d5 C1F6634D 		.ascii	"\301\366cM{\302\260\311Q<\353\311\276\236R\007aC\037"
 174      7BC2B0C9 
 174      513CEBC9 
 174      BE9E5207 
 174      61431F
 175 01e8 FDB7CEE5 		.ascii	"\375\267\316\345:8G\200\217\315\021\305\035\342L\241"
 175      3A384780 
 175      8FCD11C5 
 175      1DE24CA1 
 176 01f8 48967210 		.ascii	"H\226r\020\027\015\257Gsp\036b\021\306\212@\035\256"
 176      170DAF47 
 176      73701E62 
 176      11C68A40 
 176      1DAE
 177 020a C3595C87 		.ascii	"\303Y\\\207r\354\362\314P\326\305\2172\305\325p\016"
 177      72ECF2CC 
 177      50D6C58F 
 177      32C5D570 
ARM GAS  C:\Users\Bruger\AppData\Local\Temp\ccxMefEi.s 			page 13


 177      0E
 178 021b 7838332F 		.ascii	"x83/\203U\220;\337w\262k\027\250\227\222B\375kY\257"
 178      8355903B 
 178      DF77B26B 
 178      17A89792 
 178      42FD6B59 
 179 0230 59CBB98E 		.ascii	"Y\313\271\216\334\034#\351\227\344\216\314\332\276\211"
 179      DC1C23E9 
 179      97E48ECC 
 179      DABE89
 180 023f A00D1767 		.ascii	"\240\015\027g\246*&7\025d\346\037\024\335>\3372\226"
 180      A62A2637 
 180      1564E61F 
 180      14DD3EDF 
 180      3296
 181 0251 040D2AD3 		.ascii	"\004\015*\323\015\212\351Ff\372\310\303\007\315\021"
 181      0D8AE946 
 181      66FAC8C3 
 181      07CD11
 182 0260 C4A6D398 		.ascii	"\304\246\323\2306I\246\213'\275u\341l\350\363\021\352"
 182      3649A68B 
 182      27BD75E1 
 182      6CE8F311 
 182      EA
 183 0271 FA4F8FBD 		.ascii	"\372O\217\275B\017\261\274d\347\250d\247\00556\371\355"
 183      420FB1BC 
 183      64E7A864 
 183      A7053536 
 183      F9ED
 184 0283 98643BAC 		.ascii	"\230d;\2543\350\"\264\322\310\315{\200\213\330\034\223"
 184      33E822B4 
 184      D2C8CD7B 
 184      808BD81C 
 184      93
 185 0294 DC9C669C 		.ascii	"\334\234f\234\274\200\223X)w\177\241\227W\033o\321\030"
 185      BC809358 
 185      29777FA1 
 185      97571B6F 
 185      D118
 186 02a6 6FD5183F 		.ascii	"o\325\030?\23736\026A*$\311\177L:\212\346\215\377\366"
 186      9F333616 
 186      412A24C9 
 186      7F4C3A8A 
 186      E68DFFF6 
 187 02ba 81CA3826 		.ascii	"\201\3128&\201Ce\334\241\030oc\306\363\263\034\371!"
 187      814365DC 
 187      A1186F63 
 187      C6F3B31C 
 187      F921
 188 02cc 217873B0 		.ascii	"!xs\260&#7\316\365\026\177\333\026\031\364(]f*.\201"
 188      262337CE 
 188      F5167FDB 
 188      1619F428 
 188      5D662A2E 
 189 02e1 2C63B6B0 		.ascii	",c\266\260aDO\332%\031\207\334\256A\236\311p\333\313"
 189      61444FDA 
 189      251987DC 
ARM GAS  C:\Users\Bruger\AppData\Local\Temp\ccxMefEi.s 			page 14


 189      AE419EC9 
 189      70DBCB
 190 02f4 3A0C36E5 		.ascii	":\0146\345\314`\016\264\253D\264+\"\234LDs\371\375\007"
 190      CC600EB4 
 190      AB44B42B 
 190      229C4C44 
 190      73F9FD07 
 191 0308 914C44CB 		.ascii	"\221LD\313\274\010\317\341\242NcP\021\235LD\207\"\242"
 191      BC08CFE1 
 191      A24E6350 
 191      119D4C44 
 191      8722A2
 192 031b A6E4C941 		.ascii	"\246\344\311A\035\231\222DL^\270\341]\310D\330\032\313"
 192      1D999244 
 192      4C5EB8E1 
 192      5DC844D8 
 192      1ACB
 193 032d 7699E45D 		.ascii	"v\231\344]\217\031\320\245\222\320\245H\350f\022\274"
 193      8F19D0A5 
 193      92D0A548 
 193      E86612BC 
 194 033d DDDF7B75 		.ascii	"\335\337{ud7a\014\367\246\217\354\012\221lT\2269\375"
 194      6437610C 
 194      F7A68FEC 
 194      0A916C54 
 194      9639FD
 195 0350 36E8C9E9 		.ascii	"6\350\311\351Qq\364(\034\275\214\243\240\340\374EB~"
 195      5171F428 
 195      1CBD8CA3 
 195      A0E0FC45 
 195      427E
 196 0362 94389AAE 		.ascii	"\2248\232\256\324\016\203\3041qIh\333!\376Ew\017\243"
 196      D40E83C4 
 196      31714968 
 196      DB21FE45 
 196      770FA3
 197 0375 E85351F4 		.ascii	"\350SQ\364)\024\375\322\351\375\375N[\030\273\343VR"
 197      2914FDD2 
 197      E9FDFD4E 
 197      5B18BBE3 
 197      5652
 198 0387 92C2ACFA 		.ascii	"\222\302\254\372z#\273\343\364\354>\261\027\333\303"
 198      7A23BBE3 
 198      F4EC3EB1 
 198      17DBC3
 199 0396 48935460 		.ascii	"H\223T`tb\237\213'\203\322 \337\371([O\246\245Af\371"
 199      74629F8B 
 199      2783D220 
 199      DFF9285B 
 199      4FA6A541 
 200 03ac D0DF8478 		.ascii	"\320\337\204x\245A\203\375q_$c4\3410t\256\267\264\336"
 200      A54183FD 
 200      715F2463 
 200      34E13074 
 200      AEB7B4DE 
 201 03c0 08318B63 		.ascii	"\0101\213cbbm\2705\335y\036g\244X\262\222\255\376U\324"
 201      62626DB8 
ARM GAS  C:\Users\Bruger\AppData\Local\Temp\ccxMefEi.s 			page 15


 201      35DD791E 
 201      67A458B2 
 201      92ADFE55 
 202 03d5 7513162B 		.ascii	"u\023\026+'\3705\332\3507\360\207+\240\213\220/\212"
 202      27F835DA 
 202      E837F087 
 202      2BA08B90 
 202      2F8A
 203 03e7 AB2D1CFC 		.ascii	"\253-\034\374\204kp\205\255\001\205\242\015\030\304"
 203      846B7085 
 203      AD0185A2 
 203      0D18C4
 204 03f6 CD3C0031 		.ascii	"\315<\0001\340\302\270\0051\314\016\343\336\347\351"
 204      E0C2B805 
 204      31CC0EE3 
 204      DEE7E9
 205 0405 98E7BE1E 		.ascii	"\230\347\276\036\200\373\006\245\221\240\2733\263\361"
 205      80FB06A5 
 205      91A0BB33 
 205      B3F1
 206 0413 865DC9D6 		.ascii	"\206]\311\326\377\232\014\235?-\014\\\301\300\364\310"
 206      FF9A0C9D 
 206      3F2D0C5C 
 206      C1C0F4C8 
 207 0423 B973CAF4 		.ascii	"\271s\312\364\"P\010\247\264Q\271:t\375\007\246\366"
 207      225008A7 
 207      B451B93A 
 207      74FD07A6 
 207      F6
 208 0434 2C80D8C5 		.ascii	",\200\330\305\014w8>\034\206\220\350g\377\261\244I\354"
 208      0C77383E 
 208      1C8690E8 
 208      67FFB1A4 
 208      49EC
 209 0446 0964097E 		.ascii	"\011d\011~A'\377\346\012\333y\374\364\336\003@\366\207"
 209      4127FFE6 
 209      0ADB79FC 
 209      F4DE0340 
 209      F687
 210 0458 B0DE76D6 		.ascii	"\260\336v\326\271g\303\227\377 \212\266\231\376\301"
 210      B967C397 
 210      FF208AB6 
 210      99FEC1
 211 0467 66DD76D1 		.ascii	"f\335v\321\266]\024\351fce\207\245\262\252\216\015K"
 211      B65D14E9 
 211      66636587 
 211      A5B2AA8E 
 211      0D4B
 212 0479 8B0DB761 		.ascii	"\213\015\267a9f7\026v\226\350\331\342\262\015\237=\334"
 212      39663716 
 212      7696E8D9 
 212      E2B20D9F 
 212      3DDC
 213 048b 7738D290 		.ascii	"w8\322\220G\357\213\374L1\242\323\310\216.\366\010\356"
 213      47EF8BFC 
 213      4C31A2D3 
 213      C88E2EF6 
ARM GAS  C:\Users\Bruger\AppData\Local\Temp\ccxMefEi.s 			page 16


 213      08EE
 214 049d B0643718 		.ascii	"\260d7\030X2\376\2457\361\344\3253\341\0324-\351G\217"
 214      5832FEA5 
 214      37F1E4D5 
 214      33E11A34 
 214      2DE9478F 
 215 04b1 C8E81186 		.ascii	"\310\350\021\206\036r\337\034\320i\320\365\032\356Q"
 215      1E72DF1C 
 215      D069D0F5 
 215      1AEE51
 216 04c0 193DCAD0 		.ascii	"\031=\312\320\307\372\232\233\265J:5h\217\214\3660\364"
 216      C7FA9A9B 
 216      B54A3A35 
 216      688F8CF6 
 216      30F4
 217 04d2 CE038E42 		.ascii	"\316\003\216B^\203\276\254A\217\311\3501\212&\216\012"
 217      5E83BEAC 
 217      418FC9E8 
 217      318A268E 
 217      0A
 218 04e3 C7200FD1 		.ascii	"\307 \017\321|t\011~o\275\313\340\036\360\364\216\304"
 218      7C74097E 
 218      6FBDCBE0 
 218      1EF0F48E 
 218      C4
 219 04f4 8B748748 		.ascii	"\213t\207HJ\214\312\347\203c\377\340\340W\244\271\213"
 219      4A8CCAE7 
 219      8363FFE0 
 219      E057A4B9 
 219      8B
 220 0505 3414DD3A 		.ascii	"4\024\335:\356\363}\355\223\236\375a\014@\177P\202X"
 220      EEF37DED 
 220      939EFD61 
 220      0C407F50 
 220      8258
 221 0517 BCBB3C9C 		.ascii	"\274\273<\234TJ\213r\366i^\303\002>\207\336\032\377"
 221      544A8B72 
 221      F6695EC3 
 221      023E87DE 
 221      1AFF
 222 0529 FD45C22D 		.ascii	"\375E\302-s\275?o B\372\206=\2331\031\364\033\326\376"
 222      73BD3F6F 
 222      2042FA86 
 222      3D9B3119 
 222      F41BD6FE 
 223 053d F0E39D78 		.ascii	"\360\343\235x\351\337\307\355:\356\337]\023\340\377"
 223      E9DFC7ED 
 223      3AEEDF5D 
 223      13E0FF
 224 054c 88E58E96 		.ascii	"\210\345\216\226\366\0314m\241`\177[\246\344\266L\261"
 224      F619346D 
 224      A1607F5B 
 224      A6E4B64C 
 224      B1
 225 055d 269EACCA 		.ascii	"&\236\254\312\312^\250A\037\3274q\032\014J\021|\345"
 225      CA5EA841 
 225      1FD73471 
ARM GAS  C:\Users\Bruger\AppData\Local\Temp\ccxMefEi.s 			page 17


 225      1A0C4A11 
 225      7CE5
 226 056f 5EFC3025 		.ascii	"^\3740%-\325\232jN\2137g\244Y\005\313\372\267\327'&"
 226      2DD59A6A 
 226      4E8B3767 
 226      A45905CB 
 226      FAB7D727 
 227 0584 7D25C49B 		.ascii	"}%\304\233\323\276LM\321\257\371t\235)\236[\261FH\023"
 227      D3BE4C4D 
 227      D1AFF974 
 227      9D299E5B 
 227      B1464813 
 228 0598 2C495661 		.ascii	",IVa\343\372Ds\206%Y\370\"!\321\034\377\316\027\317"
 228      E3FA4473 
 228      862559F8 
 228      2221D11C 
 228      FFCE17CF 
 229 05ac A7267CB2 		.ascii	"\247&|\262\"\231[\366\374\374Za\253\325l\221Y\227\004"
 229      22995BF6 
 229      FCFC5A61 
 229      ABD56C91 
 229      599704
 230 05bf 28B94510 		.ascii	"(\271E\020\322\227>?\377Y\322f!#=4#5\315\272\352\225"
 230      D2973E3F 
 230      FF59D266 
 230      21233D34 
 230      2335CDBA 
 231 05d5 202A92B7 		.ascii	" *\222\267Y\267\245\013[Wl\342^\015T8i#V\265Z\314[\326"
 231      59B7A50B 
 231      5B576CE2 
 231      5E0D5438 
 231      692356B5 
 232 05ed 0A29A95B 		.ascii	"\012)\251[q\366\315\377\353\006\031\365\264\362[\357"
 232      71F6CDFF 
 232      EB0619F5 
 232      B4F25BEF 
 233 05fd BE148C98 		.ascii	"\276\024\214\230\215b\003\350\266\244Z\205g\352\276"
 233      8D6203E8 
 233      B6A45A85 
 233      67EABE
 234 060c 1C14C686 		.ascii	"\034\024\306\206Q\001\272b5\007j\312\373iI\033\266\010"
 234      5101BA62 
 234      35076ACA 
 234      FB69491B 
 234      B608
 235 061e 01E83624 		.ascii	"\001\3506$%o\316HO\264Z2\222\255/\310\323\0228\321\212"
 235      256FCE48 
 235      4FB45A32 
 235      92AD2FC8 
 235      D31238D1 
 236 0633 7E79796A 		.ascii	"~yyj\335\306\015Q\362\3533\022\003\024\2238C,B\312\252"
 236      DDC60D51 
 236      F2EB3312 
 236      03149338 
 236      432C42CA 
 237 0648 7F0046CC 		.ascii	"\177\000F\314\321E"
 237      D145
ARM GAS  C:\Users\Bruger\AppData\Local\Temp\ccxMefEi.s 			page 18


 238              		.text
 239              		.section	.gnu.lto_.symtab.ec4e19e8,"",%progbits
 240 0000 49676E69 		.ascii	"IgnitionCounter_2_SaveConfig\000\000\000\000\000\000"
 240      74696F6E 
 240      436F756E 
 240      7465725F 
 240      325F5361 
 241 0022 00000000 		.ascii	"\000\000\000\000\000\000\254\000\000\000IgnitionCou"
 241      0000AC00 
 241      00004967 
 241      6E697469 
 241      6F6E436F 
 242 0037 6E746572 		.ascii	"nter_2_RestoreConfig\000\000\000\000\000\000\000\000"
 242      5F325F52 
 242      6573746F 
 242      7265436F 
 242      6E666967 
 243 0053 00000000 		.ascii	"\000\000\000\000\256\000\000\000IgnitionCounter_2_S"
 243      AE000000 
 243      49676E69 
 243      74696F6E 
 243      436F756E 
 244 006e 6C656570 		.ascii	"leep\000\000\000\000\000\000\000\000\000\000\000\000"
 244      00000000 
 244      00000000 
 244      00000000 
 245 007e B0000000 		.ascii	"\260\000\000\000IgnitionCounter_2_Wakeup\000\000\000"
 245      49676E69 
 245      74696F6E 
 245      436F756E 
 245      7465725F 
 246 009d 00000000 		.ascii	"\000\000\000\000\000\000\000\000\000\262\000\000\000"
 246      00000000 
 246      00B20000 
 246      00
 247 00aa 49676E69 		.ascii	"IgnitionCounter_2_ReadControlRegister\000\000\002\000"
 247      74696F6E 
 247      436F756E 
 247      7465725F 
 247      325F5265 
 248 00d3 00000000 		.ascii	"\000\000\000\000\000\000\000\000\272\000\000\000Ign"
 248      00000000 
 248      BA000000 
 248      49676E
 249 00e2 6974696F 		.ascii	"itionCounter_2_ReadCounter\000\000\002\000\000\000\000"
 249      6E436F75 
 249      6E746572 
 249      5F325F52 
 249      65616443 
 250 0103 00000000 		.ascii	"\000\000\000\000\000\302\000\000\000IgnitionCounter"
 250      00C20000 
 250      0049676E 
 250      6974696F 
 250      6E436F75 
 251 011b 5F325F57 		.ascii	"_2_WriteControlRegister\000\000\002\000\000\000\000"
 251      72697465 
 251      436F6E74 
ARM GAS  C:\Users\Bruger\AppData\Local\Temp\ccxMefEi.s 			page 19


 251      726F6C52 
 251      65676973 
 252 0139 00000000 		.ascii	"\000\000\000\000\000\306\000\000\000IgnitionCounter"
 252      00C60000 
 252      0049676E 
 252      6974696F 
 252      6E436F75 
 253 0151 5F325F57 		.ascii	"_2_WriteCounter\000\000\002\000\000\000\000\000\000"
 253      72697465 
 253      436F756E 
 253      74657200 
 253      00020000 
 254 0169 000000CA 		.ascii	"\000\000\000\312\000\000\000IgnitionCounter_2_Stop\000"
 254      00000049 
 254      676E6974 
 254      696F6E43 
 254      6F756E74 
 255 0187 00020000 		.ascii	"\000\002\000\000\000\000\000\000\000\000\000\314\000"
 255      00000000 
 255      000000CC 
 255      00
 256 0194 00004967 		.ascii	"\000\000IgnitionCounter_2_Enable\000\000\002\000\000"
 256      6E697469 
 256      6F6E436F 
 256      756E7465 
 256      725F325F 
 257 01b3 00000000 		.ascii	"\000\000\000\000\000\000\000\316\000\000\000"
 257      000000CE 
 257      000000
 258              		.text
 259              		.section	.gnu.lto_.opts,"",%progbits
 260 0000 272D666E 		.ascii	"'-fno-trapv' '-mcpu=cortex-m3' '-mthumb' '-g' '-Os'"
 260      6F2D7472 
 260      61707627 
 260      20272D6D 
 260      6370753D 
 261 0033 20272D66 		.ascii	" '-ffunction-sections' '-finline-functions' '-flto'"
 261      66756E63 
 261      74696F6E 
 261      2D736563 
 261      74696F6E 
 262 0066 20272D66 		.ascii	" '-ffat-lto-objects'\000"
 262      6661742D 
 262      6C746F2D 
 262      6F626A65 
 262      63747327 
 263              		.text
 264              		.cfi_sections	.debug_frame
 265              		.section	.text.IgnitionCounter_2_SaveConfig,"ax",%progbits
 266              		.align	1
 267              		.global	IgnitionCounter_2_SaveConfig
 268              		.thumb
 269              		.thumb_func
 270              		.type	IgnitionCounter_2_SaveConfig, %function
 271              	IgnitionCounter_2_SaveConfig:
 272              	.LFB0:
 273              		.file 1 "Generated_Source\\PSoC5\\IgnitionCounter_2_PM.c"
ARM GAS  C:\Users\Bruger\AppData\Local\Temp\ccxMefEi.s 			page 20


   1:Generated_Source\PSoC5/IgnitionCounter_2_PM.c **** /*******************************************************************************
   2:Generated_Source\PSoC5/IgnitionCounter_2_PM.c **** * File Name: IgnitionCounter_2_PM.c  
   3:Generated_Source\PSoC5/IgnitionCounter_2_PM.c **** * Version 3.0
   4:Generated_Source\PSoC5/IgnitionCounter_2_PM.c **** *
   5:Generated_Source\PSoC5/IgnitionCounter_2_PM.c **** *  Description:
   6:Generated_Source\PSoC5/IgnitionCounter_2_PM.c **** *    This file provides the power management source code to API for the
   7:Generated_Source\PSoC5/IgnitionCounter_2_PM.c **** *    Counter.  
   8:Generated_Source\PSoC5/IgnitionCounter_2_PM.c **** *
   9:Generated_Source\PSoC5/IgnitionCounter_2_PM.c **** *   Note:
  10:Generated_Source\PSoC5/IgnitionCounter_2_PM.c **** *     None
  11:Generated_Source\PSoC5/IgnitionCounter_2_PM.c **** *
  12:Generated_Source\PSoC5/IgnitionCounter_2_PM.c **** ********************************************************************************
  13:Generated_Source\PSoC5/IgnitionCounter_2_PM.c **** * Copyright 2008-2012, Cypress Semiconductor Corporation.  All rights reserved.
  14:Generated_Source\PSoC5/IgnitionCounter_2_PM.c **** * You may use this file only in accordance with the license, terms, conditions, 
  15:Generated_Source\PSoC5/IgnitionCounter_2_PM.c **** * disclaimers, and limitations in the end user license agreement accompanying 
  16:Generated_Source\PSoC5/IgnitionCounter_2_PM.c **** * the software package with which this file was provided.
  17:Generated_Source\PSoC5/IgnitionCounter_2_PM.c **** *******************************************************************************/
  18:Generated_Source\PSoC5/IgnitionCounter_2_PM.c **** 
  19:Generated_Source\PSoC5/IgnitionCounter_2_PM.c **** #include "IgnitionCounter_2.h"
  20:Generated_Source\PSoC5/IgnitionCounter_2_PM.c **** 
  21:Generated_Source\PSoC5/IgnitionCounter_2_PM.c **** static IgnitionCounter_2_backupStruct IgnitionCounter_2_backup;
  22:Generated_Source\PSoC5/IgnitionCounter_2_PM.c **** 
  23:Generated_Source\PSoC5/IgnitionCounter_2_PM.c **** 
  24:Generated_Source\PSoC5/IgnitionCounter_2_PM.c **** /*******************************************************************************
  25:Generated_Source\PSoC5/IgnitionCounter_2_PM.c **** * Function Name: IgnitionCounter_2_SaveConfig
  26:Generated_Source\PSoC5/IgnitionCounter_2_PM.c **** ********************************************************************************
  27:Generated_Source\PSoC5/IgnitionCounter_2_PM.c **** * Summary:
  28:Generated_Source\PSoC5/IgnitionCounter_2_PM.c **** *     Save the current user configuration
  29:Generated_Source\PSoC5/IgnitionCounter_2_PM.c **** *
  30:Generated_Source\PSoC5/IgnitionCounter_2_PM.c **** * Parameters:  
  31:Generated_Source\PSoC5/IgnitionCounter_2_PM.c **** *  void
  32:Generated_Source\PSoC5/IgnitionCounter_2_PM.c **** *
  33:Generated_Source\PSoC5/IgnitionCounter_2_PM.c **** * Return: 
  34:Generated_Source\PSoC5/IgnitionCounter_2_PM.c **** *  void
  35:Generated_Source\PSoC5/IgnitionCounter_2_PM.c **** *
  36:Generated_Source\PSoC5/IgnitionCounter_2_PM.c **** * Global variables:
  37:Generated_Source\PSoC5/IgnitionCounter_2_PM.c **** *  IgnitionCounter_2_backup:  Variables of this global structure are modified to 
  38:Generated_Source\PSoC5/IgnitionCounter_2_PM.c **** *  store the values of non retention configuration registers when Sleep() API is 
  39:Generated_Source\PSoC5/IgnitionCounter_2_PM.c **** *  called.
  40:Generated_Source\PSoC5/IgnitionCounter_2_PM.c **** *
  41:Generated_Source\PSoC5/IgnitionCounter_2_PM.c **** *******************************************************************************/
  42:Generated_Source\PSoC5/IgnitionCounter_2_PM.c **** void IgnitionCounter_2_SaveConfig(void) 
  43:Generated_Source\PSoC5/IgnitionCounter_2_PM.c **** {
 274              		.loc 1 43 0
 275              		.cfi_startproc
 276              		@ args = 0, pretend = 0, frame = 0
 277              		@ frame_needed = 0, uses_anonymous_args = 0
 278 0000 10B5     		push	{r4, lr}
 279              		.cfi_def_cfa_offset 8
 280              		.cfi_offset 4, -8
 281              		.cfi_offset 14, -4
  44:Generated_Source\PSoC5/IgnitionCounter_2_PM.c ****     #if (!IgnitionCounter_2_UsingFixedFunction)
  45:Generated_Source\PSoC5/IgnitionCounter_2_PM.c **** 
  46:Generated_Source\PSoC5/IgnitionCounter_2_PM.c ****         IgnitionCounter_2_backup.CounterUdb = IgnitionCounter_2_ReadCounter();
 282              		.loc 1 46 0
 283 0002 FFF7FEFF 		bl	IgnitionCounter_2_ReadCounter
 284              	.LVL0:
ARM GAS  C:\Users\Bruger\AppData\Local\Temp\ccxMefEi.s 			page 21


 285 0006 034C     		ldr	r4, .L2
 286 0008 6080     		strh	r0, [r4, #2]	@ movhi
  47:Generated_Source\PSoC5/IgnitionCounter_2_PM.c **** 
  48:Generated_Source\PSoC5/IgnitionCounter_2_PM.c ****         #if(!IgnitionCounter_2_ControlRegRemoved)
  49:Generated_Source\PSoC5/IgnitionCounter_2_PM.c ****             IgnitionCounter_2_backup.CounterControlRegister = IgnitionCounter_2_ReadControlRegister
 287              		.loc 1 49 0
 288 000a FFF7FEFF 		bl	IgnitionCounter_2_ReadControlRegister
 289              	.LVL1:
 290 000e 2071     		strb	r0, [r4, #4]
 291 0010 10BD     		pop	{r4, pc}
 292              	.L3:
 293 0012 00BF     		.align	2
 294              	.L2:
 295 0014 00000000 		.word	.LANCHOR0
 296              		.cfi_endproc
 297              	.LFE0:
 298              		.size	IgnitionCounter_2_SaveConfig, .-IgnitionCounter_2_SaveConfig
 299              		.section	.text.IgnitionCounter_2_RestoreConfig,"ax",%progbits
 300              		.align	1
 301              		.global	IgnitionCounter_2_RestoreConfig
 302              		.thumb
 303              		.thumb_func
 304              		.type	IgnitionCounter_2_RestoreConfig, %function
 305              	IgnitionCounter_2_RestoreConfig:
 306              	.LFB1:
  50:Generated_Source\PSoC5/IgnitionCounter_2_PM.c ****         #endif /* (!IgnitionCounter_2_ControlRegRemoved) */
  51:Generated_Source\PSoC5/IgnitionCounter_2_PM.c **** 
  52:Generated_Source\PSoC5/IgnitionCounter_2_PM.c ****     #endif /* (!IgnitionCounter_2_UsingFixedFunction) */
  53:Generated_Source\PSoC5/IgnitionCounter_2_PM.c **** }
  54:Generated_Source\PSoC5/IgnitionCounter_2_PM.c **** 
  55:Generated_Source\PSoC5/IgnitionCounter_2_PM.c **** 
  56:Generated_Source\PSoC5/IgnitionCounter_2_PM.c **** /*******************************************************************************
  57:Generated_Source\PSoC5/IgnitionCounter_2_PM.c **** * Function Name: IgnitionCounter_2_RestoreConfig
  58:Generated_Source\PSoC5/IgnitionCounter_2_PM.c **** ********************************************************************************
  59:Generated_Source\PSoC5/IgnitionCounter_2_PM.c **** *
  60:Generated_Source\PSoC5/IgnitionCounter_2_PM.c **** * Summary:
  61:Generated_Source\PSoC5/IgnitionCounter_2_PM.c **** *  Restores the current user configuration.
  62:Generated_Source\PSoC5/IgnitionCounter_2_PM.c **** *
  63:Generated_Source\PSoC5/IgnitionCounter_2_PM.c **** * Parameters:  
  64:Generated_Source\PSoC5/IgnitionCounter_2_PM.c **** *  void
  65:Generated_Source\PSoC5/IgnitionCounter_2_PM.c **** *
  66:Generated_Source\PSoC5/IgnitionCounter_2_PM.c **** * Return: 
  67:Generated_Source\PSoC5/IgnitionCounter_2_PM.c **** *  void
  68:Generated_Source\PSoC5/IgnitionCounter_2_PM.c **** *
  69:Generated_Source\PSoC5/IgnitionCounter_2_PM.c **** * Global variables:
  70:Generated_Source\PSoC5/IgnitionCounter_2_PM.c **** *  IgnitionCounter_2_backup:  Variables of this global structure are used to 
  71:Generated_Source\PSoC5/IgnitionCounter_2_PM.c **** *  restore the values of non retention registers on wakeup from sleep mode.
  72:Generated_Source\PSoC5/IgnitionCounter_2_PM.c **** *
  73:Generated_Source\PSoC5/IgnitionCounter_2_PM.c **** *******************************************************************************/
  74:Generated_Source\PSoC5/IgnitionCounter_2_PM.c **** void IgnitionCounter_2_RestoreConfig(void) 
  75:Generated_Source\PSoC5/IgnitionCounter_2_PM.c **** {      
 307              		.loc 1 75 0
 308              		.cfi_startproc
 309              		@ args = 0, pretend = 0, frame = 0
 310              		@ frame_needed = 0, uses_anonymous_args = 0
 311 0000 10B5     		push	{r4, lr}
 312              		.cfi_def_cfa_offset 8
ARM GAS  C:\Users\Bruger\AppData\Local\Temp\ccxMefEi.s 			page 22


 313              		.cfi_offset 4, -8
 314              		.cfi_offset 14, -4
  76:Generated_Source\PSoC5/IgnitionCounter_2_PM.c ****     #if (!IgnitionCounter_2_UsingFixedFunction)
  77:Generated_Source\PSoC5/IgnitionCounter_2_PM.c **** 
  78:Generated_Source\PSoC5/IgnitionCounter_2_PM.c ****        IgnitionCounter_2_WriteCounter(IgnitionCounter_2_backup.CounterUdb);
 315              		.loc 1 78 0
 316 0002 044C     		ldr	r4, .L5
 317 0004 6088     		ldrh	r0, [r4, #2]
 318 0006 FFF7FEFF 		bl	IgnitionCounter_2_WriteCounter
 319              	.LVL2:
  79:Generated_Source\PSoC5/IgnitionCounter_2_PM.c **** 
  80:Generated_Source\PSoC5/IgnitionCounter_2_PM.c ****         #if(!IgnitionCounter_2_ControlRegRemoved)
  81:Generated_Source\PSoC5/IgnitionCounter_2_PM.c ****             IgnitionCounter_2_WriteControlRegister(IgnitionCounter_2_backup.CounterControlRegister)
 320              		.loc 1 81 0
 321 000a 2079     		ldrb	r0, [r4, #4]	@ zero_extendqisi2
  82:Generated_Source\PSoC5/IgnitionCounter_2_PM.c ****         #endif /* (!IgnitionCounter_2_ControlRegRemoved) */
  83:Generated_Source\PSoC5/IgnitionCounter_2_PM.c **** 
  84:Generated_Source\PSoC5/IgnitionCounter_2_PM.c ****     #endif /* (!IgnitionCounter_2_UsingFixedFunction) */
  85:Generated_Source\PSoC5/IgnitionCounter_2_PM.c **** }
 322              		.loc 1 85 0
 323 000c BDE81040 		pop	{r4, lr}
 324              		.cfi_restore 14
 325              		.cfi_restore 4
 326              		.cfi_def_cfa_offset 0
  81:Generated_Source\PSoC5/IgnitionCounter_2_PM.c ****         #endif /* (!IgnitionCounter_2_ControlRegRemoved) */
 327              		.loc 1 81 0
 328 0010 FFF7FEBF 		b	IgnitionCounter_2_WriteControlRegister
 329              	.LVL3:
 330              	.L6:
 331              		.align	2
 332              	.L5:
 333 0014 00000000 		.word	.LANCHOR0
 334              		.cfi_endproc
 335              	.LFE1:
 336              		.size	IgnitionCounter_2_RestoreConfig, .-IgnitionCounter_2_RestoreConfig
 337              		.section	.text.IgnitionCounter_2_Sleep,"ax",%progbits
 338              		.align	1
 339              		.global	IgnitionCounter_2_Sleep
 340              		.thumb
 341              		.thumb_func
 342              		.type	IgnitionCounter_2_Sleep, %function
 343              	IgnitionCounter_2_Sleep:
 344              	.LFB2:
  86:Generated_Source\PSoC5/IgnitionCounter_2_PM.c **** 
  87:Generated_Source\PSoC5/IgnitionCounter_2_PM.c **** 
  88:Generated_Source\PSoC5/IgnitionCounter_2_PM.c **** /*******************************************************************************
  89:Generated_Source\PSoC5/IgnitionCounter_2_PM.c **** * Function Name: IgnitionCounter_2_Sleep
  90:Generated_Source\PSoC5/IgnitionCounter_2_PM.c **** ********************************************************************************
  91:Generated_Source\PSoC5/IgnitionCounter_2_PM.c **** * Summary:
  92:Generated_Source\PSoC5/IgnitionCounter_2_PM.c **** *     Stop and Save the user configuration
  93:Generated_Source\PSoC5/IgnitionCounter_2_PM.c **** *
  94:Generated_Source\PSoC5/IgnitionCounter_2_PM.c **** * Parameters:  
  95:Generated_Source\PSoC5/IgnitionCounter_2_PM.c **** *  void
  96:Generated_Source\PSoC5/IgnitionCounter_2_PM.c **** *
  97:Generated_Source\PSoC5/IgnitionCounter_2_PM.c **** * Return: 
  98:Generated_Source\PSoC5/IgnitionCounter_2_PM.c **** *  void
  99:Generated_Source\PSoC5/IgnitionCounter_2_PM.c **** *
ARM GAS  C:\Users\Bruger\AppData\Local\Temp\ccxMefEi.s 			page 23


 100:Generated_Source\PSoC5/IgnitionCounter_2_PM.c **** * Global variables:
 101:Generated_Source\PSoC5/IgnitionCounter_2_PM.c **** *  IgnitionCounter_2_backup.enableState:  Is modified depending on the enable 
 102:Generated_Source\PSoC5/IgnitionCounter_2_PM.c **** *  state of the block before entering sleep mode.
 103:Generated_Source\PSoC5/IgnitionCounter_2_PM.c **** *
 104:Generated_Source\PSoC5/IgnitionCounter_2_PM.c **** *******************************************************************************/
 105:Generated_Source\PSoC5/IgnitionCounter_2_PM.c **** void IgnitionCounter_2_Sleep(void) 
 106:Generated_Source\PSoC5/IgnitionCounter_2_PM.c **** {
 345              		.loc 1 106 0
 346              		.cfi_startproc
 347              		@ args = 0, pretend = 0, frame = 0
 348              		@ frame_needed = 0, uses_anonymous_args = 0
 349 0000 08B5     		push	{r3, lr}
 350              		.cfi_def_cfa_offset 8
 351              		.cfi_offset 3, -8
 352              		.cfi_offset 14, -4
 107:Generated_Source\PSoC5/IgnitionCounter_2_PM.c ****     #if(!IgnitionCounter_2_ControlRegRemoved)
 108:Generated_Source\PSoC5/IgnitionCounter_2_PM.c ****         /* Save Counter's enable state */
 109:Generated_Source\PSoC5/IgnitionCounter_2_PM.c ****         if(IgnitionCounter_2_CTRL_ENABLE == (IgnitionCounter_2_CONTROL & IgnitionCounter_2_CTRL_ENA
 353              		.loc 1 109 0
 354 0002 074B     		ldr	r3, .L11
 355 0004 1B78     		ldrb	r3, [r3]	@ zero_extendqisi2
 356 0006 13F0800F 		tst	r3, #128
 357 000a 064B     		ldr	r3, .L11+4
 110:Generated_Source\PSoC5/IgnitionCounter_2_PM.c ****         {
 111:Generated_Source\PSoC5/IgnitionCounter_2_PM.c ****             /* Counter is enabled */
 112:Generated_Source\PSoC5/IgnitionCounter_2_PM.c ****             IgnitionCounter_2_backup.CounterEnableState = 1u;
 358              		.loc 1 112 0
 359 000c 14BF     		ite	ne
 360 000e 0122     		movne	r2, #1
 113:Generated_Source\PSoC5/IgnitionCounter_2_PM.c ****         }
 114:Generated_Source\PSoC5/IgnitionCounter_2_PM.c ****         else
 115:Generated_Source\PSoC5/IgnitionCounter_2_PM.c ****         {
 116:Generated_Source\PSoC5/IgnitionCounter_2_PM.c ****             /* Counter is disabled */
 117:Generated_Source\PSoC5/IgnitionCounter_2_PM.c ****             IgnitionCounter_2_backup.CounterEnableState = 0u;
 361              		.loc 1 117 0
 362 0010 0022     		moveq	r2, #0
 363 0012 1A70     		strb	r2, [r3]
 118:Generated_Source\PSoC5/IgnitionCounter_2_PM.c ****         }
 119:Generated_Source\PSoC5/IgnitionCounter_2_PM.c ****     #else
 120:Generated_Source\PSoC5/IgnitionCounter_2_PM.c ****         IgnitionCounter_2_backup.CounterEnableState = 1u;
 121:Generated_Source\PSoC5/IgnitionCounter_2_PM.c ****         if(IgnitionCounter_2_backup.CounterEnableState != 0u)
 122:Generated_Source\PSoC5/IgnitionCounter_2_PM.c ****         {
 123:Generated_Source\PSoC5/IgnitionCounter_2_PM.c ****             IgnitionCounter_2_backup.CounterEnableState = 0u;
 124:Generated_Source\PSoC5/IgnitionCounter_2_PM.c ****         }
 125:Generated_Source\PSoC5/IgnitionCounter_2_PM.c ****     #endif /* (!IgnitionCounter_2_ControlRegRemoved) */
 126:Generated_Source\PSoC5/IgnitionCounter_2_PM.c ****     
 127:Generated_Source\PSoC5/IgnitionCounter_2_PM.c ****     IgnitionCounter_2_Stop();
 364              		.loc 1 127 0
 365 0014 FFF7FEFF 		bl	IgnitionCounter_2_Stop
 366              	.LVL4:
 128:Generated_Source\PSoC5/IgnitionCounter_2_PM.c ****     IgnitionCounter_2_SaveConfig();
 129:Generated_Source\PSoC5/IgnitionCounter_2_PM.c **** }
 367              		.loc 1 129 0
 368 0018 BDE80840 		pop	{r3, lr}
 369              		.cfi_restore 14
 370              		.cfi_restore 3
 371              		.cfi_def_cfa_offset 0
ARM GAS  C:\Users\Bruger\AppData\Local\Temp\ccxMefEi.s 			page 24


 128:Generated_Source\PSoC5/IgnitionCounter_2_PM.c ****     IgnitionCounter_2_SaveConfig();
 372              		.loc 1 128 0
 373 001c FFF7FEBF 		b	IgnitionCounter_2_SaveConfig
 374              	.LVL5:
 375              	.L12:
 376              		.align	2
 377              	.L11:
 378 0020 75640040 		.word	1073767541
 379 0024 00000000 		.word	.LANCHOR0
 380              		.cfi_endproc
 381              	.LFE2:
 382              		.size	IgnitionCounter_2_Sleep, .-IgnitionCounter_2_Sleep
 383              		.section	.text.IgnitionCounter_2_Wakeup,"ax",%progbits
 384              		.align	1
 385              		.global	IgnitionCounter_2_Wakeup
 386              		.thumb
 387              		.thumb_func
 388              		.type	IgnitionCounter_2_Wakeup, %function
 389              	IgnitionCounter_2_Wakeup:
 390              	.LFB3:
 130:Generated_Source\PSoC5/IgnitionCounter_2_PM.c **** 
 131:Generated_Source\PSoC5/IgnitionCounter_2_PM.c **** 
 132:Generated_Source\PSoC5/IgnitionCounter_2_PM.c **** /*******************************************************************************
 133:Generated_Source\PSoC5/IgnitionCounter_2_PM.c **** * Function Name: IgnitionCounter_2_Wakeup
 134:Generated_Source\PSoC5/IgnitionCounter_2_PM.c **** ********************************************************************************
 135:Generated_Source\PSoC5/IgnitionCounter_2_PM.c **** *
 136:Generated_Source\PSoC5/IgnitionCounter_2_PM.c **** * Summary:
 137:Generated_Source\PSoC5/IgnitionCounter_2_PM.c **** *  Restores and enables the user configuration
 138:Generated_Source\PSoC5/IgnitionCounter_2_PM.c **** *  
 139:Generated_Source\PSoC5/IgnitionCounter_2_PM.c **** * Parameters:  
 140:Generated_Source\PSoC5/IgnitionCounter_2_PM.c **** *  void
 141:Generated_Source\PSoC5/IgnitionCounter_2_PM.c **** *
 142:Generated_Source\PSoC5/IgnitionCounter_2_PM.c **** * Return: 
 143:Generated_Source\PSoC5/IgnitionCounter_2_PM.c **** *  void
 144:Generated_Source\PSoC5/IgnitionCounter_2_PM.c **** *
 145:Generated_Source\PSoC5/IgnitionCounter_2_PM.c **** * Global variables:
 146:Generated_Source\PSoC5/IgnitionCounter_2_PM.c **** *  IgnitionCounter_2_backup.enableState:  Is used to restore the enable state of 
 147:Generated_Source\PSoC5/IgnitionCounter_2_PM.c **** *  block on wakeup from sleep mode.
 148:Generated_Source\PSoC5/IgnitionCounter_2_PM.c **** *
 149:Generated_Source\PSoC5/IgnitionCounter_2_PM.c **** *******************************************************************************/
 150:Generated_Source\PSoC5/IgnitionCounter_2_PM.c **** void IgnitionCounter_2_Wakeup(void) 
 151:Generated_Source\PSoC5/IgnitionCounter_2_PM.c **** {
 391              		.loc 1 151 0
 392              		.cfi_startproc
 393              		@ args = 0, pretend = 0, frame = 0
 394              		@ frame_needed = 0, uses_anonymous_args = 0
 395 0000 08B5     		push	{r3, lr}
 396              		.cfi_def_cfa_offset 8
 397              		.cfi_offset 3, -8
 398              		.cfi_offset 14, -4
 152:Generated_Source\PSoC5/IgnitionCounter_2_PM.c ****     IgnitionCounter_2_RestoreConfig();
 399              		.loc 1 152 0
 400 0002 FFF7FEFF 		bl	IgnitionCounter_2_RestoreConfig
 401              	.LVL6:
 153:Generated_Source\PSoC5/IgnitionCounter_2_PM.c ****     #if(!IgnitionCounter_2_ControlRegRemoved)
 154:Generated_Source\PSoC5/IgnitionCounter_2_PM.c ****         if(IgnitionCounter_2_backup.CounterEnableState == 1u)
 402              		.loc 1 154 0
ARM GAS  C:\Users\Bruger\AppData\Local\Temp\ccxMefEi.s 			page 25


 403 0006 044B     		ldr	r3, .L16
 404 0008 1B78     		ldrb	r3, [r3]	@ zero_extendqisi2
 405 000a 012B     		cmp	r3, #1
 406 000c 03D1     		bne	.L13
 155:Generated_Source\PSoC5/IgnitionCounter_2_PM.c ****         {
 156:Generated_Source\PSoC5/IgnitionCounter_2_PM.c ****             /* Enable Counter's operation */
 157:Generated_Source\PSoC5/IgnitionCounter_2_PM.c ****             IgnitionCounter_2_Enable();
 158:Generated_Source\PSoC5/IgnitionCounter_2_PM.c ****         } /* Do nothing if Counter was disabled before */    
 159:Generated_Source\PSoC5/IgnitionCounter_2_PM.c ****     #endif /* (!IgnitionCounter_2_ControlRegRemoved) */
 160:Generated_Source\PSoC5/IgnitionCounter_2_PM.c ****     
 161:Generated_Source\PSoC5/IgnitionCounter_2_PM.c **** }
 407              		.loc 1 161 0
 408 000e BDE80840 		pop	{r3, lr}
 409              		.cfi_remember_state
 410              		.cfi_restore 14
 411              		.cfi_restore 3
 412              		.cfi_def_cfa_offset 0
 157:Generated_Source\PSoC5/IgnitionCounter_2_PM.c ****         } /* Do nothing if Counter was disabled before */    
 413              		.loc 1 157 0
 414 0012 FFF7FEBF 		b	IgnitionCounter_2_Enable
 415              	.LVL7:
 416              	.L13:
 417              		.cfi_restore_state
 418 0016 08BD     		pop	{r3, pc}
 419              	.L17:
 420              		.align	2
 421              	.L16:
 422 0018 00000000 		.word	.LANCHOR0
 423              		.cfi_endproc
 424              	.LFE3:
 425              		.size	IgnitionCounter_2_Wakeup, .-IgnitionCounter_2_Wakeup
 426              		.bss
 427              		.align	1
 428              		.set	.LANCHOR0,. + 0
 429              		.type	IgnitionCounter_2_backup, %object
 430              		.size	IgnitionCounter_2_backup, 6
 431              	IgnitionCounter_2_backup:
 432 0000 00000000 		.space	6
 432      0000
 433              		.text
 434              	.Letext0:
 435              		.file 2 "Generated_Source\\PSoC5\\cytypes.h"
 436              		.file 3 "Generated_Source\\PSoC5\\IgnitionCounter_2.h"
 437              		.section	.debug_info,"",%progbits
 438              	.Ldebug_info0:
 439 0000 DC010000 		.4byte	0x1dc
 440 0004 0400     		.2byte	0x4
 441 0006 00000000 		.4byte	.Ldebug_abbrev0
 442 000a 04       		.byte	0x4
 443 000b 01       		.uleb128 0x1
 444 000c 1B010000 		.4byte	.LASF30
 445 0010 01       		.byte	0x1
 446 0011 31030000 		.4byte	.LASF31
 447 0015 06020000 		.4byte	.LASF32
 448 0019 00000000 		.4byte	.Ldebug_ranges0+0
 449 001d 00000000 		.4byte	0
 450 0021 00000000 		.4byte	.Ldebug_line0
ARM GAS  C:\Users\Bruger\AppData\Local\Temp\ccxMefEi.s 			page 26


 451 0025 02       		.uleb128 0x2
 452 0026 01       		.byte	0x1
 453 0027 06       		.byte	0x6
 454 0028 68030000 		.4byte	.LASF0
 455 002c 02       		.uleb128 0x2
 456 002d 01       		.byte	0x1
 457 002e 08       		.byte	0x8
 458 002f 0D010000 		.4byte	.LASF1
 459 0033 02       		.uleb128 0x2
 460 0034 02       		.byte	0x2
 461 0035 05       		.byte	0x5
 462 0036 09030000 		.4byte	.LASF2
 463 003a 02       		.uleb128 0x2
 464 003b 02       		.byte	0x2
 465 003c 07       		.byte	0x7
 466 003d 9D000000 		.4byte	.LASF3
 467 0041 02       		.uleb128 0x2
 468 0042 04       		.byte	0x4
 469 0043 05       		.byte	0x5
 470 0044 5F030000 		.4byte	.LASF4
 471 0048 02       		.uleb128 0x2
 472 0049 04       		.byte	0x4
 473 004a 07       		.byte	0x7
 474 004b C7010000 		.4byte	.LASF5
 475 004f 02       		.uleb128 0x2
 476 0050 08       		.byte	0x8
 477 0051 05       		.byte	0x5
 478 0052 D7020000 		.4byte	.LASF6
 479 0056 02       		.uleb128 0x2
 480 0057 08       		.byte	0x8
 481 0058 07       		.byte	0x7
 482 0059 6C020000 		.4byte	.LASF7
 483 005d 03       		.uleb128 0x3
 484 005e 04       		.byte	0x4
 485 005f 05       		.byte	0x5
 486 0060 696E7400 		.ascii	"int\000"
 487 0064 02       		.uleb128 0x2
 488 0065 04       		.byte	0x4
 489 0066 07       		.byte	0x7
 490 0067 5F020000 		.4byte	.LASF8
 491 006b 04       		.uleb128 0x4
 492 006c D9010000 		.4byte	.LASF9
 493 0070 02       		.byte	0x2
 494 0071 3801     		.2byte	0x138
 495 0073 2C000000 		.4byte	0x2c
 496 0077 04       		.uleb128 0x4
 497 0078 FF010000 		.4byte	.LASF10
 498 007c 02       		.byte	0x2
 499 007d 3901     		.2byte	0x139
 500 007f 3A000000 		.4byte	0x3a
 501 0083 02       		.uleb128 0x2
 502 0084 04       		.byte	0x4
 503 0085 04       		.byte	0x4
 504 0086 07010000 		.4byte	.LASF11
 505 008a 02       		.uleb128 0x2
 506 008b 08       		.byte	0x8
 507 008c 04       		.byte	0x4
ARM GAS  C:\Users\Bruger\AppData\Local\Temp\ccxMefEi.s 			page 27


 508 008d F8010000 		.4byte	.LASF12
 509 0091 02       		.uleb128 0x2
 510 0092 01       		.byte	0x1
 511 0093 08       		.byte	0x8
 512 0094 E5020000 		.4byte	.LASF13
 513 0098 04       		.uleb128 0x4
 514 0099 C2010000 		.4byte	.LASF14
 515 009d 02       		.byte	0x2
 516 009e E201     		.2byte	0x1e2
 517 00a0 A4000000 		.4byte	0xa4
 518 00a4 05       		.uleb128 0x5
 519 00a5 6B000000 		.4byte	0x6b
 520 00a9 02       		.uleb128 0x2
 521 00aa 04       		.byte	0x4
 522 00ab 07       		.byte	0x7
 523 00ac BB020000 		.4byte	.LASF15
 524 00b0 06       		.uleb128 0x6
 525 00b1 06       		.byte	0x6
 526 00b2 03       		.byte	0x3
 527 00b3 40       		.byte	0x40
 528 00b4 DD000000 		.4byte	0xdd
 529 00b8 07       		.uleb128 0x7
 530 00b9 C4020000 		.4byte	.LASF16
 531 00bd 03       		.byte	0x3
 532 00be 42       		.byte	0x42
 533 00bf 6B000000 		.4byte	0x6b
 534 00c3 00       		.byte	0
 535 00c4 07       		.uleb128 0x7
 536 00c5 B0000000 		.4byte	.LASF17
 537 00c9 03       		.byte	0x3
 538 00ca 43       		.byte	0x43
 539 00cb 77000000 		.4byte	0x77
 540 00cf 02       		.byte	0x2
 541 00d0 07       		.uleb128 0x7
 542 00d1 BB000000 		.4byte	.LASF18
 543 00d5 03       		.byte	0x3
 544 00d6 46       		.byte	0x46
 545 00d7 6B000000 		.4byte	0x6b
 546 00db 04       		.byte	0x4
 547 00dc 00       		.byte	0
 548 00dd 08       		.uleb128 0x8
 549 00de 9C020000 		.4byte	.LASF19
 550 00e2 03       		.byte	0x3
 551 00e3 49       		.byte	0x49
 552 00e4 B0000000 		.4byte	0xb0
 553 00e8 09       		.uleb128 0x9
 554 00e9 EA000000 		.4byte	.LASF20
 555 00ed 01       		.byte	0x1
 556 00ee 2A       		.byte	0x2a
 557 00ef 00000000 		.4byte	.LFB0
 558 00f3 18000000 		.4byte	.LFE0-.LFB0
 559 00f7 01       		.uleb128 0x1
 560 00f8 9C       		.byte	0x9c
 561 00f9 10010000 		.4byte	0x110
 562 00fd 0A       		.uleb128 0xa
 563 00fe 06000000 		.4byte	.LVL0
 564 0102 99010000 		.4byte	0x199
ARM GAS  C:\Users\Bruger\AppData\Local\Temp\ccxMefEi.s 			page 28


 565 0106 0A       		.uleb128 0xa
 566 0107 0E000000 		.4byte	.LVL1
 567 010b A4010000 		.4byte	0x1a4
 568 010f 00       		.byte	0
 569 0110 09       		.uleb128 0x9
 570 0111 40000000 		.4byte	.LASF21
 571 0115 01       		.byte	0x1
 572 0116 4A       		.byte	0x4a
 573 0117 00000000 		.4byte	.LFB1
 574 011b 18000000 		.4byte	.LFE1-.LFB1
 575 011f 01       		.uleb128 0x1
 576 0120 9C       		.byte	0x9c
 577 0121 38010000 		.4byte	0x138
 578 0125 0A       		.uleb128 0xa
 579 0126 0A000000 		.4byte	.LVL2
 580 012a AF010000 		.4byte	0x1af
 581 012e 0B       		.uleb128 0xb
 582 012f 14000000 		.4byte	.LVL3
 583 0133 C0010000 		.4byte	0x1c0
 584 0137 00       		.byte	0
 585 0138 09       		.uleb128 0x9
 586 0139 D2000000 		.4byte	.LASF22
 587 013d 01       		.byte	0x1
 588 013e 69       		.byte	0x69
 589 013f 00000000 		.4byte	.LFB2
 590 0143 28000000 		.4byte	.LFE2-.LFB2
 591 0147 01       		.uleb128 0x1
 592 0148 9C       		.byte	0x9c
 593 0149 60010000 		.4byte	0x160
 594 014d 0A       		.uleb128 0xa
 595 014e 18000000 		.4byte	.LVL4
 596 0152 D1010000 		.4byte	0x1d1
 597 0156 0B       		.uleb128 0xb
 598 0157 20000000 		.4byte	.LVL5
 599 015b E8000000 		.4byte	0xe8
 600 015f 00       		.byte	0
 601 0160 09       		.uleb128 0x9
 602 0161 83020000 		.4byte	.LASF23
 603 0165 01       		.byte	0x1
 604 0166 96       		.byte	0x96
 605 0167 00000000 		.4byte	.LFB3
 606 016b 1C000000 		.4byte	.LFE3-.LFB3
 607 016f 01       		.uleb128 0x1
 608 0170 9C       		.byte	0x9c
 609 0171 88010000 		.4byte	0x188
 610 0175 0A       		.uleb128 0xa
 611 0176 06000000 		.4byte	.LVL6
 612 017a 10010000 		.4byte	0x110
 613 017e 0B       		.uleb128 0xb
 614 017f 16000000 		.4byte	.LVL7
 615 0183 D8010000 		.4byte	0x1d8
 616 0187 00       		.byte	0
 617 0188 0C       		.uleb128 0xc
 618 0189 DF010000 		.4byte	.LASF33
 619 018d 01       		.byte	0x1
 620 018e 15       		.byte	0x15
 621 018f DD000000 		.4byte	0xdd
ARM GAS  C:\Users\Bruger\AppData\Local\Temp\ccxMefEi.s 			page 29


 622 0193 05       		.uleb128 0x5
 623 0194 03       		.byte	0x3
 624 0195 00000000 		.4byte	IgnitionCounter_2_backup
 625 0199 0D       		.uleb128 0xd
 626 019a 13030000 		.4byte	.LASF24
 627 019e 03       		.byte	0x3
 628 019f 5D       		.byte	0x5d
 629 01a0 77000000 		.4byte	0x77
 630 01a4 0D       		.uleb128 0xd
 631 01a5 60000000 		.4byte	.LASF25
 632 01a9 03       		.byte	0x3
 633 01aa 55       		.byte	0x55
 634 01ab 6B000000 		.4byte	0x6b
 635 01af 0E       		.uleb128 0xe
 636 01b0 EA020000 		.4byte	.LASF26
 637 01b4 03       		.byte	0x3
 638 01b5 5A       		.byte	0x5a
 639 01b6 C0010000 		.4byte	0x1c0
 640 01ba 0F       		.uleb128 0xf
 641 01bb 77000000 		.4byte	0x77
 642 01bf 00       		.byte	0
 643 01c0 0E       		.uleb128 0xe
 644 01c1 00000000 		.4byte	.LASF27
 645 01c5 03       		.byte	0x3
 646 01c6 56       		.byte	0x56
 647 01c7 D1010000 		.4byte	0x1d1
 648 01cb 0F       		.uleb128 0xf
 649 01cc 6B000000 		.4byte	0x6b
 650 01d0 00       		.byte	0
 651 01d1 10       		.uleb128 0x10
 652 01d2 86000000 		.4byte	.LASF28
 653 01d6 03       		.byte	0x3
 654 01d7 50       		.byte	0x50
 655 01d8 10       		.uleb128 0x10
 656 01d9 27000000 		.4byte	.LASF29
 657 01dd 03       		.byte	0x3
 658 01de 71       		.byte	0x71
 659 01df 00       		.byte	0
 660              		.section	.debug_abbrev,"",%progbits
 661              	.Ldebug_abbrev0:
 662 0000 01       		.uleb128 0x1
 663 0001 11       		.uleb128 0x11
 664 0002 01       		.byte	0x1
 665 0003 25       		.uleb128 0x25
 666 0004 0E       		.uleb128 0xe
 667 0005 13       		.uleb128 0x13
 668 0006 0B       		.uleb128 0xb
 669 0007 03       		.uleb128 0x3
 670 0008 0E       		.uleb128 0xe
 671 0009 1B       		.uleb128 0x1b
 672 000a 0E       		.uleb128 0xe
 673 000b 55       		.uleb128 0x55
 674 000c 17       		.uleb128 0x17
 675 000d 11       		.uleb128 0x11
 676 000e 01       		.uleb128 0x1
 677 000f 10       		.uleb128 0x10
 678 0010 17       		.uleb128 0x17
ARM GAS  C:\Users\Bruger\AppData\Local\Temp\ccxMefEi.s 			page 30


 679 0011 00       		.byte	0
 680 0012 00       		.byte	0
 681 0013 02       		.uleb128 0x2
 682 0014 24       		.uleb128 0x24
 683 0015 00       		.byte	0
 684 0016 0B       		.uleb128 0xb
 685 0017 0B       		.uleb128 0xb
 686 0018 3E       		.uleb128 0x3e
 687 0019 0B       		.uleb128 0xb
 688 001a 03       		.uleb128 0x3
 689 001b 0E       		.uleb128 0xe
 690 001c 00       		.byte	0
 691 001d 00       		.byte	0
 692 001e 03       		.uleb128 0x3
 693 001f 24       		.uleb128 0x24
 694 0020 00       		.byte	0
 695 0021 0B       		.uleb128 0xb
 696 0022 0B       		.uleb128 0xb
 697 0023 3E       		.uleb128 0x3e
 698 0024 0B       		.uleb128 0xb
 699 0025 03       		.uleb128 0x3
 700 0026 08       		.uleb128 0x8
 701 0027 00       		.byte	0
 702 0028 00       		.byte	0
 703 0029 04       		.uleb128 0x4
 704 002a 16       		.uleb128 0x16
 705 002b 00       		.byte	0
 706 002c 03       		.uleb128 0x3
 707 002d 0E       		.uleb128 0xe
 708 002e 3A       		.uleb128 0x3a
 709 002f 0B       		.uleb128 0xb
 710 0030 3B       		.uleb128 0x3b
 711 0031 05       		.uleb128 0x5
 712 0032 49       		.uleb128 0x49
 713 0033 13       		.uleb128 0x13
 714 0034 00       		.byte	0
 715 0035 00       		.byte	0
 716 0036 05       		.uleb128 0x5
 717 0037 35       		.uleb128 0x35
 718 0038 00       		.byte	0
 719 0039 49       		.uleb128 0x49
 720 003a 13       		.uleb128 0x13
 721 003b 00       		.byte	0
 722 003c 00       		.byte	0
 723 003d 06       		.uleb128 0x6
 724 003e 13       		.uleb128 0x13
 725 003f 01       		.byte	0x1
 726 0040 0B       		.uleb128 0xb
 727 0041 0B       		.uleb128 0xb
 728 0042 3A       		.uleb128 0x3a
 729 0043 0B       		.uleb128 0xb
 730 0044 3B       		.uleb128 0x3b
 731 0045 0B       		.uleb128 0xb
 732 0046 01       		.uleb128 0x1
 733 0047 13       		.uleb128 0x13
 734 0048 00       		.byte	0
 735 0049 00       		.byte	0
ARM GAS  C:\Users\Bruger\AppData\Local\Temp\ccxMefEi.s 			page 31


 736 004a 07       		.uleb128 0x7
 737 004b 0D       		.uleb128 0xd
 738 004c 00       		.byte	0
 739 004d 03       		.uleb128 0x3
 740 004e 0E       		.uleb128 0xe
 741 004f 3A       		.uleb128 0x3a
 742 0050 0B       		.uleb128 0xb
 743 0051 3B       		.uleb128 0x3b
 744 0052 0B       		.uleb128 0xb
 745 0053 49       		.uleb128 0x49
 746 0054 13       		.uleb128 0x13
 747 0055 38       		.uleb128 0x38
 748 0056 0B       		.uleb128 0xb
 749 0057 00       		.byte	0
 750 0058 00       		.byte	0
 751 0059 08       		.uleb128 0x8
 752 005a 16       		.uleb128 0x16
 753 005b 00       		.byte	0
 754 005c 03       		.uleb128 0x3
 755 005d 0E       		.uleb128 0xe
 756 005e 3A       		.uleb128 0x3a
 757 005f 0B       		.uleb128 0xb
 758 0060 3B       		.uleb128 0x3b
 759 0061 0B       		.uleb128 0xb
 760 0062 49       		.uleb128 0x49
 761 0063 13       		.uleb128 0x13
 762 0064 00       		.byte	0
 763 0065 00       		.byte	0
 764 0066 09       		.uleb128 0x9
 765 0067 2E       		.uleb128 0x2e
 766 0068 01       		.byte	0x1
 767 0069 3F       		.uleb128 0x3f
 768 006a 19       		.uleb128 0x19
 769 006b 03       		.uleb128 0x3
 770 006c 0E       		.uleb128 0xe
 771 006d 3A       		.uleb128 0x3a
 772 006e 0B       		.uleb128 0xb
 773 006f 3B       		.uleb128 0x3b
 774 0070 0B       		.uleb128 0xb
 775 0071 27       		.uleb128 0x27
 776 0072 19       		.uleb128 0x19
 777 0073 11       		.uleb128 0x11
 778 0074 01       		.uleb128 0x1
 779 0075 12       		.uleb128 0x12
 780 0076 06       		.uleb128 0x6
 781 0077 40       		.uleb128 0x40
 782 0078 18       		.uleb128 0x18
 783 0079 9742     		.uleb128 0x2117
 784 007b 19       		.uleb128 0x19
 785 007c 01       		.uleb128 0x1
 786 007d 13       		.uleb128 0x13
 787 007e 00       		.byte	0
 788 007f 00       		.byte	0
 789 0080 0A       		.uleb128 0xa
 790 0081 898201   		.uleb128 0x4109
 791 0084 00       		.byte	0
 792 0085 11       		.uleb128 0x11
ARM GAS  C:\Users\Bruger\AppData\Local\Temp\ccxMefEi.s 			page 32


 793 0086 01       		.uleb128 0x1
 794 0087 31       		.uleb128 0x31
 795 0088 13       		.uleb128 0x13
 796 0089 00       		.byte	0
 797 008a 00       		.byte	0
 798 008b 0B       		.uleb128 0xb
 799 008c 898201   		.uleb128 0x4109
 800 008f 00       		.byte	0
 801 0090 11       		.uleb128 0x11
 802 0091 01       		.uleb128 0x1
 803 0092 9542     		.uleb128 0x2115
 804 0094 19       		.uleb128 0x19
 805 0095 31       		.uleb128 0x31
 806 0096 13       		.uleb128 0x13
 807 0097 00       		.byte	0
 808 0098 00       		.byte	0
 809 0099 0C       		.uleb128 0xc
 810 009a 34       		.uleb128 0x34
 811 009b 00       		.byte	0
 812 009c 03       		.uleb128 0x3
 813 009d 0E       		.uleb128 0xe
 814 009e 3A       		.uleb128 0x3a
 815 009f 0B       		.uleb128 0xb
 816 00a0 3B       		.uleb128 0x3b
 817 00a1 0B       		.uleb128 0xb
 818 00a2 49       		.uleb128 0x49
 819 00a3 13       		.uleb128 0x13
 820 00a4 02       		.uleb128 0x2
 821 00a5 18       		.uleb128 0x18
 822 00a6 00       		.byte	0
 823 00a7 00       		.byte	0
 824 00a8 0D       		.uleb128 0xd
 825 00a9 2E       		.uleb128 0x2e
 826 00aa 00       		.byte	0
 827 00ab 3F       		.uleb128 0x3f
 828 00ac 19       		.uleb128 0x19
 829 00ad 03       		.uleb128 0x3
 830 00ae 0E       		.uleb128 0xe
 831 00af 3A       		.uleb128 0x3a
 832 00b0 0B       		.uleb128 0xb
 833 00b1 3B       		.uleb128 0x3b
 834 00b2 0B       		.uleb128 0xb
 835 00b3 27       		.uleb128 0x27
 836 00b4 19       		.uleb128 0x19
 837 00b5 49       		.uleb128 0x49
 838 00b6 13       		.uleb128 0x13
 839 00b7 3C       		.uleb128 0x3c
 840 00b8 19       		.uleb128 0x19
 841 00b9 00       		.byte	0
 842 00ba 00       		.byte	0
 843 00bb 0E       		.uleb128 0xe
 844 00bc 2E       		.uleb128 0x2e
 845 00bd 01       		.byte	0x1
 846 00be 3F       		.uleb128 0x3f
 847 00bf 19       		.uleb128 0x19
 848 00c0 03       		.uleb128 0x3
 849 00c1 0E       		.uleb128 0xe
ARM GAS  C:\Users\Bruger\AppData\Local\Temp\ccxMefEi.s 			page 33


 850 00c2 3A       		.uleb128 0x3a
 851 00c3 0B       		.uleb128 0xb
 852 00c4 3B       		.uleb128 0x3b
 853 00c5 0B       		.uleb128 0xb
 854 00c6 27       		.uleb128 0x27
 855 00c7 19       		.uleb128 0x19
 856 00c8 3C       		.uleb128 0x3c
 857 00c9 19       		.uleb128 0x19
 858 00ca 01       		.uleb128 0x1
 859 00cb 13       		.uleb128 0x13
 860 00cc 00       		.byte	0
 861 00cd 00       		.byte	0
 862 00ce 0F       		.uleb128 0xf
 863 00cf 05       		.uleb128 0x5
 864 00d0 00       		.byte	0
 865 00d1 49       		.uleb128 0x49
 866 00d2 13       		.uleb128 0x13
 867 00d3 00       		.byte	0
 868 00d4 00       		.byte	0
 869 00d5 10       		.uleb128 0x10
 870 00d6 2E       		.uleb128 0x2e
 871 00d7 00       		.byte	0
 872 00d8 3F       		.uleb128 0x3f
 873 00d9 19       		.uleb128 0x19
 874 00da 03       		.uleb128 0x3
 875 00db 0E       		.uleb128 0xe
 876 00dc 3A       		.uleb128 0x3a
 877 00dd 0B       		.uleb128 0xb
 878 00de 3B       		.uleb128 0x3b
 879 00df 0B       		.uleb128 0xb
 880 00e0 27       		.uleb128 0x27
 881 00e1 19       		.uleb128 0x19
 882 00e2 3C       		.uleb128 0x3c
 883 00e3 19       		.uleb128 0x19
 884 00e4 00       		.byte	0
 885 00e5 00       		.byte	0
 886 00e6 00       		.byte	0
 887              		.section	.debug_aranges,"",%progbits
 888 0000 34000000 		.4byte	0x34
 889 0004 0200     		.2byte	0x2
 890 0006 00000000 		.4byte	.Ldebug_info0
 891 000a 04       		.byte	0x4
 892 000b 00       		.byte	0
 893 000c 0000     		.2byte	0
 894 000e 0000     		.2byte	0
 895 0010 00000000 		.4byte	.LFB0
 896 0014 18000000 		.4byte	.LFE0-.LFB0
 897 0018 00000000 		.4byte	.LFB1
 898 001c 18000000 		.4byte	.LFE1-.LFB1
 899 0020 00000000 		.4byte	.LFB2
 900 0024 28000000 		.4byte	.LFE2-.LFB2
 901 0028 00000000 		.4byte	.LFB3
 902 002c 1C000000 		.4byte	.LFE3-.LFB3
 903 0030 00000000 		.4byte	0
 904 0034 00000000 		.4byte	0
 905              		.section	.debug_ranges,"",%progbits
 906              	.Ldebug_ranges0:
ARM GAS  C:\Users\Bruger\AppData\Local\Temp\ccxMefEi.s 			page 34


 907 0000 00000000 		.4byte	.LFB0
 908 0004 18000000 		.4byte	.LFE0
 909 0008 00000000 		.4byte	.LFB1
 910 000c 18000000 		.4byte	.LFE1
 911 0010 00000000 		.4byte	.LFB2
 912 0014 28000000 		.4byte	.LFE2
 913 0018 00000000 		.4byte	.LFB3
 914 001c 1C000000 		.4byte	.LFE3
 915 0020 00000000 		.4byte	0
 916 0024 00000000 		.4byte	0
 917              		.section	.debug_line,"",%progbits
 918              	.Ldebug_line0:
 919 0000 BF000000 		.section	.debug_str,"MS",%progbits,1
 919      02006800 
 919      00000201 
 919      FB0E0D00 
 919      01010101 
 920              	.LASF27:
 921 0000 49676E69 		.ascii	"IgnitionCounter_2_WriteControlRegister\000"
 921      74696F6E 
 921      436F756E 
 921      7465725F 
 921      325F5772 
 922              	.LASF29:
 923 0027 49676E69 		.ascii	"IgnitionCounter_2_Enable\000"
 923      74696F6E 
 923      436F756E 
 923      7465725F 
 923      325F456E 
 924              	.LASF21:
 925 0040 49676E69 		.ascii	"IgnitionCounter_2_RestoreConfig\000"
 925      74696F6E 
 925      436F756E 
 925      7465725F 
 925      325F5265 
 926              	.LASF25:
 927 0060 49676E69 		.ascii	"IgnitionCounter_2_ReadControlRegister\000"
 927      74696F6E 
 927      436F756E 
 927      7465725F 
 927      325F5265 
 928              	.LASF28:
 929 0086 49676E69 		.ascii	"IgnitionCounter_2_Stop\000"
 929      74696F6E 
 929      436F756E 
 929      7465725F 
 929      325F5374 
 930              	.LASF3:
 931 009d 73686F72 		.ascii	"short unsigned int\000"
 931      7420756E 
 931      7369676E 
 931      65642069 
 931      6E7400
 932              	.LASF17:
 933 00b0 436F756E 		.ascii	"CounterUdb\000"
 933      74657255 
 933      646200
ARM GAS  C:\Users\Bruger\AppData\Local\Temp\ccxMefEi.s 			page 35


 934              	.LASF18:
 935 00bb 436F756E 		.ascii	"CounterControlRegister\000"
 935      74657243 
 935      6F6E7472 
 935      6F6C5265 
 935      67697374 
 936              	.LASF22:
 937 00d2 49676E69 		.ascii	"IgnitionCounter_2_Sleep\000"
 937      74696F6E 
 937      436F756E 
 937      7465725F 
 937      325F536C 
 938              	.LASF20:
 939 00ea 49676E69 		.ascii	"IgnitionCounter_2_SaveConfig\000"
 939      74696F6E 
 939      436F756E 
 939      7465725F 
 939      325F5361 
 940              	.LASF11:
 941 0107 666C6F61 		.ascii	"float\000"
 941      7400
 942              	.LASF1:
 943 010d 756E7369 		.ascii	"unsigned char\000"
 943      676E6564 
 943      20636861 
 943      7200
 944              	.LASF30:
 945 011b 474E5520 		.ascii	"GNU C 4.9.3 20150303 (release) [ARM/embedded-4_9-br"
 945      4320342E 
 945      392E3320 
 945      32303135 
 945      30333033 
 946 014e 616E6368 		.ascii	"anch revision 221220] -mcpu=cortex-m3 -mthumb -g -O"
 946      20726576 
 946      6973696F 
 946      6E203232 
 946      31323230 
 947 0181 73202D66 		.ascii	"s -ffunction-sections -finline-functions -flto -ffa"
 947      66756E63 
 947      74696F6E 
 947      2D736563 
 947      74696F6E 
 948 01b4 742D6C74 		.ascii	"t-lto-objects\000"
 948      6F2D6F62 
 948      6A656374 
 948      7300
 949              	.LASF14:
 950 01c2 72656738 		.ascii	"reg8\000"
 950      00
 951              	.LASF5:
 952 01c7 6C6F6E67 		.ascii	"long unsigned int\000"
 952      20756E73 
 952      69676E65 
 952      6420696E 
 952      7400
 953              	.LASF9:
 954 01d9 75696E74 		.ascii	"uint8\000"
ARM GAS  C:\Users\Bruger\AppData\Local\Temp\ccxMefEi.s 			page 36


 954      3800
 955              	.LASF33:
 956 01df 49676E69 		.ascii	"IgnitionCounter_2_backup\000"
 956      74696F6E 
 956      436F756E 
 956      7465725F 
 956      325F6261 
 957              	.LASF12:
 958 01f8 646F7562 		.ascii	"double\000"
 958      6C6500
 959              	.LASF10:
 960 01ff 75696E74 		.ascii	"uint16\000"
 960      313600
 961              	.LASF32:
 962 0206 433A5C55 		.ascii	"C:\\Users\\Bruger\\Desktop\\CODE\\PSOC5\\CY8CKIT-59"
 962      73657273 
 962      5C427275 
 962      6765725C 
 962      4465736B 
 963 0233 2D417264 		.ascii	"-Arduino\\CY8CKIT59_Ardudino-Speeduino.cydsn\000"
 963      75696E6F 
 963      5C435938 
 963      434B4954 
 963      35395F41 
 964              	.LASF8:
 965 025f 756E7369 		.ascii	"unsigned int\000"
 965      676E6564 
 965      20696E74 
 965      00
 966              	.LASF7:
 967 026c 6C6F6E67 		.ascii	"long long unsigned int\000"
 967      206C6F6E 
 967      6720756E 
 967      7369676E 
 967      65642069 
 968              	.LASF23:
 969 0283 49676E69 		.ascii	"IgnitionCounter_2_Wakeup\000"
 969      74696F6E 
 969      436F756E 
 969      7465725F 
 969      325F5761 
 970              	.LASF19:
 971 029c 49676E69 		.ascii	"IgnitionCounter_2_backupStruct\000"
 971      74696F6E 
 971      436F756E 
 971      7465725F 
 971      325F6261 
 972              	.LASF15:
 973 02bb 73697A65 		.ascii	"sizetype\000"
 973      74797065 
 973      00
 974              	.LASF16:
 975 02c4 436F756E 		.ascii	"CounterEnableState\000"
 975      74657245 
 975      6E61626C 
 975      65537461 
 975      746500
ARM GAS  C:\Users\Bruger\AppData\Local\Temp\ccxMefEi.s 			page 37


 976              	.LASF6:
 977 02d7 6C6F6E67 		.ascii	"long long int\000"
 977      206C6F6E 
 977      6720696E 
 977      7400
 978              	.LASF13:
 979 02e5 63686172 		.ascii	"char\000"
 979      00
 980              	.LASF26:
 981 02ea 49676E69 		.ascii	"IgnitionCounter_2_WriteCounter\000"
 981      74696F6E 
 981      436F756E 
 981      7465725F 
 981      325F5772 
 982              	.LASF2:
 983 0309 73686F72 		.ascii	"short int\000"
 983      7420696E 
 983      7400
 984              	.LASF24:
 985 0313 49676E69 		.ascii	"IgnitionCounter_2_ReadCounter\000"
 985      74696F6E 
 985      436F756E 
 985      7465725F 
 985      325F5265 
 986              	.LASF31:
 987 0331 47656E65 		.ascii	"Generated_Source\\PSoC5\\IgnitionCounter_2_PM.c\000"
 987      72617465 
 987      645F536F 
 987      75726365 
 987      5C50536F 
 988              	.LASF4:
 989 035f 6C6F6E67 		.ascii	"long int\000"
 989      20696E74 
 989      00
 990              	.LASF0:
 991 0368 7369676E 		.ascii	"signed char\000"
 991      65642063 
 991      68617200 
 992              		.comm	__gnu_lto_v1,1,1
 993              		.ident	"GCC: (GNU Tools for ARM Embedded Processors) 4.9.3 20150303 (release) [ARM/embedded-4_9-br
