ARM GAS  C:\Users\Bruger\AppData\Local\Temp\cc9i0tTX.s 			page 1


   1              		.syntax unified
   2              		.cpu cortex-m3
   3              		.fpu softvfp
   4              		.eabi_attribute 20, 1
   5              		.eabi_attribute 21, 1
   6              		.eabi_attribute 23, 3
   7              		.eabi_attribute 24, 1
   8              		.eabi_attribute 25, 1
   9              		.eabi_attribute 26, 1
  10              		.eabi_attribute 30, 2
  11              		.eabi_attribute 34, 1
  12              		.eabi_attribute 18, 4
  13              		.thumb
  14              		.file	"Injection_Timer_1_PM.c"
  15              		.text
  16              	.Ltext0:
  17              		.section	.gnu.lto_.profile.1d797e6f,"",%progbits
  18 0000 789C6366 		.ascii	"x\234cf```e\200\000F\206\026F5\000\002>\000\265"
  18      60606065 
  18      80004686 
  18      16463500 
  18      023E00B5 
  19              		.text
  20              		.section	.gnu.lto_.jmpfuncs.1d797e6f,"",%progbits
  21 0000 789C6366 		.ascii	"x\234cf\300\016\344\2404\013\204bb``\204!f\2048\000"
  21      C00EE4A0 
  21      340B8462 
  21      62606084 
  21      21668438 
  22 0015 067E0032 		.ascii	"\006~\0002"
  23              		.text
  24              		.section	.gnu.lto_.inline.1d797e6f,"",%progbits
  25 0000 789C6366 		.ascii	"x\234cf\300\016\332\2404\013\003\003\237\006#\003\023"
  25      C00EDAA0 
  25      340B0303 
  25      9F062303 
  25      13
  26 0011 D7043F06 		.ascii	"\327\004?\006\266\005\362L 1&nT\002\273\012\306\011"
  26      B605F24C 
  26      2031266E 
  26      5402BB0A 
  26      C609
  27 0023 7EA81433 		.ascii	"~\250\0243\003\227\024H\335>;\270:F.\030\301\302\300"
  27      03971448 
  27      DD3E3BB8 
  27      3A462E18 
  27      C1C2C0
  28 0036 210C9464 		.ascii	"!\014\224d\373\240\207E\222\001\000C0\013{"
  28      FBA08745 
  28      92010043 
  28      300B7B
  29              		.text
  30              		.section	.gnu.lto_.pureconst.1d797e6f,"",%progbits
  31 0000 789C6366 		.ascii	"x\234cf``\340d\200\000\026\006)&)f)\026\011\000\002"
  31      6060E064 
  31      80001606 
  31      29262966 
ARM GAS  C:\Users\Bruger\AppData\Local\Temp\cc9i0tTX.s 			page 2


  31      29160900 
  32 0015 CF0080   		.ascii	"\317\000\200"
  33              		.text
  34              		.section	.gnu.lto_Injection_Timer_1_SaveConfig.1d797e6f,"",%progbits
  35 0000 789C9D92 		.ascii	"x\234\235\222\317k\023A\024\307\337w6]WWi\361\230\177"
  35      CF6B1341 
  35      14C7DF77 
  35      365D5757 
  35      69F1987F 
  36 0014 A0171314 		.ascii	"\240\027\023\024\364\326\236\004\245\207B\240\036\013"
  36      F4D69E04 
  36      A58742A0 
  36      1E0B
  37 0022 41D23D54 		.ascii	"A\322=T0\201P\217\241\2635\240\010\332\352\301\026\252"
  37      3081508F 
  37      A1B335A0 
  37      08DAEAC1 
  37      16AA
  38 0034 428B62D2 		.ascii	"B\213b\322\244\255F\215\277\016\256=\010\245\320\"="
  38      A4AD468D 
  38      BF0EAE3D 
  38      08A5D022 
  38      3D
  39 0045 08221521 		.ascii	"\010\"\025!\005=\010\326\200%\224Z\337\233\275\330\324"
  39      053D08D6 
  39      8025945A 
  39      DF9BBDD8 
  39      D4
  40 0056 16ECC2CC 		.ascii	"\026\354\302\314\354\314|\347}?\357\315X\264\363\213"
  40      ECCC7CE7 
  40      7D3FEFCD 
  40      58B4F38B 
  41 0066 725B5744 		.ascii	"r[WD\307y\204EP#\213D\276\243\000\371!\320\240\302 "
  41      C7798445 
  41      50238B44 
  41      BEA300F9 
  41      21D0A0C2 
  42 007b BEA93585 		.ascii	"\276\2515\205\221\2404\346\266?\320Z\377\230\\\360\023"
  42      91A034E6 
  42      B63FD05A 
  42      FF985CF0 
  42      13
  43 008c 011A7CAE 		.ascii	"\001\032|\256\256\3028x\210vb\321Z~\363\203k\347Y\324"
  43      AEC23878 
  43      887662D1 
  43      5A7EF383 
  43      6BE759D4 
  44 00a0 16EEA100 		.ascii	"\026\356\241\000\033<\316\036\015\364\326V}\372\355"
  44      1B3CCE1E 
  44      0DF4D656 
  44      7DFAED
  45 00af 6DFB8845 		.ascii	"m\373\210E\015\005[:\207;\345JGT\343&\246\253<\341\321"
  45      0D055B3A 
  45      873BE54A 
  45      4754E326 
  45      A6AB3CE1 
  46 00c4 FA84CBC1 		.ascii	"\372\204\313\301\233\242%\001\326\225\305\261\357-\337"
ARM GAS  C:\Users\Bruger\AppData\Local\Temp\cc9i0tTX.s 			page 3


  46      9BA22501 
  46      D695C5B1 
  46      EF2DDF
  47 00d3 9851B90D 		.ascii	"\230Q\271\015}U;\015e\325\025\207E\0219>\035\241\217"
  47      7D553B0D 
  47      65D51587 
  47      4511393E 
  47      1DA18F
  48 00e6 18BA3571 		.ascii	"\030\2725qR\264\315\302\226M\301\340\325\317\265\245"
  48      52B4CDC2 
  48      964DC1E0 
  48      D5CFB5A5 
  49 00f6 F7CE57C5 		.ascii	"\367\316W\305+fZ\360\363wp\027\343\276\026\225\215)"
  49      2B665AF0 
  49      F3777017 
  49      E3BE1695 
  49      8D29
  50 0108 E45042D4 		.ascii	"\344PB\324\354\375.\017W\354X\211\263\010\272\033\352"
  50      ECFD2E0F 
  50      57EC5889 
  50      B308BA1B 
  50      EA
  51 0119 00CA2CFC 		.ascii	"\000\312,\374i2\3054bLC\002\267\374]\205p;<\031\216"
  51      6932C534 
  51      624C4302 
  51      B7FC5D85 
  51      703B3C19 
  52 012e D598F90B 		.ascii	"\325\230\371\013\356\313\261=\341\232if\377M\323%4\217"
  52      EECBB13D 
  52      E19A6966 
  52      FF4DD325 
  52      348F
  53 0140 0C8D1415 		.ascii	"\014\215\024\025\217\205\306f\203\271_\327V\252\255"
  53      8F85C666 
  53      83B95FD7 
  53      56AAAD
  54 014f 218EC367 		.ascii	"!\216\303g\252\305\373Y\311\325\2712\357\353\310\266"
  54      AAC5FB59 
  54      C9D5B932 
  54      EFEBC8B6 
  55 015f F41D1354 		.ascii	"\364\035\023T_\037\236k\021\303<\337\343AT\020\305\023"
  55      5F1F9E6B 
  55      11C33CDF 
  55      E3415410 
  55      C513
  56 0171 F1C3538E 		.ascii	"\361\303S\216\036\022w\374\027\361\263]\353w\010UCl"
  56      1E1277FC 
  56      17F1B35D 
  56      EB770855 
  56      436C
  57 0183 9EC37321 		.ascii	"\236\303s!vL\375n\276\353\014\201\335f\023\267\316%"
  57      764CFD6E 
  57      BEEB0C81 
  57      DD6613B7 
  57      CE25
  58 0195 26BC30F5 		.ascii	"&\2740\365;\274\037\232\227{\320\27424\226\320\274\026"
  58      3BBC1F9A 
ARM GAS  C:\Users\Bruger\AppData\Local\Temp\cc9i0tTX.s 			page 4


  58      977BD0BC 
  58      323496D0 
  58      BC16
  59 01a7 1A9756E0 		.ascii	"\032\227V\340\007\243g\304@\356\270\306\265\345\007"
  59      07A367C4 
  59      40EEB8C6 
  59      B5E507
  60 01b6 C891E367 		.ascii	"\310\221\343g\275\264\227=?\340\365%{2\227\262)\257"
  60      BDB4973D 
  60      3FE0F525 
  60      7B3297B2 
  60      29AF
  61 01c8 37D19339 		.ascii	"7\321\2239}\252\267+}\301K\015\364g\322\311s\375\027"
  61      7DAAB72B 
  61      7DC14B0D 
  61      F467D2C9 
  61      73FD17
  62 01db BD6CF244 		.ascii	"\275l\362D2\321\035O\321\037(}\035\231"
  62      32D11D4F 
  62      D11F287D 
  62      1D99
  63              		.text
  64              		.section	.gnu.lto_Injection_Timer_1_RestoreConfig.1d797e6f,"",%progbits
  65 0000 789C8D92 		.ascii	"x\234\215\222\317KTQ\024\307\317\367\2747\317\247\323"
  65      CF4B5451 
  65      14C7CFF7 
  65      BC37CFA7 
  65      D3
  66 0011 225AC9FC 		.ascii	"\"Z\311\374\003\022\241\026\321\246m\213h\021\030\272"
  66      0312A116 
  66      D1A66D8B 
  66      681118BA 
  67 0021 148698DE 		.ascii	"\024\206\230\336\302\240\031\030l9x\237L\324&uZ\005"
  67      C2A01918 
  67      6C39789F 
  67      4CD42675 
  67      5A05
  68 0033 5AAB444D 		.ascii	"Z\253DM\323\306j\354\307fp#m\212!\242\020Q\012\205\\"
  68      D3C66AEC 
  68      C7667023 
  68      6D8A21A2 
  68      10510A85 
  69 0048 D9348B78 		.ascii	"\3314\213x\210\3319\367\321\"\233\304\007\367\234w\356"
  69      88D939F7 
  69      D1229BC4 
  69      07F79C77 
  69      EE
  70 0059 FDBEEFF9 		.ascii	"\375\276\357\371p\336u\350\337'%\353+\023\235\226\014"
  70      70DE75E8 
  70      DF2725EB 
  70      2B139D96 
  70      0C
  71 006a 87C063EF 		.ascii	"\207\300c\357\210B\237\001}!\320\020c\010\333\\g\214"
  71      88429F01 
  71      7D21D010 
  71      6308DB5C 
  71      678C
ARM GAS  C:\Users\Bruger\AppData\Local\Temp\cc9i0tTX.s 			page 5


  72 007c 5567EF27 		.ascii	"Ug\357';&\2151\337\207\227\332o\265G\362Y\203c\033L"
  72      3B268D31 
  72      DF8797DA 
  72      6FB547F2 
  72      5983631B 
  73 0091 A1834453 		.ascii	"\241\203DS/\356}JzE\321\034\217\3170\015\017\222\027"
  73      2FEE7D4A 
  73      7A45D11C 
  73      8FCF300D 
  73      0F9217
  74 00a4 4E54CDFE 		.ascii	"NT\315\376~c\255\364\371\374\2256\246\210\341j\360$"
  74      7E63ADF4 
  74      F9FC9536 
  74      A688E16A 
  74      F024
  75 00b6 B0AF8168 		.ascii	"\260\257\201hS\2266\335\222B\262\263\212\341Jy\275\224"
  75      539636DD 
  75      9242B2B3 
  75      8AE14A79 
  75      BD94
  76 00c8 508B9FAC 		.ascii	"P\213\237\254\004\017?\214\314sa\327\3341~\304\316\236"
  76      040F3F8C 
  76      CC7361D7 
  76      DC317EC4 
  76      CE9E
  77 00da FACBEEC6 		.ascii	"\372\313\356\306\346\373\232\377\215e\307\226\323aq"
  77      E6FB9AFF 
  77      8D65C796 
  77      D36171
  78 00e9 020F301E 		.ascii	"\002\0170\036\032U\271\230A\001\217\221\262g\277\346"
  78      1A55B998 
  78      41018F91 
  78      B267BFE6 
  79 00f9 4617BDCE 		.ascii	"F\027\275\316S\021'0+\232\037\226\036s\350\2445\270"
  79      53112730 
  79      2B9A1F96 
  79      1E73E8A4 
  79      35B8
  80 010b DA870E76 		.ascii	"\332\207\016v\361\032,\370x\202\002\011C\304-\244X\365"
  80      F11A2CF8 
  80      78820209 
  80      43C42DA4 
  80      58F5
  81 011d 8D9A1363 		.ascii	"\215\232\023c\271\377\305:\3101\337\234c\301r\350\210"
  81      B9FFC53A 
  81      C831DF9C 
  81      63C172E8 
  81      88
  82 012e F0F4700E 		.ascii	"\360\364p\016\361E\331r\270\1778\312[\245\2631\207w"
  82      F145D972 
  82      B87F38CA 
  82      5BA5B331 
  82      8777
  83 0140 648EC566 		.ascii	"d\216\305f\034>\236Y\016\373\313\236\013\307*\226\357"
  83      1C3E9E59 
  83      0EFBCB9E 
  83      0BC72A96 
ARM GAS  C:\Users\Bruger\AppData\Local\Temp\cc9i0tTX.s 			page 6


  83      EF
  84 0151 7DE9566F 		.ascii	"}\351Vo\221Uf\036\345u\300\255\267\337\206\306\375k"
  84      9155661E 
  84      E575C0AD 
  84      B7DF86C6 
  84      FD6B
  85 0163 E6ADD6C7 		.ascii	"\346\255\326\307\334\035]Nh\217bX=\031q\033^ \205\212"
  85      DC1D5D4E 
  85      688F6258 
  85      3D19711B 
  85      5E20858A 
  86 0177 36C192F8 		.ascii	"6\301\222\370\012\236\305\255\355 \246\365\217L\373"
  86      0A9EC5AD 
  86      ED20A6F5 
  86      8F4CFB
  87 0186 B239ED2B 		.ascii	"\2629\355+K\353(\355\353C\246\226l\250\006o\354\324"
  87      4BEB28ED 
  87      EB43A696 
  87      6CA8066F 
  87      ECD4
  88 0198 A43E46EB 		.ascii	"\244>F\353\010\253\037W\330\252I\357\034\364\256I\363"
  88      08AB1F57 
  88      D8AA49EF 
  88      1CF4AE49 
  88      F3
  89 01a9 AE8B4136 		.ascii	"\256\213A6\310_\035\014\256\245{s7\363\231\240\277\247"
  89      C85F1D0C 
  89      AEA57B73 
  89      37F399A0 
  89      BFA7
  90 01bb 3777E15C 		.ascii	"7w\341\\\377\245\354\365 38\220\313\246\373\006n\004"
  90      FFA5ECF5 
  90      20333890 
  90      CBA6FB06 
  90      6E04
  91 01cd F9F49974 		.ascii	"\371\364\231t\317\345\256\014\375\006}\312\016c"
  91      CFE5AE0C 
  91      FD067DCA 
  91      0E63
  92              		.text
  93              		.section	.gnu.lto_Injection_Timer_1_Sleep.1d797e6f,"",%progbits
  94 0000 789C8552 		.ascii	"x\234\205R\317k\023A\024~\337\233\335M\232j\025O\245"
  94      CF6B1341 
  94      147EDF9B 
  94      DD4D9A6A 
  94      154FA5
  95 0013 FF404FAD 		.ascii	"\377@O\255z\360(=x\020\205B\241\036\013A\342\036*\230"
  95      7AF0283D 
  95      78108542 
  95      A11E0B41 
  95      E21E2A98 
  96 0027 48A8C7D0 		.ascii	"H\250\307\320\331d\305\242\240\245\007\011j\275\251"
  96      D964C5A2 
  96      A0A50709 
  96      6ABDA9
  97 0036 ADA96DAD 		.ascii	"\255\251m\255\277\020<,\236D\212\245\326*\024\211\227"
  97      BF103C2C 
ARM GAS  C:\Users\Bruger\AppData\Local\Temp\cc9i0tTX.s 			page 7


  97      9E448AA5 
  97      D62A1489 
  97      97
  98 0047 14F49618 		.ascii	"\024\364\226\030\210]\244\3267\233hKE]\230}\363\336"
  98      885DA4D6 
  98      379B684B 
  98      455D987D 
  98      F3DE
  99 0059 7CF37DDF 		.ascii	"|\363}\337\274\031E\177~Ge\234g\242C\022\341\020x\374"
  99      BC19457F 
  99      7E47659C 
  99      67A24312 
  99      E11078FC 
 100 006d 0D911767 		.ascii	"\015\221\027gV\033\035\244\023V\261\217\364\036\005"
 100      561B1DA4 
 100      1356B18F 
 100      F41E05
 101 007c BB59B67E 		.ascii	"\273Y\266~Ml\300L\0104\312\312\2621\212/\\c\214\007"
 101      4D6CC04C 
 101      0834CACA 
 101      B2318A2F 
 101      5C638C07 
 102 0090 A5627BF7 		.ascii	"\245b{\367\035\255u5\277\322y\2613\024\346:7\225p\017"
 102      1DAD7535 
 102      BFD279B1 
 102      3314E63A 
 102      3795700F 
 103 00a4 DD24989A 		.ascii	"\335$\230\232\277\371\241\335\361\005\263\277\271\206"
 103      BFF9A1DD 
 103      F105B3BF 
 103      B986
 104 00b2 29389038 		.ascii	")8\2208w \320[[\365\305\211\261\203\334\246(dX\362\023"
 104      7720D05B 
 104      5BF5C589 
 104      B183DCA6 
 104      286458F2 
 105 00c7 44458651 		.ascii	"DE\206Q[\227D\242Z\303\313\306\345\362\364\013\230\235"
 105      5B9744A2 
 105      5AC3CBC6 
 105      E5F2F40B 
 105      989D
 106 00d9 DF5809E9 		.ascii	"\337X\011\351\355\332\365\367\211\317\034\262j\274\362"
 106      EDDAF5F7 
 106      89CF1CB2 
 106      6ABCF2
 107 00e8 B465743E 		.ascii	"\264et>U\226\226\343Q\211L\372\374J\245bM\342\246\347"
 107      559696E3 
 107      51894CFA 
 107      FC4AA562 
 107      4DE2A6E7 
 108 00fc 23640BD3 		.ascii	"#d\013\323\350\302}t\211z\011\223\2405\344\313\227\336"
 108      E8C27D74 
 108      897A0993 
 108      A035E4CB 
 108      97DE
 109 010e D94D424B 		.ascii	"\331MBK8i\025\376b!\335*\354\244\0233\2301;\3118R\264"
 109      386915FE 
ARM GAS  C:\Users\Bruger\AppData\Local\Temp\cc9i0tTX.s 			page 8


 109      6221DD2A 
 109      ECA41333 
 109      98313BC9 
 110 0125 D12186F2 		.ascii	"\321!\206\362\325\371\245\267{\015\332\230Y\271:\313"
 110      D5F9A5B7 
 110      7B0DDA98 
 110      59B93ACB 
 111 0135 B9EF7A4C 		.ascii	"\271\357zL\307C\2667\315\031w\022\330Q:\345\371\267"
 111      C743B637 
 111      CD197712 
 111      D8513AE5 
 111      F9B7
 112 0147 60FC6883 		.ascii	"`\374h\203r\360\0009\314\032ZY\3731sm\301\351)I\213"
 112      72F00039 
 112      CC1A5A59 
 112      FB31736D 
 112      C1E92949 
 113 015c 82FE9063 		.ascii	"\202\376\220c\230\023\340\327\250\215\230G\217\000\226"
 113      9813E0D7 
 113      A88D9847 
 113      8F0096
 114 016b 6FDC2DEC 		.ascii	"o\334-\3543\\1\020\036Ff\326\331\242b_d\245\272\372"
 114      335C3110 
 114      1E4666D6 
 114      D9A2625F 
 114      64A5BAFA 
 115 017f 1F2BBBB5 		.ascii	"\037+\273\265\027\376\241\375h[\373q\244\375\373\034"
 115      17FEA1FD 
 115      685BFB71 
 115      A4FDFB1C 
 116 018f 31293D69 		.ascii	"1)=ii\333\321\305|D!\250\275f\243M\273\305\343u\226"
 116      69DBD1C5 
 116      7C4421A8 
 116      BD66A34D 
 116      BBC5E375 
 117 01a4 4BC653E4 		.ascii	"K\306S\344\344R\333\310@\033\211\277!M\217\237\265\220"
 117      E452DBC8 
 117      401B89BF 
 117      214D8F9F 
 117      B590
 118 01b6 65784178 		.ascii	"exAx2B\222y\0130R\002\350=\356\246\335\354\351\021\367"
 118      32429279 
 118      0B305202 
 118      E83DEEA6 
 118      DDECE911 
 119 01cb 4C723073 		.ascii	"Lr0s!\233r\207\006\0063\307\216\014\235H\237uS#\303"
 119      219B7287 
 119      060633C7 
 119      8E0C9D48 
 119      9F755323 
 120 01e0 9974F2D4 		.ascii	"\231t\362\324\36097\233<\234\034\350\357M\321O1\020"
 120      F039379B 
 120      3C9C1CE8 
 120      EF4DD14F 
 120      3110
 121 01f2 F4BC     		.ascii	"\364\274"
 122              		.text
ARM GAS  C:\Users\Bruger\AppData\Local\Temp\cc9i0tTX.s 			page 9


 123              		.section	.gnu.lto_Injection_Timer_1_Wakeup.1d797e6f,"",%progbits
 124 0000 789C7550 		.ascii	"x\234uP=HBQ\024>\347\274\347\313\322!\232\244\301\325"
 124      3D484251 
 124      143EE7BC 
 124      E7CBD221 
 124      9AA4C1D5 
 125 0014 21B4229A 		.ascii	"!\264\"\232\033\032\"\"\020l\024$\354\015\006)\210\265"
 125      1B1A2222 
 125      106C1424 
 125      EC0D0629 
 125      88B5
 126 0026 89F7E90B 		.ascii	"\211\367\351\013\032\242\244)\350g\010*KShh\260\305"
 126      1AA2A429 
 126      E867082A 
 126      4B536868 
 126      B0C5
 127 0038 5D28222A 		.ascii	"](\"*\372_\014j\313DD\304\354\336g\020\024]\270\234"
 127      FA5F0C6A 
 127      CB4444C4 
 127      ECDE6710 
 127      145DB89C 
 128 004c 7BBFF37D 		.ascii	"{\277\363}\347\273\337\225\340\357\032\342{\001\001"
 128      E7BBDF95 
 128      E0EF1AE2 
 128      7B0101
 129 005b 06784513 		.ascii	"\006xE\023 %\317\00043\221\224\267\003\353\222\257\373"
 129      2025CF00 
 129      34339194 
 129      B703EB92 
 129      AFFB
 130 006d 81592594 		.ascii	"\201Y%\224\333\260\214(\016\200\020#I\306\030\276Q\231"
 130      DBB08C28 
 130      0E801023 
 130      49C618BE 
 130      5199
 131 007f 305948AF 		.ascii	"0YH\257[\034\273\214\261\367\235G\333\242\255N\000\025"
 131      5B1CBB8C 
 131      B1F79D47 
 131      DBA2AD4E 
 131      0015
 132 0091 6ACFC77D 		.ascii	"j\317\307}t\000\347\224\365\346\215E\3219\247\273\335"
 132      7400E794 
 132      F5E68D45 
 132      D139A7BB 
 132      DD
 133 00a2 C3142ADC 		.ascii	"\303\024*\334\027r=\005\326jU\252k\251\021Rd\250\023"
 133      17723D05 
 133      D66A55AA 
 133      6BA91152 
 133      64A813
 134 00b5 074B9C20 		.ascii	"\007K\234 |^\210D\225\0360Q\270/\222\220\210Y\333\227"
 134      7C5E8844 
 134      951E3051 
 134      B82F9290 
 134      8859DB97 
 135 00c9 2B598A36 		.ascii	"+Y\2126\330\0223\327\211*B\201\007\030\345Z\011\356"
 135      D81233D7 
ARM GAS  C:\Users\Bruger\AppData\Local\Temp\cc9i0tTX.s 			page 10


 135      892A4281 
 135      0718E55A 
 135      09EE
 136 00db 307E52AE 		.ascii	"0~R\256\305;\005\267F\362o\266\334\024\336\034}.\235"
 136      C53B05B7 
 136      46F26FB6 
 136      DC14DE1C 
 136      7D2E9D
 137 00ee 5F985F89 		.ascii	"_\230_\211#\3065\245\351\233\270\205\033\032\023,\023"
 137      23C635A5 
 137      E99BB885 
 137      1B1A132C 
 137      13
 138 00ff 1E6214D3 		.ascii	"\036b\024\323\330k\364>3\253\307\212\263\257N\012f8"
 138      D86BF43E 
 138      33ABC78A 
 138      B3AF4E0A 
 138      6638
 139 0111 E7C34886 		.ascii	"\347\303H\206G\350\204+\324o\023\366\037+m\357t\271"
 139      47E8842B 
 139      D46F13F6 
 139      1F2B6DEF 
 139      74B9
 140 0123 430C152F 		.ascii	"C\014\025/\312\0129\210\020\022\344\355F\206j\321\372"
 140      CA0A3988 
 140      1012E4ED 
 140      46866AD1 
 140      FA
 141 0134 5F063E14 		.ascii	"_\006>\024s\337\031\204F6\202?\241VhL\030\032\020\337"
 141      73DF1984 
 141      4636823F 
 141      A156684C 
 141      181A10DF 
 142 0148 8202E554 		.ascii	"\202\002\345T\327\230\032T\303\323\021u\306\347\011"
 142      D7981A54 
 142      C3D31175 
 142      C6E709
 143 0157 CD87FDAA 		.ascii	"\315\207\375\252\327\355\011\215\016{\307\203\263\252"
 143      D7ED098D 
 143      0E7BC783 
 143      B3AA
 144 0165 3F120805 		.ascii	"?\022\010\005}S\20195\354\033\364\271']~\370\002[q\226"
 144      7D538139 
 144      35EC1BF4 
 144      B9275D7E 
 144      F8025B71 
 145 017a DC       		.ascii	"\334"
 146              		.text
 147              		.section	.gnu.lto_.symbol_nodes.1d797e6f,"",%progbits
 148 0000 789C55CA 		.ascii	"x\234U\312\261\015\3020\020\205\341\347;;v\342\024l"
 148      B10DC230 
 148      1085E1E7 
 148      3B3B76E2 
 148      146C
 149 0012 C012ECF7 		.ascii	"\300\022\354\367RX\324L\200\"\304\012l\220\232\031\000"
 149      5258D44C 
 149      8022C40A 
ARM GAS  C:\Users\Bruger\AppData\Local\Temp\cc9i0tTX.s 			page 11


 149      6C909A19 
 149      00
 150 0023 A5CC0C88 		.ascii	"\245\314\014\2108i\216k~}O\247\000\016\016\373\211#"
 150      38698E6B 
 150      7E7D4FA7 
 150      000E0EFB 
 150      8923
 151 0035 70790224 		.ascii	"py\002$\256cB\000F\241\212\320\331Y\224\362gO\265v\221"
 151      AE634200 
 151      46A18AD0 
 151      D95994F2 
 151      674FB576 
 152 004a 7E378661 		.ascii	"~7\206ae\303`\031\330Xv\214\226-\223ebk\231\331Y\366"
 152      65C36019 
 152      D858768C 
 152      962D9365 
 152      626B99D9 
 153 0060 CC868A88 		.ascii	"\314\206\212\210\373\353\353\024\015\346\255\001\363"
 153      FBEBEB14 
 153      0DE6AD01 
 153      F3
 154 006d 7BAD7498 		.ascii	"{\255t\230\252\245E\331\234P\316\313Q5c\252V\340S\353"
 154      AAA545D9 
 154      9C50CECB 
 154      513563AA 
 154      56E053EB 
 155 0081 05B7FAE7 		.ascii	"\005\267\372\347{\224\307\011?\177fFt"
 155      7B94C709 
 155      3F7F6646 
 155      74
 156              		.text
 157              		.section	.gnu.lto_.refs.1d797e6f,"",%progbits
 158 0000 789C258A 		.ascii	"x\234%\212\311\015\000 \014\200\240\255\307,\356?\240"
 158      C90D0020 
 158      0C80A0AD 
 158      C72CEE3F 
 158      A0
 159 0011 8DF22390 		.ascii	"\215\362#\220\300\341Shh\351\324]\321\212\211\003W\344"
 159      C0E15368 
 159      68E9D45D 
 159      D18A8903 
 159      57E4
 160 0023 0BC39E82 		.ascii	"\013\303\236\202\013\0205\000\202"
 160      0B103500 
 160      82
 161              		.text
 162              		.section	.gnu.lto_.decls.1d797e6f,"",%progbits
 163 0000 789C8D56 		.ascii	"x\234\215V{LSW\030\277\247\247\024(\205\031M\320\220"
 163      7B4C5357 
 163      18BFA7A7 
 163      14288519 
 163      4DD090
 164 0013 6D769A91 		.ascii	"mv\232\221=\214\323%[\374o&\306\030\267\270\020\231"
 164      3D8CD325 
 164      5BFC6F26 
 164      C618B7B8 
 164      1099
ARM GAS  C:\Users\Bruger\AppData\Local\Temp\cc9i0tTX.s 			page 12


 165 0025 5B165D48 		.ascii	"[\026]H\305;\307t\300j\273\314\277v\025\234\210/4>\032"
 165      C53BC774 
 165      C06ABBCC 
 165      BF76159C 
 165      882F343E 
 166 003a 8DB30A05 		.ascii	"\215\263\012\005TD|\200@\021[\320\202<\252\002C\021"
 166      54447C80 
 166      40115BD0 
 166      823CAA02 
 166      4311
 167 004c 9197208A 		.ascii	"\221\227 \212\262\362R|\304\356;\347\334K\357\325\313"
 167      B2F2527C 
 167      C4EE3BE7 
 167      DC4BEFD5 
 167      CB
 168 005d E64D7E6D 		.ascii	"\346M~m\317\275\277\357\367\375\276\357<n1\307q#\210"
 168      CFBDBFEF 
 168      F7FDBEEF 
 168      3C6E31C7 
 168      712388
 169 0070 E3FC707D 		.ascii	"\343\374p}\252\347\270\3375\034\027\004\367b\270\300"
 169      AAE7B8DF 
 169      351C1704 
 169      F762B8C0 
 170 0080 6500E401 		.ascii	"e\000\344\001\362\001\005\2003\200R\300%\200\007P\003"
 170      F2010580 
 170      338052C0 
 170      25800750 
 170      03
 171 0091 F002AE01 		.ascii	"\360\002\256\001\032\000M\000\220\344\356s\312\213h"
 171      1A004D00 
 171      90E4EE73 
 171      CA8B68
 172 00a0 848BDA46 		.ascii	"\204\213\332F@$\340\001\240\002\320\017\350\005\270"
 172      4024E001 
 172      A002D00F 
 172      E805B8
 173 00af 013EC000 		.ascii	"\001>\300\000\240\0100\010(\006h\001\035\200n@'\240"
 173      A0083008 
 173      28066801 
 173      1D806E40 
 173      27A0
 174 00c1 5DBC9727 		.ascii	"]\274\227'z\270$zR\313\233\257\222W\236o\010P'\346\223"
 174      7AB8247A 
 174      52CB9BAF 
 174      92579E6F 
 174      085027E6 
 175 00d6 720F03AA 		.ascii	"r\017\003\252\377#o\276X\257W\254_-/\351\225^\314Kr"
 175      FF236FBE 
 175      58AF57AC 
 175      5F2D2FE9 
 175      955ECC4B 
 176 00eb 8ECAF4A5 		.ascii	"\216\312\364\245\374$\347\023\3001Q\243\013\200\305"
 176      FC24E713 
 176      C03151A3 
 176      0B80C5
 177 00fa D806B13E 		.ascii	"\330\006\261>5m2\007\3012mIC\256+\327;#z\236hn\0065"
ARM GAS  C:\Users\Bruger\AppData\Local\Temp\cc9i0tTX.s 			page 13


 177      356D3207 
 177      C1326D49 
 177      43AE2BD7 
 177      3B237A9E 
 178 0112 A8247FA4 		.ascii	"\250$\177\244>\254O\203\"\364F2,\335]m\323\301\320\240"
 178      3EAC4F83 
 178      22F44632 
 178      2CDD5D6D 
 178      D3C1D0A0 
 179 0126 D792A1F3 		.ascii	"\327\222\241\363yW\223v\352^\001\256\214\024a\222\026"
 179      79579376 
 179      EA5E01AE 
 179      8C146192 
 179      16
 180 0137 C544A21C 		.ascii	"\305D\242\034\024\205rQ\024(\036CS\341s\271\226)\335"
 180      14857251 
 180      14281E43 
 180      53E173B9 
 180      9629DD
 181 014a 4CDF9113 		.ascii	"L\337\221\023\2125\210\374\316\264u6\351g\035\207\260"
 181      8A3588FC 
 181      CEB47536 
 181      E9671D87 
 181      B0
 182 015b 34C13586 		.ascii	"4\3015\206\003\351\0164_]b\374K\350(\360y\317\265\030"
 182      03E90E34 
 182      5F5D62FC 
 182      4BE828F0 
 182      79CFB518 
 183 016f 846AC1E5 		.ascii	"\204j\301\345\367\177A\225\320q\204\321\0114\213\020"
 183      F77F4195 
 183      D07184D1 
 183      09348B10 
 184 017f C96F1A81 		.ascii	"\311o\032\201\362\220\021\242\372[\263\016\353\3602"
 184      F29011A2 
 184      FA5BB30E 
 184      EBF032
 185 018e 2A7D7864 		.ascii	"*}xd\177\261\216J\330\2133uL\200\306\237\224\305\237"
 185      7FB18E4A 
 185      D88B3375 
 185      4C80C69F 
 185      94C59F
 186 01a1 94E2F369 		.ascii	"\224\342\363i\374\263\324:g\010\266\322\370\301\203"
 186      FCB3D43A 
 186      6708B6D2 
 186      F8C183
 187 01b0 D907C321 		.ascii	"\331\007\303!\336^`\2679\344\361\247d\361\247\244\370"
 187      DE5E60B7 
 187      39E4F1A7 
 187      64F1A7A4 
 187      F8
 188 01c1 021A3FF4 		.ascii	"\002\032?\364\374\310'x;\242\361\351\231/J0\213\177"
 188      FCC82778 
 188      3BA2F1E9 
 188      992F4A30 
 188      8B7F
 189 01d3 A0883F2D 		.ascii	"\240\210?-\213?-\305\237\241\361\315\0277o\016\301\331"
ARM GAS  C:\Users\Bruger\AppData\Local\Temp\cc9i0tTX.s 			page 14


 189      8B3F2DC5 
 189      9FA1F1CD 
 189      17376F0E 
 189      C1D9
 190 01e5 4C6043B6 		.ascii	"L`C\266s[0\2648RO;\262\243\366\200\033\323\241\237<"
 190      735B30B4 
 190      38524F3B 
 190      B2A3F680 
 190      1BD3A19F 
 191 01fa D6B4B4EC 		.ascii	"\326\264\264\354y\212\221>:M\0206\012\276\335\002\236"
 191      798A913E 
 191      3A4D1036 
 191      0ABEDD02 
 191      9E
 192 020b C6A15951 		.ascii	"\306\241YQ\350\303(\016\235G\321@\243I\3209\230\205"
 192      E8C3280E 
 192      9D47D140 
 192      A349D039 
 192      9885
 193 021d 4298852C 		.ascii	"B\230\205,\350\261\357\366\246\362/S\204\371\250\010"
 193      E8B1EFF6 
 193      A6F22F53 
 193      84F9A808 
 194 022d E9D1D971 		.ascii	"\351\321\331q\0334\203\330\367-\251\005X>\217\204\031"
 194      1B3483D8 
 194      F72DA905 
 194      583E8F84 
 194      19
 195 023e 98C862C5 		.ascii	"\230\310b\305D\366\016;\032\302\260\227\271-\331\272"
 195      44F60E3B 
 195      1AC2B097 
 195      B92DD9BA 
 196 024e 734C43DA 		.ascii	"sLC\332-\370\036\346\234\372~WJF\226\320\341\367O\247"
 196      2DF81EE6 
 196      9CFA7E57 
 196      4A4696D0 
 196      E1F74FA7 
 197 0262 41A84456 		.ascii	"A\250DVs\211Ts)\255\271\266kl\330@\027\326$:\3617zF"
 197      73895473 
 197      29ADB9B6 
 197      6B6CD840 
 197      17D6243A 
 198 027a 305D581A 		.ascii	"0]X\0322<44P\026\212\355\032EG\214\254#\373\373\307"
 198      323C3434 
 198      50168AED 
 198      1A45478C 
 198      AC23FBFB 
 199 028f CE85D0A1 		.ascii	"\316\205\320\241\337\217IK\236w\347\347\350P\264\236"
 199      DF8F494B 
 199      9E77E7E7 
 199      E850B49E 
 200 029f D5EA60B5 		.ascii	"\325\352`\265\272\241\202\013\201Z\215b\255\264mB\212"
 200      BAA1820B 
 200      815A8D62 
 200      ADB46D42 
 200      8A
 201 02b0 10941BC1 		.ascii	"\020\224\033\301!'TX\006\025\"\027t\316(v\256\034n^"
ARM GAS  C:\Users\Bruger\AppData\Local\Temp\cc9i0tTX.s 			page 15


 201      21275458 
 201      06152217 
 201      74CE2876 
 201      AE1C6E5E 
 202 02c4 849B90E9 		.ascii	"\204\233\220\351\351\246\372vE[\334\212\266T(\332Rk"
 202      E9A6FA76 
 202      455BDC8A 
 202      B65428DA 
 202      526B
 203 02d6 73EED5E0 		.ascii	"s\356\325\340\034f\371hk\203'\\l\313\275\322_em\201"
 203      1C66F968 
 203      6B83275C 
 203      6CCBBDD2 
 203      5F656D81 
 204 02ea 2054296B 		.ascii	" T)kK\245\324\226K\264-UuN\023\276\314Dz\317f\366\204"
 204      4BA5D496 
 204      4BB42D55 
 204      754E13BE 
 204      CC447ACF 
 205 0301 52918EB4 		.ascii	"R\221\216\264\315\036\203]\332\015D\342\262L\342\262"
 205      CD1E835D 
 205      DA0D44E2 
 205      B24CE2B2 
 206 0311 24E1A112 		.ascii	"$\341\241\022\031\233\334\031Z-\034\331t\026\227\323"
 206      199BDC19 
 206      5A2D1CD9 
 206      741697D3 
 207 0321 8D3AEAEF 		.ascii	"\215:\352\357th&\334\250\325\264\220*$V\322\346\335"
 207      746826DC 
 207      A8D5B490 
 207      2A2456D2 
 207      E6DD
 208 0333 F34283BB 		.ascii	"\363B\203\273\230\211\355\205\225U:f\242\274Gf\002b"
 208      9889ED85 
 208      95553A66 
 208      A2BC4766 
 208      0262
 209 0345 D0159989 		.ascii	"\320\025\231\211+\222\211\032j\242,\353\301@\0305\341"
 209      2B92891A 
 209      6AA22CEB 
 209      C1401835 
 209      E1
 210 0356 1E37D15E 		.ascii	"\0367\321^\370\370\274~B\023u\324D\255d\302\351\272"
 210      F8F8BC7E 
 210      421375D4 
 210      44AD64C2 
 210      E9BA
 211 0368 316AC05B 		.ascii	"1j\300[0\333T\256\353?0\017\317\034U\001\017\020\202"
 211      30DB54AE 
 211      EB3F300F 
 211      CF1C5501 
 211      0F1082
 212 037b EA651EEA 		.ascii	"\352e\036\352%\017^\352\241\347\320\026[\020\316e\022"
 212      250F5EEA 
 212      A1E7D016 
 212      5B10CE65 
 212      12
ARM GAS  C:\Users\Bruger\AppData\Local\Temp\cc9i0tTX.s 			page 16


 213 038c 9599EE1A 		.ascii	"\225\231\356\032\266P;^:<J\215\2532\215\253\222\306"
 213      B6503B5E 
 213      3A3C4A8D 
 213      AB328DAB 
 213      92C6
 214 039e 35AA915A 		.ascii	"5\252\221Z\3318\020\216=L\243\255\267\340\010\242\032"
 214      D938108E 
 214      3D4CA3AD 
 214      B7E008A2 
 214      1A
 215 03af F6138E3F 		.ascii	"\366\023\216?\215\262\315}]\246p]Rh\240\012E7\352\333"
 215      8DB2CD7D 
 215      5DA6705D 
 215      5268A00A 
 215      4537EADB 
 216 03c3 23701B53 		.ascii	"#p\033S\360\224x\016a\346\302Y\305W\244\012/\310\032"
 216      F094780E 
 216      61E6C259 
 216      C557A40A 
 216      2FC81A
 217 03d6 A6128D32 		.ascii	"\246\022\2152\211FI\242\211J\234\311t\024\205\322\275"
 217      894649A2 
 217      894A9CC9 
 217      741485D2 
 217      BD
 218 03e7 329F8864 		.ascii	"2\237\210d\355\335\227\027D\367J\010=XS/l\213\300\217"
 218      EDDD9717 
 218      44F74A08 
 218      3D58532F 
 218      6C8BC08F 
 219 03fb 59823D8D 		.ascii	"Y\202=\215\205eax\257\226\016\274y\315\3760\234\305"
 219      85656178 
 219      AF960EBC 
 219      79CDFE30 
 219      9CC5
 220 040d 06770773 		.ascii	"\006w\007s\216\006\343\023l\220z!;#\030\027\262A\373"
 220      8E06E313 
 220      6C907A21 
 220      3B231817 
 220      B241FB
 221 0420 93F68A60 		.ascii	"\223\366\212`*?\207\014\323^\326\027hq5{\266\301u\262"
 221      2A3F870C 
 221      D35ED617 
 221      6871357B 
 221      B6C175B2 
 222 0434 913D9B07 		.ascii	"\221=\233\007\303\340\232\274\314\227\301h\006\271\246"
 222      C3E09ABC 
 222      CC97C168 
 222      06B9A6
 223 0443 44DB612F 		.ascii	"D\333a/u\354\350\251\011\023ls\350Zk\203\022\356\242"
 223      75ECE8A9 
 223      09136C73 
 223      E85A6B83 
 223      12EEA2
 224 0456 29D279F4 		.ascii	")\322y\364\001\231\326;dr9J\355O\331j\020r\347\320\025"
 224      0199D63B 
 224      6472394A 
ARM GAS  C:\Users\Bruger\AppData\Local\Temp\cc9i0tTX.s 			page 17


 224      ED4FD96A 
 224      1072E7D0 
 225 046b 714BA48E 		.ascii	"qK\244\216oAJ\316\011\220\007\272\003\272\255*\272\267"
 225      6F414ACE 
 225      099007BA 
 225      03BAAD2A 
 225      BAB7
 226 047d 03D43BDD 		.ascii	"\003\324;\335\236q\352M\025\352G\343\314\373)\351\343"
 226      9E71EA4D 
 226      15EA47E3 
 226      CCFB29E9 
 226      E3
 227 048e 0E5A541D 		.ascii	"\016ZT\0358\251\354.\272F\355\302|3\207\376\206\347"
 227      38A9EC2E 
 227      BA46EDC2 
 227      7C3387FE 
 227      86E7
 228 04a0 CD748512 		.ascii	"\315t\205\0226\314\020\352\201\323\242\013\315@\335"
 228      36CC10EA 
 228      81D3A20B 
 228      CD40DD
 229 04af 800E4027 		.ascii	"\200\016@'\240\035\315\2403F\316\240\216\326L\235\200"
 229      A01DCDA0 
 229      3346CEA0 
 229      8ED64C9D 
 229      80
 230 04c0 089D9366 		.ascii	"\010\235\223fT:h5\207\257mz\024\216\246D\253e@\367@"
 230      543A6835 
 230      87AF6D7A 
 230      148EA644 
 230      AB6540F7 
 231 04d5 F88D931C 		.ascii	"\370\215\223\034\\\030\202z\201|#p\310\221\214\322\211"
 231      5C18827A 
 231      817C2370 
 231      C8918CD2 
 231      89
 232 04e6 3E7ADDE5 		.ascii	">z\335\345\011\301\255l\026\357;\366y\303f\036\021\004"
 232      09C1AD6C 
 232      16EF3BF6 
 232      79C3661E 
 232      1104
 233 04f8 BBCF7BB3 		.ascii	"\273\317{\263L\263A\260\303!H\326.U\350c\012\262J\373"
 233      4CB341B0 
 233      C32148D6 
 233      2E55E863 
 233      0AB24AFB 
 234 050c D8FA43F7 		.ascii	"\330\372C\367\321L\210~\324u<CgH'''\354\333\320\352"
 234      D14C887E 
 234      D4753C43 
 234      67482727 
 234      27ECDBD0 
 235 0521 087A0205 		.ascii	"\010z\002\005v\356\003d\240l\370\006\266\257\250\273"
 235      76EE0364 
 235      A06CF806 
 235      B6AFA8BB 
 236 0531 1B29D824 		.ascii	"\033)\330$G\200\335/\262\373)[\330\2775+\004\2170\233"
 236      4780DD2F 
ARM GAS  C:\Users\Bruger\AppData\Local\Temp\cc9i0tTX.s 			page 18


 236      B2FB295B 
 236      D8BF352B 
 236      048F309B 
 237 0545 858FD34B 		.ascii	"\205\217\323K\302\365i\344|\376\3777\0334\263\311\233"
 237      C2F569E4 
 237      7CFEFF37 
 237      1B34B3C9 
 237      9B
 238 0556 DE1CCADE 		.ascii	"\336\034\312\336\205\257F\3743\341\273\360\362\320W"
 238      85AF46FC 
 238      33E1BBF0 
 238      F2D057
 239 0565 A9F07E18 		.ascii	"\251\360~\030\200%\3600\320\272GH\3662\354:PoPT0\240"
 239      8025F030 
 239      D0BA4748 
 239      F632EC3A 
 239      506F5054 
 240 057b 38F77D62 		.ascii	"8\367}b\005>Z\301\330\221\316\336\267\024\354bEw\006"
 240      053E5AC1 
 240      D891CEDE 
 240      B714EC62 
 240      457706
 241 058e 45F62065 		.ascii	"E\366 e\337*u\267\205+\330u\012\366\220\310\036\242"
 241      DF2A75B7 
 241      852BD875 
 241      0AF690C8 
 241      1EA2
 242 05a0 EC8CDD07 		.ascii	"\354\214\335\007\313C\025\354j\005{Xd\017\0236v\347"
 242      CB4315EC 
 242      6A057B58 
 242      640F1336 
 242      76E7
 243 05b2 B86FE951 		.ascii	"\270o\351Q\224>\312\006\177\253\306\246\243Q\250)\215"
 243      943ECA06 
 243      7FABC6A6 
 243      A351A829 
 243      8D
 244 05c3 AC33DF46 		.ascii	"\2543\337F\001\333\"\244\336p\364\001\207\036\203\314"
 244      01DB22A4 
 244      DE70F401 
 244      871E83CC 
 245 05d3 08C810B6 		.ascii	"\010\310\020\266\253\317\357\377\303\317\256\235\301"
 245      ABCFEFFF 
 245      C3CFAE9D 
 245      C1
 246 05e0 94403EC0 		.ascii	"\224@>\300\302\035\233+]\253\260pLa\341\0112H=\204\237"
 246      C21D9B2B 
 246      5DABB070 
 246      4C61E109 
 246      32483D84 
 247 05f5 DCDB8B13 		.ascii	"\334\333\213\023\177\346\343-\011I\211q\337$\374\302"
 247      7FE6E32D 
 247      09498971 
 247      DF24FCC2 
 248 0605 9BE3E6C6 		.ascii	"\233\343\346\306\305\232~\343\027$%\376\230\260Z\267"
 248      C59A7EE3 
 248      172425FE 
ARM GAS  C:\Users\Bruger\AppData\Local\Temp\cc9i0tTX.s 			page 19


 248      98B05AB7 
 249 0615 E8EB65C6 		.ascii	"\350\353e\306\005\334\354E|\"o6Y\370Uq\261IVs<\277\""
 249      05DCEC45 
 249      7C226F36 
 249      59F85571 
 249      B1495673 
 250 062c 263669C1 		.ascii	"&6i\301g+^\017\215Y2;\236\233\376\372\375\245\374:K"
 250      672B5E0F 
 250      8D59323B 
 250      9E9BFEFA 
 250      FDA5FC3A 
 251 0641 9259549D 		.ascii	"\222YT\235\252\222r-\317'O{\375\376w\2465\27459\310"
 251      AA92722D 
 251      CF274F7B 
 251      FDFE77A6 
 251      35BC3539 
 252 0656 9A906899 		.ascii	"\232\220h\231\367\336\004.\342\327[\326'\363\353f\377"
 252      F7DE042E 
 252      E2D75BD6 
 252      27F3EB66 
 252      FF
 253 0667 C4BDAF96 		.ascii	"\304\275\257\226\330\264\012\262Z\314Ik\227\362\253"
 253      D8B40AB2 
 253      5ACC496B 
 253      97F2AB
 254 0676 13D65978 		.ascii	"\023\326Yx\363\307oZ\015(\352H\346\271\237\2773\221"
 254      F3C76F5A 
 254      0D28EA48 
 254      E6B99FBF 
 254      3391
 255 0688 B0351104 		.ascii	"\2605\021\004UZH\236\306\360\346\204\244U\321*E\231"
 255      555A489E 
 255      C6F0E684 
 255      A455D12A 
 255      4599
 256 069a 132CFC2B 		.ascii	"\023,\374+\246\336\235\220FS\250\030\240\217Y\216H\225"
 256      A6DE9D90 
 256      4653A818 
 256      A08F598E 
 256      4895
 257 06ac 865A92D4 		.ascii	"\206Z\222\324\372\2710\321\264r-\257\222l\245)~\215"
 257      FAB930D1 
 257      B4722DAF 
 257      926CA529 
 257      7E8D
 258 06be 3539D662 		.ascii	"59\326b\266\306[\"b\276[\302\210\261\026h\223\016\206"
 258      B6C65B22 
 258      62BE5BC2 
 258      88B11668 
 258      930E86
 259 06d1 CB56AD0C 		.ascii	"\313V\255\014\205/\226n\362bb\311lM\266,1\255[\363\255"
 259      852F966E 
 259      F26262C9 
 259      6C4DB62C 
 259      31AD5BF3 
 260 06e6 69AD959F 		.ascii	"i\255\225\237\014\017_\251H%;K\2425\363\253\347\375"
 260      0C0F5FA9 
ARM GAS  C:\Users\Bruger\AppData\Local\Temp\cc9i0tTX.s 			page 20


 260      48253B4B 
 260      A235F3AB 
 260      E7FD
 261 06f8 0B085557 		.ascii	"\013\010UW!"
 261      21
 262              		.text
 263              		.section	.gnu.lto_.symtab.1d797e6f,"",%progbits
 264 0000 496E6A65 		.ascii	"Injection_Timer_1_SaveConfig\000\000\000\000\000\000"
 264      6374696F 
 264      6E5F5469 
 264      6D65725F 
 264      315F5361 
 265 0022 00000000 		.ascii	"\000\000\000\000\000\000\254\000\000\000Injection_T"
 265      0000AC00 
 265      0000496E 
 265      6A656374 
 265      696F6E5F 
 266 0037 696D6572 		.ascii	"imer_1_RestoreConfig\000\000\000\000\000\000\000\000"
 266      5F315F52 
 266      6573746F 
 266      7265436F 
 266      6E666967 
 267 0053 00000000 		.ascii	"\000\000\000\000\256\000\000\000Injection_Timer_1_S"
 267      AE000000 
 267      496E6A65 
 267      6374696F 
 267      6E5F5469 
 268 006e 6C656570 		.ascii	"leep\000\000\000\000\000\000\000\000\000\000\000\000"
 268      00000000 
 268      00000000 
 268      00000000 
 269 007e B0000000 		.ascii	"\260\000\000\000Injection_Timer_1_Wakeup\000\000\000"
 269      496E6A65 
 269      6374696F 
 269      6E5F5469 
 269      6D65725F 
 270 009d 00000000 		.ascii	"\000\000\000\000\000\000\000\000\000\262\000\000\000"
 270      00000000 
 270      00B20000 
 270      00
 271 00aa 496E6A65 		.ascii	"Injection_Timer_1_ReadControlRegister\000\000\002\000"
 271      6374696F 
 271      6E5F5469 
 271      6D65725F 
 271      315F5265 
 272 00d3 00000000 		.ascii	"\000\000\000\000\000\000\000\000\272\000\000\000Inj"
 272      00000000 
 272      BA000000 
 272      496E6A
 273 00e2 65637469 		.ascii	"ection_Timer_1_ReadCounter\000\000\002\000\000\000\000"
 273      6F6E5F54 
 273      696D6572 
 273      5F315F52 
 273      65616443 
 274 0103 00000000 		.ascii	"\000\000\000\000\000\304\000\000\000Injection_Timer"
 274      00C40000 
 274      00496E6A 
ARM GAS  C:\Users\Bruger\AppData\Local\Temp\cc9i0tTX.s 			page 21


 274      65637469 
 274      6F6E5F54 
 275 011b 5F315F52 		.ascii	"_1_ReadPeriod\000\000\002\000\000\000\000\000\000\000"
 275      65616450 
 275      6572696F 
 275      64000002 
 275      00000000 
 276 0132 0000C600 		.ascii	"\000\000\306\000\000\000Injection_Timer_1_WriteCont"
 276      0000496E 
 276      6A656374 
 276      696F6E5F 
 276      54696D65 
 277 0153 726F6C52 		.ascii	"rolRegister\000\000\002\000\000\000\000\000\000\000"
 277      65676973 
 277      74657200 
 277      00020000 
 277      00000000 
 278 0168 0000CA00 		.ascii	"\000\000\312\000\000\000Injection_Timer_1_WriteCoun"
 278      0000496E 
 278      6A656374 
 278      696F6E5F 
 278      54696D65 
 279 0189 74657200 		.ascii	"ter\000\000\002\000\000\000\000\000\000\000\000\000"
 279      00020000 
 279      00000000 
 279      000000
 280 0198 CE000000 		.ascii	"\316\000\000\000Injection_Timer_1_WritePeriod\000\000"
 280      496E6A65 
 280      6374696F 
 280      6E5F5469 
 280      6D65725F 
 281 01bb 02000000 		.ascii	"\002\000\000\000\000\000\000\000\000\000\320\000\000"
 281      00000000 
 281      0000D000 
 281      00
 282 01c8 00496E6A 		.ascii	"\000Injection_Timer_1_Stop\000\000\002\000\000\000\000"
 282      65637469 
 282      6F6E5F54 
 282      696D6572 
 282      5F315F53 
 283 01e6 00000000 		.ascii	"\000\000\000\000\000\322\000\000\000Injection_Timer"
 283      00D20000 
 283      00496E6A 
 283      65637469 
 283      6F6E5F54 
 284 01fe 5F315F45 		.ascii	"_1_Enable\000\000\002\000\000\000\000\000\000\000\000"
 284      6E61626C 
 284      65000002 
 284      00000000 
 284      00000000 
 285 0212 00D40000 		.ascii	"\000\324\000\000\000"
 285      00
 286              		.text
 287              		.section	.gnu.lto_.opts,"",%progbits
 288 0000 272D666E 		.ascii	"'-fno-trapv' '-mcpu=cortex-m3' '-mthumb' '-g' '-O3'"
 288      6F2D7472 
 288      61707627 
ARM GAS  C:\Users\Bruger\AppData\Local\Temp\cc9i0tTX.s 			page 22


 288      20272D6D 
 288      6370753D 
 289 0033 20272D66 		.ascii	" '-ffunction-sections' '-finline-functions' '-flto'"
 289      66756E63 
 289      74696F6E 
 289      2D736563 
 289      74696F6E 
 290 0066 20272D66 		.ascii	" '-ffat-lto-objects'\000"
 290      6661742D 
 290      6C746F2D 
 290      6F626A65 
 290      63747327 
 291              		.text
 292              		.cfi_sections	.debug_frame
 293              		.section	.text.Injection_Timer_1_SaveConfig,"ax",%progbits
 294              		.align	2
 295              		.global	Injection_Timer_1_SaveConfig
 296              		.thumb
 297              		.thumb_func
 298              		.type	Injection_Timer_1_SaveConfig, %function
 299              	Injection_Timer_1_SaveConfig:
 300              	.LFB0:
 301              		.file 1 "Generated_Source\\PSoC5\\Injection_Timer_1_PM.c"
   1:Generated_Source\PSoC5/Injection_Timer_1_PM.c **** /*******************************************************************************
   2:Generated_Source\PSoC5/Injection_Timer_1_PM.c **** * File Name: Injection_Timer_1_PM.c
   3:Generated_Source\PSoC5/Injection_Timer_1_PM.c **** * Version 3.30
   4:Generated_Source\PSoC5/Injection_Timer_1_PM.c **** *
   5:Generated_Source\PSoC5/Injection_Timer_1_PM.c **** * Description:
   6:Generated_Source\PSoC5/Injection_Timer_1_PM.c **** *  This file provides the power management source code to API for the
   7:Generated_Source\PSoC5/Injection_Timer_1_PM.c **** *  PWM.
   8:Generated_Source\PSoC5/Injection_Timer_1_PM.c **** *
   9:Generated_Source\PSoC5/Injection_Timer_1_PM.c **** * Note:
  10:Generated_Source\PSoC5/Injection_Timer_1_PM.c **** *
  11:Generated_Source\PSoC5/Injection_Timer_1_PM.c **** ********************************************************************************
  12:Generated_Source\PSoC5/Injection_Timer_1_PM.c **** * Copyright 2008-2014, Cypress Semiconductor Corporation.  All rights reserved.
  13:Generated_Source\PSoC5/Injection_Timer_1_PM.c **** * You may use this file only in accordance with the license, terms, conditions,
  14:Generated_Source\PSoC5/Injection_Timer_1_PM.c **** * disclaimers, and limitations in the end user license agreement accompanying
  15:Generated_Source\PSoC5/Injection_Timer_1_PM.c **** * the software package with which this file was provided.
  16:Generated_Source\PSoC5/Injection_Timer_1_PM.c **** *******************************************************************************/
  17:Generated_Source\PSoC5/Injection_Timer_1_PM.c **** 
  18:Generated_Source\PSoC5/Injection_Timer_1_PM.c **** #include "Injection_Timer_1.h"
  19:Generated_Source\PSoC5/Injection_Timer_1_PM.c **** 
  20:Generated_Source\PSoC5/Injection_Timer_1_PM.c **** static Injection_Timer_1_backupStruct Injection_Timer_1_backup;
  21:Generated_Source\PSoC5/Injection_Timer_1_PM.c **** 
  22:Generated_Source\PSoC5/Injection_Timer_1_PM.c **** 
  23:Generated_Source\PSoC5/Injection_Timer_1_PM.c **** /*******************************************************************************
  24:Generated_Source\PSoC5/Injection_Timer_1_PM.c **** * Function Name: Injection_Timer_1_SaveConfig
  25:Generated_Source\PSoC5/Injection_Timer_1_PM.c **** ********************************************************************************
  26:Generated_Source\PSoC5/Injection_Timer_1_PM.c **** *
  27:Generated_Source\PSoC5/Injection_Timer_1_PM.c **** * Summary:
  28:Generated_Source\PSoC5/Injection_Timer_1_PM.c **** *  Saves the current user configuration of the component.
  29:Generated_Source\PSoC5/Injection_Timer_1_PM.c **** *
  30:Generated_Source\PSoC5/Injection_Timer_1_PM.c **** * Parameters:
  31:Generated_Source\PSoC5/Injection_Timer_1_PM.c **** *  None
  32:Generated_Source\PSoC5/Injection_Timer_1_PM.c **** *
  33:Generated_Source\PSoC5/Injection_Timer_1_PM.c **** * Return:
  34:Generated_Source\PSoC5/Injection_Timer_1_PM.c **** *  None
ARM GAS  C:\Users\Bruger\AppData\Local\Temp\cc9i0tTX.s 			page 23


  35:Generated_Source\PSoC5/Injection_Timer_1_PM.c **** *
  36:Generated_Source\PSoC5/Injection_Timer_1_PM.c **** * Global variables:
  37:Generated_Source\PSoC5/Injection_Timer_1_PM.c **** *  Injection_Timer_1_backup:  Variables of this global structure are modified to
  38:Generated_Source\PSoC5/Injection_Timer_1_PM.c **** *  store the values of non retention configuration registers when Sleep() API is
  39:Generated_Source\PSoC5/Injection_Timer_1_PM.c **** *  called.
  40:Generated_Source\PSoC5/Injection_Timer_1_PM.c **** *
  41:Generated_Source\PSoC5/Injection_Timer_1_PM.c **** *******************************************************************************/
  42:Generated_Source\PSoC5/Injection_Timer_1_PM.c **** void Injection_Timer_1_SaveConfig(void) 
  43:Generated_Source\PSoC5/Injection_Timer_1_PM.c **** {
 302              		.loc 1 43 0
 303              		.cfi_startproc
 304              		@ args = 0, pretend = 0, frame = 0
 305              		@ frame_needed = 0, uses_anonymous_args = 0
 306 0000 10B5     		push	{r4, lr}
 307              		.cfi_def_cfa_offset 8
 308              		.cfi_offset 4, -8
 309              		.cfi_offset 14, -4
  44:Generated_Source\PSoC5/Injection_Timer_1_PM.c **** 
  45:Generated_Source\PSoC5/Injection_Timer_1_PM.c ****     #if(!Injection_Timer_1_UsingFixedFunction)
  46:Generated_Source\PSoC5/Injection_Timer_1_PM.c ****         #if(!Injection_Timer_1_PWMModeIsCenterAligned)
  47:Generated_Source\PSoC5/Injection_Timer_1_PM.c ****             Injection_Timer_1_backup.PWMPeriod = Injection_Timer_1_ReadPeriod();
 310              		.loc 1 47 0
 311 0002 FFF7FEFF 		bl	Injection_Timer_1_ReadPeriod
 312              	.LVL0:
 313 0006 064C     		ldr	r4, .L3
 314 0008 A080     		strh	r0, [r4, #4]	@ movhi
  48:Generated_Source\PSoC5/Injection_Timer_1_PM.c ****         #endif /* (!Injection_Timer_1_PWMModeIsCenterAligned) */
  49:Generated_Source\PSoC5/Injection_Timer_1_PM.c ****         Injection_Timer_1_backup.PWMUdb = Injection_Timer_1_ReadCounter();
 315              		.loc 1 49 0
 316 000a FFF7FEFF 		bl	Injection_Timer_1_ReadCounter
 317              	.LVL1:
  50:Generated_Source\PSoC5/Injection_Timer_1_PM.c ****         #if (Injection_Timer_1_UseStatus)
  51:Generated_Source\PSoC5/Injection_Timer_1_PM.c ****             Injection_Timer_1_backup.InterruptMaskValue = Injection_Timer_1_STATUS_MASK;
 318              		.loc 1 51 0
 319 000e 054B     		ldr	r3, .L3+4
  49:Generated_Source\PSoC5/Injection_Timer_1_PM.c ****         #if (Injection_Timer_1_UseStatus)
 320              		.loc 1 49 0
 321 0010 6080     		strh	r0, [r4, #2]	@ movhi
 322              		.loc 1 51 0
 323 0012 1B78     		ldrb	r3, [r3]	@ zero_extendqisi2
 324 0014 A371     		strb	r3, [r4, #6]
  52:Generated_Source\PSoC5/Injection_Timer_1_PM.c ****         #endif /* (Injection_Timer_1_UseStatus) */
  53:Generated_Source\PSoC5/Injection_Timer_1_PM.c **** 
  54:Generated_Source\PSoC5/Injection_Timer_1_PM.c ****         #if(Injection_Timer_1_DeadBandMode == Injection_Timer_1__B_PWM__DBM_256_CLOCKS || \
  55:Generated_Source\PSoC5/Injection_Timer_1_PM.c ****             Injection_Timer_1_DeadBandMode == Injection_Timer_1__B_PWM__DBM_2_4_CLOCKS)
  56:Generated_Source\PSoC5/Injection_Timer_1_PM.c ****             Injection_Timer_1_backup.PWMdeadBandValue = Injection_Timer_1_ReadDeadTime();
  57:Generated_Source\PSoC5/Injection_Timer_1_PM.c ****         #endif /*  deadband count is either 2-4 clocks or 256 clocks */
  58:Generated_Source\PSoC5/Injection_Timer_1_PM.c **** 
  59:Generated_Source\PSoC5/Injection_Timer_1_PM.c ****         #if(Injection_Timer_1_KillModeMinTime)
  60:Generated_Source\PSoC5/Injection_Timer_1_PM.c ****              Injection_Timer_1_backup.PWMKillCounterPeriod = Injection_Timer_1_ReadKillTime();
  61:Generated_Source\PSoC5/Injection_Timer_1_PM.c ****         #endif /* (Injection_Timer_1_KillModeMinTime) */
  62:Generated_Source\PSoC5/Injection_Timer_1_PM.c **** 
  63:Generated_Source\PSoC5/Injection_Timer_1_PM.c ****         #if(Injection_Timer_1_UseControl)
  64:Generated_Source\PSoC5/Injection_Timer_1_PM.c ****             Injection_Timer_1_backup.PWMControlRegister = Injection_Timer_1_ReadControlRegister();
 325              		.loc 1 64 0
 326 0016 FFF7FEFF 		bl	Injection_Timer_1_ReadControlRegister
 327              	.LVL2:
ARM GAS  C:\Users\Bruger\AppData\Local\Temp\cc9i0tTX.s 			page 24


 328 001a E071     		strb	r0, [r4, #7]
 329 001c 10BD     		pop	{r4, pc}
 330              	.L4:
 331 001e 00BF     		.align	2
 332              	.L3:
 333 0020 00000000 		.word	.LANCHOR0
 334 0024 87640040 		.word	1073767559
 335              		.cfi_endproc
 336              	.LFE0:
 337              		.size	Injection_Timer_1_SaveConfig, .-Injection_Timer_1_SaveConfig
 338              		.section	.text.Injection_Timer_1_RestoreConfig,"ax",%progbits
 339              		.align	2
 340              		.global	Injection_Timer_1_RestoreConfig
 341              		.thumb
 342              		.thumb_func
 343              		.type	Injection_Timer_1_RestoreConfig, %function
 344              	Injection_Timer_1_RestoreConfig:
 345              	.LFB1:
  65:Generated_Source\PSoC5/Injection_Timer_1_PM.c ****         #endif /* (Injection_Timer_1_UseControl) */
  66:Generated_Source\PSoC5/Injection_Timer_1_PM.c ****     #endif  /* (!Injection_Timer_1_UsingFixedFunction) */
  67:Generated_Source\PSoC5/Injection_Timer_1_PM.c **** }
  68:Generated_Source\PSoC5/Injection_Timer_1_PM.c **** 
  69:Generated_Source\PSoC5/Injection_Timer_1_PM.c **** 
  70:Generated_Source\PSoC5/Injection_Timer_1_PM.c **** /*******************************************************************************
  71:Generated_Source\PSoC5/Injection_Timer_1_PM.c **** * Function Name: Injection_Timer_1_RestoreConfig
  72:Generated_Source\PSoC5/Injection_Timer_1_PM.c **** ********************************************************************************
  73:Generated_Source\PSoC5/Injection_Timer_1_PM.c **** *
  74:Generated_Source\PSoC5/Injection_Timer_1_PM.c **** * Summary:
  75:Generated_Source\PSoC5/Injection_Timer_1_PM.c **** *  Restores the current user configuration of the component.
  76:Generated_Source\PSoC5/Injection_Timer_1_PM.c **** *
  77:Generated_Source\PSoC5/Injection_Timer_1_PM.c **** * Parameters:
  78:Generated_Source\PSoC5/Injection_Timer_1_PM.c **** *  None
  79:Generated_Source\PSoC5/Injection_Timer_1_PM.c **** *
  80:Generated_Source\PSoC5/Injection_Timer_1_PM.c **** * Return:
  81:Generated_Source\PSoC5/Injection_Timer_1_PM.c **** *  None
  82:Generated_Source\PSoC5/Injection_Timer_1_PM.c **** *
  83:Generated_Source\PSoC5/Injection_Timer_1_PM.c **** * Global variables:
  84:Generated_Source\PSoC5/Injection_Timer_1_PM.c **** *  Injection_Timer_1_backup:  Variables of this global structure are used to
  85:Generated_Source\PSoC5/Injection_Timer_1_PM.c **** *  restore the values of non retention registers on wakeup from sleep mode.
  86:Generated_Source\PSoC5/Injection_Timer_1_PM.c **** *
  87:Generated_Source\PSoC5/Injection_Timer_1_PM.c **** *******************************************************************************/
  88:Generated_Source\PSoC5/Injection_Timer_1_PM.c **** void Injection_Timer_1_RestoreConfig(void) 
  89:Generated_Source\PSoC5/Injection_Timer_1_PM.c **** {
 346              		.loc 1 89 0
 347              		.cfi_startproc
 348              		@ args = 0, pretend = 0, frame = 0
 349              		@ frame_needed = 0, uses_anonymous_args = 0
 350 0000 10B5     		push	{r4, lr}
 351              		.cfi_def_cfa_offset 8
 352              		.cfi_offset 4, -8
 353              		.cfi_offset 14, -4
  90:Generated_Source\PSoC5/Injection_Timer_1_PM.c ****         #if(!Injection_Timer_1_UsingFixedFunction)
  91:Generated_Source\PSoC5/Injection_Timer_1_PM.c ****             #if(!Injection_Timer_1_PWMModeIsCenterAligned)
  92:Generated_Source\PSoC5/Injection_Timer_1_PM.c ****                 Injection_Timer_1_WritePeriod(Injection_Timer_1_backup.PWMPeriod);
 354              		.loc 1 92 0
 355 0002 074C     		ldr	r4, .L7
 356 0004 A088     		ldrh	r0, [r4, #4]
ARM GAS  C:\Users\Bruger\AppData\Local\Temp\cc9i0tTX.s 			page 25


 357 0006 FFF7FEFF 		bl	Injection_Timer_1_WritePeriod
 358              	.LVL3:
  93:Generated_Source\PSoC5/Injection_Timer_1_PM.c ****             #endif /* (!Injection_Timer_1_PWMModeIsCenterAligned) */
  94:Generated_Source\PSoC5/Injection_Timer_1_PM.c **** 
  95:Generated_Source\PSoC5/Injection_Timer_1_PM.c ****             Injection_Timer_1_WriteCounter(Injection_Timer_1_backup.PWMUdb);
 359              		.loc 1 95 0
 360 000a 6088     		ldrh	r0, [r4, #2]
 361 000c FFF7FEFF 		bl	Injection_Timer_1_WriteCounter
 362              	.LVL4:
  96:Generated_Source\PSoC5/Injection_Timer_1_PM.c **** 
  97:Generated_Source\PSoC5/Injection_Timer_1_PM.c ****             #if (Injection_Timer_1_UseStatus)
  98:Generated_Source\PSoC5/Injection_Timer_1_PM.c ****                 Injection_Timer_1_STATUS_MASK = Injection_Timer_1_backup.InterruptMaskValue;
 363              		.loc 1 98 0
 364 0010 A279     		ldrb	r2, [r4, #6]	@ zero_extendqisi2
 365 0012 044B     		ldr	r3, .L7+4
  99:Generated_Source\PSoC5/Injection_Timer_1_PM.c ****             #endif /* (Injection_Timer_1_UseStatus) */
 100:Generated_Source\PSoC5/Injection_Timer_1_PM.c **** 
 101:Generated_Source\PSoC5/Injection_Timer_1_PM.c ****             #if(Injection_Timer_1_DeadBandMode == Injection_Timer_1__B_PWM__DBM_256_CLOCKS || \
 102:Generated_Source\PSoC5/Injection_Timer_1_PM.c ****                 Injection_Timer_1_DeadBandMode == Injection_Timer_1__B_PWM__DBM_2_4_CLOCKS)
 103:Generated_Source\PSoC5/Injection_Timer_1_PM.c ****                 Injection_Timer_1_WriteDeadTime(Injection_Timer_1_backup.PWMdeadBandValue);
 104:Generated_Source\PSoC5/Injection_Timer_1_PM.c ****             #endif /* deadband count is either 2-4 clocks or 256 clocks */
 105:Generated_Source\PSoC5/Injection_Timer_1_PM.c **** 
 106:Generated_Source\PSoC5/Injection_Timer_1_PM.c ****             #if(Injection_Timer_1_KillModeMinTime)
 107:Generated_Source\PSoC5/Injection_Timer_1_PM.c ****                 Injection_Timer_1_WriteKillTime(Injection_Timer_1_backup.PWMKillCounterPeriod);
 108:Generated_Source\PSoC5/Injection_Timer_1_PM.c ****             #endif /* (Injection_Timer_1_KillModeMinTime) */
 109:Generated_Source\PSoC5/Injection_Timer_1_PM.c **** 
 110:Generated_Source\PSoC5/Injection_Timer_1_PM.c ****             #if(Injection_Timer_1_UseControl)
 111:Generated_Source\PSoC5/Injection_Timer_1_PM.c ****                 Injection_Timer_1_WriteControlRegister(Injection_Timer_1_backup.PWMControlRegister)
 366              		.loc 1 111 0
 367 0014 E079     		ldrb	r0, [r4, #7]	@ zero_extendqisi2
  98:Generated_Source\PSoC5/Injection_Timer_1_PM.c ****             #endif /* (Injection_Timer_1_UseStatus) */
 368              		.loc 1 98 0
 369 0016 1A70     		strb	r2, [r3]
 112:Generated_Source\PSoC5/Injection_Timer_1_PM.c ****             #endif /* (Injection_Timer_1_UseControl) */
 113:Generated_Source\PSoC5/Injection_Timer_1_PM.c ****         #endif  /* (!Injection_Timer_1_UsingFixedFunction) */
 114:Generated_Source\PSoC5/Injection_Timer_1_PM.c ****     }
 370              		.loc 1 114 0
 371 0018 BDE81040 		pop	{r4, lr}
 372              		.cfi_restore 14
 373              		.cfi_restore 4
 374              		.cfi_def_cfa_offset 0
 111:Generated_Source\PSoC5/Injection_Timer_1_PM.c ****             #endif /* (Injection_Timer_1_UseControl) */
 375              		.loc 1 111 0
 376 001c FFF7FEBF 		b	Injection_Timer_1_WriteControlRegister
 377              	.LVL5:
 378              	.L8:
 379              		.align	2
 380              	.L7:
 381 0020 00000000 		.word	.LANCHOR0
 382 0024 87640040 		.word	1073767559
 383              		.cfi_endproc
 384              	.LFE1:
 385              		.size	Injection_Timer_1_RestoreConfig, .-Injection_Timer_1_RestoreConfig
 386              		.section	.text.Injection_Timer_1_Sleep,"ax",%progbits
 387              		.align	2
 388              		.global	Injection_Timer_1_Sleep
 389              		.thumb
ARM GAS  C:\Users\Bruger\AppData\Local\Temp\cc9i0tTX.s 			page 26


 390              		.thumb_func
 391              		.type	Injection_Timer_1_Sleep, %function
 392              	Injection_Timer_1_Sleep:
 393              	.LFB2:
 115:Generated_Source\PSoC5/Injection_Timer_1_PM.c **** 
 116:Generated_Source\PSoC5/Injection_Timer_1_PM.c **** 
 117:Generated_Source\PSoC5/Injection_Timer_1_PM.c **** /*******************************************************************************
 118:Generated_Source\PSoC5/Injection_Timer_1_PM.c **** * Function Name: Injection_Timer_1_Sleep
 119:Generated_Source\PSoC5/Injection_Timer_1_PM.c **** ********************************************************************************
 120:Generated_Source\PSoC5/Injection_Timer_1_PM.c **** *
 121:Generated_Source\PSoC5/Injection_Timer_1_PM.c **** * Summary:
 122:Generated_Source\PSoC5/Injection_Timer_1_PM.c **** *  Disables block's operation and saves the user configuration. Should be called
 123:Generated_Source\PSoC5/Injection_Timer_1_PM.c **** *  just prior to entering sleep.
 124:Generated_Source\PSoC5/Injection_Timer_1_PM.c **** *
 125:Generated_Source\PSoC5/Injection_Timer_1_PM.c **** * Parameters:
 126:Generated_Source\PSoC5/Injection_Timer_1_PM.c **** *  None
 127:Generated_Source\PSoC5/Injection_Timer_1_PM.c **** *
 128:Generated_Source\PSoC5/Injection_Timer_1_PM.c **** * Return:
 129:Generated_Source\PSoC5/Injection_Timer_1_PM.c **** *  None
 130:Generated_Source\PSoC5/Injection_Timer_1_PM.c **** *
 131:Generated_Source\PSoC5/Injection_Timer_1_PM.c **** * Global variables:
 132:Generated_Source\PSoC5/Injection_Timer_1_PM.c **** *  Injection_Timer_1_backup.PWMEnableState:  Is modified depending on the enable
 133:Generated_Source\PSoC5/Injection_Timer_1_PM.c **** *  state of the block before entering sleep mode.
 134:Generated_Source\PSoC5/Injection_Timer_1_PM.c **** *
 135:Generated_Source\PSoC5/Injection_Timer_1_PM.c **** *******************************************************************************/
 136:Generated_Source\PSoC5/Injection_Timer_1_PM.c **** void Injection_Timer_1_Sleep(void) 
 137:Generated_Source\PSoC5/Injection_Timer_1_PM.c **** {
 394              		.loc 1 137 0
 395              		.cfi_startproc
 396              		@ args = 0, pretend = 0, frame = 0
 397              		@ frame_needed = 0, uses_anonymous_args = 0
 398 0000 10B5     		push	{r4, lr}
 399              		.cfi_def_cfa_offset 8
 400              		.cfi_offset 4, -8
 401              		.cfi_offset 14, -4
 138:Generated_Source\PSoC5/Injection_Timer_1_PM.c ****     #if(Injection_Timer_1_UseControl)
 139:Generated_Source\PSoC5/Injection_Timer_1_PM.c ****         if(Injection_Timer_1_CTRL_ENABLE == (Injection_Timer_1_CONTROL & Injection_Timer_1_CTRL_ENA
 402              		.loc 1 139 0
 403 0002 0A4B     		ldr	r3, .L11
 404 0004 0A4C     		ldr	r4, .L11+4
 405 0006 1B78     		ldrb	r3, [r3]	@ zero_extendqisi2
 406 0008 DB09     		lsrs	r3, r3, #7
 407 000a 2370     		strb	r3, [r4]
 140:Generated_Source\PSoC5/Injection_Timer_1_PM.c ****         {
 141:Generated_Source\PSoC5/Injection_Timer_1_PM.c ****             /*Component is enabled */
 142:Generated_Source\PSoC5/Injection_Timer_1_PM.c ****             Injection_Timer_1_backup.PWMEnableState = 1u;
 143:Generated_Source\PSoC5/Injection_Timer_1_PM.c ****         }
 144:Generated_Source\PSoC5/Injection_Timer_1_PM.c ****         else
 145:Generated_Source\PSoC5/Injection_Timer_1_PM.c ****         {
 146:Generated_Source\PSoC5/Injection_Timer_1_PM.c ****             /* Component is disabled */
 147:Generated_Source\PSoC5/Injection_Timer_1_PM.c ****             Injection_Timer_1_backup.PWMEnableState = 0u;
 148:Generated_Source\PSoC5/Injection_Timer_1_PM.c ****         }
 149:Generated_Source\PSoC5/Injection_Timer_1_PM.c ****     #endif /* (Injection_Timer_1_UseControl) */
 150:Generated_Source\PSoC5/Injection_Timer_1_PM.c **** 
 151:Generated_Source\PSoC5/Injection_Timer_1_PM.c ****     /* Stop component */
 152:Generated_Source\PSoC5/Injection_Timer_1_PM.c ****     Injection_Timer_1_Stop();
 408              		.loc 1 152 0
ARM GAS  C:\Users\Bruger\AppData\Local\Temp\cc9i0tTX.s 			page 27


 409 000c FFF7FEFF 		bl	Injection_Timer_1_Stop
 410              	.LVL6:
 411              	.LBB4:
 412              	.LBB5:
  47:Generated_Source\PSoC5/Injection_Timer_1_PM.c ****         #endif /* (!Injection_Timer_1_PWMModeIsCenterAligned) */
 413              		.loc 1 47 0
 414 0010 FFF7FEFF 		bl	Injection_Timer_1_ReadPeriod
 415              	.LVL7:
 416 0014 A080     		strh	r0, [r4, #4]	@ movhi
  49:Generated_Source\PSoC5/Injection_Timer_1_PM.c ****         #if (Injection_Timer_1_UseStatus)
 417              		.loc 1 49 0
 418 0016 FFF7FEFF 		bl	Injection_Timer_1_ReadCounter
 419              	.LVL8:
  51:Generated_Source\PSoC5/Injection_Timer_1_PM.c ****         #endif /* (Injection_Timer_1_UseStatus) */
 420              		.loc 1 51 0
 421 001a 064B     		ldr	r3, .L11+8
  49:Generated_Source\PSoC5/Injection_Timer_1_PM.c ****         #if (Injection_Timer_1_UseStatus)
 422              		.loc 1 49 0
 423 001c 6080     		strh	r0, [r4, #2]	@ movhi
  51:Generated_Source\PSoC5/Injection_Timer_1_PM.c ****         #endif /* (Injection_Timer_1_UseStatus) */
 424              		.loc 1 51 0
 425 001e 1B78     		ldrb	r3, [r3]	@ zero_extendqisi2
 426 0020 A371     		strb	r3, [r4, #6]
  64:Generated_Source\PSoC5/Injection_Timer_1_PM.c ****         #endif /* (Injection_Timer_1_UseControl) */
 427              		.loc 1 64 0
 428 0022 FFF7FEFF 		bl	Injection_Timer_1_ReadControlRegister
 429              	.LVL9:
 430 0026 E071     		strb	r0, [r4, #7]
 431 0028 10BD     		pop	{r4, pc}
 432              	.L12:
 433 002a 00BF     		.align	2
 434              	.L11:
 435 002c 76640040 		.word	1073767542
 436 0030 00000000 		.word	.LANCHOR0
 437 0034 87640040 		.word	1073767559
 438              	.LBE5:
 439              	.LBE4:
 440              		.cfi_endproc
 441              	.LFE2:
 442              		.size	Injection_Timer_1_Sleep, .-Injection_Timer_1_Sleep
 443              		.section	.text.Injection_Timer_1_Wakeup,"ax",%progbits
 444              		.align	2
 445              		.global	Injection_Timer_1_Wakeup
 446              		.thumb
 447              		.thumb_func
 448              		.type	Injection_Timer_1_Wakeup, %function
 449              	Injection_Timer_1_Wakeup:
 450              	.LFB3:
 153:Generated_Source\PSoC5/Injection_Timer_1_PM.c **** 
 154:Generated_Source\PSoC5/Injection_Timer_1_PM.c ****     /* Save registers configuration */
 155:Generated_Source\PSoC5/Injection_Timer_1_PM.c ****     Injection_Timer_1_SaveConfig();
 156:Generated_Source\PSoC5/Injection_Timer_1_PM.c **** }
 157:Generated_Source\PSoC5/Injection_Timer_1_PM.c **** 
 158:Generated_Source\PSoC5/Injection_Timer_1_PM.c **** 
 159:Generated_Source\PSoC5/Injection_Timer_1_PM.c **** /*******************************************************************************
 160:Generated_Source\PSoC5/Injection_Timer_1_PM.c **** * Function Name: Injection_Timer_1_Wakeup
 161:Generated_Source\PSoC5/Injection_Timer_1_PM.c **** ********************************************************************************
ARM GAS  C:\Users\Bruger\AppData\Local\Temp\cc9i0tTX.s 			page 28


 162:Generated_Source\PSoC5/Injection_Timer_1_PM.c **** *
 163:Generated_Source\PSoC5/Injection_Timer_1_PM.c **** * Summary:
 164:Generated_Source\PSoC5/Injection_Timer_1_PM.c **** *  Restores and enables the user configuration. Should be called just after
 165:Generated_Source\PSoC5/Injection_Timer_1_PM.c **** *  awaking from sleep.
 166:Generated_Source\PSoC5/Injection_Timer_1_PM.c **** *
 167:Generated_Source\PSoC5/Injection_Timer_1_PM.c **** * Parameters:
 168:Generated_Source\PSoC5/Injection_Timer_1_PM.c **** *  None
 169:Generated_Source\PSoC5/Injection_Timer_1_PM.c **** *
 170:Generated_Source\PSoC5/Injection_Timer_1_PM.c **** * Return:
 171:Generated_Source\PSoC5/Injection_Timer_1_PM.c **** *  None
 172:Generated_Source\PSoC5/Injection_Timer_1_PM.c **** *
 173:Generated_Source\PSoC5/Injection_Timer_1_PM.c **** * Global variables:
 174:Generated_Source\PSoC5/Injection_Timer_1_PM.c **** *  Injection_Timer_1_backup.pwmEnable:  Is used to restore the enable state of
 175:Generated_Source\PSoC5/Injection_Timer_1_PM.c **** *  block on wakeup from sleep mode.
 176:Generated_Source\PSoC5/Injection_Timer_1_PM.c **** *
 177:Generated_Source\PSoC5/Injection_Timer_1_PM.c **** *******************************************************************************/
 178:Generated_Source\PSoC5/Injection_Timer_1_PM.c **** void Injection_Timer_1_Wakeup(void) 
 179:Generated_Source\PSoC5/Injection_Timer_1_PM.c **** {
 451              		.loc 1 179 0
 452              		.cfi_startproc
 453              		@ args = 0, pretend = 0, frame = 0
 454              		@ frame_needed = 0, uses_anonymous_args = 0
 455 0000 10B5     		push	{r4, lr}
 456              		.cfi_def_cfa_offset 8
 457              		.cfi_offset 4, -8
 458              		.cfi_offset 14, -4
 459              	.LBB8:
 460              	.LBB9:
  92:Generated_Source\PSoC5/Injection_Timer_1_PM.c ****             #endif /* (!Injection_Timer_1_PWMModeIsCenterAligned) */
 461              		.loc 1 92 0
 462 0002 0A4C     		ldr	r4, .L18
 463 0004 A088     		ldrh	r0, [r4, #4]
 464 0006 FFF7FEFF 		bl	Injection_Timer_1_WritePeriod
 465              	.LVL10:
  95:Generated_Source\PSoC5/Injection_Timer_1_PM.c **** 
 466              		.loc 1 95 0
 467 000a 6088     		ldrh	r0, [r4, #2]
 468 000c FFF7FEFF 		bl	Injection_Timer_1_WriteCounter
 469              	.LVL11:
  98:Generated_Source\PSoC5/Injection_Timer_1_PM.c ****             #endif /* (Injection_Timer_1_UseStatus) */
 470              		.loc 1 98 0
 471 0010 074B     		ldr	r3, .L18+4
 472 0012 A279     		ldrb	r2, [r4, #6]	@ zero_extendqisi2
 111:Generated_Source\PSoC5/Injection_Timer_1_PM.c ****             #endif /* (Injection_Timer_1_UseControl) */
 473              		.loc 1 111 0
 474 0014 E079     		ldrb	r0, [r4, #7]	@ zero_extendqisi2
  98:Generated_Source\PSoC5/Injection_Timer_1_PM.c ****             #endif /* (Injection_Timer_1_UseStatus) */
 475              		.loc 1 98 0
 476 0016 1A70     		strb	r2, [r3]
 111:Generated_Source\PSoC5/Injection_Timer_1_PM.c ****             #endif /* (Injection_Timer_1_UseControl) */
 477              		.loc 1 111 0
 478 0018 FFF7FEFF 		bl	Injection_Timer_1_WriteControlRegister
 479              	.LVL12:
 480              	.LBE9:
 481              	.LBE8:
 180:Generated_Source\PSoC5/Injection_Timer_1_PM.c ****      /* Restore registers values */
 181:Generated_Source\PSoC5/Injection_Timer_1_PM.c ****     Injection_Timer_1_RestoreConfig();
ARM GAS  C:\Users\Bruger\AppData\Local\Temp\cc9i0tTX.s 			page 29


 182:Generated_Source\PSoC5/Injection_Timer_1_PM.c **** 
 183:Generated_Source\PSoC5/Injection_Timer_1_PM.c ****     if(Injection_Timer_1_backup.PWMEnableState != 0u)
 482              		.loc 1 183 0
 483 001c 2378     		ldrb	r3, [r4]	@ zero_extendqisi2
 484 001e 03B9     		cbnz	r3, .L17
 485 0020 10BD     		pop	{r4, pc}
 486              	.L17:
 184:Generated_Source\PSoC5/Injection_Timer_1_PM.c ****     {
 185:Generated_Source\PSoC5/Injection_Timer_1_PM.c ****         /* Enable component's operation */
 186:Generated_Source\PSoC5/Injection_Timer_1_PM.c ****         Injection_Timer_1_Enable();
 187:Generated_Source\PSoC5/Injection_Timer_1_PM.c ****     } /* Do nothing if component's block was disabled before */
 188:Generated_Source\PSoC5/Injection_Timer_1_PM.c **** 
 189:Generated_Source\PSoC5/Injection_Timer_1_PM.c **** }
 487              		.loc 1 189 0
 488 0022 BDE81040 		pop	{r4, lr}
 489              		.cfi_restore 14
 490              		.cfi_restore 4
 491              		.cfi_def_cfa_offset 0
 186:Generated_Source\PSoC5/Injection_Timer_1_PM.c ****     } /* Do nothing if component's block was disabled before */
 492              		.loc 1 186 0
 493 0026 FFF7FEBF 		b	Injection_Timer_1_Enable
 494              	.LVL13:
 495              	.L19:
 496 002a 00BF     		.align	2
 497              	.L18:
 498 002c 00000000 		.word	.LANCHOR0
 499 0030 87640040 		.word	1073767559
 500              		.cfi_endproc
 501              	.LFE3:
 502              		.size	Injection_Timer_1_Wakeup, .-Injection_Timer_1_Wakeup
 503              		.bss
 504              		.align	2
 505              		.set	.LANCHOR0,. + 0
 506              		.type	Injection_Timer_1_backup, %object
 507              		.size	Injection_Timer_1_backup, 8
 508              	Injection_Timer_1_backup:
 509 0000 00000000 		.space	8
 509      00000000 
 510              		.text
 511              	.Letext0:
 512              		.file 2 "Generated_Source\\PSoC5\\cytypes.h"
 513              		.file 3 "Generated_Source\\PSoC5\\Injection_Timer_1.h"
 514              		.section	.debug_info,"",%progbits
 515              	.Ldebug_info0:
 516 0000 7A020000 		.4byte	0x27a
 517 0004 0400     		.2byte	0x4
 518 0006 00000000 		.4byte	.Ldebug_abbrev0
 519 000a 04       		.byte	0x4
 520 000b 01       		.uleb128 0x1
 521 000c 4D020000 		.4byte	.LASF34
 522 0010 01       		.byte	0x1
 523 0011 BD000000 		.4byte	.LASF35
 524 0015 41010000 		.4byte	.LASF36
 525 0019 00000000 		.4byte	.Ldebug_ranges0+0
 526 001d 00000000 		.4byte	0
 527 0021 00000000 		.4byte	.Ldebug_line0
 528 0025 02       		.uleb128 0x2
ARM GAS  C:\Users\Bruger\AppData\Local\Temp\cc9i0tTX.s 			page 30


 529 0026 01       		.byte	0x1
 530 0027 06       		.byte	0x6
 531 0028 88030000 		.4byte	.LASF0
 532 002c 02       		.uleb128 0x2
 533 002d 01       		.byte	0x1
 534 002e 08       		.byte	0x8
 535 002f AF000000 		.4byte	.LASF1
 536 0033 02       		.uleb128 0x2
 537 0034 02       		.byte	0x2
 538 0035 05       		.byte	0x5
 539 0036 4F030000 		.4byte	.LASF2
 540 003a 02       		.uleb128 0x2
 541 003b 02       		.byte	0x2
 542 003c 07       		.byte	0x7
 543 003d 96000000 		.4byte	.LASF3
 544 0041 02       		.uleb128 0x2
 545 0042 04       		.byte	0x4
 546 0043 05       		.byte	0x5
 547 0044 7F030000 		.4byte	.LASF4
 548 0048 02       		.uleb128 0x2
 549 0049 04       		.byte	0x4
 550 004a 07       		.byte	0x7
 551 004b EB000000 		.4byte	.LASF5
 552 004f 02       		.uleb128 0x2
 553 0050 08       		.byte	0x8
 554 0051 05       		.byte	0x5
 555 0052 3F020000 		.4byte	.LASF6
 556 0056 02       		.uleb128 0x2
 557 0057 08       		.byte	0x8
 558 0058 07       		.byte	0x7
 559 0059 C5010000 		.4byte	.LASF7
 560 005d 03       		.uleb128 0x3
 561 005e 04       		.byte	0x4
 562 005f 05       		.byte	0x5
 563 0060 696E7400 		.ascii	"int\000"
 564 0064 02       		.uleb128 0x2
 565 0065 04       		.byte	0x4
 566 0066 07       		.byte	0x7
 567 0067 9A010000 		.4byte	.LASF8
 568 006b 04       		.uleb128 0x4
 569 006c FD000000 		.4byte	.LASF9
 570 0070 02       		.byte	0x2
 571 0071 3801     		.2byte	0x138
 572 0073 2C000000 		.4byte	0x2c
 573 0077 04       		.uleb128 0x4
 574 0078 3A010000 		.4byte	.LASF10
 575 007c 02       		.byte	0x2
 576 007d 3901     		.2byte	0x139
 577 007f 3A000000 		.4byte	0x3a
 578 0083 02       		.uleb128 0x2
 579 0084 04       		.byte	0x4
 580 0085 04       		.byte	0x4
 581 0086 A9000000 		.4byte	.LASF11
 582 008a 02       		.uleb128 0x2
 583 008b 08       		.byte	0x8
 584 008c 04       		.byte	0x4
 585 008d 16010000 		.4byte	.LASF12
ARM GAS  C:\Users\Bruger\AppData\Local\Temp\cc9i0tTX.s 			page 31


 586 0091 02       		.uleb128 0x2
 587 0092 01       		.byte	0x1
 588 0093 08       		.byte	0x8
 589 0094 F4020000 		.4byte	.LASF13
 590 0098 04       		.uleb128 0x4
 591 0099 12020000 		.4byte	.LASF14
 592 009d 02       		.byte	0x2
 593 009e E201     		.2byte	0x1e2
 594 00a0 A4000000 		.4byte	0xa4
 595 00a4 05       		.uleb128 0x5
 596 00a5 6B000000 		.4byte	0x6b
 597 00a9 02       		.uleb128 0x2
 598 00aa 04       		.byte	0x4
 599 00ab 07       		.byte	0x7
 600 00ac 17020000 		.4byte	.LASF15
 601 00b0 06       		.uleb128 0x6
 602 00b1 08       		.byte	0x8
 603 00b2 03       		.byte	0x3
 604 00b3 6B       		.byte	0x6b
 605 00b4 F5000000 		.4byte	0xf5
 606 00b8 07       		.uleb128 0x7
 607 00b9 70030000 		.4byte	.LASF16
 608 00bd 03       		.byte	0x3
 609 00be 6E       		.byte	0x6e
 610 00bf 6B000000 		.4byte	0x6b
 611 00c3 00       		.byte	0
 612 00c4 07       		.uleb128 0x7
 613 00c5 00000000 		.4byte	.LASF17
 614 00c9 03       		.byte	0x3
 615 00ca 71       		.byte	0x71
 616 00cb 77000000 		.4byte	0x77
 617 00cf 02       		.byte	0x2
 618 00d0 07       		.uleb128 0x7
 619 00d1 07000000 		.4byte	.LASF18
 620 00d5 03       		.byte	0x3
 621 00d6 73       		.byte	0x73
 622 00d7 77000000 		.4byte	0x77
 623 00db 04       		.byte	0x4
 624 00dc 07       		.uleb128 0x7
 625 00dd AD030000 		.4byte	.LASF19
 626 00e1 03       		.byte	0x3
 627 00e2 76       		.byte	0x76
 628 00e3 6B000000 		.4byte	0x6b
 629 00e7 06       		.byte	0x6
 630 00e8 07       		.uleb128 0x7
 631 00e9 03010000 		.4byte	.LASF20
 632 00ed 03       		.byte	0x3
 633 00ee 86       		.byte	0x86
 634 00ef 6B000000 		.4byte	0x6b
 635 00f3 07       		.byte	0x7
 636 00f4 00       		.byte	0
 637 00f5 08       		.uleb128 0x8
 638 00f6 50000000 		.4byte	.LASF21
 639 00fa 03       		.byte	0x3
 640 00fb 8B       		.byte	0x8b
 641 00fc B0000000 		.4byte	0xb0
 642 0100 09       		.uleb128 0x9
ARM GAS  C:\Users\Bruger\AppData\Local\Temp\cc9i0tTX.s 			page 32


 643 0101 1D010000 		.4byte	.LASF22
 644 0105 01       		.byte	0x1
 645 0106 2A       		.byte	0x2a
 646 0107 01       		.byte	0x1
 647 0108 0A       		.uleb128 0xa
 648 0109 00010000 		.4byte	0x100
 649 010d 00000000 		.4byte	.LFB0
 650 0111 28000000 		.4byte	.LFE0-.LFB0
 651 0115 01       		.uleb128 0x1
 652 0116 9C       		.byte	0x9c
 653 0117 37010000 		.4byte	0x137
 654 011b 0B       		.uleb128 0xb
 655 011c 06000000 		.4byte	.LVL0
 656 0120 1B020000 		.4byte	0x21b
 657 0124 0B       		.uleb128 0xb
 658 0125 0E000000 		.4byte	.LVL1
 659 0129 26020000 		.4byte	0x226
 660 012d 0B       		.uleb128 0xb
 661 012e 1A000000 		.4byte	.LVL2
 662 0132 31020000 		.4byte	0x231
 663 0136 00       		.byte	0
 664 0137 09       		.uleb128 0x9
 665 0138 F9020000 		.4byte	.LASF23
 666 013c 01       		.byte	0x1
 667 013d 58       		.byte	0x58
 668 013e 01       		.byte	0x1
 669 013f 0A       		.uleb128 0xa
 670 0140 37010000 		.4byte	0x137
 671 0144 00000000 		.4byte	.LFB1
 672 0148 28000000 		.4byte	.LFE1-.LFB1
 673 014c 01       		.uleb128 0x1
 674 014d 9C       		.byte	0x9c
 675 014e 6E010000 		.4byte	0x16e
 676 0152 0B       		.uleb128 0xb
 677 0153 0A000000 		.4byte	.LVL3
 678 0157 3C020000 		.4byte	0x23c
 679 015b 0B       		.uleb128 0xb
 680 015c 10000000 		.4byte	.LVL4
 681 0160 4D020000 		.4byte	0x24d
 682 0164 0C       		.uleb128 0xc
 683 0165 20000000 		.4byte	.LVL5
 684 0169 5E020000 		.4byte	0x25e
 685 016d 00       		.byte	0
 686 016e 0D       		.uleb128 0xd
 687 016f 19030000 		.4byte	.LASF24
 688 0173 01       		.byte	0x1
 689 0174 88       		.byte	0x88
 690 0175 00000000 		.4byte	.LFB2
 691 0179 38000000 		.4byte	.LFE2-.LFB2
 692 017d 01       		.uleb128 0x1
 693 017e 9C       		.byte	0x9c
 694 017f BC010000 		.4byte	0x1bc
 695 0183 0E       		.uleb128 0xe
 696 0184 00010000 		.4byte	0x100
 697 0188 10000000 		.4byte	.LBB4
 698 018c 28000000 		.4byte	.LBE4-.LBB4
 699 0190 01       		.byte	0x1
ARM GAS  C:\Users\Bruger\AppData\Local\Temp\cc9i0tTX.s 			page 33


 700 0191 9B       		.byte	0x9b
 701 0192 B2010000 		.4byte	0x1b2
 702 0196 0B       		.uleb128 0xb
 703 0197 14000000 		.4byte	.LVL7
 704 019b 1B020000 		.4byte	0x21b
 705 019f 0B       		.uleb128 0xb
 706 01a0 1A000000 		.4byte	.LVL8
 707 01a4 26020000 		.4byte	0x226
 708 01a8 0B       		.uleb128 0xb
 709 01a9 26000000 		.4byte	.LVL9
 710 01ad 31020000 		.4byte	0x231
 711 01b1 00       		.byte	0
 712 01b2 0B       		.uleb128 0xb
 713 01b3 10000000 		.4byte	.LVL6
 714 01b7 6F020000 		.4byte	0x26f
 715 01bb 00       		.byte	0
 716 01bc 0D       		.uleb128 0xd
 717 01bd 11000000 		.4byte	.LASF25
 718 01c1 01       		.byte	0x1
 719 01c2 B2       		.byte	0xb2
 720 01c3 00000000 		.4byte	.LFB3
 721 01c7 34000000 		.4byte	.LFE3-.LFB3
 722 01cb 01       		.uleb128 0x1
 723 01cc 9C       		.byte	0x9c
 724 01cd 0A020000 		.4byte	0x20a
 725 01d1 0E       		.uleb128 0xe
 726 01d2 37010000 		.4byte	0x137
 727 01d6 02000000 		.4byte	.LBB8
 728 01da 1A000000 		.4byte	.LBE8-.LBB8
 729 01de 01       		.byte	0x1
 730 01df B5       		.byte	0xb5
 731 01e0 00020000 		.4byte	0x200
 732 01e4 0B       		.uleb128 0xb
 733 01e5 0A000000 		.4byte	.LVL10
 734 01e9 3C020000 		.4byte	0x23c
 735 01ed 0B       		.uleb128 0xb
 736 01ee 10000000 		.4byte	.LVL11
 737 01f2 4D020000 		.4byte	0x24d
 738 01f6 0B       		.uleb128 0xb
 739 01f7 1C000000 		.4byte	.LVL12
 740 01fb 5E020000 		.4byte	0x25e
 741 01ff 00       		.byte	0
 742 0200 0C       		.uleb128 0xc
 743 0201 2A000000 		.4byte	.LVL13
 744 0205 76020000 		.4byte	0x276
 745 0209 00       		.byte	0
 746 020a 0F       		.uleb128 0xf
 747 020b 94030000 		.4byte	.LASF37
 748 020f 01       		.byte	0x1
 749 0210 14       		.byte	0x14
 750 0211 F5000000 		.4byte	0xf5
 751 0215 05       		.uleb128 0x5
 752 0216 03       		.byte	0x3
 753 0217 00000000 		.4byte	Injection_Timer_1_backup
 754 021b 10       		.uleb128 0x10
 755 021c F5010000 		.4byte	.LASF26
 756 0220 03       		.byte	0x3
ARM GAS  C:\Users\Bruger\AppData\Local\Temp\cc9i0tTX.s 			page 34


 757 0221 C0       		.byte	0xc0
 758 0222 77000000 		.4byte	0x77
 759 0226 10       		.uleb128 0x10
 760 0227 A7010000 		.4byte	.LASF27
 761 022b 03       		.byte	0x3
 762 022c B3       		.byte	0xb3
 763 022d 77000000 		.4byte	0x77
 764 0231 10       		.uleb128 0x10
 765 0232 2A000000 		.4byte	.LASF28
 766 0236 03       		.byte	0x3
 767 0237 9D       		.byte	0x9d
 768 0238 6B000000 		.4byte	0x6b
 769 023c 11       		.uleb128 0x11
 770 023d 31030000 		.4byte	.LASF29
 771 0241 03       		.byte	0x3
 772 0242 BE       		.byte	0xbe
 773 0243 4D020000 		.4byte	0x24d
 774 0247 12       		.uleb128 0x12
 775 0248 77000000 		.4byte	0x77
 776 024c 00       		.byte	0
 777 024d 11       		.uleb128 0x11
 778 024e 20020000 		.4byte	.LASF30
 779 0252 03       		.byte	0x3
 780 0253 BA       		.byte	0xba
 781 0254 5E020000 		.4byte	0x25e
 782 0258 12       		.uleb128 0x12
 783 0259 77000000 		.4byte	0x77
 784 025d 00       		.byte	0
 785 025e 11       		.uleb128 0x11
 786 025f 6F000000 		.4byte	.LASF31
 787 0263 03       		.byte	0x3
 788 0264 9E       		.byte	0x9e
 789 0265 6F020000 		.4byte	0x26f
 790 0269 12       		.uleb128 0x12
 791 026a 6B000000 		.4byte	0x6b
 792 026e 00       		.byte	0
 793 026f 13       		.uleb128 0x13
 794 0270 59030000 		.4byte	.LASF32
 795 0274 03       		.byte	0x3
 796 0275 93       		.byte	0x93
 797 0276 13       		.uleb128 0x13
 798 0277 DC010000 		.4byte	.LASF33
 799 027b 03       		.byte	0x3
 800 027c DB       		.byte	0xdb
 801 027d 00       		.byte	0
 802              		.section	.debug_abbrev,"",%progbits
 803              	.Ldebug_abbrev0:
 804 0000 01       		.uleb128 0x1
 805 0001 11       		.uleb128 0x11
 806 0002 01       		.byte	0x1
 807 0003 25       		.uleb128 0x25
 808 0004 0E       		.uleb128 0xe
 809 0005 13       		.uleb128 0x13
 810 0006 0B       		.uleb128 0xb
 811 0007 03       		.uleb128 0x3
 812 0008 0E       		.uleb128 0xe
 813 0009 1B       		.uleb128 0x1b
ARM GAS  C:\Users\Bruger\AppData\Local\Temp\cc9i0tTX.s 			page 35


 814 000a 0E       		.uleb128 0xe
 815 000b 55       		.uleb128 0x55
 816 000c 17       		.uleb128 0x17
 817 000d 11       		.uleb128 0x11
 818 000e 01       		.uleb128 0x1
 819 000f 10       		.uleb128 0x10
 820 0010 17       		.uleb128 0x17
 821 0011 00       		.byte	0
 822 0012 00       		.byte	0
 823 0013 02       		.uleb128 0x2
 824 0014 24       		.uleb128 0x24
 825 0015 00       		.byte	0
 826 0016 0B       		.uleb128 0xb
 827 0017 0B       		.uleb128 0xb
 828 0018 3E       		.uleb128 0x3e
 829 0019 0B       		.uleb128 0xb
 830 001a 03       		.uleb128 0x3
 831 001b 0E       		.uleb128 0xe
 832 001c 00       		.byte	0
 833 001d 00       		.byte	0
 834 001e 03       		.uleb128 0x3
 835 001f 24       		.uleb128 0x24
 836 0020 00       		.byte	0
 837 0021 0B       		.uleb128 0xb
 838 0022 0B       		.uleb128 0xb
 839 0023 3E       		.uleb128 0x3e
 840 0024 0B       		.uleb128 0xb
 841 0025 03       		.uleb128 0x3
 842 0026 08       		.uleb128 0x8
 843 0027 00       		.byte	0
 844 0028 00       		.byte	0
 845 0029 04       		.uleb128 0x4
 846 002a 16       		.uleb128 0x16
 847 002b 00       		.byte	0
 848 002c 03       		.uleb128 0x3
 849 002d 0E       		.uleb128 0xe
 850 002e 3A       		.uleb128 0x3a
 851 002f 0B       		.uleb128 0xb
 852 0030 3B       		.uleb128 0x3b
 853 0031 05       		.uleb128 0x5
 854 0032 49       		.uleb128 0x49
 855 0033 13       		.uleb128 0x13
 856 0034 00       		.byte	0
 857 0035 00       		.byte	0
 858 0036 05       		.uleb128 0x5
 859 0037 35       		.uleb128 0x35
 860 0038 00       		.byte	0
 861 0039 49       		.uleb128 0x49
 862 003a 13       		.uleb128 0x13
 863 003b 00       		.byte	0
 864 003c 00       		.byte	0
 865 003d 06       		.uleb128 0x6
 866 003e 13       		.uleb128 0x13
 867 003f 01       		.byte	0x1
 868 0040 0B       		.uleb128 0xb
 869 0041 0B       		.uleb128 0xb
 870 0042 3A       		.uleb128 0x3a
ARM GAS  C:\Users\Bruger\AppData\Local\Temp\cc9i0tTX.s 			page 36


 871 0043 0B       		.uleb128 0xb
 872 0044 3B       		.uleb128 0x3b
 873 0045 0B       		.uleb128 0xb
 874 0046 01       		.uleb128 0x1
 875 0047 13       		.uleb128 0x13
 876 0048 00       		.byte	0
 877 0049 00       		.byte	0
 878 004a 07       		.uleb128 0x7
 879 004b 0D       		.uleb128 0xd
 880 004c 00       		.byte	0
 881 004d 03       		.uleb128 0x3
 882 004e 0E       		.uleb128 0xe
 883 004f 3A       		.uleb128 0x3a
 884 0050 0B       		.uleb128 0xb
 885 0051 3B       		.uleb128 0x3b
 886 0052 0B       		.uleb128 0xb
 887 0053 49       		.uleb128 0x49
 888 0054 13       		.uleb128 0x13
 889 0055 38       		.uleb128 0x38
 890 0056 0B       		.uleb128 0xb
 891 0057 00       		.byte	0
 892 0058 00       		.byte	0
 893 0059 08       		.uleb128 0x8
 894 005a 16       		.uleb128 0x16
 895 005b 00       		.byte	0
 896 005c 03       		.uleb128 0x3
 897 005d 0E       		.uleb128 0xe
 898 005e 3A       		.uleb128 0x3a
 899 005f 0B       		.uleb128 0xb
 900 0060 3B       		.uleb128 0x3b
 901 0061 0B       		.uleb128 0xb
 902 0062 49       		.uleb128 0x49
 903 0063 13       		.uleb128 0x13
 904 0064 00       		.byte	0
 905 0065 00       		.byte	0
 906 0066 09       		.uleb128 0x9
 907 0067 2E       		.uleb128 0x2e
 908 0068 00       		.byte	0
 909 0069 3F       		.uleb128 0x3f
 910 006a 19       		.uleb128 0x19
 911 006b 03       		.uleb128 0x3
 912 006c 0E       		.uleb128 0xe
 913 006d 3A       		.uleb128 0x3a
 914 006e 0B       		.uleb128 0xb
 915 006f 3B       		.uleb128 0x3b
 916 0070 0B       		.uleb128 0xb
 917 0071 27       		.uleb128 0x27
 918 0072 19       		.uleb128 0x19
 919 0073 20       		.uleb128 0x20
 920 0074 0B       		.uleb128 0xb
 921 0075 00       		.byte	0
 922 0076 00       		.byte	0
 923 0077 0A       		.uleb128 0xa
 924 0078 2E       		.uleb128 0x2e
 925 0079 01       		.byte	0x1
 926 007a 31       		.uleb128 0x31
 927 007b 13       		.uleb128 0x13
ARM GAS  C:\Users\Bruger\AppData\Local\Temp\cc9i0tTX.s 			page 37


 928 007c 11       		.uleb128 0x11
 929 007d 01       		.uleb128 0x1
 930 007e 12       		.uleb128 0x12
 931 007f 06       		.uleb128 0x6
 932 0080 40       		.uleb128 0x40
 933 0081 18       		.uleb128 0x18
 934 0082 9742     		.uleb128 0x2117
 935 0084 19       		.uleb128 0x19
 936 0085 01       		.uleb128 0x1
 937 0086 13       		.uleb128 0x13
 938 0087 00       		.byte	0
 939 0088 00       		.byte	0
 940 0089 0B       		.uleb128 0xb
 941 008a 898201   		.uleb128 0x4109
 942 008d 00       		.byte	0
 943 008e 11       		.uleb128 0x11
 944 008f 01       		.uleb128 0x1
 945 0090 31       		.uleb128 0x31
 946 0091 13       		.uleb128 0x13
 947 0092 00       		.byte	0
 948 0093 00       		.byte	0
 949 0094 0C       		.uleb128 0xc
 950 0095 898201   		.uleb128 0x4109
 951 0098 00       		.byte	0
 952 0099 11       		.uleb128 0x11
 953 009a 01       		.uleb128 0x1
 954 009b 9542     		.uleb128 0x2115
 955 009d 19       		.uleb128 0x19
 956 009e 31       		.uleb128 0x31
 957 009f 13       		.uleb128 0x13
 958 00a0 00       		.byte	0
 959 00a1 00       		.byte	0
 960 00a2 0D       		.uleb128 0xd
 961 00a3 2E       		.uleb128 0x2e
 962 00a4 01       		.byte	0x1
 963 00a5 3F       		.uleb128 0x3f
 964 00a6 19       		.uleb128 0x19
 965 00a7 03       		.uleb128 0x3
 966 00a8 0E       		.uleb128 0xe
 967 00a9 3A       		.uleb128 0x3a
 968 00aa 0B       		.uleb128 0xb
 969 00ab 3B       		.uleb128 0x3b
 970 00ac 0B       		.uleb128 0xb
 971 00ad 27       		.uleb128 0x27
 972 00ae 19       		.uleb128 0x19
 973 00af 11       		.uleb128 0x11
 974 00b0 01       		.uleb128 0x1
 975 00b1 12       		.uleb128 0x12
 976 00b2 06       		.uleb128 0x6
 977 00b3 40       		.uleb128 0x40
 978 00b4 18       		.uleb128 0x18
 979 00b5 9742     		.uleb128 0x2117
 980 00b7 19       		.uleb128 0x19
 981 00b8 01       		.uleb128 0x1
 982 00b9 13       		.uleb128 0x13
 983 00ba 00       		.byte	0
 984 00bb 00       		.byte	0
ARM GAS  C:\Users\Bruger\AppData\Local\Temp\cc9i0tTX.s 			page 38


 985 00bc 0E       		.uleb128 0xe
 986 00bd 1D       		.uleb128 0x1d
 987 00be 01       		.byte	0x1
 988 00bf 31       		.uleb128 0x31
 989 00c0 13       		.uleb128 0x13
 990 00c1 11       		.uleb128 0x11
 991 00c2 01       		.uleb128 0x1
 992 00c3 12       		.uleb128 0x12
 993 00c4 06       		.uleb128 0x6
 994 00c5 58       		.uleb128 0x58
 995 00c6 0B       		.uleb128 0xb
 996 00c7 59       		.uleb128 0x59
 997 00c8 0B       		.uleb128 0xb
 998 00c9 01       		.uleb128 0x1
 999 00ca 13       		.uleb128 0x13
 1000 00cb 00       		.byte	0
 1001 00cc 00       		.byte	0
 1002 00cd 0F       		.uleb128 0xf
 1003 00ce 34       		.uleb128 0x34
 1004 00cf 00       		.byte	0
 1005 00d0 03       		.uleb128 0x3
 1006 00d1 0E       		.uleb128 0xe
 1007 00d2 3A       		.uleb128 0x3a
 1008 00d3 0B       		.uleb128 0xb
 1009 00d4 3B       		.uleb128 0x3b
 1010 00d5 0B       		.uleb128 0xb
 1011 00d6 49       		.uleb128 0x49
 1012 00d7 13       		.uleb128 0x13
 1013 00d8 02       		.uleb128 0x2
 1014 00d9 18       		.uleb128 0x18
 1015 00da 00       		.byte	0
 1016 00db 00       		.byte	0
 1017 00dc 10       		.uleb128 0x10
 1018 00dd 2E       		.uleb128 0x2e
 1019 00de 00       		.byte	0
 1020 00df 3F       		.uleb128 0x3f
 1021 00e0 19       		.uleb128 0x19
 1022 00e1 03       		.uleb128 0x3
 1023 00e2 0E       		.uleb128 0xe
 1024 00e3 3A       		.uleb128 0x3a
 1025 00e4 0B       		.uleb128 0xb
 1026 00e5 3B       		.uleb128 0x3b
 1027 00e6 0B       		.uleb128 0xb
 1028 00e7 27       		.uleb128 0x27
 1029 00e8 19       		.uleb128 0x19
 1030 00e9 49       		.uleb128 0x49
 1031 00ea 13       		.uleb128 0x13
 1032 00eb 3C       		.uleb128 0x3c
 1033 00ec 19       		.uleb128 0x19
 1034 00ed 00       		.byte	0
 1035 00ee 00       		.byte	0
 1036 00ef 11       		.uleb128 0x11
 1037 00f0 2E       		.uleb128 0x2e
 1038 00f1 01       		.byte	0x1
 1039 00f2 3F       		.uleb128 0x3f
 1040 00f3 19       		.uleb128 0x19
 1041 00f4 03       		.uleb128 0x3
ARM GAS  C:\Users\Bruger\AppData\Local\Temp\cc9i0tTX.s 			page 39


 1042 00f5 0E       		.uleb128 0xe
 1043 00f6 3A       		.uleb128 0x3a
 1044 00f7 0B       		.uleb128 0xb
 1045 00f8 3B       		.uleb128 0x3b
 1046 00f9 0B       		.uleb128 0xb
 1047 00fa 27       		.uleb128 0x27
 1048 00fb 19       		.uleb128 0x19
 1049 00fc 3C       		.uleb128 0x3c
 1050 00fd 19       		.uleb128 0x19
 1051 00fe 01       		.uleb128 0x1
 1052 00ff 13       		.uleb128 0x13
 1053 0100 00       		.byte	0
 1054 0101 00       		.byte	0
 1055 0102 12       		.uleb128 0x12
 1056 0103 05       		.uleb128 0x5
 1057 0104 00       		.byte	0
 1058 0105 49       		.uleb128 0x49
 1059 0106 13       		.uleb128 0x13
 1060 0107 00       		.byte	0
 1061 0108 00       		.byte	0
 1062 0109 13       		.uleb128 0x13
 1063 010a 2E       		.uleb128 0x2e
 1064 010b 00       		.byte	0
 1065 010c 3F       		.uleb128 0x3f
 1066 010d 19       		.uleb128 0x19
 1067 010e 03       		.uleb128 0x3
 1068 010f 0E       		.uleb128 0xe
 1069 0110 3A       		.uleb128 0x3a
 1070 0111 0B       		.uleb128 0xb
 1071 0112 3B       		.uleb128 0x3b
 1072 0113 0B       		.uleb128 0xb
 1073 0114 27       		.uleb128 0x27
 1074 0115 19       		.uleb128 0x19
 1075 0116 3C       		.uleb128 0x3c
 1076 0117 19       		.uleb128 0x19
 1077 0118 00       		.byte	0
 1078 0119 00       		.byte	0
 1079 011a 00       		.byte	0
 1080              		.section	.debug_aranges,"",%progbits
 1081 0000 34000000 		.4byte	0x34
 1082 0004 0200     		.2byte	0x2
 1083 0006 00000000 		.4byte	.Ldebug_info0
 1084 000a 04       		.byte	0x4
 1085 000b 00       		.byte	0
 1086 000c 0000     		.2byte	0
 1087 000e 0000     		.2byte	0
 1088 0010 00000000 		.4byte	.LFB0
 1089 0014 28000000 		.4byte	.LFE0-.LFB0
 1090 0018 00000000 		.4byte	.LFB1
 1091 001c 28000000 		.4byte	.LFE1-.LFB1
 1092 0020 00000000 		.4byte	.LFB2
 1093 0024 38000000 		.4byte	.LFE2-.LFB2
 1094 0028 00000000 		.4byte	.LFB3
 1095 002c 34000000 		.4byte	.LFE3-.LFB3
 1096 0030 00000000 		.4byte	0
 1097 0034 00000000 		.4byte	0
 1098              		.section	.debug_ranges,"",%progbits
ARM GAS  C:\Users\Bruger\AppData\Local\Temp\cc9i0tTX.s 			page 40


 1099              	.Ldebug_ranges0:
 1100 0000 00000000 		.4byte	.LFB0
 1101 0004 28000000 		.4byte	.LFE0
 1102 0008 00000000 		.4byte	.LFB1
 1103 000c 28000000 		.4byte	.LFE1
 1104 0010 00000000 		.4byte	.LFB2
 1105 0014 38000000 		.4byte	.LFE2
 1106 0018 00000000 		.4byte	.LFB3
 1107 001c 34000000 		.4byte	.LFE3
 1108 0020 00000000 		.4byte	0
 1109 0024 00000000 		.4byte	0
 1110              		.section	.debug_line,"",%progbits
 1111              	.Ldebug_line0:
 1112 0000 E6000000 		.section	.debug_str,"MS",%progbits,1
 1112      02006800 
 1112      00000201 
 1112      FB0E0D00 
 1112      01010101 
 1113              	.LASF17:
 1114 0000 50574D55 		.ascii	"PWMUdb\000"
 1114      646200
 1115              	.LASF18:
 1116 0007 50574D50 		.ascii	"PWMPeriod\000"
 1116      6572696F 
 1116      6400
 1117              	.LASF25:
 1118 0011 496E6A65 		.ascii	"Injection_Timer_1_Wakeup\000"
 1118      6374696F 
 1118      6E5F5469 
 1118      6D65725F 
 1118      315F5761 
 1119              	.LASF28:
 1120 002a 496E6A65 		.ascii	"Injection_Timer_1_ReadControlRegister\000"
 1120      6374696F 
 1120      6E5F5469 
 1120      6D65725F 
 1120      315F5265 
 1121              	.LASF21:
 1122 0050 496E6A65 		.ascii	"Injection_Timer_1_backupStruct\000"
 1122      6374696F 
 1122      6E5F5469 
 1122      6D65725F 
 1122      315F6261 
 1123              	.LASF31:
 1124 006f 496E6A65 		.ascii	"Injection_Timer_1_WriteControlRegister\000"
 1124      6374696F 
 1124      6E5F5469 
 1124      6D65725F 
 1124      315F5772 
 1125              	.LASF3:
 1126 0096 73686F72 		.ascii	"short unsigned int\000"
 1126      7420756E 
 1126      7369676E 
 1126      65642069 
 1126      6E7400
 1127              	.LASF11:
 1128 00a9 666C6F61 		.ascii	"float\000"
ARM GAS  C:\Users\Bruger\AppData\Local\Temp\cc9i0tTX.s 			page 41


 1128      7400
 1129              	.LASF1:
 1130 00af 756E7369 		.ascii	"unsigned char\000"
 1130      676E6564 
 1130      20636861 
 1130      7200
 1131              	.LASF35:
 1132 00bd 47656E65 		.ascii	"Generated_Source\\PSoC5\\Injection_Timer_1_PM.c\000"
 1132      72617465 
 1132      645F536F 
 1132      75726365 
 1132      5C50536F 
 1133              	.LASF5:
 1134 00eb 6C6F6E67 		.ascii	"long unsigned int\000"
 1134      20756E73 
 1134      69676E65 
 1134      6420696E 
 1134      7400
 1135              	.LASF9:
 1136 00fd 75696E74 		.ascii	"uint8\000"
 1136      3800
 1137              	.LASF20:
 1138 0103 50574D43 		.ascii	"PWMControlRegister\000"
 1138      6F6E7472 
 1138      6F6C5265 
 1138      67697374 
 1138      657200
 1139              	.LASF12:
 1140 0116 646F7562 		.ascii	"double\000"
 1140      6C6500
 1141              	.LASF22:
 1142 011d 496E6A65 		.ascii	"Injection_Timer_1_SaveConfig\000"
 1142      6374696F 
 1142      6E5F5469 
 1142      6D65725F 
 1142      315F5361 
 1143              	.LASF10:
 1144 013a 75696E74 		.ascii	"uint16\000"
 1144      313600
 1145              	.LASF36:
 1146 0141 433A5C55 		.ascii	"C:\\Users\\Bruger\\Desktop\\CODE\\PSOC5\\CY8CKIT-59"
 1146      73657273 
 1146      5C427275 
 1146      6765725C 
 1146      4465736B 
 1147 016e 2D417264 		.ascii	"-Arduino\\CY8CKIT59_Ardudino-Speeduino.cydsn\000"
 1147      75696E6F 
 1147      5C435938 
 1147      434B4954 
 1147      35395F41 
 1148              	.LASF8:
 1149 019a 756E7369 		.ascii	"unsigned int\000"
 1149      676E6564 
 1149      20696E74 
 1149      00
 1150              	.LASF27:
 1151 01a7 496E6A65 		.ascii	"Injection_Timer_1_ReadCounter\000"
ARM GAS  C:\Users\Bruger\AppData\Local\Temp\cc9i0tTX.s 			page 42


 1151      6374696F 
 1151      6E5F5469 
 1151      6D65725F 
 1151      315F5265 
 1152              	.LASF7:
 1153 01c5 6C6F6E67 		.ascii	"long long unsigned int\000"
 1153      206C6F6E 
 1153      6720756E 
 1153      7369676E 
 1153      65642069 
 1154              	.LASF33:
 1155 01dc 496E6A65 		.ascii	"Injection_Timer_1_Enable\000"
 1155      6374696F 
 1155      6E5F5469 
 1155      6D65725F 
 1155      315F456E 
 1156              	.LASF26:
 1157 01f5 496E6A65 		.ascii	"Injection_Timer_1_ReadPeriod\000"
 1157      6374696F 
 1157      6E5F5469 
 1157      6D65725F 
 1157      315F5265 
 1158              	.LASF14:
 1159 0212 72656738 		.ascii	"reg8\000"
 1159      00
 1160              	.LASF15:
 1161 0217 73697A65 		.ascii	"sizetype\000"
 1161      74797065 
 1161      00
 1162              	.LASF30:
 1163 0220 496E6A65 		.ascii	"Injection_Timer_1_WriteCounter\000"
 1163      6374696F 
 1163      6E5F5469 
 1163      6D65725F 
 1163      315F5772 
 1164              	.LASF6:
 1165 023f 6C6F6E67 		.ascii	"long long int\000"
 1165      206C6F6E 
 1165      6720696E 
 1165      7400
 1166              	.LASF34:
 1167 024d 474E5520 		.ascii	"GNU C 4.9.3 20150303 (release) [ARM/embedded-4_9-br"
 1167      4320342E 
 1167      392E3320 
 1167      32303135 
 1167      30333033 
 1168 0280 616E6368 		.ascii	"anch revision 221220] -mcpu=cortex-m3 -mthumb -g -O"
 1168      20726576 
 1168      6973696F 
 1168      6E203232 
 1168      31323230 
 1169 02b3 33202D66 		.ascii	"3 -ffunction-sections -finline-functions -flto -ffa"
 1169      66756E63 
 1169      74696F6E 
 1169      2D736563 
 1169      74696F6E 
 1170 02e6 742D6C74 		.ascii	"t-lto-objects\000"
ARM GAS  C:\Users\Bruger\AppData\Local\Temp\cc9i0tTX.s 			page 43


 1170      6F2D6F62 
 1170      6A656374 
 1170      7300
 1171              	.LASF13:
 1172 02f4 63686172 		.ascii	"char\000"
 1172      00
 1173              	.LASF23:
 1174 02f9 496E6A65 		.ascii	"Injection_Timer_1_RestoreConfig\000"
 1174      6374696F 
 1174      6E5F5469 
 1174      6D65725F 
 1174      315F5265 
 1175              	.LASF24:
 1176 0319 496E6A65 		.ascii	"Injection_Timer_1_Sleep\000"
 1176      6374696F 
 1176      6E5F5469 
 1176      6D65725F 
 1176      315F536C 
 1177              	.LASF29:
 1178 0331 496E6A65 		.ascii	"Injection_Timer_1_WritePeriod\000"
 1178      6374696F 
 1178      6E5F5469 
 1178      6D65725F 
 1178      315F5772 
 1179              	.LASF2:
 1180 034f 73686F72 		.ascii	"short int\000"
 1180      7420696E 
 1180      7400
 1181              	.LASF32:
 1182 0359 496E6A65 		.ascii	"Injection_Timer_1_Stop\000"
 1182      6374696F 
 1182      6E5F5469 
 1182      6D65725F 
 1182      315F5374 
 1183              	.LASF16:
 1184 0370 50574D45 		.ascii	"PWMEnableState\000"
 1184      6E61626C 
 1184      65537461 
 1184      746500
 1185              	.LASF4:
 1186 037f 6C6F6E67 		.ascii	"long int\000"
 1186      20696E74 
 1186      00
 1187              	.LASF0:
 1188 0388 7369676E 		.ascii	"signed char\000"
 1188      65642063 
 1188      68617200 
 1189              	.LASF37:
 1190 0394 496E6A65 		.ascii	"Injection_Timer_1_backup\000"
 1190      6374696F 
 1190      6E5F5469 
 1190      6D65725F 
 1190      315F6261 
 1191              	.LASF19:
 1192 03ad 496E7465 		.ascii	"InterruptMaskValue\000"
 1192      72727570 
 1192      744D6173 
ARM GAS  C:\Users\Bruger\AppData\Local\Temp\cc9i0tTX.s 			page 44


 1192      6B56616C 
 1192      756500
 1193              		.comm	__gnu_lto_v1,1,1
 1194              		.ident	"GCC: (GNU Tools for ARM Embedded Processors) 4.9.3 20150303 (release) [ARM/embedded-4_9-br
