ARM GAS  C:\Users\Bruger\AppData\Local\Temp\cc2Vw7nK.s 			page 1


   1              		.syntax unified
   2              		.cpu cortex-m3
   3              		.fpu softvfp
   4              		.eabi_attribute 20, 1
   5              		.eabi_attribute 21, 1
   6              		.eabi_attribute 23, 3
   7              		.eabi_attribute 24, 1
   8              		.eabi_attribute 25, 1
   9              		.eabi_attribute 26, 1
  10              		.eabi_attribute 30, 2
  11              		.eabi_attribute 34, 1
  12              		.eabi_attribute 18, 4
  13              		.thumb
  14              		.file	"InjectionTimerPortControlReg_1_PM.c"
  15              		.text
  16              	.Ltext0:
  17              		.section	.gnu.lto_.profile.24c11cd5,"",%progbits
  18 0000 789C6366 		.ascii	"x\234cf```a\200\000F\006\001\036\000\000\240\000%"
  18      60606061 
  18      80004606 
  18      011E0000 
  18      A00025
  19              		.text
  20              		.section	.gnu.lto_.jmpfuncs.24c11cd5,"",%progbits
  21 0000 789C6366 		.ascii	"x\234cf\300\016\370\2404\013\0203100CX\000\002]\000"
  21      C00EF8A0 
  21      340B1033 
  21      31303043 
  21      5800025D 
  22 0015 1F       		.ascii	"\037"
  23              		.text
  24              		.section	.gnu.lto_.inline.24c11cd5,"",%progbits
  25 0000 789C6366 		.ascii	"x\234cf\300\016\374\2404\013\003\003+\013#\003\023\313"
  25      C00EFCA0 
  25      340B0303 
  25      2B0B2303 
  25      13CB
  26 0012 027906B6 		.ascii	"\002y\006\266\005\362L 1&L!fL!\026L!\006\000\022\360"
  26      05F24C20 
  26      31264C21 
  26      664C2116 
  26      4C210600 
  27 0028 06B7     		.ascii	"\006\267"
  28              		.text
  29              		.section	.gnu.lto_.pureconst.24c11cd5,"",%progbits
  30 0000 789C6366 		.ascii	"x\234cf``\340d\200\000\026\006)&)f)\026)\000\002\321"
  30      6060E064 
  30      80001606 
  30      29262966 
  30      29162900 
  31 0016 0082     		.ascii	"\000\202"
  32              		.text
  33              		.section	.gnu.lto_InjectionTimerPortControlReg_1_SaveConfig.24c11cd5,"",%progbits
  34 0000 789C654F 		.ascii	"x\234eO\317K\002Q\020\236\231]E\220(:\372\017t2\350"
  34      CF4B0251 
  34      109E995D 
  34      4590283A 
ARM GAS  C:\Users\Bruger\AppData\Local\Temp\cc2Vw7nK.s 			page 2


  34      FA0F7432 
  35 0015 D0A9A283 		.ascii	"\320\251\242\203\207\350\020Hv\012A\302\2260j\027\026"
  35      87E81048 
  35      760A41C2 
  35      96306A17 
  35      16
  36 0026 3B8ABBE2 		.ascii	";\212\273\342!:\224D\207\240_t\220,M!\242\240\323\326"
  36      213A9444 
  36      87A05F74 
  36      902C4D21 
  36      A2A0D3D6 
  37 003a 31C9A8A0 		.ascii	"1\311\250\240\300C]\014\352\226\031\305\022f\363\326"
  37      C0435D0C 
  37      EA9619C5 
  37      1266F3D6 
  38 004a 4BD083C7 		.ascii	"K\320\203\307\274\371\346{\3377\237\004\377\217\217"
  38      BCF9E67B 
  38      DF379F04 
  38      FF8F8F
  39 0059 EF30020C 		.ascii	"\3570\002\014qE\011\2202\025\000\323C\210\342\001\010"
  39      71450990 
  39      321500D3 
  39      4388E201 
  39      08
  40 006a 49C224BE 		.ascii	"I\302$\276R\2350c\345\327\275=Y\3030\336Re3h\241M\000"
  40      529D3063 
  40      E5D7BD3D 
  40      59C330DE 
  40      52653368 
  41 0081 0D6AEBE0 		.ascii	"\015j\353\340\036\366\000\223\352\351\346\203\327\235"
  41      1EF60093 
  41      EAE9E683 
  41      D79D
  42 008f 6652577B 		.ascii	"fRW{\2069t\263>\224\272-\243\325j\024\316OP&\260\211"
  42      863974B3 
  42      3E94BA2D 
  42      A3D56A14 
  42      CE4F5026 
  43 00a5 B11ACF85 		.ascii	"\261\032\317\205\3133\221\250R\025/>\227\356\263\235"
  43      CB3391A8 
  43      52152F3E 
  43      97EEB39D 
  44 00b5 E2CB1709 		.ascii	"\342\313\027\011\313\263\265\343J\307\013\331D\037\227"
  44      CBB3B5E3 
  44      4AC70BD9 
  44      441F97
  45 00c4 A6210B83 		.ascii	"\246!\013\203\247\332\365\215\307\201@\264W\345\333"
  45      A7DAF58D 
  45      C78140B4 
  45      57E5DB
  46 00d3 1DDCC20D 		.ascii	"\035\334\302\0153\315\353H\270\217><@\016\205yF\241"
  46      33CDEB48 
  46      B88F3E3C 
  46      400E8579 
  46      46A1
  47 00e5 8AA9D5DD 		.ascii	"\212\251\325\335A\241\307\324\355\273\345\"%\276\215"
  47      41A1C7D4 
ARM GAS  C:\Users\Bruger\AppData\Local\Temp\cc2Vw7nK.s 			page 3


  47      EDBBE522 
  47      25BE8D
  48 00f4 45C36393 		.ascii	"E\303c\223\334\024\313\375\325\223\2356g\2467\035=C"
  48      DC14CBFD 
  48      D5939D36 
  48      67A6371D 
  48      3D43
  49 0106 B05C58C0 		.ascii	"\260\\X\300\004\036\012A\236\375\024V\216\334\376<g"
  49      041E0A41 
  49      9EFD1456 
  49      8EDCFE3C 
  49      67
  50 0117 B3266D72 		.ascii	"\263&mrc\221\211\357N~,\241\2377\206G4\255S\227\360"
  50      639189EF 
  50      4E7E2CA1 
  50      9F378647 
  50      34AD5397 
  51 012c 13688D43 		.ascii	"\023h\215Cr.f\014\214(\252\242O\305\225\351HH[\320\243"
  51      722E660C 
  51      8C28AAA2 
  51      4FC595E9 
  51      48485BD0 
  52 0141 4A3818D2 		.ascii	"J8\030\322\002\375\341QuV\211\306c\232:\021\233W\364"
  52      02FDE151 
  52      755689C6 
  52      639A3A11 
  52      9B57F4
  53 0154 A0A6C703 		.ascii	"\240\246\307\003\232\032\327\265\271qe&\322\027\011"
  53      9A1AD7B5 
  53      B9716526 
  53      D21709
  54 0163 8EF546E1 		.ascii	"\216\365F\341\027\212z\212\000"
  54      178A7A8A 
  54      00
  55              		.text
  56              		.section	.gnu.lto_InjectionTimerPortControlReg_1_RestoreConfig.24c11cd5,"",%progbits
  57 0000 789C658F 		.ascii	"x\234e\217\277K\303@\024\307\337{iC\241\010\342\330"
  57      BF4BC340 
  57      14C7DF7B 
  57      6943A108 
  57      E2D8
  58 0012 7FC0415A 		.ascii	"\177\300AZppR\247\202\342 \004\353X(R\203T4\201\020"
  58      707052A7 
  58      82E22004 
  58      EB582852 
  58      83543481 
  59 0027 C7D28B64 		.ascii	"\307\322\213dp\322*\016\202\277&\261\332\332\202\212"
  59      70D22A0E 
  59      82BF26B1 
  59      DADA828A 
  60 0037 834BA3A3 		.ascii	"\203K\243\243b\213u\020:(B\005\335\254\012\022\244\326"
  60      628B7510 
  60      3A284205 
  60      DDAC0A12 
  60      A4D6
  61 0049 BB74120F 		.ascii	"\273t\022\017\216\273\373\276\357}?\357I\360\177\205"
  61      8EBBFBBE 
ARM GAS  C:\Users\Bruger\AppData\Local\Temp\cc2Vw7nK.s 			page 4


  61      EF7D3FEF 
  61      49F07F85 
  62 0059 F81E4280 		.ascii	"\370\036B\200a~\242\004H\331\012\200\025 Dq\001\204"
  62      617EA204 
  62      48D90A80 
  62      15204471 
  62      0184
  63 006b 0C61065F 		.ascii	"\014a\006_\251I\230u\362\033\301\336=\306\330[\255j"
  63      A9499875 
  63      F21BC1DE 
  63      3DC6D85B 
  63      AD6A
  64 007d 290EBA04 		.ascii	")\016\272\004\360A\235\034\334\307^\340\246\246\335"
  64      F0419D1C 
  64      DCC75EE0 
  64      A6A6DD
  65 008c BA0FCA36 		.ascii	"\272\017\31267uwj\230C\231\347C\251\307a\355\366I\371"
  65      3775776A 
  65      984399E7 
  65      43A9C761 
  65      EDF649F9 
  66 00a0 222BFB08 		.ascii	"\"+\373\010\\\342Z\203\327\005\345\231H\234R\035\027"
  66      5CE25A83 
  66      D705E599 
  66      489C521D 
  66      17
  67 00b1 CF9AE582 		.ascii	"\317\232\345\202$\276|\221@\356\334-\027)\375\315\226"
  67      24BE7C91 
  67      40EEDC2D 
  67      1729FDCD 
  67      96
  68 00c2 58C0256A 		.ascii	"X\300%j\211<\256>6\252\267\201\027\342\212\367\314Y"
  68      893CAE3E 
  68      36AAB781 
  68      17E28AF7 
  68      CC59
  69 00d4 F6166EE3 		.ascii	"\366\026n\343\246\305\204K\302\003L\343!\206\274\332"
  69      A6C5844B 
  69      C2034CE3 
  69      2186BCDA 
  70 00e4 4F61E558 		.ascii	"Oa\345X\016\367\271\344\303<\367\274{\335b\001\303P"
  70      0EF7B9E4 
  70      C33CF7BC 
  70      7BDD6201 
  70      C350
  71 00f6 C7CBB5A7 		.ascii	"\307\313\265\247\210@q\333\371\372i\245K$\372?\257,"
  71      884071DB 
  71      F9FA69A5 
  71      4B24FA3F 
  71      AF2C
  72 0108 E6FB03F1 		.ascii	"\346\373\003\361{A7\327\265]\017b[\216\354\222\214G"
  72      7B4137D7 
  72      B55D0F62 
  72      5B8EEC92 
  72      8C47
  73 011a 18C2A2A0 		.ascii	"\030\302\242\240`\211\353\274]x@\313Y\035\021\211\002"
  73      6089EBBC 
ARM GAS  C:\Users\Bruger\AppData\Local\Temp\cc2Vw7nK.s 			page 5


  73      5D7840CB 
  73      591D1189 
  73      02
  74 012b D2E013F2 		.ascii	"\322\340\023\362\2418ppT\325Tc\312T\247\0231}\301H\252"
  74      A1387070 
  74      54D55463 
  74      CA54A713 
  74      317DC148 
  75 0140 7125A647 		.ascii	"q%\246G\007\342c\332\254\2324S\2726\231\232W\015E7\314"
  75      07E263DA 
  75      AC9A3453 
  75      BA36999A 
  75      570D4537 
  76 0155 A8AE9986 		.ascii	"\250\256\231\206>7\241\316$\372\023\312x$\011\277\367"
  76      3E37A1CE 
  76      24FA13CA 
  76      782409BF 
  76      F7
  77 0166 C98888   		.ascii	"\311\210\210"
  78              		.text
  79              		.section	.gnu.lto_InjectionTimerPortControlReg_1_Sleep.24c11cd5,"",%progbits
  80 0000 789C6590 		.ascii	"x\234e\220\313+Dq\024\307\317\367\334q\233\222\310J"
  80      CB2B4471 
  80      14C7CFF7 
  80      DC719B92 
  80      C84A
  81 0012 FE010B8D 		.ascii	"\376\001\013\215\262\260\222\225\"\0135aCj\322\270\211"
  81      B2B09295 
  81      220B3561 
  81      436AD2B8 
  81      89
  82 0023 985BB751 		.ascii	"\230[\267Q6\223{\031%\013\217\311By\354&\303\214\307"
  82      36937B19 
  82      250B8FC9 
  82      4279EC26 
  82      C38CC7
  83 0036 786C6431 		.ascii	"xld1YXX\220\204X\260\031\305\316+\272\311\343\374\306"
  83      59585890 
  83      8458B019 
  83      C5CE2BBA 
  83      C9E3FCC6 
  84 004a C6E357BF 		.ascii	"\306\343W\277~\217\363\371}\316\357\034\215\376\217"
  84      7E8FF3F9 
  84      7DCEEF1C 
  84      8DFE8F
  85 0059 52991688 		.ascii	"R\231\026\210jd\205F\340\311C\"\307\313\200\332\020"
  85      6A648546 
  85      E0C94322 
  85      C7CB80DA 
  85      10
  86 006a 68903188 		.ascii	"h\2201\210;~`Lf\2223\371eq\333\266\357c\333%#%.\023"
  86      3B7E604C 
  86      669233F9 
  86      6571DBB6 
  86      EF63DB25 
  87 0082 3DF1B706 		.ascii	"=\361\267\006\213(#a\036\242\357\347\371zT\230\242\357"
  87      8B282361 
ARM GAS  C:\Users\Bruger\AppData\Local\Temp\cc2Vw7nK.s 			page 6


  87      1EA2EFE7 
  87      F97A5498 
  87      A2EF
  88 0094 1812D045 		.ascii	"\030\022\320EOk\305\031\373\363s\363tj\264\034\036\215"
  88      4F6BC519 
  88      FBF373F3 
  88      746AB41C 
  88      1E8D
  89 00a6 5C96CBAC 		.ascii	"\\\226\313\254\000*\313\015\263Z\265K\354\275\214\235"
  89      002ACB0D 
  89      B35AB54B 
  89      ECBD8C9D 
  90 00b6 C50B7F79 		.ascii	"\305\013\177y2\347\373\234\263<\311\223?\031\260\004"
  90      32E7FB9C 
  90      B33CC993 
  90      3F19B004 
  91 00c6 5D522C43 		.ascii	"]R,C\177eMb;\323[\207\005\267\3542?\0378\266G\341\327"
  91      7F654D62 
  91      3BD35B87 
  91      05B7EC32 
  91      3F1F38B6 
  92 00dd D9A3636F 		.ascii	"\331\243co\356\212\324qx\367\272u\036\263\316\264\343"
  92      EE8AD471 
  92      78F7BA75 
  92      1EB3CEB4 
  92      E3
  93 00ee 75594312 		.ascii	"uYC\022\245HAz\200\025\314\203.1\024K\257\014(\241\260"
  93      A548417A 
  93      8015CC83 
  93      2E31144B 
  93      AF0C28A1 
  94 0103 0B27E3AB 		.ascii	"\013'\343\253\034y\263Gma=\357\252\232\237BO\356\230"
  94      1C79B347 
  94      6D613DEF 
  94      AA9A9F42 
  94      4FEE98
  95 0116 70A27350 		.ascii	"p\242sPF[QyXE\004k\312(\261\217\324\304\206\356K\252"
  95      465B5179 
  95      5845046B 
  95      CA28B18F 
  95      D4C486EE 
  96 012c 22DA5CD6 		.ascii	"\"\332\\\326\261.\340\243hr\337F\032>\3715]\301\311"
  96      B12EE0A3 
  96      6872DF46 
  96      1A3EF935 
  96      5DC1C9
  97 013f 5CD4A902 		.ascii	"\\\324\251\002U\037\263R\244\264B\240\352z#dX\035a\243"
  97      551FB352 
  97      A4B442A0 
  97      EA7A2364 
  97      581D61A3 
  98 0153 33D06CF6 		.ascii	"3\320l\366[A\243\335\337l\326V\2657\204z\214`\270\333"
  98      5B41A3DD 
  98      DF6CD656 
  98      B537847A 
  98      8C60B8DB 
  99 0167 0CB574F7 		.ascii	"\014\265t\367\031\226\337\264\302\265f(l\231\275MFW"
ARM GAS  C:\Users\Bruger\AppData\Local\Temp\cc2Vw7nK.s 			page 7


  99      1996DFB4 
  99      C2B56628 
  99      6C99BD4D 
  99      4657
 100 0179 A032E06F 		.ascii	"\2402\340o\254\010\322\027i|\234\227"
 100      AC08D217 
 100      697C9C97 
 101              		.text
 102              		.section	.gnu.lto_InjectionTimerPortControlReg_1_Wakeup.24c11cd5,"",%progbits
 103 0000 789C6590 		.ascii	"x\234e\220\273K\003A\020\306\367\233K\216@\020\304*"
 103      BB4B0341 
 103      10C6F79B 
 103      4B8E4010 
 103      C42A
 104 0012 E41FB032 		.ascii	"\344\037\2602`\241\215X\245\010\026BP\033A\010\022\017"
 104      60A18D58 
 104      A5081642 
 104      501B4108 
 104      120F
 105 0024 51340767 		.ascii	"Q4\007g,\305;\215\220\312\027\026\202\257J\214&F\243"
 105      2CC53B8D 
 105      90CA1716 
 105      82AF4A8C 
 105      2646A3
 106 0037 222882C1 		.ascii	"\"(\202\301F\260\210\250\205b\341\003\"jg\214 A4\316"
 106      46B088A8 
 106      8562E103 
 106      226A678C 
 106      204134CE 
 107 004b 9E95BAB0 		.ascii	"\236\225\272\260\314\356\3147\337og\025\361\177yy\017"
 107      CCEECC37 
 107      DF6F6715 
 107      F17F7979 
 107      0F
 108 005c 4088468E 		.ascii	"@\210F\216P\004h2'\204\345\"@\036\004\3040a\030\317"
 108      50046832 
 108      2784E522 
 108      401E04C4 
 108      306118CF 
 109 0070 54204C66 		.ascii	"T Lf\223\263\356\352e\3234_\316\367<c\236\022\011Q\244"
 109      93B3EEEA 
 109      65D3345F 
 109      CEF73C63 
 109      9E120951 
 110 0085 1F1BACA0 		.ascii	"\037\033\254\240Z\260\246\020\373\274t\2531\326T\376"
 110      5AB0A610 
 110      FBBC74AB 
 110      31D654FE 
 111 0095 D49080CA 		.ascii	"\324\220\200\312\366b\243*k\226\313\333\217S\361z8\024"
 111      F662A32A 
 111      6B96CBDB 
 111      8F53F17A 
 111      3814
 112 00a7 51224EE6 		.ascii	"Q\"N\346Y )\017D2*\327\030\331-\034\246\224_>\331\245"
 112      5920290F 
 112      44322AD7 
 112      18D92D1C 
ARM GAS  C:\Users\Bruger\AppData\Local\Temp\cc2Vw7nK.s 			page 8


 112      A6945F3E 
 113 00bd 63B25D8A 		.ascii	"c\262]\212\334\362\207\200U\250\214X\203\372N\262k\361"
 113      DCF28780 
 113      55A88C58 
 113      83FA4EB2 
 113      6BF1
 114 00cf 623C4D43 		.ascii	"b<MC\037f\334t\225\210>%\237\263\267\371\3233\327\023"
 114      1F66DC74 
 114      95883E25 
 114      9FB3B7F9 
 114      D333D713 
 115 00e3 71C6BE26 		.ascii	"q\306\276&\254\330<\0260g\231R\245 \211!\244\340\265"
 115      ACD83C16 
 115      30679952 
 115      A5208921 
 115      A4E0B5
 116 00f6 6B5FA989 		.ascii	"k_\251\211-\265&\311\346w\345+\265D\016\254\263\364"
 116      2DB526C9 
 116      E677E52B 
 116      B5440EAC 
 116      B3F4
 117 0108 951B6D14 		.ascii	"\225\033m\024\322\250\021\3278\232\276\367I(7\354\317"
 117      D2A811D7 
 117      389ABEF7 
 117      492837EC 
 117      CF
 118 0119 ECE42AA4 		.ascii	"\354\344*\244\267\363\355\3042\035\277pN\333r\364\340"
 118      B7F3EDC4 
 118      321DBF70 
 118      4EDB72F4 
 118      E0
 119 012a B65DD266 		.ascii	"\266]\322f,\246\251\330\200\027\233\222\206\014;\363"
 119      2CA6A9D8 
 119      80179B92 
 119      860C3BF3 
 120 013a B3C50DAC 		.ascii	"\263\305\015\254l& '\224\037\231\347)\371/\230\330\020"
 120      6C262027 
 120      941F99E7 
 120      29F92F98 
 120      D810
 121 014c D0229AD1 		.ascii	"\320\"\232\321\031\325\272B\255\372\240\021\326:\202"
 121      19D5BA42 
 121      ADFAA011 
 121      D63A82
 122 015b ADBABFAE 		.ascii	"\255\272\277\256\243)\322\253\205\243=z\244\255\247"
 122      A329D2AB 
 122      85A33D7A 
 122      A4ADA7
 123 016a 5F3382BA 		.ascii	"_3\202\272\021\365\353\221\250\241\367\265h\335\241"
 123      11F5EB91 
 123      A8A1F7B5 
 123      68DDA1
 124 0179 DA50B0D9 		.ascii	"\332P\260\331\027\026\337\010L\235\203"
 124      1716DF08 
 124      4C9D83
 125              		.text
 126              		.section	.gnu.lto_.symbol_nodes.24c11cd5,"",%progbits
ARM GAS  C:\Users\Bruger\AppData\Local\Temp\cc2Vw7nK.s 			page 9


 127 0000 789C55C8 		.ascii	"x\234U\310A\015\000 \020\304\300\336\036$XC\325Z@\001"
 127      410D0020 
 127      10C4C0DE 
 127      1E245843 
 127      D55A4001 
 128 0014 41119AF8 		.ascii	"A\021\232\370\360\200\376\246\011tn\012\303\330`3W\243"
 128      F080FEA6 
 128      09746E0A 
 128      C3D86033 
 128      57A3
 129 0026 C2925372 		.ascii	"\302\222Sr\274[i}.\316\327\034\222.\022\022"
 129      BC5B697D 
 129      2ECED71C 
 129      922E1212 
 130              		.text
 131              		.section	.gnu.lto_.refs.24c11cd5,"",%progbits
 132 0000 789C6366 		.ascii	"x\234cf``\020e\200\000F\006FF&F& \311\310\014b\261\000"
 132      60601065 
 132      80004606 
 132      46462646 
 132      2620C9C8 
 133 0018 590C0003 		.ascii	"Y\014\000\003\357\0002"
 133      EF0032
 134              		.text
 135              		.section	.gnu.lto_.decls.24c11cd5,"",%progbits
 136 0000 789C9D93 		.ascii	"x\234\235\223_HSq\024\307\177g\2779\347Z+\020,|\262"
 136      5F485371 
 136      14C77F67 
 136      BF39E75A 
 136      2B102C7C 
 137 0015 7F922141 		.ascii	"\177\222!AA\"\364\220\265\207\250(\206Sz(0[73k\2639"
 137      4122F490 
 137      B587A828 
 137      86537A28 
 137      305B3733 
 138 002c 83DE7E39 		.ascii	"\203\336~9\301?ET\030\226D-,\313\3229\3274\235\346\\"
 138      C13F4554 
 138      1896442D 
 138      2CCBD239 
 138      D7349DE6 
 139 0041 691961F5 		.ascii	"i\031a\365 \202\366\007\353\245\250\227\025\021\205"
 139      2082F607 
 139      EBA5A897 
 139      151185
 140 0050 D63ABFDF 		.ascii	"\326:\277\337\275k\263\032\313~p\356\275\277{\277\347"
 140      BD6BB31A 
 140      CB7E70EE 
 140      BDBF7BBF 
 140      E7
 141 0061 73BEF79C 		.ascii	"s\276\367\234{)!d\017\020\022\306\265FMH\033^'\341="
 141      7B292164 
 141      0F1012C6 
 141      B5464D48 
 141      1B5E27E1 
 142 0076 13892EBC 		.ascii	"\023\211.\274M\3320\334\030\036\014/\006\312H\220\314"
 142      4DDA30DC 
 142      181E0C2F 
ARM GAS  C:\Users\Bruger\AppData\Local\Temp\cc2Vw7nK.s 			page 10


 142      06CA4890 
 142      CC
 143 0087 5E5C93AC 		.ascii	"^\\\223\254\344\246a<\300\030\302x\2101\200qG\311\353"
 143      E4A6613C 
 143      C018C278 
 143      88318071 
 143      47C9EB
 144 009a 53CE6D71 		.ascii	"S\316mq8\356\3378\261\371\021f,\307\035\207\343\231"
 144      38EEDF38 
 144      B1F91166 
 144      2CC71D87 
 144      E399
 145 00ac 831F95A2 		.ascii	"\203\037\225\242\217\347\311;\007O*E\037\317\327G\025"
 145      8FE7C93B 
 145      074F2A45 
 145      1FCFD747 
 145      15
 146 00bd F4BA3F8F 		.ascii	"\364\272?\217\316{\247\002\203.\203o\375gG\316kp\253"
 146      CE7BA702 
 146      832E836F 
 146      FD6747CE 
 146      6B70AB
 147 00d0 D7A9F9B6 		.ascii	"\327\251\371\266o\372\315\230z\3219\206\353\264\223"
 147      6FFACD98 
 147      7AD13986 
 147      EBB493
 148 00df 2D548329 		.ascii	"-T\203)\015\256C:\334\200t$\266\302\"<\356R\313\244"
 148      0DAE433A 
 148      DC807424 
 148      B6C2223C 
 148      EE52CBA4 
 149 00f3 DAF0CC90 		.ascii	"\332\360\314\220\201\252\200_7\237\177=\246\313\276"
 149      81AA805F 
 149      379F7F3D 
 149      A6CBBE
 150 0102 8969B56C 		.ascii	"\211i\265lp*)Z.\344\357\256N\311\270\304\246<\241\017"
 150      702A295A 
 150      2EE4EFAE 
 150      4EC9B8C4 
 150      A63CA10F 
 151 0116 9E093D1B 		.ascii	"\236\011=\033a\203\341p\200\201\200\301M\240p\013\262"
 151      6183E170 
 151      808180C1 
 151      4DA0700B 
 151      B2
 152 0127 B9965F8B 		.ascii	"\271\226_\213$h\203\014L|1yq\032\250M\320[\202\237\256"
 152      2468830C 
 152      4C7C3179 
 152      711AA84D 
 152      D05B829F 
 153 013c A904C4F5 		.ascii	"\251\004\304\365\335\313\362\252\331L8\354\324\012B"
 153      DDCBF2AA 
 153      D94C38EC 
 153      D40A42
 154 014b 7B0CA13D 		.ascii	"{\014\241=Bp\013B\323e_\227\201^\004\201\360\006z:\000"
 154      42700B42 
 154      D3655F97 
ARM GAS  C:\Users\Bruger\AppData\Local\Temp\cc2Vw7nK.s 			page 11


 154      815E0481 
 154      F0067A3A 
 155 0160 112E8FAB 		.ascii	"\021.\217\253\265Y#\\l\020\200\216\030@G\004\340\021"
 155      B559235C 
 155      6C10808E 
 155      18404704 
 155      E011
 156 0172 80E7EFBF 		.ascii	"\200\347\357\2777\353hP\006\014\377\030\177;O\006\214"
 156      37EB6850 
 156      060CFF18 
 156      7F3B4F06 
 156      8C
 157 0183 CE0274C6 		.ascii	"\316\002t\306\000:#\000\257\000\260s>\267\226\276\225"
 157      003A2300 
 157      AF00B073 
 157      3EB796BE 
 157      95
 158 0194 01E3819A 		.ascii	"\001\343\201\232\032-m\220\373u\274\245\357d2\266=M"
 158      1A2D6D90 
 158      FB75BCA5 
 158      EF6432B6 
 158      3D4D
 159 01a6 27BA74EA 		.ascii	"'\272t\352qS\220\212m\230?VML4|\243\240\313\254e\254"
 159      7153908A 
 159      6D983F56 
 159      4D4C347C 
 159      A3A0CBAC 
 160 01bc 8A85CE32 		.ascii	"\212\205\3162\272\230@v:d\245\023\350\201L\224\211\212"
 160      BA984076 
 160      3A64A513 
 160      E8814C94 
 160      898A
 161 01ce D08593E9 		.ascii	"\320\205\223\351\306\311\\\305\276\207\374u\003[\235"
 161      C6C95CC5 
 161      BE87FC75 
 161      035B9D
 162 01dd 2C0FEE80 		.ascii	",\017\356\200\016|\277<\211\012\312,\232\302\343>\003"
 162      0E7CBF3C 
 162      890ACA2C 
 162      9AC2E33E 
 162      03
 163 01ee ED170E68 		.ascii	"\355\027\016h\303\217\031\217\001R\227f\236\341\303"
 163      C38F198F 
 163      01529766 
 163      9EE1C3
 164 01fd 0E55B1BC 		.ascii	"\016U\261\274#\221\032\004\374\220\312\363\241\037\213"
 164      23911A04 
 164      FC90CAF3 
 164      A11F8B
 165 020c F5C15201 		.ascii	"\365\301R\001p\241\227\320\205\307O\3477\262\251A\020"
 165      70A197D0 
 165      85C74FE7 
 165      37B2A941 
 165      10
 166 021d 657AB10C 		.ascii	"ez\261\014\227*\326V\362\324Ux\020\206\246\372\327j"
 166      972AD656 
 166      F2D45578 
ARM GAS  C:\Users\Bruger\AppData\Local\Temp\cc2Vw7nK.s 			page 12


 166      1086A6FA 
 166      D76A
 167 022f F95312E9 		.ascii	"\371S\022\351N\304\207\352\331\320Kljf\252P\215h\000"
 167      4EC487EA 
 167      D9D04B6C 
 167      6A66AA50 
 167      8D6800
 168 0242 0690713B 		.ascii	"\006\220q;j\231'\211\365\2475\270\213\216\376\346\216"
 168      6A992789 
 168      F5A735B8 
 168      8B8EFEE6 
 168      8E
 169 0253 7F6AAD27 		.ascii	"\177j\255'')\255\242\242\301\237k&\357kr|\254\326\245"
 169      2729ADA2 
 169      A2C19F6B 
 169      26EF6B72 
 169      7CACD6A5 
 170 0267 1578D4F1 		.ascii	"\025x\324\361v\361G\355=/\337%/\273\302\230+\364\341"
 170      76F147ED 
 170      3D2FDF25 
 170      2FBBC298 
 170      2BF4E1
 171 027a 550F6D64 		.ascii	"U\017md\256*\306\3704\2050 \373\370\325\212\000\037"
 171      AE2AC6F8 
 171      34853020 
 171      FBF8D58A 
 171      001F
 172 028c 290C420E 		.ascii	")\014B\016\201 ,\343Cm<qUKo\310e\272\276\324\367\316"
 172      81202CE3 
 172      436D3C71 
 172      554B6FC8 
 172      65BABED4 
 173 02a2 D7E1989C 		.ascii	"\327\341\230\234\3770&|\365\261'\365\343)\362`\177\317"
 173      FF30267C 
 173      F5B127F5 
 173      E329F260 
 173      7FCF
 174 02b4 188E3BD8 		.ascii	"\030\216;\330G\237\266U\343`\207\260\343\367\242]\272"
 174      479FB655 
 174      E36087B0 
 174      E3F7A25D 
 174      BA
 175 02c5 0FD1C9D6 		.ascii	"\017\321\311\326\275i\032\325\353\353\371\327\202\277"
 175      BD691AD5 
 175      EBEBF9D7 
 175      82BF
 176 02d3 6DCA8841 		.ascii	"m\312\210A\210\243?\356\003\320\213\317\022\317\250"
 176      88A33FEE 
 176      03D08BCF 
 176      12CFA8
 177 02e2 FE5A37ED 		.ascii	"\376Z7\355\\0K\315_<\252~\250\250\3719k\213\365\240"
 177      5C304BCD 
 177      5F3CAA7E 
 177      A8A8F939 
 177      6B8BF5A0 
 178 02f6 647194DA 		.ascii	"dq\224\332\254\005\245\207%\273\311fw\030mV\207\335"
 178      AC05A587 
ARM GAS  C:\Users\Bruger\AppData\Local\Temp\cc2Vw7nK.s 			page 13


 178      25BBC966 
 178      77186D56 
 178      87DD
 179 0308 76285F2A 		.ascii	"v(_*)ZSd.>*\341\215\375\245%\232\315;\0123\214d\375"
 179      295A5364 
 179      2E3E2AE1 
 179      8DFDA525 
 179      9ACD3B0A 
 180 0320 66C92AD9 		.ascii	"f\311*\331\213\035\322\276\"\263\255\322n\221v\233\314"
 180      8B1DD2BE 
 180      22B3ADD2 
 180      6E91769B 
 180      CC
 181 0331 36E3BADD 		.ascii	"6\343\272\335\0118\246\355\253-$;\201(_\252p\330\354"
 181      0938A6ED 
 181      AB2D243B 
 181      81285FAA 
 181      70D8EC
 182 0344 4ABDE589 		.ascii	"J\275\345\211\234\035\222\244\362\025\011D;\213\313"
 182      9C1D92A4 
 182      F2150944 
 182      3B8BCB
 183 0353 A4CAF244 		.ascii	"\244\312\362Du7m4n+4\025\231\013\362\013\215\005I\225"
 183      75376D34 
 183      6E2B3415 
 183      990BF20B 
 183      8D054995 
 184 0367 A55647EE 		.ascii	"\245VG\356\2228\257i9\3468V.U\254>@\364\026\031av\240"
 184      9238AF69 
 184      39E63856 
 184      2E55AC3E 
 184      40F41619 
 185 037e 2AF7BFBA 		.ascii	"*\367\277\272\202\224D/\260\267\330RVY\256\266K%\271"
 185      8294442F 
 185      B0B7D852 
 185      5659AEB6 
 185      4B25B9
 186 0391 3F011126 		.ascii	"?\001\021&\006\030"
 186      0618
 187              		.text
 188              		.section	.gnu.lto_.symtab.24c11cd5,"",%progbits
 189 0000 496E6A65 		.ascii	"InjectionTimerPortControlReg_1_SaveConfig\000\000\000"
 189      6374696F 
 189      6E54696D 
 189      6572506F 
 189      7274436F 
 190 002c 00000000 		.ascii	"\000\000\000\000\000\000\000\000\000\254\000\000\000"
 190      00000000 
 190      00AC0000 
 190      00
 191 0039 496E6A65 		.ascii	"InjectionTimerPortControlReg_1_RestoreConfig\000\000"
 191      6374696F 
 191      6E54696D 
 191      6572506F 
 191      7274436F 
 192 0067 00000000 		.ascii	"\000\000\000\000\000\000\000\000\000\000\256\000\000"
 192      00000000 
ARM GAS  C:\Users\Bruger\AppData\Local\Temp\cc2Vw7nK.s 			page 14


 192      0000AE00 
 192      00
 193 0074 00496E6A 		.ascii	"\000InjectionTimerPortControlReg_1_Sleep\000\000\000"
 193      65637469 
 193      6F6E5469 
 193      6D657250 
 193      6F727443 
 194 009c 00000000 		.ascii	"\000\000\000\000\000\000\000\000\000\260\000\000\000"
 194      00000000 
 194      00B00000 
 194      00
 195 00a9 496E6A65 		.ascii	"InjectionTimerPortControlReg_1_Wakeup\000\000\000\000"
 195      6374696F 
 195      6E54696D 
 195      6572506F 
 195      7274436F 
 196 00d2 00000000 		.ascii	"\000\000\000\000\000\000\000\000\262\000\000\000"
 196      00000000 
 196      B2000000 
 197              		.text
 198              		.section	.gnu.lto_.opts,"",%progbits
 199 0000 272D666E 		.ascii	"'-fno-trapv' '-mcpu=cortex-m3' '-mthumb' '-g' '-O3'"
 199      6F2D7472 
 199      61707627 
 199      20272D6D 
 199      6370753D 
 200 0033 20272D66 		.ascii	" '-ffunction-sections' '-finline-functions' '-flto'"
 200      66756E63 
 200      74696F6E 
 200      2D736563 
 200      74696F6E 
 201 0066 20272D66 		.ascii	" '-ffat-lto-objects'\000"
 201      6661742D 
 201      6C746F2D 
 201      6F626A65 
 201      63747327 
 202              		.text
 203              		.cfi_sections	.debug_frame
 204              		.section	.text.InjectionTimerPortControlReg_1_SaveConfig,"ax",%progbits
 205              		.align	2
 206              		.global	InjectionTimerPortControlReg_1_SaveConfig
 207              		.thumb
 208              		.thumb_func
 209              		.type	InjectionTimerPortControlReg_1_SaveConfig, %function
 210              	InjectionTimerPortControlReg_1_SaveConfig:
 211              	.LFB0:
 212              		.file 1 "Generated_Source\\PSoC5\\InjectionTimerPortControlReg_1_PM.c"
   1:Generated_Source\PSoC5/InjectionTimerPortControlReg_1_PM.c **** /*******************************************************************************
   2:Generated_Source\PSoC5/InjectionTimerPortControlReg_1_PM.c **** * File Name: InjectionTimerPortControlReg_1_PM.c
   3:Generated_Source\PSoC5/InjectionTimerPortControlReg_1_PM.c **** * Version 1.80
   4:Generated_Source\PSoC5/InjectionTimerPortControlReg_1_PM.c **** *
   5:Generated_Source\PSoC5/InjectionTimerPortControlReg_1_PM.c **** * Description:
   6:Generated_Source\PSoC5/InjectionTimerPortControlReg_1_PM.c **** *  This file contains the setup, control, and status commands to support 
   7:Generated_Source\PSoC5/InjectionTimerPortControlReg_1_PM.c **** *  the component operation in the low power mode. 
   8:Generated_Source\PSoC5/InjectionTimerPortControlReg_1_PM.c **** *
   9:Generated_Source\PSoC5/InjectionTimerPortControlReg_1_PM.c **** * Note:
  10:Generated_Source\PSoC5/InjectionTimerPortControlReg_1_PM.c **** *
ARM GAS  C:\Users\Bruger\AppData\Local\Temp\cc2Vw7nK.s 			page 15


  11:Generated_Source\PSoC5/InjectionTimerPortControlReg_1_PM.c **** ********************************************************************************
  12:Generated_Source\PSoC5/InjectionTimerPortControlReg_1_PM.c **** * Copyright 2015, Cypress Semiconductor Corporation.  All rights reserved.
  13:Generated_Source\PSoC5/InjectionTimerPortControlReg_1_PM.c **** * You may use this file only in accordance with the license, terms, conditions, 
  14:Generated_Source\PSoC5/InjectionTimerPortControlReg_1_PM.c **** * disclaimers, and limitations in the end user license agreement accompanying 
  15:Generated_Source\PSoC5/InjectionTimerPortControlReg_1_PM.c **** * the software package with which this file was provided.
  16:Generated_Source\PSoC5/InjectionTimerPortControlReg_1_PM.c **** *******************************************************************************/
  17:Generated_Source\PSoC5/InjectionTimerPortControlReg_1_PM.c **** 
  18:Generated_Source\PSoC5/InjectionTimerPortControlReg_1_PM.c **** #include "InjectionTimerPortControlReg_1.h"
  19:Generated_Source\PSoC5/InjectionTimerPortControlReg_1_PM.c **** 
  20:Generated_Source\PSoC5/InjectionTimerPortControlReg_1_PM.c **** /* Check for removal by optimization */
  21:Generated_Source\PSoC5/InjectionTimerPortControlReg_1_PM.c **** #if !defined(InjectionTimerPortControlReg_1_Sync_ctrl_reg__REMOVED)
  22:Generated_Source\PSoC5/InjectionTimerPortControlReg_1_PM.c **** 
  23:Generated_Source\PSoC5/InjectionTimerPortControlReg_1_PM.c **** static InjectionTimerPortControlReg_1_BACKUP_STRUCT  InjectionTimerPortControlReg_1_backup = {0u};
  24:Generated_Source\PSoC5/InjectionTimerPortControlReg_1_PM.c **** 
  25:Generated_Source\PSoC5/InjectionTimerPortControlReg_1_PM.c ****     
  26:Generated_Source\PSoC5/InjectionTimerPortControlReg_1_PM.c **** /*******************************************************************************
  27:Generated_Source\PSoC5/InjectionTimerPortControlReg_1_PM.c **** * Function Name: InjectionTimerPortControlReg_1_SaveConfig
  28:Generated_Source\PSoC5/InjectionTimerPortControlReg_1_PM.c **** ********************************************************************************
  29:Generated_Source\PSoC5/InjectionTimerPortControlReg_1_PM.c **** *
  30:Generated_Source\PSoC5/InjectionTimerPortControlReg_1_PM.c **** * Summary:
  31:Generated_Source\PSoC5/InjectionTimerPortControlReg_1_PM.c **** *  Saves the control register value.
  32:Generated_Source\PSoC5/InjectionTimerPortControlReg_1_PM.c **** *
  33:Generated_Source\PSoC5/InjectionTimerPortControlReg_1_PM.c **** * Parameters:
  34:Generated_Source\PSoC5/InjectionTimerPortControlReg_1_PM.c **** *  None
  35:Generated_Source\PSoC5/InjectionTimerPortControlReg_1_PM.c **** *
  36:Generated_Source\PSoC5/InjectionTimerPortControlReg_1_PM.c **** * Return:
  37:Generated_Source\PSoC5/InjectionTimerPortControlReg_1_PM.c **** *  None
  38:Generated_Source\PSoC5/InjectionTimerPortControlReg_1_PM.c **** *
  39:Generated_Source\PSoC5/InjectionTimerPortControlReg_1_PM.c **** *******************************************************************************/
  40:Generated_Source\PSoC5/InjectionTimerPortControlReg_1_PM.c **** void InjectionTimerPortControlReg_1_SaveConfig(void) 
  41:Generated_Source\PSoC5/InjectionTimerPortControlReg_1_PM.c **** {
 213              		.loc 1 41 0
 214              		.cfi_startproc
 215              		@ args = 0, pretend = 0, frame = 0
 216              		@ frame_needed = 0, uses_anonymous_args = 0
 217              		@ link register save eliminated.
  42:Generated_Source\PSoC5/InjectionTimerPortControlReg_1_PM.c ****     InjectionTimerPortControlReg_1_backup.controlState = InjectionTimerPortControlReg_1_Control;
 218              		.loc 1 42 0
 219 0000 024A     		ldr	r2, .L2
 220 0002 034B     		ldr	r3, .L2+4
 221 0004 1278     		ldrb	r2, [r2]	@ zero_extendqisi2
 222 0006 1A70     		strb	r2, [r3]
 223 0008 7047     		bx	lr
 224              	.L3:
 225 000a 00BF     		.align	2
 226              	.L2:
 227 000c 74650040 		.word	1073767796
 228 0010 00000000 		.word	.LANCHOR0
 229              		.cfi_endproc
 230              	.LFE0:
 231              		.size	InjectionTimerPortControlReg_1_SaveConfig, .-InjectionTimerPortControlReg_1_SaveConfig
 232              		.section	.text.InjectionTimerPortControlReg_1_RestoreConfig,"ax",%progbits
 233              		.align	2
 234              		.global	InjectionTimerPortControlReg_1_RestoreConfig
 235              		.thumb
 236              		.thumb_func
 237              		.type	InjectionTimerPortControlReg_1_RestoreConfig, %function
ARM GAS  C:\Users\Bruger\AppData\Local\Temp\cc2Vw7nK.s 			page 16


 238              	InjectionTimerPortControlReg_1_RestoreConfig:
 239              	.LFB1:
  43:Generated_Source\PSoC5/InjectionTimerPortControlReg_1_PM.c **** }
  44:Generated_Source\PSoC5/InjectionTimerPortControlReg_1_PM.c **** 
  45:Generated_Source\PSoC5/InjectionTimerPortControlReg_1_PM.c **** 
  46:Generated_Source\PSoC5/InjectionTimerPortControlReg_1_PM.c **** /*******************************************************************************
  47:Generated_Source\PSoC5/InjectionTimerPortControlReg_1_PM.c **** * Function Name: InjectionTimerPortControlReg_1_RestoreConfig
  48:Generated_Source\PSoC5/InjectionTimerPortControlReg_1_PM.c **** ********************************************************************************
  49:Generated_Source\PSoC5/InjectionTimerPortControlReg_1_PM.c **** *
  50:Generated_Source\PSoC5/InjectionTimerPortControlReg_1_PM.c **** * Summary:
  51:Generated_Source\PSoC5/InjectionTimerPortControlReg_1_PM.c **** *  Restores the control register value.
  52:Generated_Source\PSoC5/InjectionTimerPortControlReg_1_PM.c **** *
  53:Generated_Source\PSoC5/InjectionTimerPortControlReg_1_PM.c **** * Parameters:
  54:Generated_Source\PSoC5/InjectionTimerPortControlReg_1_PM.c **** *  None
  55:Generated_Source\PSoC5/InjectionTimerPortControlReg_1_PM.c **** *
  56:Generated_Source\PSoC5/InjectionTimerPortControlReg_1_PM.c **** * Return:
  57:Generated_Source\PSoC5/InjectionTimerPortControlReg_1_PM.c **** *  None
  58:Generated_Source\PSoC5/InjectionTimerPortControlReg_1_PM.c **** *
  59:Generated_Source\PSoC5/InjectionTimerPortControlReg_1_PM.c **** *
  60:Generated_Source\PSoC5/InjectionTimerPortControlReg_1_PM.c **** *******************************************************************************/
  61:Generated_Source\PSoC5/InjectionTimerPortControlReg_1_PM.c **** void InjectionTimerPortControlReg_1_RestoreConfig(void) 
  62:Generated_Source\PSoC5/InjectionTimerPortControlReg_1_PM.c **** {
 240              		.loc 1 62 0
 241              		.cfi_startproc
 242              		@ args = 0, pretend = 0, frame = 0
 243              		@ frame_needed = 0, uses_anonymous_args = 0
 244              		@ link register save eliminated.
  63:Generated_Source\PSoC5/InjectionTimerPortControlReg_1_PM.c ****      InjectionTimerPortControlReg_1_Control = InjectionTimerPortControlReg_1_backup.controlState;
 245              		.loc 1 63 0
 246 0000 024A     		ldr	r2, .L5
 247 0002 034B     		ldr	r3, .L5+4
 248 0004 1278     		ldrb	r2, [r2]	@ zero_extendqisi2
 249 0006 1A70     		strb	r2, [r3]
 250 0008 7047     		bx	lr
 251              	.L6:
 252 000a 00BF     		.align	2
 253              	.L5:
 254 000c 00000000 		.word	.LANCHOR0
 255 0010 74650040 		.word	1073767796
 256              		.cfi_endproc
 257              	.LFE1:
 258              		.size	InjectionTimerPortControlReg_1_RestoreConfig, .-InjectionTimerPortControlReg_1_RestoreConfig
 259              		.section	.text.InjectionTimerPortControlReg_1_Sleep,"ax",%progbits
 260              		.align	2
 261              		.global	InjectionTimerPortControlReg_1_Sleep
 262              		.thumb
 263              		.thumb_func
 264              		.type	InjectionTimerPortControlReg_1_Sleep, %function
 265              	InjectionTimerPortControlReg_1_Sleep:
 266              	.LFB2:
  64:Generated_Source\PSoC5/InjectionTimerPortControlReg_1_PM.c **** }
  65:Generated_Source\PSoC5/InjectionTimerPortControlReg_1_PM.c **** 
  66:Generated_Source\PSoC5/InjectionTimerPortControlReg_1_PM.c **** 
  67:Generated_Source\PSoC5/InjectionTimerPortControlReg_1_PM.c **** /*******************************************************************************
  68:Generated_Source\PSoC5/InjectionTimerPortControlReg_1_PM.c **** * Function Name: InjectionTimerPortControlReg_1_Sleep
  69:Generated_Source\PSoC5/InjectionTimerPortControlReg_1_PM.c **** ********************************************************************************
  70:Generated_Source\PSoC5/InjectionTimerPortControlReg_1_PM.c **** *
ARM GAS  C:\Users\Bruger\AppData\Local\Temp\cc2Vw7nK.s 			page 17


  71:Generated_Source\PSoC5/InjectionTimerPortControlReg_1_PM.c **** * Summary:
  72:Generated_Source\PSoC5/InjectionTimerPortControlReg_1_PM.c **** *  Prepares the component for entering the low power mode.
  73:Generated_Source\PSoC5/InjectionTimerPortControlReg_1_PM.c **** *
  74:Generated_Source\PSoC5/InjectionTimerPortControlReg_1_PM.c **** * Parameters:
  75:Generated_Source\PSoC5/InjectionTimerPortControlReg_1_PM.c **** *  None
  76:Generated_Source\PSoC5/InjectionTimerPortControlReg_1_PM.c **** *
  77:Generated_Source\PSoC5/InjectionTimerPortControlReg_1_PM.c **** * Return:
  78:Generated_Source\PSoC5/InjectionTimerPortControlReg_1_PM.c **** *  None
  79:Generated_Source\PSoC5/InjectionTimerPortControlReg_1_PM.c **** *
  80:Generated_Source\PSoC5/InjectionTimerPortControlReg_1_PM.c **** *******************************************************************************/
  81:Generated_Source\PSoC5/InjectionTimerPortControlReg_1_PM.c **** void InjectionTimerPortControlReg_1_Sleep(void) 
  82:Generated_Source\PSoC5/InjectionTimerPortControlReg_1_PM.c **** {
 267              		.loc 1 82 0
 268              		.cfi_startproc
 269              		@ args = 0, pretend = 0, frame = 0
 270              		@ frame_needed = 0, uses_anonymous_args = 0
 271              		@ link register save eliminated.
 272              	.LBB6:
 273              	.LBB7:
  42:Generated_Source\PSoC5/InjectionTimerPortControlReg_1_PM.c **** }
 274              		.loc 1 42 0
 275 0000 024A     		ldr	r2, .L8
 276 0002 034B     		ldr	r3, .L8+4
 277 0004 1278     		ldrb	r2, [r2]	@ zero_extendqisi2
 278 0006 1A70     		strb	r2, [r3]
 279 0008 7047     		bx	lr
 280              	.L9:
 281 000a 00BF     		.align	2
 282              	.L8:
 283 000c 74650040 		.word	1073767796
 284 0010 00000000 		.word	.LANCHOR0
 285              	.LBE7:
 286              	.LBE6:
 287              		.cfi_endproc
 288              	.LFE2:
 289              		.size	InjectionTimerPortControlReg_1_Sleep, .-InjectionTimerPortControlReg_1_Sleep
 290              		.section	.text.InjectionTimerPortControlReg_1_Wakeup,"ax",%progbits
 291              		.align	2
 292              		.global	InjectionTimerPortControlReg_1_Wakeup
 293              		.thumb
 294              		.thumb_func
 295              		.type	InjectionTimerPortControlReg_1_Wakeup, %function
 296              	InjectionTimerPortControlReg_1_Wakeup:
 297              	.LFB3:
  83:Generated_Source\PSoC5/InjectionTimerPortControlReg_1_PM.c ****     InjectionTimerPortControlReg_1_SaveConfig();
  84:Generated_Source\PSoC5/InjectionTimerPortControlReg_1_PM.c **** }
  85:Generated_Source\PSoC5/InjectionTimerPortControlReg_1_PM.c **** 
  86:Generated_Source\PSoC5/InjectionTimerPortControlReg_1_PM.c **** 
  87:Generated_Source\PSoC5/InjectionTimerPortControlReg_1_PM.c **** /*******************************************************************************
  88:Generated_Source\PSoC5/InjectionTimerPortControlReg_1_PM.c **** * Function Name: InjectionTimerPortControlReg_1_Wakeup
  89:Generated_Source\PSoC5/InjectionTimerPortControlReg_1_PM.c **** ********************************************************************************
  90:Generated_Source\PSoC5/InjectionTimerPortControlReg_1_PM.c **** *
  91:Generated_Source\PSoC5/InjectionTimerPortControlReg_1_PM.c **** * Summary:
  92:Generated_Source\PSoC5/InjectionTimerPortControlReg_1_PM.c **** *  Restores the component after waking up from the low power mode.
  93:Generated_Source\PSoC5/InjectionTimerPortControlReg_1_PM.c **** *
  94:Generated_Source\PSoC5/InjectionTimerPortControlReg_1_PM.c **** * Parameters:
  95:Generated_Source\PSoC5/InjectionTimerPortControlReg_1_PM.c **** *  None
ARM GAS  C:\Users\Bruger\AppData\Local\Temp\cc2Vw7nK.s 			page 18


  96:Generated_Source\PSoC5/InjectionTimerPortControlReg_1_PM.c **** *
  97:Generated_Source\PSoC5/InjectionTimerPortControlReg_1_PM.c **** * Return:
  98:Generated_Source\PSoC5/InjectionTimerPortControlReg_1_PM.c **** *  None
  99:Generated_Source\PSoC5/InjectionTimerPortControlReg_1_PM.c **** *
 100:Generated_Source\PSoC5/InjectionTimerPortControlReg_1_PM.c **** *******************************************************************************/
 101:Generated_Source\PSoC5/InjectionTimerPortControlReg_1_PM.c **** void InjectionTimerPortControlReg_1_Wakeup(void)  
 102:Generated_Source\PSoC5/InjectionTimerPortControlReg_1_PM.c **** {
 298              		.loc 1 102 0
 299              		.cfi_startproc
 300              		@ args = 0, pretend = 0, frame = 0
 301              		@ frame_needed = 0, uses_anonymous_args = 0
 302              		@ link register save eliminated.
 303              	.LBB8:
 304              	.LBB9:
  63:Generated_Source\PSoC5/InjectionTimerPortControlReg_1_PM.c **** }
 305              		.loc 1 63 0
 306 0000 024A     		ldr	r2, .L11
 307 0002 034B     		ldr	r3, .L11+4
 308 0004 1278     		ldrb	r2, [r2]	@ zero_extendqisi2
 309 0006 1A70     		strb	r2, [r3]
 310 0008 7047     		bx	lr
 311              	.L12:
 312 000a 00BF     		.align	2
 313              	.L11:
 314 000c 00000000 		.word	.LANCHOR0
 315 0010 74650040 		.word	1073767796
 316              	.LBE9:
 317              	.LBE8:
 318              		.cfi_endproc
 319              	.LFE3:
 320              		.size	InjectionTimerPortControlReg_1_Wakeup, .-InjectionTimerPortControlReg_1_Wakeup
 321              		.bss
 322              		.align	2
 323              		.set	.LANCHOR0,. + 0
 324              		.type	InjectionTimerPortControlReg_1_backup, %object
 325              		.size	InjectionTimerPortControlReg_1_backup, 1
 326              	InjectionTimerPortControlReg_1_backup:
 327 0000 00       		.space	1
 328 0001 000000   		.text
 329              	.Letext0:
 330              		.file 2 "Generated_Source\\PSoC5\\cytypes.h"
 331              		.file 3 "Generated_Source\\PSoC5\\InjectionTimerPortControlReg_1.h"
 332              		.section	.debug_info,"",%progbits
 333              	.Ldebug_info0:
 334 0000 43010000 		.4byte	0x143
 335 0004 0400     		.2byte	0x4
 336 0006 00000000 		.4byte	.Ldebug_abbrev0
 337 000a 04       		.byte	0x4
 338 000b 01       		.uleb128 0x1
 339 000c 4C010000 		.4byte	.LASF19
 340 0010 01       		.byte	0x1
 341 0011 F8010000 		.4byte	.LASF20
 342 0015 79020000 		.4byte	.LASF21
 343 0019 00000000 		.4byte	.Ldebug_ranges0+0
 344 001d 00000000 		.4byte	0
 345 0021 00000000 		.4byte	.Ldebug_line0
 346 0025 02       		.uleb128 0x2
ARM GAS  C:\Users\Bruger\AppData\Local\Temp\cc2Vw7nK.s 			page 19


 347 0026 01       		.byte	0x1
 348 0027 06       		.byte	0x6
 349 0028 DE020000 		.4byte	.LASF0
 350 002c 02       		.uleb128 0x2
 351 002d 01       		.byte	0x1
 352 002e 08       		.byte	0x8
 353 002f 82000000 		.4byte	.LASF1
 354 0033 02       		.uleb128 0x2
 355 0034 02       		.byte	0x2
 356 0035 05       		.byte	0x5
 357 0036 33020000 		.4byte	.LASF2
 358 003a 02       		.uleb128 0x2
 359 003b 02       		.byte	0x2
 360 003c 07       		.byte	0x7
 361 003d A7000000 		.4byte	.LASF3
 362 0041 02       		.uleb128 0x2
 363 0042 04       		.byte	0x4
 364 0043 05       		.byte	0x5
 365 0044 70020000 		.4byte	.LASF4
 366 0048 02       		.uleb128 0x2
 367 0049 04       		.byte	0x4
 368 004a 07       		.byte	0x7
 369 004b 95000000 		.4byte	.LASF5
 370 004f 02       		.uleb128 0x2
 371 0050 08       		.byte	0x8
 372 0051 05       		.byte	0x5
 373 0052 3E010000 		.4byte	.LASF6
 374 0056 02       		.uleb128 0x2
 375 0057 08       		.byte	0x8
 376 0058 07       		.byte	0x7
 377 0059 01010000 		.4byte	.LASF7
 378 005d 03       		.uleb128 0x3
 379 005e 04       		.byte	0x4
 380 005f 05       		.byte	0x5
 381 0060 696E7400 		.ascii	"int\000"
 382 0064 02       		.uleb128 0x2
 383 0065 04       		.byte	0x4
 384 0066 07       		.byte	0x7
 385 0067 F4000000 		.4byte	.LASF8
 386 006b 04       		.uleb128 0x4
 387 006c 6A020000 		.4byte	.LASF12
 388 0070 02       		.byte	0x2
 389 0071 3801     		.2byte	0x138
 390 0073 2C000000 		.4byte	0x2c
 391 0077 02       		.uleb128 0x2
 392 0078 04       		.byte	0x4
 393 0079 04       		.byte	0x4
 394 007a 7C000000 		.4byte	.LASF9
 395 007e 02       		.uleb128 0x2
 396 007f 08       		.byte	0x8
 397 0080 04       		.byte	0x4
 398 0081 ED000000 		.4byte	.LASF10
 399 0085 02       		.uleb128 0x2
 400 0086 01       		.byte	0x1
 401 0087 08       		.byte	0x8
 402 0088 F3010000 		.4byte	.LASF11
 403 008c 04       		.uleb128 0x4
ARM GAS  C:\Users\Bruger\AppData\Local\Temp\cc2Vw7nK.s 			page 20


 404 008d 90000000 		.4byte	.LASF13
 405 0091 02       		.byte	0x2
 406 0092 E201     		.2byte	0x1e2
 407 0094 98000000 		.4byte	0x98
 408 0098 05       		.uleb128 0x5
 409 0099 6B000000 		.4byte	0x6b
 410 009d 06       		.uleb128 0x6
 411 009e 01       		.byte	0x1
 412 009f 03       		.byte	0x3
 413 00a0 1C       		.byte	0x1c
 414 00a1 B2000000 		.4byte	0xb2
 415 00a5 07       		.uleb128 0x7
 416 00a6 E0000000 		.4byte	.LASF22
 417 00aa 03       		.byte	0x3
 418 00ab 1E       		.byte	0x1e
 419 00ac 6B000000 		.4byte	0x6b
 420 00b0 00       		.byte	0
 421 00b1 00       		.byte	0
 422 00b2 08       		.uleb128 0x8
 423 00b3 3D020000 		.4byte	.LASF14
 424 00b7 03       		.byte	0x3
 425 00b8 20       		.byte	0x20
 426 00b9 9D000000 		.4byte	0x9d
 427 00bd 09       		.uleb128 0x9
 428 00be 52000000 		.4byte	.LASF15
 429 00c2 01       		.byte	0x1
 430 00c3 28       		.byte	0x28
 431 00c4 01       		.byte	0x1
 432 00c5 09       		.uleb128 0x9
 433 00c6 00000000 		.4byte	.LASF16
 434 00ca 01       		.byte	0x1
 435 00cb 3D       		.byte	0x3d
 436 00cc 01       		.byte	0x1
 437 00cd 0A       		.uleb128 0xa
 438 00ce BD000000 		.4byte	0xbd
 439 00d2 00000000 		.4byte	.LFB0
 440 00d6 14000000 		.4byte	.LFE0-.LFB0
 441 00da 01       		.uleb128 0x1
 442 00db 9C       		.byte	0x9c
 443 00dc 0A       		.uleb128 0xa
 444 00dd C5000000 		.4byte	0xc5
 445 00e1 00000000 		.4byte	.LFB1
 446 00e5 14000000 		.4byte	.LFE1-.LFB1
 447 00e9 01       		.uleb128 0x1
 448 00ea 9C       		.byte	0x9c
 449 00eb 0B       		.uleb128 0xb
 450 00ec 2D000000 		.4byte	.LASF17
 451 00f0 01       		.byte	0x1
 452 00f1 51       		.byte	0x51
 453 00f2 00000000 		.4byte	.LFB2
 454 00f6 14000000 		.4byte	.LFE2-.LFB2
 455 00fa 01       		.uleb128 0x1
 456 00fb 9C       		.byte	0x9c
 457 00fc 10010000 		.4byte	0x110
 458 0100 0C       		.uleb128 0xc
 459 0101 BD000000 		.4byte	0xbd
 460 0105 00000000 		.4byte	.LBB6
ARM GAS  C:\Users\Bruger\AppData\Local\Temp\cc2Vw7nK.s 			page 21


 461 0109 14000000 		.4byte	.LBE6-.LBB6
 462 010d 01       		.byte	0x1
 463 010e 53       		.byte	0x53
 464 010f 00       		.byte	0
 465 0110 0B       		.uleb128 0xb
 466 0111 BA000000 		.4byte	.LASF18
 467 0115 01       		.byte	0x1
 468 0116 65       		.byte	0x65
 469 0117 00000000 		.4byte	.LFB3
 470 011b 14000000 		.4byte	.LFE3-.LFB3
 471 011f 01       		.uleb128 0x1
 472 0120 9C       		.byte	0x9c
 473 0121 35010000 		.4byte	0x135
 474 0125 0C       		.uleb128 0xc
 475 0126 C5000000 		.4byte	0xc5
 476 012a 00000000 		.4byte	.LBB8
 477 012e 14000000 		.4byte	.LBE8-.LBB8
 478 0132 01       		.byte	0x1
 479 0133 67       		.byte	0x67
 480 0134 00       		.byte	0
 481 0135 0D       		.uleb128 0xd
 482 0136 18010000 		.4byte	.LASF23
 483 013a 01       		.byte	0x1
 484 013b 17       		.byte	0x17
 485 013c B2000000 		.4byte	0xb2
 486 0140 05       		.uleb128 0x5
 487 0141 03       		.byte	0x3
 488 0142 00000000 		.4byte	InjectionTimerPortControlReg_1_backup
 489 0146 00       		.byte	0
 490              		.section	.debug_abbrev,"",%progbits
 491              	.Ldebug_abbrev0:
 492 0000 01       		.uleb128 0x1
 493 0001 11       		.uleb128 0x11
 494 0002 01       		.byte	0x1
 495 0003 25       		.uleb128 0x25
 496 0004 0E       		.uleb128 0xe
 497 0005 13       		.uleb128 0x13
 498 0006 0B       		.uleb128 0xb
 499 0007 03       		.uleb128 0x3
 500 0008 0E       		.uleb128 0xe
 501 0009 1B       		.uleb128 0x1b
 502 000a 0E       		.uleb128 0xe
 503 000b 55       		.uleb128 0x55
 504 000c 17       		.uleb128 0x17
 505 000d 11       		.uleb128 0x11
 506 000e 01       		.uleb128 0x1
 507 000f 10       		.uleb128 0x10
 508 0010 17       		.uleb128 0x17
 509 0011 00       		.byte	0
 510 0012 00       		.byte	0
 511 0013 02       		.uleb128 0x2
 512 0014 24       		.uleb128 0x24
 513 0015 00       		.byte	0
 514 0016 0B       		.uleb128 0xb
 515 0017 0B       		.uleb128 0xb
 516 0018 3E       		.uleb128 0x3e
 517 0019 0B       		.uleb128 0xb
ARM GAS  C:\Users\Bruger\AppData\Local\Temp\cc2Vw7nK.s 			page 22


 518 001a 03       		.uleb128 0x3
 519 001b 0E       		.uleb128 0xe
 520 001c 00       		.byte	0
 521 001d 00       		.byte	0
 522 001e 03       		.uleb128 0x3
 523 001f 24       		.uleb128 0x24
 524 0020 00       		.byte	0
 525 0021 0B       		.uleb128 0xb
 526 0022 0B       		.uleb128 0xb
 527 0023 3E       		.uleb128 0x3e
 528 0024 0B       		.uleb128 0xb
 529 0025 03       		.uleb128 0x3
 530 0026 08       		.uleb128 0x8
 531 0027 00       		.byte	0
 532 0028 00       		.byte	0
 533 0029 04       		.uleb128 0x4
 534 002a 16       		.uleb128 0x16
 535 002b 00       		.byte	0
 536 002c 03       		.uleb128 0x3
 537 002d 0E       		.uleb128 0xe
 538 002e 3A       		.uleb128 0x3a
 539 002f 0B       		.uleb128 0xb
 540 0030 3B       		.uleb128 0x3b
 541 0031 05       		.uleb128 0x5
 542 0032 49       		.uleb128 0x49
 543 0033 13       		.uleb128 0x13
 544 0034 00       		.byte	0
 545 0035 00       		.byte	0
 546 0036 05       		.uleb128 0x5
 547 0037 35       		.uleb128 0x35
 548 0038 00       		.byte	0
 549 0039 49       		.uleb128 0x49
 550 003a 13       		.uleb128 0x13
 551 003b 00       		.byte	0
 552 003c 00       		.byte	0
 553 003d 06       		.uleb128 0x6
 554 003e 13       		.uleb128 0x13
 555 003f 01       		.byte	0x1
 556 0040 0B       		.uleb128 0xb
 557 0041 0B       		.uleb128 0xb
 558 0042 3A       		.uleb128 0x3a
 559 0043 0B       		.uleb128 0xb
 560 0044 3B       		.uleb128 0x3b
 561 0045 0B       		.uleb128 0xb
 562 0046 01       		.uleb128 0x1
 563 0047 13       		.uleb128 0x13
 564 0048 00       		.byte	0
 565 0049 00       		.byte	0
 566 004a 07       		.uleb128 0x7
 567 004b 0D       		.uleb128 0xd
 568 004c 00       		.byte	0
 569 004d 03       		.uleb128 0x3
 570 004e 0E       		.uleb128 0xe
 571 004f 3A       		.uleb128 0x3a
 572 0050 0B       		.uleb128 0xb
 573 0051 3B       		.uleb128 0x3b
 574 0052 0B       		.uleb128 0xb
ARM GAS  C:\Users\Bruger\AppData\Local\Temp\cc2Vw7nK.s 			page 23


 575 0053 49       		.uleb128 0x49
 576 0054 13       		.uleb128 0x13
 577 0055 38       		.uleb128 0x38
 578 0056 0B       		.uleb128 0xb
 579 0057 00       		.byte	0
 580 0058 00       		.byte	0
 581 0059 08       		.uleb128 0x8
 582 005a 16       		.uleb128 0x16
 583 005b 00       		.byte	0
 584 005c 03       		.uleb128 0x3
 585 005d 0E       		.uleb128 0xe
 586 005e 3A       		.uleb128 0x3a
 587 005f 0B       		.uleb128 0xb
 588 0060 3B       		.uleb128 0x3b
 589 0061 0B       		.uleb128 0xb
 590 0062 49       		.uleb128 0x49
 591 0063 13       		.uleb128 0x13
 592 0064 00       		.byte	0
 593 0065 00       		.byte	0
 594 0066 09       		.uleb128 0x9
 595 0067 2E       		.uleb128 0x2e
 596 0068 00       		.byte	0
 597 0069 3F       		.uleb128 0x3f
 598 006a 19       		.uleb128 0x19
 599 006b 03       		.uleb128 0x3
 600 006c 0E       		.uleb128 0xe
 601 006d 3A       		.uleb128 0x3a
 602 006e 0B       		.uleb128 0xb
 603 006f 3B       		.uleb128 0x3b
 604 0070 0B       		.uleb128 0xb
 605 0071 27       		.uleb128 0x27
 606 0072 19       		.uleb128 0x19
 607 0073 20       		.uleb128 0x20
 608 0074 0B       		.uleb128 0xb
 609 0075 00       		.byte	0
 610 0076 00       		.byte	0
 611 0077 0A       		.uleb128 0xa
 612 0078 2E       		.uleb128 0x2e
 613 0079 00       		.byte	0
 614 007a 31       		.uleb128 0x31
 615 007b 13       		.uleb128 0x13
 616 007c 11       		.uleb128 0x11
 617 007d 01       		.uleb128 0x1
 618 007e 12       		.uleb128 0x12
 619 007f 06       		.uleb128 0x6
 620 0080 40       		.uleb128 0x40
 621 0081 18       		.uleb128 0x18
 622 0082 9742     		.uleb128 0x2117
 623 0084 19       		.uleb128 0x19
 624 0085 00       		.byte	0
 625 0086 00       		.byte	0
 626 0087 0B       		.uleb128 0xb
 627 0088 2E       		.uleb128 0x2e
 628 0089 01       		.byte	0x1
 629 008a 3F       		.uleb128 0x3f
 630 008b 19       		.uleb128 0x19
 631 008c 03       		.uleb128 0x3
ARM GAS  C:\Users\Bruger\AppData\Local\Temp\cc2Vw7nK.s 			page 24


 632 008d 0E       		.uleb128 0xe
 633 008e 3A       		.uleb128 0x3a
 634 008f 0B       		.uleb128 0xb
 635 0090 3B       		.uleb128 0x3b
 636 0091 0B       		.uleb128 0xb
 637 0092 27       		.uleb128 0x27
 638 0093 19       		.uleb128 0x19
 639 0094 11       		.uleb128 0x11
 640 0095 01       		.uleb128 0x1
 641 0096 12       		.uleb128 0x12
 642 0097 06       		.uleb128 0x6
 643 0098 40       		.uleb128 0x40
 644 0099 18       		.uleb128 0x18
 645 009a 9742     		.uleb128 0x2117
 646 009c 19       		.uleb128 0x19
 647 009d 01       		.uleb128 0x1
 648 009e 13       		.uleb128 0x13
 649 009f 00       		.byte	0
 650 00a0 00       		.byte	0
 651 00a1 0C       		.uleb128 0xc
 652 00a2 1D       		.uleb128 0x1d
 653 00a3 00       		.byte	0
 654 00a4 31       		.uleb128 0x31
 655 00a5 13       		.uleb128 0x13
 656 00a6 11       		.uleb128 0x11
 657 00a7 01       		.uleb128 0x1
 658 00a8 12       		.uleb128 0x12
 659 00a9 06       		.uleb128 0x6
 660 00aa 58       		.uleb128 0x58
 661 00ab 0B       		.uleb128 0xb
 662 00ac 59       		.uleb128 0x59
 663 00ad 0B       		.uleb128 0xb
 664 00ae 00       		.byte	0
 665 00af 00       		.byte	0
 666 00b0 0D       		.uleb128 0xd
 667 00b1 34       		.uleb128 0x34
 668 00b2 00       		.byte	0
 669 00b3 03       		.uleb128 0x3
 670 00b4 0E       		.uleb128 0xe
 671 00b5 3A       		.uleb128 0x3a
 672 00b6 0B       		.uleb128 0xb
 673 00b7 3B       		.uleb128 0x3b
 674 00b8 0B       		.uleb128 0xb
 675 00b9 49       		.uleb128 0x49
 676 00ba 13       		.uleb128 0x13
 677 00bb 02       		.uleb128 0x2
 678 00bc 18       		.uleb128 0x18
 679 00bd 00       		.byte	0
 680 00be 00       		.byte	0
 681 00bf 00       		.byte	0
 682              		.section	.debug_aranges,"",%progbits
 683 0000 34000000 		.4byte	0x34
 684 0004 0200     		.2byte	0x2
 685 0006 00000000 		.4byte	.Ldebug_info0
 686 000a 04       		.byte	0x4
 687 000b 00       		.byte	0
 688 000c 0000     		.2byte	0
ARM GAS  C:\Users\Bruger\AppData\Local\Temp\cc2Vw7nK.s 			page 25


 689 000e 0000     		.2byte	0
 690 0010 00000000 		.4byte	.LFB0
 691 0014 14000000 		.4byte	.LFE0-.LFB0
 692 0018 00000000 		.4byte	.LFB1
 693 001c 14000000 		.4byte	.LFE1-.LFB1
 694 0020 00000000 		.4byte	.LFB2
 695 0024 14000000 		.4byte	.LFE2-.LFB2
 696 0028 00000000 		.4byte	.LFB3
 697 002c 14000000 		.4byte	.LFE3-.LFB3
 698 0030 00000000 		.4byte	0
 699 0034 00000000 		.4byte	0
 700              		.section	.debug_ranges,"",%progbits
 701              	.Ldebug_ranges0:
 702 0000 00000000 		.4byte	.LFB0
 703 0004 14000000 		.4byte	.LFE0
 704 0008 00000000 		.4byte	.LFB1
 705 000c 14000000 		.4byte	.LFE1
 706 0010 00000000 		.4byte	.LFB2
 707 0014 14000000 		.4byte	.LFE2
 708 0018 00000000 		.4byte	.LFB3
 709 001c 14000000 		.4byte	.LFE3
 710 0020 00000000 		.4byte	0
 711 0024 00000000 		.4byte	0
 712              		.section	.debug_line,"",%progbits
 713              	.Ldebug_line0:
 714 0000 CE000000 		.section	.debug_str,"MS",%progbits,1
 714      02008200 
 714      00000201 
 714      FB0E0D00 
 714      01010101 
 715              	.LASF16:
 716 0000 496E6A65 		.ascii	"InjectionTimerPortControlReg_1_RestoreConfig\000"
 716      6374696F 
 716      6E54696D 
 716      6572506F 
 716      7274436F 
 717              	.LASF17:
 718 002d 496E6A65 		.ascii	"InjectionTimerPortControlReg_1_Sleep\000"
 718      6374696F 
 718      6E54696D 
 718      6572506F 
 718      7274436F 
 719              	.LASF15:
 720 0052 496E6A65 		.ascii	"InjectionTimerPortControlReg_1_SaveConfig\000"
 720      6374696F 
 720      6E54696D 
 720      6572506F 
 720      7274436F 
 721              	.LASF9:
 722 007c 666C6F61 		.ascii	"float\000"
 722      7400
 723              	.LASF1:
 724 0082 756E7369 		.ascii	"unsigned char\000"
 724      676E6564 
 724      20636861 
 724      7200
 725              	.LASF13:
ARM GAS  C:\Users\Bruger\AppData\Local\Temp\cc2Vw7nK.s 			page 26


 726 0090 72656738 		.ascii	"reg8\000"
 726      00
 727              	.LASF5:
 728 0095 6C6F6E67 		.ascii	"long unsigned int\000"
 728      20756E73 
 728      69676E65 
 728      6420696E 
 728      7400
 729              	.LASF3:
 730 00a7 73686F72 		.ascii	"short unsigned int\000"
 730      7420756E 
 730      7369676E 
 730      65642069 
 730      6E7400
 731              	.LASF18:
 732 00ba 496E6A65 		.ascii	"InjectionTimerPortControlReg_1_Wakeup\000"
 732      6374696F 
 732      6E54696D 
 732      6572506F 
 732      7274436F 
 733              	.LASF22:
 734 00e0 636F6E74 		.ascii	"controlState\000"
 734      726F6C53 
 734      74617465 
 734      00
 735              	.LASF10:
 736 00ed 646F7562 		.ascii	"double\000"
 736      6C6500
 737              	.LASF8:
 738 00f4 756E7369 		.ascii	"unsigned int\000"
 738      676E6564 
 738      20696E74 
 738      00
 739              	.LASF7:
 740 0101 6C6F6E67 		.ascii	"long long unsigned int\000"
 740      206C6F6E 
 740      6720756E 
 740      7369676E 
 740      65642069 
 741              	.LASF23:
 742 0118 496E6A65 		.ascii	"InjectionTimerPortControlReg_1_backup\000"
 742      6374696F 
 742      6E54696D 
 742      6572506F 
 742      7274436F 
 743              	.LASF6:
 744 013e 6C6F6E67 		.ascii	"long long int\000"
 744      206C6F6E 
 744      6720696E 
 744      7400
 745              	.LASF19:
 746 014c 474E5520 		.ascii	"GNU C 4.9.3 20150303 (release) [ARM/embedded-4_9-br"
 746      4320342E 
 746      392E3320 
 746      32303135 
 746      30333033 
 747 017f 616E6368 		.ascii	"anch revision 221220] -mcpu=cortex-m3 -mthumb -g -O"
ARM GAS  C:\Users\Bruger\AppData\Local\Temp\cc2Vw7nK.s 			page 27


 747      20726576 
 747      6973696F 
 747      6E203232 
 747      31323230 
 748 01b2 33202D66 		.ascii	"3 -ffunction-sections -finline-functions -flto -ffa"
 748      66756E63 
 748      74696F6E 
 748      2D736563 
 748      74696F6E 
 749 01e5 742D6C74 		.ascii	"t-lto-objects\000"
 749      6F2D6F62 
 749      6A656374 
 749      7300
 750              	.LASF11:
 751 01f3 63686172 		.ascii	"char\000"
 751      00
 752              	.LASF20:
 753 01f8 47656E65 		.ascii	"Generated_Source\\PSoC5\\InjectionTimerPortControlR"
 753      72617465 
 753      645F536F 
 753      75726365 
 753      5C50536F 
 754 0229 65675F31 		.ascii	"eg_1_PM.c\000"
 754      5F504D2E 
 754      6300
 755              	.LASF2:
 756 0233 73686F72 		.ascii	"short int\000"
 756      7420696E 
 756      7400
 757              	.LASF14:
 758 023d 496E6A65 		.ascii	"InjectionTimerPortControlReg_1_BACKUP_STRUCT\000"
 758      6374696F 
 758      6E54696D 
 758      6572506F 
 758      7274436F 
 759              	.LASF12:
 760 026a 75696E74 		.ascii	"uint8\000"
 760      3800
 761              	.LASF4:
 762 0270 6C6F6E67 		.ascii	"long int\000"
 762      20696E74 
 762      00
 763              	.LASF21:
 764 0279 433A5C55 		.ascii	"C:\\Users\\Bruger\\OneDrive\\Skrivebord\\CODE\\PSOC"
 764      73657273 
 764      5C427275 
 764      6765725C 
 764      4F6E6544 
 765 02a6 355C4359 		.ascii	"5\\CY8CKIT-59-Arduino\\CY8CKIT59_Ardudino-Speeduino"
 765      38434B49 
 765      542D3539 
 765      2D417264 
 765      75696E6F 
 766 02d7 2E637964 		.ascii	".cydsn\000"
 766      736E00
 767              	.LASF0:
 768 02de 7369676E 		.ascii	"signed char\000"
ARM GAS  C:\Users\Bruger\AppData\Local\Temp\cc2Vw7nK.s 			page 28


 768      65642063 
 768      68617200 
 769              		.comm	__gnu_lto_v1,1,1
 770              		.ident	"GCC: (GNU Tools for ARM Embedded Processors) 4.9.3 20150303 (release) [ARM/embedded-4_9-br
