ARM GAS  C:\Users\Bruger\AppData\Local\Temp\ccESU7Zj.s 			page 1


   1              		.syntax unified
   2              		.cpu cortex-m3
   3              		.fpu softvfp
   4              		.eabi_attribute 20, 1
   5              		.eabi_attribute 21, 1
   6              		.eabi_attribute 23, 3
   7              		.eabi_attribute 24, 1
   8              		.eabi_attribute 25, 1
   9              		.eabi_attribute 26, 1
  10              		.eabi_attribute 30, 2
  11              		.eabi_attribute 34, 1
  12              		.eabi_attribute 18, 4
  13              		.thumb
  14              		.file	"InjectionTimer_1_PM.c"
  15              		.text
  16              	.Ltext0:
  17              		.section	.gnu.lto_.profile.24c15fb0,"",%progbits
  18 0000 789C6366 		.ascii	"x\234cf```e\200\000F\206\026F5\000\002>\000\265"
  18      60606065 
  18      80004686 
  18      16463500 
  18      023E00B5 
  19              		.text
  20              		.section	.gnu.lto_.jmpfuncs.24c15fb0,"",%progbits
  21 0000 789C6366 		.ascii	"x\234cf\300\016\344\2404\013\204bb``\204!f\2048\000"
  21      C00EE4A0 
  21      340B8462 
  21      62606084 
  21      21668438 
  22 0015 067E0032 		.ascii	"\006~\0002"
  23              		.text
  24              		.section	.gnu.lto_.inline.24c15fb0,"",%progbits
  25 0000 789C6366 		.ascii	"x\234cf\300\016\332\2404\013\003\003\237\006#\003\023"
  25      C00EDAA0 
  25      340B0303 
  25      9F062303 
  25      13
  26 0011 D7043F06 		.ascii	"\327\004?\006\266\005\362L 1&nT\002\273\012\306\011"
  26      B605F24C 
  26      2031266E 
  26      5402BB0A 
  26      C609
  27 0023 7EA81433 		.ascii	"~\250\0243\003\227\024H\335>;\270:F.\030\301\302\300"
  27      03971448 
  27      DD3E3BB8 
  27      3A462E18 
  27      C1C2C0
  28 0036 210C9464 		.ascii	"!\014\224d\373\240\207E\222\001\000C0\013{"
  28      FBA08745 
  28      92010043 
  28      300B7B
  29              		.text
  30              		.section	.gnu.lto_.pureconst.24c15fb0,"",%progbits
  31 0000 789C6366 		.ascii	"x\234cf``\340d\200\000\026\006)&)f)\026\011\000\002"
  31      6060E064 
  31      80001606 
  31      29262966 
ARM GAS  C:\Users\Bruger\AppData\Local\Temp\ccESU7Zj.s 			page 2


  31      29160900 
  32 0015 CF0080   		.ascii	"\317\000\200"
  33              		.text
  34              		.section	.gnu.lto_InjectionTimer_1_SaveConfig.24c15fb0,"",%progbits
  35 0000 789C9D92 		.ascii	"x\234\235\222\317KTQ\024\307\317\367>}\276|J\342r\376"
  35      CF4B5451 
  35      14C7CFF7 
  35      3E7DBE7C 
  35      4AE272FE 
  36 0014 01378EE2 		.ascii	"\0017\216\342\302]\256\0023(\030\260\2450\310\364\026"
  36      C25DAE02 
  36      332818B0 
  36      A530C8F4 
  36      16
  37 0025 0ACEC0A0 		.ascii	"\012\316\300\240\313\301\367r\020i\221\332\"\0033(\260"
  37      CBC1F772 
  37      106991DA 
  37      22033328 
  37      B0
  38 0036 ACF147D9 		.ascii	"\254\361G\331\017\255 \237\202\013\021\024q!D(\301\004"
  38      0FAD209F 
  38      820B1114 
  38      71214428 
  38      C104
  39 0048 B9B16C40 		.ascii	"\271\261l@\035B\355\234\37366\226`\017\356\275\357\336"
  39      1D42ED9C 
  39      FB363696 
  39      600FEEBD 
  39      EFDE
  40 005a FBBDE7FB 		.ascii	"\373\275\347\3739\347^\203N\177!n\007\212\250\226G\030"
  40      39E75E83 
  40      4E7F216E 
  40      078AA896 
  40      4718
  41 006c 0435B042 		.ascii	"\0045\260B\344Y\012\220\037\002u+tc[\355*\014\370\231"
  41      E4590A90 
  41      1F02752B 
  41      74635BED 
  41      2A0CF899 
  42 0080 FB76D5A8 		.ascii	"\373v\325\250\353\272?\036/{\021\037y>\227SA\034<E\025"
  42      EBBA3F1E 
  42      2F7B111F 
  42      793E9753 
  42      411C3C45 
  43 0095 B168377D 		.ascii	"\261h7}\270a\233i\026U\004{\030\203\011\036\247*}\367"
  43      B8619B69 
  43      1655047B 
  43      1883091E 
  43      A72A7DF7 
  44 00a9 F8383731 		.ascii	"\370871\177\317,7(\257`Jgq\247l\351\210\262\334\304"
  44      7FCF2C37 
  44      28AF604A 
  44      6771A76C 
  44      E988B2DC 
  45 00be F42B4F78 		.ascii	"\364+Ox4>\243\307\237\0335$\300\27628\366\303\365;\223"
  45      343EA3C7 
  45      9F1B3524 
ARM GAS  C:\Users\Bruger\AppData\Local\Temp\ccESU7Zj.s 			page 3


  45      C0BE3238 
  45      F6C3F53B 
  46 00d3 2AF5CBED 		.ascii	"*\365\313\355s\255\2742r\212\303\342\031R|\272\210>"
  46      73ADBC32 
  46      728AC3E2 
  46      19527CBA 
  46      883E
  47 00e5 E1D6DD2F 		.ascii	"\341\326\335/\265\242-\024\026\037\012\006\257neW\327"
  47      B5A22D14 
  47      161F0A06 
  47      AF6E6557 
  47      D7
  48 00f6 AC6F8A57 		.ascii	"\254o\212W\364t\314K?\300\010\206=WT&\236#\205\014B"
  48      F474CC4B 
  48      3FC00886 
  48      3D575426 
  48      9E23850C 
  49 010b 7AEF68BC 		.ascii	"z\357h\274\177\332\014g8\013\377Z^\225`\234\205?u\246"
  49      7FDA0C67 
  49      380BFF5A 
  49      5E95609C 
  49      853F75A6 
  50 011f 98409869 		.ascii	"\230@\230iH\340\326\267U\000w\312\223\341X\215\311\023"
  50      48E0D6B7 
  50      550077CA 
  50      93E1588D 
  50      C913
  51 0131 708FAACF 		.ascii	"p\217\252\317\204+\244\231\372;M\223\320\274\3204RT"
  51      842BA499 
  51      FA3B4D93 
  51      D0BCD034 
  51      5254
  52 0143 BC141A93 		.ascii	"\274\024\032\223\015\026\366no>\271\030\340X|fq\356"
  52      0D16F66E 
  52      6F3EB918 
  52      E0587C66 
  52      71EE
  53 0155 E3B04ED6 		.ascii	"\343\260N\326\352_\362\334\242?\362\267tTo\347{\266"
  53      EA5FF2DC 
  53      A23FF2B7 
  53      74546FE7 
  53      7BB6
  54 0167 581CD37C 		.ascii	"X\034\323|\221\0270\215\020^\211!^s\370\000\371\322"
  54      9117308D 
  54      105E8921 
  54      5E73F800 
  54      F9D2
  55 0179 B990DFFC 		.ascii	"\271\220\337\374\263\200\245x\253\221\365{\230\021d"
  55      B380A578 
  55      AB91F57B 
  55      981164
  56 0188 4B1770B0 		.ascii	"K\027p\260\267! \266\013M\354\034\327\2300\253\013X"
  56      B72120B6 
  56      0B4DEC1C 
  56      D79830AB 
  56      0B58
  57 019a F63F34EF 		.ascii	"\366?4\357\316\240y\257i\014\241\371 46m\302\363\207"
ARM GAS  C:\Users\Bruger\AppData\Local\Temp\ccESU7Zj.s 			page 4


  57      CEA079AF 
  57      690CA1F9 
  57      2034366D 
  57      C2F387
  58 01ad 1AC5402E 		.ascii	"\032\305@.9\313\305\345\027\310\221\303W\234\270\223"
  58      39CBC5E5 
  58      17C891C3 
  58      579CB893 
  59 01bd 6CED746E 		.ascii	"l\355tnF\233\023]\311\230\323\022iN\\\256o\271\032o"
  59      469B135D 
  59      C998D312 
  59      694E5CAE 
  59      6FB91A6F 
  60 01d1 77629D6D 		.ascii	"wb\235m\211\370\215\266\016'\031\255\213F\256\327\304"
  60      89F88DB6 
  60      0E2719AD 
  60      8B46AED7 
  60      C4
  61 01e2 E837C46D 		.ascii	"\3507\304m\035\264"
  61      1DB4
  62              		.text
  63              		.section	.gnu.lto_InjectionTimer_1_RestoreConfig.24c15fb0,"",%progbits
  64 0000 789C8D92 		.ascii	"x\234\215\222\317K\024a\030\307\237\3573\263\323\350"
  64      CF4B1461 
  64      18C79FEF 
  64      33B3D3E8 
  65 0010 7A904EB2 		.ascii	"z\220N\262\377\200Dl\342\241\213W\017\321!0\354(,\262"
  65      FF80446C 
  65      E2A18B57 
  65      0FD12130 
  65      EC282CB2 
  66 0024 CDC1A05D 		.ascii	"\315\301\240]X\354\2708#\033tJ\355\024\250\201\007\321"
  66      58ECB838 
  66      231B744A 
  66      ED14A881 
  66      07D1
  67 0036 F2576BFE 		.ascii	"\362Wk\376,\250%\210\350R,\021\205\210\036\\\241.\331"
  67      2CA82588 
  67      E8522C11 
  67      85881E5C 
  67      A12ED9
  68 0049 BA0719C4 		.ascii	"\272\007\031\304\354y\336\241C\266\212\003\357\363\314"
  68      EC79DEA1 
  68      43B68A03 
  68      EFF3CC
  69 0058 F3BEDFF9 		.ascii	"\363\276\337\371>\037\236y-\372\377I\310\332a\2426\311"
  69      3E1F9E79 
  69      2DFAFF49 
  69      C8DA61A2 
  69      36C9
  70 006a B0083CFC 		.ascii	"\260\010<\374\221(p\031\320\027\002\0150\006\360\203"
  70      91287019 
  70      D017020D 
  70      3006F083 
  71 007a AB8CE1D2 		.ascii	"\253\214\341\322\314\343x\353\244\357\373\277\006W["
  71      CCE378EB 
  71      A4EFFBBF 
ARM GAS  C:\Users\Bruger\AppData\Local\Temp\ccESU7Zj.s 			page 5


  71      06575B
  72 0089 EEB784F2 		.ascii	"\356\267\204\362Y\215#\033L\241\225DS-\034}\215;\005"
  72      598D231B 
  72      4CA19544 
  72      532D1C7D 
  72      8D3B05
  73 009c D1344767 		.ascii	"\3214Gg\230\206\003\311\013\027K\376\361qms\344[\307"
  73      988603C9 
  73      0B174BFE 
  73      F1716D73 
  73      E45BC7
  74 00af CD46A690 		.ascii	"\315F\246\220akp$\260\253\201\250\"K\233\356J!\331\332"
  74      616B7024 
  74      B0AB81A8 
  74      224B9BEE 
  74      4A21D9DA 
  75 00c3 C0E04A71 		.ascii	"\300\340Jqk$\246\026\007\254\004O>?\234\347\374\241"
  75      6B24A616 
  75      07AC044F 
  75      3E3F9CE7 
  75      FCA1
  76 00d5 FFC07743 		.ascii	"\377\300wC\266\216\324_v\267+\237\312\356w\226\035S"
  76      B68ED45F 
  76      76B72B9F 
  76      CAEE7796 
  76      1D53
  77 00e7 4E078531 		.ascii	"N\007\2051\214c4\360Ue\343)\362x\206\2049\373=;\264"
  77      8C6334F0 
  77      5565E329 
  77      F2788684 
  77      39FB3D3B 
  78 00fc E8242F87 		.ascii	"\350$/\207\034\303\214h\366\015=f\221\244M\330\332\207"
  78      1CC38C68 
  78      F60D3D66 
  78      91A44DD8 
  78      DA87
  79 010e 4E76716A 		.ascii	"Nvqj,\370\230C\236\204!\344\013\244X\325\355\262\025"
  79      2CF89843 
  79      9E8421E4 
  79      0BA458D5 
  79      EDB215
  80 0121 61D9A762 		.ascii	"a\331\247b\235\344\230\257\317\261`8tDx~6\207\370\242"
  80      9DE498AF 
  80      CFB16038 
  80      7444787E 
  80      3687F8A2 
  81 0135 6838ECBF 		.ascii	"h8\354\277\034\305\335j{\304\341\234\233c\261\036\207"
  81      1CC5DD6A 
  81      7BC4E19C 
  81      9B63B11E 
  81      87
  82 0146 8B1786C3 		.ascii	"\213\027\206\303\374\262%\341\330\300\333G\023m\352"
  82      FCB225E1 
  82      D8C0DB47 
  82      136DEA
  83 0155 2DB2776F 		.ascii	"-\262wo^\217\232\0117\014}\010|\373\237\2417\030\243"
  83      5E8F9A09 
ARM GAS  C:\Users\Bruger\AppData\Local\Temp\ccESU7Zj.s 			page 6


  83      370C7D08 
  83      7CFB9FA1 
  83      3718A3
  84 0168 E0E75E25 		.ascii	"\340\347^%\246M\012A\351R\310\215XF\002+\332\005\253"
  84      A64D0A41 
  84      E952C88D 
  84      5846022B 
  84      DA05AB
  85 017b 622C7C86 		.ascii	"b,|\206\267\274\207\010\327=7\356Z}\334u\203k)\356\313"
  85      B7BC8708 
  85      D73D37EE 
  85      5A7DDC75 
  85      836B29EE 
  86 0190 33C616AF 		.ascii	"3\306\026\257\251\006\257\314\330\244n\242-\004\245"
  86      A906AFCC 
  86      D8A46EA2 
  86      2D04A5
  87 019f 2FEFD9A8 		.ascii	"/\357\331\250I/\035\364\262I\363\3445/\343\345z\373"
  87      492F1DF4 
  87      B249F3E4 
  87      352FE3E5 
  87      7AFB
  88 01b1 BDDBA9EE 		.ascii	"\275\333\251\356\354\275\\\332\353\351\352\316v^\355"
  88      ECBD5CDA 
  88      EBE9EACE 
  88      765EED
  89 01c0 B99EB9E3 		.ascii	"\271\236\271\343\245\373\373\262\231[}w\275\\\252=\325"
  89      A5FBFBB2 
  89      995B7D77 
  89      BD5CAA3D 
  89      D5
  90 01d1 75E34A9A 		.ascii	"u\343J\232\376\000\271\215\017}"
  90      FE00B98D 
  90      0F7D
  91              		.text
  92              		.section	.gnu.lto_InjectionTimer_1_Sleep.24c15fb0,"",%progbits
  93 0000 789C8592 		.ascii	"x\234\205\222\317k\023A\024\307\337\367\315\356f\333"
  93      CF6B1341 
  93      14C7DFF7 
  93      CDEE66DB 
  94 0010 DA2A9E4A 		.ascii	"\332*\236J\377\201\236b\361\340Qz\350A\024\205B=\026"
  94      FF819E62 
  94      F1E0517A 
  94      E8411485 
  94      423D16
  95 0023 82C43D54 		.ascii	"\202\304=T0\221P\217\241\273\311\212E\250\026OA\255"
  95      3091508F 
  95      A1BBC98A 
  95      45A8164F 
  95      41AD
  96 0035 17515353 		.ascii	"\027QSS\333Z\177\201 ,=\226`)\245\010U\243\207\026\364"
  96      DB5A7F81 
  96      202C3D96 
  96      6029A508 
  96      55A38716 
  97 004a 9618A85D 		.ascii	"\226\030\250]J\215o6QKE]\230\235\2317\237\371~\277;"
  97      4A8D6F36 
ARM GAS  C:\Users\Bruger\AppData\Local\Temp\ccESU7Zj.s 			page 7


  97      514B455D 
  97      989D9937 
  97      9FF97EBF 
  98 005f B38AFE7C 		.ascii	"\263\212\376|\216K\273\304D}\322\303\"\360\344\033\""
  98      8E4BBBC4 
  98      447DD2C3 
  98      22F0E41B 
  98      22
  99 0070 CF6656DB 		.ascii	"\317fV\333]\344\266\033\205~r\017(\230\315\262\361s"
  99      5DE4B61B 
  99      857E720F 
  99      2898CDB2 
  99      F173
 100 0082 60027A40 		.ascii	"`\002z@\2401V\206\2111|\341\032c2(\025:z\357\273\256"
 100      A0315686 
 100      89317CE1 
 100      1A633228 
 100      153A7AEF 
 101 0098 5BCDAD76 		.ascii	"[\315\255v_\351\016E\271\316M'<D/\011S\363w\337vX\276"
 101      5FE90E45 
 101      B9CE4D27 
 101      3C442F09 
 101      53F377DF 
 102 00af 30879A6B 		.ascii	"0\207\232k(\302\202\364s\207\003\267\321\250\227o\216"
 102      28C282F4 
 102      738703B7 
 102      D1A8976F 
 102      8E
 103 00c0 F7719BA2 		.ascii	"\367q\233\242\220a\310K\210\015i\332mS&\322\253u,n]"
 103      9061C84B 
 103      880D69DA 
 103      6D5326D2 
 103      AB752C6E 
 104 00d5 AB4CBF82 		.ascii	"\253L\277\202\336\371\215\225\210N\334k\274V\2379d\265"
 104      DEF98D95 
 104      884EDC6B 
 104      BC569F39 
 104      64B5
 105 00e7 B3E4B986 		.ascii	"\263\344\271\206\366\371\270\261\274bG%\322\323O\305"
 105      F6F9B8B1 
 105      BC624725 
 105      D2D34FC5 
 106 00f7 771FEC29 		.ascii	"w\037\354)\334\366|\204l`\032=x\204\036q/a\012\264\216"
 106      DCF67C84 
 106      6C601A3D 
 106      78841E71 
 106      2F610AB4 
 107 010c 5CE56AD9 		.ascii	"\\\345j\331l\012\032\242Ik\360\313\371T\253\260WN\302"
 107      6C0A1AA2 
 107      496BF0CB 
 107      F954ABB0 
 107      574EC2
 108 011f 6046EF24 		.ascii	"`F\357$\235H\321v\227\004\312U\347\227\027;5-\350\335"
 108      9D48D176 
 108      9704CA55 
 108      E797173B 
 108      352DE8DD 
ARM GAS  C:\Users\Bruger\AppData\Local\Temp\ccESU7Zj.s 			page 8


 109 0133 D5EBB39C 		.ascii	"\325\353\263\234\335q\307];dsW\177\343^\0013\232\026"
 109      DD71C75D 
 109      3B647357 
 109      7FE35E01 
 109      339A16
 110 0146 3DFF0E74 		.ascii	"=\377\016t\036WS\026\036#\213Y-+k\337gn,X\361\222\034"
 110      1E575316 
 110      1E238B59 
 110      2D2B6BDF 
 110      676E2C58 
 111 015d 51703AE4 		.ascii	"Qp:\344\030\346\004\374\032\035#\346\021\027`\345\326"
 111      18E604FC 
 111      1A1D23E6 
 111      111760E5 
 111      D6
 112 016e 83FC41AD 		.ascii	"\203\374A\255\025\003\341I\024f\223\015*\364GQ\252k"
 112      1503E149 
 112      1466930D 
 112      2AF44751 
 112      AA6B
 113 0180 FF89B2DF 		.ascii	"\377\211\262\337{\341\037\336O\177{?\213\274\177}GL"
 113      7BE11FDE 
 113      4F7F7B3F 
 113      8BBC7F7D 
 113      474C
 114 0192 4ACF5BDE 		.ascii	"J\317[\336ft1\357\221\017jK\254\275i\277\271]g\271d"
 114      667431EF 
 114      910F6A4B 
 114      ACBD69BF 
 114      B95D67B9 
 115 01a7 BC40562E 		.ascii	"\274@V.\265\2154\272\325\3767R\237\361\313\026Y\201"
 115      B58D34BA 
 115      D5FE3752 
 115      9FF1CB16 
 115      5981
 116 01b9 1784A722 		.ascii	"\027\204\247\"\222\364\277\000m%@\374\204\223r2\347"
 116      92F4BF00 
 116      6D2540FC 
 116      84937232 
 116      E7
 117 01ca 469DF389 		.ascii	"F\235\363\211\241\364\345L\322\031\036\034J\017\034"
 117      A1F4E54C 
 117      D2191E1C 
 117      4A0F1C
 118 01d9 1B3E99BA 		.ascii	"\033>\231\272\340$GG\322\251\263#\027\235L\342hb\360"
 118      E0244747 
 118      D2A9B323 
 118      179D4CE2 
 118      6862F0
 119 01ec CC9124FD 		.ascii	"\314\221$\375\000G\262\364X"
 119      0047B2F4 
 119      58
 120              		.text
 121              		.section	.gnu.lto_InjectionTimer_1_Wakeup.24c15fb0,"",%progbits
 122 0000 789C7550 		.ascii	"x\234uP=HBQ\024>\347\274\347S\322!\232\242\301\325!"
 122      3D484251 
 122      143EE7BC 
ARM GAS  C:\Users\Bruger\AppData\Local\Temp\ccESU7Zj.s 			page 9


 122      E753D221 
 122      9AA2C1D5 
 123 0015 4C229A1B 		.ascii	"L\"\232\033\032\"\"\020l\024$\354\015\006)\210\265\211"
 123      1A222210 
 123      6C1424EC 
 123      0D062988 
 123      B589
 124 0027 F7E50B1A 		.ascii	"\367\345\013\032\242\244)\350g\010*KShh\260\305](\""
 124      A2A429E8 
 124      67082A4B 
 124      536868B0 
 124      C55D2822 
 125 003b 2AFA5F0C 		.ascii	"*\372_\014jKE\344!f\367>\203\240\350\302\345\334\373"
 125      6A4B45E4 
 125      2166F73E 
 125      83A0E8C2 
 125      E5DCFB
 126 004e 9DEF3BDF 		.ascii	"\235\357;\337\375\256\004\177\327\020\337\013\010\340"
 126      FDAE047F 
 126      D710DF0B 
 126      08E0
 127 005c E1152D80 		.ascii	"\341\025-\200\224:\007\320lDR\301\011\254K\276\361\000"
 127      943A07D0 
 127      6C4452C1 
 127      09AC4BBE 
 127      F100
 128 006e 73482877 		.ascii	"sH(w`\031Q\034\000!A\222\214\011|\247\012a\252\230\331"
 128      6019511C 
 128      00214192 
 128      8C097CA7 
 128      0A61AA98 
 129 0083 B0BBF618 		.ascii	"\260\273\366\030c\037\273O\275K\275\006\001\324\250"
 129      631FBB4F 
 129      BD4BBD06 
 129      01D4A8
 130 0092 331F0FD0 		.ascii	"3\037\017\320\005\234S\321[\267vE\347\234\356N\017\323"
 130      059C53D1 
 130      5BB77645 
 130      E79CEE4E 
 130      0FD3
 131 00a4 A8705FC8 		.ascii	"\250p_\310\367\024Y\273]\253\257\247GH\221\301 \016"
 131      F71459BB 
 131      5DABAFA7 
 131      474891C1 
 131      200E
 132 00b6 963941F8 		.ascii	"\2269A\370\274\022\211*=b\262\370P\"!\021\263v\256V"
 132      BC12892A 
 132      3D62B2F8 
 132      50222111 
 132      B376AE56 
 133 00ca 73146FB2 		.ascii	"s\024o\262ef3\210jB\201\207\030\347Z\011\356q\361\264"
 133      65663388 
 133      6A428187 
 133      18E75A09 
 133      EE71F1B4 
 134 00de D2A85A05 		.ascii	"\322\250Z\005\267A\362o\266\334\022\336\034})_\\\332"
 134      B741F26F 
ARM GAS  C:\Users\Bruger\AppData\Local\Temp\ccESU7Zj.s 			page 10


 134      B6DC12DE 
 134      1C7D295F 
 134      5CDA
 135 00f0 DE8823E6 		.ascii	"\336\210#\3465\255\351[\270\215\233\032\023,\013\036"
 135      35ADE95B 
 135      B88D9B1A 
 135      132C0B1E 
 136 0100 611C33D8 		.ascii	"a\0343\330g\366>\263k'\212\273\337 \005\263\234S5\223"
 136      67F63EB3 
 136      6B278ABB 
 136      DF2005B3 
 136      9C533593 
 137 0114 E131BAE1 		.ascii	"\3411\272\341\032\365\273\244\363\307J\333?[\261\212"
 137      1AF5BBA4 
 137      F3C74ADB 
 137      3F5BB18A 
 138 0124 A1E24539 		.ascii	"\241\342E9!\007\021B\202\202\323\314P/9\376\313\300"
 138      21071142 
 138      8282D3CC 
 138      502F39FE 
 138      CBC0
 139 0136 8762FE3B 		.ascii	"\207b\376;\203\320\310f\360g\324\212\315\011S\003\342"
 139      83D0C866 
 139      F067D48A 
 139      CD095303 
 139      E2
 140 0147 5B50A09C 		.ascii	"[P\240\234\352\036S\303jt:\246\316\004|\221\371hP\365"
 140      EA1E53C3 
 140      6A743AA6 
 140      CE047C91 
 140      F96850F5 
 141 015b 7B7D91D1 		.ascii	"{}\221\321a\377xxV\015\306B\221\360ThN\215\006\006\003"
 141      61FF7878 
 141      560DC642 
 141      91F05468 
 141      4E8D0606 
 142 0170 DEC98120 		.ascii	"\336\311\201 |\0015\334\226\351"
 142      7C0135DC 
 142      96E9
 143              		.text
 144              		.section	.gnu.lto_.symbol_nodes.24c15fb0,"",%progbits
 145 0000 789C55CA 		.ascii	"x\234U\312\261\015\3020\020\205\341\347;;v\342\024l"
 145      B10DC230 
 145      1085E1E7 
 145      3B3B76E2 
 145      146C
 146 0012 C012ECF7 		.ascii	"\300\022\354\367RX\324L\200\"\304\012l\220\232\031\000"
 146      5258D44C 
 146      8022C40A 
 146      6C909A19 
 146      00
 147 0023 A5CC0C88 		.ascii	"\245\314\014\2108i\216k~}O\247\000\016\016\373\211#"
 147      38698E6B 
 147      7E7D4FA7 
 147      000E0EFB 
 147      8923
 148 0035 70790224 		.ascii	"py\002$\256cB\000F\241\212\320\331Y\224\362gO\265v\221"
ARM GAS  C:\Users\Bruger\AppData\Local\Temp\ccESU7Zj.s 			page 11


 148      AE634200 
 148      46A18AD0 
 148      D95994F2 
 148      674FB576 
 149 004a 7E378661 		.ascii	"~7\206ae\303`\031\330Xv\214\226-\223ebk\231\331Y\366"
 149      65C36019 
 149      D858768C 
 149      962D9365 
 149      626B99D9 
 150 0060 CC868A88 		.ascii	"\314\206\212\210\373\353\353\024\015\346\255\001\363"
 150      FBEBEB14 
 150      0DE6AD01 
 150      F3
 151 006d 7BAD7498 		.ascii	"{\255t\230\252\245E\331\234P\316\313Q5c\252V\340S\353"
 151      AAA545D9 
 151      9C50CECB 
 151      513563AA 
 151      56E053EB 
 152 0081 05B7FAE7 		.ascii	"\005\267\372\347{\224\307\011?\177fFt"
 152      7B94C709 
 152      3F7F6646 
 152      74
 153              		.text
 154              		.section	.gnu.lto_.refs.24c15fb0,"",%progbits
 155 0000 789C258A 		.ascii	"x\234%\212\311\015\000 \014\200\240\255\307,\356?\240"
 155      C90D0020 
 155      0C80A0AD 
 155      C72CEE3F 
 155      A0
 156 0011 8DF22390 		.ascii	"\215\362#\220\300\341Shh\351\324]\321\212\211\003W\344"
 156      C0E15368 
 156      68E9D45D 
 156      D18A8903 
 156      57E4
 157 0023 0BC39E82 		.ascii	"\013\303\236\202\013\0205\000\202"
 157      0B103500 
 157      82
 158              		.text
 159              		.section	.gnu.lto_.decls.24c15fb0,"",%progbits
 160 0000 789C8D56 		.ascii	"x\234\215VkL\024W\024\236\273waaY\321h\252\015}\270"
 160      6B4C1457 
 160      149EBB77 
 160      616159D1 
 160      68AA0D7D 
 161 0015 D596B4C6 		.ascii	"\325\226\264\306\032\375a\343\277\232\030clcC\244\326"
 161      1AFD61E3 
 161      BF9A1863 
 161      6C6343A4 
 161      D6
 162 0026 349A1884 		.ascii	"4\232\030\204\251R-\320uib\322\244#\353\003\321\350"
 162      A9522DD0 
 162      756962D2 
 162      A423EB03 
 162      D1E8
 163 0038 4A11A8A8 		.ascii	"J\021\250\250]\344%\212\010\324\007/\225ED^\213\012"
 163      5DE4258A 
 163      08D4072F 
ARM GAS  C:\Users\Bruger\AppData\Local\Temp\ccESU7Zj.s 			page 12


 163      9545445E 
 163      8B0A
 164 004a 0882E52D 		.ascii	"\010\202\345-\017\241\322\345)V\303\366\334{g\330\031"
 164      0FA1D2E5 
 164      2956C3F6 
 164      DC7B67D8 
 164      19
 165 005b 77699DE4 		.ascii	"wi\235\344\333\335;\363\235\357|\347\334\307,\3468n"
 165      DBDD3BF3 
 165      9DEF7CE7 
 165      DCC72CE6 
 165      386E
 166 006d 0C719C03 		.ascii	"\014q\234\003\256\225Z\216\333\251\3428\017\270\027"
 166      AE955A8E 
 166      DBA9E238 
 166      0FB817
 167 007c C0392F1D 		.ascii	"\3009/\035 \013\220\015\310\001\344\001\012\001e\200"
 167      200B900D 
 167      C801E401 
 167      0A016580 
 168 008c 724015A0 		.ascii	"r@\025\240\026p\037P\007h\000\200$\367\224S^Dc\226\250"
 168      16701F50 
 168      07680080 
 168      24F79453 
 168      5E446396 
 169 00a1 AD07CC07 		.ascii	"\255\007\314\007\014\000J\001\203\200>\200\025`\007"
 169      0C004A01 
 169      83803E80 
 169      156007
 170 00b0 0C01AE01 		.ascii	"\014\001\256\001\206\001\371\0005\240\003\320\015\350"
 170      8601F900 
 170      35A003D0 
 170      0DE8
 171 00be 04B48BF7 		.ascii	"\004\264\213\367\262D\017e\242'wy\263\335\344\225\347"
 171      B2440F65 
 171      A2277779 
 171      B3DDE495 
 171      E7
 172 00cf 1B01D488 		.ascii	"\033\001\324\210\371\244\334\243\200\212\377\310\233"
 172      F9A4DCA3 
 172      808AFFC8 
 172      9B
 173 00dc 2DD65B2B 		.ascii	"-\326[+\326\357./\351\225V\314Kr\216\313\364\245\374"
 173      D6EF2E2F 
 173      E99556CC 
 173      4B728ECB 
 173      F4A5FC
 174 00ef 24E77340 		.ascii	"$\347s@\246\250\321\005\300bl\235X\237;m2\007\032\231"
 174      A6A8D105 
 174      C0626C9D 
 174      589F3B6D 
 174      32071A99 
 175 0103 B6A421D7 		.ascii	"\266\244!\327\225\353\345\211\236g\232\233a\025*\310"
 175      95EBE589 
 175      9E679A9B 
 175      61152AC8 
 176 0113 1EB3F9F4 		.ascii	"\036\263\371\364\253\220\257VO\206\205\261\025\211\236"
ARM GAS  C:\Users\Bruger\AppData\Local\Temp\ccESU7Zj.s 			page 13


 176      AB90AF56 
 176      4F8685B1 
 176      15899E
 177 0122 30D469D5 		.ascii	"0\324i\325dX\364\262\253A\275\340\244\000\227\331$\314"
 177      6458F4B2 
 177      AB41BDE0 
 177      A40097D9 
 177      24CC
 178 0134 51A380F9 		.ascii	"Q\243\200\371(\003\371\241\363\310\017\0243\321\002"
 178      2803F9A1 
 178      F3C80F14 
 178      33D102
 179 0143 F8DCA266 		.ascii	"\370\334\242fJ]qMg1V!\362;%\261\263A\273\364\002\204"
 179      4A5D714D 
 179      67315621 
 179      F23B25B1 
 179      B341BBF4 
 180 0159 450B2576 		.ascii	"E\013%v\354L\367p<.I\245?+t\344\330mW\232uB\205P\342"
 180      EC4CF770 
 180      3C2E49A5 
 180      3F2B74E4 
 180      D86D579A 
 181 0172 707C4EA5 		.ascii	"p|N\245\320\005\204\321E\264\2240\311o\032\202\262\220"
 181      D00584D1 
 181      45B49430 
 181      C96F1A82 
 181      B290
 182 0184 1EC21206 		.ascii	"\036\302\022\006Z/{\340@\252]\025\177\324\344M%,\371"
 182      5A2F7BE0 
 182      40AA5D15 
 182      7FD4E44D 
 182      252CF9
 183 0197 299E4C80 		.ascii	")\236L\200\306_\222\305_\222\342\263i\374\365W\307\037"
 183      C65F92C5 
 183      5F92E2B3 
 183      69FCF557 
 183      C71F
 184 01a9 E9B081C6 		.ascii	"\351\260\201\306'O\\i\305\020o\311\261$\246\311\343"
 184      274F5C69 
 184      C5106FC9 
 184      B124A6C9 
 184      E3
 185 01ba 2FCBE22F 		.ascii	"/\313\342/K\36194\276\335<\3723>\214h\374\323\244\342"
 185      4BF13934 
 185      BEDD3CFA 
 185      333E8C68 
 185      FCD3A4E2 
 186 01ce 13BE2C7E 		.ascii	"\023\276,~@\021\237+\213\317\225\342\363h|\343\255C"
 186      40119F2B 
 186      8BCF95E2 
 186      F3687CE3 
 186      AD43
 187 01e0 87BC7032 		.ascii	"\207\274p2\023\330\227^tT\003=\236\257\245-9V}\312\212"
 187      13D8975E 
 187      7454033D 
 187      9EAFA52D 
 187      39567DCA 
ARM GAS  C:\Users\Bruger\AppData\Local\Temp\ccESU7Zj.s 			page 14


 188 01f5 E9D0411E 		.ascii	"\351\320A\036\253\232\233\343^`\244\365\217\026\204"
 188      AB9A9BE3 
 188      5E60A4F5 
 188      8F1684
 189 0204 28C11E2B 		.ascii	"(\301\036+\340\2679\264\324\017}\342\307\241\353\310"
 189      E0B739B4 
 189      D40F7DE2 
 189      C7A1EBC8 
 190 0214 1F683409 		.ascii	"\037h4\011\272\002\323p\025\246!\025\232l\277w\340\346"
 190      BA02D370 
 190      15A62115 
 190      9A6CBF77 
 190      E0E6
 191 0226 17266135 		.ascii	"\027&a5\272\206\264\350\217i\0334\203\330\370\303\373"
 191      BA86B4E8 
 191      8F691B34 
 191      83D8F8C3 
 191      FB
 192 0237 73B07C22 		.ascii	"s\260|\"\011\3239\223\371\212\231\354\033\312L@\270"
 192      09D33993 
 192      F98A99EC 
 192      1BCA4C40 
 192      B8
 193 0248 92B93D5D 		.ascii	"\222\271=]`J\367 \355\026\354m\031\227\277=a2\247\012"
 193      604AF720 
 193      ED16EC6D 
 193      1997BF3D 
 193      6132A70A 
 194 025c 1D0EC742 		.ascii	"\035\016\307B\032\204\012d5\027H5\027\322\232\253\273"
 194      1A840A64 
 194      35174835 
 194      17D29AAB 
 194      BB
 195 026d 26477574 		.ascii	"&Gute\315!:\247\232z\3060]Y*2<32T\354\215\177S):\242"
 195      65CD213A 
 195      A79A7AC6 
 195      305D592A 
 195      323C3332 
 196 0289 671D4918 		.ascii	"g\035I\030\234\274\342E\207\016\007&-y\331\235\235\341"
 196      9CBCE245 
 196      870E0726 
 196      2D79D99D 
 196      9DE1
 197 029b 89FCB5AC 		.ascii	"\211\374\265\254\3264V\253\025*\270\341\254U/\326J\333"
 197      D63456AB 
 197      152AB8E1 
 197      AC552FD6 
 197      4ADB
 198 02ad 2698048F 		.ascii	"&\230\004\217\363\276\034*\202\012\213\241BT\002\235"
 198      F3BE1C2A 
 198      820A8BA1 
 198      4254029D 
 199 02bd D38B9DBB 		.ascii	"\323\213\235\273\0117o\301M\310\364\342\200\255]\321"
 199      09376FC1 
 199      4DC8F4E2 
 199      80AD5DD1 
 200 02cd 16ABA22D 		.ascii	"\026\253\242-\245\212\266\034\315\035\215\327a\013\263"
ARM GAS  C:\Users\Bruger\AppData\Local\Temp\ccESU7Zj.s 			page 15


 200      A58AB61C 
 200      CD1D8DD7 
 200      610BB3
 201 02dc 9C7ABE69 		.ascii	"\234z\276i\020\213m\351+\374Q\326\026\010B\267em\271"
 201      108B6DE9 
 201      2BFC51D6 
 201      160842B7 
 201      656DB9
 202 02ef 2DB5A58C 		.ascii	"-\265\245\214-\305\274\333e>\370\006S\211\312z\034\245"
 202      2DC5BCDB 
 202      653EF806 
 202      5389CA7A 
 202      1CA5
 203 0301 A32A1DD1 		.ascii	"\243*\035\321\207\312u\026i;\020\215;2\215;\222F9\325"
 203      87CA7516 
 203      693B108D 
 203      3B328D3B 
 203      924639D5 
 204 0315 301FB09A 		.ascii	"0\037\260\232\325j8\264\3514n\241[u\334\321\231\246"
 204      D56A38B4 
 204      E9346EA1 
 204      5B75DCD1 
 204      99A6
 205 0327 9A71AB56 		.ascii	"\232q\253V\320J\356\"\261\224\316\356\\\263\00673\023"
 205      D04AEE22 
 205      B194CEEE 
 205      5CB30637 
 205      3313
 206 0339 D1F5519D 		.ascii	"\321\365Q\235\263\231\211\233=2\023\020\203*e&*%\023"
 206      B399899B 
 206      3D321310 
 206      832A6526 
 206      2A2513
 207 034c 55D44471 		.ascii	"U\324Dq\352\300\220\0175a\2356\321~u\342\272vF\0235"
 207      EAC0900F 
 207      35619D36 
 207      D17E75E2 
 207      BA764613 
 208 0361 D444B564 		.ascii	"\324D\265d\"\345\222\355\202\012;\230\211\264'f\207"
 208      22E592ED 
 208      820A3B98 
 208      89B42766 
 208      87
 209 0372 1733F14F 		.ascii	"\0273\361O\332]\247\011\210A6\231\011\233d\242\226\232"
 209      DA5DA709 
 209      88413699 
 209      099B64A2 
 209      969A
 210 0384 3857D9DA 		.ascii	"8W\331\332\211\361\031L5\252'z\177\3250\215\251\264"
 210      89F1194C 
 210      35AA277A 
 210      7FD5308D 
 210      A9B4
 211 0396 72A5C63D 		.ascii	"r\245\306=\231\306=I\343>\325\230\030k\332\247\301\205"
 211      99C63D49 
 211      E33ED598 
 211      186BDAA7 
ARM GAS  C:\Users\Bruger\AppData\Local\Temp\ccESU7Zj.s 			page 16


 211      C185
 212 03a8 4CA32573 		.ascii	"L\243%s\240\215-w\313\305\264\203z\331\366~ Sx )\324"
 212      A08D2D77 
 212      CBC5B483 
 212      7AD9F67E 
 212      20537820 
 213 03be 51851735 		.ascii	"Q\205\0275\305\015^\370>S\350M\255k\365a.\212\356\362"
 213      C50D5EF8 
 213      3E53E84D 
 213      AD6BF561 
 213      2E8AEEF2 
 214 03d2 A5FB8557 		.ascii	"\245\373\205Wd\025S\211z\231D\275$\321@%\362R\322\256"
 214      64155389 
 214      7A9944BD 
 214      24D14025 
 214      F252D2AE 
 215 03e6 79D3DDB2 		.ascii	"y\323\335\262\232.\257\223\361Y\036t\267x\221a|\211"
 215      9A2EAF93 
 215      F1591E74 
 215      B7789161 
 215      7C89
 216 03f8 696A16EE 		.ascii	"ij\026\356g\011\342\352\257\026\373\340\203j:\250\315"
 216      6709E2EA 
 216      AF16FBE0 
 216      836A3AA8 
 216      CD
 217 0409 6A74F8E0 		.ascii	"jt\370\340\223l\360d8\343\234\006\237f\203\3757\322"
 217      936CF064 
 217      38E39C06 
 217      9F6683FD 
 217      37D2
 218 041b 618ED3D9 		.ascii	"a\216\323\331\240\375y{\251\206\312/\247S>e\313Q\343"
 218      A0FD797B 
 218      A986CA2F 
 218      A7533E65 
 218      CB51E3
 219 042e 02F66C5F 		.ascii	"\002\366l_\311\245z\366l\025\0145UY)S\032\264\210\\"
 219      C9A57AF6 
 219      6C150C35 
 219      55592953 
 219      1AB4885C 
 220 0442 F3FC2DB0 		.ascii	"\363\374-\260\233:\216\365T\371\010\211\313\351bk\205"
 220      9B3A8EF5 
 220      54F90889 
 220      CBE9626B 
 220      85
 221 0453 129EA079 		.ascii	"\022\236\240y\322\211\3641\231\32762\273\034\245\016"
 221      D289F431 
 221      99D73632 
 221      BB1CA50E 
 222 0463 9A8EE884 		.ascii	"\232\216\350\204\363\313\351\222h\021\251\323\233\220"
 222      F3CBE992 
 222      6811A9D3 
 222      9B90
 223 0471 92339CE4 		.ascii	"\2223\234\344\241n\247\356c7\272\177:\251m\335\345\323"
 223      A16EA7EE 
 223      6337BA7F 
ARM GAS  C:\Users\Bruger\AppData\Local\Temp\ccESU7Zj.s 			page 17


 223      3AA96DDD 
 223      E5D3
 224 0483 D4476EA8 		.ascii	"\324Gn\250K\246\231OM1\323\016\232\335:(\242\262'\350"
 224      4BA6994F 
 224      4D31D30E 
 224      9ADD3A28 
 224      A2B227E8 
 225 0497 22B508AB 		.ascii	"\"\265\010\253\015\034z\010\317\033\351\022%l\230!\324"
 225      0D1C7A08 
 225      CF1BE912 
 225      256C9821 
 225      D4
 226 04a8 03E74517 		.ascii	"\003\347E\027Z\204\272\001\035\200N@;ZDg\214\234B\035"
 226      5A84BA01 
 226      1D804E40 
 226      3B5A4467 
 226      8C9C421D 
 227 04bc 8F533C05 		.ascii	"\217S<\005D\350\2344\243\322Q\253Jh,-\367@\376\363("
 227      44E89C34 
 227      A3D251AB 
 227      4A682C2D 
 227      F740FEF3 
 228 04d1 2F69AD17 		.ascii	"/i\255\027\352\003\321&\347IE\202\350\345\316\002\352"
 228      EA03D126 
 228      E7494582 
 228      E8E5CE02 
 228      EA
 229 04e2 85CC6FE2 		.ascii	"\205\314o\342\202l\371X\323\357>\270\206\315\342\271"
 229      826CF958 
 229      D3EF3EB8 
 229      86CDE2B9 
 230 04f2 928E16BC 		.ascii	"\222\216\026\2748Y\020,v\333\243|\325>\301\002\307 "
 230      3859102C 
 230      76DBA37C 
 230      D53EC102 
 230      C720
 231 0504 59BB347D 		.ascii	"Y\2734}?K/\253\264\237\255?\364\024-\206\350g]\027\314"
 231      3F4B2FAB 
 231      B49FAD3F 
 231      F4142D86 
 231      E8675D17 
 232 0519 9EBA1872 		.ascii	"\236\272\030rv\302\306\365\256\360\245G\220s\353\016"
 232      76C2C6F5 
 232      AEF0A547 
 232      9073EB0E 
 233 0529 201D65C3 		.ascii	" \035e\3037Yg\225\023\371\032\005\233\344p\262\007E"
 233      37596795 
 233      13F91A05 
 233      9BE470B2 
 233      0745
 234 053b F620650B 		.ascii	"\366 e\013\011GR\275\360\023f\363\352DL\301,m49\241"
 234      094752BD 
 234      F01366F3 
 234      EA444CC1 
 234      2C6D3439 
 235 0550 FFFFDD06 		.ascii	"\377\377\335\006\315l\250\215i\364fo\303\327#\376\236"
 235      CD6CA88D 
ARM GAS  C:\Users\Bruger\AppData\Local\Temp\ccESU7Zj.s 			page 18


 235      69F4666F 
 235      C3D723FE 
 235      9E
 236 0561 F16D7867 		.ascii	"\361mxg\344\313\375\360\206\030\202%\360\227\263\357"
 236      E4CBFDF0 
 236      86188225 
 236      F097B3EF 
 237 0571 CF90EC75 		.ascii	"\317\220\354u\330u\312\246ST0\2448\371\355b\005vZ\301"
 237      D875CAA6 
 237      535430A4 
 237      38F9ED62 
 237      05765AC1 
 238 0585 647267EF 		.ascii	"drg\357l\005;_\321\235a\221=L\331-\205\326\326Y\012"
 238      6C053B5F 
 238      D19D6191 
 238      3D4CD92D 
 238      85D6D659 
 239 059a 768D823D 		.ascii	"v\215\202=\"\262G(\333\034\233t\323[\301\256P\260GE"
 239      22B24728 
 239      DB1C9B74 
 239      D35BC1AE 
 239      50B04745 
 240 05ae F6286163 		.ascii	"\366(ack\206\265E\213\374\264~\211\360\317jr!\032\207"
 240      6B86B545 
 240      8BFCB47E 
 240      89F0CF6A 
 240      72211A87 
 241 05c2 9AA2C932 		.ascii	"\232\242\3112\262G\0118\321W\352\015G\037ph\002d\306"
 241      B2470938 
 241      D157EA0D 
 241      471F7068 
 241      0264C6
 242 05d5 4086B04B 		.ascii	"@\206\260K\372\035\216_\034\354:\256\241\004\362\001"
 242      FA1D8E5F 
 242      1CEC3AAE 
 242      A104F201 
 243 05e5 16DA124B 		.ascii	"\026\332\022Kb\324\012\013\231\012\013\317\221N\352"
 243      62D40A0B 
 243      990A0BCF 
 243      914EEA
 244 05f4 21FCE4DE 		.ascii	"!\374\344\336Y\037\366=\037l\014\015\017\373:\364\007"
 244      591FF63D 
 244      1F6C0C0D 
 244      0FFB3AF4 
 244      07
 245 0605 DEB06DC5 		.ascii	"\336\260m\305\266\300\240\237\3705\341a\337\205\356"
 245      B6C0A09F 
 245      F835E161 
 245      DF85EE
 246 0614 F05CF7D5 		.ascii	"\360\\\367\325&\375\032\356\323u|\030o\0102\362!\333"
 246      26FD1AEE 
 246      D3757C18 
 246      6F0832F2 
 246      21DB
 247 0626 02C3230D 		.ascii	"\002\303#\015\301\374\326\200\300\3605+\267\272D\006"
 247      C1FCD680 
 247      C0F0352B 
ARM GAS  C:\Users\Bruger\AppData\Local\Temp\ccESU7Zj.s 			page 19


 247      B7BA4406 
 248 0636 6C5816CC 		.ascii	"lX\026\314\275\357r{#\277\307\030n\0205\347\273\346"
 248      BDEF727B 
 248      23BFC718 
 248      6E1035E7 
 248      BBE6
 249 0648 DBCDF311 		.ascii	"\333\315\363\021\013\\no\016\332\305GFxD\206\206\031"
 249      0B5C6E6F 
 249      0EDAC547 
 249      46784486 
 249      8619
 250 065a 577D3083 		.ascii	"W}0\203\203\340\275\306\275\021\374\236e;\271\017\335"
 250      83E0BDC6 
 250      BD11FC9E 
 250      653BB90F 
 250      DD
 251 066b 640D0A81 		.ascii	"d\015\012\201\224FC\370\356\215\374\216\320=F\336\260"
 251      944643F8 
 251      EE8DFC8E 
 251      D03D46DE 
 251      B0
 252 067c E40D0B01 		.ascii	"\344\015\013\001=O\222w\305g\357\316 \033\031\006r\256"
 252      3D4F9277 
 252      C567EFCE 
 252      201B1906 
 252      72AE
 253 068e AD230F03 		.ascii	"\255#\017\003xChx\310G\256\365\030B\215\374k\206\336"
 253      78436878 
 253      C847AEF5 
 253      18428DFC 
 253      6B86DE
 254 06a1 9B8945F5 		.ascii	"\233\211E\365]\223\323\247,\301[\256}4\206\273i\343"
 254      5D93D3A7 
 254      2CC15BAE 
 254      7D3486BB 
 254      69E3
 255 06b3 DAB0A0ED 		.ascii	"\332\260\240\355\273y\327D\333\203\202wEF\004\032\015"
 255      BB79D744 
 255      DB838277 
 255      4546041A 
 255      0D
 256 06c4 91C146DF 		.ascii	"\221\301F\337\200\315\033\030/\320\010\335\361\204\341"
 256      80CD1B18 
 256      2FD008DD 
 256      F184E1
 257 06d3 A690EDDE 		.ascii	"\246\220\355\336\360\305r\315]O\354\030\"#\214\033\202"
 257      F0C572CD 
 257      5D4FEC18 
 257      22238C1B 
 257      82
 258 06e4 F6ECFA26 		.ascii	"\366\354\372&hw$?\027\036\276V\214kn\226Cm\340w\254"
 258      6877243F 
 258      171EBE56 
 258      8C6B6E96 
 258      436DE077 
 259 06f9 FA179FDB 		.ascii	"\372\027\237\333Q\315"
 259      51CD
ARM GAS  C:\Users\Bruger\AppData\Local\Temp\ccESU7Zj.s 			page 20


 260              		.text
 261              		.section	.gnu.lto_.symtab.24c15fb0,"",%progbits
 262 0000 496E6A65 		.ascii	"InjectionTimer_1_SaveConfig\000\000\000\000\000\000"
 262      6374696F 
 262      6E54696D 
 262      65725F31 
 262      5F536176 
 263 0021 00000000 		.ascii	"\000\000\000\000\000\000\254\000\000\000InjectionTi"
 263      0000AC00 
 263      0000496E 
 263      6A656374 
 263      696F6E54 
 264 0036 6D65725F 		.ascii	"mer_1_RestoreConfig\000\000\000\000\000\000\000\000"
 264      315F5265 
 264      73746F72 
 264      65436F6E 
 264      66696700 
 265 0051 00000000 		.ascii	"\000\000\000\000\256\000\000\000InjectionTimer_1_Sl"
 265      AE000000 
 265      496E6A65 
 265      6374696F 
 265      6E54696D 
 266 006c 65657000 		.ascii	"eep\000\000\000\000\000\000\000\000\000\000\000\000"
 266      00000000 
 266      00000000 
 266      000000
 267 007b B0000000 		.ascii	"\260\000\000\000InjectionTimer_1_Wakeup\000\000\000"
 267      496E6A65 
 267      6374696F 
 267      6E54696D 
 267      65725F31 
 268 0099 00000000 		.ascii	"\000\000\000\000\000\000\000\000\000\262\000\000\000"
 268      00000000 
 268      00B20000 
 268      00
 269 00a6 496E6A65 		.ascii	"InjectionTimer_1_ReadControlRegister\000\000\002\000"
 269      6374696F 
 269      6E54696D 
 269      65725F31 
 269      5F526561 
 270 00ce 00000000 		.ascii	"\000\000\000\000\000\000\000\000\272\000\000\000Inj"
 270      00000000 
 270      BA000000 
 270      496E6A
 271 00dd 65637469 		.ascii	"ectionTimer_1_ReadCounter\000\000\002\000\000\000\000"
 271      6F6E5469 
 271      6D65725F 
 271      315F5265 
 271      6164436F 
 272 00fd 00000000 		.ascii	"\000\000\000\000\000\304\000\000\000InjectionTimer_"
 272      00C40000 
 272      00496E6A 
 272      65637469 
 272      6F6E5469 
 273 0115 315F5265 		.ascii	"1_ReadPeriod\000\000\002\000\000\000\000\000\000\000"
 273      61645065 
 273      72696F64 
ARM GAS  C:\Users\Bruger\AppData\Local\Temp\ccESU7Zj.s 			page 21


 273      00000200 
 273      00000000 
 274 012b 0000C600 		.ascii	"\000\000\306\000\000\000InjectionTimer_1_WriteContr"
 274      0000496E 
 274      6A656374 
 274      696F6E54 
 274      696D6572 
 275 014c 6F6C5265 		.ascii	"olRegister\000\000\002\000\000\000\000\000\000\000\000"
 275      67697374 
 275      65720000 
 275      02000000 
 275      00000000 
 276 0161 00CA0000 		.ascii	"\000\312\000\000\000InjectionTimer_1_WriteCounter\000"
 276      00496E6A 
 276      65637469 
 276      6F6E5469 
 276      6D65725F 
 277 0184 00020000 		.ascii	"\000\002\000\000\000\000\000\000\000\000\000\316\000"
 277      00000000 
 277      000000CE 
 277      00
 278 0191 0000496E 		.ascii	"\000\000InjectionTimer_1_WritePeriod\000\000\002\000"
 278      6A656374 
 278      696F6E54 
 278      696D6572 
 278      5F315F57 
 279 01b3 00000000 		.ascii	"\000\000\000\000\000\000\000\000\320\000\000\000Inj"
 279      00000000 
 279      D0000000 
 279      496E6A
 280 01c2 65637469 		.ascii	"ectionTimer_1_Stop\000\000\002\000\000\000\000\000\000"
 280      6F6E5469 
 280      6D65725F 
 280      315F5374 
 280      6F700000 
 281 01dd 000000D2 		.ascii	"\000\000\000\322\000\000\000InjectionTimer_1_Enable"
 281      00000049 
 281      6E6A6563 
 281      74696F6E 
 281      54696D65 
 282 01fb 00000200 		.ascii	"\000\000\002\000\000\000\000\000\000\000\000\000\324"
 282      00000000 
 282      00000000 
 282      D4
 283 0208 000000   		.ascii	"\000\000\000"
 284              		.text
 285              		.section	.gnu.lto_.opts,"",%progbits
 286 0000 272D666E 		.ascii	"'-fno-trapv' '-mcpu=cortex-m3' '-mthumb' '-g' '-O3'"
 286      6F2D7472 
 286      61707627 
 286      20272D6D 
 286      6370753D 
 287 0033 20272D66 		.ascii	" '-ffunction-sections' '-finline-functions' '-flto'"
 287      66756E63 
 287      74696F6E 
 287      2D736563 
 287      74696F6E 
ARM GAS  C:\Users\Bruger\AppData\Local\Temp\ccESU7Zj.s 			page 22


 288 0066 20272D66 		.ascii	" '-ffat-lto-objects'\000"
 288      6661742D 
 288      6C746F2D 
 288      6F626A65 
 288      63747327 
 289              		.text
 290              		.cfi_sections	.debug_frame
 291              		.section	.text.InjectionTimer_1_SaveConfig,"ax",%progbits
 292              		.align	2
 293              		.global	InjectionTimer_1_SaveConfig
 294              		.thumb
 295              		.thumb_func
 296              		.type	InjectionTimer_1_SaveConfig, %function
 297              	InjectionTimer_1_SaveConfig:
 298              	.LFB0:
 299              		.file 1 "Generated_Source\\PSoC5\\InjectionTimer_1_PM.c"
   1:Generated_Source\PSoC5/InjectionTimer_1_PM.c **** /*******************************************************************************
   2:Generated_Source\PSoC5/InjectionTimer_1_PM.c **** * File Name: InjectionTimer_1_PM.c
   3:Generated_Source\PSoC5/InjectionTimer_1_PM.c **** * Version 3.30
   4:Generated_Source\PSoC5/InjectionTimer_1_PM.c **** *
   5:Generated_Source\PSoC5/InjectionTimer_1_PM.c **** * Description:
   6:Generated_Source\PSoC5/InjectionTimer_1_PM.c **** *  This file provides the power management source code to API for the
   7:Generated_Source\PSoC5/InjectionTimer_1_PM.c **** *  PWM.
   8:Generated_Source\PSoC5/InjectionTimer_1_PM.c **** *
   9:Generated_Source\PSoC5/InjectionTimer_1_PM.c **** * Note:
  10:Generated_Source\PSoC5/InjectionTimer_1_PM.c **** *
  11:Generated_Source\PSoC5/InjectionTimer_1_PM.c **** ********************************************************************************
  12:Generated_Source\PSoC5/InjectionTimer_1_PM.c **** * Copyright 2008-2014, Cypress Semiconductor Corporation.  All rights reserved.
  13:Generated_Source\PSoC5/InjectionTimer_1_PM.c **** * You may use this file only in accordance with the license, terms, conditions,
  14:Generated_Source\PSoC5/InjectionTimer_1_PM.c **** * disclaimers, and limitations in the end user license agreement accompanying
  15:Generated_Source\PSoC5/InjectionTimer_1_PM.c **** * the software package with which this file was provided.
  16:Generated_Source\PSoC5/InjectionTimer_1_PM.c **** *******************************************************************************/
  17:Generated_Source\PSoC5/InjectionTimer_1_PM.c **** 
  18:Generated_Source\PSoC5/InjectionTimer_1_PM.c **** #include "InjectionTimer_1.h"
  19:Generated_Source\PSoC5/InjectionTimer_1_PM.c **** 
  20:Generated_Source\PSoC5/InjectionTimer_1_PM.c **** static InjectionTimer_1_backupStruct InjectionTimer_1_backup;
  21:Generated_Source\PSoC5/InjectionTimer_1_PM.c **** 
  22:Generated_Source\PSoC5/InjectionTimer_1_PM.c **** 
  23:Generated_Source\PSoC5/InjectionTimer_1_PM.c **** /*******************************************************************************
  24:Generated_Source\PSoC5/InjectionTimer_1_PM.c **** * Function Name: InjectionTimer_1_SaveConfig
  25:Generated_Source\PSoC5/InjectionTimer_1_PM.c **** ********************************************************************************
  26:Generated_Source\PSoC5/InjectionTimer_1_PM.c **** *
  27:Generated_Source\PSoC5/InjectionTimer_1_PM.c **** * Summary:
  28:Generated_Source\PSoC5/InjectionTimer_1_PM.c **** *  Saves the current user configuration of the component.
  29:Generated_Source\PSoC5/InjectionTimer_1_PM.c **** *
  30:Generated_Source\PSoC5/InjectionTimer_1_PM.c **** * Parameters:
  31:Generated_Source\PSoC5/InjectionTimer_1_PM.c **** *  None
  32:Generated_Source\PSoC5/InjectionTimer_1_PM.c **** *
  33:Generated_Source\PSoC5/InjectionTimer_1_PM.c **** * Return:
  34:Generated_Source\PSoC5/InjectionTimer_1_PM.c **** *  None
  35:Generated_Source\PSoC5/InjectionTimer_1_PM.c **** *
  36:Generated_Source\PSoC5/InjectionTimer_1_PM.c **** * Global variables:
  37:Generated_Source\PSoC5/InjectionTimer_1_PM.c **** *  InjectionTimer_1_backup:  Variables of this global structure are modified to
  38:Generated_Source\PSoC5/InjectionTimer_1_PM.c **** *  store the values of non retention configuration registers when Sleep() API is
  39:Generated_Source\PSoC5/InjectionTimer_1_PM.c **** *  called.
  40:Generated_Source\PSoC5/InjectionTimer_1_PM.c **** *
  41:Generated_Source\PSoC5/InjectionTimer_1_PM.c **** *******************************************************************************/
ARM GAS  C:\Users\Bruger\AppData\Local\Temp\ccESU7Zj.s 			page 23


  42:Generated_Source\PSoC5/InjectionTimer_1_PM.c **** void InjectionTimer_1_SaveConfig(void) 
  43:Generated_Source\PSoC5/InjectionTimer_1_PM.c **** {
 300              		.loc 1 43 0
 301              		.cfi_startproc
 302              		@ args = 0, pretend = 0, frame = 0
 303              		@ frame_needed = 0, uses_anonymous_args = 0
 304 0000 10B5     		push	{r4, lr}
 305              		.cfi_def_cfa_offset 8
 306              		.cfi_offset 4, -8
 307              		.cfi_offset 14, -4
  44:Generated_Source\PSoC5/InjectionTimer_1_PM.c **** 
  45:Generated_Source\PSoC5/InjectionTimer_1_PM.c ****     #if(!InjectionTimer_1_UsingFixedFunction)
  46:Generated_Source\PSoC5/InjectionTimer_1_PM.c ****         #if(!InjectionTimer_1_PWMModeIsCenterAligned)
  47:Generated_Source\PSoC5/InjectionTimer_1_PM.c ****             InjectionTimer_1_backup.PWMPeriod = InjectionTimer_1_ReadPeriod();
 308              		.loc 1 47 0
 309 0002 FFF7FEFF 		bl	InjectionTimer_1_ReadPeriod
 310              	.LVL0:
 311 0006 064C     		ldr	r4, .L3
 312 0008 A080     		strh	r0, [r4, #4]	@ movhi
  48:Generated_Source\PSoC5/InjectionTimer_1_PM.c ****         #endif /* (!InjectionTimer_1_PWMModeIsCenterAligned) */
  49:Generated_Source\PSoC5/InjectionTimer_1_PM.c ****         InjectionTimer_1_backup.PWMUdb = InjectionTimer_1_ReadCounter();
 313              		.loc 1 49 0
 314 000a FFF7FEFF 		bl	InjectionTimer_1_ReadCounter
 315              	.LVL1:
  50:Generated_Source\PSoC5/InjectionTimer_1_PM.c ****         #if (InjectionTimer_1_UseStatus)
  51:Generated_Source\PSoC5/InjectionTimer_1_PM.c ****             InjectionTimer_1_backup.InterruptMaskValue = InjectionTimer_1_STATUS_MASK;
 316              		.loc 1 51 0
 317 000e 054B     		ldr	r3, .L3+4
  49:Generated_Source\PSoC5/InjectionTimer_1_PM.c ****         #if (InjectionTimer_1_UseStatus)
 318              		.loc 1 49 0
 319 0010 6080     		strh	r0, [r4, #2]	@ movhi
 320              		.loc 1 51 0
 321 0012 1B78     		ldrb	r3, [r3]	@ zero_extendqisi2
 322 0014 A371     		strb	r3, [r4, #6]
  52:Generated_Source\PSoC5/InjectionTimer_1_PM.c ****         #endif /* (InjectionTimer_1_UseStatus) */
  53:Generated_Source\PSoC5/InjectionTimer_1_PM.c **** 
  54:Generated_Source\PSoC5/InjectionTimer_1_PM.c ****         #if(InjectionTimer_1_DeadBandMode == InjectionTimer_1__B_PWM__DBM_256_CLOCKS || \
  55:Generated_Source\PSoC5/InjectionTimer_1_PM.c ****             InjectionTimer_1_DeadBandMode == InjectionTimer_1__B_PWM__DBM_2_4_CLOCKS)
  56:Generated_Source\PSoC5/InjectionTimer_1_PM.c ****             InjectionTimer_1_backup.PWMdeadBandValue = InjectionTimer_1_ReadDeadTime();
  57:Generated_Source\PSoC5/InjectionTimer_1_PM.c ****         #endif /*  deadband count is either 2-4 clocks or 256 clocks */
  58:Generated_Source\PSoC5/InjectionTimer_1_PM.c **** 
  59:Generated_Source\PSoC5/InjectionTimer_1_PM.c ****         #if(InjectionTimer_1_KillModeMinTime)
  60:Generated_Source\PSoC5/InjectionTimer_1_PM.c ****              InjectionTimer_1_backup.PWMKillCounterPeriod = InjectionTimer_1_ReadKillTime();
  61:Generated_Source\PSoC5/InjectionTimer_1_PM.c ****         #endif /* (InjectionTimer_1_KillModeMinTime) */
  62:Generated_Source\PSoC5/InjectionTimer_1_PM.c **** 
  63:Generated_Source\PSoC5/InjectionTimer_1_PM.c ****         #if(InjectionTimer_1_UseControl)
  64:Generated_Source\PSoC5/InjectionTimer_1_PM.c ****             InjectionTimer_1_backup.PWMControlRegister = InjectionTimer_1_ReadControlRegister();
 323              		.loc 1 64 0
 324 0016 FFF7FEFF 		bl	InjectionTimer_1_ReadControlRegister
 325              	.LVL2:
 326 001a E071     		strb	r0, [r4, #7]
 327 001c 10BD     		pop	{r4, pc}
 328              	.L4:
 329 001e 00BF     		.align	2
 330              	.L3:
 331 0020 00000000 		.word	.LANCHOR0
 332 0024 8F640040 		.word	1073767567
ARM GAS  C:\Users\Bruger\AppData\Local\Temp\ccESU7Zj.s 			page 24


 333              		.cfi_endproc
 334              	.LFE0:
 335              		.size	InjectionTimer_1_SaveConfig, .-InjectionTimer_1_SaveConfig
 336              		.section	.text.InjectionTimer_1_RestoreConfig,"ax",%progbits
 337              		.align	2
 338              		.global	InjectionTimer_1_RestoreConfig
 339              		.thumb
 340              		.thumb_func
 341              		.type	InjectionTimer_1_RestoreConfig, %function
 342              	InjectionTimer_1_RestoreConfig:
 343              	.LFB1:
  65:Generated_Source\PSoC5/InjectionTimer_1_PM.c ****         #endif /* (InjectionTimer_1_UseControl) */
  66:Generated_Source\PSoC5/InjectionTimer_1_PM.c ****     #endif  /* (!InjectionTimer_1_UsingFixedFunction) */
  67:Generated_Source\PSoC5/InjectionTimer_1_PM.c **** }
  68:Generated_Source\PSoC5/InjectionTimer_1_PM.c **** 
  69:Generated_Source\PSoC5/InjectionTimer_1_PM.c **** 
  70:Generated_Source\PSoC5/InjectionTimer_1_PM.c **** /*******************************************************************************
  71:Generated_Source\PSoC5/InjectionTimer_1_PM.c **** * Function Name: InjectionTimer_1_RestoreConfig
  72:Generated_Source\PSoC5/InjectionTimer_1_PM.c **** ********************************************************************************
  73:Generated_Source\PSoC5/InjectionTimer_1_PM.c **** *
  74:Generated_Source\PSoC5/InjectionTimer_1_PM.c **** * Summary:
  75:Generated_Source\PSoC5/InjectionTimer_1_PM.c **** *  Restores the current user configuration of the component.
  76:Generated_Source\PSoC5/InjectionTimer_1_PM.c **** *
  77:Generated_Source\PSoC5/InjectionTimer_1_PM.c **** * Parameters:
  78:Generated_Source\PSoC5/InjectionTimer_1_PM.c **** *  None
  79:Generated_Source\PSoC5/InjectionTimer_1_PM.c **** *
  80:Generated_Source\PSoC5/InjectionTimer_1_PM.c **** * Return:
  81:Generated_Source\PSoC5/InjectionTimer_1_PM.c **** *  None
  82:Generated_Source\PSoC5/InjectionTimer_1_PM.c **** *
  83:Generated_Source\PSoC5/InjectionTimer_1_PM.c **** * Global variables:
  84:Generated_Source\PSoC5/InjectionTimer_1_PM.c **** *  InjectionTimer_1_backup:  Variables of this global structure are used to
  85:Generated_Source\PSoC5/InjectionTimer_1_PM.c **** *  restore the values of non retention registers on wakeup from sleep mode.
  86:Generated_Source\PSoC5/InjectionTimer_1_PM.c **** *
  87:Generated_Source\PSoC5/InjectionTimer_1_PM.c **** *******************************************************************************/
  88:Generated_Source\PSoC5/InjectionTimer_1_PM.c **** void InjectionTimer_1_RestoreConfig(void) 
  89:Generated_Source\PSoC5/InjectionTimer_1_PM.c **** {
 344              		.loc 1 89 0
 345              		.cfi_startproc
 346              		@ args = 0, pretend = 0, frame = 0
 347              		@ frame_needed = 0, uses_anonymous_args = 0
 348 0000 10B5     		push	{r4, lr}
 349              		.cfi_def_cfa_offset 8
 350              		.cfi_offset 4, -8
 351              		.cfi_offset 14, -4
  90:Generated_Source\PSoC5/InjectionTimer_1_PM.c ****         #if(!InjectionTimer_1_UsingFixedFunction)
  91:Generated_Source\PSoC5/InjectionTimer_1_PM.c ****             #if(!InjectionTimer_1_PWMModeIsCenterAligned)
  92:Generated_Source\PSoC5/InjectionTimer_1_PM.c ****                 InjectionTimer_1_WritePeriod(InjectionTimer_1_backup.PWMPeriod);
 352              		.loc 1 92 0
 353 0002 074C     		ldr	r4, .L7
 354 0004 A088     		ldrh	r0, [r4, #4]
 355 0006 FFF7FEFF 		bl	InjectionTimer_1_WritePeriod
 356              	.LVL3:
  93:Generated_Source\PSoC5/InjectionTimer_1_PM.c ****             #endif /* (!InjectionTimer_1_PWMModeIsCenterAligned) */
  94:Generated_Source\PSoC5/InjectionTimer_1_PM.c **** 
  95:Generated_Source\PSoC5/InjectionTimer_1_PM.c ****             InjectionTimer_1_WriteCounter(InjectionTimer_1_backup.PWMUdb);
 357              		.loc 1 95 0
 358 000a 6088     		ldrh	r0, [r4, #2]
ARM GAS  C:\Users\Bruger\AppData\Local\Temp\ccESU7Zj.s 			page 25


 359 000c FFF7FEFF 		bl	InjectionTimer_1_WriteCounter
 360              	.LVL4:
  96:Generated_Source\PSoC5/InjectionTimer_1_PM.c **** 
  97:Generated_Source\PSoC5/InjectionTimer_1_PM.c ****             #if (InjectionTimer_1_UseStatus)
  98:Generated_Source\PSoC5/InjectionTimer_1_PM.c ****                 InjectionTimer_1_STATUS_MASK = InjectionTimer_1_backup.InterruptMaskValue;
 361              		.loc 1 98 0
 362 0010 A279     		ldrb	r2, [r4, #6]	@ zero_extendqisi2
 363 0012 044B     		ldr	r3, .L7+4
  99:Generated_Source\PSoC5/InjectionTimer_1_PM.c ****             #endif /* (InjectionTimer_1_UseStatus) */
 100:Generated_Source\PSoC5/InjectionTimer_1_PM.c **** 
 101:Generated_Source\PSoC5/InjectionTimer_1_PM.c ****             #if(InjectionTimer_1_DeadBandMode == InjectionTimer_1__B_PWM__DBM_256_CLOCKS || \
 102:Generated_Source\PSoC5/InjectionTimer_1_PM.c ****                 InjectionTimer_1_DeadBandMode == InjectionTimer_1__B_PWM__DBM_2_4_CLOCKS)
 103:Generated_Source\PSoC5/InjectionTimer_1_PM.c ****                 InjectionTimer_1_WriteDeadTime(InjectionTimer_1_backup.PWMdeadBandValue);
 104:Generated_Source\PSoC5/InjectionTimer_1_PM.c ****             #endif /* deadband count is either 2-4 clocks or 256 clocks */
 105:Generated_Source\PSoC5/InjectionTimer_1_PM.c **** 
 106:Generated_Source\PSoC5/InjectionTimer_1_PM.c ****             #if(InjectionTimer_1_KillModeMinTime)
 107:Generated_Source\PSoC5/InjectionTimer_1_PM.c ****                 InjectionTimer_1_WriteKillTime(InjectionTimer_1_backup.PWMKillCounterPeriod);
 108:Generated_Source\PSoC5/InjectionTimer_1_PM.c ****             #endif /* (InjectionTimer_1_KillModeMinTime) */
 109:Generated_Source\PSoC5/InjectionTimer_1_PM.c **** 
 110:Generated_Source\PSoC5/InjectionTimer_1_PM.c ****             #if(InjectionTimer_1_UseControl)
 111:Generated_Source\PSoC5/InjectionTimer_1_PM.c ****                 InjectionTimer_1_WriteControlRegister(InjectionTimer_1_backup.PWMControlRegister);
 364              		.loc 1 111 0
 365 0014 E079     		ldrb	r0, [r4, #7]	@ zero_extendqisi2
  98:Generated_Source\PSoC5/InjectionTimer_1_PM.c ****             #endif /* (InjectionTimer_1_UseStatus) */
 366              		.loc 1 98 0
 367 0016 1A70     		strb	r2, [r3]
 112:Generated_Source\PSoC5/InjectionTimer_1_PM.c ****             #endif /* (InjectionTimer_1_UseControl) */
 113:Generated_Source\PSoC5/InjectionTimer_1_PM.c ****         #endif  /* (!InjectionTimer_1_UsingFixedFunction) */
 114:Generated_Source\PSoC5/InjectionTimer_1_PM.c ****     }
 368              		.loc 1 114 0
 369 0018 BDE81040 		pop	{r4, lr}
 370              		.cfi_restore 14
 371              		.cfi_restore 4
 372              		.cfi_def_cfa_offset 0
 111:Generated_Source\PSoC5/InjectionTimer_1_PM.c ****             #endif /* (InjectionTimer_1_UseControl) */
 373              		.loc 1 111 0
 374 001c FFF7FEBF 		b	InjectionTimer_1_WriteControlRegister
 375              	.LVL5:
 376              	.L8:
 377              		.align	2
 378              	.L7:
 379 0020 00000000 		.word	.LANCHOR0
 380 0024 8F640040 		.word	1073767567
 381              		.cfi_endproc
 382              	.LFE1:
 383              		.size	InjectionTimer_1_RestoreConfig, .-InjectionTimer_1_RestoreConfig
 384              		.section	.text.InjectionTimer_1_Sleep,"ax",%progbits
 385              		.align	2
 386              		.global	InjectionTimer_1_Sleep
 387              		.thumb
 388              		.thumb_func
 389              		.type	InjectionTimer_1_Sleep, %function
 390              	InjectionTimer_1_Sleep:
 391              	.LFB2:
 115:Generated_Source\PSoC5/InjectionTimer_1_PM.c **** 
 116:Generated_Source\PSoC5/InjectionTimer_1_PM.c **** 
 117:Generated_Source\PSoC5/InjectionTimer_1_PM.c **** /*******************************************************************************
ARM GAS  C:\Users\Bruger\AppData\Local\Temp\ccESU7Zj.s 			page 26


 118:Generated_Source\PSoC5/InjectionTimer_1_PM.c **** * Function Name: InjectionTimer_1_Sleep
 119:Generated_Source\PSoC5/InjectionTimer_1_PM.c **** ********************************************************************************
 120:Generated_Source\PSoC5/InjectionTimer_1_PM.c **** *
 121:Generated_Source\PSoC5/InjectionTimer_1_PM.c **** * Summary:
 122:Generated_Source\PSoC5/InjectionTimer_1_PM.c **** *  Disables block's operation and saves the user configuration. Should be called
 123:Generated_Source\PSoC5/InjectionTimer_1_PM.c **** *  just prior to entering sleep.
 124:Generated_Source\PSoC5/InjectionTimer_1_PM.c **** *
 125:Generated_Source\PSoC5/InjectionTimer_1_PM.c **** * Parameters:
 126:Generated_Source\PSoC5/InjectionTimer_1_PM.c **** *  None
 127:Generated_Source\PSoC5/InjectionTimer_1_PM.c **** *
 128:Generated_Source\PSoC5/InjectionTimer_1_PM.c **** * Return:
 129:Generated_Source\PSoC5/InjectionTimer_1_PM.c **** *  None
 130:Generated_Source\PSoC5/InjectionTimer_1_PM.c **** *
 131:Generated_Source\PSoC5/InjectionTimer_1_PM.c **** * Global variables:
 132:Generated_Source\PSoC5/InjectionTimer_1_PM.c **** *  InjectionTimer_1_backup.PWMEnableState:  Is modified depending on the enable
 133:Generated_Source\PSoC5/InjectionTimer_1_PM.c **** *  state of the block before entering sleep mode.
 134:Generated_Source\PSoC5/InjectionTimer_1_PM.c **** *
 135:Generated_Source\PSoC5/InjectionTimer_1_PM.c **** *******************************************************************************/
 136:Generated_Source\PSoC5/InjectionTimer_1_PM.c **** void InjectionTimer_1_Sleep(void) 
 137:Generated_Source\PSoC5/InjectionTimer_1_PM.c **** {
 392              		.loc 1 137 0
 393              		.cfi_startproc
 394              		@ args = 0, pretend = 0, frame = 0
 395              		@ frame_needed = 0, uses_anonymous_args = 0
 396 0000 10B5     		push	{r4, lr}
 397              		.cfi_def_cfa_offset 8
 398              		.cfi_offset 4, -8
 399              		.cfi_offset 14, -4
 138:Generated_Source\PSoC5/InjectionTimer_1_PM.c ****     #if(InjectionTimer_1_UseControl)
 139:Generated_Source\PSoC5/InjectionTimer_1_PM.c ****         if(InjectionTimer_1_CTRL_ENABLE == (InjectionTimer_1_CONTROL & InjectionTimer_1_CTRL_ENABLE
 400              		.loc 1 139 0
 401 0002 0A4B     		ldr	r3, .L11
 402 0004 0A4C     		ldr	r4, .L11+4
 403 0006 1B78     		ldrb	r3, [r3]	@ zero_extendqisi2
 404 0008 DB09     		lsrs	r3, r3, #7
 405 000a 2370     		strb	r3, [r4]
 140:Generated_Source\PSoC5/InjectionTimer_1_PM.c ****         {
 141:Generated_Source\PSoC5/InjectionTimer_1_PM.c ****             /*Component is enabled */
 142:Generated_Source\PSoC5/InjectionTimer_1_PM.c ****             InjectionTimer_1_backup.PWMEnableState = 1u;
 143:Generated_Source\PSoC5/InjectionTimer_1_PM.c ****         }
 144:Generated_Source\PSoC5/InjectionTimer_1_PM.c ****         else
 145:Generated_Source\PSoC5/InjectionTimer_1_PM.c ****         {
 146:Generated_Source\PSoC5/InjectionTimer_1_PM.c ****             /* Component is disabled */
 147:Generated_Source\PSoC5/InjectionTimer_1_PM.c ****             InjectionTimer_1_backup.PWMEnableState = 0u;
 148:Generated_Source\PSoC5/InjectionTimer_1_PM.c ****         }
 149:Generated_Source\PSoC5/InjectionTimer_1_PM.c ****     #endif /* (InjectionTimer_1_UseControl) */
 150:Generated_Source\PSoC5/InjectionTimer_1_PM.c **** 
 151:Generated_Source\PSoC5/InjectionTimer_1_PM.c ****     /* Stop component */
 152:Generated_Source\PSoC5/InjectionTimer_1_PM.c ****     InjectionTimer_1_Stop();
 406              		.loc 1 152 0
 407 000c FFF7FEFF 		bl	InjectionTimer_1_Stop
 408              	.LVL6:
 409              	.LBB4:
 410              	.LBB5:
  47:Generated_Source\PSoC5/InjectionTimer_1_PM.c ****         #endif /* (!InjectionTimer_1_PWMModeIsCenterAligned) */
 411              		.loc 1 47 0
 412 0010 FFF7FEFF 		bl	InjectionTimer_1_ReadPeriod
ARM GAS  C:\Users\Bruger\AppData\Local\Temp\ccESU7Zj.s 			page 27


 413              	.LVL7:
 414 0014 A080     		strh	r0, [r4, #4]	@ movhi
  49:Generated_Source\PSoC5/InjectionTimer_1_PM.c ****         #if (InjectionTimer_1_UseStatus)
 415              		.loc 1 49 0
 416 0016 FFF7FEFF 		bl	InjectionTimer_1_ReadCounter
 417              	.LVL8:
  51:Generated_Source\PSoC5/InjectionTimer_1_PM.c ****         #endif /* (InjectionTimer_1_UseStatus) */
 418              		.loc 1 51 0
 419 001a 064B     		ldr	r3, .L11+8
  49:Generated_Source\PSoC5/InjectionTimer_1_PM.c ****         #if (InjectionTimer_1_UseStatus)
 420              		.loc 1 49 0
 421 001c 6080     		strh	r0, [r4, #2]	@ movhi
  51:Generated_Source\PSoC5/InjectionTimer_1_PM.c ****         #endif /* (InjectionTimer_1_UseStatus) */
 422              		.loc 1 51 0
 423 001e 1B78     		ldrb	r3, [r3]	@ zero_extendqisi2
 424 0020 A371     		strb	r3, [r4, #6]
  64:Generated_Source\PSoC5/InjectionTimer_1_PM.c ****         #endif /* (InjectionTimer_1_UseControl) */
 425              		.loc 1 64 0
 426 0022 FFF7FEFF 		bl	InjectionTimer_1_ReadControlRegister
 427              	.LVL9:
 428 0026 E071     		strb	r0, [r4, #7]
 429 0028 10BD     		pop	{r4, pc}
 430              	.L12:
 431 002a 00BF     		.align	2
 432              	.L11:
 433 002c 7B650040 		.word	1073767803
 434 0030 00000000 		.word	.LANCHOR0
 435 0034 8F640040 		.word	1073767567
 436              	.LBE5:
 437              	.LBE4:
 438              		.cfi_endproc
 439              	.LFE2:
 440              		.size	InjectionTimer_1_Sleep, .-InjectionTimer_1_Sleep
 441              		.section	.text.InjectionTimer_1_Wakeup,"ax",%progbits
 442              		.align	2
 443              		.global	InjectionTimer_1_Wakeup
 444              		.thumb
 445              		.thumb_func
 446              		.type	InjectionTimer_1_Wakeup, %function
 447              	InjectionTimer_1_Wakeup:
 448              	.LFB3:
 153:Generated_Source\PSoC5/InjectionTimer_1_PM.c **** 
 154:Generated_Source\PSoC5/InjectionTimer_1_PM.c ****     /* Save registers configuration */
 155:Generated_Source\PSoC5/InjectionTimer_1_PM.c ****     InjectionTimer_1_SaveConfig();
 156:Generated_Source\PSoC5/InjectionTimer_1_PM.c **** }
 157:Generated_Source\PSoC5/InjectionTimer_1_PM.c **** 
 158:Generated_Source\PSoC5/InjectionTimer_1_PM.c **** 
 159:Generated_Source\PSoC5/InjectionTimer_1_PM.c **** /*******************************************************************************
 160:Generated_Source\PSoC5/InjectionTimer_1_PM.c **** * Function Name: InjectionTimer_1_Wakeup
 161:Generated_Source\PSoC5/InjectionTimer_1_PM.c **** ********************************************************************************
 162:Generated_Source\PSoC5/InjectionTimer_1_PM.c **** *
 163:Generated_Source\PSoC5/InjectionTimer_1_PM.c **** * Summary:
 164:Generated_Source\PSoC5/InjectionTimer_1_PM.c **** *  Restores and enables the user configuration. Should be called just after
 165:Generated_Source\PSoC5/InjectionTimer_1_PM.c **** *  awaking from sleep.
 166:Generated_Source\PSoC5/InjectionTimer_1_PM.c **** *
 167:Generated_Source\PSoC5/InjectionTimer_1_PM.c **** * Parameters:
 168:Generated_Source\PSoC5/InjectionTimer_1_PM.c **** *  None
ARM GAS  C:\Users\Bruger\AppData\Local\Temp\ccESU7Zj.s 			page 28


 169:Generated_Source\PSoC5/InjectionTimer_1_PM.c **** *
 170:Generated_Source\PSoC5/InjectionTimer_1_PM.c **** * Return:
 171:Generated_Source\PSoC5/InjectionTimer_1_PM.c **** *  None
 172:Generated_Source\PSoC5/InjectionTimer_1_PM.c **** *
 173:Generated_Source\PSoC5/InjectionTimer_1_PM.c **** * Global variables:
 174:Generated_Source\PSoC5/InjectionTimer_1_PM.c **** *  InjectionTimer_1_backup.pwmEnable:  Is used to restore the enable state of
 175:Generated_Source\PSoC5/InjectionTimer_1_PM.c **** *  block on wakeup from sleep mode.
 176:Generated_Source\PSoC5/InjectionTimer_1_PM.c **** *
 177:Generated_Source\PSoC5/InjectionTimer_1_PM.c **** *******************************************************************************/
 178:Generated_Source\PSoC5/InjectionTimer_1_PM.c **** void InjectionTimer_1_Wakeup(void) 
 179:Generated_Source\PSoC5/InjectionTimer_1_PM.c **** {
 449              		.loc 1 179 0
 450              		.cfi_startproc
 451              		@ args = 0, pretend = 0, frame = 0
 452              		@ frame_needed = 0, uses_anonymous_args = 0
 453 0000 10B5     		push	{r4, lr}
 454              		.cfi_def_cfa_offset 8
 455              		.cfi_offset 4, -8
 456              		.cfi_offset 14, -4
 457              	.LBB8:
 458              	.LBB9:
  92:Generated_Source\PSoC5/InjectionTimer_1_PM.c ****             #endif /* (!InjectionTimer_1_PWMModeIsCenterAligned) */
 459              		.loc 1 92 0
 460 0002 0A4C     		ldr	r4, .L18
 461 0004 A088     		ldrh	r0, [r4, #4]
 462 0006 FFF7FEFF 		bl	InjectionTimer_1_WritePeriod
 463              	.LVL10:
  95:Generated_Source\PSoC5/InjectionTimer_1_PM.c **** 
 464              		.loc 1 95 0
 465 000a 6088     		ldrh	r0, [r4, #2]
 466 000c FFF7FEFF 		bl	InjectionTimer_1_WriteCounter
 467              	.LVL11:
  98:Generated_Source\PSoC5/InjectionTimer_1_PM.c ****             #endif /* (InjectionTimer_1_UseStatus) */
 468              		.loc 1 98 0
 469 0010 074B     		ldr	r3, .L18+4
 470 0012 A279     		ldrb	r2, [r4, #6]	@ zero_extendqisi2
 111:Generated_Source\PSoC5/InjectionTimer_1_PM.c ****             #endif /* (InjectionTimer_1_UseControl) */
 471              		.loc 1 111 0
 472 0014 E079     		ldrb	r0, [r4, #7]	@ zero_extendqisi2
  98:Generated_Source\PSoC5/InjectionTimer_1_PM.c ****             #endif /* (InjectionTimer_1_UseStatus) */
 473              		.loc 1 98 0
 474 0016 1A70     		strb	r2, [r3]
 111:Generated_Source\PSoC5/InjectionTimer_1_PM.c ****             #endif /* (InjectionTimer_1_UseControl) */
 475              		.loc 1 111 0
 476 0018 FFF7FEFF 		bl	InjectionTimer_1_WriteControlRegister
 477              	.LVL12:
 478              	.LBE9:
 479              	.LBE8:
 180:Generated_Source\PSoC5/InjectionTimer_1_PM.c ****      /* Restore registers values */
 181:Generated_Source\PSoC5/InjectionTimer_1_PM.c ****     InjectionTimer_1_RestoreConfig();
 182:Generated_Source\PSoC5/InjectionTimer_1_PM.c **** 
 183:Generated_Source\PSoC5/InjectionTimer_1_PM.c ****     if(InjectionTimer_1_backup.PWMEnableState != 0u)
 480              		.loc 1 183 0
 481 001c 2378     		ldrb	r3, [r4]	@ zero_extendqisi2
 482 001e 03B9     		cbnz	r3, .L17
 483 0020 10BD     		pop	{r4, pc}
 484              	.L17:
ARM GAS  C:\Users\Bruger\AppData\Local\Temp\ccESU7Zj.s 			page 29


 184:Generated_Source\PSoC5/InjectionTimer_1_PM.c ****     {
 185:Generated_Source\PSoC5/InjectionTimer_1_PM.c ****         /* Enable component's operation */
 186:Generated_Source\PSoC5/InjectionTimer_1_PM.c ****         InjectionTimer_1_Enable();
 187:Generated_Source\PSoC5/InjectionTimer_1_PM.c ****     } /* Do nothing if component's block was disabled before */
 188:Generated_Source\PSoC5/InjectionTimer_1_PM.c **** 
 189:Generated_Source\PSoC5/InjectionTimer_1_PM.c **** }
 485              		.loc 1 189 0
 486 0022 BDE81040 		pop	{r4, lr}
 487              		.cfi_restore 14
 488              		.cfi_restore 4
 489              		.cfi_def_cfa_offset 0
 186:Generated_Source\PSoC5/InjectionTimer_1_PM.c ****     } /* Do nothing if component's block was disabled before */
 490              		.loc 1 186 0
 491 0026 FFF7FEBF 		b	InjectionTimer_1_Enable
 492              	.LVL13:
 493              	.L19:
 494 002a 00BF     		.align	2
 495              	.L18:
 496 002c 00000000 		.word	.LANCHOR0
 497 0030 8F640040 		.word	1073767567
 498              		.cfi_endproc
 499              	.LFE3:
 500              		.size	InjectionTimer_1_Wakeup, .-InjectionTimer_1_Wakeup
 501              		.bss
 502              		.align	2
 503              		.set	.LANCHOR0,. + 0
 504              		.type	InjectionTimer_1_backup, %object
 505              		.size	InjectionTimer_1_backup, 8
 506              	InjectionTimer_1_backup:
 507 0000 00000000 		.space	8
 507      00000000 
 508              		.text
 509              	.Letext0:
 510              		.file 2 "Generated_Source\\PSoC5\\cytypes.h"
 511              		.file 3 "Generated_Source\\PSoC5\\InjectionTimer_1.h"
 512              		.section	.debug_info,"",%progbits
 513              	.Ldebug_info0:
 514 0000 7A020000 		.4byte	0x27a
 515 0004 0400     		.2byte	0x4
 516 0006 00000000 		.4byte	.Ldebug_abbrev0
 517 000a 04       		.byte	0x4
 518 000b 01       		.uleb128 0x1
 519 000c 6F010000 		.4byte	.LASF34
 520 0010 01       		.byte	0x1
 521 0011 2B010000 		.4byte	.LASF35
 522 0015 F8020000 		.4byte	.LASF36
 523 0019 00000000 		.4byte	.Ldebug_ranges0+0
 524 001d 00000000 		.4byte	0
 525 0021 00000000 		.4byte	.Ldebug_line0
 526 0025 02       		.uleb128 0x2
 527 0026 01       		.byte	0x1
 528 0027 06       		.byte	0x6
 529 0028 5D030000 		.4byte	.LASF0
 530 002c 02       		.uleb128 0x2
 531 002d 01       		.byte	0x1
 532 002e 08       		.byte	0x8
 533 002f 8D000000 		.4byte	.LASF1
ARM GAS  C:\Users\Bruger\AppData\Local\Temp\ccESU7Zj.s 			page 30


 534 0033 02       		.uleb128 0x2
 535 0034 02       		.byte	0x2
 536 0035 05       		.byte	0x5
 537 0036 66020000 		.4byte	.LASF2
 538 003a 02       		.uleb128 0x2
 539 003b 02       		.byte	0x2
 540 003c 07       		.byte	0x7
 541 003d 3F000000 		.4byte	.LASF3
 542 0041 02       		.uleb128 0x2
 543 0042 04       		.byte	0x4
 544 0043 05       		.byte	0x5
 545 0044 D1020000 		.4byte	.LASF4
 546 0048 02       		.uleb128 0x2
 547 0049 04       		.byte	0x4
 548 004a 07       		.byte	0x7
 549 004b AA000000 		.4byte	.LASF5
 550 004f 02       		.uleb128 0x2
 551 0050 08       		.byte	0x8
 552 0051 05       		.byte	0x5
 553 0052 61010000 		.4byte	.LASF6
 554 0056 02       		.uleb128 0x2
 555 0057 08       		.byte	0x8
 556 0058 07       		.byte	0x7
 557 0059 0F010000 		.4byte	.LASF7
 558 005d 03       		.uleb128 0x3
 559 005e 04       		.byte	0x4
 560 005f 05       		.byte	0x5
 561 0060 696E7400 		.ascii	"int\000"
 562 0064 02       		.uleb128 0x2
 563 0065 04       		.byte	0x4
 564 0066 07       		.byte	0x7
 565 0067 02010000 		.4byte	.LASF8
 566 006b 04       		.uleb128 0x4
 567 006c DB000000 		.4byte	.LASF9
 568 0070 02       		.byte	0x2
 569 0071 3801     		.2byte	0x138
 570 0073 2C000000 		.4byte	0x2c
 571 0077 04       		.uleb128 0x4
 572 0078 FB000000 		.4byte	.LASF10
 573 007c 02       		.byte	0x2
 574 007d 3901     		.2byte	0x139
 575 007f 3A000000 		.4byte	0x3a
 576 0083 02       		.uleb128 0x2
 577 0084 04       		.byte	0x4
 578 0085 04       		.byte	0x4
 579 0086 6A000000 		.4byte	.LASF11
 580 008a 02       		.uleb128 0x2
 581 008b 08       		.byte	0x8
 582 008c 04       		.byte	0x4
 583 008d F4000000 		.4byte	.LASF12
 584 0091 02       		.uleb128 0x2
 585 0092 01       		.byte	0x1
 586 0093 08       		.byte	0x8
 587 0094 2D020000 		.4byte	.LASF13
 588 0098 04       		.uleb128 0x4
 589 0099 26010000 		.4byte	.LASF14
 590 009d 02       		.byte	0x2
ARM GAS  C:\Users\Bruger\AppData\Local\Temp\ccESU7Zj.s 			page 31


 591 009e E201     		.2byte	0x1e2
 592 00a0 A4000000 		.4byte	0xa4
 593 00a4 05       		.uleb128 0x5
 594 00a5 6B000000 		.4byte	0x6b
 595 00a9 02       		.uleb128 0x2
 596 00aa 04       		.byte	0x4
 597 00ab 07       		.byte	0x7
 598 00ac 58010000 		.4byte	.LASF15
 599 00b0 06       		.uleb128 0x6
 600 00b1 08       		.byte	0x8
 601 00b2 03       		.byte	0x3
 602 00b3 6B       		.byte	0x6b
 603 00b4 F5000000 		.4byte	0xf5
 604 00b8 07       		.uleb128 0x7
 605 00b9 9B000000 		.4byte	.LASF16
 606 00bd 03       		.byte	0x3
 607 00be 6E       		.byte	0x6e
 608 00bf 6B000000 		.4byte	0x6b
 609 00c3 00       		.byte	0
 610 00c4 07       		.uleb128 0x7
 611 00c5 70000000 		.4byte	.LASF17
 612 00c9 03       		.byte	0x3
 613 00ca 71       		.byte	0x71
 614 00cb 77000000 		.4byte	0x77
 615 00cf 02       		.byte	0x2
 616 00d0 07       		.uleb128 0x7
 617 00d1 18000000 		.4byte	.LASF18
 618 00d5 03       		.byte	0x3
 619 00d6 73       		.byte	0x73
 620 00d7 77000000 		.4byte	0x77
 621 00db 04       		.byte	0x4
 622 00dc 07       		.uleb128 0x7
 623 00dd AA030000 		.4byte	.LASF19
 624 00e1 03       		.byte	0x3
 625 00e2 76       		.byte	0x76
 626 00e3 6B000000 		.4byte	0x6b
 627 00e7 06       		.byte	0x6
 628 00e8 07       		.uleb128 0x7
 629 00e9 E1000000 		.4byte	.LASF20
 630 00ed 03       		.byte	0x3
 631 00ee 86       		.byte	0x86
 632 00ef 6B000000 		.4byte	0x6b
 633 00f3 07       		.byte	0x7
 634 00f4 00       		.byte	0
 635 00f5 08       		.uleb128 0x8
 636 00f6 DA020000 		.4byte	.LASF21
 637 00fa 03       		.byte	0x3
 638 00fb 8B       		.byte	0x8b
 639 00fc B0000000 		.4byte	0xb0
 640 0100 09       		.uleb128 0x9
 641 0101 32020000 		.4byte	.LASF22
 642 0105 01       		.byte	0x1
 643 0106 2A       		.byte	0x2a
 644 0107 01       		.byte	0x1
 645 0108 0A       		.uleb128 0xa
 646 0109 00010000 		.4byte	0x100
 647 010d 00000000 		.4byte	.LFB0
ARM GAS  C:\Users\Bruger\AppData\Local\Temp\ccESU7Zj.s 			page 32


 648 0111 28000000 		.4byte	.LFE0-.LFB0
 649 0115 01       		.uleb128 0x1
 650 0116 9C       		.byte	0x9c
 651 0117 37010000 		.4byte	0x137
 652 011b 0B       		.uleb128 0xb
 653 011c 06000000 		.4byte	.LVL0
 654 0120 1B020000 		.4byte	0x21b
 655 0124 0B       		.uleb128 0xb
 656 0125 0E000000 		.4byte	.LVL1
 657 0129 26020000 		.4byte	0x226
 658 012d 0B       		.uleb128 0xb
 659 012e 1A000000 		.4byte	.LVL2
 660 0132 31020000 		.4byte	0x231
 661 0136 00       		.byte	0
 662 0137 09       		.uleb128 0x9
 663 0138 BC000000 		.4byte	.LASF23
 664 013c 01       		.byte	0x1
 665 013d 58       		.byte	0x58
 666 013e 01       		.byte	0x1
 667 013f 0A       		.uleb128 0xa
 668 0140 37010000 		.4byte	0x137
 669 0144 00000000 		.4byte	.LFB1
 670 0148 28000000 		.4byte	.LFE1-.LFB1
 671 014c 01       		.uleb128 0x1
 672 014d 9C       		.byte	0x9c
 673 014e 6E010000 		.4byte	0x16e
 674 0152 0B       		.uleb128 0xb
 675 0153 0A000000 		.4byte	.LVL3
 676 0157 3C020000 		.4byte	0x23c
 677 015b 0B       		.uleb128 0xb
 678 015c 10000000 		.4byte	.LVL4
 679 0160 4D020000 		.4byte	0x24d
 680 0164 0C       		.uleb128 0xc
 681 0165 20000000 		.4byte	.LVL5
 682 0169 5E020000 		.4byte	0x25e
 683 016d 00       		.byte	0
 684 016e 0D       		.uleb128 0xd
 685 016f 16020000 		.4byte	.LASF24
 686 0173 01       		.byte	0x1
 687 0174 88       		.byte	0x88
 688 0175 00000000 		.4byte	.LFB2
 689 0179 38000000 		.4byte	.LFE2-.LFB2
 690 017d 01       		.uleb128 0x1
 691 017e 9C       		.byte	0x9c
 692 017f BC010000 		.4byte	0x1bc
 693 0183 0E       		.uleb128 0xe
 694 0184 00010000 		.4byte	0x100
 695 0188 10000000 		.4byte	.LBB4
 696 018c 28000000 		.4byte	.LBE4-.LBB4
 697 0190 01       		.byte	0x1
 698 0191 9B       		.byte	0x9b
 699 0192 B2010000 		.4byte	0x1b2
 700 0196 0B       		.uleb128 0xb
 701 0197 14000000 		.4byte	.LVL7
 702 019b 1B020000 		.4byte	0x21b
 703 019f 0B       		.uleb128 0xb
 704 01a0 1A000000 		.4byte	.LVL8
ARM GAS  C:\Users\Bruger\AppData\Local\Temp\ccESU7Zj.s 			page 33


 705 01a4 26020000 		.4byte	0x226
 706 01a8 0B       		.uleb128 0xb
 707 01a9 26000000 		.4byte	.LVL9
 708 01ad 31020000 		.4byte	0x231
 709 01b1 00       		.byte	0
 710 01b2 0B       		.uleb128 0xb
 711 01b3 10000000 		.4byte	.LVL6
 712 01b7 6F020000 		.4byte	0x26f
 713 01bb 00       		.byte	0
 714 01bc 0D       		.uleb128 0xd
 715 01bd 00000000 		.4byte	.LASF25
 716 01c1 01       		.byte	0x1
 717 01c2 B2       		.byte	0xb2
 718 01c3 00000000 		.4byte	.LFB3
 719 01c7 34000000 		.4byte	.LFE3-.LFB3
 720 01cb 01       		.uleb128 0x1
 721 01cc 9C       		.byte	0x9c
 722 01cd 0A020000 		.4byte	0x20a
 723 01d1 0E       		.uleb128 0xe
 724 01d2 37010000 		.4byte	0x137
 725 01d6 02000000 		.4byte	.LBB8
 726 01da 1A000000 		.4byte	.LBE8-.LBB8
 727 01de 01       		.byte	0x1
 728 01df B5       		.byte	0xb5
 729 01e0 00020000 		.4byte	0x200
 730 01e4 0B       		.uleb128 0xb
 731 01e5 0A000000 		.4byte	.LVL10
 732 01e9 3C020000 		.4byte	0x23c
 733 01ed 0B       		.uleb128 0xb
 734 01ee 10000000 		.4byte	.LVL11
 735 01f2 4D020000 		.4byte	0x24d
 736 01f6 0B       		.uleb128 0xb
 737 01f7 1C000000 		.4byte	.LVL12
 738 01fb 5E020000 		.4byte	0x25e
 739 01ff 00       		.byte	0
 740 0200 0C       		.uleb128 0xc
 741 0201 2A000000 		.4byte	.LVL13
 742 0205 76020000 		.4byte	0x276
 743 0209 00       		.byte	0
 744 020a 0F       		.uleb128 0xf
 745 020b 4E020000 		.4byte	.LASF37
 746 020f 01       		.byte	0x1
 747 0210 14       		.byte	0x14
 748 0211 F5000000 		.4byte	0xf5
 749 0215 05       		.uleb128 0x5
 750 0216 03       		.byte	0x3
 751 0217 00000000 		.4byte	InjectionTimer_1_backup
 752 021b 10       		.uleb128 0x10
 753 021c 8E030000 		.4byte	.LASF26
 754 0220 03       		.byte	0x3
 755 0221 C0       		.byte	0xc0
 756 0222 77000000 		.4byte	0x77
 757 0226 10       		.uleb128 0x10
 758 0227 8E020000 		.4byte	.LASF27
 759 022b 03       		.byte	0x3
 760 022c B3       		.byte	0xb3
 761 022d 77000000 		.4byte	0x77
ARM GAS  C:\Users\Bruger\AppData\Local\Temp\ccESU7Zj.s 			page 34


 762 0231 10       		.uleb128 0x10
 763 0232 69030000 		.4byte	.LASF28
 764 0236 03       		.byte	0x3
 765 0237 9D       		.byte	0x9d
 766 0238 6B000000 		.4byte	0x6b
 767 023c 11       		.uleb128 0x11
 768 023d 22000000 		.4byte	.LASF29
 769 0241 03       		.byte	0x3
 770 0242 BE       		.byte	0xbe
 771 0243 4D020000 		.4byte	0x24d
 772 0247 12       		.uleb128 0x12
 773 0248 77000000 		.4byte	0x77
 774 024c 00       		.byte	0
 775 024d 11       		.uleb128 0x11
 776 024e 70020000 		.4byte	.LASF30
 777 0252 03       		.byte	0x3
 778 0253 BA       		.byte	0xba
 779 0254 5E020000 		.4byte	0x25e
 780 0258 12       		.uleb128 0x12
 781 0259 77000000 		.4byte	0x77
 782 025d 00       		.byte	0
 783 025e 11       		.uleb128 0x11
 784 025f AB020000 		.4byte	.LASF31
 785 0263 03       		.byte	0x3
 786 0264 9E       		.byte	0x9e
 787 0265 6F020000 		.4byte	0x26f
 788 0269 12       		.uleb128 0x12
 789 026a 6B000000 		.4byte	0x6b
 790 026e 00       		.byte	0
 791 026f 13       		.uleb128 0x13
 792 0270 77000000 		.4byte	.LASF32
 793 0274 03       		.byte	0x3
 794 0275 93       		.byte	0x93
 795 0276 13       		.uleb128 0x13
 796 0277 52000000 		.4byte	.LASF33
 797 027b 03       		.byte	0x3
 798 027c DB       		.byte	0xdb
 799 027d 00       		.byte	0
 800              		.section	.debug_abbrev,"",%progbits
 801              	.Ldebug_abbrev0:
 802 0000 01       		.uleb128 0x1
 803 0001 11       		.uleb128 0x11
 804 0002 01       		.byte	0x1
 805 0003 25       		.uleb128 0x25
 806 0004 0E       		.uleb128 0xe
 807 0005 13       		.uleb128 0x13
 808 0006 0B       		.uleb128 0xb
 809 0007 03       		.uleb128 0x3
 810 0008 0E       		.uleb128 0xe
 811 0009 1B       		.uleb128 0x1b
 812 000a 0E       		.uleb128 0xe
 813 000b 55       		.uleb128 0x55
 814 000c 17       		.uleb128 0x17
 815 000d 11       		.uleb128 0x11
 816 000e 01       		.uleb128 0x1
 817 000f 10       		.uleb128 0x10
 818 0010 17       		.uleb128 0x17
ARM GAS  C:\Users\Bruger\AppData\Local\Temp\ccESU7Zj.s 			page 35


 819 0011 00       		.byte	0
 820 0012 00       		.byte	0
 821 0013 02       		.uleb128 0x2
 822 0014 24       		.uleb128 0x24
 823 0015 00       		.byte	0
 824 0016 0B       		.uleb128 0xb
 825 0017 0B       		.uleb128 0xb
 826 0018 3E       		.uleb128 0x3e
 827 0019 0B       		.uleb128 0xb
 828 001a 03       		.uleb128 0x3
 829 001b 0E       		.uleb128 0xe
 830 001c 00       		.byte	0
 831 001d 00       		.byte	0
 832 001e 03       		.uleb128 0x3
 833 001f 24       		.uleb128 0x24
 834 0020 00       		.byte	0
 835 0021 0B       		.uleb128 0xb
 836 0022 0B       		.uleb128 0xb
 837 0023 3E       		.uleb128 0x3e
 838 0024 0B       		.uleb128 0xb
 839 0025 03       		.uleb128 0x3
 840 0026 08       		.uleb128 0x8
 841 0027 00       		.byte	0
 842 0028 00       		.byte	0
 843 0029 04       		.uleb128 0x4
 844 002a 16       		.uleb128 0x16
 845 002b 00       		.byte	0
 846 002c 03       		.uleb128 0x3
 847 002d 0E       		.uleb128 0xe
 848 002e 3A       		.uleb128 0x3a
 849 002f 0B       		.uleb128 0xb
 850 0030 3B       		.uleb128 0x3b
 851 0031 05       		.uleb128 0x5
 852 0032 49       		.uleb128 0x49
 853 0033 13       		.uleb128 0x13
 854 0034 00       		.byte	0
 855 0035 00       		.byte	0
 856 0036 05       		.uleb128 0x5
 857 0037 35       		.uleb128 0x35
 858 0038 00       		.byte	0
 859 0039 49       		.uleb128 0x49
 860 003a 13       		.uleb128 0x13
 861 003b 00       		.byte	0
 862 003c 00       		.byte	0
 863 003d 06       		.uleb128 0x6
 864 003e 13       		.uleb128 0x13
 865 003f 01       		.byte	0x1
 866 0040 0B       		.uleb128 0xb
 867 0041 0B       		.uleb128 0xb
 868 0042 3A       		.uleb128 0x3a
 869 0043 0B       		.uleb128 0xb
 870 0044 3B       		.uleb128 0x3b
 871 0045 0B       		.uleb128 0xb
 872 0046 01       		.uleb128 0x1
 873 0047 13       		.uleb128 0x13
 874 0048 00       		.byte	0
 875 0049 00       		.byte	0
ARM GAS  C:\Users\Bruger\AppData\Local\Temp\ccESU7Zj.s 			page 36


 876 004a 07       		.uleb128 0x7
 877 004b 0D       		.uleb128 0xd
 878 004c 00       		.byte	0
 879 004d 03       		.uleb128 0x3
 880 004e 0E       		.uleb128 0xe
 881 004f 3A       		.uleb128 0x3a
 882 0050 0B       		.uleb128 0xb
 883 0051 3B       		.uleb128 0x3b
 884 0052 0B       		.uleb128 0xb
 885 0053 49       		.uleb128 0x49
 886 0054 13       		.uleb128 0x13
 887 0055 38       		.uleb128 0x38
 888 0056 0B       		.uleb128 0xb
 889 0057 00       		.byte	0
 890 0058 00       		.byte	0
 891 0059 08       		.uleb128 0x8
 892 005a 16       		.uleb128 0x16
 893 005b 00       		.byte	0
 894 005c 03       		.uleb128 0x3
 895 005d 0E       		.uleb128 0xe
 896 005e 3A       		.uleb128 0x3a
 897 005f 0B       		.uleb128 0xb
 898 0060 3B       		.uleb128 0x3b
 899 0061 0B       		.uleb128 0xb
 900 0062 49       		.uleb128 0x49
 901 0063 13       		.uleb128 0x13
 902 0064 00       		.byte	0
 903 0065 00       		.byte	0
 904 0066 09       		.uleb128 0x9
 905 0067 2E       		.uleb128 0x2e
 906 0068 00       		.byte	0
 907 0069 3F       		.uleb128 0x3f
 908 006a 19       		.uleb128 0x19
 909 006b 03       		.uleb128 0x3
 910 006c 0E       		.uleb128 0xe
 911 006d 3A       		.uleb128 0x3a
 912 006e 0B       		.uleb128 0xb
 913 006f 3B       		.uleb128 0x3b
 914 0070 0B       		.uleb128 0xb
 915 0071 27       		.uleb128 0x27
 916 0072 19       		.uleb128 0x19
 917 0073 20       		.uleb128 0x20
 918 0074 0B       		.uleb128 0xb
 919 0075 00       		.byte	0
 920 0076 00       		.byte	0
 921 0077 0A       		.uleb128 0xa
 922 0078 2E       		.uleb128 0x2e
 923 0079 01       		.byte	0x1
 924 007a 31       		.uleb128 0x31
 925 007b 13       		.uleb128 0x13
 926 007c 11       		.uleb128 0x11
 927 007d 01       		.uleb128 0x1
 928 007e 12       		.uleb128 0x12
 929 007f 06       		.uleb128 0x6
 930 0080 40       		.uleb128 0x40
 931 0081 18       		.uleb128 0x18
 932 0082 9742     		.uleb128 0x2117
ARM GAS  C:\Users\Bruger\AppData\Local\Temp\ccESU7Zj.s 			page 37


 933 0084 19       		.uleb128 0x19
 934 0085 01       		.uleb128 0x1
 935 0086 13       		.uleb128 0x13
 936 0087 00       		.byte	0
 937 0088 00       		.byte	0
 938 0089 0B       		.uleb128 0xb
 939 008a 898201   		.uleb128 0x4109
 940 008d 00       		.byte	0
 941 008e 11       		.uleb128 0x11
 942 008f 01       		.uleb128 0x1
 943 0090 31       		.uleb128 0x31
 944 0091 13       		.uleb128 0x13
 945 0092 00       		.byte	0
 946 0093 00       		.byte	0
 947 0094 0C       		.uleb128 0xc
 948 0095 898201   		.uleb128 0x4109
 949 0098 00       		.byte	0
 950 0099 11       		.uleb128 0x11
 951 009a 01       		.uleb128 0x1
 952 009b 9542     		.uleb128 0x2115
 953 009d 19       		.uleb128 0x19
 954 009e 31       		.uleb128 0x31
 955 009f 13       		.uleb128 0x13
 956 00a0 00       		.byte	0
 957 00a1 00       		.byte	0
 958 00a2 0D       		.uleb128 0xd
 959 00a3 2E       		.uleb128 0x2e
 960 00a4 01       		.byte	0x1
 961 00a5 3F       		.uleb128 0x3f
 962 00a6 19       		.uleb128 0x19
 963 00a7 03       		.uleb128 0x3
 964 00a8 0E       		.uleb128 0xe
 965 00a9 3A       		.uleb128 0x3a
 966 00aa 0B       		.uleb128 0xb
 967 00ab 3B       		.uleb128 0x3b
 968 00ac 0B       		.uleb128 0xb
 969 00ad 27       		.uleb128 0x27
 970 00ae 19       		.uleb128 0x19
 971 00af 11       		.uleb128 0x11
 972 00b0 01       		.uleb128 0x1
 973 00b1 12       		.uleb128 0x12
 974 00b2 06       		.uleb128 0x6
 975 00b3 40       		.uleb128 0x40
 976 00b4 18       		.uleb128 0x18
 977 00b5 9742     		.uleb128 0x2117
 978 00b7 19       		.uleb128 0x19
 979 00b8 01       		.uleb128 0x1
 980 00b9 13       		.uleb128 0x13
 981 00ba 00       		.byte	0
 982 00bb 00       		.byte	0
 983 00bc 0E       		.uleb128 0xe
 984 00bd 1D       		.uleb128 0x1d
 985 00be 01       		.byte	0x1
 986 00bf 31       		.uleb128 0x31
 987 00c0 13       		.uleb128 0x13
 988 00c1 11       		.uleb128 0x11
 989 00c2 01       		.uleb128 0x1
ARM GAS  C:\Users\Bruger\AppData\Local\Temp\ccESU7Zj.s 			page 38


 990 00c3 12       		.uleb128 0x12
 991 00c4 06       		.uleb128 0x6
 992 00c5 58       		.uleb128 0x58
 993 00c6 0B       		.uleb128 0xb
 994 00c7 59       		.uleb128 0x59
 995 00c8 0B       		.uleb128 0xb
 996 00c9 01       		.uleb128 0x1
 997 00ca 13       		.uleb128 0x13
 998 00cb 00       		.byte	0
 999 00cc 00       		.byte	0
 1000 00cd 0F       		.uleb128 0xf
 1001 00ce 34       		.uleb128 0x34
 1002 00cf 00       		.byte	0
 1003 00d0 03       		.uleb128 0x3
 1004 00d1 0E       		.uleb128 0xe
 1005 00d2 3A       		.uleb128 0x3a
 1006 00d3 0B       		.uleb128 0xb
 1007 00d4 3B       		.uleb128 0x3b
 1008 00d5 0B       		.uleb128 0xb
 1009 00d6 49       		.uleb128 0x49
 1010 00d7 13       		.uleb128 0x13
 1011 00d8 02       		.uleb128 0x2
 1012 00d9 18       		.uleb128 0x18
 1013 00da 00       		.byte	0
 1014 00db 00       		.byte	0
 1015 00dc 10       		.uleb128 0x10
 1016 00dd 2E       		.uleb128 0x2e
 1017 00de 00       		.byte	0
 1018 00df 3F       		.uleb128 0x3f
 1019 00e0 19       		.uleb128 0x19
 1020 00e1 03       		.uleb128 0x3
 1021 00e2 0E       		.uleb128 0xe
 1022 00e3 3A       		.uleb128 0x3a
 1023 00e4 0B       		.uleb128 0xb
 1024 00e5 3B       		.uleb128 0x3b
 1025 00e6 0B       		.uleb128 0xb
 1026 00e7 27       		.uleb128 0x27
 1027 00e8 19       		.uleb128 0x19
 1028 00e9 49       		.uleb128 0x49
 1029 00ea 13       		.uleb128 0x13
 1030 00eb 3C       		.uleb128 0x3c
 1031 00ec 19       		.uleb128 0x19
 1032 00ed 00       		.byte	0
 1033 00ee 00       		.byte	0
 1034 00ef 11       		.uleb128 0x11
 1035 00f0 2E       		.uleb128 0x2e
 1036 00f1 01       		.byte	0x1
 1037 00f2 3F       		.uleb128 0x3f
 1038 00f3 19       		.uleb128 0x19
 1039 00f4 03       		.uleb128 0x3
 1040 00f5 0E       		.uleb128 0xe
 1041 00f6 3A       		.uleb128 0x3a
 1042 00f7 0B       		.uleb128 0xb
 1043 00f8 3B       		.uleb128 0x3b
 1044 00f9 0B       		.uleb128 0xb
 1045 00fa 27       		.uleb128 0x27
 1046 00fb 19       		.uleb128 0x19
ARM GAS  C:\Users\Bruger\AppData\Local\Temp\ccESU7Zj.s 			page 39


 1047 00fc 3C       		.uleb128 0x3c
 1048 00fd 19       		.uleb128 0x19
 1049 00fe 01       		.uleb128 0x1
 1050 00ff 13       		.uleb128 0x13
 1051 0100 00       		.byte	0
 1052 0101 00       		.byte	0
 1053 0102 12       		.uleb128 0x12
 1054 0103 05       		.uleb128 0x5
 1055 0104 00       		.byte	0
 1056 0105 49       		.uleb128 0x49
 1057 0106 13       		.uleb128 0x13
 1058 0107 00       		.byte	0
 1059 0108 00       		.byte	0
 1060 0109 13       		.uleb128 0x13
 1061 010a 2E       		.uleb128 0x2e
 1062 010b 00       		.byte	0
 1063 010c 3F       		.uleb128 0x3f
 1064 010d 19       		.uleb128 0x19
 1065 010e 03       		.uleb128 0x3
 1066 010f 0E       		.uleb128 0xe
 1067 0110 3A       		.uleb128 0x3a
 1068 0111 0B       		.uleb128 0xb
 1069 0112 3B       		.uleb128 0x3b
 1070 0113 0B       		.uleb128 0xb
 1071 0114 27       		.uleb128 0x27
 1072 0115 19       		.uleb128 0x19
 1073 0116 3C       		.uleb128 0x3c
 1074 0117 19       		.uleb128 0x19
 1075 0118 00       		.byte	0
 1076 0119 00       		.byte	0
 1077 011a 00       		.byte	0
 1078              		.section	.debug_aranges,"",%progbits
 1079 0000 34000000 		.4byte	0x34
 1080 0004 0200     		.2byte	0x2
 1081 0006 00000000 		.4byte	.Ldebug_info0
 1082 000a 04       		.byte	0x4
 1083 000b 00       		.byte	0
 1084 000c 0000     		.2byte	0
 1085 000e 0000     		.2byte	0
 1086 0010 00000000 		.4byte	.LFB0
 1087 0014 28000000 		.4byte	.LFE0-.LFB0
 1088 0018 00000000 		.4byte	.LFB1
 1089 001c 28000000 		.4byte	.LFE1-.LFB1
 1090 0020 00000000 		.4byte	.LFB2
 1091 0024 38000000 		.4byte	.LFE2-.LFB2
 1092 0028 00000000 		.4byte	.LFB3
 1093 002c 34000000 		.4byte	.LFE3-.LFB3
 1094 0030 00000000 		.4byte	0
 1095 0034 00000000 		.4byte	0
 1096              		.section	.debug_ranges,"",%progbits
 1097              	.Ldebug_ranges0:
 1098 0000 00000000 		.4byte	.LFB0
 1099 0004 28000000 		.4byte	.LFE0
 1100 0008 00000000 		.4byte	.LFB1
 1101 000c 28000000 		.4byte	.LFE1
 1102 0010 00000000 		.4byte	.LFB2
 1103 0014 38000000 		.4byte	.LFE2
ARM GAS  C:\Users\Bruger\AppData\Local\Temp\ccESU7Zj.s 			page 40


 1104 0018 00000000 		.4byte	.LFB3
 1105 001c 34000000 		.4byte	.LFE3
 1106 0020 00000000 		.4byte	0
 1107 0024 00000000 		.4byte	0
 1108              		.section	.debug_line,"",%progbits
 1109              	.Ldebug_line0:
 1110 0000 E4000000 		.section	.debug_str,"MS",%progbits,1
 1110      02006600 
 1110      00000201 
 1110      FB0E0D00 
 1110      01010101 
 1111              	.LASF25:
 1112 0000 496E6A65 		.ascii	"InjectionTimer_1_Wakeup\000"
 1112      6374696F 
 1112      6E54696D 
 1112      65725F31 
 1112      5F57616B 
 1113              	.LASF18:
 1114 0018 50574D50 		.ascii	"PWMPeriod\000"
 1114      6572696F 
 1114      6400
 1115              	.LASF29:
 1116 0022 496E6A65 		.ascii	"InjectionTimer_1_WritePeriod\000"
 1116      6374696F 
 1116      6E54696D 
 1116      65725F31 
 1116      5F577269 
 1117              	.LASF3:
 1118 003f 73686F72 		.ascii	"short unsigned int\000"
 1118      7420756E 
 1118      7369676E 
 1118      65642069 
 1118      6E7400
 1119              	.LASF33:
 1120 0052 496E6A65 		.ascii	"InjectionTimer_1_Enable\000"
 1120      6374696F 
 1120      6E54696D 
 1120      65725F31 
 1120      5F456E61 
 1121              	.LASF11:
 1122 006a 666C6F61 		.ascii	"float\000"
 1122      7400
 1123              	.LASF17:
 1124 0070 50574D55 		.ascii	"PWMUdb\000"
 1124      646200
 1125              	.LASF32:
 1126 0077 496E6A65 		.ascii	"InjectionTimer_1_Stop\000"
 1126      6374696F 
 1126      6E54696D 
 1126      65725F31 
 1126      5F53746F 
 1127              	.LASF1:
 1128 008d 756E7369 		.ascii	"unsigned char\000"
 1128      676E6564 
 1128      20636861 
 1128      7200
 1129              	.LASF16:
ARM GAS  C:\Users\Bruger\AppData\Local\Temp\ccESU7Zj.s 			page 41


 1130 009b 50574D45 		.ascii	"PWMEnableState\000"
 1130      6E61626C 
 1130      65537461 
 1130      746500
 1131              	.LASF5:
 1132 00aa 6C6F6E67 		.ascii	"long unsigned int\000"
 1132      20756E73 
 1132      69676E65 
 1132      6420696E 
 1132      7400
 1133              	.LASF23:
 1134 00bc 496E6A65 		.ascii	"InjectionTimer_1_RestoreConfig\000"
 1134      6374696F 
 1134      6E54696D 
 1134      65725F31 
 1134      5F526573 
 1135              	.LASF9:
 1136 00db 75696E74 		.ascii	"uint8\000"
 1136      3800
 1137              	.LASF20:
 1138 00e1 50574D43 		.ascii	"PWMControlRegister\000"
 1138      6F6E7472 
 1138      6F6C5265 
 1138      67697374 
 1138      657200
 1139              	.LASF12:
 1140 00f4 646F7562 		.ascii	"double\000"
 1140      6C6500
 1141              	.LASF10:
 1142 00fb 75696E74 		.ascii	"uint16\000"
 1142      313600
 1143              	.LASF8:
 1144 0102 756E7369 		.ascii	"unsigned int\000"
 1144      676E6564 
 1144      20696E74 
 1144      00
 1145              	.LASF7:
 1146 010f 6C6F6E67 		.ascii	"long long unsigned int\000"
 1146      206C6F6E 
 1146      6720756E 
 1146      7369676E 
 1146      65642069 
 1147              	.LASF14:
 1148 0126 72656738 		.ascii	"reg8\000"
 1148      00
 1149              	.LASF35:
 1150 012b 47656E65 		.ascii	"Generated_Source\\PSoC5\\InjectionTimer_1_PM.c\000"
 1150      72617465 
 1150      645F536F 
 1150      75726365 
 1150      5C50536F 
 1151              	.LASF15:
 1152 0158 73697A65 		.ascii	"sizetype\000"
 1152      74797065 
 1152      00
 1153              	.LASF6:
 1154 0161 6C6F6E67 		.ascii	"long long int\000"
ARM GAS  C:\Users\Bruger\AppData\Local\Temp\ccESU7Zj.s 			page 42


 1154      206C6F6E 
 1154      6720696E 
 1154      7400
 1155              	.LASF34:
 1156 016f 474E5520 		.ascii	"GNU C 4.9.3 20150303 (release) [ARM/embedded-4_9-br"
 1156      4320342E 
 1156      392E3320 
 1156      32303135 
 1156      30333033 
 1157 01a2 616E6368 		.ascii	"anch revision 221220] -mcpu=cortex-m3 -mthumb -g -O"
 1157      20726576 
 1157      6973696F 
 1157      6E203232 
 1157      31323230 
 1158 01d5 33202D66 		.ascii	"3 -ffunction-sections -finline-functions -flto -ffa"
 1158      66756E63 
 1158      74696F6E 
 1158      2D736563 
 1158      74696F6E 
 1159 0208 742D6C74 		.ascii	"t-lto-objects\000"
 1159      6F2D6F62 
 1159      6A656374 
 1159      7300
 1160              	.LASF24:
 1161 0216 496E6A65 		.ascii	"InjectionTimer_1_Sleep\000"
 1161      6374696F 
 1161      6E54696D 
 1161      65725F31 
 1161      5F536C65 
 1162              	.LASF13:
 1163 022d 63686172 		.ascii	"char\000"
 1163      00
 1164              	.LASF22:
 1165 0232 496E6A65 		.ascii	"InjectionTimer_1_SaveConfig\000"
 1165      6374696F 
 1165      6E54696D 
 1165      65725F31 
 1165      5F536176 
 1166              	.LASF37:
 1167 024e 496E6A65 		.ascii	"InjectionTimer_1_backup\000"
 1167      6374696F 
 1167      6E54696D 
 1167      65725F31 
 1167      5F626163 
 1168              	.LASF2:
 1169 0266 73686F72 		.ascii	"short int\000"
 1169      7420696E 
 1169      7400
 1170              	.LASF30:
 1171 0270 496E6A65 		.ascii	"InjectionTimer_1_WriteCounter\000"
 1171      6374696F 
 1171      6E54696D 
 1171      65725F31 
 1171      5F577269 
 1172              	.LASF27:
 1173 028e 496E6A65 		.ascii	"InjectionTimer_1_ReadCounter\000"
 1173      6374696F 
ARM GAS  C:\Users\Bruger\AppData\Local\Temp\ccESU7Zj.s 			page 43


 1173      6E54696D 
 1173      65725F31 
 1173      5F526561 
 1174              	.LASF31:
 1175 02ab 496E6A65 		.ascii	"InjectionTimer_1_WriteControlRegister\000"
 1175      6374696F 
 1175      6E54696D 
 1175      65725F31 
 1175      5F577269 
 1176              	.LASF4:
 1177 02d1 6C6F6E67 		.ascii	"long int\000"
 1177      20696E74 
 1177      00
 1178              	.LASF21:
 1179 02da 496E6A65 		.ascii	"InjectionTimer_1_backupStruct\000"
 1179      6374696F 
 1179      6E54696D 
 1179      65725F31 
 1179      5F626163 
 1180              	.LASF36:
 1181 02f8 433A5C55 		.ascii	"C:\\Users\\Bruger\\OneDrive\\Skrivebord\\CODE\\PSOC"
 1181      73657273 
 1181      5C427275 
 1181      6765725C 
 1181      4F6E6544 
 1182 0325 355C4359 		.ascii	"5\\CY8CKIT-59-Arduino\\CY8CKIT59_Ardudino-Speeduino"
 1182      38434B49 
 1182      542D3539 
 1182      2D417264 
 1182      75696E6F 
 1183 0356 2E637964 		.ascii	".cydsn\000"
 1183      736E00
 1184              	.LASF0:
 1185 035d 7369676E 		.ascii	"signed char\000"
 1185      65642063 
 1185      68617200 
 1186              	.LASF28:
 1187 0369 496E6A65 		.ascii	"InjectionTimer_1_ReadControlRegister\000"
 1187      6374696F 
 1187      6E54696D 
 1187      65725F31 
 1187      5F526561 
 1188              	.LASF26:
 1189 038e 496E6A65 		.ascii	"InjectionTimer_1_ReadPeriod\000"
 1189      6374696F 
 1189      6E54696D 
 1189      65725F31 
 1189      5F526561 
 1190              	.LASF19:
 1191 03aa 496E7465 		.ascii	"InterruptMaskValue\000"
 1191      72727570 
 1191      744D6173 
 1191      6B56616C 
 1191      756500
 1192              		.comm	__gnu_lto_v1,1,1
 1193              		.ident	"GCC: (GNU Tools for ARM Embedded Processors) 4.9.3 20150303 (release) [ARM/embedded-4_9-br
