ARM GAS  C:\Users\Bruger\AppData\Local\Temp\cc0EqYTp.s 			page 1


   1              		.syntax unified
   2              		.cpu cortex-m3
   3              		.fpu softvfp
   4              		.eabi_attribute 20, 1
   5              		.eabi_attribute 21, 1
   6              		.eabi_attribute 23, 3
   7              		.eabi_attribute 24, 1
   8              		.eabi_attribute 25, 1
   9              		.eabi_attribute 26, 1
  10              		.eabi_attribute 30, 2
  11              		.eabi_attribute 34, 1
  12              		.eabi_attribute 18, 4
  13              		.thumb
  14              		.file	"Injection_1_PM.c"
  15              		.text
  16              	.Ltext0:
  17              		.section	.gnu.lto_.profile.71da2616,"",%progbits
  18 0000 789C6366 		.ascii	"x\234cf```e\200\000F\206\026F5\000\002>\000\265"
  18      60606065 
  18      80004686 
  18      16463500 
  18      023E00B5 
  19              		.text
  20              		.section	.gnu.lto_.jmpfuncs.71da2616,"",%progbits
  21 0000 789C6366 		.ascii	"x\234cf\300\016\344\2404\013\204bb``\204!f\2048\000"
  21      C00EE4A0 
  21      340B8462 
  21      62606084 
  21      21668438 
  22 0015 067E0032 		.ascii	"\006~\0002"
  23              		.text
  24              		.section	.gnu.lto_.inline.71da2616,"",%progbits
  25 0000 789C6366 		.ascii	"x\234cf\300\016\332\2404\013\003\003\237\006#\003\023"
  25      C00EDAA0 
  25      340B0303 
  25      9F062303 
  25      13
  26 0011 D7043F06 		.ascii	"\327\004?\006\266\005\362L 1&nT\002\273\012\306\011"
  26      B605F24C 
  26      2031266E 
  26      5402BB0A 
  26      C609
  27 0023 7EA81433 		.ascii	"~\250\0243\003\227\024H\335>;\270:F.\030\301\302\300"
  27      03971448 
  27      DD3E3BB8 
  27      3A462E18 
  27      C1C2C0
  28 0036 210C9464 		.ascii	"!\014\224d\373\240\207E\222\001\000C0\013{"
  28      FBA08745 
  28      92010043 
  28      300B7B
  29              		.text
  30              		.section	.gnu.lto_.pureconst.71da2616,"",%progbits
  31 0000 789C6366 		.ascii	"x\234cf``\340d\200\000\026\006)&)f)\026\011\000\002"
  31      6060E064 
  31      80001606 
  31      29262966 
ARM GAS  C:\Users\Bruger\AppData\Local\Temp\cc0EqYTp.s 			page 2


  31      29160900 
  32 0015 CF0080   		.ascii	"\317\000\200"
  33              		.text
  34              		.section	.gnu.lto_Injection_1_SaveConfig.71da2616,"",%progbits
  35 0000 789C9D92 		.ascii	"x\234\235\222Kh\023Q\024\206\317\177\247\035G\307\200"
  35      4B681351 
  35      1486CF7F 
  35      A71D47C7 
  35      80
  36 0011 B8CCBEB4 		.ascii	"\270\314\276\264\010\021\\\304\215\013\027\202\342B"
  36      08115CC4 
  36      8D0B1782 
  36      E242
  37 001f 08745B08 		.ascii	"\010t[\010%\235\205]$\020\3422\344\216\015(\2026va\013"
  37      259D855D 
  37      2410E232 
  37      E48E0D28 
  37      82367661 
  38 0034 5A4169E9 		.ascii	"ZAi\351#}\330j\353k\341\230\205 \202\"\005\205\"\025"
  38      237DD86A 
  38      EB6BE198 
  38      85208222 
  38      05852215 
  39 0048 2142BB33 		.ascii	"!B\2733\006\014Aj=\347N\0276\325B\035\270\257\271\377"
  39      060C416A 
  39      3DE74E17 
  39      36D5421D 
  39      B8AFB9FF 
  40 005c 3DFF77CE 		.ascii	"=\377w\316\275\026\355\376\242\334\032\212\350\030\217"
  40      BD16EDFE 
  40      A2DC1A8A 
  40      E8188F
  41 006b B008AAF4 		.ascii	"\260\010\252\364\226\310w\024 \023\002\025\024\012\330"
  41      96C87714 
  41      20130215 
  41      140AD8
  42 007a 50358552 		.ascii	"P5\205RP\036q;\307\265\326\337\356\277\361\023\001\232"
  42      501E713B 
  42      C7B5D6DF 
  42      EEBFF113 
  42      019A
  43 008c 7CAEAEC2 		.ascii	"|\256\256\3028\230@'\261\250V\334\374\350\332E\026\035"
  43      38984027 
  43      B1A856DC 
  43      FCE8DA45 
  43      161D
  44 009e 09F73009 		.ascii	"\011\3670\011\033<\316\037\015\364\326V}\366\345-;b"
  44      1B3CCE1F 
  44      0DF4D656 
  44      7DF6E52D 
  44      3B62
  45 00b0 5153C196 		.ascii	"QS\301\226\316\341N\271\322\021U\271\211\351W^\360h"
  45      CEE14EB9 
  45      D21155B9 
  45      89E9575E 
  45      F068
  46 00c2 7DC240F0 		.ascii	"}\302@\360\202Cr\200\206\262xrw\345\306\234\312\377"
ARM GAS  C:\Users\Bruger\AppData\Local\Temp\cc0EqYTp.s 			page 3


  46      82437280 
  46      86B27872 
  46      77E5C69C 
  46      CAFF
  47 00d4 D457B5D3 		.ascii	"\324W\265\323TV]qXL!\317\247\333h\025\227\207\356\305"
  47      54565D71 
  47      584C21CF 
  47      A7DB6815 
  47      9787EEC5 
  48 00e8 44DB2A6C 		.ascii	"D\333*l\337\024\014\376\373\271\372\356\275\263\256"
  48      DF140CFE 
  48      FBB9FAEE 
  48      BDB3AE
  49 00f7 F88F594E 		.ascii	"\370\217YN\372\305;\030\305m_\213\312\3064\362(#j\366"
  49      FAC53B18 
  49      C56D5F8B 
  49      CAC634F2 
  49      28236AF6 
  50 010b 7ECD0C2E 		.ascii	"~\315\014.\332\2612g\021\234n\252\003\230a\341w\223"
  50      DAB13267 
  50      119C6EAA 
  50      039861E1 
  50      7793
  51 011d 29661163 		.ascii	")f\021c\032\022\270\225\245m\270]\236\014\307j\314\375"
  51      1A12B895 
  51      A56DB85D 
  51      9E0CC76A 
  51      CCFD
  52 012f 01F7A563 		.ascii	"\001\367\245cO\270V\232\371\277\323\234\022\232\007"
  52      4FB8569A 
  52      F9BFD39C 
  52      129A07
  53 013e 86468A8A 		.ascii	"\206F\212\212\005\241\261\331\240\362\343\332\332\207"
  53      05A1B1D9 
  53      A0F2E3DA 
  53      DA87
  54 014c 4888E3F0 		.ascii	"H\210\343\360\231\345\251\261\254\344\352\\y\355\353"
  54      99E5A9B1 
  54      ACE4EA5C 
  54      79EDEB
  55 015b B61DE93B 		.ascii	"\266\035\351;&\250\276>Xi\027\303\"\337\343A,\"\212"
  55      26A8BE3E 
  55      586917C3 
  55      22DFE341 
  55      2C228A
  56 016e 87E28747 		.ascii	"\207\342\207G\034=$\216\357\213x\351\237\365;\204eC"
  56      1C3D248E 
  56      EF8B78E9 
  56      9FF53B84 
  56      6543
  57 0180 6C9EC363 		.ascii	"l\236\303c!vL\375n\276:\031\002\273\255&n\235KLxb\352"
  57      21764CFD 
  57      6EBE3A19 
  57      02BBAD26 
  57      6E9D4B4C 
  58 0197 77F87F68 		.ascii	"w\370\177h\236\356A\363\314\320XB\363\\h\\Z\203\037"
  58      9EEE41F3 
ARM GAS  C:\Users\Bruger\AppData\Local\Temp\cc0EqYTp.s 			page 4


  58      CCD05842 
  58      F35C685C 
  58      5A831F
  59 01aa 0C9F1503 		.ascii	"\014\237\025\003\271\343*\327\226\037 G\356:\347\245"
  59      B9E32AD7 
  59      961F2047 
  59      EE3AE7A5 
  60 01ba BD6C6FCE 		.ascii	"\275lo\316\353Kvg.eS^O\242;s&\336s>\335\357\245r\027"
  60      EB4B7667 
  60      2E65535E 
  60      4FA23B73 
  60      26DE733E 
  61 01d3 33E9E489 		.ascii	"3\351\344\211d\342\302\361\024\375\006b\277\032\377"
  61      64E2C2F1 
  61      14FD0662 
  61      BF1AFF
  62              		.text
  63              		.section	.gnu.lto_Injection_1_RestoreConfig.71da2616,"",%progbits
  64 0000 789C8D92 		.ascii	"x\234\215\222\273k\024Q\024\306\317wfv\234d\005\305"
  64      BB6B1451 
  64      14C6CF77 
  64      66769C64 
  64      05C5
  65 0012 2AEC3F90 		.ascii	"*\354?\220\370\210`ack!)\204H\332\300\"\353\024\246"
  65      F8886061 
  65      636B2129 
  65      8448DAC0 
  65      22EB14A6 
  66 0026 D8852596 		.ascii	"\330\205%\226K\356\204\025m4\217*\340\243J\310\323\304"
  66      4BEE8415 
  66      6D348F2A 
  66      E0A34AC8 
  66      D3C4
  67 0038 CD63F3B0 		.ascii	"\315c\363\260Y\322\210\215\262\210(!$(\011h\245\353"
  67      59D2888D 
  67      B2882821 
  67      24280968 
  67      A5EB
  68 004a 16619018 		.ascii	"\026a\220\030\317\271\203E\342\0322p\317\231s\3577\337"
  68      CFB98345 
  68      E21A3270 
  68      CF9973EF 
  68      37DF
  69 005c F971E63A 		.ascii	"\371q\346:\364\357\223\222\365\205\211.H\206C\340\301"
  69      F4EF9392 
  69      F585892E 
  69      488643E0 
  69      C1
  70 006d B744A1CF 		.ascii	"\267D\241\317\200\276\020\250\217\321\207o\\c\014V\246"
  70      80BE10A8 
  70      8FD1876F 
  70      5C630C56 
  70      A6
  71 007e 4792AD63 		.ascii	"G\222\255c\306\230\037\375\313-\367[\"\371\254\316\261"
  71      C6981FFD 
  71      CB2DF75B 
  71      22F9ACCE 
ARM GAS  C:\Users\Bruger\AppData\Local\Temp\cc0EqYTp.s 			page 5


  71      B1
  72 008f 0DC6D14A 		.ascii	"\015\306\321J\242\251\025\367?&\275\242h\316\306g\230"
  72      A2A915F7 
  72      3F26BDA2 
  72      68CEC667 
  72      98
  73 00a0 8007C973 		.ascii	"\200\007\311s\347*\346\340\240\2769\364\351\332\255"
  73      E72AE6E0 
  73      A0BE39F4 
  73      E9DAAD
  74 00af 66A688E1 		.ascii	"f\246\210\341j\360$\260\257\201hG\2266\335\225B\262"
  74      6AF024B0 
  74      AF816847 
  74      9636DD95 
  74      42B2
  75 00c1 B381FE72 		.ascii	"\263\201\376rik(\241\026{\254\004\317\337?\236\345\302"
  75      696B28A1 
  75      167BAC04 
  75      CFDF3F9E 
  75      E5C2
  76 00d3 2FF3D0F8 		.ascii	"/\363\320\370\021;\373\352/\273\333;\357\252\376W\226"
  76      113BFBEA 
  76      2FBBDB3B 
  76      EFAAFE57 
  76      96
  77 00e4 1D5B4E84 		.ascii	"\035[N\204\305\247x\206'\241Q\225\213I\0240\205\224"
  77      C5A77886 
  77      27A15195 
  77      8B491430 
  77      8594
  78 00f6 3DFB3D33 		.ascii	"=\373=30\357\265_\2148\201i\321\374\264\364\230A;m\302"
  78      30EFB55F 
  78      8C388169 
  78      D1FCB4F4 
  78      98413B6D 
  79 010b D53E74B4 		.ascii	"\325>t\264\213Wg\301\307\013\024H\030\">E\212U\333\256"
  79      8B5767C1 
  79      C70B1448 
  79      18223E45 
  79      8A55DBAE 
  80 011f 3A3196FB 		.ascii	":1\226\373_\254\243\034\263\2159\346,\207\216\010/\217"
  80      5FACA31C 
  80      B38D39E6 
  80      2C878E08 
  80      2F8F
  81 0131 E7105F94 		.ascii	"\347\020_\224,\207\373\227\243\264[=\023sx'\346\230"
  81      2C87FB97 
  81      A3B45B3D 
  81      13737827 
  81      E698
  82 0143 6FC4E163 		.ascii	"o\304\341c\301r\330_\266(\034\033X\037\376|I\275EV\236"
  82      C172D85F 
  82      B6281C1B 
  82      581FFE7C 
  82      49BD4556 
  83 0158 1CCDEB80 		.ascii	"\034\315\353\200\233\036\274\011\215{h\346M\326\307"
  83      9B1EBC09 
ARM GAS  C:\Users\Bruger\AppData\Local\Temp\cc0EqYTp.s 			page 6


  83      8D7B68E6 
  83      4DD6C7
  84 0167 3C1A584F 		.ascii	"<\032XOh\217bX9\037q3\226\220BY\233`Y|\005\317\342V"
  84      688F6258 
  84      391F7133 
  84      96904259 
  84      9B60597C 
  85 017f BF23A6F5 		.ascii	"\277#\246\365OL\273\322\230v\325\322:J\273v\314\324"
  85      4F4CBBD2 
  85      9876D5D2 
  85      3A4ABB76 
  85      CCD4
  86 0191 9275D5E0 		.ascii	"\222u\325\340\225\235\232\324\247i\013a\345\303k\266"
  86      959D9AD4 
  86      A7690B61 
  86      E5C36BB6 
  87 01a1 6AD23B07 		.ascii	"j\322;\007\275k\322\274\355F\220\015\362\267{\203;\351"
  87      BD6BD2BC 
  87      ED46900D 
  87      F2B77B83 
  87      3BE9
  88 01b3 AEDCBD7C 		.ascii	"\256\334\275|&\350\356\354\312]\277\332\335\221\355"
  88      26E8EEEC 
  88      CA5DBFDA 
  88      DD91ED
  89 01c2 0932BD77 		.ascii	"\0112\275ws\331\364\225t\347\315\313\031\372\0038\314"
  89      73D9F495 
  89      74E7CDCB 
  89      19FA0338 
  89      CC
  90 01d3 0C10     		.ascii	"\014\020"
  91              		.text
  92              		.section	.gnu.lto_Injection_1_Sleep.71da2616,"",%progbits
  93 0000 789C8592 		.ascii	"x\234\205\222\317k\023A\024\307\337\367\355\354&i\244"
  93      CF6B1341 
  93      14C7DFF7 
  93      EDEC2669 
  93      A4
  94 0011 8AA7D27F 		.ascii	"\212\247\322\177\240\"T\361\340Qr\360 \012B\241\327"
  94      A02254F1 
  94      E05172F0 
  94      200A42A1 
  94      D7
  95 0022 4290B807 		.ascii	"B\220\270\007=$R\3521t6Y1x\320\342)\330\326\233\265"
  95      3D2452EA 
  95      31743659 
  95      3178D0E2 
  95      29D8D69B 
  96 0037 35B58DF5 		.ascii	"5\265\215\365\327\321\305\223\224b)\245\010E\342\301"
  96      D7D1C593 
  96      946229A5 
  96      0845E2C1 
  97 0047 14F49634 		.ascii	"\024\364\2264\320v\221\032\337l\242\226\212\2720;3o"
  97      D076911A 
  97      DF6CA296 
  97      8ABA303B 
  97      336F
ARM GAS  C:\Users\Bruger\AppData\Local\Temp\cc0EqYTp.s 			page 7


  98 0059 3EF3FD7E 		.ascii	">\363\375~wf-\372\3639'\355\006\023\235\224\036\016"
  98      77662DFA 
  98      F33927ED 
  98      06139D94 
  98      1E0E
  99 006b 8127DE13 		.ascii	"\201'\336\023yqfk\257\227t\217*\247H\037\261`w\312\352"
  99      7971666B 
  99      AF97748F 
  99      2AA7481F 
  99      B16077CA 
 100 0080 E7C006CC 		.ascii	"\347\300\006\314\200@\343l)\033\343\370\312M\306DP)"
 100      8040E36C 
 100      291BE3F8 
 100      CA4DC644 
 100      5029
 101 0092 27071E69 		.ascii	"'\007\036i\255\033\205\365\276[}\241(\267\270\343\204"
 101      AD1B85F5 
 101      BE5B7DA1 
 101      28B7B8E3 
 101      84
 102 00a3 C7182061 		.ascii	"\307\030 a\232\376\376\207\244\343\013s\254\263\206"
 102      9AFEFE87 
 102      A4E30B73 
 102      ACB386
 103 00b2 5938907E 		.ascii	"Y8\220~\361x\240\333\355\326\312\375\322iNX\0242\224"
 103      F178A0DB 
 103      EDD6CAFD 
 103      D2694E58 
 103      143294
 104 00c5 BC84A84B 		.ascii	"\274\204\250K3n[2\221\336\332\304\333\235;\265\271*"
 104      336E5B32 
 104      91DEDAC4 
 104      DB9D3BB5 
 104      B92A
 105 00d7 CCCE5DB6 		.ascii	"\314\316]\266D\264\344\177^\306\027\016\331\332}\347"
 105      44B4E47F 
 105      5EC6170E 
 105      D9DA7DE7 
 106 00e7 69657C3E 		.ascii	"ie|>\325W\327\342Q\211\314t\246\035\274ILc\322\363\021"
 106      D557D7E2 
 106      5189CC74 
 106      A61DBC49 
 106      4C63D2F3 
 107 00fc B2C21CFA 		.ascii	"\262\302\034\372\361\004\375\342^\3014h\023\205\332"
 107      F104FDE2 
 107      5EC13468 
 107      1385DA
 108 010b EDBAEA08 		.ascii	"\355\272\352\010*\321\244\015\370+\305l\267pPN\302`"
 108      2AD1A40D 
 108      F82BC56C 
 108      B770504E 
 108      C260
 109 011d DEEC2493 		.ascii	"\336\354$\223\310\242\275^\011ThTW\267\223\206\026\364"
 109      C8A2BD5E 
 109      09546854 
 109      57B79386 
 109      16F4
ARM GAS  C:\Users\Bruger\AppData\Local\Temp\cc0EqYTp.s 			page 8


 110 012f E1FADD05 		.ascii	"\341\372\335\005\316\177\323%\035\017\331\3367\337x"
 110      CE7FD325 
 110      1D0FD9DE 
 110      37DF78
 111 013e 50C08EA6 		.ascii	"P\300\216\246\263\236?\005\223G\033\312\301S\344\261"
 111      B39E3F05 
 111      93471BCA 
 111      C153E4B1 
 112 014e 606465ED 		.ascii	"`de\355\373\374\275%g\260\"G\024\244B\216aQ\300\355"
 112      FBFCBD25 
 112      67B02247 
 112      14A4428E 
 112      6151C0ED 
 113 0162 E81851C5 		.ascii	"\350\030Q\305\240\000k\017f\212G\215V\014\204gQ\230"
 113      A0006B0F 
 113      668A478D 
 113      560C8467 
 113      5198
 114 0174 2D56544E 		.ascii	"-VTNEQ\032\033\377\211r\330{\351\037\336\317\177{\277"
 114      45511A1B 
 114      FF8972D8 
 114      7BE91FDE 
 114      CF7F7BBF 
 115 0188 88BC7F7D 		.ascii	"\210\274\177}GLJ/\273\336vt1\037Q\014\232\313l\274\351"
 115      474C4A2F 
 115      BBDE7674 
 115      311F510C 
 115      9ACB6CBC 
 116 019d B079BCC5 		.ascii	"\260y\274\305r\311x\205\274\\j\202\014\272\323\3637"
 116      72C97885 
 116      BC5C6A82 
 116      0CBAD3F3 
 116      37
 117 01ae D29CF1EB 		.ascii	"\322\234\361\353.Y\203\027\204\227\"\222\314\277\000"
 117      2E598317 
 117      84972292 
 117      CCBF00
 118 01bd 6325C089 		.ascii	"c%\300\211\013n\326\035\2752\346^M\017\347n\216f\334"
 118      0B6ED61D 
 118      BD32E65E 
 118      4D0FE76E 
 118      8E66DC
 119 01d0 91A1E1DC 		.ascii	"\221\241\341\334\371\263#\027\263\327\335\314\330\265"
 119      F9B32317 
 119      B3D7DDCC 
 119      D8B5
 120 01de 5C367D26 		.ascii	"\\6}&=t\371T\206~\0004!\362F"
 120      3D74F954 
 120      867E0034 
 120      21F246
 121              		.text
 122              		.section	.gnu.lto_Injection_1_Wakeup.71da2616,"",%progbits
 123 0000 789C7550 		.ascii	"x\234uP=HBQ\024>\347\274\347S\322!\232\242\301\325("
 123      3D484251 
 123      143EE7BC 
 123      E753D221 
 123      9AA2C1D5 
ARM GAS  C:\Users\Bruger\AppData\Local\Temp\cc0EqYTp.s 			page 9


 124 0015 2C229A1B 		.ascii	",\"\232\033\032\"\"\020\\\005\011{C\015\012bm\342}\371"
 124      1A222210 
 124      5C05097B 
 124      430D0A62 
 124      6DE27DF9 
 125 0029 82862869 		.ascii	"\202\206(i\012\372\031\204\312\322\024\032\032ly\273"
 125      0AFA1984 
 125      CAD2141A 
 125      1A6C79BB 
 126 0039 504454F4 		.ascii	"PDT\364\277\030\324\226\211\310C\314\356}\006A\321\205"
 126      BF18D496 
 126      89C843CC 
 126      EE7D0641 
 126      D185
 127 004b CBB9F73B 		.ascii	"\313\271\367;\337w\276\373]\011\376\256a\276\027\020"
 127      DF77BEFB 
 127      5D09FEAE 
 127      61BE1710 
 128 005b A08F57B4 		.ascii	"\240\217W\264\001R\352\014@s\020IE7\260\016\371z\020"
 128      0152EA0C 
 128      40731049 
 128      4537B00E 
 128      F97A10
 129 006e 984B42B9 		.ascii	"\230KB\271\015\313\210\342\000\010\011\222dL\340\033"
 129      0DCB88E2 
 129      00080992 
 129      644CE01B 
 130 007e 55085346 		.ascii	"U\010SFv\303\351\331e\214\275\247\037\273\227\272M\002"
 130      76C3E9D9 
 130      658CBDA7 
 130      1FBB97BA 
 130      4D02
 131 0090 A8527B3E 		.ascii	"\250R{>\356\243\0078\247\2427o\234\212\3169\235\355"
 131      EEA30738 
 131      A7A2376F 
 131      9C8ACE39 
 131      9DED
 132 00a2 1E6650E1 		.ascii	"\036fP\341\276P\3502X\253U\255\255gFI\221\301$\016\226"
 132      BE50E832 
 132      58AB55AD 
 132      AD674649 
 132      91C1240E 
 133 00b7 3941F8BC 		.ascii	"9A\370\274\020\211*=`\322\270/\221\220\210Y;\227\253"
 133      10892A3D 
 133      60D2B82F 
 133      91908859 
 133      3B97AB
 134 00ca 798A37D8 		.ascii	"y\2127\3302s\230DU\241\300\003\214s\255\004w\270xR\251"
 134      32739844 
 134      55A1C003 
 134      8C73AD04 
 134      77B87852 
 135 00df A7ED825B 		.ascii	"\247\355\202['\3717[n\012o\216>\227\317/\034\257\304"
 135      27F9375B 
 135      6E0A6F8E 
 135      3E97CF2F 
 135      1CAFC4
ARM GAS  C:\Users\Bruger\AppData\Local\Temp\cc0EqYTp.s 			page 10


 136 00f2 11EB9AD1 		.ascii	"\021\353\232\321\364-\334\306M\215\011\226\015\0171"
 136      F42DDCC6 
 136      4D8D0996 
 136      0D0F31
 137 0101 8E59ECB1 		.ascii	"\216Y\354\261z\237\271\265c\305\333o\222\2029\316\371"
 137      7A9FB9B5 
 137      63C5DB6F 
 137      928239CE 
 137      F9
 138 0112 B092E111 		.ascii	"\260\222\341\021z\341\012\365\333\244\373\307J\333;"
 138      7AE10AF5 
 138      DBA4FBC7 
 138      4ADB3B
 139 0121 5DB18BA1 		.ascii	"]\261\213\241\342Ey!\007\021B\202\242\333\312P+\271"
 139      E2457921 
 139      07114282 
 139      A2DBCA50 
 139      2BB9
 140 0133 FECBC087 		.ascii	"\376\313\300\207b\341;\203\320\310V\360'\324\214\306"
 140      62E13B83 
 140      D0C856F0 
 140      27D48CC6 
 141 0143 A4A501F1 		.ascii	"\244\245\001\361-(PN\355\035W\303jt:\246\316\004\375"
 141      2D28504E 
 141      ED1D57C3 
 141      6A743AA6 
 141      CE04FD
 142 0156 91F96848 		.ascii	"\221\371hH\015\370\374\221\261\221\300DxN\015\305f#"
 142      0DF8FC91 
 142      B191C044 
 142      784E0DC5 
 142      6623
 143 0168 E1E050D0 		.ascii	"\341\340P\32075\020\202/\345\006\224\216"
 143      37351082 
 143      2FE50694 
 143      8E
 144              		.text
 145              		.section	.gnu.lto_.symbol_nodes.71da2616,"",%progbits
 146 0000 789C55CA 		.ascii	"x\234U\312\261\015\3020\020\205\341\347;;v\342\024l"
 146      B10DC230 
 146      1085E1E7 
 146      3B3B76E2 
 146      146C
 147 0012 C012ECF7 		.ascii	"\300\022\354\367RX\324L\200\"\304\012l\220\232\031\000"
 147      5258D44C 
 147      8022C40A 
 147      6C909A19 
 147      00
 148 0023 A5CC0C88 		.ascii	"\245\314\014\2108i\216k~}O\247\000\016\016\373\211#"
 148      38698E6B 
 148      7E7D4FA7 
 148      000E0EFB 
 148      8923
 149 0035 70790224 		.ascii	"py\002$\256cB\000F\241\212\320\331Y\224\362gO\265v\221"
 149      AE634200 
 149      46A18AD0 
 149      D95994F2 
ARM GAS  C:\Users\Bruger\AppData\Local\Temp\cc0EqYTp.s 			page 11


 149      674FB576 
 150 004a 7E378661 		.ascii	"~7\206ae\303`\031\330Xv\214\226-\223ebk\231\331Y\366"
 150      65C36019 
 150      D858768C 
 150      962D9365 
 150      626B99D9 
 151 0060 CC868A88 		.ascii	"\314\206\212\210\373\353\353\024\015\346\255\001\363"
 151      FBEBEB14 
 151      0DE6AD01 
 151      F3
 152 006d 7BAD7498 		.ascii	"{\255t\230\252\245E\331\234P\316\313Q5c\252V\340S\353"
 152      AAA545D9 
 152      9C50CECB 
 152      513563AA 
 152      56E053EB 
 153 0081 05B7FAE7 		.ascii	"\005\267\372\347{\224\307\011?\177fFt"
 153      7B94C709 
 153      3F7F6646 
 153      74
 154              		.text
 155              		.section	.gnu.lto_.refs.71da2616,"",%progbits
 156 0000 789C258A 		.ascii	"x\234%\212\311\015\000 \014\200\240\255\307,\356?\240"
 156      C90D0020 
 156      0C80A0AD 
 156      C72CEE3F 
 156      A0
 157 0011 8DF22390 		.ascii	"\215\362#\220\300\341Shh\351\324]\321\212\211\003W\344"
 157      C0E15368 
 157      68E9D45D 
 157      D18A8903 
 157      57E4
 158 0023 0BC39E82 		.ascii	"\013\303\236\202\013\0205\000\202"
 158      0B103500 
 158      82
 159              		.text
 160              		.section	.gnu.lto_.decls.71da2616,"",%progbits
 161 0000 789C8D56 		.ascii	"x\234\215VmLSW\030\276\247\247\264P*:M\300\361\307\316"
 161      6D4C5357 
 161      18BEA7A7 
 161      B4502A3A 
 161      4DC0F1C7 
 162 0015 65C42DC6 		.ascii	"e\304-\306h\226-\376\233\2111\306%.D\342\314\242\211"
 162      68962DFE 
 162      9B8931C6 
 162      252E44E2 
 162      CCA289
 163 0028 41B8734C 		.ascii	"A\270sL\002\254\264K\374\265\213\370\2018\025\277\011"
 163      02ACB44B 
 163      FCB58BF8 
 163      813815BF 
 163      09
 164 0039 3A57858A 		.ascii	":W\205\212\012Be~\360%\266\200P\021P\201\3619\240\200"
 164      0A42657E 
 164      F025B680 
 164      50115081 
 164      F139A080 
 165 004d A082D682 		.ascii	"\240\202\326\202\2508\031\335{\316\271\227\336\253e"
ARM GAS  C:\Users\Bruger\AppData\Local\Temp\cc0EqYTp.s 			page 12


 165      A83819DD 
 165      7BCEB997 
 165      DEAB65
 166 005c EE264FDB 		.ascii	"\356&O\333s\357\363>\357\363\276\347\343\026s\0347\216"
 166      73EFF33E 
 166      EFF3BEE7 
 166      E316731C 
 166      378E
 167 006e 38CE0BD7 		.ascii	"8\316\013\327\347:\216\233\257\342\270\000\270\027\311"
 167      E73A8E9B 
 167      AFE2B800 
 167      B817C9
 168 007d F92E3D20 		.ascii	"\371.= \037P\000\260\001\212\000\245\200j@\015\240\016"
 168      1F5000B0 
 168      018A00A5 
 168      806A400D 
 168      A00E
 169 008f D008B807 		.ascii	"\320\010\270\007h\002\264\000@\222{\314)/\2421K\324"
 169      6802B400 
 169      40927BCC 
 169      292FA231 
 169      4BD4
 170 00a1 36004201 		.ascii	"6\000B\001\303\200J\300\010\340!\300\001\360\000\334"
 170      C3804AC0 
 170      08E021C0 
 170      01F000DC 
 171 00b1 806B8051 		.ascii	"\200k\200Q@1@\015p\001\006\000}\200^\361^\276\350\241"
 171      4031400D 
 171      70010600 
 171      7D805EF1 
 171      5EBEE8A1 
 172 00c5 5AF4E42F 		.ascii	"Z\364\344/o\201\237\274\362|c\200z1\237\224\3739\300"
 172      6F819FBC 
 172      F27C6380 
 172      7A319F94 
 172      FB39C0
 173 00d8 F91F790B 		.ascii	"\371\037y\013\304z\033\305\372\375\345%\275\322\211"
 173      C47A1BC5 
 173      FAFDE525 
 173      BDD289
 174 00e7 7949CE17 		.ascii	"yI\316\0272})?\311\371\012pA\324\350\007`1\266I\254"
 174      327D293F 
 174      C9F90A70 
 174      41D4E807 
 174      6031B649 
 175 00fc CF9F3699 		.ascii	"\317\2376\231\003\255L[\322\220\353\312\365\212D\317"
 175      03AD4C5B 
 175      D290EBCA 
 175      F58A44CF 
 176 010c 33CDCDA8 		.ascii	"3\315\315\250\012\225\024\2147\004?R\241\020\235\201"
 176      0A95148C 
 176      37043F52 
 176      A1109D81 
 177 011c 0C4B0F3B 		.ascii	"\014K\017;350\324\353\324dX\366\246\277E\035vL\200+"
 177      333530D4 
 177      EBD46458 
 177      F6A6BF45 
ARM GAS  C:\Users\Bruger\AppData\Local\Temp\cc0EqYTp.s 			page 13


 177      1D764C80 
 178 0131 235598A3 		.ascii	"#U\230\243F\221\241(\027\205\243\363(\034\024/\2400"
 178      4691A128 
 178      1785A3F3 
 178      281C142F 
 178      A030
 179 0143 F8DCA866 		.ascii	"\370\334\250fJ\373\317\264\225k\260\012\221\337\331"
 179      4AFBCFB4 
 179      956BB00A 
 179      91DFD9
 180 0152 997D2DBA 		.ascii	"\231}-\272\305\027!,M\260;\261/]\341\343No\210\341\264"
 180      C517212C 
 180      4DB03BB1 
 180      2F5DE1E3 
 180      4E6F88E1 
 181 0167 E0B2799C 		.ascii	"\340\262y\234W:\364\202S\260{\275_Q)t\021a\224\207\026"
 181      573AF482 
 181      53B07BBD 
 181      5F512974 
 181      11619487 
 182 017c 1326F94D 		.ascii	"\023&\371MCP>2@\230\375Y\311i=^\303\264\255\271\315"
 182      43503E32 
 182      4098FD59 
 182      C9693D5E 
 182      C3B4ADB9 
 183 0191 0154C252 		.ascii	"\001T\302R\234\255a\0024\376\222,\376\222\024_@\343"
 183      9CAD6102 
 183      34FE922C 
 183      FE92145F 
 183      40E3
 184 01a3 4FEDBE5C 		.ascii	"O\355\276\\\253\30214~`\334\272O\005\361\026\233%\323"
 184      ABC23134 
 184      7E60DCBA 
 184      4F05F116 
 184      9B25D3
 185 01b6 2A8F2F94 		.ascii	"*\217/\224\305\027J\3616\032_<\371\254D\215\3154\376"
 185      C5174AF1 
 185      361A5F3C 
 185      F9AC448D 
 185      CD34FE
 186 01c9 78ADC722 		.ascii	"x\255\307\"\306\017+\342/\313\342/K\361E4\276\365\346"
 186      C60F2BE2 
 186      2FCBE22F 
 186      4BF14534 
 186      BEF5E6
 187 01dc 9E3D8138 		.ascii	"\236=\2018\015Q\201\224se\277j\241\307\241:\332\222"
 187      0D518194 
 187      7365BF6A 
 187      A1C7A13A 
 187      DA92
 188 01ee 0377B21C 		.ascii	"\003w\262\034\230\016\275\344\261\252\243\343\350k\214"
 188      980EBDE4 
 188      B1AAA3E3 
 188      E86B8C
 189 01fd 74116982 		.ascii	"t\021i\202\260C\360\034\026\360|\016-\016G\237\206s"
 189      B043F01C 
 189      16F07C0E 
ARM GAS  C:\Users\Bruger\AppData\Local\Temp\cc0EqYTp.s 			page 14


 189      2D0E479F 
 189      8673
 190 020f E83A8A00 		.ascii	"\350:\212\000\032M\202\256\3004\\\205i\310\201&{N\357"
 190      1A4D82AE 
 190      C0345C85 
 190      69C88126 
 190      7B4EEF
 191 0222 AAF83A55 		.ascii	"\252\370:UX\201\256!\035\372c\332\006\315 6~\357N\033"
 191      5881AE21 
 191      1DFA63DA 
 191      06CD2036 
 191      7EEF4E1B 
 192 0236 964F2461 		.ascii	"\226O$a\372f\262X1\223\375C\223'C\260\215\271=3\261"
 192      FA66B258 
 192      3193FD43 
 192      932743B0 
 192      8DB93D33 
 193 024b F7056DB7 		.ascii	"\367\005m\267\3409\237[\370\335\241\324\214\034\301"
 193      E0399F5B 
 193      F8DDA1D4 
 193      8C1CC1
 194 025a E5F52EA0 		.ascii	"\345\365.\240A\250DVs\211Ts)\255\371N\377\304s=]Ys\210"
 194      41A84456 
 194      73895473 
 194      29ADF94E 
 194      FFC4733D 
 195 0272 4E56DBE0 		.ascii	"NV\333\3408\246+KE\206\277\215\271\313\203\360KeG\014"
 195      38A62B4B 
 195      4586BF8D 
 195      B9CB83F0 
 195      4B65470C 
 196 0286 AC232746 		.ascii	"\254#'F&\256\004\322\241\327\213IK\336\014\024\344j"
 196      26AE04D2 
 196      A1D78B49 
 196      4BDE0C14 
 196      E46A
 197 0298 50848ED5 		.ascii	"P\204\216\325je\265:\240\202\033\276Z\015b\255\264m"
 197      6A65B53A 
 197      A0821BBE 
 197      5A0D62AD 
 197      B46D
 198 02aa 42AA1070 		.ascii	"B\252\020p>\204CePa9T\210\354\3209\203\330\271\012\270"
 198      3E844365 
 198      50613954 
 198      88ECD039 
 198      83D8B90A 
 199 02bf 79136E42 		.ascii	"y\023nB\246\327\273\032z\025mq(\332R\251hKu^\255'\020"
 199      A6D7BB1A 
 199      7A156D71 
 199      28DA52A9 
 199      684B755E 
 200 02d6 FFC32CB7 		.ascii	"\377\303,\267\375>\331\025$\266\345a\351O\262\266@\020"
 200      FD3ED915 
 200      24B6E561 
 200      E94FB2B6 
 200      4010
 201 02e8 AA92B5A5 		.ascii	"\252\222\265\245JjK5mKU\367\335n\035>\306\366\311\205"
ARM GAS  C:\Users\Bruger\AppData\Local\Temp\cc0EqYTp.s 			page 15


 201      4A6A4B35 
 201      6D4B55F7 
 201      DD6E1D3E 
 201      C6F6C985 
 202 02fc 8142F72C 		.ascii	"\201B\367,\252\342J\333S\243\267H\333\201h\334\222i"
 202      AAE24ADB 
 202      53A3B748 
 202      DB8168DC 
 202      9269
 203 030e DC92346A 		.ascii	"\334\2224j\250F\306.G\206Z\015\2076\235\306\215t\253"
 203      A846C62E 
 203      47865A0D 
 203      87369DC6 
 203      8D74AB
 204 0321 BEF0F659 		.ascii	"\276\360\366YU3nU'\255\244\026\211\245X\252:y\234\317"
 204      55336E55 
 204      27ADA416 
 204      89A558AA 
 204      3A799CCF 
 205 0335 3CEC6FEF 		.ascii	"<\354o\35792\233y\250\030\224y\200\020t[\346\341\266"
 205      39329B79 
 205      A8189479 
 205      8010745B 
 205      E6E1B6
 206 0348 E4A18E7A 		.ascii	"\344\241\216z(\317\031v\007S\017\216i\017\275W_^\327"
 206      28CF1976 
 206      07530F8E 
 206      690FBD57 
 206      5F5ED7
 207 035b CDE8A19E 		.ascii	"\315\350\241\236z\270#y8\272;+\017\343\006f\"\307uQ"
 207      7AB82379 
 207      38BA3B2B 
 207      0FE30666 
 207      22C77551 
 208 036f CD3CFC6D 		.ascii	"\315<\374m\255\365y\200\020\324 \363\320 yh\244\036"
 208      ADF57980 
 208      10D420F3 
 208      D0207968 
 208      A41E
 209 0381 F666B5F5 		.ascii	"\366f\265\365\006\340!&a\263\327\037f\013\3255e\255"
 209      06E02126 
 209      61B3D71F 
 209      660BD535 
 209      65AD
 210 0393 516ADC95 		.ascii	"Qj\334\225i\334\2254\356Q\215\364\334\212S:<%j\\\257"
 210      69DC9534 
 210      EE518DF4 
 210      DC8A533A 
 210      3C256A5C 
 211 03a8 1A66B36A 		.ascii	"\032f\263j\311\263\3566\3106\367}\231\302}I\241\211"
 211      C9B3EE36 
 211      C836F77D 
 211      99C27D49 
 211      A189
 212 03ba 2A9CBDD9 		.ascii	"*\234\275\331z$\030\037\304l]dU\271U\314EY-_\271S\230"
 212      7A24181F 
 212      C46C5D64 
ARM GAS  C:\Users\Bruger\AppData\Local\Temp\cc0EqYTp.s 			page 16


 212      55B955CC 
 212      45592D5F 
 213 03d1 246B984A 		.ascii	"$k\230J4\313$\232%\211\026*Q\224m\275\026D\367\312\012"
 213      34CB249A 
 213      2589162A 
 213      51946DBD 
 213      1644F7CA 
 214 03e6 DA8D63C7 		.ascii	"\332\215c\307\363\003\350^\011$\303\206\033#yZ|\226"
 214      F303E85E 
 214      0924C386 
 214      1B23795A 
 214      7C96
 215 03f8 2538DA7C 		.ascii	"%8\332|\265<\030\227\261Ac~\2537\030\327\261\301\203"
 215      B53C1897 
 215      B141637E 
 215      AB3718D7 
 215      B1C183
 216 040b D1DCB35A 		.ascii	"\321\334\263Z|\237\015v\3368\227\241\305]l\320\373\252"
 216      7C9F0D76 
 216      DE3897A1 
 216      C55D6CD0 
 216      FBAA
 217 041d B7524BE5 		.ascii	"\267RK\345\227\222a\332T\203M\215\335\354Y\212\375R"
 217      979261DA 
 217      54834D8D 
 217      DDEC598A 
 217      FD52
 218 042f 337BB61C 		.ascii	"3{\266\034\206\332\272\374\354)-ZH\256y\021\026\330"
 218      86DABAFC 
 218      EC292D5A 
 218      48AE7911 
 218      16D8
 219 0441 4BAE0383 		.ascii	"K\256\003\203u\301B\346R\272\324\272\241\204\007h\236"
 219      75C142E6 
 219      52BAD4BA 
 219      A1840768 
 219      9E
 220 0452 741E2D22 		.ascii	"t\036-\"\323\332C&\227\243\324\221\324}z\341\374R\272"
 220      D3DA4326 
 220      97A3D491 
 220      D47D7AE1 
 220      FC52BA
 221 0465 223A45EA 		.ascii	"\":E\352\364\026\244\344\\\037\331=\340\323\355\362"
 221      F416A4E4 
 221      5C1FD93D 
 221      E0D3EDF2 
 222 0475 A3FB978F 		.ascii	"\243\373\227\217\3323P3Mm\367C\375l\232\37185}\332A"
 222      DA335033 
 222      4D6DF743 
 222      FD6C9AF9 
 222      38357DDA 
 223 048a 875F0765 		.ascii	"\207_\007eT\366\020]\243\026a\205\221C\177\302\363V"
 223      54F6105D 
 223      A3166185 
 223      91437FC2 
 223      F356
 224 049c BA42091B 		.ascii	"\272B\011\033f\010\015\302i\321\217\026\242\001\200"
ARM GAS  C:\Users\Bruger\AppData\Local\Temp\cc0EqYTp.s 			page 17


 224      66080DC2 
 224      69D18F16 
 224      A20180
 225 04ab 0BD007E8 		.ascii	"\013\320\007\350E\013\351\214\2213\310\325\225\255\021"
 225      450BE98C 
 225      9133C8D5 
 225      95AD11
 226 04ba 10A173D2 		.ascii	"\020\241s\322\214J\007\255\252\274\265\375\254\016E"
 226      8C4A07AD 
 226      AABCB5FD 
 226      AC0E45
 227 04c9 CCA3BC93 		.ascii	"\314\243\274\223\253\002\321C\020m\363\235S$\210^\376"
 227      AB02D143 
 227      106DF39D 
 227      5324885E 
 227      FE
 228 04da 2CA021C8 		.ascii	",\240!\310\374\177\\\300\304ut5\265jq\212\232\316\342"
 228      FC7F5CC0 
 228      C4757435 
 228      B56A718A 
 228      9ACEE2
 229 04ed C337FB0F 		.ascii	"\3037\373\017\250?>#\010\026\217\263=G\225\"X\340\020"
 229      A83F3E23 
 229      08168FB3 
 229      3D479522 
 229      58E010
 230 0500 246B97A6 		.ascii	"$k\227\246\177\304\322\313*}\304\326\037z\214>\206\350"
 230      7FC4D2CB 
 230      2A7DC4D6 
 230      1F7A8C3E 
 230      86E8
 231 0512 A7FD1733 		.ascii	"\247\375\02734\372trr\302\276\015r\206\320\003\310\267"
 231      34FA7472 
 231      72C2BE0D 
 231      7286D003 
 231      C8B7
 232 0524 7387919E 		.ascii	"s\207\221\236\262\341\033\330B\313\340\023\265\202M"
 232      B2E11BD8 
 232      42CBE013 
 232      B5824D
 233 0533 72F8D823 		.ascii	"r\370\330#\"{\204\261O\354\313\011\304G\231\315\253"
 233      227B84B1 
 233      4FECCB09 
 233      C44799CD 
 233      AB
 234 0544 2FD34B66 		.ascii	"/\323Kf\351\322\310\371\374\3767\0334\263\2451\2755"
 234      E9D2C8F9 
 234      FCFE371B 
 234      34B3A531 
 234      BD35
 235 0556 88BD0BDF 		.ascii	"\210\275\013\337\216x6\303\273\320v\372\326\030\026"
 235      8E7836C3 
 235      BBD076FA 
 235      D61816
 236 0565 043572C3 		.ascii	"\0045r\303\022x\342\353\373S${\031\366g5\350\025\025"
 236      1278E2EB 
 236      FB53247B 
ARM GAS  C:\Users\Bruger\AppData\Local\Temp\cc0EqYTp.s 			page 18


 236      19F66735 
 236      E81515
 237 0578 B815E7BE 		.ascii	"\270\025\347\276G\254\300C+\2308\32374[\301.VtgTd\217"
 237      47ACC043 
 237      2B9838D3 
 237      37345BC1 
 237      2E567467 
 238 058f 527667A9 		.ascii	"Rvg\251\243{\226\202]\257`\217\211\3541\312\3168|\262"
 238      A37B9682 
 238      5DAF608F 
 238      89EC31CA 
 238      CE387CB2 
 239 05a3 2248C176 		.ascii	"\"H\301v*\330\317E\366s\302\306\216\\G\247\016\205\353"
 239      2AD8CF45 
 239      F673C2C6 
 239      8E5C47A7 
 239      0E85EB
 240 05b6 C233E17F 		.ascii	"\3023\341\177\325\304\002\364\002jJ#\313\310\263C\300"
 240      D5C402F4 
 240      026A4A23 
 240      CBC8B343 
 240      C0
 241 05c7 9921526F 		.ascii	"\231!Ro8\372\200C/Af\034d\010\333\376\310\353\375\305"
 241      38FA8043 
 241      2F41661C 
 241      6408DBFE 
 241      C8EBFDC5 
 242 05db CBAE835A 		.ascii	"\313\256\203ZJ \037`\241'\323\236\256\234\316\013\012"
 242      4A201F60 
 242      A127D39E 
 242      AE9CCE0B 
 242      0A
 243 05ec 0BAF905E 		.ascii	"\013\257\220^\352!\374\344B\327$\374\310\307\230\342"
 243      EA21FCE4 
 243      42D724FC 
 243      C8C798E2 
 244 05fc 1213362F 		.ascii	"\022\0236/\333\034\025\3753\27721\341\373\270\255\232"
 244      DB1C15FD 
 244      33BF3231 
 244      E1FBB8AD 
 244      9A
 245 060d D5DFAC37 		.ascii	"\325\337\2547\254\344\026\255\346\023xc\264\211\217"
 245      ACE416AD 
 245      E6137863 
 245      B4898F
 246 061c DD1C9568 		.ascii	"\335\034\225h6\306\360\233\"\243\022W~\261I\036\024"
 246      36C6F09B 
 246      22A31257 
 246      7EB1491E 
 246      14
 247 062d B976490C 		.ascii	"\271vI\014\367\241\374\316:>\331\224h\024\225>P$\210"
 247      F7A1FCCE 
 247      3A3ED994 
 247      6814953E 
 247      502488
 248 0640 E7F9A4B9 		.ascii	"\347\371\244\271\362;\033\242\267\361\346\244\000s\\"
 248      F23B1BA2 
ARM GAS  C:\Users\Bruger\AppData\Local\Temp\cc0EqYTp.s 			page 19


 248      B7F1E6A4 
 248      00735C
 249 064f 8269F947 		.ascii	"\202i\371G3d\213\331n\332\236\304'/\371\201[\240L\023"
 249      33648BD9 
 249      6EDA9EC4 
 249      272FF981 
 249      5BA04C13 
 250 0663 1D0B394C 		.ascii	"\035\0139L\306\304\370u\374\326\270d\023o\374\344\375"
 250      C6C4F875 
 250      FCD6B864 
 250      136FFCE4 
 250      FD
 251 0674 7E414543 		.ascii	"~AEC\262-\3732\354]1s\002\210\204\276}?\2227\306%\306"
 251      B22DFB32 
 251      EC5D3173 
 251      028884BE 
 251      7D3F9237 
 252 068b 1A14B68D 		.ascii	"\032\024\266\215q&\376\255\344\363\375\020\250`\330"
 252      7126FEAD 
 252      E4F3FD10 
 252      A860D8
 253 069a 3B0F98E2 		.ascii	";\017\230\342\034EkL\211\312\316\254J\210\336\022\317"
 253      1C456B4C 
 253      89CACEAC 
 253      4A88DE12 
 253      CF
 254 06ab 2B44B744 		.ascii	"+D\267D\307l3'E\231\214\346\030SH\344\206\265\214\022"
 254      C76C3327 
 254      45998CE6 
 254      185348E4 
 254      86B58C12 
 255 06bf 65828235 		.ascii	"e\202\20250\\\037\273%\010\276\2308hAj\2439\311\264"
 255      305C1FBB 
 255      2508BE98 
 255      3868416A 
 255      A339C9B4 
 256 06d3 363A79DB 		.ascii	"6:y\333\267\321\361f~.<|\313\363\334w\345\325F~\353"
 256      B7D1F166 
 256      7E2E3C7C 
 256      CBF3DC77 
 256      E5D5467E 
 257 06e8 F27F01DB 		.ascii	"\362\177\001\333\325/."
 257      D52F2E
 258              		.text
 259              		.section	.gnu.lto_.symtab.71da2616,"",%progbits
 260 0000 496E6A65 		.ascii	"Injection_1_SaveConfig\000\000\000\000\000\000\000\000"
 260      6374696F 
 260      6E5F315F 
 260      53617665 
 260      436F6E66 
 261 001e 00000000 		.ascii	"\000\000\000\000\254\000\000\000Injection_1_Restore"
 261      AC000000 
 261      496E6A65 
 261      6374696F 
 261      6E5F315F 
 262 0039 436F6E66 		.ascii	"Config\000\000\000\000\000\000\000\000\000\000\000\000"
 262      69670000 
ARM GAS  C:\Users\Bruger\AppData\Local\Temp\cc0EqYTp.s 			page 20


 262      00000000 
 262      00000000 
 262      0000
 263 004b AE000000 		.ascii	"\256\000\000\000Injection_1_Sleep\000\000\000\000\000"
 263      496E6A65 
 263      6374696F 
 263      6E5F315F 
 263      536C6565 
 264 0065 00000000 		.ascii	"\000\000\000\000\000\000\000\260\000\000\000Injecti"
 264      000000B0 
 264      00000049 
 264      6E6A6563 
 264      7469
 265 0077 6F6E5F31 		.ascii	"on_1_Wakeup\000\000\000\000\000\000\000\000\000\000"
 265      5F57616B 
 265      65757000 
 265      00000000 
 265      00000000 
 266 008c 0000B200 		.ascii	"\000\000\262\000\000\000Injection_1_ReadControlRegi"
 266      0000496E 
 266      6A656374 
 266      696F6E5F 
 266      315F5265 
 267 00ad 73746572 		.ascii	"ster\000\000\002\000\000\000\000\000\000\000\000\000"
 267      00000200 
 267      00000000 
 267      00000000 
 268 00bd BA000000 		.ascii	"\272\000\000\000Injection_1_ReadCounter\000\000\002"
 268      496E6A65 
 268      6374696F 
 268      6E5F315F 
 268      52656164 
 269 00db 00000000 		.ascii	"\000\000\000\000\000\000\000\000\000\304\000\000\000"
 269      00000000 
 269      00C40000 
 269      00
 270 00e8 496E6A65 		.ascii	"Injection_1_ReadPeriod\000\000\002\000\000\000\000\000"
 270      6374696F 
 270      6E5F315F 
 270      52656164 
 270      50657269 
 271 0106 00000000 		.ascii	"\000\000\000\000\306\000\000\000Injection_1_WriteCo"
 271      C6000000 
 271      496E6A65 
 271      6374696F 
 271      6E5F315F 
 272 0121 6E74726F 		.ascii	"ntrolRegister\000\000\002\000\000\000\000\000\000\000"
 272      6C526567 
 272      69737465 
 272      72000002 
 272      00000000 
 273 0138 0000CA00 		.ascii	"\000\000\312\000\000\000Injection_1_WriteCounter\000"
 273      0000496E 
 273      6A656374 
 273      696F6E5F 
 273      315F5772 
 274 0157 00020000 		.ascii	"\000\002\000\000\000\000\000\000\000\000\000\316\000"
ARM GAS  C:\Users\Bruger\AppData\Local\Temp\cc0EqYTp.s 			page 21


 274      00000000 
 274      000000CE 
 274      00
 275 0164 0000496E 		.ascii	"\000\000Injection_1_WritePeriod\000\000\002\000\000"
 275      6A656374 
 275      696F6E5F 
 275      315F5772 
 275      69746550 
 276 0182 00000000 		.ascii	"\000\000\000\000\000\000\000\320\000\000\000Injecti"
 276      000000D0 
 276      00000049 
 276      6E6A6563 
 276      7469
 277 0194 6F6E5F31 		.ascii	"on_1_Stop\000\000\002\000\000\000\000\000\000\000\000"
 277      5F53746F 
 277      70000002 
 277      00000000 
 277      00000000 
 278 01a8 00D20000 		.ascii	"\000\322\000\000\000Injection_1_Enable\000\000\002\000"
 278      00496E6A 
 278      65637469 
 278      6F6E5F31 
 278      5F456E61 
 279 01c3 00000000 		.ascii	"\000\000\000\000\000\000\000\000\324\000\000\000"
 279      00000000 
 279      D4000000 
 280              		.text
 281              		.section	.gnu.lto_.opts,"",%progbits
 282 0000 272D666E 		.ascii	"'-fno-trapv' '-mcpu=cortex-m3' '-mthumb' '-g' '-O3'"
 282      6F2D7472 
 282      61707627 
 282      20272D6D 
 282      6370753D 
 283 0033 20272D66 		.ascii	" '-ffunction-sections' '-finline-functions' '-flto'"
 283      66756E63 
 283      74696F6E 
 283      2D736563 
 283      74696F6E 
 284 0066 20272D66 		.ascii	" '-ffat-lto-objects'\000"
 284      6661742D 
 284      6C746F2D 
 284      6F626A65 
 284      63747327 
 285              		.text
 286              		.cfi_sections	.debug_frame
 287              		.section	.text.Injection_1_SaveConfig,"ax",%progbits
 288              		.align	2
 289              		.global	Injection_1_SaveConfig
 290              		.thumb
 291              		.thumb_func
 292              		.type	Injection_1_SaveConfig, %function
 293              	Injection_1_SaveConfig:
 294              	.LFB0:
 295              		.file 1 "Generated_Source\\PSoC5\\Injection_1_PM.c"
   1:Generated_Source\PSoC5/Injection_1_PM.c **** /*******************************************************************************
   2:Generated_Source\PSoC5/Injection_1_PM.c **** * File Name: Injection_1_PM.c
   3:Generated_Source\PSoC5/Injection_1_PM.c **** * Version 3.30
ARM GAS  C:\Users\Bruger\AppData\Local\Temp\cc0EqYTp.s 			page 22


   4:Generated_Source\PSoC5/Injection_1_PM.c **** *
   5:Generated_Source\PSoC5/Injection_1_PM.c **** * Description:
   6:Generated_Source\PSoC5/Injection_1_PM.c **** *  This file provides the power management source code to API for the
   7:Generated_Source\PSoC5/Injection_1_PM.c **** *  PWM.
   8:Generated_Source\PSoC5/Injection_1_PM.c **** *
   9:Generated_Source\PSoC5/Injection_1_PM.c **** * Note:
  10:Generated_Source\PSoC5/Injection_1_PM.c **** *
  11:Generated_Source\PSoC5/Injection_1_PM.c **** ********************************************************************************
  12:Generated_Source\PSoC5/Injection_1_PM.c **** * Copyright 2008-2014, Cypress Semiconductor Corporation.  All rights reserved.
  13:Generated_Source\PSoC5/Injection_1_PM.c **** * You may use this file only in accordance with the license, terms, conditions,
  14:Generated_Source\PSoC5/Injection_1_PM.c **** * disclaimers, and limitations in the end user license agreement accompanying
  15:Generated_Source\PSoC5/Injection_1_PM.c **** * the software package with which this file was provided.
  16:Generated_Source\PSoC5/Injection_1_PM.c **** *******************************************************************************/
  17:Generated_Source\PSoC5/Injection_1_PM.c **** 
  18:Generated_Source\PSoC5/Injection_1_PM.c **** #include "Injection_1.h"
  19:Generated_Source\PSoC5/Injection_1_PM.c **** 
  20:Generated_Source\PSoC5/Injection_1_PM.c **** static Injection_1_backupStruct Injection_1_backup;
  21:Generated_Source\PSoC5/Injection_1_PM.c **** 
  22:Generated_Source\PSoC5/Injection_1_PM.c **** 
  23:Generated_Source\PSoC5/Injection_1_PM.c **** /*******************************************************************************
  24:Generated_Source\PSoC5/Injection_1_PM.c **** * Function Name: Injection_1_SaveConfig
  25:Generated_Source\PSoC5/Injection_1_PM.c **** ********************************************************************************
  26:Generated_Source\PSoC5/Injection_1_PM.c **** *
  27:Generated_Source\PSoC5/Injection_1_PM.c **** * Summary:
  28:Generated_Source\PSoC5/Injection_1_PM.c **** *  Saves the current user configuration of the component.
  29:Generated_Source\PSoC5/Injection_1_PM.c **** *
  30:Generated_Source\PSoC5/Injection_1_PM.c **** * Parameters:
  31:Generated_Source\PSoC5/Injection_1_PM.c **** *  None
  32:Generated_Source\PSoC5/Injection_1_PM.c **** *
  33:Generated_Source\PSoC5/Injection_1_PM.c **** * Return:
  34:Generated_Source\PSoC5/Injection_1_PM.c **** *  None
  35:Generated_Source\PSoC5/Injection_1_PM.c **** *
  36:Generated_Source\PSoC5/Injection_1_PM.c **** * Global variables:
  37:Generated_Source\PSoC5/Injection_1_PM.c **** *  Injection_1_backup:  Variables of this global structure are modified to
  38:Generated_Source\PSoC5/Injection_1_PM.c **** *  store the values of non retention configuration registers when Sleep() API is
  39:Generated_Source\PSoC5/Injection_1_PM.c **** *  called.
  40:Generated_Source\PSoC5/Injection_1_PM.c **** *
  41:Generated_Source\PSoC5/Injection_1_PM.c **** *******************************************************************************/
  42:Generated_Source\PSoC5/Injection_1_PM.c **** void Injection_1_SaveConfig(void) 
  43:Generated_Source\PSoC5/Injection_1_PM.c **** {
 296              		.loc 1 43 0
 297              		.cfi_startproc
 298              		@ args = 0, pretend = 0, frame = 0
 299              		@ frame_needed = 0, uses_anonymous_args = 0
 300 0000 10B5     		push	{r4, lr}
 301              		.cfi_def_cfa_offset 8
 302              		.cfi_offset 4, -8
 303              		.cfi_offset 14, -4
  44:Generated_Source\PSoC5/Injection_1_PM.c **** 
  45:Generated_Source\PSoC5/Injection_1_PM.c ****     #if(!Injection_1_UsingFixedFunction)
  46:Generated_Source\PSoC5/Injection_1_PM.c ****         #if(!Injection_1_PWMModeIsCenterAligned)
  47:Generated_Source\PSoC5/Injection_1_PM.c ****             Injection_1_backup.PWMPeriod = Injection_1_ReadPeriod();
 304              		.loc 1 47 0
 305 0002 FFF7FEFF 		bl	Injection_1_ReadPeriod
 306              	.LVL0:
 307 0006 064C     		ldr	r4, .L3
 308 0008 A080     		strh	r0, [r4, #4]	@ movhi
ARM GAS  C:\Users\Bruger\AppData\Local\Temp\cc0EqYTp.s 			page 23


  48:Generated_Source\PSoC5/Injection_1_PM.c ****         #endif /* (!Injection_1_PWMModeIsCenterAligned) */
  49:Generated_Source\PSoC5/Injection_1_PM.c ****         Injection_1_backup.PWMUdb = Injection_1_ReadCounter();
 309              		.loc 1 49 0
 310 000a FFF7FEFF 		bl	Injection_1_ReadCounter
 311              	.LVL1:
  50:Generated_Source\PSoC5/Injection_1_PM.c ****         #if (Injection_1_UseStatus)
  51:Generated_Source\PSoC5/Injection_1_PM.c ****             Injection_1_backup.InterruptMaskValue = Injection_1_STATUS_MASK;
 312              		.loc 1 51 0
 313 000e 054B     		ldr	r3, .L3+4
  49:Generated_Source\PSoC5/Injection_1_PM.c ****         #if (Injection_1_UseStatus)
 314              		.loc 1 49 0
 315 0010 6080     		strh	r0, [r4, #2]	@ movhi
 316              		.loc 1 51 0
 317 0012 1B78     		ldrb	r3, [r3]	@ zero_extendqisi2
 318 0014 A371     		strb	r3, [r4, #6]
  52:Generated_Source\PSoC5/Injection_1_PM.c ****         #endif /* (Injection_1_UseStatus) */
  53:Generated_Source\PSoC5/Injection_1_PM.c **** 
  54:Generated_Source\PSoC5/Injection_1_PM.c ****         #if(Injection_1_DeadBandMode == Injection_1__B_PWM__DBM_256_CLOCKS || \
  55:Generated_Source\PSoC5/Injection_1_PM.c ****             Injection_1_DeadBandMode == Injection_1__B_PWM__DBM_2_4_CLOCKS)
  56:Generated_Source\PSoC5/Injection_1_PM.c ****             Injection_1_backup.PWMdeadBandValue = Injection_1_ReadDeadTime();
  57:Generated_Source\PSoC5/Injection_1_PM.c ****         #endif /*  deadband count is either 2-4 clocks or 256 clocks */
  58:Generated_Source\PSoC5/Injection_1_PM.c **** 
  59:Generated_Source\PSoC5/Injection_1_PM.c ****         #if(Injection_1_KillModeMinTime)
  60:Generated_Source\PSoC5/Injection_1_PM.c ****              Injection_1_backup.PWMKillCounterPeriod = Injection_1_ReadKillTime();
  61:Generated_Source\PSoC5/Injection_1_PM.c ****         #endif /* (Injection_1_KillModeMinTime) */
  62:Generated_Source\PSoC5/Injection_1_PM.c **** 
  63:Generated_Source\PSoC5/Injection_1_PM.c ****         #if(Injection_1_UseControl)
  64:Generated_Source\PSoC5/Injection_1_PM.c ****             Injection_1_backup.PWMControlRegister = Injection_1_ReadControlRegister();
 319              		.loc 1 64 0
 320 0016 FFF7FEFF 		bl	Injection_1_ReadControlRegister
 321              	.LVL2:
 322 001a E071     		strb	r0, [r4, #7]
 323 001c 10BD     		pop	{r4, pc}
 324              	.L4:
 325 001e 00BF     		.align	2
 326              	.L3:
 327 0020 00000000 		.word	.LANCHOR0
 328 0024 87640040 		.word	1073767559
 329              		.cfi_endproc
 330              	.LFE0:
 331              		.size	Injection_1_SaveConfig, .-Injection_1_SaveConfig
 332              		.section	.text.Injection_1_RestoreConfig,"ax",%progbits
 333              		.align	2
 334              		.global	Injection_1_RestoreConfig
 335              		.thumb
 336              		.thumb_func
 337              		.type	Injection_1_RestoreConfig, %function
 338              	Injection_1_RestoreConfig:
 339              	.LFB1:
  65:Generated_Source\PSoC5/Injection_1_PM.c ****         #endif /* (Injection_1_UseControl) */
  66:Generated_Source\PSoC5/Injection_1_PM.c ****     #endif  /* (!Injection_1_UsingFixedFunction) */
  67:Generated_Source\PSoC5/Injection_1_PM.c **** }
  68:Generated_Source\PSoC5/Injection_1_PM.c **** 
  69:Generated_Source\PSoC5/Injection_1_PM.c **** 
  70:Generated_Source\PSoC5/Injection_1_PM.c **** /*******************************************************************************
  71:Generated_Source\PSoC5/Injection_1_PM.c **** * Function Name: Injection_1_RestoreConfig
  72:Generated_Source\PSoC5/Injection_1_PM.c **** ********************************************************************************
ARM GAS  C:\Users\Bruger\AppData\Local\Temp\cc0EqYTp.s 			page 24


  73:Generated_Source\PSoC5/Injection_1_PM.c **** *
  74:Generated_Source\PSoC5/Injection_1_PM.c **** * Summary:
  75:Generated_Source\PSoC5/Injection_1_PM.c **** *  Restores the current user configuration of the component.
  76:Generated_Source\PSoC5/Injection_1_PM.c **** *
  77:Generated_Source\PSoC5/Injection_1_PM.c **** * Parameters:
  78:Generated_Source\PSoC5/Injection_1_PM.c **** *  None
  79:Generated_Source\PSoC5/Injection_1_PM.c **** *
  80:Generated_Source\PSoC5/Injection_1_PM.c **** * Return:
  81:Generated_Source\PSoC5/Injection_1_PM.c **** *  None
  82:Generated_Source\PSoC5/Injection_1_PM.c **** *
  83:Generated_Source\PSoC5/Injection_1_PM.c **** * Global variables:
  84:Generated_Source\PSoC5/Injection_1_PM.c **** *  Injection_1_backup:  Variables of this global structure are used to
  85:Generated_Source\PSoC5/Injection_1_PM.c **** *  restore the values of non retention registers on wakeup from sleep mode.
  86:Generated_Source\PSoC5/Injection_1_PM.c **** *
  87:Generated_Source\PSoC5/Injection_1_PM.c **** *******************************************************************************/
  88:Generated_Source\PSoC5/Injection_1_PM.c **** void Injection_1_RestoreConfig(void) 
  89:Generated_Source\PSoC5/Injection_1_PM.c **** {
 340              		.loc 1 89 0
 341              		.cfi_startproc
 342              		@ args = 0, pretend = 0, frame = 0
 343              		@ frame_needed = 0, uses_anonymous_args = 0
 344 0000 10B5     		push	{r4, lr}
 345              		.cfi_def_cfa_offset 8
 346              		.cfi_offset 4, -8
 347              		.cfi_offset 14, -4
  90:Generated_Source\PSoC5/Injection_1_PM.c ****         #if(!Injection_1_UsingFixedFunction)
  91:Generated_Source\PSoC5/Injection_1_PM.c ****             #if(!Injection_1_PWMModeIsCenterAligned)
  92:Generated_Source\PSoC5/Injection_1_PM.c ****                 Injection_1_WritePeriod(Injection_1_backup.PWMPeriod);
 348              		.loc 1 92 0
 349 0002 074C     		ldr	r4, .L7
 350 0004 A088     		ldrh	r0, [r4, #4]
 351 0006 FFF7FEFF 		bl	Injection_1_WritePeriod
 352              	.LVL3:
  93:Generated_Source\PSoC5/Injection_1_PM.c ****             #endif /* (!Injection_1_PWMModeIsCenterAligned) */
  94:Generated_Source\PSoC5/Injection_1_PM.c **** 
  95:Generated_Source\PSoC5/Injection_1_PM.c ****             Injection_1_WriteCounter(Injection_1_backup.PWMUdb);
 353              		.loc 1 95 0
 354 000a 6088     		ldrh	r0, [r4, #2]
 355 000c FFF7FEFF 		bl	Injection_1_WriteCounter
 356              	.LVL4:
  96:Generated_Source\PSoC5/Injection_1_PM.c **** 
  97:Generated_Source\PSoC5/Injection_1_PM.c ****             #if (Injection_1_UseStatus)
  98:Generated_Source\PSoC5/Injection_1_PM.c ****                 Injection_1_STATUS_MASK = Injection_1_backup.InterruptMaskValue;
 357              		.loc 1 98 0
 358 0010 A279     		ldrb	r2, [r4, #6]	@ zero_extendqisi2
 359 0012 044B     		ldr	r3, .L7+4
  99:Generated_Source\PSoC5/Injection_1_PM.c ****             #endif /* (Injection_1_UseStatus) */
 100:Generated_Source\PSoC5/Injection_1_PM.c **** 
 101:Generated_Source\PSoC5/Injection_1_PM.c ****             #if(Injection_1_DeadBandMode == Injection_1__B_PWM__DBM_256_CLOCKS || \
 102:Generated_Source\PSoC5/Injection_1_PM.c ****                 Injection_1_DeadBandMode == Injection_1__B_PWM__DBM_2_4_CLOCKS)
 103:Generated_Source\PSoC5/Injection_1_PM.c ****                 Injection_1_WriteDeadTime(Injection_1_backup.PWMdeadBandValue);
 104:Generated_Source\PSoC5/Injection_1_PM.c ****             #endif /* deadband count is either 2-4 clocks or 256 clocks */
 105:Generated_Source\PSoC5/Injection_1_PM.c **** 
 106:Generated_Source\PSoC5/Injection_1_PM.c ****             #if(Injection_1_KillModeMinTime)
 107:Generated_Source\PSoC5/Injection_1_PM.c ****                 Injection_1_WriteKillTime(Injection_1_backup.PWMKillCounterPeriod);
 108:Generated_Source\PSoC5/Injection_1_PM.c ****             #endif /* (Injection_1_KillModeMinTime) */
 109:Generated_Source\PSoC5/Injection_1_PM.c **** 
ARM GAS  C:\Users\Bruger\AppData\Local\Temp\cc0EqYTp.s 			page 25


 110:Generated_Source\PSoC5/Injection_1_PM.c ****             #if(Injection_1_UseControl)
 111:Generated_Source\PSoC5/Injection_1_PM.c ****                 Injection_1_WriteControlRegister(Injection_1_backup.PWMControlRegister);
 360              		.loc 1 111 0
 361 0014 E079     		ldrb	r0, [r4, #7]	@ zero_extendqisi2
  98:Generated_Source\PSoC5/Injection_1_PM.c ****             #endif /* (Injection_1_UseStatus) */
 362              		.loc 1 98 0
 363 0016 1A70     		strb	r2, [r3]
 112:Generated_Source\PSoC5/Injection_1_PM.c ****             #endif /* (Injection_1_UseControl) */
 113:Generated_Source\PSoC5/Injection_1_PM.c ****         #endif  /* (!Injection_1_UsingFixedFunction) */
 114:Generated_Source\PSoC5/Injection_1_PM.c ****     }
 364              		.loc 1 114 0
 365 0018 BDE81040 		pop	{r4, lr}
 366              		.cfi_restore 14
 367              		.cfi_restore 4
 368              		.cfi_def_cfa_offset 0
 111:Generated_Source\PSoC5/Injection_1_PM.c ****             #endif /* (Injection_1_UseControl) */
 369              		.loc 1 111 0
 370 001c FFF7FEBF 		b	Injection_1_WriteControlRegister
 371              	.LVL5:
 372              	.L8:
 373              		.align	2
 374              	.L7:
 375 0020 00000000 		.word	.LANCHOR0
 376 0024 87640040 		.word	1073767559
 377              		.cfi_endproc
 378              	.LFE1:
 379              		.size	Injection_1_RestoreConfig, .-Injection_1_RestoreConfig
 380              		.section	.text.Injection_1_Sleep,"ax",%progbits
 381              		.align	2
 382              		.global	Injection_1_Sleep
 383              		.thumb
 384              		.thumb_func
 385              		.type	Injection_1_Sleep, %function
 386              	Injection_1_Sleep:
 387              	.LFB2:
 115:Generated_Source\PSoC5/Injection_1_PM.c **** 
 116:Generated_Source\PSoC5/Injection_1_PM.c **** 
 117:Generated_Source\PSoC5/Injection_1_PM.c **** /*******************************************************************************
 118:Generated_Source\PSoC5/Injection_1_PM.c **** * Function Name: Injection_1_Sleep
 119:Generated_Source\PSoC5/Injection_1_PM.c **** ********************************************************************************
 120:Generated_Source\PSoC5/Injection_1_PM.c **** *
 121:Generated_Source\PSoC5/Injection_1_PM.c **** * Summary:
 122:Generated_Source\PSoC5/Injection_1_PM.c **** *  Disables block's operation and saves the user configuration. Should be called
 123:Generated_Source\PSoC5/Injection_1_PM.c **** *  just prior to entering sleep.
 124:Generated_Source\PSoC5/Injection_1_PM.c **** *
 125:Generated_Source\PSoC5/Injection_1_PM.c **** * Parameters:
 126:Generated_Source\PSoC5/Injection_1_PM.c **** *  None
 127:Generated_Source\PSoC5/Injection_1_PM.c **** *
 128:Generated_Source\PSoC5/Injection_1_PM.c **** * Return:
 129:Generated_Source\PSoC5/Injection_1_PM.c **** *  None
 130:Generated_Source\PSoC5/Injection_1_PM.c **** *
 131:Generated_Source\PSoC5/Injection_1_PM.c **** * Global variables:
 132:Generated_Source\PSoC5/Injection_1_PM.c **** *  Injection_1_backup.PWMEnableState:  Is modified depending on the enable
 133:Generated_Source\PSoC5/Injection_1_PM.c **** *  state of the block before entering sleep mode.
 134:Generated_Source\PSoC5/Injection_1_PM.c **** *
 135:Generated_Source\PSoC5/Injection_1_PM.c **** *******************************************************************************/
 136:Generated_Source\PSoC5/Injection_1_PM.c **** void Injection_1_Sleep(void) 
ARM GAS  C:\Users\Bruger\AppData\Local\Temp\cc0EqYTp.s 			page 26


 137:Generated_Source\PSoC5/Injection_1_PM.c **** {
 388              		.loc 1 137 0
 389              		.cfi_startproc
 390              		@ args = 0, pretend = 0, frame = 0
 391              		@ frame_needed = 0, uses_anonymous_args = 0
 392 0000 10B5     		push	{r4, lr}
 393              		.cfi_def_cfa_offset 8
 394              		.cfi_offset 4, -8
 395              		.cfi_offset 14, -4
 138:Generated_Source\PSoC5/Injection_1_PM.c ****     #if(Injection_1_UseControl)
 139:Generated_Source\PSoC5/Injection_1_PM.c ****         if(Injection_1_CTRL_ENABLE == (Injection_1_CONTROL & Injection_1_CTRL_ENABLE))
 396              		.loc 1 139 0
 397 0002 0A4B     		ldr	r3, .L11
 398 0004 0A4C     		ldr	r4, .L11+4
 399 0006 1B78     		ldrb	r3, [r3]	@ zero_extendqisi2
 400 0008 DB09     		lsrs	r3, r3, #7
 401 000a 2370     		strb	r3, [r4]
 140:Generated_Source\PSoC5/Injection_1_PM.c ****         {
 141:Generated_Source\PSoC5/Injection_1_PM.c ****             /*Component is enabled */
 142:Generated_Source\PSoC5/Injection_1_PM.c ****             Injection_1_backup.PWMEnableState = 1u;
 143:Generated_Source\PSoC5/Injection_1_PM.c ****         }
 144:Generated_Source\PSoC5/Injection_1_PM.c ****         else
 145:Generated_Source\PSoC5/Injection_1_PM.c ****         {
 146:Generated_Source\PSoC5/Injection_1_PM.c ****             /* Component is disabled */
 147:Generated_Source\PSoC5/Injection_1_PM.c ****             Injection_1_backup.PWMEnableState = 0u;
 148:Generated_Source\PSoC5/Injection_1_PM.c ****         }
 149:Generated_Source\PSoC5/Injection_1_PM.c ****     #endif /* (Injection_1_UseControl) */
 150:Generated_Source\PSoC5/Injection_1_PM.c **** 
 151:Generated_Source\PSoC5/Injection_1_PM.c ****     /* Stop component */
 152:Generated_Source\PSoC5/Injection_1_PM.c ****     Injection_1_Stop();
 402              		.loc 1 152 0
 403 000c FFF7FEFF 		bl	Injection_1_Stop
 404              	.LVL6:
 405              	.LBB4:
 406              	.LBB5:
  47:Generated_Source\PSoC5/Injection_1_PM.c ****         #endif /* (!Injection_1_PWMModeIsCenterAligned) */
 407              		.loc 1 47 0
 408 0010 FFF7FEFF 		bl	Injection_1_ReadPeriod
 409              	.LVL7:
 410 0014 A080     		strh	r0, [r4, #4]	@ movhi
  49:Generated_Source\PSoC5/Injection_1_PM.c ****         #if (Injection_1_UseStatus)
 411              		.loc 1 49 0
 412 0016 FFF7FEFF 		bl	Injection_1_ReadCounter
 413              	.LVL8:
  51:Generated_Source\PSoC5/Injection_1_PM.c ****         #endif /* (Injection_1_UseStatus) */
 414              		.loc 1 51 0
 415 001a 064B     		ldr	r3, .L11+8
  49:Generated_Source\PSoC5/Injection_1_PM.c ****         #if (Injection_1_UseStatus)
 416              		.loc 1 49 0
 417 001c 6080     		strh	r0, [r4, #2]	@ movhi
  51:Generated_Source\PSoC5/Injection_1_PM.c ****         #endif /* (Injection_1_UseStatus) */
 418              		.loc 1 51 0
 419 001e 1B78     		ldrb	r3, [r3]	@ zero_extendqisi2
 420 0020 A371     		strb	r3, [r4, #6]
  64:Generated_Source\PSoC5/Injection_1_PM.c ****         #endif /* (Injection_1_UseControl) */
 421              		.loc 1 64 0
 422 0022 FFF7FEFF 		bl	Injection_1_ReadControlRegister
ARM GAS  C:\Users\Bruger\AppData\Local\Temp\cc0EqYTp.s 			page 27


 423              	.LVL9:
 424 0026 E071     		strb	r0, [r4, #7]
 425 0028 10BD     		pop	{r4, pc}
 426              	.L12:
 427 002a 00BF     		.align	2
 428              	.L11:
 429 002c 77640040 		.word	1073767543
 430 0030 00000000 		.word	.LANCHOR0
 431 0034 87640040 		.word	1073767559
 432              	.LBE5:
 433              	.LBE4:
 434              		.cfi_endproc
 435              	.LFE2:
 436              		.size	Injection_1_Sleep, .-Injection_1_Sleep
 437              		.section	.text.Injection_1_Wakeup,"ax",%progbits
 438              		.align	2
 439              		.global	Injection_1_Wakeup
 440              		.thumb
 441              		.thumb_func
 442              		.type	Injection_1_Wakeup, %function
 443              	Injection_1_Wakeup:
 444              	.LFB3:
 153:Generated_Source\PSoC5/Injection_1_PM.c **** 
 154:Generated_Source\PSoC5/Injection_1_PM.c ****     /* Save registers configuration */
 155:Generated_Source\PSoC5/Injection_1_PM.c ****     Injection_1_SaveConfig();
 156:Generated_Source\PSoC5/Injection_1_PM.c **** }
 157:Generated_Source\PSoC5/Injection_1_PM.c **** 
 158:Generated_Source\PSoC5/Injection_1_PM.c **** 
 159:Generated_Source\PSoC5/Injection_1_PM.c **** /*******************************************************************************
 160:Generated_Source\PSoC5/Injection_1_PM.c **** * Function Name: Injection_1_Wakeup
 161:Generated_Source\PSoC5/Injection_1_PM.c **** ********************************************************************************
 162:Generated_Source\PSoC5/Injection_1_PM.c **** *
 163:Generated_Source\PSoC5/Injection_1_PM.c **** * Summary:
 164:Generated_Source\PSoC5/Injection_1_PM.c **** *  Restores and enables the user configuration. Should be called just after
 165:Generated_Source\PSoC5/Injection_1_PM.c **** *  awaking from sleep.
 166:Generated_Source\PSoC5/Injection_1_PM.c **** *
 167:Generated_Source\PSoC5/Injection_1_PM.c **** * Parameters:
 168:Generated_Source\PSoC5/Injection_1_PM.c **** *  None
 169:Generated_Source\PSoC5/Injection_1_PM.c **** *
 170:Generated_Source\PSoC5/Injection_1_PM.c **** * Return:
 171:Generated_Source\PSoC5/Injection_1_PM.c **** *  None
 172:Generated_Source\PSoC5/Injection_1_PM.c **** *
 173:Generated_Source\PSoC5/Injection_1_PM.c **** * Global variables:
 174:Generated_Source\PSoC5/Injection_1_PM.c **** *  Injection_1_backup.pwmEnable:  Is used to restore the enable state of
 175:Generated_Source\PSoC5/Injection_1_PM.c **** *  block on wakeup from sleep mode.
 176:Generated_Source\PSoC5/Injection_1_PM.c **** *
 177:Generated_Source\PSoC5/Injection_1_PM.c **** *******************************************************************************/
 178:Generated_Source\PSoC5/Injection_1_PM.c **** void Injection_1_Wakeup(void) 
 179:Generated_Source\PSoC5/Injection_1_PM.c **** {
 445              		.loc 1 179 0
 446              		.cfi_startproc
 447              		@ args = 0, pretend = 0, frame = 0
 448              		@ frame_needed = 0, uses_anonymous_args = 0
 449 0000 10B5     		push	{r4, lr}
 450              		.cfi_def_cfa_offset 8
 451              		.cfi_offset 4, -8
 452              		.cfi_offset 14, -4
ARM GAS  C:\Users\Bruger\AppData\Local\Temp\cc0EqYTp.s 			page 28


 453              	.LBB8:
 454              	.LBB9:
  92:Generated_Source\PSoC5/Injection_1_PM.c ****             #endif /* (!Injection_1_PWMModeIsCenterAligned) */
 455              		.loc 1 92 0
 456 0002 0A4C     		ldr	r4, .L18
 457 0004 A088     		ldrh	r0, [r4, #4]
 458 0006 FFF7FEFF 		bl	Injection_1_WritePeriod
 459              	.LVL10:
  95:Generated_Source\PSoC5/Injection_1_PM.c **** 
 460              		.loc 1 95 0
 461 000a 6088     		ldrh	r0, [r4, #2]
 462 000c FFF7FEFF 		bl	Injection_1_WriteCounter
 463              	.LVL11:
  98:Generated_Source\PSoC5/Injection_1_PM.c ****             #endif /* (Injection_1_UseStatus) */
 464              		.loc 1 98 0
 465 0010 074B     		ldr	r3, .L18+4
 466 0012 A279     		ldrb	r2, [r4, #6]	@ zero_extendqisi2
 111:Generated_Source\PSoC5/Injection_1_PM.c ****             #endif /* (Injection_1_UseControl) */
 467              		.loc 1 111 0
 468 0014 E079     		ldrb	r0, [r4, #7]	@ zero_extendqisi2
  98:Generated_Source\PSoC5/Injection_1_PM.c ****             #endif /* (Injection_1_UseStatus) */
 469              		.loc 1 98 0
 470 0016 1A70     		strb	r2, [r3]
 111:Generated_Source\PSoC5/Injection_1_PM.c ****             #endif /* (Injection_1_UseControl) */
 471              		.loc 1 111 0
 472 0018 FFF7FEFF 		bl	Injection_1_WriteControlRegister
 473              	.LVL12:
 474              	.LBE9:
 475              	.LBE8:
 180:Generated_Source\PSoC5/Injection_1_PM.c ****      /* Restore registers values */
 181:Generated_Source\PSoC5/Injection_1_PM.c ****     Injection_1_RestoreConfig();
 182:Generated_Source\PSoC5/Injection_1_PM.c **** 
 183:Generated_Source\PSoC5/Injection_1_PM.c ****     if(Injection_1_backup.PWMEnableState != 0u)
 476              		.loc 1 183 0
 477 001c 2378     		ldrb	r3, [r4]	@ zero_extendqisi2
 478 001e 03B9     		cbnz	r3, .L17
 479 0020 10BD     		pop	{r4, pc}
 480              	.L17:
 184:Generated_Source\PSoC5/Injection_1_PM.c ****     {
 185:Generated_Source\PSoC5/Injection_1_PM.c ****         /* Enable component's operation */
 186:Generated_Source\PSoC5/Injection_1_PM.c ****         Injection_1_Enable();
 187:Generated_Source\PSoC5/Injection_1_PM.c ****     } /* Do nothing if component's block was disabled before */
 188:Generated_Source\PSoC5/Injection_1_PM.c **** 
 189:Generated_Source\PSoC5/Injection_1_PM.c **** }
 481              		.loc 1 189 0
 482 0022 BDE81040 		pop	{r4, lr}
 483              		.cfi_restore 14
 484              		.cfi_restore 4
 485              		.cfi_def_cfa_offset 0
 186:Generated_Source\PSoC5/Injection_1_PM.c ****     } /* Do nothing if component's block was disabled before */
 486              		.loc 1 186 0
 487 0026 FFF7FEBF 		b	Injection_1_Enable
 488              	.LVL13:
 489              	.L19:
 490 002a 00BF     		.align	2
 491              	.L18:
 492 002c 00000000 		.word	.LANCHOR0
ARM GAS  C:\Users\Bruger\AppData\Local\Temp\cc0EqYTp.s 			page 29


 493 0030 87640040 		.word	1073767559
 494              		.cfi_endproc
 495              	.LFE3:
 496              		.size	Injection_1_Wakeup, .-Injection_1_Wakeup
 497              		.bss
 498              		.align	2
 499              		.set	.LANCHOR0,. + 0
 500              		.type	Injection_1_backup, %object
 501              		.size	Injection_1_backup, 8
 502              	Injection_1_backup:
 503 0000 00000000 		.space	8
 503      00000000 
 504              		.text
 505              	.Letext0:
 506              		.file 2 "Generated_Source\\PSoC5\\cytypes.h"
 507              		.file 3 "Generated_Source\\PSoC5\\Injection_1.h"
 508              		.section	.debug_info,"",%progbits
 509              	.Ldebug_info0:
 510 0000 7A020000 		.4byte	0x27a
 511 0004 0400     		.2byte	0x4
 512 0006 00000000 		.4byte	.Ldebug_abbrev0
 513 000a 04       		.byte	0x4
 514 000b 01       		.uleb128 0x1
 515 000c 59020000 		.4byte	.LASF34
 516 0010 01       		.byte	0x1
 517 0011 A5000000 		.4byte	.LASF35
 518 0015 90010000 		.4byte	.LASF36
 519 0019 00000000 		.4byte	.Ldebug_ranges0+0
 520 001d 00000000 		.4byte	0
 521 0021 00000000 		.4byte	.Ldebug_line0
 522 0025 02       		.uleb128 0x2
 523 0026 01       		.byte	0x1
 524 0027 06       		.byte	0x6
 525 0028 47030000 		.4byte	.LASF0
 526 002c 02       		.uleb128 0x2
 527 002d 01       		.byte	0x1
 528 002e 08       		.byte	0x8
 529 002f 0D010000 		.4byte	.LASF1
 530 0033 02       		.uleb128 0x2
 531 0034 02       		.byte	0x2
 532 0035 05       		.byte	0x5
 533 0036 1C030000 		.4byte	.LASF2
 534 003a 02       		.uleb128 0x2
 535 003b 02       		.byte	0x2
 536 003c 07       		.byte	0x7
 537 003d 92000000 		.4byte	.LASF3
 538 0041 02       		.uleb128 0x2
 539 0042 04       		.byte	0x4
 540 0043 05       		.byte	0x5
 541 0044 3E030000 		.4byte	.LASF4
 542 0048 02       		.uleb128 0x2
 543 0049 04       		.byte	0x4
 544 004a 07       		.byte	0x7
 545 004b 2A010000 		.4byte	.LASF5
 546 004f 02       		.uleb128 0x2
 547 0050 08       		.byte	0x8
 548 0051 05       		.byte	0x5
ARM GAS  C:\Users\Bruger\AppData\Local\Temp\cc0EqYTp.s 			page 30


 549 0052 4B020000 		.4byte	.LASF6
 550 0056 02       		.uleb128 0x2
 551 0057 08       		.byte	0x8
 552 0058 07       		.byte	0x7
 553 0059 F6010000 		.4byte	.LASF7
 554 005d 03       		.uleb128 0x3
 555 005e 04       		.byte	0x4
 556 005f 05       		.byte	0x5
 557 0060 696E7400 		.ascii	"int\000"
 558 0064 02       		.uleb128 0x2
 559 0065 04       		.byte	0x4
 560 0066 07       		.byte	0x7
 561 0067 E9010000 		.4byte	.LASF8
 562 006b 04       		.uleb128 0x4
 563 006c 3C010000 		.4byte	.LASF9
 564 0070 02       		.byte	0x2
 565 0071 3801     		.2byte	0x138
 566 0073 2C000000 		.4byte	0x2c
 567 0077 04       		.uleb128 0x4
 568 0078 89010000 		.4byte	.LASF10
 569 007c 02       		.byte	0x2
 570 007d 3901     		.2byte	0x139
 571 007f 3A000000 		.4byte	0x3a
 572 0083 02       		.uleb128 0x2
 573 0084 04       		.byte	0x4
 574 0085 04       		.byte	0x4
 575 0086 07010000 		.4byte	.LASF11
 576 008a 02       		.uleb128 0x2
 577 008b 08       		.byte	0x8
 578 008c 04       		.byte	0x4
 579 008d 82010000 		.4byte	.LASF12
 580 0091 02       		.uleb128 0x2
 581 0092 01       		.byte	0x1
 582 0093 08       		.byte	0x8
 583 0094 00030000 		.4byte	.LASF13
 584 0098 04       		.uleb128 0x4
 585 0099 24020000 		.4byte	.LASF14
 586 009d 02       		.byte	0x2
 587 009e E201     		.2byte	0x1e2
 588 00a0 A4000000 		.4byte	0xa4
 589 00a4 05       		.uleb128 0x5
 590 00a5 6B000000 		.4byte	0x6b
 591 00a9 02       		.uleb128 0x2
 592 00aa 04       		.byte	0x4
 593 00ab 07       		.byte	0x7
 594 00ac 42020000 		.4byte	.LASF15
 595 00b0 06       		.uleb128 0x6
 596 00b1 08       		.byte	0x8
 597 00b2 03       		.byte	0x3
 598 00b3 6B       		.byte	0x6b
 599 00b4 F5000000 		.4byte	0xf5
 600 00b8 07       		.uleb128 0x7
 601 00b9 1B010000 		.4byte	.LASF16
 602 00bd 03       		.byte	0x3
 603 00be 6E       		.byte	0x6e
 604 00bf 6B000000 		.4byte	0x6b
 605 00c3 00       		.byte	0
ARM GAS  C:\Users\Bruger\AppData\Local\Temp\cc0EqYTp.s 			page 31


 606 00c4 07       		.uleb128 0x7
 607 00c5 00000000 		.4byte	.LASF17
 608 00c9 03       		.byte	0x3
 609 00ca 71       		.byte	0x71
 610 00cb 77000000 		.4byte	0x77
 611 00cf 02       		.byte	0x2
 612 00d0 07       		.uleb128 0x7
 613 00d1 1A000000 		.4byte	.LASF18
 614 00d5 03       		.byte	0x3
 615 00d6 73       		.byte	0x73
 616 00d7 77000000 		.4byte	0x77
 617 00db 04       		.byte	0x4
 618 00dc 07       		.uleb128 0x7
 619 00dd 53030000 		.4byte	.LASF19
 620 00e1 03       		.byte	0x3
 621 00e2 76       		.byte	0x76
 622 00e3 6B000000 		.4byte	0x6b
 623 00e7 06       		.byte	0x6
 624 00e8 07       		.uleb128 0x7
 625 00e9 42010000 		.4byte	.LASF20
 626 00ed 03       		.byte	0x3
 627 00ee 86       		.byte	0x86
 628 00ef 6B000000 		.4byte	0x6b
 629 00f3 07       		.byte	0x7
 630 00f4 00       		.byte	0
 631 00f5 08       		.uleb128 0x8
 632 00f6 CD000000 		.4byte	.LASF21
 633 00fa 03       		.byte	0x3
 634 00fb 8B       		.byte	0x8b
 635 00fc B0000000 		.4byte	0xb0
 636 0100 09       		.uleb128 0x9
 637 0101 0D020000 		.4byte	.LASF22
 638 0105 01       		.byte	0x1
 639 0106 2A       		.byte	0x2a
 640 0107 01       		.byte	0x1
 641 0108 0A       		.uleb128 0xa
 642 0109 00010000 		.4byte	0x100
 643 010d 00000000 		.4byte	.LFB0
 644 0111 28000000 		.4byte	.LFE0-.LFB0
 645 0115 01       		.uleb128 0x1
 646 0116 9C       		.byte	0x9c
 647 0117 37010000 		.4byte	0x137
 648 011b 0B       		.uleb128 0xb
 649 011c 06000000 		.4byte	.LVL0
 650 0120 1B020000 		.4byte	0x21b
 651 0124 0B       		.uleb128 0xb
 652 0125 0E000000 		.4byte	.LVL1
 653 0129 26020000 		.4byte	0x226
 654 012d 0B       		.uleb128 0xb
 655 012e 1A000000 		.4byte	.LVL2
 656 0132 31020000 		.4byte	0x231
 657 0136 00       		.byte	0
 658 0137 09       		.uleb128 0x9
 659 0138 55010000 		.4byte	.LASF23
 660 013c 01       		.byte	0x1
 661 013d 58       		.byte	0x58
 662 013e 01       		.byte	0x1
ARM GAS  C:\Users\Bruger\AppData\Local\Temp\cc0EqYTp.s 			page 32


 663 013f 0A       		.uleb128 0xa
 664 0140 37010000 		.4byte	0x137
 665 0144 00000000 		.4byte	.LFB1
 666 0148 28000000 		.4byte	.LFE1-.LFB1
 667 014c 01       		.uleb128 0x1
 668 014d 9C       		.byte	0x9c
 669 014e 6E010000 		.4byte	0x16e
 670 0152 0B       		.uleb128 0xb
 671 0153 0A000000 		.4byte	.LVL3
 672 0157 3C020000 		.4byte	0x23c
 673 015b 0B       		.uleb128 0xb
 674 015c 10000000 		.4byte	.LVL4
 675 0160 4D020000 		.4byte	0x24d
 676 0164 0C       		.uleb128 0xc
 677 0165 20000000 		.4byte	.LVL5
 678 0169 5E020000 		.4byte	0x25e
 679 016d 00       		.byte	0
 680 016e 0D       		.uleb128 0xd
 681 016f 6D000000 		.4byte	.LASF24
 682 0173 01       		.byte	0x1
 683 0174 88       		.byte	0x88
 684 0175 00000000 		.4byte	.LFB2
 685 0179 38000000 		.4byte	.LFE2-.LFB2
 686 017d 01       		.uleb128 0x1
 687 017e 9C       		.byte	0x9c
 688 017f BC010000 		.4byte	0x1bc
 689 0183 0E       		.uleb128 0xe
 690 0184 00010000 		.4byte	0x100
 691 0188 10000000 		.4byte	.LBB4
 692 018c 28000000 		.4byte	.LBE4-.LBB4
 693 0190 01       		.byte	0x1
 694 0191 9B       		.byte	0x9b
 695 0192 B2010000 		.4byte	0x1b2
 696 0196 0B       		.uleb128 0xb
 697 0197 14000000 		.4byte	.LVL7
 698 019b 1B020000 		.4byte	0x21b
 699 019f 0B       		.uleb128 0xb
 700 01a0 1A000000 		.4byte	.LVL8
 701 01a4 26020000 		.4byte	0x226
 702 01a8 0B       		.uleb128 0xb
 703 01a9 26000000 		.4byte	.LVL9
 704 01ad 31020000 		.4byte	0x231
 705 01b1 00       		.byte	0
 706 01b2 0B       		.uleb128 0xb
 707 01b3 10000000 		.4byte	.LVL6
 708 01b7 6F020000 		.4byte	0x26f
 709 01bb 00       		.byte	0
 710 01bc 0D       		.uleb128 0xd
 711 01bd 7F000000 		.4byte	.LASF25
 712 01c1 01       		.byte	0x1
 713 01c2 B2       		.byte	0xb2
 714 01c3 00000000 		.4byte	.LFB3
 715 01c7 34000000 		.4byte	.LFE3-.LFB3
 716 01cb 01       		.uleb128 0x1
 717 01cc 9C       		.byte	0x9c
 718 01cd 0A020000 		.4byte	0x20a
 719 01d1 0E       		.uleb128 0xe
ARM GAS  C:\Users\Bruger\AppData\Local\Temp\cc0EqYTp.s 			page 33


 720 01d2 37010000 		.4byte	0x137
 721 01d6 02000000 		.4byte	.LBB8
 722 01da 1A000000 		.4byte	.LBE8-.LBB8
 723 01de 01       		.byte	0x1
 724 01df B5       		.byte	0xb5
 725 01e0 00020000 		.4byte	0x200
 726 01e4 0B       		.uleb128 0xb
 727 01e5 0A000000 		.4byte	.LVL10
 728 01e9 3C020000 		.4byte	0x23c
 729 01ed 0B       		.uleb128 0xb
 730 01ee 10000000 		.4byte	.LVL11
 731 01f2 4D020000 		.4byte	0x24d
 732 01f6 0B       		.uleb128 0xb
 733 01f7 1C000000 		.4byte	.LVL12
 734 01fb 5E020000 		.4byte	0x25e
 735 01ff 00       		.byte	0
 736 0200 0C       		.uleb128 0xc
 737 0201 2A000000 		.4byte	.LVL13
 738 0205 76020000 		.4byte	0x276
 739 0209 00       		.byte	0
 740 020a 0F       		.uleb128 0xf
 741 020b 07000000 		.4byte	.LASF37
 742 020f 01       		.byte	0x1
 743 0210 14       		.byte	0x14
 744 0211 F5000000 		.4byte	0xf5
 745 0215 05       		.uleb128 0x5
 746 0216 03       		.byte	0x3
 747 0217 00000000 		.4byte	Injection_1_backup
 748 021b 10       		.uleb128 0x10
 749 021c 05030000 		.4byte	.LASF26
 750 0220 03       		.byte	0x3
 751 0221 C0       		.byte	0xc0
 752 0222 77000000 		.4byte	0x77
 753 0226 10       		.uleb128 0x10
 754 0227 26030000 		.4byte	.LASF27
 755 022b 03       		.byte	0x3
 756 022c B3       		.byte	0xb3
 757 022d 77000000 		.4byte	0x77
 758 0231 10       		.uleb128 0x10
 759 0232 3C000000 		.4byte	.LASF28
 760 0236 03       		.byte	0x3
 761 0237 9D       		.byte	0x9d
 762 0238 6B000000 		.4byte	0x6b
 763 023c 11       		.uleb128 0x11
 764 023d 24000000 		.4byte	.LASF29
 765 0241 03       		.byte	0x3
 766 0242 BE       		.byte	0xbe
 767 0243 4D020000 		.4byte	0x24d
 768 0247 12       		.uleb128 0x12
 769 0248 77000000 		.4byte	0x77
 770 024c 00       		.byte	0
 771 024d 11       		.uleb128 0x11
 772 024e 29020000 		.4byte	.LASF30
 773 0252 03       		.byte	0x3
 774 0253 BA       		.byte	0xba
 775 0254 5E020000 		.4byte	0x25e
 776 0258 12       		.uleb128 0x12
ARM GAS  C:\Users\Bruger\AppData\Local\Temp\cc0EqYTp.s 			page 34


 777 0259 77000000 		.4byte	0x77
 778 025d 00       		.byte	0
 779 025e 11       		.uleb128 0x11
 780 025f E6000000 		.4byte	.LASF31
 781 0263 03       		.byte	0x3
 782 0264 9E       		.byte	0x9e
 783 0265 6F020000 		.4byte	0x26f
 784 0269 12       		.uleb128 0x12
 785 026a 6B000000 		.4byte	0x6b
 786 026e 00       		.byte	0
 787 026f 13       		.uleb128 0x13
 788 0270 5C000000 		.4byte	.LASF32
 789 0274 03       		.byte	0x3
 790 0275 93       		.byte	0x93
 791 0276 13       		.uleb128 0x13
 792 0277 6F010000 		.4byte	.LASF33
 793 027b 03       		.byte	0x3
 794 027c DB       		.byte	0xdb
 795 027d 00       		.byte	0
 796              		.section	.debug_abbrev,"",%progbits
 797              	.Ldebug_abbrev0:
 798 0000 01       		.uleb128 0x1
 799 0001 11       		.uleb128 0x11
 800 0002 01       		.byte	0x1
 801 0003 25       		.uleb128 0x25
 802 0004 0E       		.uleb128 0xe
 803 0005 13       		.uleb128 0x13
 804 0006 0B       		.uleb128 0xb
 805 0007 03       		.uleb128 0x3
 806 0008 0E       		.uleb128 0xe
 807 0009 1B       		.uleb128 0x1b
 808 000a 0E       		.uleb128 0xe
 809 000b 55       		.uleb128 0x55
 810 000c 17       		.uleb128 0x17
 811 000d 11       		.uleb128 0x11
 812 000e 01       		.uleb128 0x1
 813 000f 10       		.uleb128 0x10
 814 0010 17       		.uleb128 0x17
 815 0011 00       		.byte	0
 816 0012 00       		.byte	0
 817 0013 02       		.uleb128 0x2
 818 0014 24       		.uleb128 0x24
 819 0015 00       		.byte	0
 820 0016 0B       		.uleb128 0xb
 821 0017 0B       		.uleb128 0xb
 822 0018 3E       		.uleb128 0x3e
 823 0019 0B       		.uleb128 0xb
 824 001a 03       		.uleb128 0x3
 825 001b 0E       		.uleb128 0xe
 826 001c 00       		.byte	0
 827 001d 00       		.byte	0
 828 001e 03       		.uleb128 0x3
 829 001f 24       		.uleb128 0x24
 830 0020 00       		.byte	0
 831 0021 0B       		.uleb128 0xb
 832 0022 0B       		.uleb128 0xb
 833 0023 3E       		.uleb128 0x3e
ARM GAS  C:\Users\Bruger\AppData\Local\Temp\cc0EqYTp.s 			page 35


 834 0024 0B       		.uleb128 0xb
 835 0025 03       		.uleb128 0x3
 836 0026 08       		.uleb128 0x8
 837 0027 00       		.byte	0
 838 0028 00       		.byte	0
 839 0029 04       		.uleb128 0x4
 840 002a 16       		.uleb128 0x16
 841 002b 00       		.byte	0
 842 002c 03       		.uleb128 0x3
 843 002d 0E       		.uleb128 0xe
 844 002e 3A       		.uleb128 0x3a
 845 002f 0B       		.uleb128 0xb
 846 0030 3B       		.uleb128 0x3b
 847 0031 05       		.uleb128 0x5
 848 0032 49       		.uleb128 0x49
 849 0033 13       		.uleb128 0x13
 850 0034 00       		.byte	0
 851 0035 00       		.byte	0
 852 0036 05       		.uleb128 0x5
 853 0037 35       		.uleb128 0x35
 854 0038 00       		.byte	0
 855 0039 49       		.uleb128 0x49
 856 003a 13       		.uleb128 0x13
 857 003b 00       		.byte	0
 858 003c 00       		.byte	0
 859 003d 06       		.uleb128 0x6
 860 003e 13       		.uleb128 0x13
 861 003f 01       		.byte	0x1
 862 0040 0B       		.uleb128 0xb
 863 0041 0B       		.uleb128 0xb
 864 0042 3A       		.uleb128 0x3a
 865 0043 0B       		.uleb128 0xb
 866 0044 3B       		.uleb128 0x3b
 867 0045 0B       		.uleb128 0xb
 868 0046 01       		.uleb128 0x1
 869 0047 13       		.uleb128 0x13
 870 0048 00       		.byte	0
 871 0049 00       		.byte	0
 872 004a 07       		.uleb128 0x7
 873 004b 0D       		.uleb128 0xd
 874 004c 00       		.byte	0
 875 004d 03       		.uleb128 0x3
 876 004e 0E       		.uleb128 0xe
 877 004f 3A       		.uleb128 0x3a
 878 0050 0B       		.uleb128 0xb
 879 0051 3B       		.uleb128 0x3b
 880 0052 0B       		.uleb128 0xb
 881 0053 49       		.uleb128 0x49
 882 0054 13       		.uleb128 0x13
 883 0055 38       		.uleb128 0x38
 884 0056 0B       		.uleb128 0xb
 885 0057 00       		.byte	0
 886 0058 00       		.byte	0
 887 0059 08       		.uleb128 0x8
 888 005a 16       		.uleb128 0x16
 889 005b 00       		.byte	0
 890 005c 03       		.uleb128 0x3
ARM GAS  C:\Users\Bruger\AppData\Local\Temp\cc0EqYTp.s 			page 36


 891 005d 0E       		.uleb128 0xe
 892 005e 3A       		.uleb128 0x3a
 893 005f 0B       		.uleb128 0xb
 894 0060 3B       		.uleb128 0x3b
 895 0061 0B       		.uleb128 0xb
 896 0062 49       		.uleb128 0x49
 897 0063 13       		.uleb128 0x13
 898 0064 00       		.byte	0
 899 0065 00       		.byte	0
 900 0066 09       		.uleb128 0x9
 901 0067 2E       		.uleb128 0x2e
 902 0068 00       		.byte	0
 903 0069 3F       		.uleb128 0x3f
 904 006a 19       		.uleb128 0x19
 905 006b 03       		.uleb128 0x3
 906 006c 0E       		.uleb128 0xe
 907 006d 3A       		.uleb128 0x3a
 908 006e 0B       		.uleb128 0xb
 909 006f 3B       		.uleb128 0x3b
 910 0070 0B       		.uleb128 0xb
 911 0071 27       		.uleb128 0x27
 912 0072 19       		.uleb128 0x19
 913 0073 20       		.uleb128 0x20
 914 0074 0B       		.uleb128 0xb
 915 0075 00       		.byte	0
 916 0076 00       		.byte	0
 917 0077 0A       		.uleb128 0xa
 918 0078 2E       		.uleb128 0x2e
 919 0079 01       		.byte	0x1
 920 007a 31       		.uleb128 0x31
 921 007b 13       		.uleb128 0x13
 922 007c 11       		.uleb128 0x11
 923 007d 01       		.uleb128 0x1
 924 007e 12       		.uleb128 0x12
 925 007f 06       		.uleb128 0x6
 926 0080 40       		.uleb128 0x40
 927 0081 18       		.uleb128 0x18
 928 0082 9742     		.uleb128 0x2117
 929 0084 19       		.uleb128 0x19
 930 0085 01       		.uleb128 0x1
 931 0086 13       		.uleb128 0x13
 932 0087 00       		.byte	0
 933 0088 00       		.byte	0
 934 0089 0B       		.uleb128 0xb
 935 008a 898201   		.uleb128 0x4109
 936 008d 00       		.byte	0
 937 008e 11       		.uleb128 0x11
 938 008f 01       		.uleb128 0x1
 939 0090 31       		.uleb128 0x31
 940 0091 13       		.uleb128 0x13
 941 0092 00       		.byte	0
 942 0093 00       		.byte	0
 943 0094 0C       		.uleb128 0xc
 944 0095 898201   		.uleb128 0x4109
 945 0098 00       		.byte	0
 946 0099 11       		.uleb128 0x11
 947 009a 01       		.uleb128 0x1
ARM GAS  C:\Users\Bruger\AppData\Local\Temp\cc0EqYTp.s 			page 37


 948 009b 9542     		.uleb128 0x2115
 949 009d 19       		.uleb128 0x19
 950 009e 31       		.uleb128 0x31
 951 009f 13       		.uleb128 0x13
 952 00a0 00       		.byte	0
 953 00a1 00       		.byte	0
 954 00a2 0D       		.uleb128 0xd
 955 00a3 2E       		.uleb128 0x2e
 956 00a4 01       		.byte	0x1
 957 00a5 3F       		.uleb128 0x3f
 958 00a6 19       		.uleb128 0x19
 959 00a7 03       		.uleb128 0x3
 960 00a8 0E       		.uleb128 0xe
 961 00a9 3A       		.uleb128 0x3a
 962 00aa 0B       		.uleb128 0xb
 963 00ab 3B       		.uleb128 0x3b
 964 00ac 0B       		.uleb128 0xb
 965 00ad 27       		.uleb128 0x27
 966 00ae 19       		.uleb128 0x19
 967 00af 11       		.uleb128 0x11
 968 00b0 01       		.uleb128 0x1
 969 00b1 12       		.uleb128 0x12
 970 00b2 06       		.uleb128 0x6
 971 00b3 40       		.uleb128 0x40
 972 00b4 18       		.uleb128 0x18
 973 00b5 9742     		.uleb128 0x2117
 974 00b7 19       		.uleb128 0x19
 975 00b8 01       		.uleb128 0x1
 976 00b9 13       		.uleb128 0x13
 977 00ba 00       		.byte	0
 978 00bb 00       		.byte	0
 979 00bc 0E       		.uleb128 0xe
 980 00bd 1D       		.uleb128 0x1d
 981 00be 01       		.byte	0x1
 982 00bf 31       		.uleb128 0x31
 983 00c0 13       		.uleb128 0x13
 984 00c1 11       		.uleb128 0x11
 985 00c2 01       		.uleb128 0x1
 986 00c3 12       		.uleb128 0x12
 987 00c4 06       		.uleb128 0x6
 988 00c5 58       		.uleb128 0x58
 989 00c6 0B       		.uleb128 0xb
 990 00c7 59       		.uleb128 0x59
 991 00c8 0B       		.uleb128 0xb
 992 00c9 01       		.uleb128 0x1
 993 00ca 13       		.uleb128 0x13
 994 00cb 00       		.byte	0
 995 00cc 00       		.byte	0
 996 00cd 0F       		.uleb128 0xf
 997 00ce 34       		.uleb128 0x34
 998 00cf 00       		.byte	0
 999 00d0 03       		.uleb128 0x3
 1000 00d1 0E       		.uleb128 0xe
 1001 00d2 3A       		.uleb128 0x3a
 1002 00d3 0B       		.uleb128 0xb
 1003 00d4 3B       		.uleb128 0x3b
 1004 00d5 0B       		.uleb128 0xb
ARM GAS  C:\Users\Bruger\AppData\Local\Temp\cc0EqYTp.s 			page 38


 1005 00d6 49       		.uleb128 0x49
 1006 00d7 13       		.uleb128 0x13
 1007 00d8 02       		.uleb128 0x2
 1008 00d9 18       		.uleb128 0x18
 1009 00da 00       		.byte	0
 1010 00db 00       		.byte	0
 1011 00dc 10       		.uleb128 0x10
 1012 00dd 2E       		.uleb128 0x2e
 1013 00de 00       		.byte	0
 1014 00df 3F       		.uleb128 0x3f
 1015 00e0 19       		.uleb128 0x19
 1016 00e1 03       		.uleb128 0x3
 1017 00e2 0E       		.uleb128 0xe
 1018 00e3 3A       		.uleb128 0x3a
 1019 00e4 0B       		.uleb128 0xb
 1020 00e5 3B       		.uleb128 0x3b
 1021 00e6 0B       		.uleb128 0xb
 1022 00e7 27       		.uleb128 0x27
 1023 00e8 19       		.uleb128 0x19
 1024 00e9 49       		.uleb128 0x49
 1025 00ea 13       		.uleb128 0x13
 1026 00eb 3C       		.uleb128 0x3c
 1027 00ec 19       		.uleb128 0x19
 1028 00ed 00       		.byte	0
 1029 00ee 00       		.byte	0
 1030 00ef 11       		.uleb128 0x11
 1031 00f0 2E       		.uleb128 0x2e
 1032 00f1 01       		.byte	0x1
 1033 00f2 3F       		.uleb128 0x3f
 1034 00f3 19       		.uleb128 0x19
 1035 00f4 03       		.uleb128 0x3
 1036 00f5 0E       		.uleb128 0xe
 1037 00f6 3A       		.uleb128 0x3a
 1038 00f7 0B       		.uleb128 0xb
 1039 00f8 3B       		.uleb128 0x3b
 1040 00f9 0B       		.uleb128 0xb
 1041 00fa 27       		.uleb128 0x27
 1042 00fb 19       		.uleb128 0x19
 1043 00fc 3C       		.uleb128 0x3c
 1044 00fd 19       		.uleb128 0x19
 1045 00fe 01       		.uleb128 0x1
 1046 00ff 13       		.uleb128 0x13
 1047 0100 00       		.byte	0
 1048 0101 00       		.byte	0
 1049 0102 12       		.uleb128 0x12
 1050 0103 05       		.uleb128 0x5
 1051 0104 00       		.byte	0
 1052 0105 49       		.uleb128 0x49
 1053 0106 13       		.uleb128 0x13
 1054 0107 00       		.byte	0
 1055 0108 00       		.byte	0
 1056 0109 13       		.uleb128 0x13
 1057 010a 2E       		.uleb128 0x2e
 1058 010b 00       		.byte	0
 1059 010c 3F       		.uleb128 0x3f
 1060 010d 19       		.uleb128 0x19
 1061 010e 03       		.uleb128 0x3
ARM GAS  C:\Users\Bruger\AppData\Local\Temp\cc0EqYTp.s 			page 39


 1062 010f 0E       		.uleb128 0xe
 1063 0110 3A       		.uleb128 0x3a
 1064 0111 0B       		.uleb128 0xb
 1065 0112 3B       		.uleb128 0x3b
 1066 0113 0B       		.uleb128 0xb
 1067 0114 27       		.uleb128 0x27
 1068 0115 19       		.uleb128 0x19
 1069 0116 3C       		.uleb128 0x3c
 1070 0117 19       		.uleb128 0x19
 1071 0118 00       		.byte	0
 1072 0119 00       		.byte	0
 1073 011a 00       		.byte	0
 1074              		.section	.debug_aranges,"",%progbits
 1075 0000 34000000 		.4byte	0x34
 1076 0004 0200     		.2byte	0x2
 1077 0006 00000000 		.4byte	.Ldebug_info0
 1078 000a 04       		.byte	0x4
 1079 000b 00       		.byte	0
 1080 000c 0000     		.2byte	0
 1081 000e 0000     		.2byte	0
 1082 0010 00000000 		.4byte	.LFB0
 1083 0014 28000000 		.4byte	.LFE0-.LFB0
 1084 0018 00000000 		.4byte	.LFB1
 1085 001c 28000000 		.4byte	.LFE1-.LFB1
 1086 0020 00000000 		.4byte	.LFB2
 1087 0024 38000000 		.4byte	.LFE2-.LFB2
 1088 0028 00000000 		.4byte	.LFB3
 1089 002c 34000000 		.4byte	.LFE3-.LFB3
 1090 0030 00000000 		.4byte	0
 1091 0034 00000000 		.4byte	0
 1092              		.section	.debug_ranges,"",%progbits
 1093              	.Ldebug_ranges0:
 1094 0000 00000000 		.4byte	.LFB0
 1095 0004 28000000 		.4byte	.LFE0
 1096 0008 00000000 		.4byte	.LFB1
 1097 000c 28000000 		.4byte	.LFE1
 1098 0010 00000000 		.4byte	.LFB2
 1099 0014 38000000 		.4byte	.LFE2
 1100 0018 00000000 		.4byte	.LFB3
 1101 001c 34000000 		.4byte	.LFE3
 1102 0020 00000000 		.4byte	0
 1103 0024 00000000 		.4byte	0
 1104              		.section	.debug_line,"",%progbits
 1105              	.Ldebug_line0:
 1106 0000 DA000000 		.section	.debug_str,"MS",%progbits,1
 1106      02005C00 
 1106      00000201 
 1106      FB0E0D00 
 1106      01010101 
 1107              	.LASF17:
 1108 0000 50574D55 		.ascii	"PWMUdb\000"
 1108      646200
 1109              	.LASF37:
 1110 0007 496E6A65 		.ascii	"Injection_1_backup\000"
 1110      6374696F 
 1110      6E5F315F 
 1110      6261636B 
ARM GAS  C:\Users\Bruger\AppData\Local\Temp\cc0EqYTp.s 			page 40


 1110      757000
 1111              	.LASF18:
 1112 001a 50574D50 		.ascii	"PWMPeriod\000"
 1112      6572696F 
 1112      6400
 1113              	.LASF29:
 1114 0024 496E6A65 		.ascii	"Injection_1_WritePeriod\000"
 1114      6374696F 
 1114      6E5F315F 
 1114      57726974 
 1114      65506572 
 1115              	.LASF28:
 1116 003c 496E6A65 		.ascii	"Injection_1_ReadControlRegister\000"
 1116      6374696F 
 1116      6E5F315F 
 1116      52656164 
 1116      436F6E74 
 1117              	.LASF32:
 1118 005c 496E6A65 		.ascii	"Injection_1_Stop\000"
 1118      6374696F 
 1118      6E5F315F 
 1118      53746F70 
 1118      00
 1119              	.LASF24:
 1120 006d 496E6A65 		.ascii	"Injection_1_Sleep\000"
 1120      6374696F 
 1120      6E5F315F 
 1120      536C6565 
 1120      7000
 1121              	.LASF25:
 1122 007f 496E6A65 		.ascii	"Injection_1_Wakeup\000"
 1122      6374696F 
 1122      6E5F315F 
 1122      57616B65 
 1122      757000
 1123              	.LASF3:
 1124 0092 73686F72 		.ascii	"short unsigned int\000"
 1124      7420756E 
 1124      7369676E 
 1124      65642069 
 1124      6E7400
 1125              	.LASF35:
 1126 00a5 47656E65 		.ascii	"Generated_Source\\PSoC5\\Injection_1_PM.c\000"
 1126      72617465 
 1126      645F536F 
 1126      75726365 
 1126      5C50536F 
 1127              	.LASF21:
 1128 00cd 496E6A65 		.ascii	"Injection_1_backupStruct\000"
 1128      6374696F 
 1128      6E5F315F 
 1128      6261636B 
 1128      75705374 
 1129              	.LASF31:
 1130 00e6 496E6A65 		.ascii	"Injection_1_WriteControlRegister\000"
 1130      6374696F 
 1130      6E5F315F 
ARM GAS  C:\Users\Bruger\AppData\Local\Temp\cc0EqYTp.s 			page 41


 1130      57726974 
 1130      65436F6E 
 1131              	.LASF11:
 1132 0107 666C6F61 		.ascii	"float\000"
 1132      7400
 1133              	.LASF1:
 1134 010d 756E7369 		.ascii	"unsigned char\000"
 1134      676E6564 
 1134      20636861 
 1134      7200
 1135              	.LASF16:
 1136 011b 50574D45 		.ascii	"PWMEnableState\000"
 1136      6E61626C 
 1136      65537461 
 1136      746500
 1137              	.LASF5:
 1138 012a 6C6F6E67 		.ascii	"long unsigned int\000"
 1138      20756E73 
 1138      69676E65 
 1138      6420696E 
 1138      7400
 1139              	.LASF9:
 1140 013c 75696E74 		.ascii	"uint8\000"
 1140      3800
 1141              	.LASF20:
 1142 0142 50574D43 		.ascii	"PWMControlRegister\000"
 1142      6F6E7472 
 1142      6F6C5265 
 1142      67697374 
 1142      657200
 1143              	.LASF23:
 1144 0155 496E6A65 		.ascii	"Injection_1_RestoreConfig\000"
 1144      6374696F 
 1144      6E5F315F 
 1144      52657374 
 1144      6F726543 
 1145              	.LASF33:
 1146 016f 496E6A65 		.ascii	"Injection_1_Enable\000"
 1146      6374696F 
 1146      6E5F315F 
 1146      456E6162 
 1146      6C6500
 1147              	.LASF12:
 1148 0182 646F7562 		.ascii	"double\000"
 1148      6C6500
 1149              	.LASF10:
 1150 0189 75696E74 		.ascii	"uint16\000"
 1150      313600
 1151              	.LASF36:
 1152 0190 433A5C55 		.ascii	"C:\\Users\\Bruger\\Desktop\\CODE\\PSOC5\\CY8CKIT-59"
 1152      73657273 
 1152      5C427275 
 1152      6765725C 
 1152      4465736B 
 1153 01bd 2D417264 		.ascii	"-Arduino\\CY8CKIT59_Ardudino-Speeduino.cydsn\000"
 1153      75696E6F 
 1153      5C435938 
ARM GAS  C:\Users\Bruger\AppData\Local\Temp\cc0EqYTp.s 			page 42


 1153      434B4954 
 1153      35395F41 
 1154              	.LASF8:
 1155 01e9 756E7369 		.ascii	"unsigned int\000"
 1155      676E6564 
 1155      20696E74 
 1155      00
 1156              	.LASF7:
 1157 01f6 6C6F6E67 		.ascii	"long long unsigned int\000"
 1157      206C6F6E 
 1157      6720756E 
 1157      7369676E 
 1157      65642069 
 1158              	.LASF22:
 1159 020d 496E6A65 		.ascii	"Injection_1_SaveConfig\000"
 1159      6374696F 
 1159      6E5F315F 
 1159      53617665 
 1159      436F6E66 
 1160              	.LASF14:
 1161 0224 72656738 		.ascii	"reg8\000"
 1161      00
 1162              	.LASF30:
 1163 0229 496E6A65 		.ascii	"Injection_1_WriteCounter\000"
 1163      6374696F 
 1163      6E5F315F 
 1163      57726974 
 1163      65436F75 
 1164              	.LASF15:
 1165 0242 73697A65 		.ascii	"sizetype\000"
 1165      74797065 
 1165      00
 1166              	.LASF6:
 1167 024b 6C6F6E67 		.ascii	"long long int\000"
 1167      206C6F6E 
 1167      6720696E 
 1167      7400
 1168              	.LASF34:
 1169 0259 474E5520 		.ascii	"GNU C 4.9.3 20150303 (release) [ARM/embedded-4_9-br"
 1169      4320342E 
 1169      392E3320 
 1169      32303135 
 1169      30333033 
 1170 028c 616E6368 		.ascii	"anch revision 221220] -mcpu=cortex-m3 -mthumb -g -O"
 1170      20726576 
 1170      6973696F 
 1170      6E203232 
 1170      31323230 
 1171 02bf 33202D66 		.ascii	"3 -ffunction-sections -finline-functions -flto -ffa"
 1171      66756E63 
 1171      74696F6E 
 1171      2D736563 
 1171      74696F6E 
 1172 02f2 742D6C74 		.ascii	"t-lto-objects\000"
 1172      6F2D6F62 
 1172      6A656374 
 1172      7300
ARM GAS  C:\Users\Bruger\AppData\Local\Temp\cc0EqYTp.s 			page 43


 1173              	.LASF13:
 1174 0300 63686172 		.ascii	"char\000"
 1174      00
 1175              	.LASF26:
 1176 0305 496E6A65 		.ascii	"Injection_1_ReadPeriod\000"
 1176      6374696F 
 1176      6E5F315F 
 1176      52656164 
 1176      50657269 
 1177              	.LASF2:
 1178 031c 73686F72 		.ascii	"short int\000"
 1178      7420696E 
 1178      7400
 1179              	.LASF27:
 1180 0326 496E6A65 		.ascii	"Injection_1_ReadCounter\000"
 1180      6374696F 
 1180      6E5F315F 
 1180      52656164 
 1180      436F756E 
 1181              	.LASF4:
 1182 033e 6C6F6E67 		.ascii	"long int\000"
 1182      20696E74 
 1182      00
 1183              	.LASF0:
 1184 0347 7369676E 		.ascii	"signed char\000"
 1184      65642063 
 1184      68617200 
 1185              	.LASF19:
 1186 0353 496E7465 		.ascii	"InterruptMaskValue\000"
 1186      72727570 
 1186      744D6173 
 1186      6B56616C 
 1186      756500
 1187              		.comm	__gnu_lto_v1,1,1
 1188              		.ident	"GCC: (GNU Tools for ARM Embedded Processors) 4.9.3 20150303 (release) [ARM/embedded-4_9-br
