ARM GAS  C:\Users\Bruger\AppData\Local\Temp\ccuMmGJN.s 			page 1


   1              		.syntax unified
   2              		.cpu cortex-m3
   3              		.fpu softvfp
   4              		.eabi_attribute 20, 1
   5              		.eabi_attribute 21, 1
   6              		.eabi_attribute 23, 3
   7              		.eabi_attribute 24, 1
   8              		.eabi_attribute 25, 1
   9              		.eabi_attribute 26, 1
  10              		.eabi_attribute 30, 2
  11              		.eabi_attribute 34, 1
  12              		.eabi_attribute 18, 4
  13              		.thumb
  14              		.file	"InjectionTimer_2_PM.c"
  15              		.text
  16              	.Ltext0:
  17              		.section	.gnu.lto_.profile.24c103d0,"",%progbits
  18 0000 789C6366 		.ascii	"x\234cf```e\200\000F\206\026F5\000\002>\000\265"
  18      60606065 
  18      80004686 
  18      16463500 
  18      023E00B5 
  19              		.text
  20              		.section	.gnu.lto_.jmpfuncs.24c103d0,"",%progbits
  21 0000 789C6366 		.ascii	"x\234cf\300\016\344\2404\013\204bb``\204!f\2048\000"
  21      C00EE4A0 
  21      340B8462 
  21      62606084 
  21      21668438 
  22 0015 067E0032 		.ascii	"\006~\0002"
  23              		.text
  24              		.section	.gnu.lto_.inline.24c103d0,"",%progbits
  25 0000 789C6366 		.ascii	"x\234cf\300\016\332\2404\013\003\003\237\006#\003\023"
  25      C00EDAA0 
  25      340B0303 
  25      9F062303 
  25      13
  26 0011 D7043F06 		.ascii	"\327\004?\006\266\005\362L 1&nT\002\273\012\306\011"
  26      B605F24C 
  26      2031266E 
  26      5402BB0A 
  26      C609
  27 0023 7EA81433 		.ascii	"~\250\0243\003\227\024H\335>;\270:F.\030\301\302\300"
  27      03971448 
  27      DD3E3BB8 
  27      3A462E18 
  27      C1C2C0
  28 0036 210C9464 		.ascii	"!\014\224d\373\240\207E\222\001\000C0\013{"
  28      FBA08745 
  28      92010043 
  28      300B7B
  29              		.text
  30              		.section	.gnu.lto_.pureconst.24c103d0,"",%progbits
  31 0000 789C6366 		.ascii	"x\234cf``\340d\200\000\026\006)&)f)\026\011\000\002"
  31      6060E064 
  31      80001606 
  31      29262966 
ARM GAS  C:\Users\Bruger\AppData\Local\Temp\ccuMmGJN.s 			page 2


  31      29160900 
  32 0015 CF0080   		.ascii	"\317\000\200"
  33              		.text
  34              		.section	.gnu.lto_InjectionTimer_2_SaveConfig.24c103d0,"",%progbits
  35 0000 789C9D92 		.ascii	"x\234\235\222\317KTQ\024\307\317\367>{={J\322r\376\001"
  35      CF4B5451 
  35      14C7CFF7 
  35      3E7B3D7B 
  35      4AD272FE 
  36 0015 374E42E0 		.ascii	"7NB\340.WB?@a\300\226\302 \343[(8\003\203.\007\337\323"
  36      2E57423F 
  36      4061C096 
  36      C220E35B 
  36      28380383 
  37 002d 21AA45FE 		.ascii	"!\252E\376X\250\240\005\011\3528\343oM\373\261\350\345"
  37      58A8A005 
  37      09EA38E3 
  37      6F4DFBB1 
  37      E8E5
  38 003f 4E842284 		.ascii	"N\204\"\204\202\010%\230 w\331@5\210\3319\367mrL!\037"
  38      82082598 
  38      2077D940 
  38      3588D939 
  38      F76D724C 
  39 0055 DC7BDFBD 		.ascii	"\334{\337\275\367{\317\367s\316\275\006\235\374B\334"
  39      F77BCFF7 
  39      73CEBD06 
  39      9DFC42DC 
  40 0065 7E29A25A 		.ascii	"~)\242Z\036a\020\324\300\033\"\317R\200\374\020\250"
  40      1E6110D4 
  40      C01B22CF 
  40      5280FC10 
  40      A8
  41 0076 47A1077B 		.ascii	"G\241\007{j_a\300\317\215\332\325\223\256\353~\233\330"
  41      6A5F61C0 
  41      CF8DDAD5 
  41      93AEEB7E 
  41      9BD8
  42 0088 F2223E8A 		.ascii	"\362\">\212|\256\240\2028\230F5\261h?}\370\3016\323"
  42      7CAEA082 
  42      38984635 
  42      B1683F7D 
  42      F8C136D3 
  43 009c 2CAA0AF6 		.ascii	",\252\012\366\220\201\011\036\027\256\370\356\321Qa"
  43      9081091E 
  43      17AEF8EE 
  43      D15161
  44 00ab EEF5B059 		.ascii	"\356\365\260YiPQ\301\224\316\342N\331\322\021\345\271"
  44      695051C1 
  44      94CEE24E 
  44      D9D211E5 
  44      B9
  45 00bc 89E9179E 		.ascii	"\211\351\027\236\360h|B\237\377j\322\220\000?\225\301"
  45      F0687C42 
  45      9FFF6AD2 
  45      90003F95 
  45      C1
ARM GAS  C:\Users\Bruger\AppData\Local\Temp\ccuMmGJN.s 			page 3


  46 00cd B11F6F3F 		.ascii	"\261\037o?\234W\251\003\367\236k\025\225QP\034\0263"
  46      9C57A903 
  46      F79E6B15 
  46      9551501C 
  46      1633
  47 00df 48F1E932 		.ascii	"H\361\3512\372\210\336\241\317\265\242-\025^8\024\014"
  47      FA88DEA1 
  47      CFB5A22D 
  47      155E3814 
  47      0C
  48 00f0 5EDDCDBF 		.ascii	"^\335\315\277}g}U\274\242\247\031/=\216G\030\363\\Q"
  48      7D677D55 
  48      BCA2A719 
  48      2F3D8E47 
  48      18F35C51 
  49 0104 99C82285 		.ascii	"\231\310\"\205\034Bz\357\367l\377\262\031\316q\026~"
  49      1C427AEF 
  49      F76CFFB2 
  49      19CE7116 
  49      7E
  50 0115 63515DC4 		.ascii	"cQ]\304,\013\277\353L1\2070\323\220\300m\357\251\000"
  50      2C0BBFEB 
  50      4C318730 
  50      D390C06D 
  50      EFA900
  51 0128 EE8427C3 		.ascii	"\356\204'\303\261\032\363\177\301=\2519\023\256\224"
  51      B11AF37F 
  51      C13DA939 
  51      13AE94
  52 0137 66E1DF34 		.ascii	"f\341\3374\267\204fQ\323HQ\261$4&\033l\374x\2603u9\300"
  52      B7846651 
  52      D34851B1 
  52      2434261B 
  52      6CFC78B0 
  53 014f B1F88CB7 		.ascii	"\261\370\214\267\332\277iJ\262\326\375M\317-;\226\277"
  53      DABF694A 
  53      B2D6FD4D 
  53      CF2D3B96 
  53      BF
  54 0160 A5A366F3 		.ascii	"\245\243f\363\357\327mqL\363E\226c\031!\254\210!V9|"
  54      EFD76D71 
  54      4CF34596 
  54      631921AC 
  54      88215639 
  55 0175 807CFDBF 		.ascii	"\200|\375\277\220\237\236Z\300KX\323\310\372=\254\013"
  55      909F9E5A 
  55      C04B58D3 
  55      C8FA3DAC 
  55      0B
  56 0186 B2A50B38 		.ascii	"\262\245\0138x\267> \266KM\354\002\327\230\360L\027"
  56      78B73E20 
  56      B64B4DEC 
  56      02D798F0 
  56      4C17
  57 0198 B0E23C34 		.ascii	"\260\342<4\317\317\240y\241i\014\241y)46\355\300\363"
  57      CFCFA079 
  57      A1690CA1 
ARM GAS  C:\Users\Bruger\AppData\Local\Temp\ccuMmGJN.s 			page 4


  57      79293436 
  57      EDC0F3
  58 01ab 476E8881 		.ascii	"Gn\210\201\\r\236\213\313/\220#\207o:q'\331\332\345"
  58      5C729E8B 
  58      CB2F9023 
  58      876F3A71 
  58      27D9DAE5 
  59 01bf B4459B13 		.ascii	"\264E\233\023\335\311\230\323\022iN4\324\265\334\216"
  59      DDC998D3 
  59      12694E34 
  59      D4B5DC8E 
  60 01cf 7738B1AE 		.ascii	"w8\261\256\366D\374N{\247\223\214^\213F\232\256\306"
  60      F644FC4E 
  60      7BA7938C 
  60      5E8B469A 
  60      AEC6
  61 01e1 E80F1957 		.ascii	"\350\017\031W\035<"
  61      1D3C
  62              		.text
  63              		.section	.gnu.lto_InjectionTimer_2_RestoreConfig.24c103d0,"",%progbits
  64 0000 789C8D92 		.ascii	"x\234\215\222\315KTa\024\306\317s\356\365vu\\D+\231"
  64      CD4B5461 
  64      14C6CF73 
  64      EEF57675 
  64      5C442B99 
  65 0014 7F404246 		.ascii	"\177@BF)h\323\266E\270\010\214i)\0141\335\205A30\330"
  65      2968D3B6 
  65      45B8088C 
  65      69290C31 
  65      DD854133 
  66 002a 72F05E99 		.ascii	"r\360^\231\2406\371\261\0222\301Edj\332\2509\225\233"
  66      A036F9B1 
  66      1232C145 
  66      646ADAA8 
  66      39959B
  67 003d C18DB851 		.ascii	"\301\215\270Q\206\350\003\021]4B\256j\232E\\\302\217"
  67      86E80311 
  67      5D3442AE 
  67      6A9A455C 
  67      C28F
  68 004f 73DE4B8B 		.ascii	"s\336K\213l\024/\274\347\334\363\276\317}\316\217s_"
  68      6C142FBC 
  68      E7DCF3BE 
  68      CF7DCE8F 
  68      735F
  69 0061 8BFE7FE2 		.ascii	"\213\376\177\342\262\2761Q\227dX\004\036\336 \012\\"
  69      B2BE3151 
  69      97645804 
  69      1EDE200A 
  69      5C
  70 0072 06F48540 		.ascii	"\006\364\205@\003\214\001\354s\2151\\\236\031\213\265"
  70      038C01EC 
  70      738D315C 
  70      9E198BB5 
  71 0082 BFF07DFF 		.ascii	"\277\360}\377\347`\251\355Q[(\237\3259\262\301K\264"
  71      E760A9ED 
  71      515B289F 
ARM GAS  C:\Users\Bruger\AppData\Local\Temp\ccuMmGJN.s 			page 5


  71      D539B2C1 
  71      4BB4
  72 0094 93686A85 		.ascii	"\223hj\205\203/1\247 \232\213\321\031\246\340@\362\374"
  72      832F31A7 
  72      209A8BD1 
  72      19A6E040 
  72      F2FC
  73 00a6 A5B27F74 		.ascii	"\245\262\177tT\337\036\371z\375v\013S\310\26058\022"
  73      54DF1EF9 
  73      7AFD760B 
  73      53C8B035 
  73      3812
  74 00b8 D8D54054 		.ascii	"\330\325@T\225\245M\367\244\220lmap\271\2703\322\244"
  74      95A54DF7 
  74      A4906C6D 
  74      6170B9B8 
  74      33D2A4
  75 00cb 16BF5909 		.ascii	"\026\277Y\011&>>\235\343\374\037\377\261\357\206l\035"
  75      263E3E9D 
  75      E3FC1FFF 
  75      B1EF866C 
  75      1D
  76 00dc A8BFECEE 		.ascii	"\250\277\354\356V7+\356w\226\035SN\005\205q<\307\263"
  76      56372BEE 
  76      77961D53 
  76      4E058571 
  76      3CC7B3
  77 00ef C057958D 		.ascii	"\300W\225\215W\310c\032qsv8;\264\340$:Bn\302\214h~\031"
  77      57C8631A 
  77      71737638 
  77      3BB4E024 
  77      3A426EC2 
  78 0107 7ACC2241 		.ascii	"z\314\"A\333\260\265\017\235\354\342\324Y\360\361\032"
  78      DBB0B50F 
  78      9DECE2D4 
  78      59F0F11A 
  79 0117 79128690 		.ascii	"y\022\206\220/\220b\325v+V\204e\237\212u\222c\2561\307"
  79      2F9062D5 
  79      762B5684 
  79      659F8A75 
  79      9263AE31 
  80 012c BCE1D011 		.ascii	"\274\341\320\021\341\315\331\034\342\213\242\341\260"
  80      E1CDD91C 
  80      E28BA2E1 
  80      B0
  81 0139 FF7214F7 		.ascii	"\377r\024\367jW\"\016\347\334\034\013\2158\\,\032\016"
  81      6A57220E 
  81      E7DC1C0B 
  81      8D385C2C 
  81      1A0E
  82 014b F3CB9684 		.ascii	"\363\313\226\204c\013\253\243\223]\352-\262`ih\335\321"
  82      630BABA3 
  82      935DEA2D 
  82      B2606968 
  82      DDD1
  83 015d 09373F59 		.ascii	"\0117?Y\017|\373\237\2417\033\243\351\352\347RL\233"
  83      0F7CFB9F 
ARM GAS  C:\Users\Bruger\AppData\Local\Temp\ccuMmGJN.s 			page 6


  83      A1371BA3 
  83      E9EAE752 
  83      4C9B
  84 016f 1482F2E5 		.ascii	"\024\202\362\345\220[\360\026q,k\027\224\304X\370\014"
  84      905BF016 
  84      712C6B17 
  84      94C458F8 
  84      0C
  85 0180 6FE50722 		.ascii	"o\345\007\"\\\367\334\270\357\032\343\2767\270\226\342"
  85      5CF7DCB8 
  85      EF1AE3BE 
  85      37B896E2 
  86 0190 7E38636C 		.ascii	"~8cl\261\272j\260b\306&u+\355 (\177Zc\243&\275t\320"
  86      B1BA6AB0 
  86      62C62675 
  86      2BED2028 
  86      7F5A63A3 
  87 01a8 CB26CD13 		.ascii	"\313&\315\0237\275\214\227\273\333\357\335K%\263\017"
  87      37BD8C97 
  87      BBDBEFDD 
  87      4B25B30F 
  88 01b8 7369AFB7 		.ascii	"si\257\267'\231\275q\255\267;s\337K\367\367e3w\372\036"
  88      2799BD71 
  88      ADB73B73 
  88      DF4BF7F7 
  88      653377FA 
  89 01cd 78B9D4D5 		.ascii	"x\271\324\325T\317\255\3164\035\003<\311\017\005"
  89      54CFADCE 
  89      341D033C 
  89      C90F05
  90              		.text
  91              		.section	.gnu.lto_InjectionTimer_2_Sleep.24c103d0,"",%progbits
  92 0000 789C8592 		.ascii	"x\234\205\222\315KTQ\030\306\337\347\275\0373:\245\321"
  92      CD4B5451 
  92      18C6DFE7 
  92      BD1F333A 
  92      A5D1
  93 0012 4AFC075C 		.ascii	"J\374\007\\MB\3202\\\264\210\242@\260\2450\304t\027"
  93      4D42D032 
  93      5CB488A2 
  93      40B0A530 
  93      C47417
  94 0025 06CDC460 		.ascii	"\006\315\304`\313\301sg\256$.JZ\015\226\3554mL\315>"
  94      CBC17367 
  94      AE242E4A 
  94      5A0D96ED 
  94      346D4CCD 
  95 003a 84563797 		.ascii	"\204V7\2272$\"\022HL\005\012\265\233i@\275\210\331{"
  95      32242212 
  95      484C050A 
  95      B59B6940 
  95      BD88D97B 
  96 004e EE9D4A8C 		.ascii	"\356\235J\214\352\302\271\347\234\367\374\316\363<\367"
  96      EAC2B9E7 
  96      9CF7FCCE 
  96      F33CF7
  97 005d 9C6BD09F 		.ascii	"\234k\320\237\317yi\267\231\250[z\330\004\036{G\344"
ARM GAS  C:\Users\Bruger\AppData\Local\Temp\ccuMmGJN.s 			page 7


  97      CF7969B7 
  97      99A85B7A 
  97      D8041E7B 
  97      47E4
  98 006f C6998DBD 		.ascii	"\306\231\215\2756R\255f\251\207\324\011\003VT6\177\016"
  98      3652AD66 
  98      A987D409 
  98      03565436 
  98      7F0E
  99 0081 2C400F08 		.ascii	",@\017\0104\304\206ia\010_\271\316\030\363\313\245D"
  99      34C48669 
  99      61085FB9 
  99      CE18F3CB 
  99      A544
 100 0093 D7A452AA 		.ascii	"\327\244R\252VX\357\030\356\010D\271\301\221\023\236"
 100      5658EF18 
 100      EE0844B9 
 100      C191139E 
 101 00a3 A08B84A9 		.ascii	"\240\213\204\251{\007\357\023\266'\314\251h\015\323"
 101      7B07EF13 
 101      B627CCA9 
 101      680DD3
 102 00b2 B021FDFC 		.ascii	"\260!\375\374i_\035\0366*\017F\272\271\305\240\200a"
 102      695F1D1E 
 102      362A0F46 
 102      BAB9C5A0 
 102      8061
 103 00c4 CA4B882D 		.ascii	"\312K\210-i\332m[&\322\033\233X\336\031\255\316\274"
 103      69DA6D5B 
 103      26D21B9B 
 103      58DE19AD 
 103      CEBC
 104 00d6 81DEB9CB 		.ascii	"\201\336\271\313\206\210~z\373y)\361\205\0036vW\\ej"
 104      86887E7A 
 104      FB7929F1 
 104      85033676 
 104      575C656A 
 105 00ea 9F8F5BAB 		.ascii	"\237\217[\253k\361\260Dz:\355\217Vc\023x\350z\010\330"
 105      6BF1B044 
 105      7A3AED8F 
 105      56631378 
 105      E87A08D8 
 106 00fe C40C3AF1 		.ascii	"\304\014:\361\024\235\342^\306\004h\023\205\352\335"
 106      149DE25E 
 106      C6046813 
 106      85EADD
 107 010d 8A15099A 		.ascii	"\212\025\011\232\242I\033\360*\305L\263pTN\302`V\357"
 107      A2491BF0 
 107      2AC54CB3 
 107      70544EC2 
 107      6056EF
 108 0120 249DC8A0 		.ascii	"$\235\310\240\2756\011T\250-\254.\237\324\264\240\217"
 108      BD360954 
 108      A82DAC2E 
 108      9FD4B4A0 
 108      8F
 109 0131 D7EFCD71 		.ascii	"\327\357\315q~_\215\250x\300\326\201\376\306\243\002"
ARM GAS  C:\Users\Bruger\AppData\Local\Temp\ccuMmGJN.s 			page 8


 109      7E5F8DA8 
 109      78C0D681 
 109      FEC6A302 
 110 0141 5694C7F5 		.ascii	"V\224\307\365\036A\347Q\232\262\361\014y\314iYY\373"
 110      1E41E751 
 110      9AB2F10C 
 110      79CC6959 
 110      59FB
 111 0153 3E7B7FD1 		.ascii	">{\177\321N\226\345\210\374+\001\3070/\340\267\360\030"
 111      4E96E588 
 111      FC2B01C7 
 111      302FE0B7 
 111      F018
 112 0165 B180A400 		.ascii	"\261\200\244\000k\343S\305v\255\025\003\341y\030f\233"
 112      6BE353C5 
 112      76AD1503 
 112      E1791866 
 112      9B
 113 0176 4D2AF584 		.ascii	"M*\365\204Qj\033\377\211r\334{\361\037\336/~{\277\014"
 113      516A1BFF 
 113      8972DC7B 
 113      F11FDE2F 
 113      7E7BBF0C 
 114 018a BD7F7D47 		.ascii	"\275\177}GLJ\257\232\336Vx1\037P\364\353+\254\275\351"
 114      4C4AAF9A 
 114      DE567831 
 114      1F50F4EB 
 114      2BACBDE9 
 115 019e B879BCC1 		.ascii	"\270y\274\301r\311x\215\274\\j\013it\247\365o\244>\343"
 115      72C9788D 
 115      BC5C6A0B 
 115      6974A7F5 
 115      6FA43EE3 
 116 01b2 A5265985 		.ascii	"\245&Y\205\353\007\227C\222\364\277\000m%@\362\242\223"
 116      EB079743 
 116      92F4BF00 
 116      6D2540F2 
 116      A293
 117 01c4 7172D707 		.ascii	"qr\327\007\235\033\251\276\354\235\\\332\351\357\355"
 117      9D1BA9BE 
 117      EC9D5CDA 
 117      E9EFED
 118 01d3 CB5E38D7 		.ascii	"\313^8\327\177)s\323I\017\016d3\327\006n9\271\324\331"
 118      7F2973D3 
 118      490F0E64 
 118      33D7066E 
 118      39B9D4D9 
 119 01e7 54EFD533 		.ascii	"T\357\3253i\372\001\023^\3649"
 119      69FA0113 
 119      5EF439
 120              		.text
 121              		.section	.gnu.lto_InjectionTimer_2_Wakeup.24c103d0,"",%progbits
 122 0000 789C7550 		.ascii	"x\234uP=HBQ\024>\347\274\347S\322!\232\242\301\325!"
 122      3D484251 
 122      143EE7BC 
 122      E753D221 
 122      9AA2C1D5 
ARM GAS  C:\Users\Bruger\AppData\Local\Temp\ccuMmGJN.s 			page 9


 123 0015 4C289A1B 		.ascii	"L(\232\033\032\"\"\020l\024$\354\015\006)\210\265\211"
 123      1A222210 
 123      6C1424EC 
 123      0D062988 
 123      B589
 124 0027 F7E50B1A 		.ascii	"\367\345\013\032\242\244)\350g\010*KShh\260\305](\""
 124      A2A429E8 
 124      67082A4B 
 124      536868B0 
 124      C55D2822 
 125 003b 2AFA5F0C 		.ascii	"*\372_\014jKE\344!f\367>\203\240\350\302\345\334\373"
 125      6A4B45E4 
 125      2166F73E 
 125      83A0E8C2 
 125      E5DCFB
 126 004e 9DEF3BDF 		.ascii	"\235\357;\337\375\256\004\177\327\020\337\013\010\340"
 126      FDAE047F 
 126      D710DF0B 
 126      08E0
 127 005c E1152D80 		.ascii	"\341\025-\200\224:\007\320lDR\301\011\254K\276\361\000"
 127      943A07D0 
 127      6C4452C1 
 127      09AC4BBE 
 127      F100
 128 006e 73482877 		.ascii	"sH(w`\031Q\034\000!A\222\214\011|\247\012a\252\230\331"
 128      6019511C 
 128      00214192 
 128      8C097CA7 
 128      0A61AA98 
 129 0083 B0BBF618 		.ascii	"\260\273\366\030c\037\273O\275K\275\006\001\324\250"
 129      631FBB4F 
 129      BD4BBD06 
 129      01D4A8
 130 0092 331F0FD0 		.ascii	"3\037\017\320\005\234S\321[\267vE\347\234\356N\017\323"
 130      059C53D1 
 130      5BB77645 
 130      E79CEE4E 
 130      0FD3
 131 00a4 A8705FC8 		.ascii	"\250p_\310\367\024Y\273]\253\257\247GH\221\301 \016"
 131      F71459BB 
 131      5DABAFA7 
 131      474891C1 
 131      200E
 132 00b6 963941F8 		.ascii	"\2269A\370\274\022\211*=b\262\370P\"!\021\263v\256V"
 132      BC12892A 
 132      3D62B2F8 
 132      50222111 
 132      B376AE56 
 133 00ca 73146FB2 		.ascii	"s\024o\262ef3\210jB\201\207\030\347Z\011\356q\361\264"
 133      65663388 
 133      6A428187 
 133      18E75A09 
 133      EE71F1B4 
 134 00de D2A85A05 		.ascii	"\322\250Z\005\267A\362o\266\334\022\336\034})_\\\332"
 134      B741F26F 
 134      B6DC12DE 
 134      1C7D295F 
ARM GAS  C:\Users\Bruger\AppData\Local\Temp\ccuMmGJN.s 			page 10


 134      5CDA
 135 00f0 DE8823E6 		.ascii	"\336\210#\3465\255\351[\270\215\233\032\023,\013\036"
 135      35ADE95B 
 135      B88D9B1A 
 135      132C0B1E 
 136 0100 611C33D8 		.ascii	"a\0343\330g\366>\263k'\212\273\337 \005\263\234S5\223"
 136      67F63EB3 
 136      6B278ABB 
 136      DF2005B3 
 136      9C533593 
 137 0114 E131BAE1 		.ascii	"\3411\272\341\032\365\273\244\363\307J\333?[\261\212"
 137      1AF5BBA4 
 137      F3C74ADB 
 137      3F5BB18A 
 138 0124 A1E24539 		.ascii	"\241\342E9!\007\021B\202\202\323\314P/9\376\313\300"
 138      21071142 
 138      8282D3CC 
 138      502F39FE 
 138      CBC0
 139 0136 8762FE3B 		.ascii	"\207b\376;\203\320\310f\360g\324\212\315\011S\003\342"
 139      83D0C866 
 139      F067D48A 
 139      CD095303 
 139      E2
 140 0147 5B50A09C 		.ascii	"[P\240\234\352\036S\303jt:\246\316\004|\221\371hP\365"
 140      EA1E53C3 
 140      6A743AA6 
 140      CE047C91 
 140      F96850F5 
 141 015b 7B7D91D1 		.ascii	"{}\221\321a\377xxV\015\306B\221\360ThN\215\006\006\003"
 141      61FF7878 
 141      560DC642 
 141      91F05468 
 141      4E8D0606 
 142 0170 DEC98120 		.ascii	"\336\311\201 |\0015\343\226\352"
 142      7C0135E3 
 142      96EA
 143              		.text
 144              		.section	.gnu.lto_.symbol_nodes.24c103d0,"",%progbits
 145 0000 789C55CA 		.ascii	"x\234U\312\261\015\3020\020\205\341\347;;v\342\024l"
 145      B10DC230 
 145      1085E1E7 
 145      3B3B76E2 
 145      146C
 146 0012 C012ECF7 		.ascii	"\300\022\354\367RX\324L\200\"\304\012l\220\232\031\000"
 146      5258D44C 
 146      8022C40A 
 146      6C909A19 
 146      00
 147 0023 A5CC0C88 		.ascii	"\245\314\014\2108i\216k~}O\247\000\016\016\373\211#"
 147      38698E6B 
 147      7E7D4FA7 
 147      000E0EFB 
 147      8923
 148 0035 70790224 		.ascii	"py\002$\256cB\000F\241\212\320\331Y\224\362gO\265v\221"
 148      AE634200 
 148      46A18AD0 
ARM GAS  C:\Users\Bruger\AppData\Local\Temp\ccuMmGJN.s 			page 11


 148      D95994F2 
 148      674FB576 
 149 004a 7E378661 		.ascii	"~7\206ae\303`\031\330Xv\214\226-\223ebk\231\331Y\366"
 149      65C36019 
 149      D858768C 
 149      962D9365 
 149      626B99D9 
 150 0060 CC868A88 		.ascii	"\314\206\212\210\373\353\353\024\015\346\255\001\363"
 150      FBEBEB14 
 150      0DE6AD01 
 150      F3
 151 006d 7BAD7498 		.ascii	"{\255t\230\252\245E\331\234P\316\313Q5c\252V\340S\353"
 151      AAA545D9 
 151      9C50CECB 
 151      513563AA 
 151      56E053EB 
 152 0081 05B7FAE7 		.ascii	"\005\267\372\347{\224\307\011?\177fFt"
 152      7B94C709 
 152      3F7F6646 
 152      74
 153              		.text
 154              		.section	.gnu.lto_.refs.24c103d0,"",%progbits
 155 0000 789C258A 		.ascii	"x\234%\212\311\015\000 \014\200\240\255\307,\356?\240"
 155      C90D0020 
 155      0C80A0AD 
 155      C72CEE3F 
 155      A0
 156 0011 8DF22390 		.ascii	"\215\362#\220\300\341Shh\351\324]\321\212\211\003W\344"
 156      C0E15368 
 156      68E9D45D 
 156      D18A8903 
 156      57E4
 157 0023 0BC39E82 		.ascii	"\013\303\236\202\013\0205\000\202"
 157      0B103500 
 157      82
 158              		.text
 159              		.section	.gnu.lto_.decls.24c103d0,"",%progbits
 160 0000 789C8D56 		.ascii	"x\234\215V{LSW\030\277\247\247\264P\012\032\315pa\017"
 160      7B4C5357 
 160      18BFA7A7 
 160      B4500A1A 
 160      CD70610F 
 161 0014 3BDDC866 		.ascii	";\335\310f\234qK\\\374o&\306\030\267\270\020\2313\213"
 161      9C714B5C 
 161      FC6F26C6 
 161      18B7B810 
 161      99338B
 162 0027 26A6C29D 		.ascii	"&\246\302\2352\035e\265]\342_\273XTD\243h|\240N\254"
 162      321D65B5 
 162      5DE25FBB 
 162      585444A3 
 162      687CA04E 
 163 003c 52049597 		.ascii	"R\004\225\227(\310\333\326\007\202\012\242\340\003\037"
 163      28C8DBD6 
 163      07820AA2 
 163      E0031F
 164 004b BC411465 		.ascii	"\274A\024e\345\245\370\230\335w\316\271\227\336k\313"
ARM GAS  C:\Users\Bruger\AppData\Local\Temp\ccuMmGJN.s 			page 12


 164      E5A5F898 
 164      DD77CEB9 
 164      97DE6BCB 
 165 005b E64D7E6D 		.ascii	"\346M~m\317\275\277\357\367\375\276\357<n1\307qC\210"
 165      CFBDBFEF 
 165      F7FDBEEF 
 165      3C6E31C7 
 165      714388
 166 006e E33C70CD 		.ascii	"\343<p\315\322q\334*\025\307\005\300\275H\316{\351\001"
 166      D271DC2A 
 166      15C705C0 
 166      BD48CE7B 
 166      E901
 167 0080 D9805C40 		.ascii	"\331\200\\@>\240\000P\012\270\000\250\002\\\006\324"
 167      3EA00050 
 167      0AB800A8 
 167      025C06D4 
 168 0090 01EA0137 		.ascii	"\001\352\0017\000\215\000\220\344\036q\312\213h\204"
 168      008D0090 
 168      E41E71CA 
 168      8B6884
 169 009f 88DA0640 		.ascii	"\210\332\006@\030\3401\340\034\240\027\320\015p\001"
 169      18E031E0 
 169      1CA017D0 
 169      0D7001
 170 00ae DC803E40 		.ascii	"\334\200>@\021\240\037P\014P\003Z\001\035\2006@\213"
 170      11A01F50 
 170      0C50035A 
 170      011D8036 
 170      408B
 171 00c0 782F5BF4 		.ascii	"x/[\364pA\364\344/o\256\237\274\362|\003\200\253b>)"
 171      7041F4E4 
 171      2F6FAE9F 
 171      BCF27C03 
 171      80AB623E 
 172 00d5 F720A0FA 		.ascii	"\367 \240\372?\362\346\212\365\326\211\365\373\313K"
 172      3FF2E68A 
 172      F5D689F5 
 172      FBCB4B
 173 00e4 7AA513F3 		.ascii	"z\245\023\363\222\234\3032})?\311\371\034pL\324h\007"
 173      929CC332 
 173      7D293FC9 
 173      F91C704C 
 173      D46807
 174 00f7 6031F686 		.ascii	"`1\366\206X\237?m2\007Z\231\266\244!\327\225\353\025"
 174      589F3F6D 
 174      32075A99 
 174      B6A421D7 
 174      95EB15
 175 010a 889EC79A 		.ascii	"\210\236\307\232\233~\025*\311\035\252\015\356Q\241"
 175      9B7E152A 
 175      C91DAA0D 
 175      EE51A1
 176 0119 509D810C 		.ascii	"P\235\201\014KwV\247j`\250\327\251\311\260\354U{\243"
 176      4B7756A7 
 176      6A60A8D7 
 176      A9C9B0EC 
ARM GAS  C:\Users\Bruger\AppData\Local\Temp\ccuMmGJN.s 			page 13


 176      557BA3
 177 012c 7AD26E01 		.ascii	"z\322n\001\256\024\2330^\215\"\303P&\012GY(\034\024"
 177      AE149B30 
 177      5E8D22C3 
 177      50260A47 
 177      59281C14 
 178 0140 8FA149F0 		.ascii	"\217\241I\360\271T\315\224\216\330\232\207UX\205\310"
 178      B954CD94 
 178      8ED89A87 
 178      555885C8 
 179 0150 EFF4D4B6 		.ascii	"\357\364\324\266F\335\364\343\020\226$8\335\330\233"
 179      46DDF4E3 
 179      10962438 
 179      DDD89B
 180 015f 6E5BD1BE 		.ascii	"n[\321\276\204PC\232\320\232\357\256=\335\244\027\252"
 180      8450439A 
 180      D09AEFAE 
 180      3DDDA417 
 180      AA
 181 0170 05A7C7F3 		.ascii	"\005\247\307\363-\225B\307\021F'\320t\302$\277i\010"
 181      2D9542C7 
 181      114627D0 
 181      74C224BF 
 181      6908
 182 0182 CA460608 		.ascii	"\312F\006\010K9ygH\203\243\250v\311P\315>\035\225\260"
 182      4B397967 
 182      4883A3A8 
 182      76C950CD 
 182      3E1D95B0 
 183 0196 17A76B98 		.ascii	"\027\247k\230\000\215\317\221\305\347H\361\2714\336"
 183      008DCF91 
 183      C5E748F1 
 183      B934DE
 184 01a5 B5BFAC5C 		.ascii	"\265\277\254\\\205\3154\276\377Y\377\331@\210\267\347"
 184      85CD34BE 
 184      FF59FFD9 
 184      4088B7E7 
 185 01b5 DB5333E4 		.ascii	"\333S3\344\361y\262\370<)>\237\306o\277\237^\020\214"
 185      F179B2F8 
 185      3C293E9F 
 185      C66FBF9F 
 185      5E108C
 186 01c8 37232A50 		.ascii	"7#*P\323\225\377F\305\004\036+\004N\312\004NJ\002\005"
 186      D395FF46 
 186      C5041E2B 
 186      044ECA04 
 186      4E4A0205 
 187 01dc 54E0D6D9 		.ascii	"T\340\326\331M\233\002\361a&\220p\264l\253\026\232\034"
 187      4D9B02F1 
 187      61269070 
 187      B46CAB16 
 187      9A1C
 188 01ee A6633DB9 		.ascii	"\246c=\271\262\337\205\351\320C\036\253\232\232v\275"
 188      B2DF85E9 
 188      D0431EAB 
 188      9A9A76BD 
 189 01fe C0481791 		.ascii	"\300H\027\221$\010\353\005\367N\001\277\317\241\351"
ARM GAS  C:\Users\Bruger\AppData\Local\Temp\ccuMmGJN.s 			page 14


 189      2408EB05 
 189      F74E01BF 
 189      CFA1E9
 190 020d E1E88B70 		.ascii	"\341\350\213p\016\235A\021@\243I\320i\230\207B\230\007"
 190      0E9D4111 
 190      40A349D0 
 190      69988742 
 190      9807
 191 021f 0774D97D 		.ascii	"\007t\331}mC\345w6a\016*B:tj\324\006\315 v~sb>\226\317"
 191      6D43E577 
 191      36610E2A 
 191      423A746A 
 191      D406CD20 
 192 023a 24617AA7 		.ascii	"$az\247\262X1\225/\007\323:\002p\015s;\322y\302\021"
 192      B2583195 
 192      2F07D33A 
 192      02700D73 
 192      3BD279C2 
 193 024f 40FA2DB8 		.ascii	"@\372-\270\2333\363~\336aKq\010\255\036\317d\032\204"
 193      9B33F37E 
 193      DE614B71 
 193      08AD1ECF 
 193      641A84
 194 0262 4A643597 		.ascii	"Jd5\227H5\227\322\232\257\264\217\014\352\351\322\032"
 194      483597D2 
 194      9AAFB48F 
 194      0CEAE9D2 
 194      1A
 195 0273 4F74F6DF 		.ascii	"Ot\366\337\356\032\302ti\251\310\360\340@_y\020\336"
 195      EE1AC274 
 195      69A9C8F0 
 195      E0405F79 
 195      10DE
 196 0285 A75274C4 		.ascii	"\247Rt\304\300:\262\267w\344t \035z<\230\264\344UGn"
 196      C03AB2B7 
 196      77E47420 
 196      1D7A3C98 
 196      B4E45547 
 197 029a A60645E8 		.ascii	"\246\006E\350X\255\031\254V\027TP\341\255\325 \326J"
 197      58AD19AC 
 197      56175450 
 197      E1ADD520 
 197      D64A
 198 02ac DB26D884 		.ascii	"\333&\330\204\200\254P\016\225A\205\345P!rB\347\014"
 198      80AC500E 
 198      954185E5 
 198      50217242 
 198      E70C
 199 02be 62E72AE1 		.ascii	"b\347*\341\346Y\270\011\231^l\250mQ\264\305\245h\313"
 199      E659B809 
 199      995E6CA8 
 199      6D51B4C5 
 199      A568CB
 200 02d1 39E50ADF 		.ascii	"9\345\012\337\343L\033\207\355\314\262\255\245\270\""
 200      E34C1B87 
 200      EDCCB2AD 
 200      A5B822
ARM GAS  C:\Users\Bruger\AppData\Local\Temp\ccuMmGJN.s 			page 15


 201 02e0 446CCBC3 		.ascii	"Dl\313\303\322\337em\201 t^\326\226\363R[.\320\266\024"
 201      D2DF656D 
 201      8120745E 
 201      D696F352 
 201      5B2ED0B6 
 202 02f5 D89D67D5 		.ascii	"\330\235g\325\270\202\251\3649nv\005Q\225\326\244MU"
 202      B882A9F4 
 202      396E7605 
 202      5195D6A4 
 202      4D55
 203 0307 7ABBB41F 		.ascii	"z\273\264\037\210\306E\231\306EI\243\212\355\207\015"
 203      88C64599 
 203      C64549A3 
 203      8AED870D 
 204 0317 AE14B51A 		.ascii	"\256\024\265\032Nm:\215K\351^\035\366\264e\250\306\334"
 204      4E6D3A8D 
 204      4BE95E1D 
 204      F6B465A8 
 204      C6DC
 205 0329 ABD5B492 		.ascii	"\253\325\264\222KH,ew\325`f(nb&\376\031\332ne\036*\273"
 205      4B482C65 
 205      77D56066 
 205      286E6226 
 205      FE19DA6E 
 206 0341 641E2004 		.ascii	"d\036 \004\325\310<\324H\036.S\017\345\216\307}\301"
 206      D5C83CD4 
 206      481E2E53 
 206      0FE58EC7 
 206      7DC1
 207 0353 D4836BD4 		.ascii	"\324\203k\324CK\341\2633\2721=\\\245\036\256H\036Z\362"
 207      434BE1B3 
 207      33BA313D 
 207      5CA51EAE 
 207      481E5AF2 
 208 0367 FB9F20EC 		.ascii	"\373\237 \354a\036\204\233\005)\201\314\304\313\214"
 208      611E849B 
 208      052981CC 
 208      C4CB8C
 209 0376 4B5E1310 		.ascii	"K^\023\020\203je&j%\023u\324\204\303&\324\004\343\203"
 209      836A6526 
 209      6A251375 
 209      D484C326 
 209      D404E383 
 210 038a 986AD4BF 		.ascii	"\230j\324\277\2767\242b\032o2\252\224\032\327d\032\327"
 210      BE37A262 
 210      1A6F32AA 
 210      941AD764 
 210      1AD7
 211 039c 248D7AAA 		.ascii	"$\215z\252q\350UC\257\006\2272\215\264\274\242n6!\366"
 211      71E85543 
 211      AF069732 
 211      8DB4BCA2 
 211      6E3621F6 
 212 03b0 13191B0D 		.ascii	"\023\031\033\015\262\335}]\246p]R\270A\025\236\027o"
 212      B2DD7D5D 
 212      A6705D52 
 212      B841159E 
ARM GAS  C:\Users\Bruger\AppData\Local\Temp\ccuMmGJN.s 			page 16


 212      176F
 213 03c2 AE1987EB 		.ascii	"\256\031\207\353\231B\253\347\345\210\226\271(\273\304"
 213      9942ABE7 
 213      E58896B9 
 213      28BBC4
 214 03d1 9F4B145E 		.ascii	"\237K\024^\223EL%\032d\022\015\222D#[\025\351\031EA"
 214      93454C25 
 214      1A64120D 
 214      9244235B 
 214      15E91945 
 215 03e6 74B3CC21 		.ascii	"t\263\314!\"\216\335{\262\003\350f\011$\303\234\342"
 215      228EDD7B 
 215      B203E866 
 215      0924C39C 
 215      E2
 216 03f7 E1ADE370 		.ascii	"\341\255\343p\017K\260\253\241\260<\030oT\323A]\366"
 216      0F4BB0AB 
 216      A1B03C18 
 216      6F54D341 
 216      5DF6
 217 0409 2D4F30DE 		.ascii	"-O0\336\315\006\235\375\231G\264\370/6H\2548\232\242"
 217      CD069DFD 
 217      9947B4F8 
 217      2F3648AC 
 217      389AA2
 218 041c C547D9A0 		.ascii	"\305G\331\240\345y\3139-\225\237I\206Ioj\363\325\270"
 218      E579CB39 
 218      2D959F49 
 218      86496F6A 
 218      F3D5B8
 219 042f 843D4B70 		.ascii	"\204=Kp\3464\260g\263a\250\275\234\235\376F\213\246"
 219      E634B067 
 219      B361A8BD 
 219      9C9DFE46 
 219      8BA6
 220 0441 906B6284 		.ascii	"\220kb\204\0356S\353\266\256\313\301B\352L\272\326\036"
 220      1D3653EB 
 220      B6AECBC1 
 220      42EA4CBA 
 220      D61E
 221 0453 40099D68 		.ascii	"@\011\235h\242t }N\346\265\231\314.G\251\275\266-z!"
 221      A274207D 
 221      4EE6B599 
 221      CC2E47A9 
 221      BDB62D7A 
 222 0468 6B265D12 		.ascii	"k&]\022wE\352\350\036\244\344L/\271\257\303\253{\317"
 222      7745EAE8 
 222      1EA4E44C 
 222      2FB9AFC3 
 222      AB7BCF
 223 047b 8FEE7D2F 		.ascii	"\217\356}/\265\271\243j\224z\307\017u\332(\363\221-"
 223      B5B9A36A 
 223      947AC70F 
 223      75DA28F3 
 223      912D
 224 048d 79D44193 		.ascii	"y\324A\223_\007eTv\007]\244va\216\231C7\341\371-\272"
 224      5F076554 
ARM GAS  C:\Users\Bruger\AppData\Local\Temp\ccuMmGJN.s 			page 17


 224      76075DA4 
 224      76618E99 
 224      4337E1F9 
 225 04a3 44091B66 		.ascii	"D\011\033f\010u\301q\321\216\246\240\016@+\240\015\320"
 225      0875C171 
 225      D18EA6A0 
 225      0E402BA0 
 225      0DD0
 226 04b5 82A6D019 		.ascii	"\202\246\320\031#\207P\353\275t\215\200\010\235\223"
 226      238750EB 
 226      BD748D80 
 226      089D93
 227 04c4 66543A69 		.ascii	"fT:iUmY\257\237\204\240\211\021\3762\240\207 \374\316"
 227      556D59AF 
 227      9F84A089 
 227      11FE32A0 
 227      8720FCCE 
 228 04d8 490ECC0B 		.ascii	"I\016\314\013D\335@\276\355=\345HF\351H\337\332\236"
 228      44DD40BE 
 228      ED3DE548 
 228      46E948DF 
 228      DA9E
 229 04ea D6A8C257 		.ascii	"\326\250\302W\331,\236**\277\024:\365\260 \330\335\265"
 229      D92C9E2A 
 229      2ABF143A 
 229      F5B020D8 
 229      DDB5
 230 04fc 778A5509 		.ascii	"w\212U\011\202\035NA\262v\251B\017S\220U\332\303\326"
 230      821D4E41 
 230      B276A942 
 230      0F539055 
 230      DAC3D6
 231 050f 1F7A84A6 		.ascii	"\037z\204\246B\364\323\366\343)\032}29:a\343\006U\207"
 231      42F4D3F6 
 231      E3291A7D 
 231      32393A61 
 231      E3065587 
 232 0523 D213C8BB 		.ascii	"\322\023\310\273u\037#=e\3037\260\217\355;\264M\257"
 232      751F233D 
 232      65C337B0 
 232      8FED3BB4 
 232      4DAF
 233 0535 60931C5E 		.ascii	"`\223\034^v\257\310\356\245la\357\026G \356d6\013\237"
 233      76AFC8EE 
 233      A56C61EF 
 233      164720EE 
 233      64360B9F 
 234 0549 259784E8 		.ascii	"%\227\204\350\222\310\001\375\377\2576hfc]\362\255 "
 234      92C801FD 
 234      FFAF3668 
 234      66635DF2 
 234      AD20
 235 055b F6327C3B 		.ascii	"\3662|;\342\3571_\206\027\007\276O\204\027D\037,\201"
 235      E2EF315F 
 235      861707BE 
 235      4F841744 
 235      1F2C81
ARM GAS  C:\Users\Bruger\AppData\Local\Temp\ccuMmGJN.s 			page 18


 236 056e 27DED63D 		.ascii	"'\336\326=E\262\267a\373\376Ze\005}\212\203\337-V\340"
 236      45B2B761 
 236      FBFE5A65 
 236      057D8A83 
 236      DF2D56E0 
 237 0582 A6158C1C 		.ascii	"\246\025\214\034n\353\036\247`\027+\272\323/\262\373"
 237      6EEB1EA7 
 237      60172BBA 
 237      D32FB2FB 
 238 0592 29FB6EA9 		.ascii	")\373n\251\353A\210\202}U\301\036\020\331\003\224\235"
 238      EB418882 
 238      7D55C11E 
 238      10D90394 
 238      9D
 239 05a3 B2F34065 		.ascii	"\262\363@e\220\202]\255`\017\212\354A\302\306\256L\327"
 239      90825DAD 
 239      600F8AEC 
 239      41C2C6AE 
 239      4CD7
 240 05b5 5D1D0AD7 		.ascii	"]\035\012\327\205\247\302?\253\221\311h\030jJ\"\353"
 240      85A7C23F 
 240      AB91C968 
 240      186A4A22 
 240      EB
 241 05c6 CCBD5EC0 		.ascii	"\314\275^\300\251\241Ro8\372\200C\317@f\010d\010\333"
 241      A9A1526F 
 241      38FA8043 
 241      CF406608 
 241      6408DB
 242 05d9 D9E3F1FC 		.ascii	"\331\343\361\374\351a\327v-%\220\017\260\320\234\352"
 242      E961D776 
 242      2D25900F 
 242      B0D09CEA 
 243 05e9 4C562B2C 		.ascii	"LV+,\034SXx\216\364R\017\341'\367\301\202\270_\371h"
 243      1C535878 
 243      8EF4520F 
 243      E127F7C1 
 243      82B85FF9 
 244 05fe 4BAC29EE 		.ascii	"K\254)\356\307\330\337x\363\362\257\227G\031\377\340"
 244      C7D8DF78 
 244      F3F2AF97 
 244      4719FFE0 
 245 060e E79AE27E 		.ascii	"\347\232\342~\211]\251\231\377\303b\303\\\356\313\371"
 245      895DA999 
 245      FFC362C3 
 245      5CEECBF9 
 246 061e 7C1C6F36 		.ascii	"|\034o6Z\370\230\345Q&\2539\232_\026\031e\232;k\231"
 246      5AF898E5 
 246      5126AB39 
 246      9A5F1619 
 246      659A3B6B 
 247 0633 4F64E4C2 		.ascii	"Od\344\302\031\321\334\307>\267\027\361k-&\263\250\031"
 247      19D1DCC7 
 247      3EB717F1 
 247      6B2D26B3 
 247      A819
 248 0645 E69B6F0D 		.ascii	"\346\233o\015\317\307O\362\271\275\304\270\232\267\306"
ARM GAS  C:\Users\Bruger\AppData\Local\Temp\ccuMmGJN.s 			page 19


 248      CFC74FF2 
 248      B9BDC4B8 
 248      9AB7C6
 249 0654 075863E3 		.ascii	"\007Xc\343,\263?\031\303A\364:\313\272x~\355\214U\334"
 249      2CB33F19 
 249      C341F43A 
 249      CBBA787E 
 249      ED8C55DC 
 250 0668 A77EB21A 		.ascii	"\247~\262\032c \245\305lZ\263\210_\031\273\326\302\233"
 250      6320A5C5 
 250      6C5AB388 
 250      5F19BBD6 
 250      C29B
 251 067a A7BD6321 		.ascii	"\247\275c!\240\247!y\277\372\346\3031d\255q \347\333"
 251      A0A72179 
 251      BFFAE6C3 
 251      3164AD71 
 251      20E7DB
 252 068d 3AF23092 		.ascii	":\3620\2227\307\232b>\363\255\307\034k\341\3372\364"
 252      37C79A62 
 252      3EF3ADC7 
 252      1C6BE1DF 
 252      32F4
 253 069f D1582CAA 		.ascii	"\321X,\252\357\233\234>e\011\336\363\355\243\305\344"
 253      EF9B9C3E 
 253      6509DEF3 
 253      EDA3C5E4 
 254 06af A78DF3E2 		.ascii	"\247\215\363\342\214+\326\360\276\211V\030\243W[\343"
 254      8C2BD6F0 
 254      BE895618 
 254      A3575BE3 
 255 06bf A32C666B 		.ascii	"\243,fk\264%4r\311B\306\213\262@w40\\\034\263\"\010"
 255      B4253472 
 255      C942C68B 
 255      B2407734 
 255      305C1CB3 
 256 06d5 BE58AE09 		.ascii	"\276X\256\011\013\210\035\2635\336\262\320\270v\365"
 256      0B881DB3 
 256      35DEB2D0 
 256      B876F5
 257 06e4 4FC63556 		.ascii	"O\3065V~\002<|\253\030\337\334,\207\332\314\257\234"
 257      7E023C7C 
 257      AB18DFDC 
 257      2C87DACC 
 257      AF9C
 258 06f6 FD2F5CF7 		.ascii	"\375/\\\367Sr"
 258      5372
 259              		.text
 260              		.section	.gnu.lto_.symtab.24c103d0,"",%progbits
 261 0000 496E6A65 		.ascii	"InjectionTimer_2_SaveConfig\000\000\000\000\000\000"
 261      6374696F 
 261      6E54696D 
 261      65725F32 
 261      5F536176 
 262 0021 00000000 		.ascii	"\000\000\000\000\000\000\254\000\000\000InjectionTi"
 262      0000AC00 
 262      0000496E 
ARM GAS  C:\Users\Bruger\AppData\Local\Temp\ccuMmGJN.s 			page 20


 262      6A656374 
 262      696F6E54 
 263 0036 6D65725F 		.ascii	"mer_2_RestoreConfig\000\000\000\000\000\000\000\000"
 263      325F5265 
 263      73746F72 
 263      65436F6E 
 263      66696700 
 264 0051 00000000 		.ascii	"\000\000\000\000\256\000\000\000InjectionTimer_2_Sl"
 264      AE000000 
 264      496E6A65 
 264      6374696F 
 264      6E54696D 
 265 006c 65657000 		.ascii	"eep\000\000\000\000\000\000\000\000\000\000\000\000"
 265      00000000 
 265      00000000 
 265      000000
 266 007b B0000000 		.ascii	"\260\000\000\000InjectionTimer_2_Wakeup\000\000\000"
 266      496E6A65 
 266      6374696F 
 266      6E54696D 
 266      65725F32 
 267 0099 00000000 		.ascii	"\000\000\000\000\000\000\000\000\000\262\000\000\000"
 267      00000000 
 267      00B20000 
 267      00
 268 00a6 496E6A65 		.ascii	"InjectionTimer_2_ReadControlRegister\000\000\002\000"
 268      6374696F 
 268      6E54696D 
 268      65725F32 
 268      5F526561 
 269 00ce 00000000 		.ascii	"\000\000\000\000\000\000\000\000\272\000\000\000Inj"
 269      00000000 
 269      BA000000 
 269      496E6A
 270 00dd 65637469 		.ascii	"ectionTimer_2_ReadCounter\000\000\002\000\000\000\000"
 270      6F6E5469 
 270      6D65725F 
 270      325F5265 
 270      6164436F 
 271 00fd 00000000 		.ascii	"\000\000\000\000\000\304\000\000\000InjectionTimer_"
 271      00C40000 
 271      00496E6A 
 271      65637469 
 271      6F6E5469 
 272 0115 325F5265 		.ascii	"2_ReadPeriod\000\000\002\000\000\000\000\000\000\000"
 272      61645065 
 272      72696F64 
 272      00000200 
 272      00000000 
 273 012b 0000C600 		.ascii	"\000\000\306\000\000\000InjectionTimer_2_WriteContr"
 273      0000496E 
 273      6A656374 
 273      696F6E54 
 273      696D6572 
 274 014c 6F6C5265 		.ascii	"olRegister\000\000\002\000\000\000\000\000\000\000\000"
 274      67697374 
 274      65720000 
ARM GAS  C:\Users\Bruger\AppData\Local\Temp\ccuMmGJN.s 			page 21


 274      02000000 
 274      00000000 
 275 0161 00CA0000 		.ascii	"\000\312\000\000\000InjectionTimer_2_WriteCounter\000"
 275      00496E6A 
 275      65637469 
 275      6F6E5469 
 275      6D65725F 
 276 0184 00020000 		.ascii	"\000\002\000\000\000\000\000\000\000\000\000\316\000"
 276      00000000 
 276      000000CE 
 276      00
 277 0191 0000496E 		.ascii	"\000\000InjectionTimer_2_WritePeriod\000\000\002\000"
 277      6A656374 
 277      696F6E54 
 277      696D6572 
 277      5F325F57 
 278 01b3 00000000 		.ascii	"\000\000\000\000\000\000\000\000\320\000\000\000Inj"
 278      00000000 
 278      D0000000 
 278      496E6A
 279 01c2 65637469 		.ascii	"ectionTimer_2_Stop\000\000\002\000\000\000\000\000\000"
 279      6F6E5469 
 279      6D65725F 
 279      325F5374 
 279      6F700000 
 280 01dd 000000D2 		.ascii	"\000\000\000\322\000\000\000InjectionTimer_2_Enable"
 280      00000049 
 280      6E6A6563 
 280      74696F6E 
 280      54696D65 
 281 01fb 00000200 		.ascii	"\000\000\002\000\000\000\000\000\000\000\000\000\324"
 281      00000000 
 281      00000000 
 281      D4
 282 0208 000000   		.ascii	"\000\000\000"
 283              		.text
 284              		.section	.gnu.lto_.opts,"",%progbits
 285 0000 272D666E 		.ascii	"'-fno-trapv' '-mcpu=cortex-m3' '-mthumb' '-g' '-O3'"
 285      6F2D7472 
 285      61707627 
 285      20272D6D 
 285      6370753D 
 286 0033 20272D66 		.ascii	" '-ffunction-sections' '-finline-functions' '-flto'"
 286      66756E63 
 286      74696F6E 
 286      2D736563 
 286      74696F6E 
 287 0066 20272D66 		.ascii	" '-ffat-lto-objects'\000"
 287      6661742D 
 287      6C746F2D 
 287      6F626A65 
 287      63747327 
 288              		.text
 289              		.cfi_sections	.debug_frame
 290              		.section	.text.InjectionTimer_2_SaveConfig,"ax",%progbits
 291              		.align	2
 292              		.global	InjectionTimer_2_SaveConfig
ARM GAS  C:\Users\Bruger\AppData\Local\Temp\ccuMmGJN.s 			page 22


 293              		.thumb
 294              		.thumb_func
 295              		.type	InjectionTimer_2_SaveConfig, %function
 296              	InjectionTimer_2_SaveConfig:
 297              	.LFB0:
 298              		.file 1 "Generated_Source\\PSoC5\\InjectionTimer_2_PM.c"
   1:Generated_Source\PSoC5/InjectionTimer_2_PM.c **** /*******************************************************************************
   2:Generated_Source\PSoC5/InjectionTimer_2_PM.c **** * File Name: InjectionTimer_2_PM.c
   3:Generated_Source\PSoC5/InjectionTimer_2_PM.c **** * Version 3.30
   4:Generated_Source\PSoC5/InjectionTimer_2_PM.c **** *
   5:Generated_Source\PSoC5/InjectionTimer_2_PM.c **** * Description:
   6:Generated_Source\PSoC5/InjectionTimer_2_PM.c **** *  This file provides the power management source code to API for the
   7:Generated_Source\PSoC5/InjectionTimer_2_PM.c **** *  PWM.
   8:Generated_Source\PSoC5/InjectionTimer_2_PM.c **** *
   9:Generated_Source\PSoC5/InjectionTimer_2_PM.c **** * Note:
  10:Generated_Source\PSoC5/InjectionTimer_2_PM.c **** *
  11:Generated_Source\PSoC5/InjectionTimer_2_PM.c **** ********************************************************************************
  12:Generated_Source\PSoC5/InjectionTimer_2_PM.c **** * Copyright 2008-2014, Cypress Semiconductor Corporation.  All rights reserved.
  13:Generated_Source\PSoC5/InjectionTimer_2_PM.c **** * You may use this file only in accordance with the license, terms, conditions,
  14:Generated_Source\PSoC5/InjectionTimer_2_PM.c **** * disclaimers, and limitations in the end user license agreement accompanying
  15:Generated_Source\PSoC5/InjectionTimer_2_PM.c **** * the software package with which this file was provided.
  16:Generated_Source\PSoC5/InjectionTimer_2_PM.c **** *******************************************************************************/
  17:Generated_Source\PSoC5/InjectionTimer_2_PM.c **** 
  18:Generated_Source\PSoC5/InjectionTimer_2_PM.c **** #include "InjectionTimer_2.h"
  19:Generated_Source\PSoC5/InjectionTimer_2_PM.c **** 
  20:Generated_Source\PSoC5/InjectionTimer_2_PM.c **** static InjectionTimer_2_backupStruct InjectionTimer_2_backup;
  21:Generated_Source\PSoC5/InjectionTimer_2_PM.c **** 
  22:Generated_Source\PSoC5/InjectionTimer_2_PM.c **** 
  23:Generated_Source\PSoC5/InjectionTimer_2_PM.c **** /*******************************************************************************
  24:Generated_Source\PSoC5/InjectionTimer_2_PM.c **** * Function Name: InjectionTimer_2_SaveConfig
  25:Generated_Source\PSoC5/InjectionTimer_2_PM.c **** ********************************************************************************
  26:Generated_Source\PSoC5/InjectionTimer_2_PM.c **** *
  27:Generated_Source\PSoC5/InjectionTimer_2_PM.c **** * Summary:
  28:Generated_Source\PSoC5/InjectionTimer_2_PM.c **** *  Saves the current user configuration of the component.
  29:Generated_Source\PSoC5/InjectionTimer_2_PM.c **** *
  30:Generated_Source\PSoC5/InjectionTimer_2_PM.c **** * Parameters:
  31:Generated_Source\PSoC5/InjectionTimer_2_PM.c **** *  None
  32:Generated_Source\PSoC5/InjectionTimer_2_PM.c **** *
  33:Generated_Source\PSoC5/InjectionTimer_2_PM.c **** * Return:
  34:Generated_Source\PSoC5/InjectionTimer_2_PM.c **** *  None
  35:Generated_Source\PSoC5/InjectionTimer_2_PM.c **** *
  36:Generated_Source\PSoC5/InjectionTimer_2_PM.c **** * Global variables:
  37:Generated_Source\PSoC5/InjectionTimer_2_PM.c **** *  InjectionTimer_2_backup:  Variables of this global structure are modified to
  38:Generated_Source\PSoC5/InjectionTimer_2_PM.c **** *  store the values of non retention configuration registers when Sleep() API is
  39:Generated_Source\PSoC5/InjectionTimer_2_PM.c **** *  called.
  40:Generated_Source\PSoC5/InjectionTimer_2_PM.c **** *
  41:Generated_Source\PSoC5/InjectionTimer_2_PM.c **** *******************************************************************************/
  42:Generated_Source\PSoC5/InjectionTimer_2_PM.c **** void InjectionTimer_2_SaveConfig(void) 
  43:Generated_Source\PSoC5/InjectionTimer_2_PM.c **** {
 299              		.loc 1 43 0
 300              		.cfi_startproc
 301              		@ args = 0, pretend = 0, frame = 0
 302              		@ frame_needed = 0, uses_anonymous_args = 0
 303 0000 10B5     		push	{r4, lr}
 304              		.cfi_def_cfa_offset 8
 305              		.cfi_offset 4, -8
 306              		.cfi_offset 14, -4
ARM GAS  C:\Users\Bruger\AppData\Local\Temp\ccuMmGJN.s 			page 23


  44:Generated_Source\PSoC5/InjectionTimer_2_PM.c **** 
  45:Generated_Source\PSoC5/InjectionTimer_2_PM.c ****     #if(!InjectionTimer_2_UsingFixedFunction)
  46:Generated_Source\PSoC5/InjectionTimer_2_PM.c ****         #if(!InjectionTimer_2_PWMModeIsCenterAligned)
  47:Generated_Source\PSoC5/InjectionTimer_2_PM.c ****             InjectionTimer_2_backup.PWMPeriod = InjectionTimer_2_ReadPeriod();
 307              		.loc 1 47 0
 308 0002 FFF7FEFF 		bl	InjectionTimer_2_ReadPeriod
 309              	.LVL0:
 310 0006 064C     		ldr	r4, .L3
 311 0008 A080     		strh	r0, [r4, #4]	@ movhi
  48:Generated_Source\PSoC5/InjectionTimer_2_PM.c ****         #endif /* (!InjectionTimer_2_PWMModeIsCenterAligned) */
  49:Generated_Source\PSoC5/InjectionTimer_2_PM.c ****         InjectionTimer_2_backup.PWMUdb = InjectionTimer_2_ReadCounter();
 312              		.loc 1 49 0
 313 000a FFF7FEFF 		bl	InjectionTimer_2_ReadCounter
 314              	.LVL1:
  50:Generated_Source\PSoC5/InjectionTimer_2_PM.c ****         #if (InjectionTimer_2_UseStatus)
  51:Generated_Source\PSoC5/InjectionTimer_2_PM.c ****             InjectionTimer_2_backup.InterruptMaskValue = InjectionTimer_2_STATUS_MASK;
 315              		.loc 1 51 0
 316 000e 054B     		ldr	r3, .L3+4
  49:Generated_Source\PSoC5/InjectionTimer_2_PM.c ****         #if (InjectionTimer_2_UseStatus)
 317              		.loc 1 49 0
 318 0010 6080     		strh	r0, [r4, #2]	@ movhi
 319              		.loc 1 51 0
 320 0012 1B78     		ldrb	r3, [r3]	@ zero_extendqisi2
 321 0014 A371     		strb	r3, [r4, #6]
  52:Generated_Source\PSoC5/InjectionTimer_2_PM.c ****         #endif /* (InjectionTimer_2_UseStatus) */
  53:Generated_Source\PSoC5/InjectionTimer_2_PM.c **** 
  54:Generated_Source\PSoC5/InjectionTimer_2_PM.c ****         #if(InjectionTimer_2_DeadBandMode == InjectionTimer_2__B_PWM__DBM_256_CLOCKS || \
  55:Generated_Source\PSoC5/InjectionTimer_2_PM.c ****             InjectionTimer_2_DeadBandMode == InjectionTimer_2__B_PWM__DBM_2_4_CLOCKS)
  56:Generated_Source\PSoC5/InjectionTimer_2_PM.c ****             InjectionTimer_2_backup.PWMdeadBandValue = InjectionTimer_2_ReadDeadTime();
  57:Generated_Source\PSoC5/InjectionTimer_2_PM.c ****         #endif /*  deadband count is either 2-4 clocks or 256 clocks */
  58:Generated_Source\PSoC5/InjectionTimer_2_PM.c **** 
  59:Generated_Source\PSoC5/InjectionTimer_2_PM.c ****         #if(InjectionTimer_2_KillModeMinTime)
  60:Generated_Source\PSoC5/InjectionTimer_2_PM.c ****              InjectionTimer_2_backup.PWMKillCounterPeriod = InjectionTimer_2_ReadKillTime();
  61:Generated_Source\PSoC5/InjectionTimer_2_PM.c ****         #endif /* (InjectionTimer_2_KillModeMinTime) */
  62:Generated_Source\PSoC5/InjectionTimer_2_PM.c **** 
  63:Generated_Source\PSoC5/InjectionTimer_2_PM.c ****         #if(InjectionTimer_2_UseControl)
  64:Generated_Source\PSoC5/InjectionTimer_2_PM.c ****             InjectionTimer_2_backup.PWMControlRegister = InjectionTimer_2_ReadControlRegister();
 322              		.loc 1 64 0
 323 0016 FFF7FEFF 		bl	InjectionTimer_2_ReadControlRegister
 324              	.LVL2:
 325 001a E071     		strb	r0, [r4, #7]
 326 001c 10BD     		pop	{r4, pc}
 327              	.L4:
 328 001e 00BF     		.align	2
 329              	.L3:
 330 0020 00000000 		.word	.LANCHOR0
 331 0024 89640040 		.word	1073767561
 332              		.cfi_endproc
 333              	.LFE0:
 334              		.size	InjectionTimer_2_SaveConfig, .-InjectionTimer_2_SaveConfig
 335              		.section	.text.InjectionTimer_2_RestoreConfig,"ax",%progbits
 336              		.align	2
 337              		.global	InjectionTimer_2_RestoreConfig
 338              		.thumb
 339              		.thumb_func
 340              		.type	InjectionTimer_2_RestoreConfig, %function
 341              	InjectionTimer_2_RestoreConfig:
ARM GAS  C:\Users\Bruger\AppData\Local\Temp\ccuMmGJN.s 			page 24


 342              	.LFB1:
  65:Generated_Source\PSoC5/InjectionTimer_2_PM.c ****         #endif /* (InjectionTimer_2_UseControl) */
  66:Generated_Source\PSoC5/InjectionTimer_2_PM.c ****     #endif  /* (!InjectionTimer_2_UsingFixedFunction) */
  67:Generated_Source\PSoC5/InjectionTimer_2_PM.c **** }
  68:Generated_Source\PSoC5/InjectionTimer_2_PM.c **** 
  69:Generated_Source\PSoC5/InjectionTimer_2_PM.c **** 
  70:Generated_Source\PSoC5/InjectionTimer_2_PM.c **** /*******************************************************************************
  71:Generated_Source\PSoC5/InjectionTimer_2_PM.c **** * Function Name: InjectionTimer_2_RestoreConfig
  72:Generated_Source\PSoC5/InjectionTimer_2_PM.c **** ********************************************************************************
  73:Generated_Source\PSoC5/InjectionTimer_2_PM.c **** *
  74:Generated_Source\PSoC5/InjectionTimer_2_PM.c **** * Summary:
  75:Generated_Source\PSoC5/InjectionTimer_2_PM.c **** *  Restores the current user configuration of the component.
  76:Generated_Source\PSoC5/InjectionTimer_2_PM.c **** *
  77:Generated_Source\PSoC5/InjectionTimer_2_PM.c **** * Parameters:
  78:Generated_Source\PSoC5/InjectionTimer_2_PM.c **** *  None
  79:Generated_Source\PSoC5/InjectionTimer_2_PM.c **** *
  80:Generated_Source\PSoC5/InjectionTimer_2_PM.c **** * Return:
  81:Generated_Source\PSoC5/InjectionTimer_2_PM.c **** *  None
  82:Generated_Source\PSoC5/InjectionTimer_2_PM.c **** *
  83:Generated_Source\PSoC5/InjectionTimer_2_PM.c **** * Global variables:
  84:Generated_Source\PSoC5/InjectionTimer_2_PM.c **** *  InjectionTimer_2_backup:  Variables of this global structure are used to
  85:Generated_Source\PSoC5/InjectionTimer_2_PM.c **** *  restore the values of non retention registers on wakeup from sleep mode.
  86:Generated_Source\PSoC5/InjectionTimer_2_PM.c **** *
  87:Generated_Source\PSoC5/InjectionTimer_2_PM.c **** *******************************************************************************/
  88:Generated_Source\PSoC5/InjectionTimer_2_PM.c **** void InjectionTimer_2_RestoreConfig(void) 
  89:Generated_Source\PSoC5/InjectionTimer_2_PM.c **** {
 343              		.loc 1 89 0
 344              		.cfi_startproc
 345              		@ args = 0, pretend = 0, frame = 0
 346              		@ frame_needed = 0, uses_anonymous_args = 0
 347 0000 10B5     		push	{r4, lr}
 348              		.cfi_def_cfa_offset 8
 349              		.cfi_offset 4, -8
 350              		.cfi_offset 14, -4
  90:Generated_Source\PSoC5/InjectionTimer_2_PM.c ****         #if(!InjectionTimer_2_UsingFixedFunction)
  91:Generated_Source\PSoC5/InjectionTimer_2_PM.c ****             #if(!InjectionTimer_2_PWMModeIsCenterAligned)
  92:Generated_Source\PSoC5/InjectionTimer_2_PM.c ****                 InjectionTimer_2_WritePeriod(InjectionTimer_2_backup.PWMPeriod);
 351              		.loc 1 92 0
 352 0002 074C     		ldr	r4, .L7
 353 0004 A088     		ldrh	r0, [r4, #4]
 354 0006 FFF7FEFF 		bl	InjectionTimer_2_WritePeriod
 355              	.LVL3:
  93:Generated_Source\PSoC5/InjectionTimer_2_PM.c ****             #endif /* (!InjectionTimer_2_PWMModeIsCenterAligned) */
  94:Generated_Source\PSoC5/InjectionTimer_2_PM.c **** 
  95:Generated_Source\PSoC5/InjectionTimer_2_PM.c ****             InjectionTimer_2_WriteCounter(InjectionTimer_2_backup.PWMUdb);
 356              		.loc 1 95 0
 357 000a 6088     		ldrh	r0, [r4, #2]
 358 000c FFF7FEFF 		bl	InjectionTimer_2_WriteCounter
 359              	.LVL4:
  96:Generated_Source\PSoC5/InjectionTimer_2_PM.c **** 
  97:Generated_Source\PSoC5/InjectionTimer_2_PM.c ****             #if (InjectionTimer_2_UseStatus)
  98:Generated_Source\PSoC5/InjectionTimer_2_PM.c ****                 InjectionTimer_2_STATUS_MASK = InjectionTimer_2_backup.InterruptMaskValue;
 360              		.loc 1 98 0
 361 0010 A279     		ldrb	r2, [r4, #6]	@ zero_extendqisi2
 362 0012 044B     		ldr	r3, .L7+4
  99:Generated_Source\PSoC5/InjectionTimer_2_PM.c ****             #endif /* (InjectionTimer_2_UseStatus) */
 100:Generated_Source\PSoC5/InjectionTimer_2_PM.c **** 
ARM GAS  C:\Users\Bruger\AppData\Local\Temp\ccuMmGJN.s 			page 25


 101:Generated_Source\PSoC5/InjectionTimer_2_PM.c ****             #if(InjectionTimer_2_DeadBandMode == InjectionTimer_2__B_PWM__DBM_256_CLOCKS || \
 102:Generated_Source\PSoC5/InjectionTimer_2_PM.c ****                 InjectionTimer_2_DeadBandMode == InjectionTimer_2__B_PWM__DBM_2_4_CLOCKS)
 103:Generated_Source\PSoC5/InjectionTimer_2_PM.c ****                 InjectionTimer_2_WriteDeadTime(InjectionTimer_2_backup.PWMdeadBandValue);
 104:Generated_Source\PSoC5/InjectionTimer_2_PM.c ****             #endif /* deadband count is either 2-4 clocks or 256 clocks */
 105:Generated_Source\PSoC5/InjectionTimer_2_PM.c **** 
 106:Generated_Source\PSoC5/InjectionTimer_2_PM.c ****             #if(InjectionTimer_2_KillModeMinTime)
 107:Generated_Source\PSoC5/InjectionTimer_2_PM.c ****                 InjectionTimer_2_WriteKillTime(InjectionTimer_2_backup.PWMKillCounterPeriod);
 108:Generated_Source\PSoC5/InjectionTimer_2_PM.c ****             #endif /* (InjectionTimer_2_KillModeMinTime) */
 109:Generated_Source\PSoC5/InjectionTimer_2_PM.c **** 
 110:Generated_Source\PSoC5/InjectionTimer_2_PM.c ****             #if(InjectionTimer_2_UseControl)
 111:Generated_Source\PSoC5/InjectionTimer_2_PM.c ****                 InjectionTimer_2_WriteControlRegister(InjectionTimer_2_backup.PWMControlRegister);
 363              		.loc 1 111 0
 364 0014 E079     		ldrb	r0, [r4, #7]	@ zero_extendqisi2
  98:Generated_Source\PSoC5/InjectionTimer_2_PM.c ****             #endif /* (InjectionTimer_2_UseStatus) */
 365              		.loc 1 98 0
 366 0016 1A70     		strb	r2, [r3]
 112:Generated_Source\PSoC5/InjectionTimer_2_PM.c ****             #endif /* (InjectionTimer_2_UseControl) */
 113:Generated_Source\PSoC5/InjectionTimer_2_PM.c ****         #endif  /* (!InjectionTimer_2_UsingFixedFunction) */
 114:Generated_Source\PSoC5/InjectionTimer_2_PM.c ****     }
 367              		.loc 1 114 0
 368 0018 BDE81040 		pop	{r4, lr}
 369              		.cfi_restore 14
 370              		.cfi_restore 4
 371              		.cfi_def_cfa_offset 0
 111:Generated_Source\PSoC5/InjectionTimer_2_PM.c ****             #endif /* (InjectionTimer_2_UseControl) */
 372              		.loc 1 111 0
 373 001c FFF7FEBF 		b	InjectionTimer_2_WriteControlRegister
 374              	.LVL5:
 375              	.L8:
 376              		.align	2
 377              	.L7:
 378 0020 00000000 		.word	.LANCHOR0
 379 0024 89640040 		.word	1073767561
 380              		.cfi_endproc
 381              	.LFE1:
 382              		.size	InjectionTimer_2_RestoreConfig, .-InjectionTimer_2_RestoreConfig
 383              		.section	.text.InjectionTimer_2_Sleep,"ax",%progbits
 384              		.align	2
 385              		.global	InjectionTimer_2_Sleep
 386              		.thumb
 387              		.thumb_func
 388              		.type	InjectionTimer_2_Sleep, %function
 389              	InjectionTimer_2_Sleep:
 390              	.LFB2:
 115:Generated_Source\PSoC5/InjectionTimer_2_PM.c **** 
 116:Generated_Source\PSoC5/InjectionTimer_2_PM.c **** 
 117:Generated_Source\PSoC5/InjectionTimer_2_PM.c **** /*******************************************************************************
 118:Generated_Source\PSoC5/InjectionTimer_2_PM.c **** * Function Name: InjectionTimer_2_Sleep
 119:Generated_Source\PSoC5/InjectionTimer_2_PM.c **** ********************************************************************************
 120:Generated_Source\PSoC5/InjectionTimer_2_PM.c **** *
 121:Generated_Source\PSoC5/InjectionTimer_2_PM.c **** * Summary:
 122:Generated_Source\PSoC5/InjectionTimer_2_PM.c **** *  Disables block's operation and saves the user configuration. Should be called
 123:Generated_Source\PSoC5/InjectionTimer_2_PM.c **** *  just prior to entering sleep.
 124:Generated_Source\PSoC5/InjectionTimer_2_PM.c **** *
 125:Generated_Source\PSoC5/InjectionTimer_2_PM.c **** * Parameters:
 126:Generated_Source\PSoC5/InjectionTimer_2_PM.c **** *  None
 127:Generated_Source\PSoC5/InjectionTimer_2_PM.c **** *
ARM GAS  C:\Users\Bruger\AppData\Local\Temp\ccuMmGJN.s 			page 26


 128:Generated_Source\PSoC5/InjectionTimer_2_PM.c **** * Return:
 129:Generated_Source\PSoC5/InjectionTimer_2_PM.c **** *  None
 130:Generated_Source\PSoC5/InjectionTimer_2_PM.c **** *
 131:Generated_Source\PSoC5/InjectionTimer_2_PM.c **** * Global variables:
 132:Generated_Source\PSoC5/InjectionTimer_2_PM.c **** *  InjectionTimer_2_backup.PWMEnableState:  Is modified depending on the enable
 133:Generated_Source\PSoC5/InjectionTimer_2_PM.c **** *  state of the block before entering sleep mode.
 134:Generated_Source\PSoC5/InjectionTimer_2_PM.c **** *
 135:Generated_Source\PSoC5/InjectionTimer_2_PM.c **** *******************************************************************************/
 136:Generated_Source\PSoC5/InjectionTimer_2_PM.c **** void InjectionTimer_2_Sleep(void) 
 137:Generated_Source\PSoC5/InjectionTimer_2_PM.c **** {
 391              		.loc 1 137 0
 392              		.cfi_startproc
 393              		@ args = 0, pretend = 0, frame = 0
 394              		@ frame_needed = 0, uses_anonymous_args = 0
 395 0000 10B5     		push	{r4, lr}
 396              		.cfi_def_cfa_offset 8
 397              		.cfi_offset 4, -8
 398              		.cfi_offset 14, -4
 138:Generated_Source\PSoC5/InjectionTimer_2_PM.c ****     #if(InjectionTimer_2_UseControl)
 139:Generated_Source\PSoC5/InjectionTimer_2_PM.c ****         if(InjectionTimer_2_CTRL_ENABLE == (InjectionTimer_2_CONTROL & InjectionTimer_2_CTRL_ENABLE
 399              		.loc 1 139 0
 400 0002 0A4B     		ldr	r3, .L11
 401 0004 0A4C     		ldr	r4, .L11+4
 402 0006 1B78     		ldrb	r3, [r3]	@ zero_extendqisi2
 403 0008 DB09     		lsrs	r3, r3, #7
 404 000a 2370     		strb	r3, [r4]
 140:Generated_Source\PSoC5/InjectionTimer_2_PM.c ****         {
 141:Generated_Source\PSoC5/InjectionTimer_2_PM.c ****             /*Component is enabled */
 142:Generated_Source\PSoC5/InjectionTimer_2_PM.c ****             InjectionTimer_2_backup.PWMEnableState = 1u;
 143:Generated_Source\PSoC5/InjectionTimer_2_PM.c ****         }
 144:Generated_Source\PSoC5/InjectionTimer_2_PM.c ****         else
 145:Generated_Source\PSoC5/InjectionTimer_2_PM.c ****         {
 146:Generated_Source\PSoC5/InjectionTimer_2_PM.c ****             /* Component is disabled */
 147:Generated_Source\PSoC5/InjectionTimer_2_PM.c ****             InjectionTimer_2_backup.PWMEnableState = 0u;
 148:Generated_Source\PSoC5/InjectionTimer_2_PM.c ****         }
 149:Generated_Source\PSoC5/InjectionTimer_2_PM.c ****     #endif /* (InjectionTimer_2_UseControl) */
 150:Generated_Source\PSoC5/InjectionTimer_2_PM.c **** 
 151:Generated_Source\PSoC5/InjectionTimer_2_PM.c ****     /* Stop component */
 152:Generated_Source\PSoC5/InjectionTimer_2_PM.c ****     InjectionTimer_2_Stop();
 405              		.loc 1 152 0
 406 000c FFF7FEFF 		bl	InjectionTimer_2_Stop
 407              	.LVL6:
 408              	.LBB4:
 409              	.LBB5:
  47:Generated_Source\PSoC5/InjectionTimer_2_PM.c ****         #endif /* (!InjectionTimer_2_PWMModeIsCenterAligned) */
 410              		.loc 1 47 0
 411 0010 FFF7FEFF 		bl	InjectionTimer_2_ReadPeriod
 412              	.LVL7:
 413 0014 A080     		strh	r0, [r4, #4]	@ movhi
  49:Generated_Source\PSoC5/InjectionTimer_2_PM.c ****         #if (InjectionTimer_2_UseStatus)
 414              		.loc 1 49 0
 415 0016 FFF7FEFF 		bl	InjectionTimer_2_ReadCounter
 416              	.LVL8:
  51:Generated_Source\PSoC5/InjectionTimer_2_PM.c ****         #endif /* (InjectionTimer_2_UseStatus) */
 417              		.loc 1 51 0
 418 001a 064B     		ldr	r3, .L11+8
  49:Generated_Source\PSoC5/InjectionTimer_2_PM.c ****         #if (InjectionTimer_2_UseStatus)
ARM GAS  C:\Users\Bruger\AppData\Local\Temp\ccuMmGJN.s 			page 27


 419              		.loc 1 49 0
 420 001c 6080     		strh	r0, [r4, #2]	@ movhi
  51:Generated_Source\PSoC5/InjectionTimer_2_PM.c ****         #endif /* (InjectionTimer_2_UseStatus) */
 421              		.loc 1 51 0
 422 001e 1B78     		ldrb	r3, [r3]	@ zero_extendqisi2
 423 0020 A371     		strb	r3, [r4, #6]
  64:Generated_Source\PSoC5/InjectionTimer_2_PM.c ****         #endif /* (InjectionTimer_2_UseControl) */
 424              		.loc 1 64 0
 425 0022 FFF7FEFF 		bl	InjectionTimer_2_ReadControlRegister
 426              	.LVL9:
 427 0026 E071     		strb	r0, [r4, #7]
 428 0028 10BD     		pop	{r4, pc}
 429              	.L12:
 430 002a 00BF     		.align	2
 431              	.L11:
 432 002c 77650040 		.word	1073767799
 433 0030 00000000 		.word	.LANCHOR0
 434 0034 89640040 		.word	1073767561
 435              	.LBE5:
 436              	.LBE4:
 437              		.cfi_endproc
 438              	.LFE2:
 439              		.size	InjectionTimer_2_Sleep, .-InjectionTimer_2_Sleep
 440              		.section	.text.InjectionTimer_2_Wakeup,"ax",%progbits
 441              		.align	2
 442              		.global	InjectionTimer_2_Wakeup
 443              		.thumb
 444              		.thumb_func
 445              		.type	InjectionTimer_2_Wakeup, %function
 446              	InjectionTimer_2_Wakeup:
 447              	.LFB3:
 153:Generated_Source\PSoC5/InjectionTimer_2_PM.c **** 
 154:Generated_Source\PSoC5/InjectionTimer_2_PM.c ****     /* Save registers configuration */
 155:Generated_Source\PSoC5/InjectionTimer_2_PM.c ****     InjectionTimer_2_SaveConfig();
 156:Generated_Source\PSoC5/InjectionTimer_2_PM.c **** }
 157:Generated_Source\PSoC5/InjectionTimer_2_PM.c **** 
 158:Generated_Source\PSoC5/InjectionTimer_2_PM.c **** 
 159:Generated_Source\PSoC5/InjectionTimer_2_PM.c **** /*******************************************************************************
 160:Generated_Source\PSoC5/InjectionTimer_2_PM.c **** * Function Name: InjectionTimer_2_Wakeup
 161:Generated_Source\PSoC5/InjectionTimer_2_PM.c **** ********************************************************************************
 162:Generated_Source\PSoC5/InjectionTimer_2_PM.c **** *
 163:Generated_Source\PSoC5/InjectionTimer_2_PM.c **** * Summary:
 164:Generated_Source\PSoC5/InjectionTimer_2_PM.c **** *  Restores and enables the user configuration. Should be called just after
 165:Generated_Source\PSoC5/InjectionTimer_2_PM.c **** *  awaking from sleep.
 166:Generated_Source\PSoC5/InjectionTimer_2_PM.c **** *
 167:Generated_Source\PSoC5/InjectionTimer_2_PM.c **** * Parameters:
 168:Generated_Source\PSoC5/InjectionTimer_2_PM.c **** *  None
 169:Generated_Source\PSoC5/InjectionTimer_2_PM.c **** *
 170:Generated_Source\PSoC5/InjectionTimer_2_PM.c **** * Return:
 171:Generated_Source\PSoC5/InjectionTimer_2_PM.c **** *  None
 172:Generated_Source\PSoC5/InjectionTimer_2_PM.c **** *
 173:Generated_Source\PSoC5/InjectionTimer_2_PM.c **** * Global variables:
 174:Generated_Source\PSoC5/InjectionTimer_2_PM.c **** *  InjectionTimer_2_backup.pwmEnable:  Is used to restore the enable state of
 175:Generated_Source\PSoC5/InjectionTimer_2_PM.c **** *  block on wakeup from sleep mode.
 176:Generated_Source\PSoC5/InjectionTimer_2_PM.c **** *
 177:Generated_Source\PSoC5/InjectionTimer_2_PM.c **** *******************************************************************************/
 178:Generated_Source\PSoC5/InjectionTimer_2_PM.c **** void InjectionTimer_2_Wakeup(void) 
ARM GAS  C:\Users\Bruger\AppData\Local\Temp\ccuMmGJN.s 			page 28


 179:Generated_Source\PSoC5/InjectionTimer_2_PM.c **** {
 448              		.loc 1 179 0
 449              		.cfi_startproc
 450              		@ args = 0, pretend = 0, frame = 0
 451              		@ frame_needed = 0, uses_anonymous_args = 0
 452 0000 10B5     		push	{r4, lr}
 453              		.cfi_def_cfa_offset 8
 454              		.cfi_offset 4, -8
 455              		.cfi_offset 14, -4
 456              	.LBB8:
 457              	.LBB9:
  92:Generated_Source\PSoC5/InjectionTimer_2_PM.c ****             #endif /* (!InjectionTimer_2_PWMModeIsCenterAligned) */
 458              		.loc 1 92 0
 459 0002 0A4C     		ldr	r4, .L18
 460 0004 A088     		ldrh	r0, [r4, #4]
 461 0006 FFF7FEFF 		bl	InjectionTimer_2_WritePeriod
 462              	.LVL10:
  95:Generated_Source\PSoC5/InjectionTimer_2_PM.c **** 
 463              		.loc 1 95 0
 464 000a 6088     		ldrh	r0, [r4, #2]
 465 000c FFF7FEFF 		bl	InjectionTimer_2_WriteCounter
 466              	.LVL11:
  98:Generated_Source\PSoC5/InjectionTimer_2_PM.c ****             #endif /* (InjectionTimer_2_UseStatus) */
 467              		.loc 1 98 0
 468 0010 074B     		ldr	r3, .L18+4
 469 0012 A279     		ldrb	r2, [r4, #6]	@ zero_extendqisi2
 111:Generated_Source\PSoC5/InjectionTimer_2_PM.c ****             #endif /* (InjectionTimer_2_UseControl) */
 470              		.loc 1 111 0
 471 0014 E079     		ldrb	r0, [r4, #7]	@ zero_extendqisi2
  98:Generated_Source\PSoC5/InjectionTimer_2_PM.c ****             #endif /* (InjectionTimer_2_UseStatus) */
 472              		.loc 1 98 0
 473 0016 1A70     		strb	r2, [r3]
 111:Generated_Source\PSoC5/InjectionTimer_2_PM.c ****             #endif /* (InjectionTimer_2_UseControl) */
 474              		.loc 1 111 0
 475 0018 FFF7FEFF 		bl	InjectionTimer_2_WriteControlRegister
 476              	.LVL12:
 477              	.LBE9:
 478              	.LBE8:
 180:Generated_Source\PSoC5/InjectionTimer_2_PM.c ****      /* Restore registers values */
 181:Generated_Source\PSoC5/InjectionTimer_2_PM.c ****     InjectionTimer_2_RestoreConfig();
 182:Generated_Source\PSoC5/InjectionTimer_2_PM.c **** 
 183:Generated_Source\PSoC5/InjectionTimer_2_PM.c ****     if(InjectionTimer_2_backup.PWMEnableState != 0u)
 479              		.loc 1 183 0
 480 001c 2378     		ldrb	r3, [r4]	@ zero_extendqisi2
 481 001e 03B9     		cbnz	r3, .L17
 482 0020 10BD     		pop	{r4, pc}
 483              	.L17:
 184:Generated_Source\PSoC5/InjectionTimer_2_PM.c ****     {
 185:Generated_Source\PSoC5/InjectionTimer_2_PM.c ****         /* Enable component's operation */
 186:Generated_Source\PSoC5/InjectionTimer_2_PM.c ****         InjectionTimer_2_Enable();
 187:Generated_Source\PSoC5/InjectionTimer_2_PM.c ****     } /* Do nothing if component's block was disabled before */
 188:Generated_Source\PSoC5/InjectionTimer_2_PM.c **** 
 189:Generated_Source\PSoC5/InjectionTimer_2_PM.c **** }
 484              		.loc 1 189 0
 485 0022 BDE81040 		pop	{r4, lr}
 486              		.cfi_restore 14
 487              		.cfi_restore 4
ARM GAS  C:\Users\Bruger\AppData\Local\Temp\ccuMmGJN.s 			page 29


 488              		.cfi_def_cfa_offset 0
 186:Generated_Source\PSoC5/InjectionTimer_2_PM.c ****     } /* Do nothing if component's block was disabled before */
 489              		.loc 1 186 0
 490 0026 FFF7FEBF 		b	InjectionTimer_2_Enable
 491              	.LVL13:
 492              	.L19:
 493 002a 00BF     		.align	2
 494              	.L18:
 495 002c 00000000 		.word	.LANCHOR0
 496 0030 89640040 		.word	1073767561
 497              		.cfi_endproc
 498              	.LFE3:
 499              		.size	InjectionTimer_2_Wakeup, .-InjectionTimer_2_Wakeup
 500              		.bss
 501              		.align	2
 502              		.set	.LANCHOR0,. + 0
 503              		.type	InjectionTimer_2_backup, %object
 504              		.size	InjectionTimer_2_backup, 8
 505              	InjectionTimer_2_backup:
 506 0000 00000000 		.space	8
 506      00000000 
 507              		.text
 508              	.Letext0:
 509              		.file 2 "Generated_Source\\PSoC5\\cytypes.h"
 510              		.file 3 "Generated_Source\\PSoC5\\InjectionTimer_2.h"
 511              		.section	.debug_info,"",%progbits
 512              	.Ldebug_info0:
 513 0000 7A020000 		.4byte	0x27a
 514 0004 0400     		.2byte	0x4
 515 0006 00000000 		.4byte	.Ldebug_abbrev0
 516 000a 04       		.byte	0x4
 517 000b 01       		.uleb128 0x1
 518 000c F4010000 		.4byte	.LASF34
 519 0010 01       		.byte	0x1
 520 0011 FB000000 		.4byte	.LASF35
 521 0015 1B030000 		.4byte	.LASF36
 522 0019 00000000 		.4byte	.Ldebug_ranges0+0
 523 001d 00000000 		.4byte	0
 524 0021 00000000 		.4byte	.Ldebug_line0
 525 0025 02       		.uleb128 0x2
 526 0026 01       		.byte	0x1
 527 0027 06       		.byte	0x6
 528 0028 80030000 		.4byte	.LASF0
 529 002c 02       		.uleb128 0x2
 530 002d 01       		.byte	0x1
 531 002e 08       		.byte	0x8
 532 002f C6000000 		.4byte	.LASF1
 533 0033 02       		.uleb128 0x2
 534 0034 02       		.byte	0x2
 535 0035 05       		.byte	0x5
 536 0036 BD020000 		.4byte	.LASF2
 537 003a 02       		.uleb128 0x2
 538 003b 02       		.byte	0x2
 539 003c 07       		.byte	0x7
 540 003d 4F000000 		.4byte	.LASF3
 541 0041 02       		.uleb128 0x2
 542 0042 04       		.byte	0x4
ARM GAS  C:\Users\Bruger\AppData\Local\Temp\ccuMmGJN.s 			page 30


 543 0043 05       		.byte	0x5
 544 0044 FA020000 		.4byte	.LASF4
 545 0048 02       		.uleb128 0x2
 546 0049 04       		.byte	0x4
 547 004a 07       		.byte	0x7
 548 004b E3000000 		.4byte	.LASF5
 549 004f 02       		.uleb128 0x2
 550 0050 08       		.byte	0x8
 551 0051 05       		.byte	0x5
 552 0052 E6010000 		.4byte	.LASF6
 553 0056 02       		.uleb128 0x2
 554 0057 08       		.byte	0x8
 555 0058 07       		.byte	0x7
 556 0059 A9010000 		.4byte	.LASF7
 557 005d 03       		.uleb128 0x3
 558 005e 04       		.byte	0x4
 559 005f 05       		.byte	0x5
 560 0060 696E7400 		.ascii	"int\000"
 561 0064 02       		.uleb128 0x2
 562 0065 04       		.byte	0x4
 563 0066 07       		.byte	0x7
 564 0067 9C010000 		.4byte	.LASF8
 565 006b 04       		.uleb128 0x4
 566 006c F5000000 		.4byte	.LASF9
 567 0070 02       		.byte	0x2
 568 0071 3801     		.2byte	0x138
 569 0073 2C000000 		.4byte	0x2c
 570 0077 04       		.uleb128 0x4
 571 0078 7F010000 		.4byte	.LASF10
 572 007c 02       		.byte	0x2
 573 007d 3901     		.2byte	0x139
 574 007f 3A000000 		.4byte	0x3a
 575 0083 02       		.uleb128 0x2
 576 0084 04       		.byte	0x4
 577 0085 04       		.byte	0x4
 578 0086 C0000000 		.4byte	.LASF11
 579 008a 02       		.uleb128 0x2
 580 008b 08       		.byte	0x8
 581 008c 04       		.byte	0x4
 582 008d 78010000 		.4byte	.LASF12
 583 0091 02       		.uleb128 0x2
 584 0092 01       		.byte	0x1
 585 0093 08       		.byte	0x8
 586 0094 9B020000 		.4byte	.LASF13
 587 0098 04       		.uleb128 0x4
 588 0099 D8010000 		.4byte	.LASF14
 589 009d 02       		.byte	0x2
 590 009e E201     		.2byte	0x1e2
 591 00a0 A4000000 		.4byte	0xa4
 592 00a4 05       		.uleb128 0x5
 593 00a5 6B000000 		.4byte	0x6b
 594 00a9 02       		.uleb128 0x2
 595 00aa 04       		.byte	0x4
 596 00ab 07       		.byte	0x7
 597 00ac DD010000 		.4byte	.LASF15
 598 00b0 06       		.uleb128 0x6
 599 00b1 08       		.byte	0x8
ARM GAS  C:\Users\Bruger\AppData\Local\Temp\ccuMmGJN.s 			page 31


 600 00b2 03       		.byte	0x3
 601 00b3 6B       		.byte	0x6b
 602 00b4 F5000000 		.4byte	0xf5
 603 00b8 07       		.uleb128 0x7
 604 00b9 D4000000 		.4byte	.LASF16
 605 00bd 03       		.byte	0x3
 606 00be 6E       		.byte	0x6e
 607 00bf 6B000000 		.4byte	0x6b
 608 00c3 00       		.byte	0
 609 00c4 07       		.uleb128 0x7
 610 00c5 00000000 		.4byte	.LASF17
 611 00c9 03       		.byte	0x3
 612 00ca 71       		.byte	0x71
 613 00cb 77000000 		.4byte	0x77
 614 00cf 02       		.byte	0x2
 615 00d0 07       		.uleb128 0x7
 616 00d1 07000000 		.4byte	.LASF18
 617 00d5 03       		.byte	0x3
 618 00d6 73       		.byte	0x73
 619 00d7 77000000 		.4byte	0x77
 620 00db 04       		.byte	0x4
 621 00dc 07       		.uleb128 0x7
 622 00dd AA030000 		.4byte	.LASF19
 623 00e1 03       		.byte	0x3
 624 00e2 76       		.byte	0x76
 625 00e3 6B000000 		.4byte	0x6b
 626 00e7 06       		.byte	0x6
 627 00e8 07       		.uleb128 0x7
 628 00e9 65010000 		.4byte	.LASF20
 629 00ed 03       		.byte	0x3
 630 00ee 86       		.byte	0x86
 631 00ef 6B000000 		.4byte	0x6b
 632 00f3 07       		.byte	0x7
 633 00f4 00       		.byte	0
 634 00f5 08       		.uleb128 0x8
 635 00f6 28010000 		.4byte	.LASF21
 636 00fa 03       		.byte	0x3
 637 00fb 8B       		.byte	0x8b
 638 00fc B0000000 		.4byte	0xb0
 639 0100 09       		.uleb128 0x9
 640 0101 62000000 		.4byte	.LASF22
 641 0105 01       		.byte	0x1
 642 0106 2A       		.byte	0x2a
 643 0107 01       		.byte	0x1
 644 0108 0A       		.uleb128 0xa
 645 0109 00010000 		.4byte	0x100
 646 010d 00000000 		.4byte	.LFB0
 647 0111 28000000 		.4byte	.LFE0-.LFB0
 648 0115 01       		.uleb128 0x1
 649 0116 9C       		.byte	0x9c
 650 0117 37010000 		.4byte	0x137
 651 011b 0B       		.uleb128 0xb
 652 011c 06000000 		.4byte	.LVL0
 653 0120 1B020000 		.4byte	0x21b
 654 0124 0B       		.uleb128 0xb
 655 0125 0E000000 		.4byte	.LVL1
 656 0129 26020000 		.4byte	0x226
ARM GAS  C:\Users\Bruger\AppData\Local\Temp\ccuMmGJN.s 			page 32


 657 012d 0B       		.uleb128 0xb
 658 012e 1A000000 		.4byte	.LVL2
 659 0132 31020000 		.4byte	0x231
 660 0136 00       		.byte	0
 661 0137 09       		.uleb128 0x9
 662 0138 46010000 		.4byte	.LASF23
 663 013c 01       		.byte	0x1
 664 013d 58       		.byte	0x58
 665 013e 01       		.byte	0x1
 666 013f 0A       		.uleb128 0xa
 667 0140 37010000 		.4byte	0x137
 668 0144 00000000 		.4byte	.LFB1
 669 0148 28000000 		.4byte	.LFE1-.LFB1
 670 014c 01       		.uleb128 0x1
 671 014d 9C       		.byte	0x9c
 672 014e 6E010000 		.4byte	0x16e
 673 0152 0B       		.uleb128 0xb
 674 0153 0A000000 		.4byte	.LVL3
 675 0157 3C020000 		.4byte	0x23c
 676 015b 0B       		.uleb128 0xb
 677 015c 10000000 		.4byte	.LVL4
 678 0160 4D020000 		.4byte	0x24d
 679 0164 0C       		.uleb128 0xc
 680 0165 20000000 		.4byte	.LVL5
 681 0169 5E020000 		.4byte	0x25e
 682 016d 00       		.byte	0
 683 016e 0D       		.uleb128 0xd
 684 016f C7020000 		.4byte	.LASF24
 685 0173 01       		.byte	0x1
 686 0174 88       		.byte	0x88
 687 0175 00000000 		.4byte	.LFB2
 688 0179 38000000 		.4byte	.LFE2-.LFB2
 689 017d 01       		.uleb128 0x1
 690 017e 9C       		.byte	0x9c
 691 017f BC010000 		.4byte	0x1bc
 692 0183 0E       		.uleb128 0xe
 693 0184 00010000 		.4byte	0x100
 694 0188 10000000 		.4byte	.LBB4
 695 018c 28000000 		.4byte	.LBE4-.LBB4
 696 0190 01       		.byte	0x1
 697 0191 9B       		.byte	0x9b
 698 0192 B2010000 		.4byte	0x1b2
 699 0196 0B       		.uleb128 0xb
 700 0197 14000000 		.4byte	.LVL7
 701 019b 1B020000 		.4byte	0x21b
 702 019f 0B       		.uleb128 0xb
 703 01a0 1A000000 		.4byte	.LVL8
 704 01a4 26020000 		.4byte	0x226
 705 01a8 0B       		.uleb128 0xb
 706 01a9 26000000 		.4byte	.LVL9
 707 01ad 31020000 		.4byte	0x231
 708 01b1 00       		.byte	0
 709 01b2 0B       		.uleb128 0xb
 710 01b3 10000000 		.4byte	.LVL6
 711 01b7 6F020000 		.4byte	0x26f
 712 01bb 00       		.byte	0
 713 01bc 0D       		.uleb128 0xd
ARM GAS  C:\Users\Bruger\AppData\Local\Temp\ccuMmGJN.s 			page 33


 714 01bd 37000000 		.4byte	.LASF25
 715 01c1 01       		.byte	0x1
 716 01c2 B2       		.byte	0xb2
 717 01c3 00000000 		.4byte	.LFB3
 718 01c7 34000000 		.4byte	.LFE3-.LFB3
 719 01cb 01       		.uleb128 0x1
 720 01cc 9C       		.byte	0x9c
 721 01cd 0A020000 		.4byte	0x20a
 722 01d1 0E       		.uleb128 0xe
 723 01d2 37010000 		.4byte	0x137
 724 01d6 02000000 		.4byte	.LBB8
 725 01da 1A000000 		.4byte	.LBE8-.LBB8
 726 01de 01       		.byte	0x1
 727 01df B5       		.byte	0xb5
 728 01e0 00020000 		.4byte	0x200
 729 01e4 0B       		.uleb128 0xb
 730 01e5 0A000000 		.4byte	.LVL10
 731 01e9 3C020000 		.4byte	0x23c
 732 01ed 0B       		.uleb128 0xb
 733 01ee 10000000 		.4byte	.LVL11
 734 01f2 4D020000 		.4byte	0x24d
 735 01f6 0B       		.uleb128 0xb
 736 01f7 1C000000 		.4byte	.LVL12
 737 01fb 5E020000 		.4byte	0x25e
 738 01ff 00       		.byte	0
 739 0200 0C       		.uleb128 0xc
 740 0201 2A000000 		.4byte	.LVL13
 741 0205 76020000 		.4byte	0x276
 742 0209 00       		.byte	0
 743 020a 0F       		.uleb128 0xf
 744 020b C0010000 		.4byte	.LASF37
 745 020f 01       		.byte	0x1
 746 0210 14       		.byte	0x14
 747 0211 F5000000 		.4byte	0xf5
 748 0215 05       		.uleb128 0x5
 749 0216 03       		.byte	0x3
 750 0217 00000000 		.4byte	InjectionTimer_2_backup
 751 021b 10       		.uleb128 0x10
 752 021c DE020000 		.4byte	.LASF26
 753 0220 03       		.byte	0x3
 754 0221 C0       		.byte	0xc0
 755 0222 77000000 		.4byte	0x77
 756 0226 10       		.uleb128 0x10
 757 0227 A3000000 		.4byte	.LASF27
 758 022b 03       		.byte	0x3
 759 022c B3       		.byte	0xb3
 760 022d 77000000 		.4byte	0x77
 761 0231 10       		.uleb128 0x10
 762 0232 7E000000 		.4byte	.LASF28
 763 0236 03       		.byte	0x3
 764 0237 9D       		.byte	0x9d
 765 0238 6B000000 		.4byte	0x6b
 766 023c 11       		.uleb128 0x11
 767 023d A0020000 		.4byte	.LASF29
 768 0241 03       		.byte	0x3
 769 0242 BE       		.byte	0xbe
 770 0243 4D020000 		.4byte	0x24d
ARM GAS  C:\Users\Bruger\AppData\Local\Temp\ccuMmGJN.s 			page 34


 771 0247 12       		.uleb128 0x12
 772 0248 77000000 		.4byte	0x77
 773 024c 00       		.byte	0
 774 024d 11       		.uleb128 0x11
 775 024e 8C030000 		.4byte	.LASF30
 776 0252 03       		.byte	0x3
 777 0253 BA       		.byte	0xba
 778 0254 5E020000 		.4byte	0x25e
 779 0258 12       		.uleb128 0x12
 780 0259 77000000 		.4byte	0x77
 781 025d 00       		.byte	0
 782 025e 11       		.uleb128 0x11
 783 025f 11000000 		.4byte	.LASF31
 784 0263 03       		.byte	0x3
 785 0264 9E       		.byte	0x9e
 786 0265 6F020000 		.4byte	0x26f
 787 0269 12       		.uleb128 0x12
 788 026a 6B000000 		.4byte	0x6b
 789 026e 00       		.byte	0
 790 026f 13       		.uleb128 0x13
 791 0270 86010000 		.4byte	.LASF32
 792 0274 03       		.byte	0x3
 793 0275 93       		.byte	0x93
 794 0276 13       		.uleb128 0x13
 795 0277 03030000 		.4byte	.LASF33
 796 027b 03       		.byte	0x3
 797 027c DB       		.byte	0xdb
 798 027d 00       		.byte	0
 799              		.section	.debug_abbrev,"",%progbits
 800              	.Ldebug_abbrev0:
 801 0000 01       		.uleb128 0x1
 802 0001 11       		.uleb128 0x11
 803 0002 01       		.byte	0x1
 804 0003 25       		.uleb128 0x25
 805 0004 0E       		.uleb128 0xe
 806 0005 13       		.uleb128 0x13
 807 0006 0B       		.uleb128 0xb
 808 0007 03       		.uleb128 0x3
 809 0008 0E       		.uleb128 0xe
 810 0009 1B       		.uleb128 0x1b
 811 000a 0E       		.uleb128 0xe
 812 000b 55       		.uleb128 0x55
 813 000c 17       		.uleb128 0x17
 814 000d 11       		.uleb128 0x11
 815 000e 01       		.uleb128 0x1
 816 000f 10       		.uleb128 0x10
 817 0010 17       		.uleb128 0x17
 818 0011 00       		.byte	0
 819 0012 00       		.byte	0
 820 0013 02       		.uleb128 0x2
 821 0014 24       		.uleb128 0x24
 822 0015 00       		.byte	0
 823 0016 0B       		.uleb128 0xb
 824 0017 0B       		.uleb128 0xb
 825 0018 3E       		.uleb128 0x3e
 826 0019 0B       		.uleb128 0xb
 827 001a 03       		.uleb128 0x3
ARM GAS  C:\Users\Bruger\AppData\Local\Temp\ccuMmGJN.s 			page 35


 828 001b 0E       		.uleb128 0xe
 829 001c 00       		.byte	0
 830 001d 00       		.byte	0
 831 001e 03       		.uleb128 0x3
 832 001f 24       		.uleb128 0x24
 833 0020 00       		.byte	0
 834 0021 0B       		.uleb128 0xb
 835 0022 0B       		.uleb128 0xb
 836 0023 3E       		.uleb128 0x3e
 837 0024 0B       		.uleb128 0xb
 838 0025 03       		.uleb128 0x3
 839 0026 08       		.uleb128 0x8
 840 0027 00       		.byte	0
 841 0028 00       		.byte	0
 842 0029 04       		.uleb128 0x4
 843 002a 16       		.uleb128 0x16
 844 002b 00       		.byte	0
 845 002c 03       		.uleb128 0x3
 846 002d 0E       		.uleb128 0xe
 847 002e 3A       		.uleb128 0x3a
 848 002f 0B       		.uleb128 0xb
 849 0030 3B       		.uleb128 0x3b
 850 0031 05       		.uleb128 0x5
 851 0032 49       		.uleb128 0x49
 852 0033 13       		.uleb128 0x13
 853 0034 00       		.byte	0
 854 0035 00       		.byte	0
 855 0036 05       		.uleb128 0x5
 856 0037 35       		.uleb128 0x35
 857 0038 00       		.byte	0
 858 0039 49       		.uleb128 0x49
 859 003a 13       		.uleb128 0x13
 860 003b 00       		.byte	0
 861 003c 00       		.byte	0
 862 003d 06       		.uleb128 0x6
 863 003e 13       		.uleb128 0x13
 864 003f 01       		.byte	0x1
 865 0040 0B       		.uleb128 0xb
 866 0041 0B       		.uleb128 0xb
 867 0042 3A       		.uleb128 0x3a
 868 0043 0B       		.uleb128 0xb
 869 0044 3B       		.uleb128 0x3b
 870 0045 0B       		.uleb128 0xb
 871 0046 01       		.uleb128 0x1
 872 0047 13       		.uleb128 0x13
 873 0048 00       		.byte	0
 874 0049 00       		.byte	0
 875 004a 07       		.uleb128 0x7
 876 004b 0D       		.uleb128 0xd
 877 004c 00       		.byte	0
 878 004d 03       		.uleb128 0x3
 879 004e 0E       		.uleb128 0xe
 880 004f 3A       		.uleb128 0x3a
 881 0050 0B       		.uleb128 0xb
 882 0051 3B       		.uleb128 0x3b
 883 0052 0B       		.uleb128 0xb
 884 0053 49       		.uleb128 0x49
ARM GAS  C:\Users\Bruger\AppData\Local\Temp\ccuMmGJN.s 			page 36


 885 0054 13       		.uleb128 0x13
 886 0055 38       		.uleb128 0x38
 887 0056 0B       		.uleb128 0xb
 888 0057 00       		.byte	0
 889 0058 00       		.byte	0
 890 0059 08       		.uleb128 0x8
 891 005a 16       		.uleb128 0x16
 892 005b 00       		.byte	0
 893 005c 03       		.uleb128 0x3
 894 005d 0E       		.uleb128 0xe
 895 005e 3A       		.uleb128 0x3a
 896 005f 0B       		.uleb128 0xb
 897 0060 3B       		.uleb128 0x3b
 898 0061 0B       		.uleb128 0xb
 899 0062 49       		.uleb128 0x49
 900 0063 13       		.uleb128 0x13
 901 0064 00       		.byte	0
 902 0065 00       		.byte	0
 903 0066 09       		.uleb128 0x9
 904 0067 2E       		.uleb128 0x2e
 905 0068 00       		.byte	0
 906 0069 3F       		.uleb128 0x3f
 907 006a 19       		.uleb128 0x19
 908 006b 03       		.uleb128 0x3
 909 006c 0E       		.uleb128 0xe
 910 006d 3A       		.uleb128 0x3a
 911 006e 0B       		.uleb128 0xb
 912 006f 3B       		.uleb128 0x3b
 913 0070 0B       		.uleb128 0xb
 914 0071 27       		.uleb128 0x27
 915 0072 19       		.uleb128 0x19
 916 0073 20       		.uleb128 0x20
 917 0074 0B       		.uleb128 0xb
 918 0075 00       		.byte	0
 919 0076 00       		.byte	0
 920 0077 0A       		.uleb128 0xa
 921 0078 2E       		.uleb128 0x2e
 922 0079 01       		.byte	0x1
 923 007a 31       		.uleb128 0x31
 924 007b 13       		.uleb128 0x13
 925 007c 11       		.uleb128 0x11
 926 007d 01       		.uleb128 0x1
 927 007e 12       		.uleb128 0x12
 928 007f 06       		.uleb128 0x6
 929 0080 40       		.uleb128 0x40
 930 0081 18       		.uleb128 0x18
 931 0082 9742     		.uleb128 0x2117
 932 0084 19       		.uleb128 0x19
 933 0085 01       		.uleb128 0x1
 934 0086 13       		.uleb128 0x13
 935 0087 00       		.byte	0
 936 0088 00       		.byte	0
 937 0089 0B       		.uleb128 0xb
 938 008a 898201   		.uleb128 0x4109
 939 008d 00       		.byte	0
 940 008e 11       		.uleb128 0x11
 941 008f 01       		.uleb128 0x1
ARM GAS  C:\Users\Bruger\AppData\Local\Temp\ccuMmGJN.s 			page 37


 942 0090 31       		.uleb128 0x31
 943 0091 13       		.uleb128 0x13
 944 0092 00       		.byte	0
 945 0093 00       		.byte	0
 946 0094 0C       		.uleb128 0xc
 947 0095 898201   		.uleb128 0x4109
 948 0098 00       		.byte	0
 949 0099 11       		.uleb128 0x11
 950 009a 01       		.uleb128 0x1
 951 009b 9542     		.uleb128 0x2115
 952 009d 19       		.uleb128 0x19
 953 009e 31       		.uleb128 0x31
 954 009f 13       		.uleb128 0x13
 955 00a0 00       		.byte	0
 956 00a1 00       		.byte	0
 957 00a2 0D       		.uleb128 0xd
 958 00a3 2E       		.uleb128 0x2e
 959 00a4 01       		.byte	0x1
 960 00a5 3F       		.uleb128 0x3f
 961 00a6 19       		.uleb128 0x19
 962 00a7 03       		.uleb128 0x3
 963 00a8 0E       		.uleb128 0xe
 964 00a9 3A       		.uleb128 0x3a
 965 00aa 0B       		.uleb128 0xb
 966 00ab 3B       		.uleb128 0x3b
 967 00ac 0B       		.uleb128 0xb
 968 00ad 27       		.uleb128 0x27
 969 00ae 19       		.uleb128 0x19
 970 00af 11       		.uleb128 0x11
 971 00b0 01       		.uleb128 0x1
 972 00b1 12       		.uleb128 0x12
 973 00b2 06       		.uleb128 0x6
 974 00b3 40       		.uleb128 0x40
 975 00b4 18       		.uleb128 0x18
 976 00b5 9742     		.uleb128 0x2117
 977 00b7 19       		.uleb128 0x19
 978 00b8 01       		.uleb128 0x1
 979 00b9 13       		.uleb128 0x13
 980 00ba 00       		.byte	0
 981 00bb 00       		.byte	0
 982 00bc 0E       		.uleb128 0xe
 983 00bd 1D       		.uleb128 0x1d
 984 00be 01       		.byte	0x1
 985 00bf 31       		.uleb128 0x31
 986 00c0 13       		.uleb128 0x13
 987 00c1 11       		.uleb128 0x11
 988 00c2 01       		.uleb128 0x1
 989 00c3 12       		.uleb128 0x12
 990 00c4 06       		.uleb128 0x6
 991 00c5 58       		.uleb128 0x58
 992 00c6 0B       		.uleb128 0xb
 993 00c7 59       		.uleb128 0x59
 994 00c8 0B       		.uleb128 0xb
 995 00c9 01       		.uleb128 0x1
 996 00ca 13       		.uleb128 0x13
 997 00cb 00       		.byte	0
 998 00cc 00       		.byte	0
ARM GAS  C:\Users\Bruger\AppData\Local\Temp\ccuMmGJN.s 			page 38


 999 00cd 0F       		.uleb128 0xf
 1000 00ce 34       		.uleb128 0x34
 1001 00cf 00       		.byte	0
 1002 00d0 03       		.uleb128 0x3
 1003 00d1 0E       		.uleb128 0xe
 1004 00d2 3A       		.uleb128 0x3a
 1005 00d3 0B       		.uleb128 0xb
 1006 00d4 3B       		.uleb128 0x3b
 1007 00d5 0B       		.uleb128 0xb
 1008 00d6 49       		.uleb128 0x49
 1009 00d7 13       		.uleb128 0x13
 1010 00d8 02       		.uleb128 0x2
 1011 00d9 18       		.uleb128 0x18
 1012 00da 00       		.byte	0
 1013 00db 00       		.byte	0
 1014 00dc 10       		.uleb128 0x10
 1015 00dd 2E       		.uleb128 0x2e
 1016 00de 00       		.byte	0
 1017 00df 3F       		.uleb128 0x3f
 1018 00e0 19       		.uleb128 0x19
 1019 00e1 03       		.uleb128 0x3
 1020 00e2 0E       		.uleb128 0xe
 1021 00e3 3A       		.uleb128 0x3a
 1022 00e4 0B       		.uleb128 0xb
 1023 00e5 3B       		.uleb128 0x3b
 1024 00e6 0B       		.uleb128 0xb
 1025 00e7 27       		.uleb128 0x27
 1026 00e8 19       		.uleb128 0x19
 1027 00e9 49       		.uleb128 0x49
 1028 00ea 13       		.uleb128 0x13
 1029 00eb 3C       		.uleb128 0x3c
 1030 00ec 19       		.uleb128 0x19
 1031 00ed 00       		.byte	0
 1032 00ee 00       		.byte	0
 1033 00ef 11       		.uleb128 0x11
 1034 00f0 2E       		.uleb128 0x2e
 1035 00f1 01       		.byte	0x1
 1036 00f2 3F       		.uleb128 0x3f
 1037 00f3 19       		.uleb128 0x19
 1038 00f4 03       		.uleb128 0x3
 1039 00f5 0E       		.uleb128 0xe
 1040 00f6 3A       		.uleb128 0x3a
 1041 00f7 0B       		.uleb128 0xb
 1042 00f8 3B       		.uleb128 0x3b
 1043 00f9 0B       		.uleb128 0xb
 1044 00fa 27       		.uleb128 0x27
 1045 00fb 19       		.uleb128 0x19
 1046 00fc 3C       		.uleb128 0x3c
 1047 00fd 19       		.uleb128 0x19
 1048 00fe 01       		.uleb128 0x1
 1049 00ff 13       		.uleb128 0x13
 1050 0100 00       		.byte	0
 1051 0101 00       		.byte	0
 1052 0102 12       		.uleb128 0x12
 1053 0103 05       		.uleb128 0x5
 1054 0104 00       		.byte	0
 1055 0105 49       		.uleb128 0x49
ARM GAS  C:\Users\Bruger\AppData\Local\Temp\ccuMmGJN.s 			page 39


 1056 0106 13       		.uleb128 0x13
 1057 0107 00       		.byte	0
 1058 0108 00       		.byte	0
 1059 0109 13       		.uleb128 0x13
 1060 010a 2E       		.uleb128 0x2e
 1061 010b 00       		.byte	0
 1062 010c 3F       		.uleb128 0x3f
 1063 010d 19       		.uleb128 0x19
 1064 010e 03       		.uleb128 0x3
 1065 010f 0E       		.uleb128 0xe
 1066 0110 3A       		.uleb128 0x3a
 1067 0111 0B       		.uleb128 0xb
 1068 0112 3B       		.uleb128 0x3b
 1069 0113 0B       		.uleb128 0xb
 1070 0114 27       		.uleb128 0x27
 1071 0115 19       		.uleb128 0x19
 1072 0116 3C       		.uleb128 0x3c
 1073 0117 19       		.uleb128 0x19
 1074 0118 00       		.byte	0
 1075 0119 00       		.byte	0
 1076 011a 00       		.byte	0
 1077              		.section	.debug_aranges,"",%progbits
 1078 0000 34000000 		.4byte	0x34
 1079 0004 0200     		.2byte	0x2
 1080 0006 00000000 		.4byte	.Ldebug_info0
 1081 000a 04       		.byte	0x4
 1082 000b 00       		.byte	0
 1083 000c 0000     		.2byte	0
 1084 000e 0000     		.2byte	0
 1085 0010 00000000 		.4byte	.LFB0
 1086 0014 28000000 		.4byte	.LFE0-.LFB0
 1087 0018 00000000 		.4byte	.LFB1
 1088 001c 28000000 		.4byte	.LFE1-.LFB1
 1089 0020 00000000 		.4byte	.LFB2
 1090 0024 38000000 		.4byte	.LFE2-.LFB2
 1091 0028 00000000 		.4byte	.LFB3
 1092 002c 34000000 		.4byte	.LFE3-.LFB3
 1093 0030 00000000 		.4byte	0
 1094 0034 00000000 		.4byte	0
 1095              		.section	.debug_ranges,"",%progbits
 1096              	.Ldebug_ranges0:
 1097 0000 00000000 		.4byte	.LFB0
 1098 0004 28000000 		.4byte	.LFE0
 1099 0008 00000000 		.4byte	.LFB1
 1100 000c 28000000 		.4byte	.LFE1
 1101 0010 00000000 		.4byte	.LFB2
 1102 0014 38000000 		.4byte	.LFE2
 1103 0018 00000000 		.4byte	.LFB3
 1104 001c 34000000 		.4byte	.LFE3
 1105 0020 00000000 		.4byte	0
 1106 0024 00000000 		.4byte	0
 1107              		.section	.debug_line,"",%progbits
 1108              	.Ldebug_line0:
 1109 0000 E4000000 		.section	.debug_str,"MS",%progbits,1
 1109      02006600 
 1109      00000201 
 1109      FB0E0D00 
ARM GAS  C:\Users\Bruger\AppData\Local\Temp\ccuMmGJN.s 			page 40


 1109      01010101 
 1110              	.LASF17:
 1111 0000 50574D55 		.ascii	"PWMUdb\000"
 1111      646200
 1112              	.LASF18:
 1113 0007 50574D50 		.ascii	"PWMPeriod\000"
 1113      6572696F 
 1113      6400
 1114              	.LASF31:
 1115 0011 496E6A65 		.ascii	"InjectionTimer_2_WriteControlRegister\000"
 1115      6374696F 
 1115      6E54696D 
 1115      65725F32 
 1115      5F577269 
 1116              	.LASF25:
 1117 0037 496E6A65 		.ascii	"InjectionTimer_2_Wakeup\000"
 1117      6374696F 
 1117      6E54696D 
 1117      65725F32 
 1117      5F57616B 
 1118              	.LASF3:
 1119 004f 73686F72 		.ascii	"short unsigned int\000"
 1119      7420756E 
 1119      7369676E 
 1119      65642069 
 1119      6E7400
 1120              	.LASF22:
 1121 0062 496E6A65 		.ascii	"InjectionTimer_2_SaveConfig\000"
 1121      6374696F 
 1121      6E54696D 
 1121      65725F32 
 1121      5F536176 
 1122              	.LASF28:
 1123 007e 496E6A65 		.ascii	"InjectionTimer_2_ReadControlRegister\000"
 1123      6374696F 
 1123      6E54696D 
 1123      65725F32 
 1123      5F526561 
 1124              	.LASF27:
 1125 00a3 496E6A65 		.ascii	"InjectionTimer_2_ReadCounter\000"
 1125      6374696F 
 1125      6E54696D 
 1125      65725F32 
 1125      5F526561 
 1126              	.LASF11:
 1127 00c0 666C6F61 		.ascii	"float\000"
 1127      7400
 1128              	.LASF1:
 1129 00c6 756E7369 		.ascii	"unsigned char\000"
 1129      676E6564 
 1129      20636861 
 1129      7200
 1130              	.LASF16:
 1131 00d4 50574D45 		.ascii	"PWMEnableState\000"
 1131      6E61626C 
 1131      65537461 
 1131      746500
ARM GAS  C:\Users\Bruger\AppData\Local\Temp\ccuMmGJN.s 			page 41


 1132              	.LASF5:
 1133 00e3 6C6F6E67 		.ascii	"long unsigned int\000"
 1133      20756E73 
 1133      69676E65 
 1133      6420696E 
 1133      7400
 1134              	.LASF9:
 1135 00f5 75696E74 		.ascii	"uint8\000"
 1135      3800
 1136              	.LASF35:
 1137 00fb 47656E65 		.ascii	"Generated_Source\\PSoC5\\InjectionTimer_2_PM.c\000"
 1137      72617465 
 1137      645F536F 
 1137      75726365 
 1137      5C50536F 
 1138              	.LASF21:
 1139 0128 496E6A65 		.ascii	"InjectionTimer_2_backupStruct\000"
 1139      6374696F 
 1139      6E54696D 
 1139      65725F32 
 1139      5F626163 
 1140              	.LASF23:
 1141 0146 496E6A65 		.ascii	"InjectionTimer_2_RestoreConfig\000"
 1141      6374696F 
 1141      6E54696D 
 1141      65725F32 
 1141      5F526573 
 1142              	.LASF20:
 1143 0165 50574D43 		.ascii	"PWMControlRegister\000"
 1143      6F6E7472 
 1143      6F6C5265 
 1143      67697374 
 1143      657200
 1144              	.LASF12:
 1145 0178 646F7562 		.ascii	"double\000"
 1145      6C6500
 1146              	.LASF10:
 1147 017f 75696E74 		.ascii	"uint16\000"
 1147      313600
 1148              	.LASF32:
 1149 0186 496E6A65 		.ascii	"InjectionTimer_2_Stop\000"
 1149      6374696F 
 1149      6E54696D 
 1149      65725F32 
 1149      5F53746F 
 1150              	.LASF8:
 1151 019c 756E7369 		.ascii	"unsigned int\000"
 1151      676E6564 
 1151      20696E74 
 1151      00
 1152              	.LASF7:
 1153 01a9 6C6F6E67 		.ascii	"long long unsigned int\000"
 1153      206C6F6E 
 1153      6720756E 
 1153      7369676E 
 1153      65642069 
 1154              	.LASF37:
ARM GAS  C:\Users\Bruger\AppData\Local\Temp\ccuMmGJN.s 			page 42


 1155 01c0 496E6A65 		.ascii	"InjectionTimer_2_backup\000"
 1155      6374696F 
 1155      6E54696D 
 1155      65725F32 
 1155      5F626163 
 1156              	.LASF14:
 1157 01d8 72656738 		.ascii	"reg8\000"
 1157      00
 1158              	.LASF15:
 1159 01dd 73697A65 		.ascii	"sizetype\000"
 1159      74797065 
 1159      00
 1160              	.LASF6:
 1161 01e6 6C6F6E67 		.ascii	"long long int\000"
 1161      206C6F6E 
 1161      6720696E 
 1161      7400
 1162              	.LASF34:
 1163 01f4 474E5520 		.ascii	"GNU C 4.9.3 20150303 (release) [ARM/embedded-4_9-br"
 1163      4320342E 
 1163      392E3320 
 1163      32303135 
 1163      30333033 
 1164 0227 616E6368 		.ascii	"anch revision 221220] -mcpu=cortex-m3 -mthumb -g -O"
 1164      20726576 
 1164      6973696F 
 1164      6E203232 
 1164      31323230 
 1165 025a 33202D66 		.ascii	"3 -ffunction-sections -finline-functions -flto -ffa"
 1165      66756E63 
 1165      74696F6E 
 1165      2D736563 
 1165      74696F6E 
 1166 028d 742D6C74 		.ascii	"t-lto-objects\000"
 1166      6F2D6F62 
 1166      6A656374 
 1166      7300
 1167              	.LASF13:
 1168 029b 63686172 		.ascii	"char\000"
 1168      00
 1169              	.LASF29:
 1170 02a0 496E6A65 		.ascii	"InjectionTimer_2_WritePeriod\000"
 1170      6374696F 
 1170      6E54696D 
 1170      65725F32 
 1170      5F577269 
 1171              	.LASF2:
 1172 02bd 73686F72 		.ascii	"short int\000"
 1172      7420696E 
 1172      7400
 1173              	.LASF24:
 1174 02c7 496E6A65 		.ascii	"InjectionTimer_2_Sleep\000"
 1174      6374696F 
 1174      6E54696D 
 1174      65725F32 
 1174      5F536C65 
 1175              	.LASF26:
ARM GAS  C:\Users\Bruger\AppData\Local\Temp\ccuMmGJN.s 			page 43


 1176 02de 496E6A65 		.ascii	"InjectionTimer_2_ReadPeriod\000"
 1176      6374696F 
 1176      6E54696D 
 1176      65725F32 
 1176      5F526561 
 1177              	.LASF4:
 1178 02fa 6C6F6E67 		.ascii	"long int\000"
 1178      20696E74 
 1178      00
 1179              	.LASF33:
 1180 0303 496E6A65 		.ascii	"InjectionTimer_2_Enable\000"
 1180      6374696F 
 1180      6E54696D 
 1180      65725F32 
 1180      5F456E61 
 1181              	.LASF36:
 1182 031b 433A5C55 		.ascii	"C:\\Users\\Bruger\\OneDrive\\Skrivebord\\CODE\\PSOC"
 1182      73657273 
 1182      5C427275 
 1182      6765725C 
 1182      4F6E6544 
 1183 0348 355C4359 		.ascii	"5\\CY8CKIT-59-Arduino\\CY8CKIT59_Ardudino-Speeduino"
 1183      38434B49 
 1183      542D3539 
 1183      2D417264 
 1183      75696E6F 
 1184 0379 2E637964 		.ascii	".cydsn\000"
 1184      736E00
 1185              	.LASF0:
 1186 0380 7369676E 		.ascii	"signed char\000"
 1186      65642063 
 1186      68617200 
 1187              	.LASF30:
 1188 038c 496E6A65 		.ascii	"InjectionTimer_2_WriteCounter\000"
 1188      6374696F 
 1188      6E54696D 
 1188      65725F32 
 1188      5F577269 
 1189              	.LASF19:
 1190 03aa 496E7465 		.ascii	"InterruptMaskValue\000"
 1190      72727570 
 1190      744D6173 
 1190      6B56616C 
 1190      756500
 1191              		.comm	__gnu_lto_v1,1,1
 1192              		.ident	"GCC: (GNU Tools for ARM Embedded Processors) 4.9.3 20150303 (release) [ARM/embedded-4_9-br
