ARM GAS  C:\Users\Bruger\AppData\Local\Temp\ccFfJ69c.s 			page 1


   1              		.syntax unified
   2              		.cpu cortex-m3
   3              		.fpu softvfp
   4              		.eabi_attribute 20, 1
   5              		.eabi_attribute 21, 1
   6              		.eabi_attribute 23, 3
   7              		.eabi_attribute 24, 1
   8              		.eabi_attribute 25, 1
   9              		.eabi_attribute 26, 1
  10              		.eabi_attribute 30, 2
  11              		.eabi_attribute 34, 1
  12              		.eabi_attribute 18, 4
  13              		.thumb
  14              		.file	"main.cpp"
  15              		.text
  16              	.Ltext0:
  17              		.section	.gnu.lto_.profile.24bf8d0a,"",%progbits
  18 0000 789C6366 		.ascii	"x\234cf```a\200\000F\006\035\016\000\000\324\000="
  18      60606061 
  18      80004606 
  18      1D0E0000 
  18      D4003D
  19              		.text
  20              		.section	.gnu.lto_.jmpfuncs.24bf8d0a,"",%progbits
  21 0000 789C6366 		.ascii	"x\234cf\300\016\254\2404#\204bb\372\310\3048\357r\337"
  21      C00EACA0 
  21      34238462 
  21      62FAC8C4 
  21      38EF72DF 
  22 0014 3AA6DADF 		.ascii	":\246\332\337\015\035\015\034?\231\030\3762\201\244"
  22      0D1D0D1C 
  22      3F9918FE 
  22      3281A4
  23 0023 9733D632 		.ascii	"\2273\3262\200\344\326_9\306\367\202\351'\023c\2037"
  23      80E4D65F 
  23      39C6F782 
  23      E9271363 
  23      8337
  24 0035 03E30A46 		.ascii	"\003\343\012F)\006\006\000\353\372\020\320"
  24      29060600 
  24      EBFA10D0 
  25              		.text
  26              		.section	.gnu.lto_.inline.24bf8d0a,"",%progbits
  27 0000 789C6366 		.ascii	"x\234cf\300\016\264\2414#\003\003W\027\007#\003\023"
  27      C00EB4A1 
  27      34230303 
  27      57170723 
  27      0313
  28 0012 CB027906 		.ascii	"\313\002y\006\026\006&\260\030\027#\210`\200\022\314"
  28      160626B0 
  28      18172388 
  28      608012CC 
  29 0022 3C0C6071 		.ascii	"<\014`q\000>\216\001\313"
  29      003E8E01 
  29      CB
  30              		.text
  31              		.section	.gnu.lto_.pureconst.24bf8d0a,"",%progbits
ARM GAS  C:\Users\Bruger\AppData\Local\Temp\ccFfJ69c.s 			page 2


  32 0000 789C6366 		.ascii	"x\234cf```f\200\000F\006+\000\000\232\000B"
  32      60606066 
  32      80004606 
  32      2B00009A 
  32      0042
  33              		.text
  34              		.section	.gnu.lto_main.24bf8d0a,"",%progbits
  35 0000 789C7551 		.ascii	"x\234uQAKTa\024\275\347\276\347\363\351LR-\247\315\354"
  35      414B5461 
  35      14BDE7BE 
  35      E7F3E94C 
  35      522DA7CD 
  36 0015 84901642 		.ascii	"\204\220\026B? \"H\334\010.\334\270\021\021\024\264"
  36      3F202248 
  36      DC082EDC 
  36      B8111114 
  36      B4
  37 0026 A4FDD037 		.ascii	"\244\375\32078\202\233J\204 Q\003Ai4\235Q\033\025\245"
  37      38829B4A 
  37      84205103 
  37      4169349D 
  37      511B15A5 
  38 003a C594206D 		.ascii	"\305\224 mJ\302 \250D\210\2478\273\231\236.\2362\350"
  38      4AC220A8 
  38      4488A738 
  38      BB999E2E 
  38      9E32E8
  39 004d BD6F4204 		.ascii	"\275oB\004\365\203\367\276\357|\347\234{\317\273\317"
  39      F583F7BE 
  39      EF7CE79C 
  39      7BCFBBCF 
  40 005d A2CBEBBE 		.ascii	"\242\313\353\276<w\231\350\216\354\250\"\360\3607\242"
  40      3C7799E8 
  40      8EECA822 
  40      F0F037A2 
  41 006d A4CBB02A 		.ascii	"\244\313\260*\007\013v\345`Wn\036\200\236\263eC^\225"
  41      070B76E5 
  41      60576E1E 
  41      809EB365 
  41      435E95
  42 0080 02052E31 		.ascii	"\002\005.1\3262\207_#\007\0340\305I\340\372\310\227"
  42      D632875F 
  42      23071C30 
  42      C549E0FA 
  42      C897
  43 0092 378E42D8 		.ascii	"7\216B\330\012O\246\213\005\247~\332\030S\374\273\261"
  43      0A4FA68B 
  43      05A77EDA 
  43      1853FCBB 
  43      B1
  44 00a3 191D7C1C 		.ascii	"\031\035|\0340\223\317\204w\210!\215\230\266\236A\275"
  44      3093CF84 
  44      7788218D 
  44      98B69E41 
  44      BD
  45 00b4 4A4BA9F2 		.ascii	"JK\251\362\317\210\223\022\351MU\0101\013\007\262go"
  45      CF889312 
ARM GAS  C:\Users\Bruger\AppData\Local\Temp\ccFfJ69c.s 			page 3


  45      E94D5508 
  45      310B07B2 
  45      676F
  46 00c6 E7CDE9A9 		.ascii	"\347\315\351\251\377\352\3230\\\"O(\320\236\224\201"
  46      FFEAD330 
  46      5C224F28 
  46      D09E9481 
  47 00d6 F51B6663 		.ascii	"\365\033fc;\252:\215s\213~\341sq\341u\237^H\301\321"
  47      3BAA3A8D 
  47      738B7EE1 
  47      7371E175 
  47      9F5E48C1 
  48 00eb FD74E186 		.ascii	"\375t\341\206F\261\216_$M\030g\327\333\372\356\206W"
  48      46B18E5F 
  48      244D1867 
  48      D7DBFAEE 
  48      8657
  49 00fd A470F1E3 		.ascii	"\244p\361\343\277\\\315\004\306\222)\004l\343\275d\232"
  49      BF5CCD04 
  49      C6922904 
  49      6CE3BD64 
  49      9A
  50 010e D34C98C7 		.ascii	"\323L\230\307\004\204\367w'\033U]e@\310\010\363\007"
  50      0484F777 
  50      271B555D 
  50      6540C808 
  50      F307
  51 0120 83F99D1C 		.ascii	"\203\371\235\034\302\216\302\277\335~\231\341\304\211"
  51      C28EC2BF 
  51      DD7E99E1 
  51      C489
  52 012e 19326EC0 		.ascii	"\0312n\300\216\317\222\026Y$.Q\325e\375\236\213\375"
  52      8ECF9216 
  52      59242E51 
  52      D565FD9E 
  52      8BFD
  53 0140 AB43984E 		.ascii	"\253C\230N\246\306\241\375\215\252\\, \201E\015 \334"
  53      A6C6A1FD 
  53      8DAA5C2C 
  53      2081450D 
  53      20DC
  54 0152 8E77DC16 		.ascii	"\216w\334\026\372\363\015\"\307\222\350\302\266\370"
  54      FAF30D22 
  54      C792E8C2 
  54      B6F8
  55 0160 8084D0D9 		.ascii	"\200\204\320\331\037\233uZ\250\3064\023r\210\005\\+"
  55      1F9B755A 
  55      A8C63413 
  55      7288055C 
  55      2B
  56 0171 E906F2A5 		.ascii	"\351\006\362\245\251\253\323E|\326\301-K\272\200\243"
  56      A9ABD345 
  56      7CD6C12D 
  56      4BBA80A3 
  57 0181 A1F4A8FB 		.ascii	"\241\364\250\373:\245L\007+\377\225$\263\266H\376\277"
  57      3AA54C07 
  57      2BFF9524 
ARM GAS  C:\Users\Bruger\AppData\Local\Temp\ccFfJ69c.s 			page 4


  57      B3B648FE 
  57      BF
  58 0192 A59E72EF 		.ascii	"\245\236r\357u\036[<\253\347\036O\260x\340\351Ld\325"
  58      751E5B3C 
  58      ABE71E4F 
  58      B078E0E9 
  58      4C64D5
  59 01a5 753E7DD6 		.ascii	"u>}\326\325\336\327\321\363\344^g\177?\325>limz\024"
  59      D5DED7D1 
  59      F3E45E67 
  59      7F3FD53E 
  59      6C696D7A 
  60 01ba 8FC77BE8 		.ascii	"\217\307{\350\014\267g\322\260"
  60      0CB767D2 
  60      B0
  61              		.text
  62              		.section	.gnu.lto_.symbol_nodes.24bf8d0a,"",%progbits
  63 0000 789C4D88 		.ascii	"x\234M\2101\016\202@\024\005\347\375\017\011\245\005"
  63      310E8240 
  63      1405E7FD 
  63      0F09A505 
  64 0010 F7FD6B62 		.ascii	"\367\375kbBACA)\353\232x\024kKkM8\207\221\210\305N5"
  64      42414341 
  64      29EB9A78 
  64      146B4B6B 
  64      4D388791 
  65 0028 330E047F 		.ascii	"3\016\004\177l\326\346\323c[A.=\355\"\016\201\212B\373"
  65      6CD6E6D3 
  65      635B412E 
  65      3DED220E 
  65      818A42FB 
  66 003c 27A50E5D 		.ascii	"'\245\016]\024VwVx\335gES\265\323\262\276>G9\015\247"
  66      14567756 
  66      78DD6745 
  66      53B5D3B2 
  66      BE3E4739 
  67 0052 F74F9CDB 		.ascii	"\367O\234\333.\306\375\372\034\007\343\013W\325#+"
  67      2EC6FDFA 
  67      1C07E30B 
  67      57D5232B 
  68              		.text
  69              		.section	.gnu.lto_.refs.24bf8d0a,"",%progbits
  70 0000 789C6366 		.ascii	"x\234cf```c\200\000F\006&Ff\006\000\000\263\000\021"
  70      60606063 
  70      80004606 
  70      26466606 
  70      0000B300 
  71              		.text
  72              		.section	.gnu.lto_.decls.24bf8d0a,"",%progbits
  73 0000 789CBD58 		.ascii	"x\234\275X{PT\327\031\277\347\334]\330\275,\030%5\326"
  73      7B5054D7 
  73      19BFE7DC 
  73      5DD8BD2C 
  73      182535D6 
  74 0014 6927080D 		.ascii	"i'\010\0151\211Z\2151c\372H\214\231\2326i2&$\235\324"
  74      31895A8D 
  74      3163FA48 
ARM GAS  C:\Users\Bruger\AppData\Local\Temp\ccFfJ69c.s 			page 5


  74      8C999A36 
  74      69322624 
  75 002a 30B3B3C2 		.ascii	"0\263\263\302jv\012,]\026\233\264\343\344\"D\036*\""
  75      6A760A2C 
  75      5D169BB4 
  75      E3E42244 
  75      1E2A22
  76 003d 15111F71 		.ascii	"\025\021\037q\011`@\221\207(D\345\261\340#(\0175\030"
  76      09604091 
  76      872844E5 
  76      B1E02328 
  76      0F3518
  77 0050 89A86145 		.ascii	"\211\250aE\215\032\037\301\372\000\321@\277\363\235"
  77      8D1A1FC1 
  77      FA00D140 
  77      BFF39D
  78 005f BB7B175C 		.ascii	"\273{\027\\\223L\377\350\016g\357\371\316\375\276\337"
  78      934CFFE8 
  78      0E67EFF9 
  78      CEFDBEDF 
  79 006f F73CE73B 		.ascii	"\367<\347;\213(\010B\005\214!\370\274;F\020\006\251"
  79      8B280842 
  79      058C21F8 
  79      BC3B4610 
  79      06A9
  80 0081 20C09F30 		.ascii	" \300\2370W\340\317\011D\020z\004\376\321\302\010\003"
  80      57E0CF09 
  80      44107A04 
  80      FED1C208 
  80      03
  81 0092 FA71184F 		.ascii	"\372q\030O\302\230\014c:\014\370\023f\020a\330\207\361"
  81      C2980C63 
  81      3A0CF813 
  81      661061D8 
  81      87F1
  82 00a4 05C23308 		.ascii	"\005\3023\010\206\001\306+0~\017k\277\205\361<\214\027"
  82      8601C62B 
  82      307E0F6B 
  82      BF85F13C 
  82      8C17
  83 00b6 08C7FEA5 		.ascii	"\010\307\376\245\202?\025\236\263`\374\212\014\3275"
  83      823F159E 
  83      B360FC8A 
  83      0CD735
  84 00c5 5DD1F3A4 		.ascii	"]\321\363\244\242\327\227\256\353\224lp\246\325\211"
  84      A2D797AE 
  84      EB946C70 
  84      A6D589
  85 00d4 17290992 		.ascii	"\027)\011\222\234ZF\247\325\256\336\254\007\332 \275"
  85      9C5A46A7 
  85      D5AEDEAC 
  85      07DA20BD 
  86 00e4 C3C88C6F 		.ascii	"\303\310\214o\3733%\221\0226?\353\\u6`\322\026Y\226"
  86      FB332591 
  86      12363FEB 
  86      5C753660 
  86      D2165996 
ARM GAS  C:\Users\Bruger\AppData\Local\Temp\ccFfJ69c.s 			page 6


  87 00f8 D364673F 		.ascii	"\323dg?Q1rj7d\353\021CF\306\226\236\376\033\006\304"
  87      5131726A 
  87      3764EB11 
  87      4346C696 
  87      9EFE1B06 
  88 010d 7888915D 		.ascii	"x\210\221]w/\266K\3428|\265\275\240\250\232\263\316"
  88      772FB64B 
  88      E2387CB5 
  88      BDA0A89A 
  88      B3CE
  89 011f 626461CE 		.ascii	"bda\316\232R-r\352\030YR\323~\327_|\0249w\225\335l\013"
  89      9A522D72 
  89      EA185952 
  89      D37ED75F 
  89      7C143977 
  90 0137 40CE1046 		.ascii	"@\316\020F\356\316n^\353\207\234\032F\036\351\272U\025"
  90      EECE6E5E 
  90      EB879C1A 
  90      461EE9BA 
  90      5515
  91 0149 F0480ED8 		.ascii	"\360H\016\330\"g%\313\017i\310+\022\251$\343\311v2\036"
  91      226725CB 
  91      0F69C82B 
  91      12A924E3 
  91      C976321E 
  92 015d 5CAD228F 		.ascii	"\\\255\"\217x\214\333\330xm\247V|\214a\322\345}e\007"
  92      788CDBD8 
  92      786DA756 
  92      7C8C61D2 
  92      E57D6507 
  93 0171 0D24DC50 		.ascii	"\015$\334P\310\304\256\312\016\235@\252\211\201\354"
  93      C8C4AECA 
  93      0E9D40AA 
  93      8981EC
  94 0180 20A25750 		.ascii	" \242WP2dy\011\003\3257\0071 \017,\331I\302\031\273"
  94      32647909 
  94      03D53707 
  94      31200F2C 
  94      D949C219 
  95 0195 82BBFB48 		.ascii	"\202\273\373Ho\0171x33(\325\206\032\017\347u\307\256"
  95      6F0F3178 
  95      333328D5 
  95      861A0FE7 
  95      75C7AE
  96 01a8 037EE28B 		.ascii	"\003~\342\213\350U\336\326M\201\342k8\315,+\2741\012"
  96      E855DED6 
  96      4D81E26B 
  96      38CD2C2B 
  96      BC310A
  97 01bb 3D121959 		.ascii	"=\022\031Y\234\177\252U\224\322\024\217\030\236\301"
  97      9C7FAA55 
  97      94D2148F 
  97      189EC1
  98 01ca DBA53D44 		.ascii	"\333\245=D\202\357\211\343\311n \201\275G\356t\351\306"
  98      82EF89E3 
  98      C96E2081 
  98      BD47EE74 
ARM GAS  C:\Users\Bruger\AppData\Local\Temp\ccFfJ69c.s 			page 7


  98      E9C6
  99 01dc 6421BB2C 		.ascii	"d!\273,\207\330Q\373V`/E\366Z2\306-\304\270\353>\356"
  99      87D851FB 
  99      56602F45 
  99      F65A32C6 
  99      2DC4B8EB 
 100 01f2 392A8A7F 		.ascii	"9*\212\177ez\245\\\327\247;(\011\016_\234G\204\320\360"
 100      657AA55C 
 100      D7A73B28 
 100      090E5F9C 
 100      4784D0F0 
 101 0206 D0E03961 		.ascii	"\320\3409a\253d'\240\270\344Yv\201\224\001D9\363\266"
 101      AB6427A0 
 101      B8E45976 
 101      81940144 
 101      39F3B6
 102 0219 01BCAD27 		.ascii	"\001\274\255'\301d\013\231\204\363&\022J\366\301\330"
 102      C1640B99 
 102      84F32612 
 102      4AF6C1D8 
 103 0229 4BC20546 		.ascii	"K\302\005F\010\244\221\000B\241\354\220{[\367~!&e\231"
 103      08A49100 
 103      42A1EC90 
 103      7B5BF77E 
 103      21266599 
 104 023d 90BF8288 		.ascii	"\220\277\202\210LF\215\347]y\255\254c\341 \237\2230"
 104      4C468DE7 
 104      5D79ADAC 
 104      63E1209F 
 104      9330
 105 024f 41C8258C 		.ascii	"A\310%\214\015]9@\346\010\202\203E0/\333A\375\220\347"
 105      0D5D3940 
 105      E6088283 
 105      45302FDB 
 105      41FD90E7 
 106 0263 33106730 		.ascii	"3\020g0\236\250Od\356<9\036\205\004\2268W\313\022\207"
 106      9EA84F64 
 106      EE3C391E 
 106      85049638 
 106      57CB1287 
 107 0277 8690FD8A 		.ascii	"\206\220\375\212.\\\027\224\207\200xNW\333\366s\032"
 107      2E5C1794 
 107      8780784E 
 107      57DBF673 
 107      1A
 108 0288 678AC8AA 		.ascii	"g\212\310\252b\227O\300J\026%\201;\356\034\356\370\336"
 108      62974FC0 
 108      4A162581 
 108      3BEE1CEE 
 108      F8DE
 109 029a 9FE6F83E 		.ascii	"\237\346\370>\217[N\262\030%\205|\271\302\341:T\346"
 109      8F5B4EB2 
 109      1825857C 
 109      B9C2E13A 
 109      54E6
 110 02ac 7C2C2D59 		.ascii	"|,-Y\226\357\015\015\211,\015\244N1@MN\035\2537\262"
 110      96EF0D0D 
ARM GAS  C:\Users\Bruger\AppData\Local\Temp\ccFfJ69c.s 			page 8


 110      892C0DA4 
 110      4E31404D 
 110      4E1DAB37 
 111 02c1 9950961A 		.ascii	"\231P\226\032gRF\246\277h\303\2228\337x\344#I\374\027"
 111      675246A6 
 111      BF68C392 
 111      38DF78E4 
 111      2349FC17 
 112 02d5 CE77DF28 		.ascii	"\316w\337(\270\030\010z\324x\361T\356i-)\247|\263Q\357"
 112      B818087A 
 112      D478F154 
 112      EE692D29 
 112      A77CB351 
 113 02ea 7D62E0FB 		.ascii	"}b\340\373\244\257\300u\231 \351\317H\327`\226<\352"
 113      A4AFC075 
 113      9920E9CF 
 113      48D76096 
 113      3CEA
 114 02fc C155D5EE 		.ascii	"\301U\325\356\256\2526^U\2077\356\250\015\032YU-\300"
 114      AEAA365E 
 114      558737EE 
 114      A80D1A59 
 114      552DC0
 115 030f DE8AEC87 		.ascii	"\336\212\354\207\261\252\332\335U\265\264:\257G/\246"
 115      B1AADADD 
 115      55B5B43A 
 115      AF472FA6 
 116 031f 11666F40 		.ascii	"\021fo@q\373\245e\201dqppx\036!\241a\241\241\341s\324"
 116      71FBA565 
 116      81647170 
 116      70781E21 
 116      A161A1A1 
 117 0336 CC77B2CC 		.ascii	"\314w\262\314{G\333\035\014\322\005\021\356P\242}\014"
 117      7B47DB1D 
 117      0CD20511 
 117      EE50A27D 
 117      0C
 118 0347 E65F41A4 		.ascii	"\346_A\244\217\3038\001\243\313\023\361/Y\304}\312\037"
 118      8FC33801 
 118      A3CB13F1 
 118      2F59C47D 
 118      CA1F
 119 0359 FBE9F2AC 		.ascii	"\373\351\362\254T+J\367G\244\214C\211m#\013\025\"\315"
 119      542B4AF7 
 119      47A48C43 
 119      896D230B 
 119      1522CD
 120 036c D60F315E 		.ascii	"\326\0171^\026\223\223\356\362<s\3428/\247\011\022i"
 120      169393EE 
 120      F23C73E2 
 120      382FA709 
 120      1269
 121 037e 06A90EEF 		.ascii	"\006\251\016\357r\302\314C\201\012J\376\333\313\234"
 121      72C2CC43 
 121      810A4AFE 
 121      DBCB9C
 122 038d DAB46447 		.ascii	"\332\264dG\022\346\037\002F\216(\022j\030a\005\277\260"
ARM GAS  C:\Users\Bruger\AppData\Local\Temp\ccFfJ69c.s 			page 9


 122      12E61F02 
 122      468E2812 
 122      6A186105 
 122      BFB0
 123 039f 041C2CD8 		.ascii	"\004\034,\330I\253Y\375c\236\031\253\247\026'z\260\321"
 123      49AB59FD 
 123      639E19AB 
 123      A716277A 
 123      B0D1
 124 03b1 8E2ED58E 		.ascii	"\216.\325\216\203\276\355\340u\215\333\3440n\223/\024"
 124      83BEEDE0 
 124      758DDBE4 
 124      306E932F 
 124      14
 125 03c2 4F3BF836 		.ascii	"O;\3706\351po\023\265|\217\272\313\0272\332P\337\177"
 125      E9706F13 
 125      B57C8FBA 
 125      CB1732DA 
 125      50DF7F
 126 03d5 40120B30 		.ascii	"@\022\0130\243dy\232\353\240$\226r\"i\363\236\345\376"
 126      A364799A 
 126      EBA02496 
 126      722269F3 
 126      9EE5FE
 127 03e8 50571324 		.ascii	"PW\023$d\354^\177\247P\217$\353\177\243\330\341\332"
 127      64EC5E7F 
 127      A7508F24 
 127      EB7FA3D8 
 127      E1DA
 128 03fa FC8D5C10 		.ascii	"\374\215\\\020D\302%\246\274\367\273\242\236?&\313\263"
 128      44C225A6 
 128      BCF7BBA2 
 128      9E3F26CB 
 128      B3
 129 040b C8192291 		.ascii	"\310\031\"\221\323\236@\2434\373\244\251\307\246\240"
 129      D39E40A3 
 129      34FBA4A9 
 129      C7A6A0
 130 041a BAE082FC 		.ascii	"\272\340\202\3741\016\3625\254tcE\322\375\367\352S\264"
 130      310EF235 
 130      AC746345 
 130      D2FDF7EA 
 130      53B4
 131 042c 440AF72D 		.ascii	"D\012\367-qv\244\004*\037(\311\035+\313\032\322\003"
 131      7176A404 
 131      2A1F28C9 
 131      1D2BCB1A 
 131      D203
 132 043e CA4FA9CA 		.ascii	"\312O\251\312\317\020\311\323\025nw\347\357\323\212"
 132      CF10C9D3 
 132      156E77E7 
 132      EFD38A
 133 044d A522FA96 		.ascii	"\245\"\372\226{\364\253\032\215X\315\211\214\223%\255"
 133      7BF4AB1A 
 133      8D58CD89 
 133      8C9325AD 
 134 045d FE62BD38 		.ascii	"\376b\2758\314\353\261\334\353\314\226u\215\"\222C\330"
ARM GAS  C:\Users\Bruger\AppData\Local\Temp\ccFfJ69c.s 			page 10


 134      CCEBB1DC 
 134      EBCC9675 
 134      8D229243 
 134      D8
 135 046e 4FB2CFDE 		.ascii	"O\262\317\336,\"n\343z\263eq\234@&\215'O\200e\337\202"
 135      2C226EE3 
 135      7AB36571 
 135      9C40268D 
 135      274F8065 
 136 0484 654C8A5C 		.ascii	"eL\212\\\000\313.\272-\373\256h\345/\230e\227\300\262"
 136      00CB2EBA 
 136      2DFBAE68 
 136      E52F9865 
 136      97C0B2
 137 0497 6F54CBC6 		.ascii	"oT\313\306z\014\243\256\316\2427|#^\361\2118P\322\362"
 137      7A0CA3AE 
 137      CEA2377C 
 137      235EF189 
 137      3850D2F2 
 138 04ab 33867819 		.ascii	"3\206x\031\020\317\253\210\227\274|]\331{t\205\322\236"
 138      10CFAB88 
 138      97BC7C5D 
 138      D97B7485 
 138      D29E
 139 04bd 35DE3DD8 		.ascii	"5\336=\330\300{\360\271\303_\326\373#\371\002#\035}"
 139      C07BF0B9 
 139      C35FD6FB 
 139      23F90223 
 139      1D7D
 140 04cf DFBFF9E0 		.ascii	"\337\277\371\340\003\243\327}`|\307\017\214\324\003"
 140      03A3D77D 
 140      607CC70F 
 140      8CD403
 141 04de 5B0F50F5 		.ascii	"[\017P\365\300 `!\271\012\334\327\220\373:\236\027\275"
 141      C0206021 
 141      B90ADCD7 
 141      90FB3A9E 
 141      17BD
 142 04f0 EEF362DD 		.ascii	"\356\363b\335`k\215\326\233\231\031\375@\356s\253\373"
 142      606B8DD6 
 142      9B9919FD 
 142      40EE73AB 
 142      FB
 143 0501 9A0C6233 		.ascii	"\232\014b3O\304\246\224\273N?\261\203\023\215C\271m"
 143      4FC4A694 
 143      BB4E3FB1 
 143      83138D43 
 143      B96D
 144 0513 1AB18B13 		.ascii	"\032\261\213\023M\347\033rt`\376hI\036R>\344CX\357\030"
 144      4DE71B72 
 144      7460FE68 
 144      491E523E 
 144      E44358EF 
 145 0528 6CDF4B70 		.ascii	"l\337Kp\375C\026\327\364\313m\177\343q\225G\304\365"
 145      FD4316D7 
 145      F4CB6D7F 
 145      E3719547 
ARM GAS  C:\Users\Bruger\AppData\Local\Temp\ccFfJ69c.s 			page 11


 145      C4F5
 146 053a 0EC47534 		.ascii	"\016\304u4\363\3526X\322\347\311\324\371\366GX\\\373"
 146      F3EA3658 
 146      D2E7C9D4 
 146      F9F64758 
 146      5CFB
 147 054c C1C45B6A 		.ascii	"\301\304[j\\G\253\231\272\324\372\321;\276\021\357\372"
 147      5C47AB99 
 147      BAD4FAD1 
 147      3BBE11EF 
 147      FA
 148 055d 441C485F 		.ascii	"D\034H_\206\231\032\000\304\233*b\277W\246\326_\355"
 148      86991A00 
 148      C49B2A62 
 148      BF57A6D6 
 148      5FED
 149 056f 2AF213CF 		.ascii	"*\362\023\317r\307.\324_\221)\346e.#\345\262\212p\261"
 149      72C72ED4 
 149      5F9129E6 
 149      652E23E5 
 149      B28A70B1 
 150 0583 97BF2AEE 		.ascii	"\227\277*\356i\317\016\304\214N\364\276o\005\361\373"
 150      69CF0EC4 
 150      8C4EF4BE 
 150      6F05F1FB 
 151 0593 D6BACEF3 		.ascii	"\326\272\316\3637E\024\304\006\221sh\375J\2558\310%"
 151      374514C4 
 151      06917368 
 151      FD4AAD38 
 151      C825
 152 05a5 B3CE6477 		.ascii	"\263\316dwh\304T\315\260\352\016\341\325\235{\271\177"
 152      68C454CD 
 152      B0EA0EE1 
 152      D59D7BB9 
 152      7F
 153 05b6 870E4938 		.ascii	"\207\016I8\272\230\207\237\234>rF\357\331\321\347\217"
 153      BA98879F 
 153      9C3E7246 
 153      EFD9D1E7 
 153      8F
 154 05c7 63E9A652 		.ascii	"c\351\246R\211$S\217\371!\336;ZN\226\265\305\260?e:"
 154      8924538F 
 154      F921DE3B 
 154      5A4E96B5 
 154      C5B03F65 
 155 05dc 9E245188 		.ascii	"\236$Q\210\304R\032\216\034$\005V>\242\270\243\253z"
 155      C4521A8E 
 155      1C240556 
 155      3EA2B8A3 
 155      AB7A
 156 05ee AE2D93DC 		.ascii	"\256-\223\334\250\003%\331\270U\323\001u\211\212\012"
 156      A80325D9 
 156      B855D301 
 156      75898A0A 
 157 05fe 4A7E0836 		.ascii	"J~\0106\355~X\322\335\327\335\344\217A\230\372C\355"
 157      ED7E58D2 
 157      DDD7DDE4 
ARM GAS  C:\Users\Bruger\AppData\Local\Temp\ccFfJ69c.s 			page 12


 157      8F4198FA 
 157      43ED
 158 0610 B3B3A9BD 		.ascii	"\263\263\251\275\223B\207R\016\373e\224\037\366\374"
 158      93428752 
 158      0EFB6594 
 158      1FF6FC
 159 061f E5DEE6FC 		.ascii	"\345\336\346\374\223Z\304pa\350\272\016W\236\011\302"
 159      935AC470 
 159      61E8BA0E 
 159      579E09C2 
 160 062f 484E62E4 		.ascii	"HNb\344\212\201\353m\234\224\0309p\347\363$\277\007"
 160      8A81EB6D 
 160      9C941839 
 160      70E7F324 
 160      BF07
 161 0641 6F952CAA 		.ascii	"o\225,\252l\225\225\334\300\325\351\325\333\356\353"
 161      6C9595DC 
 161      C0D5E9D5 
 161      DBEEEB
 162 0650 AD2BC081 		.ascii	"\255+\300\201L\312\330W\3211n!\306=X\235\3514\210\331"
 162      4CCAD857 
 162      D1316E21 
 162      C63D589D 
 162      E93488D9 
 163 0664 98A8A0F2 		.ascii	"\230\250\240\362\312\334^-Y\034\036\032\032\006\203"
 163      CADC5E2D 
 163      591C1E1A 
 163      1A0683
 164 0673 F5D7E0E0 		.ascii	"\365\327\340\3409\241j{\315\245a\002\277\211\265U\336"
 164      39A16A7B 
 164      CDA56102 
 164      BF89B555 
 164      DE
 165 0684 7C8EDDC4 		.ascii	"|\216\335\3046\322`R2\262\301y\265\032\326\007\220\311"
 165      36D26052 
 165      32B2C179 
 165      B51AD607 
 165      90C9
 166 0696 D34887B5 		.ascii	"\323H\207\265\032\247+-\371\363W\345\265S\261Z\007\001"
 166      1AA72B2D 
 166      F9F357E5 
 166      B553B15A 
 166      0701
 167 06a8 88F12AE5 		.ascii	"\210\361*\345\375=\2727D<-\257\316\373\312\003~\220"
 167      FD3DBA37 
 167      443C2DAF 
 167      CEFBCA03 
 167      7E90
 168 06ba 6CCA0554 		.ascii	"l\312\005T\357`E\271\362`o\252\307\336\364\261b$\260"
 168      EF6045B9 
 168      F2606FAA 
 168      C7DEF4B1 
 168      6224B0
 169 06cd B2A4F307 		.ascii	"\262\244\363\0077\240\311\225\2767\365\317r\361T\254"
 169      37A0C995 
 169      BE37F5CF 
 169      72F154AC 
ARM GAS  C:\Users\Bruger\AppData\Local\Temp\ccFfJ69c.s 			page 13


 170 06dd 8C66C500 		.ascii	"\214f\305\000O\001p\0232\250\307\334\301\233)\032g\222"
 170      4F017013 
 170      32A8C7DC 
 170      C19B291A 
 170      6792
 171 06ef 48FE030D 		.ascii	"H\376\003\015\367\206\302\355>Y\224[\027o\215\220w\366"
 171      F786C2ED 
 171      3E59945B 
 171      176F8D90 
 171      77F6
 172 0701 6EB99277 		.ascii	"n\271\222w\262\211\316Q \206>;\205\020\314\343{\276"
 172      B289CE51 
 172      20863E3B 
 172      8510CCE3 
 172      7BBE
 173 0713 3CBEFFCE 		.ascii	"<\276\377\316\370)h(f\032VCA2~v\013a\363\034\032J\034"
 173      F8296828 
 173      661A5643 
 173      41327E76 
 173      0B61F31C 
 174 072a 30D6C1D8 		.ascii	"0\326\301\330\000c\015\214<\030k\251\373F\262\236\216"
 174      00630D8C 
 174      3C186BA9 
 174      FB46B29E 
 174      8E
 175 073b B8D178B0 		.ascii	"\270\321x\260\326\376oXjC\3777U\032:\306\361\373Z~g"
 175      D6FE6F58 
 175      6A43FF37 
 175      551A3AC6 
 175      F1FB5A7E 
 176 0750 60CDF09C 		.ascii	"`\315\360\234\342\226\247\177\226\252\227\027v\265\254"
 176      E296A77F 
 176      96AA9717 
 176      76B5AC
 177 075f BA90AC1F 		.ascii	"\272\220\254\037\366\223\306\233Y \371\024\177\322\260"
 177      F693C69B 
 177      5920F914 
 177      7FD2B0
 178 076e 27E3BEDB 		.ascii	"'\343\276\333sL\363\300\237`\237P\370\011F\336\325p"
 178      734CF3C0 
 178      9F609F50 
 178      F80946DE 
 178      D570
 179 0780 E47B6B9A 		.ascii	"\344{k\232\366\007\204|,;\362{\007*\373'\346\311\216"
 179      F607847C 
 179      2C3BF27B 
 179      072AFB27 
 179      E6C98E
 180 0793 25F2201C 		.ascii	"%\362 \034\324\310G\"=u\012S\254\000R@C|\251\230;\326"
 180      D4C84722 
 180      3D750A53 
 180      AC005240 
 180      437CA998 
 181 07a9 4B45E130 		.ascii	"KE\3410\025\207jW\034\323\211\007\371\311\266\351\233"
 181      15876A57 
 181      1CD38907 
 181      F9C9B6E9 
ARM GAS  C:\Users\Bruger\AppData\Local\Temp\ccFfJ69c.s 			page 14


 181      9B
 182 07ba E52725B1 		.ascii	"\345'%\261\235\023\331\0336_\363\007\345.\271\267\274"
 182      9D13D91B 
 182      365FF307 
 182      E52EB9B7 
 182      BC
 183 07cb EACAB43C 		.ascii	"\352\312\264<9"
 183      39
 184 07d0 DFAD1C10 		.ascii	"\337\255\034\020H\021U\265o\246\212\372OQ}gj\373\241"
 184      481155B5 
 184      6FA68AFA 
 184      4F517D67 
 184      6AFBA1
 185 07e3 40F10247 		.ascii	"@\361\002G)o\314.\013\024\257r\"\375t\036ED\307\356"
 185      296FCC2E 
 185      0B14AF72 
 185      22FD741E 
 185      4544C7EE 
 186 07f7 EDF2EC14 		.ascii	"\355\362\354\024^\371\014\255\330\013\255\304\215\266"
 186      5EF90CAD 
 186      D80BADC4 
 186      8DB6
 187 0805 05D1EEF5 		.ascii	"\005\321\356\365\025U\351\304>\016\220q\320\265\324"
 187      1555E9C4 
 187      3E0E9071 
 187      D0B5D4
 188 0814 20C2CD06 		.ascii	" \302\315\006\257\360]\267OK\334\300\262\235\265o\254"
 188      AFF05DB7 
 188      4F4BDCC0 
 188      B29DB56F 
 188      AC
 189 0825 4ACE2A94 		.ascii	"J\316*\224]CC\217r\003\267zA\226\272!\267!d\332\266"
 189      5D43438F 
 189      7203B77A 
 189      4196BA21 
 189      B72164DA 
 190 083a 8A5ABD86 		.ascii	"\212Z\275\206\002\315\262\373.v\367\362\303\335\237"
 190      02CDB2FB 
 190      2E76F7F2 
 190      C3DD9F
 191 0849 F0354813 		.ascii	"\3605H\023)\243\270xa\325\226\215\372qk\036\020\310"
 191      29A3B878 
 191      61D5968D 
 191      FA716B1E 
 191      10C8
 192 085b 0A3A0EBE 		.ascii	"\012:\016\276\313\201\025\367 k\023U9\231A\342Vn^M\365"
 192      CB8115F7 
 192      206B1355 
 192      399941E2 
 192      566E5E4D 
 193 0870 AD8D06B1 		.ascii	"\255\215\006\261\222\023\007\273O\035\320\241\255\025"
 193      921307BB 
 193      4F1DD0A1 
 193      AD15
 194 087e 6D95A5D4 		.ascii	"m\225\245\324+\230\200B*\251{7\013d\273\333\326*\264"
 194      2B988042 
 194      2AA97B37 
ARM GAS  C:\Users\Bruger\AppData\Local\Temp\ccFfJ69c.s 			page 15


 194      0B64BBDB 
 194      D62AB4
 195 0891 F5F8BE35 		.ascii	"\365\370\2765ITl\321&\311\370;\245\376Vz\2766,\037p"
 195      49546CD1 
 195      26C9F83B 
 195      A5FE567A 
 195      BE362C1F 
 196 08a6 5CEB0B5E 		.ascii	"\\\353\013^u4\313\3501\026\334\016\356\260gG\010l\005"
 196      7534CBE8 
 196      3116DC0E 
 196      EEB06747 
 196      086C05
 197 08b9 9176D230 		.ascii	"\221v\3220\326\011s\227\025\352\304/\270=\307\033RS"
 197      D6097397 
 197      15EAC42F 
 197      B83DC71B 
 197      5253
 198 08cb 75622712 		.ascii	"ub'\022\364\304\211\325wD\337\267\247]\324\327\355\251"
 198      F4C489D5 
 198      7744DFB7 
 198      A75DD4D7 
 198      EDA9
 199 08dd AEC6F5F8 		.ascii	"\256\306\365\370.\031\366\315gp\312\324P\037\0272\262"
 199      2E19F6CD 
 199      6770CAD4 
 199      501F1732 
 199      B2
 200 08ee F376C6AE 		.ascii	"\363v\306\256@v\312'\377\030\"\030p\254=\343\270\236"
 200      4076CA27 
 200      FF182218 
 200      70AC3DE3 
 200      B89E
 201 0900 1B3092BD 		.ascii	"\0330\222\275\326\227\001\256C\345cdB\366\200\366jU"
 201      D69701AE 
 201      43E56364 
 201      42F680F6 
 201      6A55
 202 0912 FB6EAAAA 		.ascii	"\373n\252\252O\357Y\327f\030\266'\031\263\232\273:e"
 202      4FEF59D7 
 202      6618B627 
 202      19B39ABB 
 202      3A65
 203 0924 4FD6E19E 		.ascii	"O\326\341\236lLmh\221$\037\356\337\247\235\324S\211"
 203      6C4C6D68 
 203      91241FEE 
 203      DFA79DD4 
 203      5389
 204 0936 FDFBE7CA 		.ascii	"\375\373\347\312\265\245\3220xL\243\007\276A\201o@\370"
 204      B5A5D230 
 204      784CA307 
 204      BE41816F 
 204      40F8
 205 0948 AFD73A33 		.ascii	"\257\327:34\303\270Y\201\252\334N\205\233=\015oG\314"
 205      34C3B859 
 205      81AADC4E 
 205      859B3D0D 
 205      6F47CC
ARM GAS  C:\Users\Bruger\AppData\Local\Temp\ccFfJ69c.s 			page 16


 206 095b 7EFBC537 		.ascii	"~\373\3057\337z)\306\224\220\240{\371\365\267C^z\352"
 206      DF7A29C6 
 206      9490A07B 
 206      F9F5B743 
 206      5E7AEA
 207 096e 29C12FC2 		.ascii	")\301/\302n3\233b\265sm\2268\373(\243q\221}~\2141\336"
 207      6E339B62 
 207      B5736D96 
 207      38FB28A3 
 207      71917D7E 
 208 0985 6E33DA3F 		.ascii	"n3\332?\2107\007\374n~\242%\306>\331\022\367\274\020"
 208      883707FC 
 208      6E7EA225 
 208      C63ED912 
 208      F7BC10
 209 0998 605C04CB 		.ascii	"`\\\004\313S\220/\340\0376\213\335l4\333lV\233d\234"
 209      53902FE0 
 209      1F368BDD 
 209      6C34DB6C 
 209      569B649C 
 210 09ac F7D65F66 		.ascii	"\367\326_f\340r`\224\325f\216\304\351\224\367\004\235"
 210      E0726094 
 210      D5668EC4 
 210      E994F704 
 210      9D
 211 09bd D16E8935 		.ascii	"\321n\2115[\023\355\006c\202\335d\263\277f\211\211\261"
 211      5B13ED06 
 211      6382DD64 
 211      B3BF6689 
 211      89B1
 212 09cf 240430F6 		.ascii	"$\0040\366g\271\322 \344\347s&\220\010\202\323\2376"
 212      67B9D220 
 212      E4E77326 
 212      900882D3 
 212      9F36
 213 09e1 DA25A3D1 		.ascii	"\332%\243\321=M\"Q\277\211\214\267Y\027\332L\261!\013"
 213      3D4D2251 
 213      BF898CB7 
 213      5917DA4C 
 213      B1210B
 214 09f4 2C31E684 		.ascii	",1\346\204\220\211\357\317|\366\211\310\250\017\342"
 214      9089EFCF 
 214      7CF689C8 
 214      A80FE2
 215 0a03 6DE68484 		.ascii	"m\346\204\204\310\370\004kTH\024 \330\255\266\310g\246"
 215      C8F8046B 
 215      54481420 
 215      D8ADB6C8 
 215      67A6
 216 0a15 4C1DBE60 		.ascii	"L\035\276`\211\215\267\332\354\221\013\343\022#M\266"
 216      898DB7DA 
 216      EC910BE3 
 216      12234DB6 
 217 0a25 5878FFDC 		.ascii	"Xx\377\334\224\351l69\316\032g\236l6\315\267DZ\342\242"
 217      94E96C36 
 217      39CE1A67 
 217      9E6C36CD 
ARM GAS  C:\Users\Bruger\AppData\Local\Temp\ccFfJ69c.s 			page 17


 217      B7445AE2 
 218 0a3a 6212A3CD 		.ascii	"b\022\243\315\221\261\246\250\367,q\346Hc\264y\201)"
 218      91B1A6A8 
 218      F72C71E6 
 218      4863B479 
 218      8129
 219 0a4c 31C68E01 		.ascii	"1\306\216\001H\000\263\376\376\377\262 \301\036\315"
 219      4800B3FE 
 219      FEFFB220 
 219      C11ECD
 220 0a5b 23A737CE 		.ascii	"#\2477\3167%F\277i\262\233\375Y\034f\032\355z\036\221"
 220      372546BF 
 220      69B29BFD 
 220      591C661A 
 220      ED7A1E91 
 221 0a6f 992C36A6 		.ascii	"\231,6\246\370\370\331\211\013\026\230m~|Eg4\362\211"
 221      F8F8D989 
 221      0B16986D 
 221      7E7C4567 
 221      34F289
 222 0a82 C1FD2AC2 		.ascii	"\301\375*\302\362Os\240\233\370S\\\264\371}\014\355"
 222      F24F73A0 
 222      9BF8535C 
 222      B4F97D0C 
 222      ED
 223 0a93 B4673DA1 		.ascii	"\264g=\241e\3231,\023\323\236\366\256\212\2071!\336"
 223      65D3312C 
 223      13D39EF6 
 223      AE8A8731 
 223      21DE
 224 0aa5 2B600DCF 		.ascii	"+`\015\317R\254\311\0227%*>^\320\304X\255\361:\343\274"
 224      52ACC912 
 224      37252A3E 
 224      5ED0C458 
 224      ADF13AE3 
 225 0aba 67D873D1 		.ascii	"g\330s\321(|\371\242-\032P\255\300\254M0\333\023\343"
 225      287CF9A2 
 225      2D1A50AD 
 225      C0AC4D30 
 225      DB13E3
 226 0acd F5C67933 		.ascii	"\365\306y3p\262\310`\211\263\330\337\202:\230oJ0\217"
 226      70B2C860 
 226      89B3D8DF 
 226      823A986F 
 226      4A308F
 227 0ae0 36CE9BF6 		.ascii	"6\316\233\366\264\367\302\242\207\275\305\215l\231a"
 227      B4F7C2A2 
 227      87BDC58D 
 227      6C9961
 228 0aef CC372FB4 		.ascii	"\3147/\264\304\375\3348\357\365\341\326\315\300\365"
 228      C4FDDC38 
 228      EFF5E1D6 
 228      CDC0F5
 229 0afe 3FC4FA45 		.ascii	"?\304\372E\230m\026S\214\306f^8S\213a\231\360\2629\316"
 229      986D1653 
 229      8CC6665E 
 229      38538B61 
ARM GAS  C:\Users\Bruger\AppData\Local\Temp\ccFfJ69c.s 			page 18


 229      99F0B239 
 230 0b13 6C837845 		.ascii	"l\203xE\033#\254\211\266((\302\010\353K3~\035\365\201"
 230      1B23AC89 
 230      B62828C2 
 230      08EB4B33 
 230      7E1DF581 
 231 0b27 3B89FF05 		.ascii	";\211\377\005F\266f\023"
 231      46B66613 
 232              		.text
 233              		.section	.gnu.lto_.symtab.24bf8d0a,"",%progbits
 234 0000 6D61696E 		.ascii	"main\000\000\000\000\000\000\000\000\000\000\000\000"
 234      00000000 
 234      00000000 
 234      00000000 
 235 0010 23010000 		.ascii	"#\001\000\000Serial\000\000\002\000\000\000\000\000"
 235      53657269 
 235      616C0000 
 235      02000000 
 235      0000
 236 0022 00000000 		.ascii	"\000\000\000\0005\001\000\000_Z4loopv\000\000\002\000"
 236      35010000 
 236      5F5A346C 
 236      6F6F7076 
 236      00000200 
 237 0036 00000000 		.ascii	"\000\000\000\000\000\000\000\000'\001\000\000_Z5set"
 237      00000000 
 237      27010000 
 237      5F5A3573 
 237      6574
 238 0048 75707600 		.ascii	"upv\000\000\002\000\000\000\000\000\000\000\000\000"
 238      00020000 
 238      00000000 
 238      000000
 239 0057 2A010000 		.ascii	"*\001\000\000_Z12initTimebasev\000\000\002\000\000\000"
 239      5F5A3132 
 239      696E6974 
 239      54696D65 
 239      62617365 
 240 0072 00000000 		.ascii	"\000\000\000\000\000\000-\001\000\000_ZN12USBUARTCl"
 240      00002D01 
 240      00005F5A 
 240      4E313255 
 240      53425541 
 241 008a 61737335 		.ascii	"ass5beginEm\000\000\002\000\000\000\000\000\000\000"
 241      62656769 
 241      6E456D00 
 241      00020000 
 241      00000000 
 242 009f 00003301 		.ascii	"\000\0003\001\000\000"
 242      0000
 243              		.text
 244              		.section	.gnu.lto_.opts,"",%progbits
 245 0000 272D6665 		.ascii	"'-fexceptions' '-fno-trapv' '-mcpu=cortex-m3' '-mth"
 245      78636570 
 245      74696F6E 
 245      73272027 
 245      2D666E6F 
ARM GAS  C:\Users\Bruger\AppData\Local\Temp\ccFfJ69c.s 			page 19


 246 0033 756D6227 		.ascii	"umb' '-g' '-O3' '-ffunction-sections' '-finline-fun"
 246      20272D67 
 246      2720272D 
 246      4F332720 
 246      272D6666 
 247 0066 6374696F 		.ascii	"ctions' '-flto' '-ffat-lto-objects'\000"
 247      6E732720 
 247      272D666C 
 247      746F2720 
 247      272D6666 
 248              		.text
 249              		.cfi_sections	.debug_frame
 250              		.section	.text.startup.main,"ax",%progbits
 251              		.align	2
 252              		.global	main
 253              		.thumb
 254              		.thumb_func
 255              		.type	main, %function
 256              	main:
 257              		.fnstart
 258              	.LFB148:
 259              		.file 1 "core\\main.cpp"
   1:core/main.cpp **** extern "C" {
   2:core/main.cpp **** #include <project.h>
   3:core/main.cpp **** }
   4:core/main.cpp **** 
   5:core/main.cpp **** #include "Arduino.h"
   6:core/main.cpp **** 
   7:core/main.cpp **** //#define I2C      0
   8:core/main.cpp **** //#define ANALOG   1
   9:core/main.cpp **** //#define DIGITAL  2
  10:core/main.cpp **** 
  11:core/main.cpp **** //struct SerialHelperFuncs UART_Helpers;
  12:core/main.cpp **** //UARTClass Serial1(false, &UART_Helpers);
  13:core/main.cpp **** 
  14:core/main.cpp **** int main()
  15:core/main.cpp **** {
 260              		.loc 1 15 0
 261              		.cfi_startproc
 262              		@ args = 0, pretend = 0, frame = 0
 263              		@ frame_needed = 0, uses_anonymous_args = 0
 264 0000 08B5     		push	{r3, lr}
 265              		.save {r3, lr}
 266              		.cfi_def_cfa_offset 8
 267              		.cfi_offset 3, -8
 268              		.cfi_offset 14, -4
  16:core/main.cpp ****     
  17:core/main.cpp ****   CyGlobalIntEnable;  
 269              		.loc 1 17 0
 270              	@ 17 "core\main.cpp" 1
 271 0002 62B6     		CPSIE   i
 272              	@ 0 "" 2
  18:core/main.cpp ****   Bootloader_SET_RUN_TYPE(Bootloader_SCHEDULE_BTLDB);
 273              		.loc 1 18 0
 274              		.thumb
 275 0004 074B     		ldr	r3, .L5
 276 0006 8022     		movs	r2, #128
ARM GAS  C:\Users\Bruger\AppData\Local\Temp\ccFfJ69c.s 			page 20


 277 0008 1A70     		strb	r2, [r3]
  19:core/main.cpp ****   
  20:core/main.cpp ****   //UART_FunctionAttach();
  21:core/main.cpp ****   
  22:core/main.cpp ****   Serial.begin(9600);
 278              		.loc 1 22 0
 279 000a 0748     		ldr	r0, .L5+4
 280 000c 4FF41651 		mov	r1, #9600
 281 0010 FFF7FEFF 		bl	_ZN12USBUARTClass5beginEm
 282              	.LVL0:
  23:core/main.cpp **** 
  24:core/main.cpp ****   initTimebase();
 283              		.loc 1 24 0
 284 0014 FFF7FEFF 		bl	_Z12initTimebasev
 285              	.LVL1:
  25:core/main.cpp ****   
  26:core/main.cpp ****   setup();
 286              		.loc 1 26 0
 287 0018 FFF7FEFF 		bl	_Z5setupv
 288              	.LVL2:
 289              	.L2:
  27:core/main.cpp ****     
  28:core/main.cpp ****   for(;;)
  29:core/main.cpp ****   {
  30:core/main.cpp ****     loop();
 290              		.loc 1 30 0 discriminator 1
 291 001c FFF7FEFF 		bl	_Z4loopv
 292              	.LVL3:
  14:core/main.cpp **** {
 293              		.loc 1 14 0 discriminator 1
 294 0020 FCE7     		b	.L2
 295              	.L6:
 296 0022 00BF     		.align	2
 297              	.L5:
 298 0024 FA460040 		.word	1073759994
 299 0028 00000000 		.word	Serial
 300              		.cfi_endproc
 301              	.LFE148:
 302              		.fnend
 303              		.size	main, .-main
 304              		.text
 305              	.Letext0:
 306              		.file 2 "c:\\program files (x86)\\cypress\\psoc creator\\4.0\\psoc creator\\import\\gnu\\arm\\4.9.
 307              		.file 3 "c:\\program files (x86)\\cypress\\psoc creator\\4.0\\psoc creator\\import\\gnu\\arm\\4.9.
 308              		.file 4 "Generated_Source\\PSoC5/cytypes.h"
 309              		.file 5 "c:\\program files (x86)\\cypress\\psoc creator\\4.0\\psoc creator\\import\\gnu\\arm\\4.9.
 310              		.file 6 "Generated_Source\\PSoC5/core_cm3.h"
 311              		.file 7 "core\\USBUARTClass.h"
 312              		.file 8 ".\\core/pins_arduino.h"
 313              		.file 9 "core\\Arduino_Time.h"
 314              		.file 10 "core\\Arduino.h"
 315              		.file 11 "core\\Print.h"
 316              		.section	.debug_info,"",%progbits
 317              	.Ldebug_info0:
 318 0000 11020000 		.4byte	0x211
 319 0004 0400     		.2byte	0x4
 320 0006 00000000 		.4byte	.Ldebug_abbrev0
ARM GAS  C:\Users\Bruger\AppData\Local\Temp\ccFfJ69c.s 			page 21


 321 000a 04       		.byte	0x4
 322 000b 01       		.uleb128 0x1
 323 000c 5F010000 		.4byte	.LASF34
 324 0010 04       		.byte	0x4
 325 0011 BA000000 		.4byte	.LASF35
 326 0015 3E020000 		.4byte	.LASF36
 327 0019 00000000 		.4byte	.Ldebug_ranges0+0
 328 001d 00000000 		.4byte	0
 329 0021 00000000 		.4byte	.Ldebug_line0
 330 0025 02       		.uleb128 0x2
 331 0026 01       		.byte	0x1
 332 0027 06       		.byte	0x6
 333 0028 A3020000 		.4byte	.LASF0
 334 002c 03       		.uleb128 0x3
 335 002d 00000000 		.4byte	.LASF4
 336 0031 02       		.byte	0x2
 337 0032 1D       		.byte	0x1d
 338 0033 37000000 		.4byte	0x37
 339 0037 02       		.uleb128 0x2
 340 0038 01       		.byte	0x1
 341 0039 08       		.byte	0x8
 342 003a 61000000 		.4byte	.LASF1
 343 003e 02       		.uleb128 0x2
 344 003f 02       		.byte	0x2
 345 0040 05       		.byte	0x5
 346 0041 55010000 		.4byte	.LASF2
 347 0045 02       		.uleb128 0x2
 348 0046 02       		.byte	0x2
 349 0047 07       		.byte	0x7
 350 0048 AF020000 		.4byte	.LASF3
 351 004c 03       		.uleb128 0x3
 352 004d 24000000 		.4byte	.LASF5
 353 0051 02       		.byte	0x2
 354 0052 3F       		.byte	0x3f
 355 0053 57000000 		.4byte	0x57
 356 0057 02       		.uleb128 0x2
 357 0058 04       		.byte	0x4
 358 0059 05       		.byte	0x5
 359 005a 35020000 		.4byte	.LASF6
 360 005e 03       		.uleb128 0x3
 361 005f AF000000 		.4byte	.LASF7
 362 0063 02       		.byte	0x2
 363 0064 41       		.byte	0x41
 364 0065 69000000 		.4byte	0x69
 365 0069 02       		.uleb128 0x2
 366 006a 04       		.byte	0x4
 367 006b 07       		.byte	0x7
 368 006c 88000000 		.4byte	.LASF8
 369 0070 02       		.uleb128 0x2
 370 0071 08       		.byte	0x8
 371 0072 05       		.byte	0x5
 372 0073 47010000 		.4byte	.LASF9
 373 0077 02       		.uleb128 0x2
 374 0078 08       		.byte	0x8
 375 0079 07       		.byte	0x7
 376 007a 4A000000 		.4byte	.LASF10
 377 007e 04       		.uleb128 0x4
ARM GAS  C:\Users\Bruger\AppData\Local\Temp\ccFfJ69c.s 			page 22


 378 007f 04       		.byte	0x4
 379 0080 05       		.byte	0x5
 380 0081 696E7400 		.ascii	"int\000"
 381 0085 02       		.uleb128 0x2
 382 0086 04       		.byte	0x4
 383 0087 07       		.byte	0x7
 384 0088 08010000 		.4byte	.LASF11
 385 008c 03       		.uleb128 0x3
 386 008d 1A010000 		.4byte	.LASF12
 387 0091 03       		.byte	0x3
 388 0092 15       		.byte	0x15
 389 0093 2C000000 		.4byte	0x2c
 390 0097 03       		.uleb128 0x3
 391 0098 36010000 		.4byte	.LASF13
 392 009c 03       		.byte	0x3
 393 009d 2C       		.byte	0x2c
 394 009e 4C000000 		.4byte	0x4c
 395 00a2 03       		.uleb128 0x3
 396 00a3 2C020000 		.4byte	.LASF14
 397 00a7 03       		.byte	0x3
 398 00a8 2D       		.byte	0x2d
 399 00a9 5E000000 		.4byte	0x5e
 400 00ad 05       		.uleb128 0x5
 401 00ae 9A000000 		.4byte	.LASF15
 402 00b2 04       		.byte	0x4
 403 00b3 3801     		.2byte	0x138
 404 00b5 37000000 		.4byte	0x37
 405 00b9 02       		.uleb128 0x2
 406 00ba 04       		.byte	0x4
 407 00bb 04       		.byte	0x4
 408 00bc 44000000 		.4byte	.LASF16
 409 00c0 02       		.uleb128 0x2
 410 00c1 08       		.byte	0x8
 411 00c2 04       		.byte	0x4
 412 00c3 C8000000 		.4byte	.LASF17
 413 00c7 02       		.uleb128 0x2
 414 00c8 01       		.byte	0x1
 415 00c9 08       		.byte	0x8
 416 00ca 15010000 		.4byte	.LASF18
 417 00ce 05       		.uleb128 0x5
 418 00cf 83000000 		.4byte	.LASF19
 419 00d3 04       		.byte	0x4
 420 00d4 E201     		.2byte	0x1e2
 421 00d6 DA000000 		.4byte	0xda
 422 00da 06       		.uleb128 0x6
 423 00db AD000000 		.4byte	0xad
 424 00df 03       		.uleb128 0x3
 425 00e0 0A000000 		.4byte	.LASF20
 426 00e4 05       		.byte	0x5
 427 00e5 D4       		.byte	0xd4
 428 00e6 85000000 		.4byte	0x85
 429 00ea 02       		.uleb128 0x2
 430 00eb 04       		.byte	0x4
 431 00ec 07       		.byte	0x7
 432 00ed 3E010000 		.4byte	.LASF21
 433 00f1 07       		.uleb128 0x7
 434 00f2 04       		.byte	0x4
ARM GAS  C:\Users\Bruger\AppData\Local\Temp\ccFfJ69c.s 			page 23


 435 00f3 F7000000 		.4byte	0xf7
 436 00f7 08       		.uleb128 0x8
 437 00f8 C7000000 		.4byte	0xc7
 438 00fc 09       		.uleb128 0x9
 439 00fd 11000000 		.4byte	.LASF22
 440 0101 28010000 		.4byte	0x128
 441 0105 0A       		.uleb128 0xa
 442 0106 07       		.byte	0x7
 443 0107 1D       		.byte	0x1d
 444 0108 31010000 		.4byte	0x131
 445 010c 0B       		.uleb128 0xb
 446 010d 6F000000 		.4byte	.LASF37
 447 0111 07       		.byte	0x7
 448 0112 23       		.byte	0x23
 449 0113 12020000 		.4byte	.LASF38
 450 0117 01       		.byte	0x1
 451 0118 1C010000 		.4byte	0x11c
 452 011c 0C       		.uleb128 0xc
 453 011d ED010000 		.4byte	0x1ed
 454 0121 0D       		.uleb128 0xd
 455 0122 A2000000 		.4byte	0xa2
 456 0126 00       		.byte	0
 457 0127 00       		.byte	0
 458 0128 09       		.uleb128 0x9
 459 0129 C2020000 		.4byte	.LASF23
 460 012d 56010000 		.4byte	0x156
 461 0131 0E       		.uleb128 0xe
 462 0132 A0000000 		.4byte	.LASF39
 463 0136 0B       		.byte	0xb
 464 0137 37       		.byte	0x37
 465 0138 CF000000 		.4byte	.LASF40
 466 013c DF000000 		.4byte	0xdf
 467 0140 01       		.byte	0x1
 468 0141 45010000 		.4byte	0x145
 469 0145 0C       		.uleb128 0xc
 470 0146 56010000 		.4byte	0x156
 471 014a 0D       		.uleb128 0xd
 472 014b F1000000 		.4byte	0xf1
 473 014f 0D       		.uleb128 0xd
 474 0150 DF000000 		.4byte	0xdf
 475 0154 00       		.byte	0
 476 0155 00       		.byte	0
 477 0156 07       		.uleb128 0x7
 478 0157 04       		.byte	0x4
 479 0158 28010000 		.4byte	0x128
 480 015c 02       		.uleb128 0x2
 481 015d 08       		.byte	0x8
 482 015e 04       		.byte	0x4
 483 015f 38000000 		.4byte	.LASF24
 484 0163 02       		.uleb128 0x2
 485 0164 01       		.byte	0x1
 486 0165 02       		.byte	0x2
 487 0166 2E000000 		.4byte	.LASF25
 488 016a 0F       		.uleb128 0xf
 489 016b E4000000 		.4byte	.LASF41
 490 016f 01       		.byte	0x1
 491 0170 0E       		.byte	0xe
ARM GAS  C:\Users\Bruger\AppData\Local\Temp\ccFfJ69c.s 			page 24


 492 0171 7E000000 		.4byte	0x7e
 493 0175 00000000 		.4byte	.LFB148
 494 0179 2C000000 		.4byte	.LFE148-.LFB148
 495 017d 01       		.uleb128 0x1
 496 017e 9C       		.byte	0x9c
 497 017f B4010000 		.4byte	0x1b4
 498 0183 10       		.uleb128 0x10
 499 0184 14000000 		.4byte	.LVL0
 500 0188 0C010000 		.4byte	0x10c
 501 018c 98010000 		.4byte	0x198
 502 0190 11       		.uleb128 0x11
 503 0191 01       		.uleb128 0x1
 504 0192 51       		.byte	0x51
 505 0193 03       		.uleb128 0x3
 506 0194 0A       		.byte	0xa
 507 0195 8025     		.2byte	0x2580
 508 0197 00       		.byte	0
 509 0198 12       		.uleb128 0x12
 510 0199 18000000 		.4byte	.LVL1
 511 019d F3010000 		.4byte	0x1f3
 512 01a1 12       		.uleb128 0x12
 513 01a2 1C000000 		.4byte	.LVL2
 514 01a6 FE010000 		.4byte	0x1fe
 515 01aa 12       		.uleb128 0x12
 516 01ab 20000000 		.4byte	.LVL3
 517 01af 09020000 		.4byte	0x209
 518 01b3 00       		.byte	0
 519 01b4 13       		.uleb128 0x13
 520 01b5 E9000000 		.4byte	.LASF26
 521 01b9 06       		.byte	0x6
 522 01ba 5506     		.2byte	0x655
 523 01bc C0010000 		.4byte	0x1c0
 524 01c0 06       		.uleb128 0x6
 525 01c1 97000000 		.4byte	0x97
 526 01c5 14       		.uleb128 0x14
 527 01c6 2F010000 		.4byte	.LASF27
 528 01ca 07       		.byte	0x7
 529 01cb 4B       		.byte	0x4b
 530 01cc FC000000 		.4byte	0xfc
 531 01d0 15       		.uleb128 0x15
 532 01d1 53444100 		.ascii	"SDA\000"
 533 01d5 08       		.byte	0x8
 534 01d6 2D       		.byte	0x2d
 535 01d7 DC010000 		.4byte	0x1dc
 536 01db 17       		.byte	0x17
 537 01dc 08       		.uleb128 0x8
 538 01dd 8C000000 		.4byte	0x8c
 539 01e1 15       		.uleb128 0x15
 540 01e2 53434C00 		.ascii	"SCL\000"
 541 01e6 08       		.byte	0x8
 542 01e7 2E       		.byte	0x2e
 543 01e8 DC010000 		.4byte	0x1dc
 544 01ec 16       		.byte	0x16
 545 01ed 07       		.uleb128 0x7
 546 01ee 04       		.byte	0x4
 547 01ef FC000000 		.4byte	0xfc
 548 01f3 16       		.uleb128 0x16
ARM GAS  C:\Users\Bruger\AppData\Local\Temp\ccFfJ69c.s 			page 25


 549 01f4 22010000 		.4byte	.LASF28
 550 01f8 09       		.byte	0x9
 551 01f9 17       		.byte	0x17
 552 01fa F6000000 		.4byte	.LASF30
 553 01fe 16       		.uleb128 0x16
 554 01ff 1E000000 		.4byte	.LASF29
 555 0203 0A       		.byte	0xa
 556 0204 1A       		.byte	0x1a
 557 0205 08020000 		.4byte	.LASF31
 558 0209 16       		.uleb128 0x16
 559 020a 33000000 		.4byte	.LASF32
 560 020e 0A       		.byte	0xa
 561 020f 1B       		.byte	0x1b
 562 0210 A6000000 		.4byte	.LASF33
 563 0214 00       		.byte	0
 564              		.section	.debug_abbrev,"",%progbits
 565              	.Ldebug_abbrev0:
 566 0000 01       		.uleb128 0x1
 567 0001 11       		.uleb128 0x11
 568 0002 01       		.byte	0x1
 569 0003 25       		.uleb128 0x25
 570 0004 0E       		.uleb128 0xe
 571 0005 13       		.uleb128 0x13
 572 0006 0B       		.uleb128 0xb
 573 0007 03       		.uleb128 0x3
 574 0008 0E       		.uleb128 0xe
 575 0009 1B       		.uleb128 0x1b
 576 000a 0E       		.uleb128 0xe
 577 000b 55       		.uleb128 0x55
 578 000c 17       		.uleb128 0x17
 579 000d 11       		.uleb128 0x11
 580 000e 01       		.uleb128 0x1
 581 000f 10       		.uleb128 0x10
 582 0010 17       		.uleb128 0x17
 583 0011 00       		.byte	0
 584 0012 00       		.byte	0
 585 0013 02       		.uleb128 0x2
 586 0014 24       		.uleb128 0x24
 587 0015 00       		.byte	0
 588 0016 0B       		.uleb128 0xb
 589 0017 0B       		.uleb128 0xb
 590 0018 3E       		.uleb128 0x3e
 591 0019 0B       		.uleb128 0xb
 592 001a 03       		.uleb128 0x3
 593 001b 0E       		.uleb128 0xe
 594 001c 00       		.byte	0
 595 001d 00       		.byte	0
 596 001e 03       		.uleb128 0x3
 597 001f 16       		.uleb128 0x16
 598 0020 00       		.byte	0
 599 0021 03       		.uleb128 0x3
 600 0022 0E       		.uleb128 0xe
 601 0023 3A       		.uleb128 0x3a
 602 0024 0B       		.uleb128 0xb
 603 0025 3B       		.uleb128 0x3b
 604 0026 0B       		.uleb128 0xb
 605 0027 49       		.uleb128 0x49
ARM GAS  C:\Users\Bruger\AppData\Local\Temp\ccFfJ69c.s 			page 26


 606 0028 13       		.uleb128 0x13
 607 0029 00       		.byte	0
 608 002a 00       		.byte	0
 609 002b 04       		.uleb128 0x4
 610 002c 24       		.uleb128 0x24
 611 002d 00       		.byte	0
 612 002e 0B       		.uleb128 0xb
 613 002f 0B       		.uleb128 0xb
 614 0030 3E       		.uleb128 0x3e
 615 0031 0B       		.uleb128 0xb
 616 0032 03       		.uleb128 0x3
 617 0033 08       		.uleb128 0x8
 618 0034 00       		.byte	0
 619 0035 00       		.byte	0
 620 0036 05       		.uleb128 0x5
 621 0037 16       		.uleb128 0x16
 622 0038 00       		.byte	0
 623 0039 03       		.uleb128 0x3
 624 003a 0E       		.uleb128 0xe
 625 003b 3A       		.uleb128 0x3a
 626 003c 0B       		.uleb128 0xb
 627 003d 3B       		.uleb128 0x3b
 628 003e 05       		.uleb128 0x5
 629 003f 49       		.uleb128 0x49
 630 0040 13       		.uleb128 0x13
 631 0041 00       		.byte	0
 632 0042 00       		.byte	0
 633 0043 06       		.uleb128 0x6
 634 0044 35       		.uleb128 0x35
 635 0045 00       		.byte	0
 636 0046 49       		.uleb128 0x49
 637 0047 13       		.uleb128 0x13
 638 0048 00       		.byte	0
 639 0049 00       		.byte	0
 640 004a 07       		.uleb128 0x7
 641 004b 0F       		.uleb128 0xf
 642 004c 00       		.byte	0
 643 004d 0B       		.uleb128 0xb
 644 004e 0B       		.uleb128 0xb
 645 004f 49       		.uleb128 0x49
 646 0050 13       		.uleb128 0x13
 647 0051 00       		.byte	0
 648 0052 00       		.byte	0
 649 0053 08       		.uleb128 0x8
 650 0054 26       		.uleb128 0x26
 651 0055 00       		.byte	0
 652 0056 49       		.uleb128 0x49
 653 0057 13       		.uleb128 0x13
 654 0058 00       		.byte	0
 655 0059 00       		.byte	0
 656 005a 09       		.uleb128 0x9
 657 005b 02       		.uleb128 0x2
 658 005c 01       		.byte	0x1
 659 005d 03       		.uleb128 0x3
 660 005e 0E       		.uleb128 0xe
 661 005f 3C       		.uleb128 0x3c
 662 0060 19       		.uleb128 0x19
ARM GAS  C:\Users\Bruger\AppData\Local\Temp\ccFfJ69c.s 			page 27


 663 0061 01       		.uleb128 0x1
 664 0062 13       		.uleb128 0x13
 665 0063 00       		.byte	0
 666 0064 00       		.byte	0
 667 0065 0A       		.uleb128 0xa
 668 0066 08       		.uleb128 0x8
 669 0067 00       		.byte	0
 670 0068 3A       		.uleb128 0x3a
 671 0069 0B       		.uleb128 0xb
 672 006a 3B       		.uleb128 0x3b
 673 006b 0B       		.uleb128 0xb
 674 006c 18       		.uleb128 0x18
 675 006d 13       		.uleb128 0x13
 676 006e 00       		.byte	0
 677 006f 00       		.byte	0
 678 0070 0B       		.uleb128 0xb
 679 0071 2E       		.uleb128 0x2e
 680 0072 01       		.byte	0x1
 681 0073 3F       		.uleb128 0x3f
 682 0074 19       		.uleb128 0x19
 683 0075 03       		.uleb128 0x3
 684 0076 0E       		.uleb128 0xe
 685 0077 3A       		.uleb128 0x3a
 686 0078 0B       		.uleb128 0xb
 687 0079 3B       		.uleb128 0x3b
 688 007a 0B       		.uleb128 0xb
 689 007b 6E       		.uleb128 0x6e
 690 007c 0E       		.uleb128 0xe
 691 007d 32       		.uleb128 0x32
 692 007e 0B       		.uleb128 0xb
 693 007f 3C       		.uleb128 0x3c
 694 0080 19       		.uleb128 0x19
 695 0081 64       		.uleb128 0x64
 696 0082 13       		.uleb128 0x13
 697 0083 00       		.byte	0
 698 0084 00       		.byte	0
 699 0085 0C       		.uleb128 0xc
 700 0086 05       		.uleb128 0x5
 701 0087 00       		.byte	0
 702 0088 49       		.uleb128 0x49
 703 0089 13       		.uleb128 0x13
 704 008a 34       		.uleb128 0x34
 705 008b 19       		.uleb128 0x19
 706 008c 00       		.byte	0
 707 008d 00       		.byte	0
 708 008e 0D       		.uleb128 0xd
 709 008f 05       		.uleb128 0x5
 710 0090 00       		.byte	0
 711 0091 49       		.uleb128 0x49
 712 0092 13       		.uleb128 0x13
 713 0093 00       		.byte	0
 714 0094 00       		.byte	0
 715 0095 0E       		.uleb128 0xe
 716 0096 2E       		.uleb128 0x2e
 717 0097 01       		.byte	0x1
 718 0098 3F       		.uleb128 0x3f
 719 0099 19       		.uleb128 0x19
ARM GAS  C:\Users\Bruger\AppData\Local\Temp\ccFfJ69c.s 			page 28


 720 009a 03       		.uleb128 0x3
 721 009b 0E       		.uleb128 0xe
 722 009c 3A       		.uleb128 0x3a
 723 009d 0B       		.uleb128 0xb
 724 009e 3B       		.uleb128 0x3b
 725 009f 0B       		.uleb128 0xb
 726 00a0 6E       		.uleb128 0x6e
 727 00a1 0E       		.uleb128 0xe
 728 00a2 49       		.uleb128 0x49
 729 00a3 13       		.uleb128 0x13
 730 00a4 32       		.uleb128 0x32
 731 00a5 0B       		.uleb128 0xb
 732 00a6 3C       		.uleb128 0x3c
 733 00a7 19       		.uleb128 0x19
 734 00a8 64       		.uleb128 0x64
 735 00a9 13       		.uleb128 0x13
 736 00aa 00       		.byte	0
 737 00ab 00       		.byte	0
 738 00ac 0F       		.uleb128 0xf
 739 00ad 2E       		.uleb128 0x2e
 740 00ae 01       		.byte	0x1
 741 00af 3F       		.uleb128 0x3f
 742 00b0 19       		.uleb128 0x19
 743 00b1 03       		.uleb128 0x3
 744 00b2 0E       		.uleb128 0xe
 745 00b3 3A       		.uleb128 0x3a
 746 00b4 0B       		.uleb128 0xb
 747 00b5 3B       		.uleb128 0x3b
 748 00b6 0B       		.uleb128 0xb
 749 00b7 49       		.uleb128 0x49
 750 00b8 13       		.uleb128 0x13
 751 00b9 11       		.uleb128 0x11
 752 00ba 01       		.uleb128 0x1
 753 00bb 12       		.uleb128 0x12
 754 00bc 06       		.uleb128 0x6
 755 00bd 40       		.uleb128 0x40
 756 00be 18       		.uleb128 0x18
 757 00bf 9742     		.uleb128 0x2117
 758 00c1 19       		.uleb128 0x19
 759 00c2 01       		.uleb128 0x1
 760 00c3 13       		.uleb128 0x13
 761 00c4 00       		.byte	0
 762 00c5 00       		.byte	0
 763 00c6 10       		.uleb128 0x10
 764 00c7 898201   		.uleb128 0x4109
 765 00ca 01       		.byte	0x1
 766 00cb 11       		.uleb128 0x11
 767 00cc 01       		.uleb128 0x1
 768 00cd 31       		.uleb128 0x31
 769 00ce 13       		.uleb128 0x13
 770 00cf 01       		.uleb128 0x1
 771 00d0 13       		.uleb128 0x13
 772 00d1 00       		.byte	0
 773 00d2 00       		.byte	0
 774 00d3 11       		.uleb128 0x11
 775 00d4 8A8201   		.uleb128 0x410a
 776 00d7 00       		.byte	0
ARM GAS  C:\Users\Bruger\AppData\Local\Temp\ccFfJ69c.s 			page 29


 777 00d8 02       		.uleb128 0x2
 778 00d9 18       		.uleb128 0x18
 779 00da 9142     		.uleb128 0x2111
 780 00dc 18       		.uleb128 0x18
 781 00dd 00       		.byte	0
 782 00de 00       		.byte	0
 783 00df 12       		.uleb128 0x12
 784 00e0 898201   		.uleb128 0x4109
 785 00e3 00       		.byte	0
 786 00e4 11       		.uleb128 0x11
 787 00e5 01       		.uleb128 0x1
 788 00e6 31       		.uleb128 0x31
 789 00e7 13       		.uleb128 0x13
 790 00e8 00       		.byte	0
 791 00e9 00       		.byte	0
 792 00ea 13       		.uleb128 0x13
 793 00eb 34       		.uleb128 0x34
 794 00ec 00       		.byte	0
 795 00ed 03       		.uleb128 0x3
 796 00ee 0E       		.uleb128 0xe
 797 00ef 3A       		.uleb128 0x3a
 798 00f0 0B       		.uleb128 0xb
 799 00f1 3B       		.uleb128 0x3b
 800 00f2 05       		.uleb128 0x5
 801 00f3 49       		.uleb128 0x49
 802 00f4 13       		.uleb128 0x13
 803 00f5 3F       		.uleb128 0x3f
 804 00f6 19       		.uleb128 0x19
 805 00f7 3C       		.uleb128 0x3c
 806 00f8 19       		.uleb128 0x19
 807 00f9 00       		.byte	0
 808 00fa 00       		.byte	0
 809 00fb 14       		.uleb128 0x14
 810 00fc 34       		.uleb128 0x34
 811 00fd 00       		.byte	0
 812 00fe 03       		.uleb128 0x3
 813 00ff 0E       		.uleb128 0xe
 814 0100 3A       		.uleb128 0x3a
 815 0101 0B       		.uleb128 0xb
 816 0102 3B       		.uleb128 0x3b
 817 0103 0B       		.uleb128 0xb
 818 0104 49       		.uleb128 0x49
 819 0105 13       		.uleb128 0x13
 820 0106 3F       		.uleb128 0x3f
 821 0107 19       		.uleb128 0x19
 822 0108 3C       		.uleb128 0x3c
 823 0109 19       		.uleb128 0x19
 824 010a 00       		.byte	0
 825 010b 00       		.byte	0
 826 010c 15       		.uleb128 0x15
 827 010d 34       		.uleb128 0x34
 828 010e 00       		.byte	0
 829 010f 03       		.uleb128 0x3
 830 0110 08       		.uleb128 0x8
 831 0111 3A       		.uleb128 0x3a
 832 0112 0B       		.uleb128 0xb
 833 0113 3B       		.uleb128 0x3b
ARM GAS  C:\Users\Bruger\AppData\Local\Temp\ccFfJ69c.s 			page 30


 834 0114 0B       		.uleb128 0xb
 835 0115 49       		.uleb128 0x49
 836 0116 13       		.uleb128 0x13
 837 0117 1C       		.uleb128 0x1c
 838 0118 0B       		.uleb128 0xb
 839 0119 00       		.byte	0
 840 011a 00       		.byte	0
 841 011b 16       		.uleb128 0x16
 842 011c 2E       		.uleb128 0x2e
 843 011d 00       		.byte	0
 844 011e 3F       		.uleb128 0x3f
 845 011f 19       		.uleb128 0x19
 846 0120 03       		.uleb128 0x3
 847 0121 0E       		.uleb128 0xe
 848 0122 3A       		.uleb128 0x3a
 849 0123 0B       		.uleb128 0xb
 850 0124 3B       		.uleb128 0x3b
 851 0125 0B       		.uleb128 0xb
 852 0126 6E       		.uleb128 0x6e
 853 0127 0E       		.uleb128 0xe
 854 0128 3C       		.uleb128 0x3c
 855 0129 19       		.uleb128 0x19
 856 012a 00       		.byte	0
 857 012b 00       		.byte	0
 858 012c 00       		.byte	0
 859              		.section	.debug_aranges,"",%progbits
 860 0000 1C000000 		.4byte	0x1c
 861 0004 0200     		.2byte	0x2
 862 0006 00000000 		.4byte	.Ldebug_info0
 863 000a 04       		.byte	0x4
 864 000b 00       		.byte	0
 865 000c 0000     		.2byte	0
 866 000e 0000     		.2byte	0
 867 0010 00000000 		.4byte	.LFB148
 868 0014 2C000000 		.4byte	.LFE148-.LFB148
 869 0018 00000000 		.4byte	0
 870 001c 00000000 		.4byte	0
 871              		.section	.debug_ranges,"",%progbits
 872              	.Ldebug_ranges0:
 873 0000 00000000 		.4byte	.LFB148
 874 0004 2C000000 		.4byte	.LFE148
 875 0008 00000000 		.4byte	0
 876 000c 00000000 		.4byte	0
 877              		.section	.debug_line,"",%progbits
 878              	.Ldebug_line0:
 879 0000 4B020000 		.section	.debug_str,"MS",%progbits,1
 879      02002502 
 879      00000201 
 879      FB0E0D00 
 879      01010101 
 880              	.LASF4:
 881 0000 5F5F7569 		.ascii	"__uint8_t\000"
 881      6E74385F 
 881      7400
 882              	.LASF20:
 883 000a 73697A65 		.ascii	"size_t\000"
 883      5F7400
ARM GAS  C:\Users\Bruger\AppData\Local\Temp\ccFfJ69c.s 			page 31


 884              	.LASF22:
 885 0011 55534255 		.ascii	"USBUARTClass\000"
 885      41525443 
 885      6C617373 
 885      00
 886              	.LASF29:
 887 001e 73657475 		.ascii	"setup\000"
 887      7000
 888              	.LASF5:
 889 0024 5F5F696E 		.ascii	"__int32_t\000"
 889      7433325F 
 889      7400
 890              	.LASF25:
 891 002e 626F6F6C 		.ascii	"bool\000"
 891      00
 892              	.LASF32:
 893 0033 6C6F6F70 		.ascii	"loop\000"
 893      00
 894              	.LASF24:
 895 0038 6C6F6E67 		.ascii	"long double\000"
 895      20646F75 
 895      626C6500 
 896              	.LASF16:
 897 0044 666C6F61 		.ascii	"float\000"
 897      7400
 898              	.LASF10:
 899 004a 6C6F6E67 		.ascii	"long long unsigned int\000"
 899      206C6F6E 
 899      6720756E 
 899      7369676E 
 899      65642069 
 900              	.LASF1:
 901 0061 756E7369 		.ascii	"unsigned char\000"
 901      676E6564 
 901      20636861 
 901      7200
 902              	.LASF37:
 903 006f 55534255 		.ascii	"USBUARTClass::begin\000"
 903      41525443 
 903      6C617373 
 903      3A3A6265 
 903      67696E00 
 904              	.LASF19:
 905 0083 72656738 		.ascii	"reg8\000"
 905      00
 906              	.LASF8:
 907 0088 6C6F6E67 		.ascii	"long unsigned int\000"
 907      20756E73 
 907      69676E65 
 907      6420696E 
 907      7400
 908              	.LASF15:
 909 009a 75696E74 		.ascii	"uint8\000"
 909      3800
 910              	.LASF39:
 911 00a0 77726974 		.ascii	"write\000"
 911      6500
ARM GAS  C:\Users\Bruger\AppData\Local\Temp\ccFfJ69c.s 			page 32


 912              	.LASF33:
 913 00a6 5F5A346C 		.ascii	"_Z4loopv\000"
 913      6F6F7076 
 913      00
 914              	.LASF7:
 915 00af 5F5F7569 		.ascii	"__uint32_t\000"
 915      6E743332 
 915      5F7400
 916              	.LASF35:
 917 00ba 636F7265 		.ascii	"core\\main.cpp\000"
 917      5C6D6169 
 917      6E2E6370 
 917      7000
 918              	.LASF17:
 919 00c8 646F7562 		.ascii	"double\000"
 919      6C6500
 920              	.LASF40:
 921 00cf 5F5A4E35 		.ascii	"_ZN5Print5writeEPKcj\000"
 921      5072696E 
 921      74357772 
 921      69746545 
 921      504B636A 
 922              	.LASF41:
 923 00e4 6D61696E 		.ascii	"main\000"
 923      00
 924              	.LASF26:
 925 00e9 49544D5F 		.ascii	"ITM_RxBuffer\000"
 925      52784275 
 925      66666572 
 925      00
 926              	.LASF30:
 927 00f6 5F5A3132 		.ascii	"_Z12initTimebasev\000"
 927      696E6974 
 927      54696D65 
 927      62617365 
 927      7600
 928              	.LASF11:
 929 0108 756E7369 		.ascii	"unsigned int\000"
 929      676E6564 
 929      20696E74 
 929      00
 930              	.LASF18:
 931 0115 63686172 		.ascii	"char\000"
 931      00
 932              	.LASF12:
 933 011a 75696E74 		.ascii	"uint8_t\000"
 933      385F7400 
 934              	.LASF28:
 935 0122 696E6974 		.ascii	"initTimebase\000"
 935      54696D65 
 935      62617365 
 935      00
 936              	.LASF27:
 937 012f 53657269 		.ascii	"Serial\000"
 937      616C00
 938              	.LASF13:
 939 0136 696E7433 		.ascii	"int32_t\000"
ARM GAS  C:\Users\Bruger\AppData\Local\Temp\ccFfJ69c.s 			page 33


 939      325F7400 
 940              	.LASF21:
 941 013e 73697A65 		.ascii	"sizetype\000"
 941      74797065 
 941      00
 942              	.LASF9:
 943 0147 6C6F6E67 		.ascii	"long long int\000"
 943      206C6F6E 
 943      6720696E 
 943      7400
 944              	.LASF2:
 945 0155 73686F72 		.ascii	"short int\000"
 945      7420696E 
 945      7400
 946              	.LASF34:
 947 015f 474E5520 		.ascii	"GNU C++ 4.9.3 20150303 (release) [ARM/embedded-4_9-"
 947      432B2B20 
 947      342E392E 
 947      33203230 
 947      31353033 
 948 0192 6272616E 		.ascii	"branch revision 221220] -mcpu=cortex-m3 -mthumb -g "
 948      63682072 
 948      65766973 
 948      696F6E20 
 948      32323132 
 949 01c5 2D4F3320 		.ascii	"-O3 -ffunction-sections -finline-functions -flto -f"
 949      2D666675 
 949      6E637469 
 949      6F6E2D73 
 949      65637469 
 950 01f8 6661742D 		.ascii	"fat-lto-objects\000"
 950      6C746F2D 
 950      6F626A65 
 950      63747300 
 951              	.LASF31:
 952 0208 5F5A3573 		.ascii	"_Z5setupv\000"
 952      65747570 
 952      7600
 953              	.LASF38:
 954 0212 5F5A4E31 		.ascii	"_ZN12USBUARTClass5beginEm\000"
 954      32555342 
 954      55415254 
 954      436C6173 
 954      73356265 
 955              	.LASF14:
 956 022c 75696E74 		.ascii	"uint32_t\000"
 956      33325F74 
 956      00
 957              	.LASF6:
 958 0235 6C6F6E67 		.ascii	"long int\000"
 958      20696E74 
 958      00
 959              	.LASF36:
 960 023e 433A5C55 		.ascii	"C:\\Users\\Bruger\\OneDrive\\Skrivebord\\CODE\\PSOC"
 960      73657273 
 960      5C427275 
 960      6765725C 
ARM GAS  C:\Users\Bruger\AppData\Local\Temp\ccFfJ69c.s 			page 34


 960      4F6E6544 
 961 026b 355C4359 		.ascii	"5\\CY8CKIT-59-Arduino\\CY8CKIT59_Ardudino-Speeduino"
 961      38434B49 
 961      542D3539 
 961      2D417264 
 961      75696E6F 
 962 029c 2E637964 		.ascii	".cydsn\000"
 962      736E00
 963              	.LASF0:
 964 02a3 7369676E 		.ascii	"signed char\000"
 964      65642063 
 964      68617200 
 965              	.LASF3:
 966 02af 73686F72 		.ascii	"short unsigned int\000"
 966      7420756E 
 966      7369676E 
 966      65642069 
 966      6E7400
 967              	.LASF23:
 968 02c2 5072696E 		.ascii	"Print\000"
 968      7400
 969              		.comm	__gnu_lto_v1,1,1
 970              		.ident	"GCC: (GNU Tools for ARM Embedded Processors) 4.9.3 20150303 (release) [ARM/embedded-4_9-br
