ARM GAS  C:\Users\Bruger\AppData\Local\Temp\ccepAVrS.s 			page 1


   1              		.syntax unified
   2              		.cpu cortex-m3
   3              		.fpu softvfp
   4              		.eabi_attribute 20, 1
   5              		.eabi_attribute 21, 1
   6              		.eabi_attribute 23, 3
   7              		.eabi_attribute 24, 1
   8              		.eabi_attribute 25, 1
   9              		.eabi_attribute 26, 1
  10              		.eabi_attribute 30, 2
  11              		.eabi_attribute 34, 1
  12              		.eabi_attribute 18, 4
  13              		.thumb
  14              		.file	"Millis_Counter_PM.c"
  15              		.text
  16              	.Ltext0:
  17              		.section	.gnu.lto_.profile.24c031b8,"",%progbits
  18 0000 789C6366 		.ascii	"x\234cf```a\200\000F\206\014\031\000\001`\000\215"
  18      60606061 
  18      80004686 
  18      0C190001 
  18      60008D
  19              		.text
  20              		.section	.gnu.lto_.jmpfuncs.24c031b8,"",%progbits
  21 0000 789C6366 		.ascii	"x\234cf\300\016\244\2404\013\230db``\004#f\204\030\000"
  21      C00EA4A0 
  21      340B9864 
  21      62606004 
  21      23668418 
  22 0015 0544002D 		.ascii	"\005D\000-"
  23              		.text
  24              		.section	.gnu.lto_.inline.24c031b8,"",%progbits
  25 0000 789C6366 		.ascii	"x\234cf\300\016\252\2404\013\003\003\247\024#\003\023"
  25      C00EAAA0 
  25      340B0303 
  25      A7142303 
  25      13
  26 0011 CB027906 		.ascii	"\313\002y\006\266\005\362L 1&n8\201]\222q\202\037\224"
  26      B605F24C 
  26      2031266E 
  26      38815D92 
  26      71821F94 
  27 0025 6266E002 		.ascii	"bf\340\002)\340\332g\007W\300\310\005#X\0308\004\201"
  27      29E0DA67 
  27      0757C0C8 
  27      05235818 
  27      380481
  28 0038 926C1FF4 		.ascii	"\222l\037\364\260H2\000\000\232\325\012\004"
  28      B0483200 
  28      009AD50A 
  28      04
  29              		.text
  30              		.section	.gnu.lto_.pureconst.24c031b8,"",%progbits
  31 0000 789C6366 		.ascii	"x\234cf``\340d\200\000\026\006\011&\011f)\026\011\000"
  31      6060E064 
  31      80001606 
  31      09260966 
ARM GAS  C:\Users\Bruger\AppData\Local\Temp\ccepAVrS.s 			page 2


  31      29160900 
  32 0014 02B7007C 		.ascii	"\002\267\000|"
  33              		.text
  34              		.section	.gnu.lto_Millis_Counter_SaveConfig.24c031b8,"",%progbits
  35 0000 789C7D90 		.ascii	"x\234}\220\275K\003A\020\305\347\355\231\3634\215X\346"
  35      BD4B0341 
  35      10C5E7ED 
  35      99F3348D 
  35      58E6
  36 0012 1F482167 		.ascii	"\037H!gg\251M\012A\010\004\322\006\202\304+\002!\201"
  36      67A94D0A 
  36      410804D2 
  36      0682C42B 
  36      022181
  37 0025 98942177 		.ascii	"\230\224!w\232\302J\203\225\340\007(\210\321|\251\275"
  37      9AC24A83 
  37      95E00728 
  37      88D17CA9 
  37      BD
  38 0036 70D68222 		.ascii	"p\326\202\")\204(\332D\320\316x\205\034\022\343\354"
  38      298428DA 
  38      44D0CE78 
  38      851C12E3 
  38      EC
  39 0047 A54BC485 		.ascii	"\245K\304\205\331\235\335y\373\346\267\253\320\350\010"
  39      D99DDD79 
  39      FBE6B7AB 
  39      D0E808
  40 0056 70D441A4 		.ascii	"p\324A\244\363\012\205 \312\267D\226&\000\231\020\250"
  40      F30A8520 
  40      CAB74496 
  40      26009910 
  40      A8
  41 0067 2850C4BB 		.ascii	"(P\304\273\350\012\224\355\352\216?xl\232\346\307\321"
  41      E80A94ED 
  41      EA8E3F78 
  41      6C9AE6C7 
  41      D1
  42 0078 8D15B1E1 		.ascii	"\215\025\261\341\012\"G\014|p\202 \261\250[\352=\370"
  42      0A22470C 
  42      7C708220 
  42      B1A85BEA 
  42      3DF8
  43 008a D5128BA6 		.ascii	"\325\022\213\246\0065T\240\262?5\247m\263\337w\352\327"
  43      063554A0 
  43      B23F35A7 
  43      6DB3DF77 
  43      EAD7
  44 009c 6D680AB9 		.ascii	"mh\012\271\002*O,\350p\310V\257\274\341Uy\302\272}\305"
  44      022A4F2C 
  44      E870C856 
  44      AFBCE155 
  44      79C2BA7D 
  45 00b1 467CED4B 		.ascii	"F|\355K(\234\034\2646\033\242\360mn\230\232+\024G\260"
  45      289C1CB4 
  45      361BA2F0 
  45      6D6E989A 
ARM GAS  C:\Users\Bruger\AppData\Local\Temp\ccepAVrS.s 			page 3


  45      2B1447B0 
  46 00c5 194E51E0 		.ascii	"\031NQ\340\333c\324\306\332\366\241.\265\303B_O6\347"
  46      DB63D4C6 
  46      DAF6A12E 
  46      B5C3425F 
  46      4F36E7
  47 00d8 D397CEDD 		.ascii	"\323\227\316\335\275\366&\370\304\333V\254\322\036\366"
  47      BDF626F8 
  47      C4DB56AC 
  47      D21EF6
  48 00e7 B16B9952 		.ascii	"\261k\231R\245\342\014\005T\021\360j?\265\255KU\257"
  48      A5E20C05 
  48      5411F06A 
  48      3FB5AD4B 
  48      55AF
  49 00f9 32BBBDE0 		.ascii	"2\273\275\340\212q\324X\370\351\275\017u\350LC\022\256"
  49      8A71D458 
  49      F8E9BD0F 
  49      75E84C43 
  49      12AE
  50 010b D5550670 		.ascii	"\325U\006p#=5G>\010\015\017nb\0007\377/\3340M\363o\232"
  50      233D3547 
  50      3E080D0F 
  50      6E620037 
  50      FF2FDC30 
  51 0123 25574CE2 		.ascii	"%WL\342\334\243\221_\211\013I\243\3223,\373\321'\033"
  51      DCA3915F 
  51      890B49A3 
  51      D2332CFB 
  51      D1271B
  52 0136 48C60ED7 		.ascii	"H\306\016\327\370\003\331yf\321H\033\331\345\234\261"
  52      F803D979 
  52      66D1481B 
  52      D9E59CB1 
  53 0146 128F66F2 		.ascii	"\022\217f\362\331\204\021\213D3\241\271X8\231J%W\343"
  53      D984118B 
  53      4433A1B9 
  53      5838994A 
  53      2557E3
  54 0159 A14C3E9D 		.ascii	"\241L>\2353\262\361Hx6A\277\002\324\250y"
  54      33B2F148 
  54      783641BF 
  54      02D4A879 
  55              		.text
  56              		.section	.gnu.lto_Millis_Counter_RestoreConfig.24c031b8,"",%progbits
  57 0000 789C7D90 		.ascii	"x\234}\220\317K\002Q\020\307\347;\273m[^\242S\370\017"
  57      CF4B0251 
  57      10C7E73B 
  57      BB6D5B5E 
  57      A253F80F 
  58 0014 7810BBF5 		.ascii	"x\020\273\365\027\010u\022\004\257\202\204\355A\020"
  58      17087512 
  58      04AF8284 
  58      ED4110
  59 0023 05D3A3B8 		.ascii	"\005\323\243\270\033\006\235\312nA?\240 \2624\315\202"
  59      1B069DCA 
  59      6E413FA0 
ARM GAS  C:\Users\Bruger\AppData\Local\Temp\ccepAVrS.s 			page 4


  59      20B234CD 
  59      82
  60 0034 CEFE0325 		.ascii	"\316\376\003%R\020T\324\305\240n\331\036b\011\263\367"
  60      521054D4 
  60      C5A06ED9 
  60      1E6209B3 
  60      F7
  61 0045 D64EF6E3 		.ascii	"\326N\366\343\301\274y3\363}3\037F\241\237\307+l\027"
  61      C1BC7933 
  61      F37D331F 
  61      46A19FC7 
  61      2B6C17
  62 0058 4401E1A1 		.ascii	"D\001\341\241\020\270tId\351\014\310\007\201\012\214"
  62      10B87449 
  62      64E90CC8 
  62      07810A8C 
  63 0068 025EB8CB 		.ascii	"\002^\270\313(5+\033\036\337\276i\232\257{gS\313S\016"
  63      28352B1B 
  63      1EDFBE69 
  63      9AAF7B67 
  63      53CB530E 
  64 007c 13D93C68 		.ascii	"\023\331<h\203\003\370Hh\272\305\336\215G+\012\315\304"
  64      8303F848 
  64      68BAC5DE 
  64      8D472B0A 
  64      CDC4
  65 008e A0863234 		.ascii	"\240\20624\321\236\352\223M\263\337\267/\326\313~hL"
  65      D19EEA93 
  65      4DB3DFB7 
  65      2FD6CB7E 
  65      684C
  66 00a0 0E431597 		.ascii	"\016C\025\227Pt\204\311QO\"\020^\271\305\322y\243e)"
  66      507484C9 
  66      514F2210 
  66      5EB9C5D2 
  66      79A36529 
  67 00b4 F2E33BCB 		.ascii	"\362\343;\313\271;W\2535\316\177\230+\246\356\260\322"
  67      B93B57AB 
  67      35CE7F98 
  67      2BA6EEB0 
  67      D2
  68 00c5 935D45F6 		.ascii	"\223]E\366\261\323j\353\317,2nX\266\212[\330\306\246"
  68      B1D36AEB 
  68      CF2C326E 
  68      58B68A5B 
  68      D8C6A6
  69 00d8 654A958A 		.ascii	"eJ\225\212C\344q\004\257[\373\254\256\235j\001\277\303"
  69      43E47104 
  69      AF5BFBAC 
  69      AE9D6A01 
  69      BFC3
  70 00ea 23A808CD 		.ascii	"#\250\010\315\233\313\214*\002t\017U\316\241\341)\232"
  70      9BCB8C2A 
  70      02740F55 
  70      CEA1E129 
  70      9A
  71 00fb CD021AC7 		.ascii	"\315\002\032\307\310\223`px\224$V\367\272\375\215\245"
ARM GAS  C:\Users\Bruger\AppData\Local\Temp\ccepAVrS.s 			page 5


  71      C8936070 
  71      78942456 
  71      F7BAFD8D 
  71      A5
  72 010c FE8935CC 		.ascii	"\376\2115\314Q\373\215CG\335\345\220\213\301\311?\034"
  72      51FB8D43 
  72      47DDE590 
  72      8BC1C93F 
  72      1C
  73 011d 63B65C11 		.ascii	"c\266\\\021\032.\207\352\3608=\300j\336\315\272b\222"
  73      1A2E87EA 
  73      F0383DC0 
  73      6ADECDBA 
  73      6292
  74 012f CB835C9A 		.ascii	"\313\203\\\232\320\370\347\214\224\221\231\317\032\013"
  74      D0F8E78C 
  74      949199CF 
  74      1A0B
  75 013d B1483A97 		.ascii	"\261H:\227\211\033\321p$\035\234\211\206\022\311db1"
  75      891BD170 
  75      241D9C89 
  75      8612C964 
  75      6231
  76 014f 164CE752 		.ascii	"\026L\347RY#\023\013\207\246\343\364\005\367\327\236"
  76      5923130B 
  76      87A6E3F4 
  76      05F7D79E 
  77 015f CC       		.ascii	"\314"
  78              		.text
  79              		.section	.gnu.lto_Millis_Counter_Sleep.24c031b8,"",%progbits
  80 0000 789C8592 		.ascii	"x\234\205\222Oh\023A\024\306\337\367vv\223\266Z\305"
  80      4F681341 
  80      14C6DFF7 
  80      767693B6 
  80      5AC5
  81 0012 53E9D14B 		.ascii	"S\351\321K\017\022o\036\245\207\036\204B\241\320k!H"
  81      0F126F1E 
  81      A5871E84 
  81      42A1D06B 
  81      2148
  82 0024 DD43A124 		.ascii	"\335C\241$\022\333c\350l\262\242x\320T/A\21575\232\332"
  82      12DB63E8 
  82      6CB2A278 
  82      D0542F41 
  82      8D37359A 
  83 0039 D656EB41 		.ascii	"\326V\353A\017\213\027A\374C\021Q\212D\224\026\364\240"
  83      0F8B1741 
  83      FC431151 
  83      8A449416 
  83      F4A0
  84 004b A4ADD62E 		.ascii	"\244\255\326.Z\343\233M\324RQ\027fg\346\315o\276\357"
  84      5AE39B4D 
  84      D4525117 
  84      6667E6CD 
  84      6FBEEF
  85 005e DB99B5E8 		.ascii	"\333\231\265\350\317\347\240\264\243L\224\220\036\016"
  85      CFE7A0B4 
ARM GAS  C:\Users\Bruger\AppData\Local\Temp\ccepAVrS.s 			page 6


  85      A34C9490 
  85      1E0E
  86 006c 810B4F88 		.ascii	"\201\013O\210\2748\263\265\321N\272U\025\273I\357\260"
  86      BC38B3B5 
  86      D14EBA55 
  86      15BB49EF 
  86      B0
  87 007d 6037CAEA 		.ascii	"`7\312\352\347\300\006\314\200@\343l)\033\343x\317+"
  87      E7C006CC 
  87      8040E36C 
  87      291BE378 
  87      CF2B
  88 008f 8C425029 		.ascii	"\214BP)\266u]\326Z\327\316\336\3558\336\021\212\362"
  88      B6755DD6 
  88      5AD7CEDE 
  88      ED38DE11 
  88      8AF2
  89 00a1 1A379C70 		.ascii	"\0327\234p\025]$\314\212\277\371\242\315\361\205\331"
  89      155D24CC 
  89      8ABFF9A2 
  89      CDF185D9 
  90 00b1 DD584319 		.ascii	"\335XC\031\016\244\237\336\023\350z}\356\303Dy/\267"
  90      0EA49FDE 
  90      13E87A7D 
  90      EEC34479 
  90      2FB7
  91 00c3 58143294 		.ascii	"X\0242\224\274\204X\222f\334\226e\"\275\265\210\373"
  91      BC845892 
  91      66DC9665 
  91      22BDB588 
  91      FB
  92 00d4 EBA73E96 		.ascii	"\353\247>\226\346av~aKD\363/\357\255\362;\016\331\372"
  92      E661767E 
  92      614B44F3 
  92      2FEFADF2 
  92      3B0ED9FA 
  93 00e8 FCD0D3CA 		.ascii	"\374\320\323\312\370\274^z\272\020\217Jd\246o\037Ws"
  93      F8BC5E7A 
  93      BA108F4A 
  93      64A66F1F 
  93      5773
  94 00fa B1122E78 		.ascii	"\261\022.x>BV\270\206N\\G\247\270WP\002-\"W=\361M5\004"
  94      3E4256B8 
  94      864E5C47 
  94      A7B85750 
  94      022D2257 
  95 0113 9568D273 		.ascii	"\225h\322s\370\217\362\251fa\253\234\204\301\244\331"
  95      F88FF2A9 
  95      6661AB9C 
  95      84C1A4D9 
  96 0123 49269145 		.ascii	"I&\221E\033\355\022(W\233\371\364f\247\241\005\275\364"
  96      1BED1228 
  96      579BF9F4 
  96      66A7A105 
  96      BDF4
  97 0135 ECF41467 		.ascii	"\354\364\024g\277\352\223:\036\262\275i\276q\253\200"
  97      BFEA933A 
ARM GAS  C:\Users\Bruger\AppData\Local\Temp\ccepAVrS.s 			page 7


  97      1EB2BD69 
  97      BE71AB80 
  98 0145 1D4DCB9E 		.ascii	"\035M\313\236\177\021&\2176\224\203\033\310b\312\310"
  98      7F11268F 
  98      3694831B 
  98      C862CAC8 
  99 0155 CADAF7C9 		.ascii	"\312\332\367\3113\263N\242\"G\024\364\206\034\303\264"
  99      33B34EA2 
  99      224714F4 
  99      861CC3B4 
 100 0165 80ABD131 		.ascii	"\200\253\3211b\006\011\001\026\316_\311\3572Z1\020n"
 100      62060901 
 100      16CE5FC9 
 100      EF325A31 
 100      106E
 101 0177 46619659 		.ascii	"Fa\226YQ\261;\212R[\377O\224\355\336\263\377\360\236"
 101      51B13B8A 
 101      525BFF4F 
 101      94EDDEB3 
 101      FFF09E
 102 018a FBED7D2B 		.ascii	"\373\355}+\362\376\365\0351)\335nz\333\321\305\274B"
 102      F2FEF51D 
 102      3129DD6E 
 102      7ADBD1C5 
 102      BC42
 103 019c 3EA83F60 		.ascii	">\250?`\343M\333\315\343k,\227\214yd\345R[\310\240\205"
 103      E34DDBCD 
 103      E36B2C97 
 103      8C7964E5 
 103      525BC8A0 
 104 01b1 D6BF91E6 		.ascii	"\326\277\221\346\214\3574\311*\274\340\\oD\222\371\027"
 104      8CEF34C9 
 104      2ABCE05C 
 104      6F4492F9 
 104      17
 105 01c2 60AC04D8 		.ascii	"`\254\004\330w\310M\271\231\303\243\356\221\344@z,3"
 105      77C84DB9 
 105      99C3A3EE 
 105      91E4407A 
 105      2C33
 106 01d4 E40EF60F 		.ascii	"\344\016\366\017\244{\016\014\366\015\217\214\014\037"
 106      A47B0E0C 
 106      F60D8F8C 
 106      0C1F
 107 01e2 4BF6A4C7 		.ascii	"K\366\244\307R\243n&\331\337\267\177\210~\000\271\003"
 107      52A36E26 
 107      D9DFB77F 
 107      887E00B9 
 107      03
 108 01f3 F386     		.ascii	"\363\206"
 109              		.text
 110              		.section	.gnu.lto_Millis_Counter_Wakeup.24c031b8,"",%progbits
 111 0000 789C7550 		.ascii	"x\234uP\275K\202A\034\376=\277\367z\261\017*\232\244"
 111      BD4B8241 
 111      1CFE3DBF 
 111      F77AB10F 
 111      2A9AA4
ARM GAS  C:\Users\Bruger\AppData\Local\Temp\ccepAVrS.s 			page 8


 112 0013 7FA0416C 		.ascii	"\177\240Al(Z[\032\032B\010\\\005\211z\007A\024L\333"
 112      285A5B1A 
 112      1A42085C 
 112      05897A07 
 112      41144CDB 
 113 0027 C4B3DEA0 		.ascii	"\304\263\336\240\251\302\226\240l\213,\373 \207f\247"
 113      A9C296A0 
 113      6C8B2CFB 
 113      208766A7 
 114 0037 02872222 		.ascii	"\002\207\"\"\212\350\003\242\300\266\314!$\314\356^"
 114      8AE803A2 
 114      C0B6CC21 
 114      24CCEE5E 
 115 0047 83A0E8E0 		.ascii	"\203\240\350\340\370\335=\367|\360\234A\177\327\240"
 115      F8DD3DF7 
 115      7CF09C41 
 115      7FD7A0
 116 0056 DA3320F2 		.ascii	"\3323 \362\252\211\026\002/\237\022\245]\314\306q\027"
 116      AA891602 
 116      2F9F12A5 
 116      5DCCC671 
 116      17
 117 0067 C936511A 		.ascii	"\3116Q\032&\331a@4a\001\350\003\201Rl\010\244\360\302"
 117      26D96140 
 117      346101E8 
 117      0381526C 
 117      08A4F0C2 
 118 007b 15C67231 		.ascii	"\025\306r1\277\332\336\267)\245|}\274t\317\273kLT\345"
 118      BFDADEB7 
 118      29A57C7D 
 118      BC74CFBB 
 118      6B4C54E5 
 119 008f A63FB6D0 		.ascii	"\246?\266\320G\212S\261\353W\355\246\2558\335\3157\344"
 119      478A53B1 
 119      EB57EDA6 
 119      AD38DDCD 
 119      37E4
 120 00a1 60AA5C3A 		.ascii	"`\252\\:\350)\312F\243z\225\311\015\260)\250\306\012"
 120      E829CA46 
 120      A37A95C9 
 120      0DB029A8 
 120      C60A
 121 00b3 7C52049D 		.ascii	"|R\004\235\363\314\254\247q\213\271b\245\304Z\242\275"
 121      F3CCACA7 
 121      718BB962 
 121      A5C45AA2 
 121      BD
 122 00c4 362E16F7 		.ascii	"6.\026\3679\371!\027\244\253\306\\\325\012l#\251\264"
 122      39F92117 
 122      A4ABC65C 
 122      D50A6C23 
 122      A9B4
 123 00d6 06DD60F6 		.ascii	"\006\335`\366\350\360.\323\252\271\357,~\263E]g+\364"
 123      E8F02ED3 
 123      AAB9EF2C 
 123      7EB3455D 
 123      672BF4
ARM GAS  C:\Users\Bruger\AppData\Local\Temp\ccepAVrS.s 			page 9


 124 00e9 E1E9ECDC 		.ascii	"\341\351\354\334Uf\2058\327\\\332^G\026ki\251Y-\330"
 124      55668538 
 124      D75CDA5E 
 124      47166B69 
 124      A9592DD8 
 125 00fd 411279F4 		.ascii	"A\022y\364:o\237\273K\005\323\353\251\261\211]\305y"
 125      3A6F9FBB 
 125      4B05D3EB 
 125      A9B1895D 
 125      C579
 126 010f 739A610F 		.ascii	"s\232a\017^\272\204}=\027\371\211:\311\226\013B\233"
 126      5EBA847D 
 126      3D17F989 
 126      3AC9960B 
 126      429B
 127 0121 02847D2D 		.ascii	"\002\204}-']\302\240\343.\247\303G\251\363\277\016\312"
 127      275DC2A0 
 127      E32EA7C3 
 127      47A9F3BF 
 127      0ECA
 128 0133 1407DF1D 		.ascii	"\024\007\337\035\264F8\305\357\221.\256\2149\032\322"
 128      B44638C5 
 128      EF912EAE 
 128      8C391AD2 
 129 0143 DF028D2A 		.ascii	"\337\002\215*\252g\324\212X\261\211\2705\025\364G\023"
 129      AA67D48A 
 129      58B189B8 
 129      3515F447 
 129      13
 130 0154 B1492B30 		.ascii	"\261I+0\356\217\216\014\005|\241p84\035\034\211&\"q"
 130      EE8F8E0C 
 130      057CA170 
 130      38341D1C 
 130      89262271 
 131 0168 2B161CF7 		.ascii	"+\026\034\367\365O\322\027\345o\226="
 131      F54FD217 
 131      E56F963D 
 132              		.text
 133              		.section	.gnu.lto_.symbol_nodes.24c031b8,"",%progbits
 134 0000 789C55CF 		.ascii	"x\234U\317\301\015\3020\014F\341\027;m\223\316\300\256"
 134      C10DC230 
 134      0C46E117 
 134      3B6D93CE 
 134      C0AE
 135 0012 7F0F1D80 		.ascii	"\177\017\035\200\011P\205X\203[\317\314\000\2109\020"
 135      09508558 
 135      835BCFCC 
 135      00883910 
 136 0022 69E16072 		.ascii	"i\341`ry\372\354\213\343\300\223\337\263$8\336@\342"
 136      79FAEC8B 
 136      E3C093DF 
 136      B32438DE 
 136      40E2
 137 0034 B4143A58 		.ascii	"\264\024:XLn\246\024\307\346\262?gyt\352\225\277f\232"
 137      4C6EA614 
 137      C7E6B23F 
 137      677974EA 
ARM GAS  C:\Users\Bruger\AppData\Local\Temp\ccepAVrS.s 			page 10


 137      95BF669A 
 138 0048 1A3B7591 		.ascii	"\032;u\221E}\344\240!\262\252D\216\252\201N\317\345"
 138      457DE4A0 
 138      21B2AA44 
 138      8EAA814E 
 138      CFE5
 139 005a FE4EDE4E 		.ascii	"\376N\336N{m\265\302\272w`~\264ze\335\333~\2655\033"
 139      7B6DB5C2 
 139      BA77607E 
 139      B47A65DD 
 139      DB7EB535 
 140 006f E76D9F47 		.ascii	"\347m\237G\346\353\201\017I\340;G"
 140      E6EB810F 
 140      49E03B47 
 141              		.text
 142              		.section	.gnu.lto_.refs.24c031b8,"",%progbits
 143 0000 789C25C7 		.ascii	"x\234%\307\301\021\000 \020\203@H\3166\354\277Lu\344"
 143      C1110020 
 143      10834048 
 143      CE36ECBF 
 143      4C75E4
 144 0013 B514D8FC 		.ascii	"\265\024\330\374\202F'\017\330\364\216.\007\303\001"
 144      8246270F 
 144      D8F48E2E 
 144      07C301
 145 0022 07DF0052 		.ascii	"\007\337\000R"
 146              		.text
 147              		.section	.gnu.lto_.decls.24c031b8,"",%progbits
 148 0000 789C8D55 		.ascii	"x\234\215UkL\024W\024\236\263wY`\330bSZl\267M\004L\210"
 148      6B4C1457 
 148      149EB377 
 148      5960D862 
 148      535A6CB7 
 149 0018 6DAD316D 		.ascii	"m\2551m\232\370\257&\244\261icK$\246?jb\021\247J$@\226"
 149      9AF8AF26 
 149      A4B16963 
 149      4B24A63F 
 149      6A6211A7 
 150 0030 A589BF3A 		.ascii	"\245\211\277:<\224\227Z\330\226\212\220\350\332\305"
 150      3C94975A 
 150      D8968A90 
 150      E8DAC5
 151 003f E20370C5 		.ascii	"\342\003p\305\027/\335\345\215 (\025\221E\224\005*\202"
 151      172FDDE5 
 151      8D202815 
 151      91459405 
 151      2A82
 152 0051 688A95FA 		.ascii	"h\212\225\372\216\333s\357\314\2603+4N\362\355\316\275"
 152      8EDB73EF 
 152      CCB0332B 
 152      344EF2ED 
 152      CEBD
 153 0063 F39DEF9C 		.ascii	"\363\235\357\234\357\334;w\010\307q\255\300q^\274\236"
 153      EFDC3B77 
 153      08C771AD 
 153      C0715EBC 
 153      9E
ARM GAS  C:\Users\Bruger\AppData\Local\Temp\ccepAVrS.s 			page 11


 154 0074 07719C4E 		.ascii	"\007q\234N\307q\0018\027\313\371.\036Q\211\250F8\020"
 154      C7710138 
 154      17CBF92E 
 154      1E5189A8 
 154      463810
 155 0087 35887A44 		.ascii	"5\210zD3\242\035\321\205\270\210\350E\240\024w\223\323"
 155      33A21DD1 
 155      85B888E8 
 155      45A01477 
 155      93D3
 156 0099 5E343644 		.ascii	"^46D\326\214D\204#F\020.\204\0071\214p\"F\021\265\210"
 156      D68C4484 
 156      2346102E 
 156      8407318C 
 156      70224611 
 157 00af 33082C83 		.ascii	"3\010,\203\033@\014\"\210\254\321,\347\235/G\365<9\324"
 157      1B400C22 
 157      88ACD12C 
 157      E79D2F47 
 157      F53C39D4 
 158 00c3 DA63884E 		.ascii	"\332c\210NY{\234z\236'G\265\354\245}\201\034\016\271"
 158      597B9C7A 
 158      9E2747B5 
 158      ECA57D81 
 158      1C0EB9
 159 00d6 17B1B2FE 		.ascii	"\027\261\262\376-\3044bJ\225\213\352\337E\034\2215\334"
 159      2DC43462 
 159      4A958BEA 
 159      DF451C91 
 159      35DC
 160 00e8 B2B643EE 		.ascii	"\262\266C\356Q\345\002\332\264\247\201*mEC\255\253\326"
 160      51E502DA 
 160      B4A7812A 
 160      6D4543AD 
 160      ABD6
 161 00fa AB91EB5D 		.ascii	"\253\221\353]\250\347\367uPW=\333\0232\251\203P>\202"
 161      A8E7F775 
 161      50573DDB 
 161      1332A983 
 161      503E82
 162 010d 0EEBAD9D 		.ascii	"\016\353\255\235%\006\034\032y=\0356<\033\353\327/."
 162      25061C1A 
 162      793D1D36 
 162      3C1BEBD7 
 162      2F2E
 163 011f 16F12ACC 		.ascii	"\026\361*\314\022_\327Cl8T\200\011\016\203\011\025\217"
 163      125FD743 
 163      6C385480 
 163      090E8309 
 163      158F
 164 0131 C062FCFD 		.ascii	"\300b\374\375N/)]\372\345\236\307@t@\357\355%\243\375"
 164      4E2F295D 
 164      FAE59EC7 
 164      407440EF 
 164      ED25A3FD 
 165 0145 FCF2A318 		.ascii	"\374\362\243\030\226+\272<\304\227n\366\212\353\251"
 165      962BBA3C 
ARM GAS  C:\Users\Bruger\AppData\Local\Temp\ccepAVrS.s 			page 12


 165      C4976EF6 
 165      8AEBA9
 166 0154 2162BFE8 		.ascii	"!b\277\350q\314t\237r\033\305N\321\345\365~\306\244"
 166      71CC749F 
 166      721BC54E 
 166      D1E5F57E 
 166      C6A4
 167 0166 E0281038 		.ascii	"\340(\0208\006\313)\223\336\263\020\250\204\010\014"
 167      06CB2993 
 167      DEB310A8 
 167      84080C
 168 0175 7B5E96B9 		.ascii	"{^\226\271[O\276a\332\273\354\017\355\222\204\255\324"
 168      5B4FBE61 
 168      DABBEC0F 
 168      ED9284AD 
 168      D4
 169 0186 6E900458 		.ascii	"n\220\004X|\225*\276J\211\257f\361\015\373\037\034\010"
 169      7C952ABE 
 169      4A89AF66 
 169      F10DFB1F 
 169      1C08
 170 0198 24492CBE 		.ascii	"$I,\276\263\357@\277\021\343m\016\233[\023\177\\\025"
 170      B3EF40BF 
 170      11E36D0E 
 170      9B5B137F 
 170      5C15
 171 01aa 7F5C8977 		.ascii	"\177\\\211w\260x\353\331\326\001\035\311\000&0\356\264"
 171      B078EBD9 
 171      D6011DC9 
 171      002630EE 
 171      B4
 172 01bb CE802450 		.ascii	"\316\200$P}H-pB%pB\021\250a\002\003\316\234\234 \262"
 172      7D482D70 
 172      42257042 
 172      11A86102 
 172      03CE9C9C 
 173 01d1 5712C8F8 		.ascii	"W\022\310\370\243aW 69\234g=\331\323]\332D\330\320K"
 173      A3615720 
 173      36399C67 
 173      3DD9D35D 
 173      DA44D8D0 
 174 01e6 1FEBDCEE 		.ascii	"\037\353\334\356_\237\020\340\243sE1S\234\261\212\344"
 174      5F9F10E0 
 174      A3734531 
 174      539CB18A 
 174      E4
 175 01f7 6D0E969B 		.ascii	"m\016\226\233\340}\023\007g!\032i,\011\234\302u8\215"
 175      E07D1307 
 175      67211A69 
 175      2C099CC2 
 175      75388D
 176 020a EB508E5D 		.ascii	"\353P\216]\2369\267\343\374\227Y\342j8\003<\234\234"
 176      9E39B7E3 
 176      FC9759E2 
 176      6A38033C 
 176      9C9C
 177 021c 2B836590 		.ascii	"+\203e\220;\237\227\355 \352\225\244L\337R\326j\226"
ARM GAS  C:\Users\Bruger\AppData\Local\Temp\ccepAVrS.s 			page 13


 177      3B9F97ED 
 177      20EA95A4 
 177      4CDF52D6 
 177      6A96
 178 022e 72F6802D 		.ascii	"r\366\200-\233\020\247T\355\213\226\333\023A\264\337"
 178      9B10A754 
 178      ED8B96DB 
 178      1341B4DF 
 179 023e E24C57C5 		.ascii	"\342LW\305\364\326\242\254\302r\321\343\365.aAP\247"
 179      F4D6A2AC 
 179      C272D1E3 
 179      F52E6141 
 179      50A7
 180 0250 F25CA778 		.ascii	"\362\\\247x\256g\236G\007\2575\006\222\002\235\306s"
 180      AE679E47 
 180      07AF3506 
 180      92029DC6 
 180      73
 181 0261 A4E479A4 		.ascii	"\244\344y\244\354Iy0\033\3223e\021\265\335\320l\355"
 181      EC497930 
 181      1BD23365 
 181      11B5DDD0 
 181      6CED
 182 0273 E3219A97 		.ascii	"\343!\232\227\374\264I~\234Xe\203\317O\244\354\207\265"
 182      FCB4497E 
 182      9C586583 
 182      CF4FA4EC 
 182      87B5
 183 0285 067D0477 		.ascii	"\006}\004w\206rs.\340<v'R\356N#N\236\303I\314UYS<\241"
 183      8672732E 
 183      E03C7627 
 183      52EE4E23 
 183      4E9EC349 
 184 029f 535B776A 		.ascii	"S[wj\254\2734\326\333\272\372\006\003\210U*\272\367"
 184      ACBB34D6 
 184      DBBAFA06 
 184      0388552A 
 184      BAF7
 185 02b1 C8E42950 		.ascii	"\310\344)P\254\377\375\205\312:\006A\223\312z\223b\275"
 185      ACFFFD85 
 185      CA3A0641 
 185      93CA7A93 
 185      62BD
 186 02c3 99592FDC 		.ascii	"\231Y/\334\321T\250\327\343\321\301\332\374\035{\227"
 186      D154A8D7 
 186      E3D1C1DA 
 186      FC1D7B97 
 187 02d3 FEF58E1E 		.ascii	"\376\365\216\036\322-\370.\265\262*Z@.\303m}v'\204T"
 187      D22DF82E 
 187      B5B22A5A 
 187      402EC36D 
 187      7D762784 
 188 02e8 4965D49C 		.ascii	"Ie\324\234ni\341Y\031\236j{\207\321\246\2744\030\003"
 188      6E69E159 
 188      199E6A7B 
 188      87D1A6BC 
 188      341803
ARM GAS  C:\Users\Bruger\AppData\Local\Temp\ccepAVrS.s 			page 14


 189 02fb 6DAA22DA 		.ascii	"m\252\"\332\224\"\332Y\021\245\373\334\"\260\"\234s"
 189      9422DA59 
 189      11A5FBDC 
 189      22B0229C 
 189      73
 190 030c 454C5E6E 		.ascii	"EL^n\374h\301\032:Y\015\035J\015#U97BH\237T\303`\376"
 190      FC68C11A 
 190      3A590D1D 
 190      4A0D2355 
 190      39374248 
 191 0325 EED90056 		.ascii	"\356\331\000V\203\255\336\2763B\336\365\030\001\027"
 191      83ADDEBE 
 191      3342DEF5 
 191      180117
 192 0334 54155C50 		.ascii	"T\025\\P*\350b\025\324\236\273V\030J\356I\012e\315\216"
 192      2AE86215 
 192      D49EBB56 
 192      184AEE49 
 192      0A65CD8E 
 193 0348 FBB28BC3 		.ascii	"\373\262\213\303\366v\237\013\372\346t\2534\272\025"
 193      F6769F0B 
 193      FAE674AB 
 193      34BA15
 194 0357 8D8B4CA3 		.ascii	"\215\213L\243\250\361\302u=\311 L\243rx6Z\222\230j\021"
 194      A8F1C275 
 194      3DC9204C 
 194      A3727836 
 194      5A92986A 
 195 036c 9AB3C5E7 		.ascii	"\232\263\305\347^/\221\024zT\012=\212B/Sp8\217\345\005"
 195      5E2F9114 
 195      7A540A3D 
 195      8A422F53 
 195      70388FE5 
 196 0381 B323EE7B 		.ascii	"\263#\356{\252\361h\307L\036\317\2168#\035Nx/\347\022"
 196      AAF168C7 
 196      4C1ECF8E 
 196      38231D4E 
 196      782FE712 
 197 0395 B257D21F 		.ascii	"\262W\322\037\233\332\343\346\311IiP\330\376 \307@\332"
 197      9BDAE3E6 
 197      C9496950 
 197      D8FE20C7 
 197      40DA
 198 03a7 A54156F9 		.ascii	"\245AV\371\360\013B\372\244Ay\361o\225\001L\"\010\207"
 198      F00B42FA 
 198      A44179F1 
 198      6F95014C 
 198      220887
 199 03ba 010D65E5 		.ascii	"\001\015e\345\277\363\020\025\026\025\025m\303\215\351"
 199      BFF31015 
 199      1615156D 
 199      C38DE9
 200 03c9 29C8EAC0 		.ascii	")\310\352\300\223m%k\373\025\254\353\032\204\3716\351"
 200      936D256B 
 200      FB15ACEB 
 200      1A84F936 
 200      E9
ARM GAS  C:\Users\Bruger\AppData\Local\Temp\ccepAVrS.s 			page 15


 201 03da 32DAE90A 		.ascii	"2\332\351\012\332o\256\210\255\203(\256\266pp\011\237"
 201      DA6FAE88 
 201      AD8328AE 
 201      B6707009 
 201      9F
 202 03eb 5F66AB40 		.ascii	"_f\253@\331\350\004\206p7\273!\012\006\020\203\020\305"
 202      D9E80486 
 202      7037BB21 
 202      0A061083 
 202      10C5
 203 03fd 1C31F93D 		.ascii	"\0341\371=\343\035!b\311J\266\265\372ey\371|\270\312"
 203      E31D2162 
 203      C94AB6B5 
 203      FA6579F9 
 203      7CB8CA
 204 0410 143E3029 		.ascii	"\024>0)\324\374\361\3669\352\237Z\352\2629&}\341<\271"
 204      D4FCF1F6 
 204      39EA9F5A 
 204      EAB23926 
 204      7DE13CB9 
 205 0424 768308F4 		.ascii	"v\203\010\3649\247\264Q99tE\217jg\203!:\214\361\366"
 205      39A7B451 
 205      39397445 
 205      8F6A6783 
 205      213A8CF1 
 206 0439 C504C130 		.ascii	"\305\004\3010\252\364\371^J\032\304\256\371\374\300"
 206      AAF4F95E 
 206      4A1AC4AE 
 206      F9FCC0
 207 0448 75B4F17F 		.ascii	"u\264\361\177\226\260\235\305WK\355\213\310\244\324"
 207      96B09DC5 
 207      574BED8B 
 207      C8A4D4
 208 0457 DBA70579 		.ascii	"\333\247\005y\246\245\007E\3216\323=\344\320e\210\266"
 208      A6A50745 
 208      D136D33D 
 208      E4D06588 
 208      B6
 209 0468 4C51A45B 		.ascii	"LQ\244[\215e\275!eUu\353\206\264\326p\023\226b\360\261"
 209      8D65BD21 
 209      655575EB 
 209      86B4D670 
 209      139662F0 
 210 047d 9D4E97DE 		.ascii	"\235N\227\336\230\357;\035\330\213\352\333\341#`dl\374"
 210      98EF3B1D 
 210      D88BEADB 
 210      E1236064 
 210      6CFC
 211 048f A7AB3DE2 		.ascii	"\247\253=\342\032\012\325\260\207U+\305\201Gf{\030\373"
 211      1A0AD5B0 
 211      87552BC5 
 211      8147667B 
 211      18FB
 212 04a1 F1C1D189 		.ascii	"\361\301\321\211E\032v\255F{Tf\2172vcVKv\210\206\335"
 212      451A76AD 
 212      467B5466 
 212      8F327663 
ARM GAS  C:\Users\Bruger\AppData\Local\Temp\ccepAVrS.s 			page 16


 212      564B7688 
 213 04b7 A9618FC9 		.ascii	"\251a\217\311\3541\306.\264\226\235\017\326\260[5\354"
 213      EC31C62E 
 213      B4969D0F 
 213      D6B05B35 
 213      EC
 214 04c8 71993D4E 		.ascii	"q\231=N\331\244\251\242i\210\007\023o*\301\317\353\343"
 214      D9A4A9A2 
 214      69880713 
 214      6F2AC1CF 
 214      EBE3
 215 04da 25700B78 		.ascii	"%p\013xz\"\342\261\231)\222\222P\345k\301\261\007\034"
 215      7A22E2B1 
 215      99299292 
 215      50E56BC1 
 215      B1071C
 216 04ed 4CA0CC5F 		.ascii	"L\240\314_(C\331\256I\257\367'\257t\375\034\310\010"
 216      2843D9AE 
 216      49AFF727 
 216      AF74FD1C 
 216      C808
 217 04ff F4074B10 		.ascii	"\364\007K\020\367\026\224\007\221\027\322\"\234~\230"
 217      F7169407 
 217      9117D222 
 217      9C7E98
 218 050e 5FF71A8F 		.ascii	"_\367\032\217\232Y\257\360\001\302-\322\337\233?\020"
 218      9A59AFF0 
 218      01C22DD2 
 218      DF9B3F10 
 219 051e 2C7DB2FC 		.ascii	",}\262\374#\356,\370\311j\373\347\253l<\342\247po\336"
 219      23EE2CF8 
 219      C96AFBE7 
 219      AB6C3CE2 
 219      A7706FDE 
 220 0532 F6EDA649 		.ascii	"\366\355\246IP}\263\306J{\214\232\266Li\216\356i\271"
 220      507DB3C6 
 220      4A7B8C9A 
 220      B64C698E 
 220      EE69B9
 221 0545 2DD3AC89 		.ascii	"-\323\254\2117K\\\371\332\305?\242i\342]0*I\360\226"
 221      374B5CF9 
 221      DAC53FA2 
 221      69E25D30 
 221      2A49F096 
 222 0559 7B676D62 		.ascii	"{gmbRRb\332\306\230\224\364d\213`\336\030\027\377\243"
 222      525262DA 
 222      C69894F4 
 222      648B60DE 
 222      1817FFA3 
 223 056d 109392FC 		.ascii	"\020\223\222\374C\342\026\303\232\257\327G\304p\037"
 223      43E216C3 
 223      9AAFD747 
 223      C4701F
 224 057c AE119205 		.ascii	"\256\021\222\005s\274E\330\2741.%\335\234 l\210\215"
 224      73BC45D8 
 224      BC312E25 
 224      DD9C206C 
ARM GAS  C:\Users\Bruger\AppData\Local\Temp\ccepAVrS.s 			page 17


 224      888D
 225 058e 4B89F974 		.ascii	"K\211\371t\203_\\\354\332\025\011\334{~\223\353\204"
 225      835F5CEC 
 225      DA1509DC 
 225      7B7E93EB 
 225      84
 226 059f 344B8A59 		.ascii	"4K\212Y\326{\323?S\222 \244\276\3457\371m\3746!=5 ="
 226      D67BD33F 
 226      539220A4 
 226      BEE537F9 
 226      6DFC3621 
 227 05b7 31D9B22A 		.ascii	"1\331\262*r\201\314\011\333-\333S\205\264\025[\271\250"
 227      7281CC09 
 227      DB2DDB53 
 227      85B4155B 
 227      B9A8
 228 05c9 97F2C56F 		.ascii	"\227\362\305o\306d\026sJ\322:aKb\032\316-{\245\362Q"
 228      C6641673 
 228      4AD23A61 
 228      4B621ACE 
 228      2D7BA5F2 
 229 05de CB40737E 		.ascii	"\313@s~\362\261i^Iv\277\324\277Vs\242E\360K\367\356"
 229      F2B1695E 
 229      4976BFD4 
 229      BF5673A2 
 229      45F04BF7 
 230 05f3 FC1C3608 		.ascii	"\374\0346\010\363o\200%\345%\377\237'\307oJ\022\374"
 230      F36F8025 
 230      E525FF9F 
 230      27C76F4A 
 230      12FC
 231 0605 5536C527 		.ascii	"U6\305'lKO\215\263\230\323\023,o\310\223\0223\316\202"
 231      6C4B4F8D 
 231      B398D313 
 231      2C6FC893 
 231      1233CE82 
 232 0619 D678796A 		.ascii	"\326xyj\375\346M\341\362\255_Y\376i$A\275Y\330\262\352"
 232      FDE64DE1 
 232      F2AD5F59 
 232      FE692441 
 232      BD59D8B2 
 233 062e 3FBD08B9 		.ascii	"?\275\010\271\262"
 233      B2
 234              		.text
 235              		.section	.gnu.lto_.symtab.24c031b8,"",%progbits
 236 0000 4D696C6C 		.ascii	"Millis_Counter_SaveConfig\000\000\000\000\000\000\000"
 236      69735F43 
 236      6F756E74 
 236      65725F53 
 236      61766543 
 237 0020 00000000 		.ascii	"\000\000\000\000\000\254\000\000\000Millis_Counter_"
 237      00AC0000 
 237      004D696C 
 237      6C69735F 
 237      436F756E 
 238 0038 52657374 		.ascii	"RestoreConfig\000\000\000\000\000\000\000\000\000\000"
 238      6F726543 
ARM GAS  C:\Users\Bruger\AppData\Local\Temp\ccepAVrS.s 			page 18


 238      6F6E6669 
 238      67000000 
 238      00000000 
 239 004f 0000AE00 		.ascii	"\000\000\256\000\000\000Millis_Counter_Sleep\000\000"
 239      00004D69 
 239      6C6C6973 
 239      5F436F75 
 239      6E746572 
 240 006b 00000000 		.ascii	"\000\000\000\000\000\000\000\000\000\000\260\000\000"
 240      00000000 
 240      0000B000 
 240      00
 241 0078 004D696C 		.ascii	"\000Millis_Counter_Wakeup\000\000\000\000\000\000\000"
 241      6C69735F 
 241      436F756E 
 241      7465725F 
 241      57616B65 
 242 0095 00000000 		.ascii	"\000\000\000\000\000\262\000\000\000Millis_Counter_"
 242      00B20000 
 242      004D696C 
 242      6C69735F 
 242      436F756E 
 243 00ad 52656164 		.ascii	"ReadControlRegister\000\000\002\000\000\000\000\000"
 243      436F6E74 
 243      726F6C52 
 243      65676973 
 243      74657200 
 244 00c8 00000000 		.ascii	"\000\000\000\000\272\000\000\000Millis_Counter_Read"
 244      BA000000 
 244      4D696C6C 
 244      69735F43 
 244      6F756E74 
 245 00e3 436F756E 		.ascii	"Counter\000\000\002\000\000\000\000\000\000\000\000"
 245      74657200 
 245      00020000 
 245      00000000 
 245      0000
 246 00f5 00C20000 		.ascii	"\000\302\000\000\000Millis_Counter_WriteControlRegi"
 246      004D696C 
 246      6C69735F 
 246      436F756E 
 246      7465725F 
 247 0119 73746572 		.ascii	"ster\000\000\002\000\000\000\000\000\000\000\000\000"
 247      00000200 
 247      00000000 
 247      00000000 
 248 0129 C6000000 		.ascii	"\306\000\000\000Millis_Counter_WriteCounter\000\000"
 248      4D696C6C 
 248      69735F43 
 248      6F756E74 
 248      65725F57 
 249 014a 02000000 		.ascii	"\002\000\000\000\000\000\000\000\000\000\312\000\000"
 249      00000000 
 249      0000CA00 
 249      00
 250 0157 004D696C 		.ascii	"\000Millis_Counter_Stop\000\000\002\000\000\000\000"
 250      6C69735F 
ARM GAS  C:\Users\Bruger\AppData\Local\Temp\ccepAVrS.s 			page 19


 250      436F756E 
 250      7465725F 
 250      53746F70 
 251 0172 00000000 		.ascii	"\000\000\000\000\000\314\000\000\000Millis_Counter_"
 251      00CC0000 
 251      004D696C 
 251      6C69735F 
 251      436F756E 
 252 018a 456E6162 		.ascii	"Enable\000\000\002\000\000\000\000\000\000\000\000\000"
 252      6C650000 
 252      02000000 
 252      00000000 
 252      0000
 253 019c CE000000 		.ascii	"\316\000\000\000"
 254              		.text
 255              		.section	.gnu.lto_.opts,"",%progbits
 256 0000 272D666E 		.ascii	"'-fno-trapv' '-mcpu=cortex-m3' '-mthumb' '-g' '-O3'"
 256      6F2D7472 
 256      61707627 
 256      20272D6D 
 256      6370753D 
 257 0033 20272D66 		.ascii	" '-ffunction-sections' '-finline-functions' '-flto'"
 257      66756E63 
 257      74696F6E 
 257      2D736563 
 257      74696F6E 
 258 0066 20272D66 		.ascii	" '-ffat-lto-objects'\000"
 258      6661742D 
 258      6C746F2D 
 258      6F626A65 
 258      63747327 
 259              		.text
 260              		.cfi_sections	.debug_frame
 261              		.section	.text.Millis_Counter_SaveConfig,"ax",%progbits
 262              		.align	2
 263              		.global	Millis_Counter_SaveConfig
 264              		.thumb
 265              		.thumb_func
 266              		.type	Millis_Counter_SaveConfig, %function
 267              	Millis_Counter_SaveConfig:
 268              	.LFB0:
 269              		.file 1 "Generated_Source\\PSoC5\\Millis_Counter_PM.c"
   1:Generated_Source\PSoC5/Millis_Counter_PM.c **** /*******************************************************************************
   2:Generated_Source\PSoC5/Millis_Counter_PM.c **** * File Name: Millis_Counter_PM.c  
   3:Generated_Source\PSoC5/Millis_Counter_PM.c **** * Version 3.0
   4:Generated_Source\PSoC5/Millis_Counter_PM.c **** *
   5:Generated_Source\PSoC5/Millis_Counter_PM.c **** *  Description:
   6:Generated_Source\PSoC5/Millis_Counter_PM.c **** *    This file provides the power management source code to API for the
   7:Generated_Source\PSoC5/Millis_Counter_PM.c **** *    Counter.  
   8:Generated_Source\PSoC5/Millis_Counter_PM.c **** *
   9:Generated_Source\PSoC5/Millis_Counter_PM.c **** *   Note:
  10:Generated_Source\PSoC5/Millis_Counter_PM.c **** *     None
  11:Generated_Source\PSoC5/Millis_Counter_PM.c **** *
  12:Generated_Source\PSoC5/Millis_Counter_PM.c **** ********************************************************************************
  13:Generated_Source\PSoC5/Millis_Counter_PM.c **** * Copyright 2008-2012, Cypress Semiconductor Corporation.  All rights reserved.
  14:Generated_Source\PSoC5/Millis_Counter_PM.c **** * You may use this file only in accordance with the license, terms, conditions, 
  15:Generated_Source\PSoC5/Millis_Counter_PM.c **** * disclaimers, and limitations in the end user license agreement accompanying 
ARM GAS  C:\Users\Bruger\AppData\Local\Temp\ccepAVrS.s 			page 20


  16:Generated_Source\PSoC5/Millis_Counter_PM.c **** * the software package with which this file was provided.
  17:Generated_Source\PSoC5/Millis_Counter_PM.c **** *******************************************************************************/
  18:Generated_Source\PSoC5/Millis_Counter_PM.c **** 
  19:Generated_Source\PSoC5/Millis_Counter_PM.c **** #include "Millis_Counter.h"
  20:Generated_Source\PSoC5/Millis_Counter_PM.c **** 
  21:Generated_Source\PSoC5/Millis_Counter_PM.c **** static Millis_Counter_backupStruct Millis_Counter_backup;
  22:Generated_Source\PSoC5/Millis_Counter_PM.c **** 
  23:Generated_Source\PSoC5/Millis_Counter_PM.c **** 
  24:Generated_Source\PSoC5/Millis_Counter_PM.c **** /*******************************************************************************
  25:Generated_Source\PSoC5/Millis_Counter_PM.c **** * Function Name: Millis_Counter_SaveConfig
  26:Generated_Source\PSoC5/Millis_Counter_PM.c **** ********************************************************************************
  27:Generated_Source\PSoC5/Millis_Counter_PM.c **** * Summary:
  28:Generated_Source\PSoC5/Millis_Counter_PM.c **** *     Save the current user configuration
  29:Generated_Source\PSoC5/Millis_Counter_PM.c **** *
  30:Generated_Source\PSoC5/Millis_Counter_PM.c **** * Parameters:  
  31:Generated_Source\PSoC5/Millis_Counter_PM.c **** *  void
  32:Generated_Source\PSoC5/Millis_Counter_PM.c **** *
  33:Generated_Source\PSoC5/Millis_Counter_PM.c **** * Return: 
  34:Generated_Source\PSoC5/Millis_Counter_PM.c **** *  void
  35:Generated_Source\PSoC5/Millis_Counter_PM.c **** *
  36:Generated_Source\PSoC5/Millis_Counter_PM.c **** * Global variables:
  37:Generated_Source\PSoC5/Millis_Counter_PM.c **** *  Millis_Counter_backup:  Variables of this global structure are modified to 
  38:Generated_Source\PSoC5/Millis_Counter_PM.c **** *  store the values of non retention configuration registers when Sleep() API is 
  39:Generated_Source\PSoC5/Millis_Counter_PM.c **** *  called.
  40:Generated_Source\PSoC5/Millis_Counter_PM.c **** *
  41:Generated_Source\PSoC5/Millis_Counter_PM.c **** *******************************************************************************/
  42:Generated_Source\PSoC5/Millis_Counter_PM.c **** void Millis_Counter_SaveConfig(void) 
  43:Generated_Source\PSoC5/Millis_Counter_PM.c **** {
 270              		.loc 1 43 0
 271              		.cfi_startproc
 272              		@ args = 0, pretend = 0, frame = 0
 273              		@ frame_needed = 0, uses_anonymous_args = 0
 274 0000 10B5     		push	{r4, lr}
 275              		.cfi_def_cfa_offset 8
 276              		.cfi_offset 4, -8
 277              		.cfi_offset 14, -4
  44:Generated_Source\PSoC5/Millis_Counter_PM.c ****     #if (!Millis_Counter_UsingFixedFunction)
  45:Generated_Source\PSoC5/Millis_Counter_PM.c **** 
  46:Generated_Source\PSoC5/Millis_Counter_PM.c ****         Millis_Counter_backup.CounterUdb = Millis_Counter_ReadCounter();
 278              		.loc 1 46 0
 279 0002 FFF7FEFF 		bl	Millis_Counter_ReadCounter
 280              	.LVL0:
 281 0006 034C     		ldr	r4, .L3
 282 0008 6060     		str	r0, [r4, #4]
  47:Generated_Source\PSoC5/Millis_Counter_PM.c **** 
  48:Generated_Source\PSoC5/Millis_Counter_PM.c ****         #if(!Millis_Counter_ControlRegRemoved)
  49:Generated_Source\PSoC5/Millis_Counter_PM.c ****             Millis_Counter_backup.CounterControlRegister = Millis_Counter_ReadControlRegister();
 283              		.loc 1 49 0
 284 000a FFF7FEFF 		bl	Millis_Counter_ReadControlRegister
 285              	.LVL1:
 286 000e 2072     		strb	r0, [r4, #8]
 287 0010 10BD     		pop	{r4, pc}
 288              	.L4:
 289 0012 00BF     		.align	2
 290              	.L3:
 291 0014 00000000 		.word	.LANCHOR0
 292              		.cfi_endproc
ARM GAS  C:\Users\Bruger\AppData\Local\Temp\ccepAVrS.s 			page 21


 293              	.LFE0:
 294              		.size	Millis_Counter_SaveConfig, .-Millis_Counter_SaveConfig
 295              		.section	.text.Millis_Counter_RestoreConfig,"ax",%progbits
 296              		.align	2
 297              		.global	Millis_Counter_RestoreConfig
 298              		.thumb
 299              		.thumb_func
 300              		.type	Millis_Counter_RestoreConfig, %function
 301              	Millis_Counter_RestoreConfig:
 302              	.LFB1:
  50:Generated_Source\PSoC5/Millis_Counter_PM.c ****         #endif /* (!Millis_Counter_ControlRegRemoved) */
  51:Generated_Source\PSoC5/Millis_Counter_PM.c **** 
  52:Generated_Source\PSoC5/Millis_Counter_PM.c ****     #endif /* (!Millis_Counter_UsingFixedFunction) */
  53:Generated_Source\PSoC5/Millis_Counter_PM.c **** }
  54:Generated_Source\PSoC5/Millis_Counter_PM.c **** 
  55:Generated_Source\PSoC5/Millis_Counter_PM.c **** 
  56:Generated_Source\PSoC5/Millis_Counter_PM.c **** /*******************************************************************************
  57:Generated_Source\PSoC5/Millis_Counter_PM.c **** * Function Name: Millis_Counter_RestoreConfig
  58:Generated_Source\PSoC5/Millis_Counter_PM.c **** ********************************************************************************
  59:Generated_Source\PSoC5/Millis_Counter_PM.c **** *
  60:Generated_Source\PSoC5/Millis_Counter_PM.c **** * Summary:
  61:Generated_Source\PSoC5/Millis_Counter_PM.c **** *  Restores the current user configuration.
  62:Generated_Source\PSoC5/Millis_Counter_PM.c **** *
  63:Generated_Source\PSoC5/Millis_Counter_PM.c **** * Parameters:  
  64:Generated_Source\PSoC5/Millis_Counter_PM.c **** *  void
  65:Generated_Source\PSoC5/Millis_Counter_PM.c **** *
  66:Generated_Source\PSoC5/Millis_Counter_PM.c **** * Return: 
  67:Generated_Source\PSoC5/Millis_Counter_PM.c **** *  void
  68:Generated_Source\PSoC5/Millis_Counter_PM.c **** *
  69:Generated_Source\PSoC5/Millis_Counter_PM.c **** * Global variables:
  70:Generated_Source\PSoC5/Millis_Counter_PM.c **** *  Millis_Counter_backup:  Variables of this global structure are used to 
  71:Generated_Source\PSoC5/Millis_Counter_PM.c **** *  restore the values of non retention registers on wakeup from sleep mode.
  72:Generated_Source\PSoC5/Millis_Counter_PM.c **** *
  73:Generated_Source\PSoC5/Millis_Counter_PM.c **** *******************************************************************************/
  74:Generated_Source\PSoC5/Millis_Counter_PM.c **** void Millis_Counter_RestoreConfig(void) 
  75:Generated_Source\PSoC5/Millis_Counter_PM.c **** {      
 303              		.loc 1 75 0
 304              		.cfi_startproc
 305              		@ args = 0, pretend = 0, frame = 0
 306              		@ frame_needed = 0, uses_anonymous_args = 0
 307 0000 10B5     		push	{r4, lr}
 308              		.cfi_def_cfa_offset 8
 309              		.cfi_offset 4, -8
 310              		.cfi_offset 14, -4
  76:Generated_Source\PSoC5/Millis_Counter_PM.c ****     #if (!Millis_Counter_UsingFixedFunction)
  77:Generated_Source\PSoC5/Millis_Counter_PM.c **** 
  78:Generated_Source\PSoC5/Millis_Counter_PM.c ****        Millis_Counter_WriteCounter(Millis_Counter_backup.CounterUdb);
 311              		.loc 1 78 0
 312 0002 044C     		ldr	r4, .L7
 313 0004 6068     		ldr	r0, [r4, #4]
 314 0006 FFF7FEFF 		bl	Millis_Counter_WriteCounter
 315              	.LVL2:
  79:Generated_Source\PSoC5/Millis_Counter_PM.c **** 
  80:Generated_Source\PSoC5/Millis_Counter_PM.c ****         #if(!Millis_Counter_ControlRegRemoved)
  81:Generated_Source\PSoC5/Millis_Counter_PM.c ****             Millis_Counter_WriteControlRegister(Millis_Counter_backup.CounterControlRegister);
 316              		.loc 1 81 0
 317 000a 207A     		ldrb	r0, [r4, #8]	@ zero_extendqisi2
ARM GAS  C:\Users\Bruger\AppData\Local\Temp\ccepAVrS.s 			page 22


  82:Generated_Source\PSoC5/Millis_Counter_PM.c ****         #endif /* (!Millis_Counter_ControlRegRemoved) */
  83:Generated_Source\PSoC5/Millis_Counter_PM.c **** 
  84:Generated_Source\PSoC5/Millis_Counter_PM.c ****     #endif /* (!Millis_Counter_UsingFixedFunction) */
  85:Generated_Source\PSoC5/Millis_Counter_PM.c **** }
 318              		.loc 1 85 0
 319 000c BDE81040 		pop	{r4, lr}
 320              		.cfi_restore 14
 321              		.cfi_restore 4
 322              		.cfi_def_cfa_offset 0
  81:Generated_Source\PSoC5/Millis_Counter_PM.c ****         #endif /* (!Millis_Counter_ControlRegRemoved) */
 323              		.loc 1 81 0
 324 0010 FFF7FEBF 		b	Millis_Counter_WriteControlRegister
 325              	.LVL3:
 326              	.L8:
 327              		.align	2
 328              	.L7:
 329 0014 00000000 		.word	.LANCHOR0
 330              		.cfi_endproc
 331              	.LFE1:
 332              		.size	Millis_Counter_RestoreConfig, .-Millis_Counter_RestoreConfig
 333              		.section	.text.Millis_Counter_Sleep,"ax",%progbits
 334              		.align	2
 335              		.global	Millis_Counter_Sleep
 336              		.thumb
 337              		.thumb_func
 338              		.type	Millis_Counter_Sleep, %function
 339              	Millis_Counter_Sleep:
 340              	.LFB2:
  86:Generated_Source\PSoC5/Millis_Counter_PM.c **** 
  87:Generated_Source\PSoC5/Millis_Counter_PM.c **** 
  88:Generated_Source\PSoC5/Millis_Counter_PM.c **** /*******************************************************************************
  89:Generated_Source\PSoC5/Millis_Counter_PM.c **** * Function Name: Millis_Counter_Sleep
  90:Generated_Source\PSoC5/Millis_Counter_PM.c **** ********************************************************************************
  91:Generated_Source\PSoC5/Millis_Counter_PM.c **** * Summary:
  92:Generated_Source\PSoC5/Millis_Counter_PM.c **** *     Stop and Save the user configuration
  93:Generated_Source\PSoC5/Millis_Counter_PM.c **** *
  94:Generated_Source\PSoC5/Millis_Counter_PM.c **** * Parameters:  
  95:Generated_Source\PSoC5/Millis_Counter_PM.c **** *  void
  96:Generated_Source\PSoC5/Millis_Counter_PM.c **** *
  97:Generated_Source\PSoC5/Millis_Counter_PM.c **** * Return: 
  98:Generated_Source\PSoC5/Millis_Counter_PM.c **** *  void
  99:Generated_Source\PSoC5/Millis_Counter_PM.c **** *
 100:Generated_Source\PSoC5/Millis_Counter_PM.c **** * Global variables:
 101:Generated_Source\PSoC5/Millis_Counter_PM.c **** *  Millis_Counter_backup.enableState:  Is modified depending on the enable 
 102:Generated_Source\PSoC5/Millis_Counter_PM.c **** *  state of the block before entering sleep mode.
 103:Generated_Source\PSoC5/Millis_Counter_PM.c **** *
 104:Generated_Source\PSoC5/Millis_Counter_PM.c **** *******************************************************************************/
 105:Generated_Source\PSoC5/Millis_Counter_PM.c **** void Millis_Counter_Sleep(void) 
 106:Generated_Source\PSoC5/Millis_Counter_PM.c **** {
 341              		.loc 1 106 0
 342              		.cfi_startproc
 343              		@ args = 0, pretend = 0, frame = 0
 344              		@ frame_needed = 0, uses_anonymous_args = 0
 345 0000 10B5     		push	{r4, lr}
 346              		.cfi_def_cfa_offset 8
 347              		.cfi_offset 4, -8
 348              		.cfi_offset 14, -4
ARM GAS  C:\Users\Bruger\AppData\Local\Temp\ccepAVrS.s 			page 23


 107:Generated_Source\PSoC5/Millis_Counter_PM.c ****     #if(!Millis_Counter_ControlRegRemoved)
 108:Generated_Source\PSoC5/Millis_Counter_PM.c ****         /* Save Counter's enable state */
 109:Generated_Source\PSoC5/Millis_Counter_PM.c ****         if(Millis_Counter_CTRL_ENABLE == (Millis_Counter_CONTROL & Millis_Counter_CTRL_ENABLE))
 349              		.loc 1 109 0
 350 0002 074B     		ldr	r3, .L11
 351 0004 074C     		ldr	r4, .L11+4
 352 0006 1B78     		ldrb	r3, [r3]	@ zero_extendqisi2
 353 0008 DB09     		lsrs	r3, r3, #7
 354 000a 2370     		strb	r3, [r4]
 110:Generated_Source\PSoC5/Millis_Counter_PM.c ****         {
 111:Generated_Source\PSoC5/Millis_Counter_PM.c ****             /* Counter is enabled */
 112:Generated_Source\PSoC5/Millis_Counter_PM.c ****             Millis_Counter_backup.CounterEnableState = 1u;
 113:Generated_Source\PSoC5/Millis_Counter_PM.c ****         }
 114:Generated_Source\PSoC5/Millis_Counter_PM.c ****         else
 115:Generated_Source\PSoC5/Millis_Counter_PM.c ****         {
 116:Generated_Source\PSoC5/Millis_Counter_PM.c ****             /* Counter is disabled */
 117:Generated_Source\PSoC5/Millis_Counter_PM.c ****             Millis_Counter_backup.CounterEnableState = 0u;
 118:Generated_Source\PSoC5/Millis_Counter_PM.c ****         }
 119:Generated_Source\PSoC5/Millis_Counter_PM.c ****     #else
 120:Generated_Source\PSoC5/Millis_Counter_PM.c ****         Millis_Counter_backup.CounterEnableState = 1u;
 121:Generated_Source\PSoC5/Millis_Counter_PM.c ****         if(Millis_Counter_backup.CounterEnableState != 0u)
 122:Generated_Source\PSoC5/Millis_Counter_PM.c ****         {
 123:Generated_Source\PSoC5/Millis_Counter_PM.c ****             Millis_Counter_backup.CounterEnableState = 0u;
 124:Generated_Source\PSoC5/Millis_Counter_PM.c ****         }
 125:Generated_Source\PSoC5/Millis_Counter_PM.c ****     #endif /* (!Millis_Counter_ControlRegRemoved) */
 126:Generated_Source\PSoC5/Millis_Counter_PM.c ****     
 127:Generated_Source\PSoC5/Millis_Counter_PM.c ****     Millis_Counter_Stop();
 355              		.loc 1 127 0
 356 000c FFF7FEFF 		bl	Millis_Counter_Stop
 357              	.LVL4:
 358              	.LBB4:
 359              	.LBB5:
  46:Generated_Source\PSoC5/Millis_Counter_PM.c **** 
 360              		.loc 1 46 0
 361 0010 FFF7FEFF 		bl	Millis_Counter_ReadCounter
 362              	.LVL5:
 363 0014 6060     		str	r0, [r4, #4]
  49:Generated_Source\PSoC5/Millis_Counter_PM.c ****         #endif /* (!Millis_Counter_ControlRegRemoved) */
 364              		.loc 1 49 0
 365 0016 FFF7FEFF 		bl	Millis_Counter_ReadControlRegister
 366              	.LVL6:
 367 001a 2072     		strb	r0, [r4, #8]
 368 001c 10BD     		pop	{r4, pc}
 369              	.L12:
 370 001e 00BF     		.align	2
 371              	.L11:
 372 0020 75650040 		.word	1073767797
 373 0024 00000000 		.word	.LANCHOR0
 374              	.LBE5:
 375              	.LBE4:
 376              		.cfi_endproc
 377              	.LFE2:
 378              		.size	Millis_Counter_Sleep, .-Millis_Counter_Sleep
 379              		.section	.text.Millis_Counter_Wakeup,"ax",%progbits
 380              		.align	2
 381              		.global	Millis_Counter_Wakeup
 382              		.thumb
ARM GAS  C:\Users\Bruger\AppData\Local\Temp\ccepAVrS.s 			page 24


 383              		.thumb_func
 384              		.type	Millis_Counter_Wakeup, %function
 385              	Millis_Counter_Wakeup:
 386              	.LFB3:
 128:Generated_Source\PSoC5/Millis_Counter_PM.c ****     Millis_Counter_SaveConfig();
 129:Generated_Source\PSoC5/Millis_Counter_PM.c **** }
 130:Generated_Source\PSoC5/Millis_Counter_PM.c **** 
 131:Generated_Source\PSoC5/Millis_Counter_PM.c **** 
 132:Generated_Source\PSoC5/Millis_Counter_PM.c **** /*******************************************************************************
 133:Generated_Source\PSoC5/Millis_Counter_PM.c **** * Function Name: Millis_Counter_Wakeup
 134:Generated_Source\PSoC5/Millis_Counter_PM.c **** ********************************************************************************
 135:Generated_Source\PSoC5/Millis_Counter_PM.c **** *
 136:Generated_Source\PSoC5/Millis_Counter_PM.c **** * Summary:
 137:Generated_Source\PSoC5/Millis_Counter_PM.c **** *  Restores and enables the user configuration
 138:Generated_Source\PSoC5/Millis_Counter_PM.c **** *  
 139:Generated_Source\PSoC5/Millis_Counter_PM.c **** * Parameters:  
 140:Generated_Source\PSoC5/Millis_Counter_PM.c **** *  void
 141:Generated_Source\PSoC5/Millis_Counter_PM.c **** *
 142:Generated_Source\PSoC5/Millis_Counter_PM.c **** * Return: 
 143:Generated_Source\PSoC5/Millis_Counter_PM.c **** *  void
 144:Generated_Source\PSoC5/Millis_Counter_PM.c **** *
 145:Generated_Source\PSoC5/Millis_Counter_PM.c **** * Global variables:
 146:Generated_Source\PSoC5/Millis_Counter_PM.c **** *  Millis_Counter_backup.enableState:  Is used to restore the enable state of 
 147:Generated_Source\PSoC5/Millis_Counter_PM.c **** *  block on wakeup from sleep mode.
 148:Generated_Source\PSoC5/Millis_Counter_PM.c **** *
 149:Generated_Source\PSoC5/Millis_Counter_PM.c **** *******************************************************************************/
 150:Generated_Source\PSoC5/Millis_Counter_PM.c **** void Millis_Counter_Wakeup(void) 
 151:Generated_Source\PSoC5/Millis_Counter_PM.c **** {
 387              		.loc 1 151 0
 388              		.cfi_startproc
 389              		@ args = 0, pretend = 0, frame = 0
 390              		@ frame_needed = 0, uses_anonymous_args = 0
 391 0000 10B5     		push	{r4, lr}
 392              		.cfi_def_cfa_offset 8
 393              		.cfi_offset 4, -8
 394              		.cfi_offset 14, -4
 395              	.LBB8:
 396              	.LBB9:
  78:Generated_Source\PSoC5/Millis_Counter_PM.c **** 
 397              		.loc 1 78 0
 398 0002 074C     		ldr	r4, .L18
 399 0004 6068     		ldr	r0, [r4, #4]
 400 0006 FFF7FEFF 		bl	Millis_Counter_WriteCounter
 401              	.LVL7:
  81:Generated_Source\PSoC5/Millis_Counter_PM.c ****         #endif /* (!Millis_Counter_ControlRegRemoved) */
 402              		.loc 1 81 0
 403 000a 207A     		ldrb	r0, [r4, #8]	@ zero_extendqisi2
 404 000c FFF7FEFF 		bl	Millis_Counter_WriteControlRegister
 405              	.LVL8:
 406              	.LBE9:
 407              	.LBE8:
 152:Generated_Source\PSoC5/Millis_Counter_PM.c ****     Millis_Counter_RestoreConfig();
 153:Generated_Source\PSoC5/Millis_Counter_PM.c ****     #if(!Millis_Counter_ControlRegRemoved)
 154:Generated_Source\PSoC5/Millis_Counter_PM.c ****         if(Millis_Counter_backup.CounterEnableState == 1u)
 408              		.loc 1 154 0
 409 0010 2378     		ldrb	r3, [r4]	@ zero_extendqisi2
 410 0012 012B     		cmp	r3, #1
ARM GAS  C:\Users\Bruger\AppData\Local\Temp\ccepAVrS.s 			page 25


 411 0014 00D0     		beq	.L17
 412 0016 10BD     		pop	{r4, pc}
 413              	.L17:
 155:Generated_Source\PSoC5/Millis_Counter_PM.c ****         {
 156:Generated_Source\PSoC5/Millis_Counter_PM.c ****             /* Enable Counter's operation */
 157:Generated_Source\PSoC5/Millis_Counter_PM.c ****             Millis_Counter_Enable();
 158:Generated_Source\PSoC5/Millis_Counter_PM.c ****         } /* Do nothing if Counter was disabled before */    
 159:Generated_Source\PSoC5/Millis_Counter_PM.c ****     #endif /* (!Millis_Counter_ControlRegRemoved) */
 160:Generated_Source\PSoC5/Millis_Counter_PM.c ****     
 161:Generated_Source\PSoC5/Millis_Counter_PM.c **** }
 414              		.loc 1 161 0
 415 0018 BDE81040 		pop	{r4, lr}
 416              		.cfi_restore 14
 417              		.cfi_restore 4
 418              		.cfi_def_cfa_offset 0
 157:Generated_Source\PSoC5/Millis_Counter_PM.c ****         } /* Do nothing if Counter was disabled before */    
 419              		.loc 1 157 0
 420 001c FFF7FEBF 		b	Millis_Counter_Enable
 421              	.LVL9:
 422              	.L19:
 423              		.align	2
 424              	.L18:
 425 0020 00000000 		.word	.LANCHOR0
 426              		.cfi_endproc
 427              	.LFE3:
 428              		.size	Millis_Counter_Wakeup, .-Millis_Counter_Wakeup
 429              		.bss
 430              		.align	2
 431              		.set	.LANCHOR0,. + 0
 432              		.type	Millis_Counter_backup, %object
 433              		.size	Millis_Counter_backup, 12
 434              	Millis_Counter_backup:
 435 0000 00000000 		.space	12
 435      00000000 
 435      00000000 
 436              		.text
 437              	.Letext0:
 438              		.file 2 "Generated_Source\\PSoC5\\cytypes.h"
 439              		.file 3 "Generated_Source\\PSoC5\\Millis_Counter.h"
 440              		.section	.debug_info,"",%progbits
 441              	.Ldebug_info0:
 442 0000 22020000 		.4byte	0x222
 443 0004 0400     		.2byte	0x4
 444 0006 00000000 		.4byte	.Ldebug_abbrev0
 445 000a 04       		.byte	0x4
 446 000b 01       		.uleb128 0x1
 447 000c E3010000 		.4byte	.LASF30
 448 0010 01       		.byte	0x1
 449 0011 DF000000 		.4byte	.LASF31
 450 0015 D2020000 		.4byte	.LASF32
 451 0019 00000000 		.4byte	.Ldebug_ranges0+0
 452 001d 00000000 		.4byte	0
 453 0021 00000000 		.4byte	.Ldebug_line0
 454 0025 02       		.uleb128 0x2
 455 0026 01       		.byte	0x1
 456 0027 06       		.byte	0x6
 457 0028 4D030000 		.4byte	.LASF0
ARM GAS  C:\Users\Bruger\AppData\Local\Temp\ccepAVrS.s 			page 26


 458 002c 02       		.uleb128 0x2
 459 002d 01       		.byte	0x1
 460 002e 08       		.byte	0x8
 461 002f 6B000000 		.4byte	.LASF1
 462 0033 02       		.uleb128 0x2
 463 0034 02       		.byte	0x2
 464 0035 05       		.byte	0x5
 465 0036 A3020000 		.4byte	.LASF2
 466 003a 02       		.uleb128 0x2
 467 003b 02       		.byte	0x2
 468 003c 07       		.byte	0x7
 469 003d 16000000 		.4byte	.LASF3
 470 0041 02       		.uleb128 0x2
 471 0042 04       		.byte	0x4
 472 0043 05       		.byte	0x5
 473 0044 C9020000 		.4byte	.LASF4
 474 0048 02       		.uleb128 0x2
 475 0049 04       		.byte	0x4
 476 004a 07       		.byte	0x7
 477 004b 8E000000 		.4byte	.LASF5
 478 004f 02       		.uleb128 0x2
 479 0050 08       		.byte	0x8
 480 0051 05       		.byte	0x5
 481 0052 D5010000 		.4byte	.LASF6
 482 0056 02       		.uleb128 0x2
 483 0057 08       		.byte	0x8
 484 0058 07       		.byte	0x7
 485 0059 9D010000 		.4byte	.LASF7
 486 005d 03       		.uleb128 0x3
 487 005e 04       		.byte	0x4
 488 005f 05       		.byte	0x5
 489 0060 696E7400 		.ascii	"int\000"
 490 0064 02       		.uleb128 0x2
 491 0065 04       		.byte	0x4
 492 0066 07       		.byte	0x7
 493 0067 90010000 		.4byte	.LASF8
 494 006b 04       		.uleb128 0x4
 495 006c A0000000 		.4byte	.LASF9
 496 0070 02       		.byte	0x2
 497 0071 3801     		.2byte	0x138
 498 0073 2C000000 		.4byte	0x2c
 499 0077 04       		.uleb128 0x4
 500 0078 73010000 		.4byte	.LASF10
 501 007c 02       		.byte	0x2
 502 007d 3A01     		.2byte	0x13a
 503 007f 48000000 		.4byte	0x48
 504 0083 02       		.uleb128 0x2
 505 0084 04       		.byte	0x4
 506 0085 04       		.byte	0x4
 507 0086 65000000 		.4byte	.LASF11
 508 008a 02       		.uleb128 0x2
 509 008b 08       		.byte	0x8
 510 008c 04       		.byte	0x4
 511 008d 0A010000 		.4byte	.LASF12
 512 0091 02       		.uleb128 0x2
 513 0092 01       		.byte	0x1
 514 0093 08       		.byte	0x8
ARM GAS  C:\Users\Bruger\AppData\Local\Temp\ccepAVrS.s 			page 27


 515 0094 8A020000 		.4byte	.LASF13
 516 0098 04       		.uleb128 0x4
 517 0099 B4010000 		.4byte	.LASF14
 518 009d 02       		.byte	0x2
 519 009e E201     		.2byte	0x1e2
 520 00a0 A4000000 		.4byte	0xa4
 521 00a4 05       		.uleb128 0x5
 522 00a5 6B000000 		.4byte	0x6b
 523 00a9 02       		.uleb128 0x2
 524 00aa 04       		.byte	0x4
 525 00ab 07       		.byte	0x7
 526 00ac B9010000 		.4byte	.LASF15
 527 00b0 06       		.uleb128 0x6
 528 00b1 0C       		.byte	0xc
 529 00b2 03       		.byte	0x3
 530 00b3 40       		.byte	0x40
 531 00b4 DD000000 		.4byte	0xdd
 532 00b8 07       		.uleb128 0x7
 533 00b9 C2010000 		.4byte	.LASF16
 534 00bd 03       		.byte	0x3
 535 00be 42       		.byte	0x42
 536 00bf 6B000000 		.4byte	0x6b
 537 00c3 00       		.byte	0
 538 00c4 07       		.uleb128 0x7
 539 00c5 29000000 		.4byte	.LASF17
 540 00c9 03       		.byte	0x3
 541 00ca 43       		.byte	0x43
 542 00cb 77000000 		.4byte	0x77
 543 00cf 04       		.byte	0x4
 544 00d0 07       		.uleb128 0x7
 545 00d1 34000000 		.4byte	.LASF18
 546 00d5 03       		.byte	0x3
 547 00d6 46       		.byte	0x46
 548 00d7 6B000000 		.4byte	0x6b
 549 00db 08       		.byte	0x8
 550 00dc 00       		.byte	0
 551 00dd 08       		.uleb128 0x8
 552 00de AD020000 		.4byte	.LASF19
 553 00e2 03       		.byte	0x3
 554 00e3 49       		.byte	0x49
 555 00e4 B0000000 		.4byte	0xb0
 556 00e8 09       		.uleb128 0x9
 557 00e9 4B000000 		.4byte	.LASF20
 558 00ed 01       		.byte	0x1
 559 00ee 2A       		.byte	0x2a
 560 00ef 01       		.byte	0x1
 561 00f0 0A       		.uleb128 0xa
 562 00f1 E8000000 		.4byte	0xe8
 563 00f5 00000000 		.4byte	.LFB0
 564 00f9 18000000 		.4byte	.LFE0-.LFB0
 565 00fd 01       		.uleb128 0x1
 566 00fe 9C       		.byte	0x9c
 567 00ff 16010000 		.4byte	0x116
 568 0103 0B       		.uleb128 0xb
 569 0104 06000000 		.4byte	.LVL0
 570 0108 DF010000 		.4byte	0x1df
 571 010c 0B       		.uleb128 0xb
ARM GAS  C:\Users\Bruger\AppData\Local\Temp\ccepAVrS.s 			page 28


 572 010d 0E000000 		.4byte	.LVL1
 573 0111 EA010000 		.4byte	0x1ea
 574 0115 00       		.byte	0
 575 0116 09       		.uleb128 0x9
 576 0117 A6000000 		.4byte	.LASF21
 577 011b 01       		.byte	0x1
 578 011c 4A       		.byte	0x4a
 579 011d 01       		.byte	0x1
 580 011e 0A       		.uleb128 0xa
 581 011f 16010000 		.4byte	0x116
 582 0123 00000000 		.4byte	.LFB1
 583 0127 18000000 		.4byte	.LFE1-.LFB1
 584 012b 01       		.uleb128 0x1
 585 012c 9C       		.byte	0x9c
 586 012d 44010000 		.4byte	0x144
 587 0131 0B       		.uleb128 0xb
 588 0132 0A000000 		.4byte	.LVL2
 589 0136 F5010000 		.4byte	0x1f5
 590 013a 0C       		.uleb128 0xc
 591 013b 14000000 		.4byte	.LVL3
 592 013f 06020000 		.4byte	0x206
 593 0143 00       		.byte	0
 594 0144 0D       		.uleb128 0xd
 595 0145 79000000 		.4byte	.LASF22
 596 0149 01       		.byte	0x1
 597 014a 69       		.byte	0x69
 598 014b 00000000 		.4byte	.LFB2
 599 014f 28000000 		.4byte	.LFE2-.LFB2
 600 0153 01       		.uleb128 0x1
 601 0154 9C       		.byte	0x9c
 602 0155 89010000 		.4byte	0x189
 603 0159 0E       		.uleb128 0xe
 604 015a E8000000 		.4byte	0xe8
 605 015e 10000000 		.4byte	.LBB4
 606 0162 18000000 		.4byte	.LBE4-.LBB4
 607 0166 01       		.byte	0x1
 608 0167 80       		.byte	0x80
 609 0168 7F010000 		.4byte	0x17f
 610 016c 0B       		.uleb128 0xb
 611 016d 14000000 		.4byte	.LVL5
 612 0171 DF010000 		.4byte	0x1df
 613 0175 0B       		.uleb128 0xb
 614 0176 1A000000 		.4byte	.LVL6
 615 017a EA010000 		.4byte	0x1ea
 616 017e 00       		.byte	0
 617 017f 0B       		.uleb128 0xb
 618 0180 10000000 		.4byte	.LVL4
 619 0184 17020000 		.4byte	0x217
 620 0188 00       		.byte	0
 621 0189 0D       		.uleb128 0xd
 622 018a 00000000 		.4byte	.LASF23
 623 018e 01       		.byte	0x1
 624 018f 96       		.byte	0x96
 625 0190 00000000 		.4byte	.LFB3
 626 0194 24000000 		.4byte	.LFE3-.LFB3
 627 0198 01       		.uleb128 0x1
 628 0199 9C       		.byte	0x9c
ARM GAS  C:\Users\Bruger\AppData\Local\Temp\ccepAVrS.s 			page 29


 629 019a CE010000 		.4byte	0x1ce
 630 019e 0E       		.uleb128 0xe
 631 019f 16010000 		.4byte	0x116
 632 01a3 02000000 		.4byte	.LBB8
 633 01a7 0E000000 		.4byte	.LBE8-.LBB8
 634 01ab 01       		.byte	0x1
 635 01ac 98       		.byte	0x98
 636 01ad C4010000 		.4byte	0x1c4
 637 01b1 0B       		.uleb128 0xb
 638 01b2 0A000000 		.4byte	.LVL7
 639 01b6 F5010000 		.4byte	0x1f5
 640 01ba 0B       		.uleb128 0xb
 641 01bb 10000000 		.4byte	.LVL8
 642 01bf 06020000 		.4byte	0x206
 643 01c3 00       		.byte	0
 644 01c4 0C       		.uleb128 0xc
 645 01c5 20000000 		.4byte	.LVL9
 646 01c9 1E020000 		.4byte	0x21e
 647 01cd 00       		.byte	0
 648 01ce 0F       		.uleb128 0xf
 649 01cf 37030000 		.4byte	.LASF33
 650 01d3 01       		.byte	0x1
 651 01d4 15       		.byte	0x15
 652 01d5 DD000000 		.4byte	0xdd
 653 01d9 05       		.uleb128 0x5
 654 01da 03       		.byte	0x3
 655 01db 00000000 		.4byte	Millis_Counter_backup
 656 01df 10       		.uleb128 0x10
 657 01e0 58010000 		.4byte	.LASF24
 658 01e4 03       		.byte	0x3
 659 01e5 5D       		.byte	0x5d
 660 01e6 77000000 		.4byte	0x77
 661 01ea 10       		.uleb128 0x10
 662 01eb 35010000 		.4byte	.LASF25
 663 01ef 03       		.byte	0x3
 664 01f0 55       		.byte	0x55
 665 01f1 6B000000 		.4byte	0x6b
 666 01f5 11       		.uleb128 0x11
 667 01f6 C3000000 		.4byte	.LASF26
 668 01fa 03       		.byte	0x3
 669 01fb 5A       		.byte	0x5a
 670 01fc 06020000 		.4byte	0x206
 671 0200 12       		.uleb128 0x12
 672 0201 77000000 		.4byte	0x77
 673 0205 00       		.byte	0
 674 0206 11       		.uleb128 0x11
 675 0207 11010000 		.4byte	.LASF27
 676 020b 03       		.byte	0x3
 677 020c 56       		.byte	0x56
 678 020d 17020000 		.4byte	0x217
 679 0211 12       		.uleb128 0x12
 680 0212 6B000000 		.4byte	0x6b
 681 0216 00       		.byte	0
 682 0217 13       		.uleb128 0x13
 683 0218 8F020000 		.4byte	.LASF28
 684 021c 03       		.byte	0x3
 685 021d 50       		.byte	0x50
ARM GAS  C:\Users\Bruger\AppData\Local\Temp\ccepAVrS.s 			page 30


 686 021e 13       		.uleb128 0x13
 687 021f 7A010000 		.4byte	.LASF29
 688 0223 03       		.byte	0x3
 689 0224 71       		.byte	0x71
 690 0225 00       		.byte	0
 691              		.section	.debug_abbrev,"",%progbits
 692              	.Ldebug_abbrev0:
 693 0000 01       		.uleb128 0x1
 694 0001 11       		.uleb128 0x11
 695 0002 01       		.byte	0x1
 696 0003 25       		.uleb128 0x25
 697 0004 0E       		.uleb128 0xe
 698 0005 13       		.uleb128 0x13
 699 0006 0B       		.uleb128 0xb
 700 0007 03       		.uleb128 0x3
 701 0008 0E       		.uleb128 0xe
 702 0009 1B       		.uleb128 0x1b
 703 000a 0E       		.uleb128 0xe
 704 000b 55       		.uleb128 0x55
 705 000c 17       		.uleb128 0x17
 706 000d 11       		.uleb128 0x11
 707 000e 01       		.uleb128 0x1
 708 000f 10       		.uleb128 0x10
 709 0010 17       		.uleb128 0x17
 710 0011 00       		.byte	0
 711 0012 00       		.byte	0
 712 0013 02       		.uleb128 0x2
 713 0014 24       		.uleb128 0x24
 714 0015 00       		.byte	0
 715 0016 0B       		.uleb128 0xb
 716 0017 0B       		.uleb128 0xb
 717 0018 3E       		.uleb128 0x3e
 718 0019 0B       		.uleb128 0xb
 719 001a 03       		.uleb128 0x3
 720 001b 0E       		.uleb128 0xe
 721 001c 00       		.byte	0
 722 001d 00       		.byte	0
 723 001e 03       		.uleb128 0x3
 724 001f 24       		.uleb128 0x24
 725 0020 00       		.byte	0
 726 0021 0B       		.uleb128 0xb
 727 0022 0B       		.uleb128 0xb
 728 0023 3E       		.uleb128 0x3e
 729 0024 0B       		.uleb128 0xb
 730 0025 03       		.uleb128 0x3
 731 0026 08       		.uleb128 0x8
 732 0027 00       		.byte	0
 733 0028 00       		.byte	0
 734 0029 04       		.uleb128 0x4
 735 002a 16       		.uleb128 0x16
 736 002b 00       		.byte	0
 737 002c 03       		.uleb128 0x3
 738 002d 0E       		.uleb128 0xe
 739 002e 3A       		.uleb128 0x3a
 740 002f 0B       		.uleb128 0xb
 741 0030 3B       		.uleb128 0x3b
 742 0031 05       		.uleb128 0x5
ARM GAS  C:\Users\Bruger\AppData\Local\Temp\ccepAVrS.s 			page 31


 743 0032 49       		.uleb128 0x49
 744 0033 13       		.uleb128 0x13
 745 0034 00       		.byte	0
 746 0035 00       		.byte	0
 747 0036 05       		.uleb128 0x5
 748 0037 35       		.uleb128 0x35
 749 0038 00       		.byte	0
 750 0039 49       		.uleb128 0x49
 751 003a 13       		.uleb128 0x13
 752 003b 00       		.byte	0
 753 003c 00       		.byte	0
 754 003d 06       		.uleb128 0x6
 755 003e 13       		.uleb128 0x13
 756 003f 01       		.byte	0x1
 757 0040 0B       		.uleb128 0xb
 758 0041 0B       		.uleb128 0xb
 759 0042 3A       		.uleb128 0x3a
 760 0043 0B       		.uleb128 0xb
 761 0044 3B       		.uleb128 0x3b
 762 0045 0B       		.uleb128 0xb
 763 0046 01       		.uleb128 0x1
 764 0047 13       		.uleb128 0x13
 765 0048 00       		.byte	0
 766 0049 00       		.byte	0
 767 004a 07       		.uleb128 0x7
 768 004b 0D       		.uleb128 0xd
 769 004c 00       		.byte	0
 770 004d 03       		.uleb128 0x3
 771 004e 0E       		.uleb128 0xe
 772 004f 3A       		.uleb128 0x3a
 773 0050 0B       		.uleb128 0xb
 774 0051 3B       		.uleb128 0x3b
 775 0052 0B       		.uleb128 0xb
 776 0053 49       		.uleb128 0x49
 777 0054 13       		.uleb128 0x13
 778 0055 38       		.uleb128 0x38
 779 0056 0B       		.uleb128 0xb
 780 0057 00       		.byte	0
 781 0058 00       		.byte	0
 782 0059 08       		.uleb128 0x8
 783 005a 16       		.uleb128 0x16
 784 005b 00       		.byte	0
 785 005c 03       		.uleb128 0x3
 786 005d 0E       		.uleb128 0xe
 787 005e 3A       		.uleb128 0x3a
 788 005f 0B       		.uleb128 0xb
 789 0060 3B       		.uleb128 0x3b
 790 0061 0B       		.uleb128 0xb
 791 0062 49       		.uleb128 0x49
 792 0063 13       		.uleb128 0x13
 793 0064 00       		.byte	0
 794 0065 00       		.byte	0
 795 0066 09       		.uleb128 0x9
 796 0067 2E       		.uleb128 0x2e
 797 0068 00       		.byte	0
 798 0069 3F       		.uleb128 0x3f
 799 006a 19       		.uleb128 0x19
ARM GAS  C:\Users\Bruger\AppData\Local\Temp\ccepAVrS.s 			page 32


 800 006b 03       		.uleb128 0x3
 801 006c 0E       		.uleb128 0xe
 802 006d 3A       		.uleb128 0x3a
 803 006e 0B       		.uleb128 0xb
 804 006f 3B       		.uleb128 0x3b
 805 0070 0B       		.uleb128 0xb
 806 0071 27       		.uleb128 0x27
 807 0072 19       		.uleb128 0x19
 808 0073 20       		.uleb128 0x20
 809 0074 0B       		.uleb128 0xb
 810 0075 00       		.byte	0
 811 0076 00       		.byte	0
 812 0077 0A       		.uleb128 0xa
 813 0078 2E       		.uleb128 0x2e
 814 0079 01       		.byte	0x1
 815 007a 31       		.uleb128 0x31
 816 007b 13       		.uleb128 0x13
 817 007c 11       		.uleb128 0x11
 818 007d 01       		.uleb128 0x1
 819 007e 12       		.uleb128 0x12
 820 007f 06       		.uleb128 0x6
 821 0080 40       		.uleb128 0x40
 822 0081 18       		.uleb128 0x18
 823 0082 9742     		.uleb128 0x2117
 824 0084 19       		.uleb128 0x19
 825 0085 01       		.uleb128 0x1
 826 0086 13       		.uleb128 0x13
 827 0087 00       		.byte	0
 828 0088 00       		.byte	0
 829 0089 0B       		.uleb128 0xb
 830 008a 898201   		.uleb128 0x4109
 831 008d 00       		.byte	0
 832 008e 11       		.uleb128 0x11
 833 008f 01       		.uleb128 0x1
 834 0090 31       		.uleb128 0x31
 835 0091 13       		.uleb128 0x13
 836 0092 00       		.byte	0
 837 0093 00       		.byte	0
 838 0094 0C       		.uleb128 0xc
 839 0095 898201   		.uleb128 0x4109
 840 0098 00       		.byte	0
 841 0099 11       		.uleb128 0x11
 842 009a 01       		.uleb128 0x1
 843 009b 9542     		.uleb128 0x2115
 844 009d 19       		.uleb128 0x19
 845 009e 31       		.uleb128 0x31
 846 009f 13       		.uleb128 0x13
 847 00a0 00       		.byte	0
 848 00a1 00       		.byte	0
 849 00a2 0D       		.uleb128 0xd
 850 00a3 2E       		.uleb128 0x2e
 851 00a4 01       		.byte	0x1
 852 00a5 3F       		.uleb128 0x3f
 853 00a6 19       		.uleb128 0x19
 854 00a7 03       		.uleb128 0x3
 855 00a8 0E       		.uleb128 0xe
 856 00a9 3A       		.uleb128 0x3a
ARM GAS  C:\Users\Bruger\AppData\Local\Temp\ccepAVrS.s 			page 33


 857 00aa 0B       		.uleb128 0xb
 858 00ab 3B       		.uleb128 0x3b
 859 00ac 0B       		.uleb128 0xb
 860 00ad 27       		.uleb128 0x27
 861 00ae 19       		.uleb128 0x19
 862 00af 11       		.uleb128 0x11
 863 00b0 01       		.uleb128 0x1
 864 00b1 12       		.uleb128 0x12
 865 00b2 06       		.uleb128 0x6
 866 00b3 40       		.uleb128 0x40
 867 00b4 18       		.uleb128 0x18
 868 00b5 9742     		.uleb128 0x2117
 869 00b7 19       		.uleb128 0x19
 870 00b8 01       		.uleb128 0x1
 871 00b9 13       		.uleb128 0x13
 872 00ba 00       		.byte	0
 873 00bb 00       		.byte	0
 874 00bc 0E       		.uleb128 0xe
 875 00bd 1D       		.uleb128 0x1d
 876 00be 01       		.byte	0x1
 877 00bf 31       		.uleb128 0x31
 878 00c0 13       		.uleb128 0x13
 879 00c1 11       		.uleb128 0x11
 880 00c2 01       		.uleb128 0x1
 881 00c3 12       		.uleb128 0x12
 882 00c4 06       		.uleb128 0x6
 883 00c5 58       		.uleb128 0x58
 884 00c6 0B       		.uleb128 0xb
 885 00c7 59       		.uleb128 0x59
 886 00c8 0B       		.uleb128 0xb
 887 00c9 01       		.uleb128 0x1
 888 00ca 13       		.uleb128 0x13
 889 00cb 00       		.byte	0
 890 00cc 00       		.byte	0
 891 00cd 0F       		.uleb128 0xf
 892 00ce 34       		.uleb128 0x34
 893 00cf 00       		.byte	0
 894 00d0 03       		.uleb128 0x3
 895 00d1 0E       		.uleb128 0xe
 896 00d2 3A       		.uleb128 0x3a
 897 00d3 0B       		.uleb128 0xb
 898 00d4 3B       		.uleb128 0x3b
 899 00d5 0B       		.uleb128 0xb
 900 00d6 49       		.uleb128 0x49
 901 00d7 13       		.uleb128 0x13
 902 00d8 02       		.uleb128 0x2
 903 00d9 18       		.uleb128 0x18
 904 00da 00       		.byte	0
 905 00db 00       		.byte	0
 906 00dc 10       		.uleb128 0x10
 907 00dd 2E       		.uleb128 0x2e
 908 00de 00       		.byte	0
 909 00df 3F       		.uleb128 0x3f
 910 00e0 19       		.uleb128 0x19
 911 00e1 03       		.uleb128 0x3
 912 00e2 0E       		.uleb128 0xe
 913 00e3 3A       		.uleb128 0x3a
ARM GAS  C:\Users\Bruger\AppData\Local\Temp\ccepAVrS.s 			page 34


 914 00e4 0B       		.uleb128 0xb
 915 00e5 3B       		.uleb128 0x3b
 916 00e6 0B       		.uleb128 0xb
 917 00e7 27       		.uleb128 0x27
 918 00e8 19       		.uleb128 0x19
 919 00e9 49       		.uleb128 0x49
 920 00ea 13       		.uleb128 0x13
 921 00eb 3C       		.uleb128 0x3c
 922 00ec 19       		.uleb128 0x19
 923 00ed 00       		.byte	0
 924 00ee 00       		.byte	0
 925 00ef 11       		.uleb128 0x11
 926 00f0 2E       		.uleb128 0x2e
 927 00f1 01       		.byte	0x1
 928 00f2 3F       		.uleb128 0x3f
 929 00f3 19       		.uleb128 0x19
 930 00f4 03       		.uleb128 0x3
 931 00f5 0E       		.uleb128 0xe
 932 00f6 3A       		.uleb128 0x3a
 933 00f7 0B       		.uleb128 0xb
 934 00f8 3B       		.uleb128 0x3b
 935 00f9 0B       		.uleb128 0xb
 936 00fa 27       		.uleb128 0x27
 937 00fb 19       		.uleb128 0x19
 938 00fc 3C       		.uleb128 0x3c
 939 00fd 19       		.uleb128 0x19
 940 00fe 01       		.uleb128 0x1
 941 00ff 13       		.uleb128 0x13
 942 0100 00       		.byte	0
 943 0101 00       		.byte	0
 944 0102 12       		.uleb128 0x12
 945 0103 05       		.uleb128 0x5
 946 0104 00       		.byte	0
 947 0105 49       		.uleb128 0x49
 948 0106 13       		.uleb128 0x13
 949 0107 00       		.byte	0
 950 0108 00       		.byte	0
 951 0109 13       		.uleb128 0x13
 952 010a 2E       		.uleb128 0x2e
 953 010b 00       		.byte	0
 954 010c 3F       		.uleb128 0x3f
 955 010d 19       		.uleb128 0x19
 956 010e 03       		.uleb128 0x3
 957 010f 0E       		.uleb128 0xe
 958 0110 3A       		.uleb128 0x3a
 959 0111 0B       		.uleb128 0xb
 960 0112 3B       		.uleb128 0x3b
 961 0113 0B       		.uleb128 0xb
 962 0114 27       		.uleb128 0x27
 963 0115 19       		.uleb128 0x19
 964 0116 3C       		.uleb128 0x3c
 965 0117 19       		.uleb128 0x19
 966 0118 00       		.byte	0
 967 0119 00       		.byte	0
 968 011a 00       		.byte	0
 969              		.section	.debug_aranges,"",%progbits
 970 0000 34000000 		.4byte	0x34
ARM GAS  C:\Users\Bruger\AppData\Local\Temp\ccepAVrS.s 			page 35


 971 0004 0200     		.2byte	0x2
 972 0006 00000000 		.4byte	.Ldebug_info0
 973 000a 04       		.byte	0x4
 974 000b 00       		.byte	0
 975 000c 0000     		.2byte	0
 976 000e 0000     		.2byte	0
 977 0010 00000000 		.4byte	.LFB0
 978 0014 18000000 		.4byte	.LFE0-.LFB0
 979 0018 00000000 		.4byte	.LFB1
 980 001c 18000000 		.4byte	.LFE1-.LFB1
 981 0020 00000000 		.4byte	.LFB2
 982 0024 28000000 		.4byte	.LFE2-.LFB2
 983 0028 00000000 		.4byte	.LFB3
 984 002c 24000000 		.4byte	.LFE3-.LFB3
 985 0030 00000000 		.4byte	0
 986 0034 00000000 		.4byte	0
 987              		.section	.debug_ranges,"",%progbits
 988              	.Ldebug_ranges0:
 989 0000 00000000 		.4byte	.LFB0
 990 0004 18000000 		.4byte	.LFE0
 991 0008 00000000 		.4byte	.LFB1
 992 000c 18000000 		.4byte	.LFE1
 993 0010 00000000 		.4byte	.LFB2
 994 0014 28000000 		.4byte	.LFE2
 995 0018 00000000 		.4byte	.LFB3
 996 001c 24000000 		.4byte	.LFE3
 997 0020 00000000 		.4byte	0
 998 0024 00000000 		.4byte	0
 999              		.section	.debug_line,"",%progbits
 1000              	.Ldebug_line0:
 1001 0000 C1000000 		.section	.debug_str,"MS",%progbits,1
 1001      02006200 
 1001      00000201 
 1001      FB0E0D00 
 1001      01010101 
 1002              	.LASF23:
 1003 0000 4D696C6C 		.ascii	"Millis_Counter_Wakeup\000"
 1003      69735F43 
 1003      6F756E74 
 1003      65725F57 
 1003      616B6575 
 1004              	.LASF3:
 1005 0016 73686F72 		.ascii	"short unsigned int\000"
 1005      7420756E 
 1005      7369676E 
 1005      65642069 
 1005      6E7400
 1006              	.LASF17:
 1007 0029 436F756E 		.ascii	"CounterUdb\000"
 1007      74657255 
 1007      646200
 1008              	.LASF18:
 1009 0034 436F756E 		.ascii	"CounterControlRegister\000"
 1009      74657243 
 1009      6F6E7472 
 1009      6F6C5265 
 1009      67697374 
ARM GAS  C:\Users\Bruger\AppData\Local\Temp\ccepAVrS.s 			page 36


 1010              	.LASF20:
 1011 004b 4D696C6C 		.ascii	"Millis_Counter_SaveConfig\000"
 1011      69735F43 
 1011      6F756E74 
 1011      65725F53 
 1011      61766543 
 1012              	.LASF11:
 1013 0065 666C6F61 		.ascii	"float\000"
 1013      7400
 1014              	.LASF1:
 1015 006b 756E7369 		.ascii	"unsigned char\000"
 1015      676E6564 
 1015      20636861 
 1015      7200
 1016              	.LASF22:
 1017 0079 4D696C6C 		.ascii	"Millis_Counter_Sleep\000"
 1017      69735F43 
 1017      6F756E74 
 1017      65725F53 
 1017      6C656570 
 1018              	.LASF5:
 1019 008e 6C6F6E67 		.ascii	"long unsigned int\000"
 1019      20756E73 
 1019      69676E65 
 1019      6420696E 
 1019      7400
 1020              	.LASF9:
 1021 00a0 75696E74 		.ascii	"uint8\000"
 1021      3800
 1022              	.LASF21:
 1023 00a6 4D696C6C 		.ascii	"Millis_Counter_RestoreConfig\000"
 1023      69735F43 
 1023      6F756E74 
 1023      65725F52 
 1023      6573746F 
 1024              	.LASF26:
 1025 00c3 4D696C6C 		.ascii	"Millis_Counter_WriteCounter\000"
 1025      69735F43 
 1025      6F756E74 
 1025      65725F57 
 1025      72697465 
 1026              	.LASF31:
 1027 00df 47656E65 		.ascii	"Generated_Source\\PSoC5\\Millis_Counter_PM.c\000"
 1027      72617465 
 1027      645F536F 
 1027      75726365 
 1027      5C50536F 
 1028              	.LASF12:
 1029 010a 646F7562 		.ascii	"double\000"
 1029      6C6500
 1030              	.LASF27:
 1031 0111 4D696C6C 		.ascii	"Millis_Counter_WriteControlRegister\000"
 1031      69735F43 
 1031      6F756E74 
 1031      65725F57 
 1031      72697465 
 1032              	.LASF25:
ARM GAS  C:\Users\Bruger\AppData\Local\Temp\ccepAVrS.s 			page 37


 1033 0135 4D696C6C 		.ascii	"Millis_Counter_ReadControlRegister\000"
 1033      69735F43 
 1033      6F756E74 
 1033      65725F52 
 1033      65616443 
 1034              	.LASF24:
 1035 0158 4D696C6C 		.ascii	"Millis_Counter_ReadCounter\000"
 1035      69735F43 
 1035      6F756E74 
 1035      65725F52 
 1035      65616443 
 1036              	.LASF10:
 1037 0173 75696E74 		.ascii	"uint32\000"
 1037      333200
 1038              	.LASF29:
 1039 017a 4D696C6C 		.ascii	"Millis_Counter_Enable\000"
 1039      69735F43 
 1039      6F756E74 
 1039      65725F45 
 1039      6E61626C 
 1040              	.LASF8:
 1041 0190 756E7369 		.ascii	"unsigned int\000"
 1041      676E6564 
 1041      20696E74 
 1041      00
 1042              	.LASF7:
 1043 019d 6C6F6E67 		.ascii	"long long unsigned int\000"
 1043      206C6F6E 
 1043      6720756E 
 1043      7369676E 
 1043      65642069 
 1044              	.LASF14:
 1045 01b4 72656738 		.ascii	"reg8\000"
 1045      00
 1046              	.LASF15:
 1047 01b9 73697A65 		.ascii	"sizetype\000"
 1047      74797065 
 1047      00
 1048              	.LASF16:
 1049 01c2 436F756E 		.ascii	"CounterEnableState\000"
 1049      74657245 
 1049      6E61626C 
 1049      65537461 
 1049      746500
 1050              	.LASF6:
 1051 01d5 6C6F6E67 		.ascii	"long long int\000"
 1051      206C6F6E 
 1051      6720696E 
 1051      7400
 1052              	.LASF30:
 1053 01e3 474E5520 		.ascii	"GNU C 4.9.3 20150303 (release) [ARM/embedded-4_9-br"
 1053      4320342E 
 1053      392E3320 
 1053      32303135 
 1053      30333033 
 1054 0216 616E6368 		.ascii	"anch revision 221220] -mcpu=cortex-m3 -mthumb -g -O"
 1054      20726576 
ARM GAS  C:\Users\Bruger\AppData\Local\Temp\ccepAVrS.s 			page 38


 1054      6973696F 
 1054      6E203232 
 1054      31323230 
 1055 0249 33202D66 		.ascii	"3 -ffunction-sections -finline-functions -flto -ffa"
 1055      66756E63 
 1055      74696F6E 
 1055      2D736563 
 1055      74696F6E 
 1056 027c 742D6C74 		.ascii	"t-lto-objects\000"
 1056      6F2D6F62 
 1056      6A656374 
 1056      7300
 1057              	.LASF13:
 1058 028a 63686172 		.ascii	"char\000"
 1058      00
 1059              	.LASF28:
 1060 028f 4D696C6C 		.ascii	"Millis_Counter_Stop\000"
 1060      69735F43 
 1060      6F756E74 
 1060      65725F53 
 1060      746F7000 
 1061              	.LASF2:
 1062 02a3 73686F72 		.ascii	"short int\000"
 1062      7420696E 
 1062      7400
 1063              	.LASF19:
 1064 02ad 4D696C6C 		.ascii	"Millis_Counter_backupStruct\000"
 1064      69735F43 
 1064      6F756E74 
 1064      65725F62 
 1064      61636B75 
 1065              	.LASF4:
 1066 02c9 6C6F6E67 		.ascii	"long int\000"
 1066      20696E74 
 1066      00
 1067              	.LASF32:
 1068 02d2 433A5C55 		.ascii	"C:\\Users\\Bruger\\OneDrive\\Skrivebord\\CODE\\PSOC"
 1068      73657273 
 1068      5C427275 
 1068      6765725C 
 1068      4F6E6544 
 1069 02ff 355C4359 		.ascii	"5\\CY8CKIT-59-Arduino\\CY8CKIT59_Ardudino-Speeduino"
 1069      38434B49 
 1069      542D3539 
 1069      2D417264 
 1069      75696E6F 
 1070 0330 2E637964 		.ascii	".cydsn\000"
 1070      736E00
 1071              	.LASF33:
 1072 0337 4D696C6C 		.ascii	"Millis_Counter_backup\000"
 1072      69735F43 
 1072      6F756E74 
 1072      65725F62 
 1072      61636B75 
 1073              	.LASF0:
 1074 034d 7369676E 		.ascii	"signed char\000"
 1074      65642063 
ARM GAS  C:\Users\Bruger\AppData\Local\Temp\ccepAVrS.s 			page 39


 1074      68617200 
 1075              		.comm	__gnu_lto_v1,1,1
 1076              		.ident	"GCC: (GNU Tools for ARM Embedded Processors) 4.9.3 20150303 (release) [ARM/embedded-4_9-br
