ARM GAS  C:\Users\Bruger\AppData\Local\Temp\cct4ZHIq.s 			page 1


   1              		.syntax unified
   2              		.cpu cortex-m3
   3              		.fpu softvfp
   4              		.eabi_attribute 20, 1
   5              		.eabi_attribute 21, 1
   6              		.eabi_attribute 23, 3
   7              		.eabi_attribute 24, 1
   8              		.eabi_attribute 25, 1
   9              		.eabi_attribute 26, 1
  10              		.eabi_attribute 30, 4
  11              		.eabi_attribute 34, 1
  12              		.eabi_attribute 18, 4
  13              		.thumb
  14              		.file	"PWM_Reg_5.c"
  15              		.text
  16              	.Ltext0:
  17              		.section	.gnu.lto_.profile.ec5a546e,"",%progbits
  18 0000 789C6366 		.ascii	"x\234cf```a\200\000F\0066\026\000\000\204\000\023"
  18      60606061 
  18      80004606 
  18      36160000 
  18      840013
  19              		.text
  20              		.section	.gnu.lto_.jmpfuncs.ec5a546e,"",%progbits
  21 0000 789C6366 		.ascii	"x\234cf\300\016\270\2404\023\003##c=#\220\005\000\004"
  21      C00EB8A0 
  21      34130323 
  21      23633D23 
  21      90050004 
  22 0014 040093   		.ascii	"\004\000\223"
  23              		.text
  24              		.section	.gnu.lto_.inline.ec5a546e,"",%progbits
  25 0000 789C6366 		.ascii	"x\234cf\300\0164\2404\023\003\003\0133#\003\023\323"
  25      C00E34A0 
  25      34130303 
  25      0B332303 
  25      13D3
  26 0012 057E06B6 		.ascii	"\005~\006\266\005\362L 1FL!\006\000K\274\003\223"
  26      05F24C20 
  26      31464C21 
  26      06004BBC 
  26      0393
  27              		.text
  28              		.section	.gnu.lto_.pureconst.ec5a546e,"",%progbits
  29 0000 789C6366 		.ascii	"x\234cf```e\200\000&\006)F)\000\000\371\000@"
  29      60606065 
  29      80002606 
  29      29462900 
  29      00F90040 
  30              		.text
  31              		.section	.gnu.lto_PWM_Reg_5_Write.ec5a546e,"",%progbits
  32 0000 789C6590 		.ascii	"x\234e\220?HBQ\024\306\317w\256\232aC4\2765L\202\376"
  32      3F484251 
  32      14C6CF77 
  32      AE9A6143 
  32      34BE354C 
  33 0016 4CEE4143 		.ascii	"L\356ACS 9\264\010\022\257GK\370@l\366\276\260]\032"
ARM GAS  C:\Users\Bruger\AppData\Local\Temp\cct4ZHIq.s 			page 2


  33      532039B4 
  33      0812AF47 
  33      4BF8406C 
  33      F6BEB05D 
  34 002b 2408A728 		.ascii	"$\010\247(3\373\213k\303+$r)j\021\032j1(hH\012\302 "
  34      33FB8B6B 
  34      C32B2472 
  34      296A111A 
  34      6A312868 
  35 0043 ECDC1CBB 		.ascii	"\354\334\034\273p9\347\036\276\357w\277{\025\375_\226"
  35      7039E71E 
  35      BEEF77BF 
  35      7B15FD5F 
  35      96
  36 0054 EC308826 		.ascii	"\3540\210&\245B\021\270xC\344\205\0310\015\201\362\214"
  36      A54211B8 
  36      7843E485 
  36      19300D81 
  36      F28C
  37 0066 3C5EB9C3 		.ascii	"<^\271\303(\372\265\255HlWk\375~\337\364\022>\272L\364"
  37      28FAB5AD 
  37      486C576B 
  37      FD7EDFF4 
  37      123EBA4C 
  38 007b C17D0E2A 		.ascii	"\301}\016*\210\211f\257qe\2511\220\264\337\365\315\332"
  38      888966AF 
  38      7165A931 
  38      90B4DFF5 
  38      CDDA
  39 008d 607447EB 		.ascii	"`tG\353u\377\374X\317\210\032\330\207\022\003&,\214"
  39      75FFFC58 
  39      CF881AD8 
  39      87120326 
  39      2C8C
  40 009f 5B240342 		.ascii	"[$\003B\025Q#\356\024~Z\221PA\330\303}$\016\020\222"
  40      155123EE 
  40      147E5A91 
  40      5041D8C3 
  40      7D240E10 
  41 00b4 587432E2 		.ascii	"Xt2\342\353^\257^\2718E@\000FNm\021\230t\317\314\246"
  41      EB5EAF5E 
  41      B9384540 
  41      00464E6D 
  41      119874CF 
  42 00ca AA075C96 		.ascii	"\252\007\\\226:\225ic\021TS\2775\206^\270\313\374y\355"
  42      3A956963 
  42      115453BF 
  42      35865EB8 
  42      CBFC79ED 
  43 00de E980A13F 		.ascii	"\351\200\241?\265o\357\302\177#2\307\215V\251\247\312"
  43      B56FEFC2 
  43      7F2332C7 
  43      8D56A9A7 
  43      CA
  44 00ef D8F60A9E 		.ascii	"\330\366\012\236\037\354\262B\015\026\016!_\201#\224"
  44      1FECB242 
  44      0D160E21 
ARM GAS  C:\Users\Bruger\AppData\Local\Temp\cct4ZHIq.s 			page 3


  44      5F812394 
  45 00ff F125B247 		.ascii	"\361%\262Gx\376Y\320\020\315\343\332\222T.\022\367\350"
  45      78FE59D0 
  45      10CDE3DA 
  45      92542E12 
  45      F7E8
  46 0111 9C9371B2 		.ascii	"\234\223q\262K9g9\235t\327\262\266\223J$\335\331x*\261"
  46      4B396739 
  46      9D74D7B2 
  46      B6934A24 
  46      DDD9782A 
  47 0126 389F5E70 		.ascii	"8\237^pV\322\361)\233\006l7\223\313\272\253\277g\316"
  47      56D2F129 
  47      9B066C37 
  47      93CBBAAB 
  47      BF67CE
  48 0139 6D05     		.ascii	"m\005"
  49              		.text
  50              		.section	.gnu.lto_PWM_Reg_5_Read.ec5a546e,"",%progbits
  51 0000 789C6366 		.ascii	"x\234cf\300\004R@|\025\210U\201\230\221\231\201\221"
  51      C0045240 
  51      7C158855 
  51      81989199 
  51      8191
  52 0012 69C23906 		.ascii	"i\3029\006\206F\016&FF\020\203\201\221\241\236\211\261"
  52      86460E26 
  52      46461083 
  52      8191A19E 
  52      89B1
  53 0024 9EF125D3 		.ascii	"\236\361%\323G&\3063;\377]fT_\332\320\320\364a\322\373"
  53      4726C633 
  53      3BFF5D66 
  53      545FDAD0 
  53      D0F461D2 
  54 0039 BB010718 		.ascii	"\273\001\007\030\177210|fb`\324\221b\324\004\231\303"
  54      7F323130 
  54      7C666260 
  54      D49162D4 
  54      0499C3
  55 004c B89C519D 		.ascii	"\270\234Q\235\001\250\360c\313\337\353\334l-\015\015"
  55      01A8F063 
  55      CBDFEBDC 
  55      6C2D0D0D 
  56 005c 0D022079 		.ascii	"\015\002 y\240\304\012F6F \275^\350@\303\377\377\233"
  56      A0C40A46 
  56      364620BD 
  56      5EE840C3 
  56      FFFF9B
  57 006f F71EFCC1 		.ascii	"\367\036\374\301\310\314\304\000\322\316\360\004H\200"
  57      C8CCC400 
  57      D2CEF004 
  57      4880
  58 007d 6C7ACAC4 		.ascii	"lz\312\304\004\242\231o1\036\372\326u/\034\244\343;"
  58      04A2996F 
  58      311EFAD6 
  58      752F1CA4 
  58      E33B
ARM GAS  C:\Users\Bruger\AppData\Local\Temp\cct4ZHIq.s 			page 4


  59 008f 13C8D693 		.ascii	"\023\310\326\223\015o\216\360\274`\372\311\304\370\345"
  59      0D6F8EF0 
  59      BC60FAC9 
  59      C4F8E5
  60 009e 4463030B 		.ascii	"Dc\003\013\310\374\373O\316_\344\000\0131\200\270\255"
  60      C8FCFB4F 
  60      CE5FE400 
  60      0B3180B8 
  60      AD
  61 00af D7A7FD67 		.ascii	"\327\247\375g\236\3138\273\261\245\361\200\314O&&\306"
  61      9ECB38BB 
  61      B1A5F180 
  61      CC4F2626 
  61      C6
  62 00c0 958C528C 		.ascii	"\225\214R\214\253\030\201.b\\\3158\227\221\341\036c"
  62      AB18812E 
  62      625CCD38 
  62      9791E11E 
  62      63
  63 00d1 630337D4 		.ascii	"c\0037\324@\260\215\214 \233\200Le\367\324\274\324\242"
  63      40B08D8C 
  63      209B804C 
  63      65F7D4BC 
  63      D4A2
  64 00e3 C492D494 		.ascii	"\304\222\324\224\370\340\374\322\242\344\324\230\200"
  64      F8E0FCD2 
  64      A2E4D498 
  64      80
  65 00f0 E07C67D3 		.ascii	"\340|g\323\230\200p\337\370\240\324\364xS\275d\006\000"
  65      988070DF 
  65      F8A0D4F4 
  65      7853BD64 
  65      0600
  66 0102 D88B5BC7 		.ascii	"\330\213[\307"
  67              		.text
  68              		.section	.gnu.lto_.symbol_nodes.ec5a546e,"",%progbits
  69 0000 789C6366 		.ascii	"x\234cf``Pb\200\002&\206z\006\206\011\347\030\030\352"
  69      60605062 
  69      80022686 
  69      7A068609 
  69      E71818EA 
  70 0014 EB19E62D 		.ascii	"\353\031\346-\340``b\254gD\3463\000\000\2212\010n"
  70      E0606062 
  70      AC6744E6 
  70      33000091 
  70      32086E
  71              		.text
  72              		.section	.gnu.lto_.refs.ec5a546e,"",%progbits
  73 0000 789C6366 		.ascii	"x\234cf```d\200\002\000\000=\000\005"
  73      60606064 
  73      80020000 
  73      3D0005
  74              		.text
  75              		.section	.gnu.lto_.decls.ec5a546e,"",%progbits
  76 0000 789C6366 		.ascii	"x\234cf``\230\000\304\377\201\240\213\211\201\241\002"
  76      60609800 
  76      C4FF81A0 
ARM GAS  C:\Users\Bruger\AppData\Local\Temp\cct4ZHIq.s 			page 5


  76      8B8981A1 
  76      02
  77 0011 C86606E2 		.ascii	"\310f\006\342\000\006\004\000\0123l\002\342\255\014"
  77      00060400 
  77      0A336C02 
  77      E2AD0C
  78 0020 980024CE 		.ascii	"\230\000$\316\002U\277\026\210\367\000\361\016\250\034"
  78      0255BF16 
  78      88F700F1 
  78      0EA81C
  79 002f 23541E1D 		.ascii	"#T\036\035l\205\332\201M=6;>21\236~\364\3433\317\013"
  79      6C85DA81 
  79      4D3D363B 
  79      3E32319E 
  79      7EF4E333 
  80 0045 26463E2E 		.ascii	"&F>.\001\020w\326\365\247_\230\201\\\036.&\020\367\332"
  80      011077D6 
  80      F5A75F98 
  80      815C1E2E 
  80      2610F7DA 
  81 0059 FEF6760E 		.ascii	"\376\366v\016f&F\020{\361\214\207W\270tV544t4\0348\300"
  81      66264610 
  81      7BF18C87 
  81      57B87456 
  81      35343474 
  82 0071 8830A271 		.ascii	"\2100\242q\331\356\036v\240\0361.0\267\357\364\254\203"
  82      D9EE1E76 
  82      A01E312E 
  82      30B7EFF4 
  82      AC83
  83 0083 CC60EE7F 		.ascii	"\314`\356\177\220>\246\2337\247\374df\344R\353hhhj\370"
  83      903EA69B 
  83      37A7FC64 
  83      66E452EB 
  83      6868686A 
  84 0098 30A98159 		.ascii	"0\251\201Y\202\201QG\212QS\212\201q\035\243\032P\031"
  84      82815147 
  84      8A51538A 
  84      81711DA3 
  84      1A5019
  85 00ab E32A461D 		.ascii	"\343*F\035\006\306\325\214R\214k\030\245\030\226\000"
  85      06C6D58C 
  85      528C6B18 
  85      A5189600 
  86 00bb 2DF830FF 		.ascii	"-\3700\377\303e\231\206\006\026\306\265\214\\\214+\031"
  86      C3659986 
  86      0616C6B5 
  86      8C5C8C2B 
  86      19
  87 00cc 99C12A80 		.ascii	"\231\301*\200\336\000\331\000\265tB\353\301\011,,\300"
  87      DE00D900 
  87      B57442EB 
  87      C1092C2C 
  87      C0
  88 00dd 0004AB89 		.ascii	"\000\004\253\211f\001\211\235\231>\347\020\267\370\324"
  88      6601899D 
  88      993EE710 
ARM GAS  C:\Users\Bruger\AppData\Local\Temp\cct4ZHIq.s 			page 6


  88      B7F8D4
  89 00ec 0610686E 		.ascii	"\006\020hn\020`b\014\020c\\\0164v\005\320X\006\306\015"
  89      1060620C 
  89      10635C0E 
  89      347605D0 
  89      5806C60D 
  90 0100 8CE24072 		.ascii	"\214\342@r=#\013\304\200\213\377~\367\3620\033\202\275"
  90      3D230BC4 
  90      808BFF7E 
  90      F7F2301B 
  90      82BD
  91 0112 D6F8F9E8 		.ascii	"\326\370\371\350Ff\205y\015\0136|\350\\<\231yf\303\202"
  91      46668579 
  91      0D0B367C 
  91      E85C3C99 
  91      7966C382 
  92 0126 C6867FFF 		.ascii	"\306\206\177\377\201\316\007ib\334\010w\000\003\210"
  92      81CE0769 
  92      62DC0877 
  92      000388
  93 0135 0D09D14D 		.ascii	"\015\011\321M\214\012@\215gW\237lcD\266\021\344\030"
  93      8C0A408D 
  93      67579F6C 
  93      6344B611 
  93      E418
  94 0147 84959BC1 		.ascii	"\204\225\233\301VFCm<\271\366\3725>\346T\260\215\327"
  94      5646436D 
  94      3CB9F6FA 
  94      353EE654 
  94      B08DD7
  95 015a 77BEEB66 		.ascii	"w\276\353f\007\333\370\340\347:\266\025\015\007\376"
  95      07DBF8E0 
  95      E73AB615 
  95      0D07FE
  96 0169 FFB70729 		.ascii	"\377\267\007)g\334\202d\331\026\230e[\301\2265L\357"
  96      67DC8264 
  96      D9169865 
  96      5BC19635 
  96      4CEF
  97 017b 5EC2C15C 		.ascii	"^\302\301\\\002\326\277\365[\327N^\256\016\220\255\204"
  97      02D6BFF5 
  97      5BD74E5E 
  97      AE0E90AD 
  97      84
  98 018c 83141809 		.ascii	"\203\024\030\011W\316u]\343\204D\002\272\216\2358#a"
  98      57CE755D 
  98      E3844402 
  98      BA8E9D38 
  98      2361
  99 019e CA7D1550 		.ascii	"\312}\025P$\354\000\372i\033\"\022\2663\"ba\347\272"
  99      24EC00FA 
  99      691B2212 
  99      B6332262 
  99      61E7BA
 100 01b1 2F67B9C1 		.ascii	"/g\271\301\251G\001\304\3355\351\304\0146p\352\001\307"
 100      A94701C4 
 100      DD35E9C4 
ARM GAS  C:\Users\Bruger\AppData\Local\Temp\cct4ZHIq.s 			page 7


 100      0C3670EA 
 100      01C7
 101 01c3 47E7A359 		.ascii	"G\347\243Ygyx\272@\361>\241\271\201\363\004\037\330"
 101      677978BA 
 101      40F13EA1 
 101      B981F304 
 101      1FD8
 102 01d5 A85D403B 		.ascii	"\250]@;v\203\203g\017#\017\330{ \232\26543\257\304\202"
 102      76838367 
 102      0F230FD8 
 102      7B209AB5 
 102      3433AFC4 
 103 01ea CDDD2F54 		.ascii	"\315\335/T\301\231A\321=5/\265(\261$5%>8\277\264(95"
 103      C19941D1 
 103      3D352FB5 
 103      28B12435 
 103      253E38BF 
 104 0202 262038DF 		.ascii	"& 8\337\3314&\271\262\244\262 \265X/\203\201? \3347"
 104      D93426B9 
 104      B2A4B220 
 104      B5582F83 
 104      813F20DC 
 105 0217 3E28353D 		.ascii	">(5=\3364>\274(\263$U\031\207\016\2702\275d\006>\204"
 105      DE343EBC 
 105      28B32455 
 105      19870EB8 
 105      32BD6406 
 106 022d 9EA0D4C4 		.ascii	"\236\240\324\304\024\226\242\324t\013\000\2523\363\321"
 106      1496A2D4 
 106      740B00AA 
 106      33F3D1
 107              		.text
 108              		.section	.gnu.lto_.symtab.ec5a546e,"",%progbits
 109 0000 50574D5F 		.ascii	"PWM_Reg_5_Write\000\000\000\000\000\000\000\000\000"
 109      5265675F 
 109      355F5772 
 109      69746500 
 109      00000000 
 110 0018 000000B2 		.ascii	"\000\000\000\262\000\000\000PWM_Reg_5_Read\000\000\000"
 110      00000050 
 110      574D5F52 
 110      65675F35 
 110      5F526561 
 111 0030 00000000 		.ascii	"\000\000\000\000\000\000\000\000\000\265\000\000\000"
 111      00000000 
 111      00B50000 
 111      00
 112              		.text
 113              		.section	.gnu.lto_.opts,"",%progbits
 114 0000 272D666E 		.ascii	"'-fno-trapv' '-mcpu=cortex-m3' '-mthumb' '-g' '-Os'"
 114      6F2D7472 
 114      61707627 
 114      20272D6D 
 114      6370753D 
 115 0033 20272D66 		.ascii	" '-ffunction-sections' '-finline-functions' '-flto'"
 115      66756E63 
 115      74696F6E 
ARM GAS  C:\Users\Bruger\AppData\Local\Temp\cct4ZHIq.s 			page 8


 115      2D736563 
 115      74696F6E 
 116 0066 20272D66 		.ascii	" '-ffat-lto-objects'\000"
 116      6661742D 
 116      6C746F2D 
 116      6F626A65 
 116      63747327 
 117              		.text
 118              		.cfi_sections	.debug_frame
 119              		.section	.text.PWM_Reg_5_Write,"ax",%progbits
 120              		.align	1
 121              		.global	PWM_Reg_5_Write
 122              		.thumb
 123              		.thumb_func
 124              		.type	PWM_Reg_5_Write, %function
 125              	PWM_Reg_5_Write:
 126              	.LFB0:
 127              		.file 1 "Generated_Source\\PSoC5\\PWM_Reg_5.c"
   1:Generated_Source\PSoC5/PWM_Reg_5.c **** /*******************************************************************************
   2:Generated_Source\PSoC5/PWM_Reg_5.c **** * File Name: PWM_Reg_5.c  
   3:Generated_Source\PSoC5/PWM_Reg_5.c **** * Version 1.80
   4:Generated_Source\PSoC5/PWM_Reg_5.c **** *
   5:Generated_Source\PSoC5/PWM_Reg_5.c **** * Description:
   6:Generated_Source\PSoC5/PWM_Reg_5.c **** *  This file contains API to enable firmware control of a Control Register.
   7:Generated_Source\PSoC5/PWM_Reg_5.c **** *
   8:Generated_Source\PSoC5/PWM_Reg_5.c **** * Note:
   9:Generated_Source\PSoC5/PWM_Reg_5.c **** *
  10:Generated_Source\PSoC5/PWM_Reg_5.c **** ********************************************************************************
  11:Generated_Source\PSoC5/PWM_Reg_5.c **** * Copyright 2008-2015, Cypress Semiconductor Corporation.  All rights reserved.
  12:Generated_Source\PSoC5/PWM_Reg_5.c **** * You may use this file only in accordance with the license, terms, conditions, 
  13:Generated_Source\PSoC5/PWM_Reg_5.c **** * disclaimers, and limitations in the end user license agreement accompanying 
  14:Generated_Source\PSoC5/PWM_Reg_5.c **** * the software package with which this file was provided.
  15:Generated_Source\PSoC5/PWM_Reg_5.c **** *******************************************************************************/
  16:Generated_Source\PSoC5/PWM_Reg_5.c **** 
  17:Generated_Source\PSoC5/PWM_Reg_5.c **** #include "PWM_Reg_5.h"
  18:Generated_Source\PSoC5/PWM_Reg_5.c **** 
  19:Generated_Source\PSoC5/PWM_Reg_5.c **** /* Check for removal by optimization */
  20:Generated_Source\PSoC5/PWM_Reg_5.c **** #if !defined(PWM_Reg_5_Sync_ctrl_reg__REMOVED)
  21:Generated_Source\PSoC5/PWM_Reg_5.c **** 
  22:Generated_Source\PSoC5/PWM_Reg_5.c ****     
  23:Generated_Source\PSoC5/PWM_Reg_5.c **** /*******************************************************************************
  24:Generated_Source\PSoC5/PWM_Reg_5.c **** * Function Name: PWM_Reg_5_Write
  25:Generated_Source\PSoC5/PWM_Reg_5.c **** ********************************************************************************
  26:Generated_Source\PSoC5/PWM_Reg_5.c **** *
  27:Generated_Source\PSoC5/PWM_Reg_5.c **** * Summary:
  28:Generated_Source\PSoC5/PWM_Reg_5.c **** *  Write a byte to the Control Register.
  29:Generated_Source\PSoC5/PWM_Reg_5.c **** *
  30:Generated_Source\PSoC5/PWM_Reg_5.c **** * Parameters:
  31:Generated_Source\PSoC5/PWM_Reg_5.c **** *  control:  The value to be assigned to the Control Register.
  32:Generated_Source\PSoC5/PWM_Reg_5.c **** *
  33:Generated_Source\PSoC5/PWM_Reg_5.c **** * Return:
  34:Generated_Source\PSoC5/PWM_Reg_5.c **** *  None.
  35:Generated_Source\PSoC5/PWM_Reg_5.c **** *
  36:Generated_Source\PSoC5/PWM_Reg_5.c **** *******************************************************************************/
  37:Generated_Source\PSoC5/PWM_Reg_5.c **** void PWM_Reg_5_Write(uint8 control) 
  38:Generated_Source\PSoC5/PWM_Reg_5.c **** {
 128              		.loc 1 38 0
ARM GAS  C:\Users\Bruger\AppData\Local\Temp\cct4ZHIq.s 			page 9


 129              		.cfi_startproc
 130              		@ args = 0, pretend = 0, frame = 0
 131              		@ frame_needed = 0, uses_anonymous_args = 0
 132              		@ link register save eliminated.
 133              	.LVL0:
  39:Generated_Source\PSoC5/PWM_Reg_5.c ****     PWM_Reg_5_Control = control;
 134              		.loc 1 39 0
 135 0000 014B     		ldr	r3, .L2
 136 0002 1870     		strb	r0, [r3]
 137 0004 7047     		bx	lr
 138              	.L3:
 139 0006 00BF     		.align	2
 140              	.L2:
 141 0008 74640040 		.word	1073767540
 142              		.cfi_endproc
 143              	.LFE0:
 144              		.size	PWM_Reg_5_Write, .-PWM_Reg_5_Write
 145              		.section	.text.PWM_Reg_5_Read,"ax",%progbits
 146              		.align	1
 147              		.global	PWM_Reg_5_Read
 148              		.thumb
 149              		.thumb_func
 150              		.type	PWM_Reg_5_Read, %function
 151              	PWM_Reg_5_Read:
 152              	.LFB1:
  40:Generated_Source\PSoC5/PWM_Reg_5.c **** }
  41:Generated_Source\PSoC5/PWM_Reg_5.c **** 
  42:Generated_Source\PSoC5/PWM_Reg_5.c **** 
  43:Generated_Source\PSoC5/PWM_Reg_5.c **** /*******************************************************************************
  44:Generated_Source\PSoC5/PWM_Reg_5.c **** * Function Name: PWM_Reg_5_Read
  45:Generated_Source\PSoC5/PWM_Reg_5.c **** ********************************************************************************
  46:Generated_Source\PSoC5/PWM_Reg_5.c **** *
  47:Generated_Source\PSoC5/PWM_Reg_5.c **** * Summary:
  48:Generated_Source\PSoC5/PWM_Reg_5.c **** *  Reads the current value assigned to the Control Register.
  49:Generated_Source\PSoC5/PWM_Reg_5.c **** *
  50:Generated_Source\PSoC5/PWM_Reg_5.c **** * Parameters:
  51:Generated_Source\PSoC5/PWM_Reg_5.c **** *  None.
  52:Generated_Source\PSoC5/PWM_Reg_5.c **** *
  53:Generated_Source\PSoC5/PWM_Reg_5.c **** * Return:
  54:Generated_Source\PSoC5/PWM_Reg_5.c **** *  Returns the current value in the Control Register.
  55:Generated_Source\PSoC5/PWM_Reg_5.c **** *
  56:Generated_Source\PSoC5/PWM_Reg_5.c **** *******************************************************************************/
  57:Generated_Source\PSoC5/PWM_Reg_5.c **** uint8 PWM_Reg_5_Read(void) 
  58:Generated_Source\PSoC5/PWM_Reg_5.c **** {
 153              		.loc 1 58 0
 154              		.cfi_startproc
 155              		@ args = 0, pretend = 0, frame = 0
 156              		@ frame_needed = 0, uses_anonymous_args = 0
 157              		@ link register save eliminated.
  59:Generated_Source\PSoC5/PWM_Reg_5.c ****     return PWM_Reg_5_Control;
 158              		.loc 1 59 0
 159 0000 014B     		ldr	r3, .L5
 160 0002 1878     		ldrb	r0, [r3]	@ zero_extendqisi2
  60:Generated_Source\PSoC5/PWM_Reg_5.c **** }
 161              		.loc 1 60 0
 162 0004 7047     		bx	lr
 163              	.L6:
ARM GAS  C:\Users\Bruger\AppData\Local\Temp\cct4ZHIq.s 			page 10


 164 0006 00BF     		.align	2
 165              	.L5:
 166 0008 74640040 		.word	1073767540
 167              		.cfi_endproc
 168              	.LFE1:
 169              		.size	PWM_Reg_5_Read, .-PWM_Reg_5_Read
 170              		.text
 171              	.Letext0:
 172              		.file 2 "Generated_Source\\PSoC5\\cytypes.h"
 173              		.section	.debug_info,"",%progbits
 174              	.Ldebug_info0:
 175 0000 D2000000 		.4byte	0xd2
 176 0004 0400     		.2byte	0x4
 177 0006 00000000 		.4byte	.Ldebug_abbrev0
 178 000a 04       		.byte	0x4
 179 000b 01       		.uleb128 0x1
 180 000c 14000000 		.4byte	.LASF14
 181 0010 01       		.byte	0x1
 182 0011 BB000000 		.4byte	.LASF15
 183 0015 12010000 		.4byte	.LASF16
 184 0019 00000000 		.4byte	.Ldebug_ranges0+0
 185 001d 00000000 		.4byte	0
 186 0021 00000000 		.4byte	.Ldebug_line0
 187 0025 02       		.uleb128 0x2
 188 0026 01       		.byte	0x1
 189 0027 06       		.byte	0x6
 190 0028 CF010000 		.4byte	.LASF0
 191 002c 02       		.uleb128 0x2
 192 002d 01       		.byte	0x1
 193 002e 08       		.byte	0x8
 194 002f 06000000 		.4byte	.LASF1
 195 0033 02       		.uleb128 0x2
 196 0034 02       		.byte	0x2
 197 0035 05       		.byte	0x5
 198 0036 B6010000 		.4byte	.LASF2
 199 003a 02       		.uleb128 0x2
 200 003b 02       		.byte	0x2
 201 003c 07       		.byte	0x7
 202 003d F0000000 		.4byte	.LASF3
 203 0041 02       		.uleb128 0x2
 204 0042 04       		.byte	0x4
 205 0043 05       		.byte	0x5
 206 0044 C6010000 		.4byte	.LASF4
 207 0048 02       		.uleb128 0x2
 208 0049 04       		.byte	0x4
 209 004a 07       		.byte	0x7
 210 004b DE000000 		.4byte	.LASF5
 211 004f 02       		.uleb128 0x2
 212 0050 08       		.byte	0x8
 213 0051 05       		.byte	0x5
 214 0052 A3010000 		.4byte	.LASF6
 215 0056 02       		.uleb128 0x2
 216 0057 08       		.byte	0x8
 217 0058 07       		.byte	0x7
 218 0059 78010000 		.4byte	.LASF7
 219 005d 03       		.uleb128 0x3
 220 005e 04       		.byte	0x4
ARM GAS  C:\Users\Bruger\AppData\Local\Temp\cct4ZHIq.s 			page 11


 221 005f 05       		.byte	0x5
 222 0060 696E7400 		.ascii	"int\000"
 223 0064 02       		.uleb128 0x2
 224 0065 04       		.byte	0x4
 225 0066 07       		.byte	0x7
 226 0067 6B010000 		.4byte	.LASF8
 227 006b 04       		.uleb128 0x4
 228 006c C0010000 		.4byte	.LASF12
 229 0070 02       		.byte	0x2
 230 0071 3801     		.2byte	0x138
 231 0073 2C000000 		.4byte	0x2c
 232 0077 02       		.uleb128 0x2
 233 0078 04       		.byte	0x4
 234 0079 04       		.byte	0x4
 235 007a 00000000 		.4byte	.LASF9
 236 007e 02       		.uleb128 0x2
 237 007f 08       		.byte	0x8
 238 0080 04       		.byte	0x4
 239 0081 0B010000 		.4byte	.LASF10
 240 0085 02       		.uleb128 0x2
 241 0086 01       		.byte	0x1
 242 0087 08       		.byte	0x8
 243 0088 B1010000 		.4byte	.LASF11
 244 008c 04       		.uleb128 0x4
 245 008d 8F010000 		.4byte	.LASF13
 246 0091 02       		.byte	0x2
 247 0092 E201     		.2byte	0x1e2
 248 0094 98000000 		.4byte	0x98
 249 0098 05       		.uleb128 0x5
 250 0099 6B000000 		.4byte	0x6b
 251 009d 06       		.uleb128 0x6
 252 009e DB010000 		.4byte	.LASF17
 253 00a2 01       		.byte	0x1
 254 00a3 25       		.byte	0x25
 255 00a4 00000000 		.4byte	.LFB0
 256 00a8 0C000000 		.4byte	.LFE0-.LFB0
 257 00ac 01       		.uleb128 0x1
 258 00ad 9C       		.byte	0x9c
 259 00ae C0000000 		.4byte	0xc0
 260 00b2 07       		.uleb128 0x7
 261 00b3 03010000 		.4byte	.LASF18
 262 00b7 01       		.byte	0x1
 263 00b8 25       		.byte	0x25
 264 00b9 6B000000 		.4byte	0x6b
 265 00bd 01       		.uleb128 0x1
 266 00be 50       		.byte	0x50
 267 00bf 00       		.byte	0
 268 00c0 08       		.uleb128 0x8
 269 00c1 94010000 		.4byte	.LASF19
 270 00c5 01       		.byte	0x1
 271 00c6 39       		.byte	0x39
 272 00c7 6B000000 		.4byte	0x6b
 273 00cb 00000000 		.4byte	.LFB1
 274 00cf 0C000000 		.4byte	.LFE1-.LFB1
 275 00d3 01       		.uleb128 0x1
 276 00d4 9C       		.byte	0x9c
 277 00d5 00       		.byte	0
ARM GAS  C:\Users\Bruger\AppData\Local\Temp\cct4ZHIq.s 			page 12


 278              		.section	.debug_abbrev,"",%progbits
 279              	.Ldebug_abbrev0:
 280 0000 01       		.uleb128 0x1
 281 0001 11       		.uleb128 0x11
 282 0002 01       		.byte	0x1
 283 0003 25       		.uleb128 0x25
 284 0004 0E       		.uleb128 0xe
 285 0005 13       		.uleb128 0x13
 286 0006 0B       		.uleb128 0xb
 287 0007 03       		.uleb128 0x3
 288 0008 0E       		.uleb128 0xe
 289 0009 1B       		.uleb128 0x1b
 290 000a 0E       		.uleb128 0xe
 291 000b 55       		.uleb128 0x55
 292 000c 17       		.uleb128 0x17
 293 000d 11       		.uleb128 0x11
 294 000e 01       		.uleb128 0x1
 295 000f 10       		.uleb128 0x10
 296 0010 17       		.uleb128 0x17
 297 0011 00       		.byte	0
 298 0012 00       		.byte	0
 299 0013 02       		.uleb128 0x2
 300 0014 24       		.uleb128 0x24
 301 0015 00       		.byte	0
 302 0016 0B       		.uleb128 0xb
 303 0017 0B       		.uleb128 0xb
 304 0018 3E       		.uleb128 0x3e
 305 0019 0B       		.uleb128 0xb
 306 001a 03       		.uleb128 0x3
 307 001b 0E       		.uleb128 0xe
 308 001c 00       		.byte	0
 309 001d 00       		.byte	0
 310 001e 03       		.uleb128 0x3
 311 001f 24       		.uleb128 0x24
 312 0020 00       		.byte	0
 313 0021 0B       		.uleb128 0xb
 314 0022 0B       		.uleb128 0xb
 315 0023 3E       		.uleb128 0x3e
 316 0024 0B       		.uleb128 0xb
 317 0025 03       		.uleb128 0x3
 318 0026 08       		.uleb128 0x8
 319 0027 00       		.byte	0
 320 0028 00       		.byte	0
 321 0029 04       		.uleb128 0x4
 322 002a 16       		.uleb128 0x16
 323 002b 00       		.byte	0
 324 002c 03       		.uleb128 0x3
 325 002d 0E       		.uleb128 0xe
 326 002e 3A       		.uleb128 0x3a
 327 002f 0B       		.uleb128 0xb
 328 0030 3B       		.uleb128 0x3b
 329 0031 05       		.uleb128 0x5
 330 0032 49       		.uleb128 0x49
 331 0033 13       		.uleb128 0x13
 332 0034 00       		.byte	0
 333 0035 00       		.byte	0
 334 0036 05       		.uleb128 0x5
ARM GAS  C:\Users\Bruger\AppData\Local\Temp\cct4ZHIq.s 			page 13


 335 0037 35       		.uleb128 0x35
 336 0038 00       		.byte	0
 337 0039 49       		.uleb128 0x49
 338 003a 13       		.uleb128 0x13
 339 003b 00       		.byte	0
 340 003c 00       		.byte	0
 341 003d 06       		.uleb128 0x6
 342 003e 2E       		.uleb128 0x2e
 343 003f 01       		.byte	0x1
 344 0040 3F       		.uleb128 0x3f
 345 0041 19       		.uleb128 0x19
 346 0042 03       		.uleb128 0x3
 347 0043 0E       		.uleb128 0xe
 348 0044 3A       		.uleb128 0x3a
 349 0045 0B       		.uleb128 0xb
 350 0046 3B       		.uleb128 0x3b
 351 0047 0B       		.uleb128 0xb
 352 0048 27       		.uleb128 0x27
 353 0049 19       		.uleb128 0x19
 354 004a 11       		.uleb128 0x11
 355 004b 01       		.uleb128 0x1
 356 004c 12       		.uleb128 0x12
 357 004d 06       		.uleb128 0x6
 358 004e 40       		.uleb128 0x40
 359 004f 18       		.uleb128 0x18
 360 0050 9742     		.uleb128 0x2117
 361 0052 19       		.uleb128 0x19
 362 0053 01       		.uleb128 0x1
 363 0054 13       		.uleb128 0x13
 364 0055 00       		.byte	0
 365 0056 00       		.byte	0
 366 0057 07       		.uleb128 0x7
 367 0058 05       		.uleb128 0x5
 368 0059 00       		.byte	0
 369 005a 03       		.uleb128 0x3
 370 005b 0E       		.uleb128 0xe
 371 005c 3A       		.uleb128 0x3a
 372 005d 0B       		.uleb128 0xb
 373 005e 3B       		.uleb128 0x3b
 374 005f 0B       		.uleb128 0xb
 375 0060 49       		.uleb128 0x49
 376 0061 13       		.uleb128 0x13
 377 0062 02       		.uleb128 0x2
 378 0063 18       		.uleb128 0x18
 379 0064 00       		.byte	0
 380 0065 00       		.byte	0
 381 0066 08       		.uleb128 0x8
 382 0067 2E       		.uleb128 0x2e
 383 0068 00       		.byte	0
 384 0069 3F       		.uleb128 0x3f
 385 006a 19       		.uleb128 0x19
 386 006b 03       		.uleb128 0x3
 387 006c 0E       		.uleb128 0xe
 388 006d 3A       		.uleb128 0x3a
 389 006e 0B       		.uleb128 0xb
 390 006f 3B       		.uleb128 0x3b
 391 0070 0B       		.uleb128 0xb
ARM GAS  C:\Users\Bruger\AppData\Local\Temp\cct4ZHIq.s 			page 14


 392 0071 27       		.uleb128 0x27
 393 0072 19       		.uleb128 0x19
 394 0073 49       		.uleb128 0x49
 395 0074 13       		.uleb128 0x13
 396 0075 11       		.uleb128 0x11
 397 0076 01       		.uleb128 0x1
 398 0077 12       		.uleb128 0x12
 399 0078 06       		.uleb128 0x6
 400 0079 40       		.uleb128 0x40
 401 007a 18       		.uleb128 0x18
 402 007b 9742     		.uleb128 0x2117
 403 007d 19       		.uleb128 0x19
 404 007e 00       		.byte	0
 405 007f 00       		.byte	0
 406 0080 00       		.byte	0
 407              		.section	.debug_aranges,"",%progbits
 408 0000 24000000 		.4byte	0x24
 409 0004 0200     		.2byte	0x2
 410 0006 00000000 		.4byte	.Ldebug_info0
 411 000a 04       		.byte	0x4
 412 000b 00       		.byte	0
 413 000c 0000     		.2byte	0
 414 000e 0000     		.2byte	0
 415 0010 00000000 		.4byte	.LFB0
 416 0014 0C000000 		.4byte	.LFE0-.LFB0
 417 0018 00000000 		.4byte	.LFB1
 418 001c 0C000000 		.4byte	.LFE1-.LFB1
 419 0020 00000000 		.4byte	0
 420 0024 00000000 		.4byte	0
 421              		.section	.debug_ranges,"",%progbits
 422              	.Ldebug_ranges0:
 423 0000 00000000 		.4byte	.LFB0
 424 0004 0C000000 		.4byte	.LFE0
 425 0008 00000000 		.4byte	.LFB1
 426 000c 0C000000 		.4byte	.LFE1
 427 0010 00000000 		.4byte	0
 428 0014 00000000 		.4byte	0
 429              		.section	.debug_line,"",%progbits
 430              	.Ldebug_line0:
 431 0000 6D000000 		.section	.debug_str,"MS",%progbits,1
 431      02004600 
 431      00000201 
 431      FB0E0D00 
 431      01010101 
 432              	.LASF9:
 433 0000 666C6F61 		.ascii	"float\000"
 433      7400
 434              	.LASF1:
 435 0006 756E7369 		.ascii	"unsigned char\000"
 435      676E6564 
 435      20636861 
 435      7200
 436              	.LASF14:
 437 0014 474E5520 		.ascii	"GNU C 4.9.3 20150303 (release) [ARM/embedded-4_9-br"
 437      4320342E 
 437      392E3320 
 437      32303135 
ARM GAS  C:\Users\Bruger\AppData\Local\Temp\cct4ZHIq.s 			page 15


 437      30333033 
 438 0047 616E6368 		.ascii	"anch revision 221220] -mcpu=cortex-m3 -mthumb -g -O"
 438      20726576 
 438      6973696F 
 438      6E203232 
 438      31323230 
 439 007a 73202D66 		.ascii	"s -ffunction-sections -finline-functions -flto -ffa"
 439      66756E63 
 439      74696F6E 
 439      2D736563 
 439      74696F6E 
 440 00ad 742D6C74 		.ascii	"t-lto-objects\000"
 440      6F2D6F62 
 440      6A656374 
 440      7300
 441              	.LASF15:
 442 00bb 47656E65 		.ascii	"Generated_Source\\PSoC5\\PWM_Reg_5.c\000"
 442      72617465 
 442      645F536F 
 442      75726365 
 442      5C50536F 
 443              	.LASF5:
 444 00de 6C6F6E67 		.ascii	"long unsigned int\000"
 444      20756E73 
 444      69676E65 
 444      6420696E 
 444      7400
 445              	.LASF3:
 446 00f0 73686F72 		.ascii	"short unsigned int\000"
 446      7420756E 
 446      7369676E 
 446      65642069 
 446      6E7400
 447              	.LASF18:
 448 0103 636F6E74 		.ascii	"control\000"
 448      726F6C00 
 449              	.LASF10:
 450 010b 646F7562 		.ascii	"double\000"
 450      6C6500
 451              	.LASF16:
 452 0112 433A5C55 		.ascii	"C:\\Users\\Bruger\\Desktop\\CODE\\PSOC5\\CY8CKIT-59"
 452      73657273 
 452      5C427275 
 452      6765725C 
 452      4465736B 
 453 013f 2D417264 		.ascii	"-Arduino\\CY8CKIT59_Ardudino-Speeduino.cydsn\000"
 453      75696E6F 
 453      5C435938 
 453      434B4954 
 453      35395F41 
 454              	.LASF8:
 455 016b 756E7369 		.ascii	"unsigned int\000"
 455      676E6564 
 455      20696E74 
 455      00
 456              	.LASF7:
 457 0178 6C6F6E67 		.ascii	"long long unsigned int\000"
ARM GAS  C:\Users\Bruger\AppData\Local\Temp\cct4ZHIq.s 			page 16


 457      206C6F6E 
 457      6720756E 
 457      7369676E 
 457      65642069 
 458              	.LASF13:
 459 018f 72656738 		.ascii	"reg8\000"
 459      00
 460              	.LASF19:
 461 0194 50574D5F 		.ascii	"PWM_Reg_5_Read\000"
 461      5265675F 
 461      355F5265 
 461      616400
 462              	.LASF6:
 463 01a3 6C6F6E67 		.ascii	"long long int\000"
 463      206C6F6E 
 463      6720696E 
 463      7400
 464              	.LASF11:
 465 01b1 63686172 		.ascii	"char\000"
 465      00
 466              	.LASF2:
 467 01b6 73686F72 		.ascii	"short int\000"
 467      7420696E 
 467      7400
 468              	.LASF12:
 469 01c0 75696E74 		.ascii	"uint8\000"
 469      3800
 470              	.LASF4:
 471 01c6 6C6F6E67 		.ascii	"long int\000"
 471      20696E74 
 471      00
 472              	.LASF0:
 473 01cf 7369676E 		.ascii	"signed char\000"
 473      65642063 
 473      68617200 
 474              	.LASF17:
 475 01db 50574D5F 		.ascii	"PWM_Reg_5_Write\000"
 475      5265675F 
 475      355F5772 
 475      69746500 
 476              		.comm	__gnu_lto_v1,1,1
 477              		.ident	"GCC: (GNU Tools for ARM Embedded Processors) 4.9.3 20150303 (release) [ARM/embedded-4_9-br
