ARM GAS  C:\Users\Bruger\AppData\Local\Temp\ccgPyjrl.s 			page 1


   1              		.syntax unified
   2              		.cpu cortex-m3
   3              		.fpu softvfp
   4              		.eabi_attribute 20, 1
   5              		.eabi_attribute 21, 1
   6              		.eabi_attribute 23, 3
   7              		.eabi_attribute 24, 1
   8              		.eabi_attribute 25, 1
   9              		.eabi_attribute 26, 1
  10              		.eabi_attribute 30, 4
  11              		.eabi_attribute 34, 1
  12              		.eabi_attribute 18, 4
  13              		.thumb
  14              		.file	"SPI_MODE_REG_PM.c"
  15              		.text
  16              	.Ltext0:
  17              		.section	.gnu.lto_.profile.ec5a240a,"",%progbits
  18 0000 789C6366 		.ascii	"x\234cf```a\200\000F\006\005.\000\000\276\0003"
  18      60606061 
  18      80004606 
  18      052E0000 
  18      BE0033
  19              		.text
  20              		.section	.gnu.lto_.jmpfuncs.ec5a240a,"",%progbits
  21 0000 789C6366 		.ascii	"x\234cf\300\016\004\2404\013\0203100C\231\014\000\002"
  21      C00E04A0 
  21      340B1033 
  21      31303043 
  21      990C0002 
  22 0014 C70021   		.ascii	"\307\000!"
  23              		.text
  24              		.section	.gnu.lto_.inline.ec5a240a,"",%progbits
  25 0000 789C6366 		.ascii	"x\234cf\300\016\302\2404\013\003\003+\013#\003\023\313"
  25      C00EC2A0 
  25      340B0303 
  25      2B0B2303 
  25      13CB
  26 0012 027906B6 		.ascii	"\002y\006\266\005\362L 1&L!f\006\026\036\240\020\220"
  26      05F24C20 
  26      31264C21 
  26      6606161E 
  26      A01090
  27 0025 051361E4 		.ascii	"\005\023a\344\002\353\306*\314\000\000 A\005]"
  27      02EBC62A 
  27      CC000020 
  27      41055D
  28              		.text
  29              		.section	.gnu.lto_.pureconst.ec5a240a,"",%progbits
  30 0000 789C6366 		.ascii	"x\234cf``\340d\200\000\026\006)&)f\011\026\011\000\002"
  30      6060E064 
  30      80001606 
  30      29262966 
  30      09160900 
  31 0015 C9007E   		.ascii	"\311\000~"
  32              		.text
  33              		.section	.gnu.lto_SPI_MODE_REG_SaveConfig.ec5a240a,"",%progbits
  34 0000 789C658F 		.ascii	"x\234e\217\261KBQ\024\306\317w\336S\014\227h\364\037"
ARM GAS  C:\Users\Bruger\AppData\Local\Temp\ccgPyjrl.s 			page 2


  34      B14B4251 
  34      14C6CF77 
  34      DE530C97 
  34      68F41F
  35 0013 9008DB82 		.ascii	"\220\010\333\202\246\226\022i\220$WA\302\\\023\244\266"
  35      A6961269 
  35      90245741 
  35      C25C13A4 
  35      B6
  36 0024 C4F7C420 		.ascii	"\304\367\304 \032J\234\2022\210\210,M\241\241\266x5"
  36      1A4A9C82 
  36      3288882C 
  36      4DA1A1B6 
  36      7835
  37 0036 05411142 		.ascii	"\005A\021B\201C-F\265eB\365(\263su\011\272p9\367\234"
  37      81432D46 
  37      B56542F5 
  37      28B37375 
  37      09BA7039 
  38 004c F3DDDF39 		.ascii	"\363\335\3379\237F\377\217G\356\030\210\206$B#p\356"
  38      9F46FF8F 
  38      47EE1888 
  38      86244223 
  38      70EE
  39 005e 8AC87431 		.ascii	"\212\310t1\240\036\004J3\322x\341&#g\225\326\335\336"
  39      A01E044A 
  39      33D278E1 
  39      26236795 
  39      D6DDDE
  40 0071 5DC3305E 		.ascii	"]\3030^3\227f\310\202\315D-\356q\260\007/\211\250\231"
  40      339766C8 
  40      82CD442D 
  40      EE71B007 
  40      2F89A899 
  41 0085 6DDFB99D 		.ascii	"m\337\271\235Y\021\365\367z(\302)|\252\016XF\247\323"
  41      5911F5F7 
  41      7A28C229 
  41      7CAA0E58 
  41      46A7D3
  42 0098 2A9F1D43 		.ascii	"*\237\035Cg\262Yj\015\351\253)\217\314*ju\234\277\257"
  42      67B2596A 
  42      0DE9AB29 
  42      8FCC2A6A 
  42      759CBFAF 
  43 00ac DC2EB9D5 		.ascii	"\334.\271\325\227\017V#\277\237j\213\317l3\177^\230"
  43      970F5623 
  43      BF9F6A8B 
  43      CF6C337F 
  43      5E98
  44 00be 86AEF80F 		.ascii	"\206\256\370\017\215\353\033W\267D*-\344Ow\372\012\330"
  44      8DEB1B57 
  44      B7442A2D 
  44      E44F77FA 
  44      0AD8
  45 00d0 30B3B28D 		.ascii	"0\263\262\215\206}xp\000\361\204\022\012\240:2\371m"
  45      867D7870 
  45      00F18412 
ARM GAS  C:\Users\Bruger\AppData\Local\Temp\ccgPyjrl.s 			page 3


  45      0AA03A32 
  45      F96D
  46 00e2 AFC28974 		.ascii	"\257\302\211t\253\266Z\341\324\227\261l\270l\326\333"
  46      ABB65AE1 
  46      D497B16C 
  46      B86CD6DB 
  47 00f2 6AB7BF3C 		.ascii	"j\267\277<\275\233\026\315\354&\024\317P*\007\312H\341"
  47      BD9B16CD 
  47      EC2614CF 
  47      502A07CA 
  47      48E1
  48 0104 5001A5F7 		.ascii	"P\001\245\367S^;r\372Jb\315\032\265\331\211\212\010"
  48      535E3B72 
  48      FA4A62CD 
  48      1AB5D989 
  48      8A08
  49 0116 DFBAF651 		.ascii	"\337\272\366Q\205O\026\246{\230\326\211C\315S\325\206"
  49      854F16A6 
  49      7B98D689 
  49      43CD53D5 
  49      86
  50 0127 78145BA2 		.ascii	"x\024[\242\030\014\304\347\342\311\231\371\370l4\234"
  50      180CC4E7 
  50      E2C999F9 
  50      F86C349C 
  51 0137 5848C6E2 		.ascii	"XH\306\342\221P81>\022\011\207&\243\301\251\011\177"
  51      91503831 
  51      3E120987 
  51      26A3C1A9 
  51      097F
  52 0149 74DA1F88 		.ascii	"t\332\037\210\206\202\3031\372\005\\R\201;"
  52      8682C331 
  52      FA055C52 
  52      813B
  53              		.text
  54              		.section	.gnu.lto_SPI_MODE_REG_RestoreConfig.ec5a240a,"",%progbits
  55 0000 789C658F 		.ascii	"x\234e\2171HBa\020\307\357\356\351\303p\211F\241YBl"
  55      31484261 
  55      10C7EFEE 
  55      E9C37089 
  55      46A15942 
  56 0015 6B692D93 		.ascii	"ki-\223\006\351\221\253\360\010{\320\224 \265%~/\336"
  56      06E991AB 
  56      F0087BD0 
  56      9420B525 
  56      7E2FDE
  57 0028 D054E614 		.ascii	"\320T\346\024\224-!Y\232BAc\276\232\232\222r\010\034"
  57      942D2159 
  57      9A424163 
  57      BE9A9A92 
  57      72081C
  58 003b 8AC0A8B6 		.ascii	"\212\300\250\266\254\241\036ev\337s\212>\370\270\357"
  58      ACA11E65 
  58      76DF738A 
  58      3EF8B8EF 
  59 004b BBFBDFFF 		.ascii	"\273\373\337\377w\247\300\377\023\340;\216\000!\216"
  59      77A7C0FF 
ARM GAS  C:\Users\Bruger\AppData\Local\Temp\ccgPyjrl.s 			page 4


  59      13E03B8E 
  59      00218E
  60 005a A80052EE 		.ascii	"\250\000R\356\012\300\364\021\242|\000B\2260\213/\324"
  60      0AC0F411 
  60      A27C0042 
  60      96308B2F 
  60      D4
  61 006b 21CCD9E5 		.ascii	"!\314\331\345-\177\260(\204x\275i\230\232\215\016\001"
  61      2D7FB028 
  61      8478BD69 
  61      989A8D0E 
  61      01
  62 007c BC53DF07 		.ascii	"\274S\337\007\3671\010,\352X\335[\277j\261h\260_\303"
  62      F731082C 
  62      EA58DD5B 
  62      BF6AB168 
  62      B05FC3
  63 008f 12AAEC0F 		.ascii	"\022\252\354\017\265![\364z'\365\363\234\352!p\210s"
  63      B5215BF4 
  63      7A27F5F3 
  63      9CEA2170 
  63      8873
  64 00a1 6DAE4BCA 		.ascii	"m\256K\312#\221\214J\013WO;\365\005\331\361A\222\270"
  64      23918C4A 
  64      0B574F3B 
  64      F505D9F1 
  64      4192B8
  65 00b4 DB5CAF52 		.ascii	"\333\\\257R\346K\254\011\237C\324\225v\234\275o7\256"
  65      E64BAC09 
  65      9F43D495 
  65      769CBD6F 
  65      37AE
  66 00c6 7DCFC419 		.ascii	"}\317\304\031\367[2\255\035,\340\266)\244J\301\003\314"
  66      F75B32AD 
  66      1D2CE0B6 
  66      29A44AC1 
  66      03CC
  67 00d8 E02106DC 		.ascii	"\340!\006\334\332Oe\343X\015\207\034\362`\2315o\356"
  67      DA4F65E3 
  67      580D871C 
  67      F2609935 
  67      6FEE
  68 00ea B058C130 		.ascii	"\260X\3010\264\360\"\3770,Q,\373~j\256HC\357\347\245"
  68      B4F022FF 
  68      302C512C 
  68      FB7E6AAE 
  68      4843EFE7 
  69 00ff 293C7F18 		.ascii	")<\177\030^\327\247\220?\333\033\220\014\313\264U\207"
  69      5ED7A790 
  69      3FDB1B90 
  69      0CCBB455 
  69      87
  70 0110 543CC200 		.ascii	"T<\302\000V%\004k\354\313\323\302\035\232\366\346\224"
  70      5625046B 
  70      ECCBD3C2 
  70      1D9AF6E6 
  70      94
ARM GAS  C:\Users\Bruger\AppData\Local\Temp\ccgPyjrl.s 			page 5


  71 0121 34948C36 		.ascii	"4\224\2146\357\307+1o$j,\032\351\271%c^\217\247\226"
  71      EFC72B31 
  71      6F246A2C 
  71      1AE9B925 
  71      635E8FA7 
  72 0136 D34923A1 		.ascii	"\323I#\241\305S\023c\211\2706\255\307f&#\372l$\252k"
  72      C5531363 
  72      89B836AD 
  72      C7662623 
  72      FA6C24AA 
  73 014b B1D124FC 		.ascii	"\261\321$\374\002\215y\177\305"
  73      028D797F 
  73      C5
  74              		.text
  75              		.section	.gnu.lto_SPI_MODE_REG_Sleep.ec5a240a,"",%progbits
  76 0000 789C6366 		.ascii	"x\234cf\300\004R@\274\030\210\265\201\230\221\231\201"
  76      C0045240 
  76      BC1888B5 
  76      81989199 
  76      81
  77 0011 9169C239 		.ascii	"\221i\3029\006\206F\016&FF\020\203\201\221\241\236\211"
  77      0686460E 
  77      26464610 
  77      838191A1 
  77      9E89
  78 0023 B19EF125 		.ascii	"\261\236\361%\323G&\306\011\007V\317\340V_\332\320\320"
  78      D34726C6 
  78      090756CF 
  78      E0565FDA 
  78      D0D0
  79 0035 F061D256 		.ascii	"\360a\322V\211V\211\237L\014\014\237\231 \3060.gTg\000"
  79      8956899F 
  79      4C0C0C9F 
  79      9920C630 
  79      2E675467 
  80 004a AAF9D8F2 		.ascii	"\252\371\330\362\367:7[\013P\215\000D\216q\005#\033"
  80      F73A375B 
  80      0B508D00 
  80      448E7105 
  80      231B
  81 005c 23905E2F 		.ascii	"#\220^/t\240\341\377\377\315W'vh\003\255ax\002\224\003"
  81      74A0E1FF 
  81      FFCD5727 
  81      766803AD 
  81      61780294 
  82 0071 59F09489 		.ascii	"Y\360\224\211\011D3\337al>p\375\030\023H5\310\230y\227"
  82      094433DF 
  82      616C3E70 
  82      FD181348 
  82      35C89879 
  83 0086 FBD631D5 		.ascii	"\373\3261\325\376n\350h\340\370\311\304\370\231\011"
  83      FE6EE868 
  83      E0F8C9C4 
  83      F89909
  84 0095 6802E34A 		.ascii	"h\002\343J\306Z\206\237@\345\367\030\033\017\334t\003"
  84      C65A869F 
  84      40E5F718 
ARM GAS  C:\Users\Bruger\AppData\Local\Temp\ccgPyjrl.s 			page 6


  84      1B0FDC74 
  84      03
  85 00a6 AB640019 		.ascii	"\253d\000\031\304\0102\000h\234\246{j^jQbIjJ|p~iQrj"
  85      C4083200 
  85      689CA67B 
  85      6A5E6A51 
  85      62496A4A 
  86 00c1 4C4070BE 		.ascii	"L@p\276\263iLp\200g\274\257\277\213k|\220\253{|\200"
  86      B3694C70 
  86      8067BCAF 
  86      BF8B6B7C 
  86      90AB7B7C 
  87 00d6 AF5E3203 		.ascii	"\257^2\003\000\267\030H\204"
  87      00B71848 
  87      84
  88              		.text
  89              		.section	.gnu.lto_SPI_MODE_REG_Wakeup.ec5a240a,"",%progbits
  90 0000 789C6366 		.ascii	"x\234cf\300\004R@\274\030\210\265\201\230\221\231\201"
  90      C0045240 
  90      BC1888B5 
  90      81989199 
  90      81
  91 0011 9169C239 		.ascii	"\221i\3029\006\206F\016&FF\020\203\201\221\241\236\211"
  91      0686460E 
  91      26464610 
  91      838191A1 
  91      9E89
  92 0023 B19EF125 		.ascii	"\261\236\361%\323G&\306\011\007V\317\340V_\332\320\320"
  92      D34726C6 
  92      090756CF 
  92      E0565FDA 
  92      D0D0
  93 0035 F0E1D24E 		.ascii	"\360\341\322N\211V\211\237L\014\014\237\231 \3060.g"
  93      8956899F 
  93      4C0C0C9F 
  93      9920C630 
  93      2E67
  94 0047 546700AA 		.ascii	"Tg\000\252\371\330\362\367:7[\013P\215\000D\216q\005"
  94      F9D8F2F7 
  94      3A375B0B 
  94      508D0044 
  94      8E7105
  95 005a 231B2390 		.ascii	"#\033#\220^/t\240\341\377\377\315\317'v\230\001\255"
  95      5E2F74A0 
  95      E1FFFFCD 
  95      CF277698 
  95      01AD
  96 006c 61780294 		.ascii	"ax\002\224\003Y\360\224\211\011D3\337al>0\3778\023H"
  96      0359F094 
  96      89094433 
  96      DF616C3E 
  96      30FF3813 
  97 0081 35C89879 		.ascii	"5\310\230y\227\373\3261\325\376n\350h\340\370\311\304"
  97      97FBD631 
  97      D5FE6EE8 
  97      68E0F8C9 
  97      C4
ARM GAS  C:\Users\Bruger\AppData\Local\Temp\ccgPyjrl.s 			page 7


  98 0092 F8990968 		.ascii	"\370\231\011h\002\343J\306Z\206\237@\345\367\030\033"
  98      02E34AC6 
  98      5A869F40 
  98      E5F7181B 
  99 00a2 0F6C7407 		.ascii	"\017lt\007\253d\000\031\304\0102\000h\234\246{j^jQb"
  99      AB640019 
  99      C4083200 
  99      689CA67B 
  99      6A5E6A51 
 100 00b7 496A4A7C 		.ascii	"IjJ|p~iQrjL@p\276\263iLp\200g\274\257\277\213k|\220"
 100      707E6951 
 100      726A4C40 
 100      70BEB369 
 100      4C708067 
 101 00d2 AB7B7C80 		.ascii	"\253{|\200\257^2\003\000\330yH\207"
 101      AF5E3203 
 101      00D87948 
 101      87
 102              		.text
 103              		.section	.gnu.lto_.symbol_nodes.ec5a240a,"",%progbits
 104 0000 789C5588 		.ascii	"x\234U\210\321\011\2000\024\304\362\356*\270\242\323"
 104      D1098030 
 104      14C4F2EE 
 104      2AB8A2D3 
 105 0010 DC0A4E20 		.ascii	"\334\012N \305\201\234\301I\212 ~\324\374\204\304\300"
 105      C5819CC1 
 105      498A207E 
 105      D4FC84C4 
 105      C0
 106 0021 C6872AB0 		.ascii	"\306\207*\260_\220p\364\225\005\272b)5o9\372u\213\347"
 106      5F9070F4 
 106      9505BA62 
 106      29356F39 
 106      FA758BE7 
 107 0035 B6E1BC47 		.ascii	"\266\341\274G\271\3515\017\341m\0273"
 107      B9E9350F 
 107      E16D1733 
 108              		.text
 109              		.section	.gnu.lto_.refs.ec5a240a,"",%progbits
 110 0000 789C6366 		.ascii	"x\234cf``\340f\200\000F\006FF&F& \311\000\000\001l\000"
 110      6060E066 
 110      80004606 
 110      46462646 
 110      2620C900 
 111 0018 19       		.ascii	"\031"
 112              		.text
 113              		.section	.gnu.lto_.decls.ec5a240a,"",%progbits
 114 0000 789C8D93 		.ascii	"x\234\215\223]LSI\024\307\347\334\251\265\326R\215$"
 114      5D4C5349 
 114      14C7E7DC 
 114      A9B5D652 
 114      8D24
 115 0012 601A1F50 		.ascii	"`\032\037P\023\242\206\030\263\311\032\337\026\255\206"
 115      13A28618 
 115      B3C91ADF 
 115      16AD86
 116 0021 28511B2A 		.ascii	"(Q\033*\361A\223\006\353\365#\032\312\326b\202O#h@\374"
ARM GAS  C:\Users\Bruger\AppData\Local\Temp\ccgPyjrl.s 			page 8


 116      F1419306 
 116      EBF5231A 
 116      CAD66282 
 116      4F236840 
 117 0036 886BDC48 		.ascii	"\210k\334H\320h\015DA\241\255\025T@\276\004\245\025"
 117      D0680D44 
 117      41A1AD15 
 117      5440BE04 
 117      A515
 118 0048 BBCB8361 		.ascii	"\273\313\203a\027\037\014\032\215&\232X?#\006\275\236"
 118      171F0C1A 
 118      8D269A58 
 118      3F2306BD 
 118      9E
 119 0059 99DE6B7B 		.ascii	"\231\336k{Q\334\235\344\334{g\346\374\376\347\3149w"
 119      51DC9DE4 
 119      DC7B67E6 
 119      FCFEE7CC 
 119      3977
 120 006b 28216409 		.ascii	"(!d\011\020\242\340\330g d\016~O\3015\007I\016\\&Mh"
 120      10A2E0D8 
 120      6720640E 
 120      7E4FC135 
 120      07490E5C 
 121 0082 01B4105A 		.ascii	"\001\264\020Z\030\015\335H/\321\017\3563Ue3\320\"h\375"
 121      180DDD48 
 121      2FD10FEE 
 121      33556533 
 121      D02268FD 
 122 0096 6851B44E 		.ascii	"hQ\264N\264\353*\327\241\276\233&\321\011L\320I\345"
 122      B4EB2AD7 
 122      A1BE9B26 
 122      D1094CD0 
 122      49E5
 123 00a8 35CD549D 		.ascii	"5\315T\235\300$:<W\252\352\334EkT\327%u\257\211|?\302"
 123      C0243A3C 
 123      57AAEADC 
 123      456B54D7 
 123      2575AF89 
 124 00bf 3F61C26A 		.ascii	"?a\302j\254\211\343\265\004\203\217?\276\265<\227\300"
 124      AC89E3B5 
 124      04838F3F 
 124      BEB53C97 
 124      C0
 125 00d0 6A9EC9A7 		.ascii	"j\236\311\247\265\377<}Gqj1K|zm\354C\320\230\371'\343"
 125      B5FF3C7D 
 125      47716A31 
 125      4B7C7A6D 
 125      EC43D098 
 126 00e7 A382CD94 		.ascii	"\243\202\315\224\300\221\001\027\301\006\015`\303\314"
 126      C0910117 
 126      C1060D60 
 126      C3CC
 127 00f5 1B21139F 		.ascii	"\033!\023\237\233\014\011\245\376\375gZ\255T\002\376"
 127      9B0C09A5 
 127      FEFD675A 
 127      AD5402FE 
ARM GAS  C:\Users\Bruger\AppData\Local\Temp\ccgPyjrl.s 			page 9


 128 0105 5D57F3E8 		.ascii	"]W\363\350\2769\347\022RU\254g\210&\303\305b}Ofd\235"
 128      BE39E712 
 128      5255AC67 
 128      8826C3C5 
 128      627D4F66 
 129 011b 65A3A178 		.ascii	"e\243\241x44ba\015\254GQ~\023Rp\011(\\\206\034\356\311"
 129      34346261 
 129      0DAC4751 
 129      7E135270 
 129      09285C86 
 130 0132 BF05024D 		.ascii	"\277\005\002M\220\205\330\313\303\365\237\2544_hw\\"
 130      9085D8CB 
 130      C3F59FAC 
 130      345F6877 
 130      5C
 131 0143 7C6D170A 		.ascii	"|m\027\012\376\317a\226[\316\306\025\205\012\2769\205"
 131      FECF6196 
 131      5BCEC615 
 131      850ABE39 
 131      85
 132 0154 6FD6F880 		.ascii	"o\326\370\200\340\007\352\332\232\215t\233\340_\004"
 132      E007EADA 
 132      9A8D749B 
 132      E05F04
 133 0163 9F0D5214 		.ascii	"\237\015R\024\360\207\374\215u\306D\002\202\017\246"
 133      F087FC8D 
 133      75C64402 
 133      820FA6
 134 0172 F0418D0F 		.ascii	"\360A\215\017\011~l\374\301\2414Z&\370\243\225/\332"
 134      097E6CFC 
 134      C1A1345A 
 134      26F8A395 
 134      2FDA
 135 0184 0D093EA6 		.ascii	"\015\011>\246\343\257\244\360W4>,\370\376\320\233\001"
 135      E3AFA4F0 
 135      57343E2C 
 135      F8FED09B 
 135      01
 136 0195 233D0A42 		.ascii	"#=\012B`\270\273\262\322D\033\022\223\375\027:\216L"
 136      60B8BBB2 
 136      D2441B12 
 136      93FD173A 
 136      8E4C
 137 01a7 C5826798 		.ascii	"\305\202g\230E}\216\015\326\366R1U\370\26642rr\214\202"
 137      457D8E0D 
 137      D6F65231 
 137      55F8B634 
 137      3272728C 
 138 01bc 39BB8AB1 		.ascii	"9\273\212\261r\026?\301\350l\00296Xh#p\003\262\321M"
 138      72163FC1 
 138      E86C0239 
 138      36586823 
 138      7003B2D1 
 139 01d1 448456EC 		.ascii	"D\204V\354\3115\354I=V<\376\360`\327\232\012\226\013"
 139      C935EC49 
 139      3D563CFE 
 139      F060D79A 
ARM GAS  C:\Users\Bruger\AppData\Local\Temp\ccgPyjrl.s 			page 10


 139      0A960B
 140 01e4 D7C10C2D 		.ascii	"\327\301\014-\337r\022\021\324.\324*\303-V:$2\240'\277"
 140      DF721211 
 140      D42ED42A 
 140      C32D563A 
 140      2432A027 
 141 01f9 8C87AC90 		.ascii	"\214\207\254\220>/\373\017\336\345x9\313\375]\213A\240"
 141      3E2FFB0F 
 141      DEE57839 
 141      CBFD5D8B 
 141      41A0
 142 020b 1DD2390F 		.ascii	"\035\3229\01771X\007\314\023\002~\314%\3369\360w\332"
 142      37315807 
 142      CC13027E 
 142      CC25DE39 
 142      F077DA
 143 021e 2936DA03 		.ascii	")6\332\003\"L\033\206\341\256jj\0138\272\010\037\"\241"
 143      224C1B86 
 143      E1AE6A6A 
 143      0B38BA08 
 143      1F22A1
 144 0231 D19BBF98 		.ascii	"\321\233\277\230\370.\321\252\243\345!\235;\035\031"
 144      F82ED1AA 
 144      A3E5219D 
 144      3B1D19
 145 0240 A290FE83 		.ascii	"\242\220\376\203\310\320\205\001\177\024\\\010F\214"
 145      C8D08501 
 145      7F145C08 
 145      468C
 146 024e 009DB879 		.ascii	"\000\235\270y5y:\256\257\035/\374d\264S\242\007\022"
 146      35793AAE 
 146      AF1D2FFC 
 146      64B453A2 
 146      0712
 147 0260 BF629F72 		.ascii	"\277b\237r\357_\323\322\026V\3457\011\006\205x\271\370"
 147      EF5FD3D2 
 147      1656E537 
 147      09068578 
 147      B9F8
 148 0272 D6FB074A 		.ascii	"\326\373\007JP\232\177\2361\177<\3720$\341qP\234wS8"
 148      509A7F9E 
 148      317F3CFA 
 148      3024E171 
 148      509C7753 
 149 0287 7627C4BF 		.ascii	"v'\304\277\225\242\233\267\024z`)\201^\230\2178;u\270"
 149      95A29BB7 
 149      147A6029 
 149      815E988F 
 149      383B75B8 
 150 029b DE446B12 		.ascii	"\336Dk\022aZ?T\267\245\231\253\3705\371\3576\341\321"
 150      615A3F54 
 150      B7A599AB 
 150      F835F9EF 
 150      36E1D1
 151 02ae EFFF553D 		.ascii	"\357\377U=<-\321\330\211\304\355I\033{\373M\376\001"
 151      3C2DD1D8 
 151      89C4ED49 
ARM GAS  C:\Users\Bruger\AppData\Local\Temp\ccgPyjrl.s 			page 11


 151      1B7BFB4D 
 151      FE01
 152 02c0 6C6C3F56 		.ascii	"ll?V\374V\362\350}\220\354l[\340]l\272\270\316Y|\332"
 152      FC56F2E8 
 152      7D90EC6C 
 152      5BE05D6C 
 152      BAB8CE59 
 153 02d6 7E225263 		.ascii	"~\"Rc\024\327\331\300\247\207\036\327\306,\226j\376"
 153      14D7D9C0 
 153      A7871ED7 
 153      C62C966A 
 153      FE
 154 02e7 2F1DAF60 		.ascii	"/\035\257`\323\"V!u\007c\014\210\013\035\001\213\370"
 154      D3225621 
 154      7507630C 
 154      880B1D01 
 154      8BF8
 155 02f9 69F18DDE 		.ascii	"i\361\215\336\015\257nt\031t\336\274,I\357\250\352\035"
 155      0DAF6E74 
 155      1974DEBC 
 155      2C49EFA8 
 155      EA1D
 156 030b 15DE9783 		.ascii	"\025\336\227\203\007+g\350\274\371\235Hz\337\005\213"
 156      072B67E8 
 156      BCF99D48 
 156      7ADF058B 
 157 031b 96307E92 		.ascii	"\2260~\222L\247c\265k\355\372\225\253\\\005\253\362"
 157      4CA763B5 
 157      6BEDFA95 
 157      AB5C05AB 
 157      F2
 158 032c 5CCEA2BD 		.ascii	"\\\316\242\275\262\335S\274m\347vc\336\272\302,;Y\230"
 158      B2DD53BC 
 158      6DE77663 
 158      DEBAC22C 
 158      3B5998
 159 033f 2717CBDE 		.ascii	"'\027\313\336\"\237\274\325\345\364\224z\335\362f\207"
 159      229FBCD5 
 159      E5F4947A 
 159      DDF26687 
 160 034f D363FF75 		.ascii	"\323c\377u\263\216r\254]\354&6\335R\201\274\307\347"
 160      B38E72AC 
 160      5DEC2636 
 160      DD5281BC 
 160      C7E7
 161 0361 F1AA5AB3 		.ascii	"\361\252Z\263\3641v\313rI\272nic\321.\271\264D\257\260"
 161      F43176CB 
 161      7249BA6E 
 161      6963D12E 
 161      B9B444AF 
 162 0376 62B93DBF 		.ascii	"b\271=\277\320\341rn((\264o\230R\272\263\330\267l\356"
 162      D0E1726E 
 162      2828B46F 
 162      9852BAB3 
 162      D8B76CEE 
 163 038a 24C9B8CB 		.ascii	"$\311\270\313|e%\362\236\305;\210\305\355)\366y=\273"
 163      7C6525F2 
ARM GAS  C:\Users\Bruger\AppData\Local\Temp\ccgPyjrl.s 			page 12


 163      9EC53B88 
 163      C5ED29F6 
 163      793DBB
 164 039d 9D3EF4CA 		.ascii	"\235>\364\312\376\037\271#\243OeK\221{Wi\211\301+o_"
 164      FE1FB923 
 164      A34F654B 
 164      917B5769 
 164      89C12B6F 
 165 03b2 F615CAA3 		.ascii	"\366\025\312\243\322\034"
 165      D21C
 166              		.text
 167              		.section	.gnu.lto_.symtab.ec5a240a,"",%progbits
 168 0000 5350495F 		.ascii	"SPI_MODE_REG_SaveConfig\000\000\000\000\000\000\000"
 168      4D4F4445 
 168      5F524547 
 168      5F536176 
 168      65436F6E 
 169 001e 00000000 		.ascii	"\000\000\000\000\000\254\000\000\000SPI_MODE_REG_Re"
 169      00AC0000 
 169      00535049 
 169      5F4D4F44 
 169      455F5245 
 170 0036 73746F72 		.ascii	"storeConfig\000\000\000\000\000\000\000\000\000\000"
 170      65436F6E 
 170      66696700 
 170      00000000 
 170      00000000 
 171 004b 0000AE00 		.ascii	"\000\000\256\000\000\000SPI_MODE_REG_Sleep\000\000\000"
 171      00005350 
 171      495F4D4F 
 171      44455F52 
 171      45475F53 
 172 0066 00000000 		.ascii	"\000\000\000\000\000\000\000\000\000\260\000\000\000"
 172      00000000 
 172      00B00000 
 172      00
 173 0073 5350495F 		.ascii	"SPI_MODE_REG_Wakeup\000\000\000\000\000\000\000\000"
 173      4D4F4445 
 173      5F524547 
 173      5F57616B 
 173      65757000 
 174 008e 00000000 		.ascii	"\000\000\000\000\262\000\000\000"
 174      B2000000 
 175              		.text
 176              		.section	.gnu.lto_.opts,"",%progbits
 177 0000 272D666E 		.ascii	"'-fno-trapv' '-mcpu=cortex-m3' '-mthumb' '-g' '-Os'"
 177      6F2D7472 
 177      61707627 
 177      20272D6D 
 177      6370753D 
 178 0033 20272D66 		.ascii	" '-ffunction-sections' '-finline-functions' '-flto'"
 178      66756E63 
 178      74696F6E 
 178      2D736563 
 178      74696F6E 
 179 0066 20272D66 		.ascii	" '-ffat-lto-objects'\000"
 179      6661742D 
ARM GAS  C:\Users\Bruger\AppData\Local\Temp\ccgPyjrl.s 			page 13


 179      6C746F2D 
 179      6F626A65 
 179      63747327 
 180              		.text
 181              		.cfi_sections	.debug_frame
 182              		.section	.text.SPI_MODE_REG_SaveConfig,"ax",%progbits
 183              		.align	1
 184              		.global	SPI_MODE_REG_SaveConfig
 185              		.thumb
 186              		.thumb_func
 187              		.type	SPI_MODE_REG_SaveConfig, %function
 188              	SPI_MODE_REG_SaveConfig:
 189              	.LFB0:
 190              		.file 1 "Generated_Source\\PSoC5\\SPI_MODE_REG_PM.c"
   1:Generated_Source\PSoC5/SPI_MODE_REG_PM.c **** /*******************************************************************************
   2:Generated_Source\PSoC5/SPI_MODE_REG_PM.c **** * File Name: SPI_MODE_REG_PM.c
   3:Generated_Source\PSoC5/SPI_MODE_REG_PM.c **** * Version 1.80
   4:Generated_Source\PSoC5/SPI_MODE_REG_PM.c **** *
   5:Generated_Source\PSoC5/SPI_MODE_REG_PM.c **** * Description:
   6:Generated_Source\PSoC5/SPI_MODE_REG_PM.c **** *  This file contains the setup, control, and status commands to support 
   7:Generated_Source\PSoC5/SPI_MODE_REG_PM.c **** *  the component operation in the low power mode. 
   8:Generated_Source\PSoC5/SPI_MODE_REG_PM.c **** *
   9:Generated_Source\PSoC5/SPI_MODE_REG_PM.c **** * Note:
  10:Generated_Source\PSoC5/SPI_MODE_REG_PM.c **** *
  11:Generated_Source\PSoC5/SPI_MODE_REG_PM.c **** ********************************************************************************
  12:Generated_Source\PSoC5/SPI_MODE_REG_PM.c **** * Copyright 2015, Cypress Semiconductor Corporation.  All rights reserved.
  13:Generated_Source\PSoC5/SPI_MODE_REG_PM.c **** * You may use this file only in accordance with the license, terms, conditions, 
  14:Generated_Source\PSoC5/SPI_MODE_REG_PM.c **** * disclaimers, and limitations in the end user license agreement accompanying 
  15:Generated_Source\PSoC5/SPI_MODE_REG_PM.c **** * the software package with which this file was provided.
  16:Generated_Source\PSoC5/SPI_MODE_REG_PM.c **** *******************************************************************************/
  17:Generated_Source\PSoC5/SPI_MODE_REG_PM.c **** 
  18:Generated_Source\PSoC5/SPI_MODE_REG_PM.c **** #include "SPI_MODE_REG.h"
  19:Generated_Source\PSoC5/SPI_MODE_REG_PM.c **** 
  20:Generated_Source\PSoC5/SPI_MODE_REG_PM.c **** /* Check for removal by optimization */
  21:Generated_Source\PSoC5/SPI_MODE_REG_PM.c **** #if !defined(SPI_MODE_REG_Sync_ctrl_reg__REMOVED)
  22:Generated_Source\PSoC5/SPI_MODE_REG_PM.c **** 
  23:Generated_Source\PSoC5/SPI_MODE_REG_PM.c **** static SPI_MODE_REG_BACKUP_STRUCT  SPI_MODE_REG_backup = {0u};
  24:Generated_Source\PSoC5/SPI_MODE_REG_PM.c **** 
  25:Generated_Source\PSoC5/SPI_MODE_REG_PM.c ****     
  26:Generated_Source\PSoC5/SPI_MODE_REG_PM.c **** /*******************************************************************************
  27:Generated_Source\PSoC5/SPI_MODE_REG_PM.c **** * Function Name: SPI_MODE_REG_SaveConfig
  28:Generated_Source\PSoC5/SPI_MODE_REG_PM.c **** ********************************************************************************
  29:Generated_Source\PSoC5/SPI_MODE_REG_PM.c **** *
  30:Generated_Source\PSoC5/SPI_MODE_REG_PM.c **** * Summary:
  31:Generated_Source\PSoC5/SPI_MODE_REG_PM.c **** *  Saves the control register value.
  32:Generated_Source\PSoC5/SPI_MODE_REG_PM.c **** *
  33:Generated_Source\PSoC5/SPI_MODE_REG_PM.c **** * Parameters:
  34:Generated_Source\PSoC5/SPI_MODE_REG_PM.c **** *  None
  35:Generated_Source\PSoC5/SPI_MODE_REG_PM.c **** *
  36:Generated_Source\PSoC5/SPI_MODE_REG_PM.c **** * Return:
  37:Generated_Source\PSoC5/SPI_MODE_REG_PM.c **** *  None
  38:Generated_Source\PSoC5/SPI_MODE_REG_PM.c **** *
  39:Generated_Source\PSoC5/SPI_MODE_REG_PM.c **** *******************************************************************************/
  40:Generated_Source\PSoC5/SPI_MODE_REG_PM.c **** void SPI_MODE_REG_SaveConfig(void) 
  41:Generated_Source\PSoC5/SPI_MODE_REG_PM.c **** {
 191              		.loc 1 41 0
 192              		.cfi_startproc
ARM GAS  C:\Users\Bruger\AppData\Local\Temp\ccgPyjrl.s 			page 14


 193              		@ args = 0, pretend = 0, frame = 0
 194              		@ frame_needed = 0, uses_anonymous_args = 0
 195              		@ link register save eliminated.
  42:Generated_Source\PSoC5/SPI_MODE_REG_PM.c ****     SPI_MODE_REG_backup.controlState = SPI_MODE_REG_Control;
 196              		.loc 1 42 0
 197 0000 024B     		ldr	r3, .L2
 198 0002 1A78     		ldrb	r2, [r3]	@ zero_extendqisi2
 199 0004 024B     		ldr	r3, .L2+4
 200 0006 1A70     		strb	r2, [r3]
 201 0008 7047     		bx	lr
 202              	.L3:
 203 000a 00BF     		.align	2
 204              	.L2:
 205 000c 78640040 		.word	1073767544
 206 0010 00000000 		.word	.LANCHOR0
 207              		.cfi_endproc
 208              	.LFE0:
 209              		.size	SPI_MODE_REG_SaveConfig, .-SPI_MODE_REG_SaveConfig
 210              		.section	.text.SPI_MODE_REG_RestoreConfig,"ax",%progbits
 211              		.align	1
 212              		.global	SPI_MODE_REG_RestoreConfig
 213              		.thumb
 214              		.thumb_func
 215              		.type	SPI_MODE_REG_RestoreConfig, %function
 216              	SPI_MODE_REG_RestoreConfig:
 217              	.LFB1:
  43:Generated_Source\PSoC5/SPI_MODE_REG_PM.c **** }
  44:Generated_Source\PSoC5/SPI_MODE_REG_PM.c **** 
  45:Generated_Source\PSoC5/SPI_MODE_REG_PM.c **** 
  46:Generated_Source\PSoC5/SPI_MODE_REG_PM.c **** /*******************************************************************************
  47:Generated_Source\PSoC5/SPI_MODE_REG_PM.c **** * Function Name: SPI_MODE_REG_RestoreConfig
  48:Generated_Source\PSoC5/SPI_MODE_REG_PM.c **** ********************************************************************************
  49:Generated_Source\PSoC5/SPI_MODE_REG_PM.c **** *
  50:Generated_Source\PSoC5/SPI_MODE_REG_PM.c **** * Summary:
  51:Generated_Source\PSoC5/SPI_MODE_REG_PM.c **** *  Restores the control register value.
  52:Generated_Source\PSoC5/SPI_MODE_REG_PM.c **** *
  53:Generated_Source\PSoC5/SPI_MODE_REG_PM.c **** * Parameters:
  54:Generated_Source\PSoC5/SPI_MODE_REG_PM.c **** *  None
  55:Generated_Source\PSoC5/SPI_MODE_REG_PM.c **** *
  56:Generated_Source\PSoC5/SPI_MODE_REG_PM.c **** * Return:
  57:Generated_Source\PSoC5/SPI_MODE_REG_PM.c **** *  None
  58:Generated_Source\PSoC5/SPI_MODE_REG_PM.c **** *
  59:Generated_Source\PSoC5/SPI_MODE_REG_PM.c **** *
  60:Generated_Source\PSoC5/SPI_MODE_REG_PM.c **** *******************************************************************************/
  61:Generated_Source\PSoC5/SPI_MODE_REG_PM.c **** void SPI_MODE_REG_RestoreConfig(void) 
  62:Generated_Source\PSoC5/SPI_MODE_REG_PM.c **** {
 218              		.loc 1 62 0
 219              		.cfi_startproc
 220              		@ args = 0, pretend = 0, frame = 0
 221              		@ frame_needed = 0, uses_anonymous_args = 0
 222              		@ link register save eliminated.
  63:Generated_Source\PSoC5/SPI_MODE_REG_PM.c ****      SPI_MODE_REG_Control = SPI_MODE_REG_backup.controlState;
 223              		.loc 1 63 0
 224 0000 024B     		ldr	r3, .L5
 225 0002 1A78     		ldrb	r2, [r3]	@ zero_extendqisi2
 226 0004 024B     		ldr	r3, .L5+4
 227 0006 1A70     		strb	r2, [r3]
ARM GAS  C:\Users\Bruger\AppData\Local\Temp\ccgPyjrl.s 			page 15


 228 0008 7047     		bx	lr
 229              	.L6:
 230 000a 00BF     		.align	2
 231              	.L5:
 232 000c 00000000 		.word	.LANCHOR0
 233 0010 78640040 		.word	1073767544
 234              		.cfi_endproc
 235              	.LFE1:
 236              		.size	SPI_MODE_REG_RestoreConfig, .-SPI_MODE_REG_RestoreConfig
 237              		.section	.text.SPI_MODE_REG_Sleep,"ax",%progbits
 238              		.align	1
 239              		.global	SPI_MODE_REG_Sleep
 240              		.thumb
 241              		.thumb_func
 242              		.type	SPI_MODE_REG_Sleep, %function
 243              	SPI_MODE_REG_Sleep:
 244              	.LFB2:
  64:Generated_Source\PSoC5/SPI_MODE_REG_PM.c **** }
  65:Generated_Source\PSoC5/SPI_MODE_REG_PM.c **** 
  66:Generated_Source\PSoC5/SPI_MODE_REG_PM.c **** 
  67:Generated_Source\PSoC5/SPI_MODE_REG_PM.c **** /*******************************************************************************
  68:Generated_Source\PSoC5/SPI_MODE_REG_PM.c **** * Function Name: SPI_MODE_REG_Sleep
  69:Generated_Source\PSoC5/SPI_MODE_REG_PM.c **** ********************************************************************************
  70:Generated_Source\PSoC5/SPI_MODE_REG_PM.c **** *
  71:Generated_Source\PSoC5/SPI_MODE_REG_PM.c **** * Summary:
  72:Generated_Source\PSoC5/SPI_MODE_REG_PM.c **** *  Prepares the component for entering the low power mode.
  73:Generated_Source\PSoC5/SPI_MODE_REG_PM.c **** *
  74:Generated_Source\PSoC5/SPI_MODE_REG_PM.c **** * Parameters:
  75:Generated_Source\PSoC5/SPI_MODE_REG_PM.c **** *  None
  76:Generated_Source\PSoC5/SPI_MODE_REG_PM.c **** *
  77:Generated_Source\PSoC5/SPI_MODE_REG_PM.c **** * Return:
  78:Generated_Source\PSoC5/SPI_MODE_REG_PM.c **** *  None
  79:Generated_Source\PSoC5/SPI_MODE_REG_PM.c **** *
  80:Generated_Source\PSoC5/SPI_MODE_REG_PM.c **** *******************************************************************************/
  81:Generated_Source\PSoC5/SPI_MODE_REG_PM.c **** void SPI_MODE_REG_Sleep(void) 
  82:Generated_Source\PSoC5/SPI_MODE_REG_PM.c **** {
 245              		.loc 1 82 0
 246              		.cfi_startproc
 247              		@ args = 0, pretend = 0, frame = 0
 248              		@ frame_needed = 0, uses_anonymous_args = 0
 249              		@ link register save eliminated.
  83:Generated_Source\PSoC5/SPI_MODE_REG_PM.c ****     SPI_MODE_REG_SaveConfig();
 250              		.loc 1 83 0
 251 0000 FFF7FEBF 		b	SPI_MODE_REG_SaveConfig
 252              	.LVL0:
 253              		.cfi_endproc
 254              	.LFE2:
 255              		.size	SPI_MODE_REG_Sleep, .-SPI_MODE_REG_Sleep
 256              		.section	.text.SPI_MODE_REG_Wakeup,"ax",%progbits
 257              		.align	1
 258              		.global	SPI_MODE_REG_Wakeup
 259              		.thumb
 260              		.thumb_func
 261              		.type	SPI_MODE_REG_Wakeup, %function
 262              	SPI_MODE_REG_Wakeup:
 263              	.LFB3:
  84:Generated_Source\PSoC5/SPI_MODE_REG_PM.c **** }
ARM GAS  C:\Users\Bruger\AppData\Local\Temp\ccgPyjrl.s 			page 16


  85:Generated_Source\PSoC5/SPI_MODE_REG_PM.c **** 
  86:Generated_Source\PSoC5/SPI_MODE_REG_PM.c **** 
  87:Generated_Source\PSoC5/SPI_MODE_REG_PM.c **** /*******************************************************************************
  88:Generated_Source\PSoC5/SPI_MODE_REG_PM.c **** * Function Name: SPI_MODE_REG_Wakeup
  89:Generated_Source\PSoC5/SPI_MODE_REG_PM.c **** ********************************************************************************
  90:Generated_Source\PSoC5/SPI_MODE_REG_PM.c **** *
  91:Generated_Source\PSoC5/SPI_MODE_REG_PM.c **** * Summary:
  92:Generated_Source\PSoC5/SPI_MODE_REG_PM.c **** *  Restores the component after waking up from the low power mode.
  93:Generated_Source\PSoC5/SPI_MODE_REG_PM.c **** *
  94:Generated_Source\PSoC5/SPI_MODE_REG_PM.c **** * Parameters:
  95:Generated_Source\PSoC5/SPI_MODE_REG_PM.c **** *  None
  96:Generated_Source\PSoC5/SPI_MODE_REG_PM.c **** *
  97:Generated_Source\PSoC5/SPI_MODE_REG_PM.c **** * Return:
  98:Generated_Source\PSoC5/SPI_MODE_REG_PM.c **** *  None
  99:Generated_Source\PSoC5/SPI_MODE_REG_PM.c **** *
 100:Generated_Source\PSoC5/SPI_MODE_REG_PM.c **** *******************************************************************************/
 101:Generated_Source\PSoC5/SPI_MODE_REG_PM.c **** void SPI_MODE_REG_Wakeup(void)  
 102:Generated_Source\PSoC5/SPI_MODE_REG_PM.c **** {
 264              		.loc 1 102 0
 265              		.cfi_startproc
 266              		@ args = 0, pretend = 0, frame = 0
 267              		@ frame_needed = 0, uses_anonymous_args = 0
 268              		@ link register save eliminated.
 103:Generated_Source\PSoC5/SPI_MODE_REG_PM.c ****     SPI_MODE_REG_RestoreConfig();
 269              		.loc 1 103 0
 270 0000 FFF7FEBF 		b	SPI_MODE_REG_RestoreConfig
 271              	.LVL1:
 272              		.cfi_endproc
 273              	.LFE3:
 274              		.size	SPI_MODE_REG_Wakeup, .-SPI_MODE_REG_Wakeup
 275              		.bss
 276              		.set	.LANCHOR0,. + 0
 277              		.type	SPI_MODE_REG_backup, %object
 278              		.size	SPI_MODE_REG_backup, 1
 279              	SPI_MODE_REG_backup:
 280 0000 00       		.space	1
 281              		.text
 282              	.Letext0:
 283              		.file 2 "Generated_Source\\PSoC5\\cytypes.h"
 284              		.file 3 "Generated_Source\\PSoC5\\SPI_MODE_REG.h"
 285              		.section	.debug_info,"",%progbits
 286              	.Ldebug_info0:
 287 0000 2B010000 		.4byte	0x12b
 288 0004 0400     		.2byte	0x4
 289 0006 00000000 		.4byte	.Ldebug_abbrev0
 290 000a 04       		.byte	0x4
 291 000b 01       		.uleb128 0x1
 292 000c 64000000 		.4byte	.LASF19
 293 0010 01       		.byte	0x1
 294 0011 00000000 		.4byte	.LASF20
 295 0015 49010000 		.4byte	.LASF21
 296 0019 00000000 		.4byte	.Ldebug_ranges0+0
 297 001d 00000000 		.4byte	0
 298 0021 00000000 		.4byte	.Ldebug_line0
 299 0025 02       		.uleb128 0x2
 300 0026 01       		.byte	0x1
 301 0027 06       		.byte	0x6
ARM GAS  C:\Users\Bruger\AppData\Local\Temp\ccgPyjrl.s 			page 17


 302 0028 28020000 		.4byte	.LASF0
 303 002c 02       		.uleb128 0x2
 304 002d 01       		.byte	0x1
 305 002e 08       		.byte	0x8
 306 002f 56000000 		.4byte	.LASF1
 307 0033 02       		.uleb128 0x2
 308 0034 02       		.byte	0x2
 309 0035 05       		.byte	0x5
 310 0036 F4010000 		.4byte	.LASF2
 311 003a 02       		.uleb128 0x2
 312 003b 02       		.byte	0x2
 313 003c 07       		.byte	0x7
 314 003d 22010000 		.4byte	.LASF3
 315 0041 02       		.uleb128 0x2
 316 0042 04       		.byte	0x4
 317 0043 05       		.byte	0x5
 318 0044 1F020000 		.4byte	.LASF4
 319 0048 02       		.uleb128 0x2
 320 0049 04       		.byte	0x4
 321 004a 07       		.byte	0x7
 322 004b 10010000 		.4byte	.LASF5
 323 004f 02       		.uleb128 0x2
 324 0050 08       		.byte	0x8
 325 0051 05       		.byte	0x5
 326 0052 C6010000 		.4byte	.LASF6
 327 0056 02       		.uleb128 0x2
 328 0057 08       		.byte	0x8
 329 0058 07       		.byte	0x7
 330 0059 AF010000 		.4byte	.LASF7
 331 005d 03       		.uleb128 0x3
 332 005e 04       		.byte	0x4
 333 005f 05       		.byte	0x5
 334 0060 696E7400 		.ascii	"int\000"
 335 0064 02       		.uleb128 0x2
 336 0065 04       		.byte	0x4
 337 0066 07       		.byte	0x7
 338 0067 A2010000 		.4byte	.LASF8
 339 006b 04       		.uleb128 0x4
 340 006c 19020000 		.4byte	.LASF12
 341 0070 02       		.byte	0x2
 342 0071 3801     		.2byte	0x138
 343 0073 2C000000 		.4byte	0x2c
 344 0077 02       		.uleb128 0x2
 345 0078 04       		.byte	0x4
 346 0079 04       		.byte	0x4
 347 007a 50000000 		.4byte	.LASF9
 348 007e 02       		.uleb128 0x2
 349 007f 08       		.byte	0x8
 350 0080 04       		.byte	0x4
 351 0081 42010000 		.4byte	.LASF10
 352 0085 02       		.uleb128 0x2
 353 0086 01       		.byte	0x1
 354 0087 08       		.byte	0x8
 355 0088 D4010000 		.4byte	.LASF11
 356 008c 04       		.uleb128 0x4
 357 008d 0B010000 		.4byte	.LASF13
 358 0091 02       		.byte	0x2
ARM GAS  C:\Users\Bruger\AppData\Local\Temp\ccgPyjrl.s 			page 18


 359 0092 E201     		.2byte	0x1e2
 360 0094 98000000 		.4byte	0x98
 361 0098 05       		.uleb128 0x5
 362 0099 6B000000 		.4byte	0x6b
 363 009d 06       		.uleb128 0x6
 364 009e 01       		.byte	0x1
 365 009f 03       		.byte	0x3
 366 00a0 1C       		.byte	0x1c
 367 00a1 B2000000 		.4byte	0xb2
 368 00a5 07       		.uleb128 0x7
 369 00a6 35010000 		.4byte	.LASF22
 370 00aa 03       		.byte	0x3
 371 00ab 1E       		.byte	0x1e
 372 00ac 6B000000 		.4byte	0x6b
 373 00b0 00       		.byte	0
 374 00b1 00       		.byte	0
 375 00b2 08       		.uleb128 0x8
 376 00b3 D9010000 		.4byte	.LASF14
 377 00b7 03       		.byte	0x3
 378 00b8 20       		.byte	0x20
 379 00b9 9D000000 		.4byte	0x9d
 380 00bd 09       		.uleb128 0x9
 381 00be 34020000 		.4byte	.LASF15
 382 00c2 01       		.byte	0x1
 383 00c3 28       		.byte	0x28
 384 00c4 00000000 		.4byte	.LFB0
 385 00c8 14000000 		.4byte	.LFE0-.LFB0
 386 00cc 01       		.uleb128 0x1
 387 00cd 9C       		.byte	0x9c
 388 00ce 09       		.uleb128 0x9
 389 00cf FE010000 		.4byte	.LASF16
 390 00d3 01       		.byte	0x1
 391 00d4 3D       		.byte	0x3d
 392 00d5 00000000 		.4byte	.LFB1
 393 00d9 14000000 		.4byte	.LFE1-.LFB1
 394 00dd 01       		.uleb128 0x1
 395 00de 9C       		.byte	0x9c
 396 00df 0A       		.uleb128 0xa
 397 00e0 29000000 		.4byte	.LASF17
 398 00e4 01       		.byte	0x1
 399 00e5 51       		.byte	0x51
 400 00e6 00000000 		.4byte	.LFB2
 401 00ea 04000000 		.4byte	.LFE2-.LFB2
 402 00ee 01       		.uleb128 0x1
 403 00ef 9C       		.byte	0x9c
 404 00f0 FE000000 		.4byte	0xfe
 405 00f4 0B       		.uleb128 0xb
 406 00f5 04000000 		.4byte	.LVL0
 407 00f9 BD000000 		.4byte	0xbd
 408 00fd 00       		.byte	0
 409 00fe 0A       		.uleb128 0xa
 410 00ff 3C000000 		.4byte	.LASF18
 411 0103 01       		.byte	0x1
 412 0104 65       		.byte	0x65
 413 0105 00000000 		.4byte	.LFB3
 414 0109 04000000 		.4byte	.LFE3-.LFB3
 415 010d 01       		.uleb128 0x1
ARM GAS  C:\Users\Bruger\AppData\Local\Temp\ccgPyjrl.s 			page 19


 416 010e 9C       		.byte	0x9c
 417 010f 1D010000 		.4byte	0x11d
 418 0113 0B       		.uleb128 0xb
 419 0114 04000000 		.4byte	.LVL1
 420 0118 CE000000 		.4byte	0xce
 421 011c 00       		.byte	0
 422 011d 0C       		.uleb128 0xc
 423 011e 4C020000 		.4byte	.LASF23
 424 0122 01       		.byte	0x1
 425 0123 17       		.byte	0x17
 426 0124 B2000000 		.4byte	0xb2
 427 0128 05       		.uleb128 0x5
 428 0129 03       		.byte	0x3
 429 012a 00000000 		.4byte	SPI_MODE_REG_backup
 430 012e 00       		.byte	0
 431              		.section	.debug_abbrev,"",%progbits
 432              	.Ldebug_abbrev0:
 433 0000 01       		.uleb128 0x1
 434 0001 11       		.uleb128 0x11
 435 0002 01       		.byte	0x1
 436 0003 25       		.uleb128 0x25
 437 0004 0E       		.uleb128 0xe
 438 0005 13       		.uleb128 0x13
 439 0006 0B       		.uleb128 0xb
 440 0007 03       		.uleb128 0x3
 441 0008 0E       		.uleb128 0xe
 442 0009 1B       		.uleb128 0x1b
 443 000a 0E       		.uleb128 0xe
 444 000b 55       		.uleb128 0x55
 445 000c 17       		.uleb128 0x17
 446 000d 11       		.uleb128 0x11
 447 000e 01       		.uleb128 0x1
 448 000f 10       		.uleb128 0x10
 449 0010 17       		.uleb128 0x17
 450 0011 00       		.byte	0
 451 0012 00       		.byte	0
 452 0013 02       		.uleb128 0x2
 453 0014 24       		.uleb128 0x24
 454 0015 00       		.byte	0
 455 0016 0B       		.uleb128 0xb
 456 0017 0B       		.uleb128 0xb
 457 0018 3E       		.uleb128 0x3e
 458 0019 0B       		.uleb128 0xb
 459 001a 03       		.uleb128 0x3
 460 001b 0E       		.uleb128 0xe
 461 001c 00       		.byte	0
 462 001d 00       		.byte	0
 463 001e 03       		.uleb128 0x3
 464 001f 24       		.uleb128 0x24
 465 0020 00       		.byte	0
 466 0021 0B       		.uleb128 0xb
 467 0022 0B       		.uleb128 0xb
 468 0023 3E       		.uleb128 0x3e
 469 0024 0B       		.uleb128 0xb
 470 0025 03       		.uleb128 0x3
 471 0026 08       		.uleb128 0x8
 472 0027 00       		.byte	0
ARM GAS  C:\Users\Bruger\AppData\Local\Temp\ccgPyjrl.s 			page 20


 473 0028 00       		.byte	0
 474 0029 04       		.uleb128 0x4
 475 002a 16       		.uleb128 0x16
 476 002b 00       		.byte	0
 477 002c 03       		.uleb128 0x3
 478 002d 0E       		.uleb128 0xe
 479 002e 3A       		.uleb128 0x3a
 480 002f 0B       		.uleb128 0xb
 481 0030 3B       		.uleb128 0x3b
 482 0031 05       		.uleb128 0x5
 483 0032 49       		.uleb128 0x49
 484 0033 13       		.uleb128 0x13
 485 0034 00       		.byte	0
 486 0035 00       		.byte	0
 487 0036 05       		.uleb128 0x5
 488 0037 35       		.uleb128 0x35
 489 0038 00       		.byte	0
 490 0039 49       		.uleb128 0x49
 491 003a 13       		.uleb128 0x13
 492 003b 00       		.byte	0
 493 003c 00       		.byte	0
 494 003d 06       		.uleb128 0x6
 495 003e 13       		.uleb128 0x13
 496 003f 01       		.byte	0x1
 497 0040 0B       		.uleb128 0xb
 498 0041 0B       		.uleb128 0xb
 499 0042 3A       		.uleb128 0x3a
 500 0043 0B       		.uleb128 0xb
 501 0044 3B       		.uleb128 0x3b
 502 0045 0B       		.uleb128 0xb
 503 0046 01       		.uleb128 0x1
 504 0047 13       		.uleb128 0x13
 505 0048 00       		.byte	0
 506 0049 00       		.byte	0
 507 004a 07       		.uleb128 0x7
 508 004b 0D       		.uleb128 0xd
 509 004c 00       		.byte	0
 510 004d 03       		.uleb128 0x3
 511 004e 0E       		.uleb128 0xe
 512 004f 3A       		.uleb128 0x3a
 513 0050 0B       		.uleb128 0xb
 514 0051 3B       		.uleb128 0x3b
 515 0052 0B       		.uleb128 0xb
 516 0053 49       		.uleb128 0x49
 517 0054 13       		.uleb128 0x13
 518 0055 38       		.uleb128 0x38
 519 0056 0B       		.uleb128 0xb
 520 0057 00       		.byte	0
 521 0058 00       		.byte	0
 522 0059 08       		.uleb128 0x8
 523 005a 16       		.uleb128 0x16
 524 005b 00       		.byte	0
 525 005c 03       		.uleb128 0x3
 526 005d 0E       		.uleb128 0xe
 527 005e 3A       		.uleb128 0x3a
 528 005f 0B       		.uleb128 0xb
 529 0060 3B       		.uleb128 0x3b
ARM GAS  C:\Users\Bruger\AppData\Local\Temp\ccgPyjrl.s 			page 21


 530 0061 0B       		.uleb128 0xb
 531 0062 49       		.uleb128 0x49
 532 0063 13       		.uleb128 0x13
 533 0064 00       		.byte	0
 534 0065 00       		.byte	0
 535 0066 09       		.uleb128 0x9
 536 0067 2E       		.uleb128 0x2e
 537 0068 00       		.byte	0
 538 0069 3F       		.uleb128 0x3f
 539 006a 19       		.uleb128 0x19
 540 006b 03       		.uleb128 0x3
 541 006c 0E       		.uleb128 0xe
 542 006d 3A       		.uleb128 0x3a
 543 006e 0B       		.uleb128 0xb
 544 006f 3B       		.uleb128 0x3b
 545 0070 0B       		.uleb128 0xb
 546 0071 27       		.uleb128 0x27
 547 0072 19       		.uleb128 0x19
 548 0073 11       		.uleb128 0x11
 549 0074 01       		.uleb128 0x1
 550 0075 12       		.uleb128 0x12
 551 0076 06       		.uleb128 0x6
 552 0077 40       		.uleb128 0x40
 553 0078 18       		.uleb128 0x18
 554 0079 9742     		.uleb128 0x2117
 555 007b 19       		.uleb128 0x19
 556 007c 00       		.byte	0
 557 007d 00       		.byte	0
 558 007e 0A       		.uleb128 0xa
 559 007f 2E       		.uleb128 0x2e
 560 0080 01       		.byte	0x1
 561 0081 3F       		.uleb128 0x3f
 562 0082 19       		.uleb128 0x19
 563 0083 03       		.uleb128 0x3
 564 0084 0E       		.uleb128 0xe
 565 0085 3A       		.uleb128 0x3a
 566 0086 0B       		.uleb128 0xb
 567 0087 3B       		.uleb128 0x3b
 568 0088 0B       		.uleb128 0xb
 569 0089 27       		.uleb128 0x27
 570 008a 19       		.uleb128 0x19
 571 008b 11       		.uleb128 0x11
 572 008c 01       		.uleb128 0x1
 573 008d 12       		.uleb128 0x12
 574 008e 06       		.uleb128 0x6
 575 008f 40       		.uleb128 0x40
 576 0090 18       		.uleb128 0x18
 577 0091 9742     		.uleb128 0x2117
 578 0093 19       		.uleb128 0x19
 579 0094 01       		.uleb128 0x1
 580 0095 13       		.uleb128 0x13
 581 0096 00       		.byte	0
 582 0097 00       		.byte	0
 583 0098 0B       		.uleb128 0xb
 584 0099 898201   		.uleb128 0x4109
 585 009c 00       		.byte	0
 586 009d 11       		.uleb128 0x11
ARM GAS  C:\Users\Bruger\AppData\Local\Temp\ccgPyjrl.s 			page 22


 587 009e 01       		.uleb128 0x1
 588 009f 9542     		.uleb128 0x2115
 589 00a1 19       		.uleb128 0x19
 590 00a2 31       		.uleb128 0x31
 591 00a3 13       		.uleb128 0x13
 592 00a4 00       		.byte	0
 593 00a5 00       		.byte	0
 594 00a6 0C       		.uleb128 0xc
 595 00a7 34       		.uleb128 0x34
 596 00a8 00       		.byte	0
 597 00a9 03       		.uleb128 0x3
 598 00aa 0E       		.uleb128 0xe
 599 00ab 3A       		.uleb128 0x3a
 600 00ac 0B       		.uleb128 0xb
 601 00ad 3B       		.uleb128 0x3b
 602 00ae 0B       		.uleb128 0xb
 603 00af 49       		.uleb128 0x49
 604 00b0 13       		.uleb128 0x13
 605 00b1 02       		.uleb128 0x2
 606 00b2 18       		.uleb128 0x18
 607 00b3 00       		.byte	0
 608 00b4 00       		.byte	0
 609 00b5 00       		.byte	0
 610              		.section	.debug_aranges,"",%progbits
 611 0000 34000000 		.4byte	0x34
 612 0004 0200     		.2byte	0x2
 613 0006 00000000 		.4byte	.Ldebug_info0
 614 000a 04       		.byte	0x4
 615 000b 00       		.byte	0
 616 000c 0000     		.2byte	0
 617 000e 0000     		.2byte	0
 618 0010 00000000 		.4byte	.LFB0
 619 0014 14000000 		.4byte	.LFE0-.LFB0
 620 0018 00000000 		.4byte	.LFB1
 621 001c 14000000 		.4byte	.LFE1-.LFB1
 622 0020 00000000 		.4byte	.LFB2
 623 0024 04000000 		.4byte	.LFE2-.LFB2
 624 0028 00000000 		.4byte	.LFB3
 625 002c 04000000 		.4byte	.LFE3-.LFB3
 626 0030 00000000 		.4byte	0
 627 0034 00000000 		.4byte	0
 628              		.section	.debug_ranges,"",%progbits
 629              	.Ldebug_ranges0:
 630 0000 00000000 		.4byte	.LFB0
 631 0004 14000000 		.4byte	.LFE0
 632 0008 00000000 		.4byte	.LFB1
 633 000c 14000000 		.4byte	.LFE1
 634 0010 00000000 		.4byte	.LFB2
 635 0014 04000000 		.4byte	.LFE2
 636 0018 00000000 		.4byte	.LFB3
 637 001c 04000000 		.4byte	.LFE3
 638 0020 00000000 		.4byte	0
 639 0024 00000000 		.4byte	0
 640              		.section	.debug_line,"",%progbits
 641              	.Ldebug_line0:
 642 0000 A6000000 		.section	.debug_str,"MS",%progbits,1
 642      02005E00 
ARM GAS  C:\Users\Bruger\AppData\Local\Temp\ccgPyjrl.s 			page 23


 642      00000201 
 642      FB0E0D00 
 642      01010101 
 643              	.LASF20:
 644 0000 47656E65 		.ascii	"Generated_Source\\PSoC5\\SPI_MODE_REG_PM.c\000"
 644      72617465 
 644      645F536F 
 644      75726365 
 644      5C50536F 
 645              	.LASF17:
 646 0029 5350495F 		.ascii	"SPI_MODE_REG_Sleep\000"
 646      4D4F4445 
 646      5F524547 
 646      5F536C65 
 646      657000
 647              	.LASF18:
 648 003c 5350495F 		.ascii	"SPI_MODE_REG_Wakeup\000"
 648      4D4F4445 
 648      5F524547 
 648      5F57616B 
 648      65757000 
 649              	.LASF9:
 650 0050 666C6F61 		.ascii	"float\000"
 650      7400
 651              	.LASF1:
 652 0056 756E7369 		.ascii	"unsigned char\000"
 652      676E6564 
 652      20636861 
 652      7200
 653              	.LASF19:
 654 0064 474E5520 		.ascii	"GNU C 4.9.3 20150303 (release) [ARM/embedded-4_9-br"
 654      4320342E 
 654      392E3320 
 654      32303135 
 654      30333033 
 655 0097 616E6368 		.ascii	"anch revision 221220] -mcpu=cortex-m3 -mthumb -g -O"
 655      20726576 
 655      6973696F 
 655      6E203232 
 655      31323230 
 656 00ca 73202D66 		.ascii	"s -ffunction-sections -finline-functions -flto -ffa"
 656      66756E63 
 656      74696F6E 
 656      2D736563 
 656      74696F6E 
 657 00fd 742D6C74 		.ascii	"t-lto-objects\000"
 657      6F2D6F62 
 657      6A656374 
 657      7300
 658              	.LASF13:
 659 010b 72656738 		.ascii	"reg8\000"
 659      00
 660              	.LASF5:
 661 0110 6C6F6E67 		.ascii	"long unsigned int\000"
 661      20756E73 
 661      69676E65 
 661      6420696E 
ARM GAS  C:\Users\Bruger\AppData\Local\Temp\ccgPyjrl.s 			page 24


 661      7400
 662              	.LASF3:
 663 0122 73686F72 		.ascii	"short unsigned int\000"
 663      7420756E 
 663      7369676E 
 663      65642069 
 663      6E7400
 664              	.LASF22:
 665 0135 636F6E74 		.ascii	"controlState\000"
 665      726F6C53 
 665      74617465 
 665      00
 666              	.LASF10:
 667 0142 646F7562 		.ascii	"double\000"
 667      6C6500
 668              	.LASF21:
 669 0149 433A5C55 		.ascii	"C:\\Users\\Bruger\\Desktop\\CODE\\PSOC5\\CY8CKIT-59"
 669      73657273 
 669      5C427275 
 669      6765725C 
 669      4465736B 
 670 0176 2D417264 		.ascii	"-Arduino\\CY8CKIT59_Ardudino-Speeduino.cydsn\000"
 670      75696E6F 
 670      5C435938 
 670      434B4954 
 670      35395F41 
 671              	.LASF8:
 672 01a2 756E7369 		.ascii	"unsigned int\000"
 672      676E6564 
 672      20696E74 
 672      00
 673              	.LASF7:
 674 01af 6C6F6E67 		.ascii	"long long unsigned int\000"
 674      206C6F6E 
 674      6720756E 
 674      7369676E 
 674      65642069 
 675              	.LASF6:
 676 01c6 6C6F6E67 		.ascii	"long long int\000"
 676      206C6F6E 
 676      6720696E 
 676      7400
 677              	.LASF11:
 678 01d4 63686172 		.ascii	"char\000"
 678      00
 679              	.LASF14:
 680 01d9 5350495F 		.ascii	"SPI_MODE_REG_BACKUP_STRUCT\000"
 680      4D4F4445 
 680      5F524547 
 680      5F424143 
 680      4B55505F 
 681              	.LASF2:
 682 01f4 73686F72 		.ascii	"short int\000"
 682      7420696E 
 682      7400
 683              	.LASF16:
 684 01fe 5350495F 		.ascii	"SPI_MODE_REG_RestoreConfig\000"
ARM GAS  C:\Users\Bruger\AppData\Local\Temp\ccgPyjrl.s 			page 25


 684      4D4F4445 
 684      5F524547 
 684      5F526573 
 684      746F7265 
 685              	.LASF12:
 686 0219 75696E74 		.ascii	"uint8\000"
 686      3800
 687              	.LASF4:
 688 021f 6C6F6E67 		.ascii	"long int\000"
 688      20696E74 
 688      00
 689              	.LASF0:
 690 0228 7369676E 		.ascii	"signed char\000"
 690      65642063 
 690      68617200 
 691              	.LASF15:
 692 0234 5350495F 		.ascii	"SPI_MODE_REG_SaveConfig\000"
 692      4D4F4445 
 692      5F524547 
 692      5F536176 
 692      65436F6E 
 693              	.LASF23:
 694 024c 5350495F 		.ascii	"SPI_MODE_REG_backup\000"
 694      4D4F4445 
 694      5F524547 
 694      5F626163 
 694      6B757000 
 695              		.comm	__gnu_lto_v1,1,1
 696              		.ident	"GCC: (GNU Tools for ARM Embedded Processors) 4.9.3 20150303 (release) [ARM/embedded-4_9-br
