ARM GAS  C:\Users\Bruger\AppData\Local\Temp\ccGg1VJ2.s 			page 1


   1              		.syntax unified
   2              		.cpu cortex-m3
   3              		.fpu softvfp
   4              		.eabi_attribute 20, 1
   5              		.eabi_attribute 21, 1
   6              		.eabi_attribute 23, 3
   7              		.eabi_attribute 24, 1
   8              		.eabi_attribute 25, 1
   9              		.eabi_attribute 26, 1
  10              		.eabi_attribute 30, 4
  11              		.eabi_attribute 34, 1
  12              		.eabi_attribute 18, 4
  13              		.thumb
  14              		.file	"UART_INT.c"
  15              		.text
  16              	.Ltext0:
  17              		.section	.gnu.lto_.profile.43d65c5f,"",%progbits
  18 0000 789C6366 		.ascii	"x\234cf```a\200\000F\0063\023\000\001\024\000s"
  18      60606061 
  18      80004606 
  18      33130001 
  18      140073
  19              		.text
  20              		.section	.gnu.lto_.jmpfuncs.43d65c5f,"",%progbits
  21 0000 789C6366 		.ascii	"x\234cf\300\0168\2404\023\020\263\0031\000\001L\000"
  21      C00E38A0 
  21      341310B3 
  21      03310001 
  21      4C00
  22 0012 15       		.ascii	"\025"
  23              		.text
  24              		.section	.gnu.lto_.inline.43d65c5f,"",%progbits
  25 0000 789C6366 		.ascii	"x\234cf\300\016t\2404\023\003\203\362\035FF\006&\207"
  25      C00E74A0 
  25      34130383 
  25      F21D4646 
  25      062687
  26 0013 0317A518 		.ascii	"\003\027\245\030\330\026\3103\201D\331\031D\367\202"
  26      D816C833 
  26      8144D919 
  26      44F782
  27 0022 04556EBC 		.ascii	"\004Un\274\023\203\0132\000\000\271\222\007\213"
  27      13830B32 
  27      0000B992 
  27      078B
  28              		.text
  29              		.section	.gnu.lto_.pureconst.43d65c5f,"",%progbits
  30 0000 789C6366 		.ascii	"x\234cf```e\200\000&\006)v)\000\001\005\000F"
  30      60606065 
  30      80002606 
  30      29762900 
  30      01050046 
  31              		.text
  32              		.section	.gnu.lto_UART_RXISR.43d65c5f,"",%progbits
  33 0000 789C8D56 		.ascii	"x\234\215V]L\034U\024\276gfg\347ow\313O\010H\2505\222"
  33      5D4C1C55 
  33      14BE6766 
ARM GAS  C:\Users\Bruger\AppData\Local\Temp\ccGg1VJ2.s 			page 2


  33      67E76F77 
  33      CB4F0848 
  34 0017 869898F6 		.ascii	"\206\230\230\366\251\211\032\2436\232\030}0\215\324"
  34      A9891AA3 
  34      369A187D 
  34      308DD4
  35 0026 371242DA 		.ascii	"7\022B\332}\350\203PqyDg`CHmM\263\211\246\241\322\320"
  35      7DE88350 
  35      71794467 
  35      6043486D 
  35      4DB389A6 
  36 003d 07B15897 		.ascii	"\007\261X\227\337jU,\256k\021\012-\024k\241%\206\376"
  36      DF6A552C 
  36      AE6B110A 
  36      2D146BA1 
  36      2586FE
  37 0050 84D536C6 		.ascii	"\204\3256\306\004\250\245\005\262\254\347\334;;]qHJ"
  37      04A8A505 
  37      B2ACE7DC 
  37      3B3B5D71 
  37      484A
  38 0062 3267E69E 		.ascii	"2g\346\2369\347\373\316\371\316\235\273\310\354\377"
  38      39E7FBCE 
  38      F9CE9DBB 
  38      C8ECFF
  39 0071 7F67F16A 		.ascii	"\177g\361j\321\030{\023\357\260\205\201tt\2021[\223"
  39      D1187B13 
  39      EFB08581 
  39      74748231 
  39      5B93
  40 0083 40160FB2 		.ascii	"@\026\017\262\344k\255`\226\241\220\015\370@\021nE\362"
  40      E46BAD60 
  40      96A1900D 
  40      F840116E 
  40      45F2
  41 0095 737780BB 		.ascii	"sw\200\273\375\222\312W\032_\251\240\211 M\322\271\333"
  41      FD92CA57 
  41      1A5FA9A0 
  41      89204DD2 
  41      B9DB
  42 00a7 E06E1D0C 		.ascii	"\340n\035\014\3416$s\241\210r;\236C\267\011\001\341"
  42      E1362473 
  42      A188723B 
  42      9E43B709 
  42      01E1
  43 00b9 0E48A1C3 		.ascii	"\016H\241\303#\014\375\301\250\212\376\220\250`w\020"
  43      230CFDC1 
  43      A88AFE90 
  43      A8607710 
  44 00c9 80EE0CD8 		.ascii	"\200\356\014\330\207\222\354S\374\252\246\033f \024"
  44      8792EC53 
  44      FCAAA61B 
  44      662014
  45 00d8 045C8A16 		.ascii	"\004\\\212\026\356J\213\022\034M\234>fV|nY\326B\177"
  45      EE4A8B12 
  45      1C4D9C3E 
  45      66567C6E 
ARM GAS  C:\Users\Bruger\AppData\Local\Temp\ccGg1VJ2.s 			page 3


  45      59D6427F 
  46 00ec 8FBD2701 		.ascii	"\217\275'\001+\022c\367$\021\001_@\005\303\240\277\322"
  46      2B1263F7 
  46      2411015F 
  46      4005C3A0 
  46      BFD2
  47 00fe A33D9ABC 		.ascii	"\243=\232\274\035\3509\276:\263\022,?iYM7\323CU\011"
  47      1DE839BE 
  47      3AB3122C 
  47      3F69594D 
  47      37D34355 
  48 0113 BBC35ACF 		.ascii	"\273\303Z\317d0\013\340\024\310\230\010\317\226\302"
  48      64300BE0 
  48      14C89808 
  48      CF96C2
  49 0122 33A58E4A 		.ascii	"3\245\216J\030ow\246>Q\344\035<wp\271\353X\210\347v"
  49      186F77A6 
  49      3E51E41D 
  49      3C7770B9 
  49      EB5888E7 
  50 0137 AC775BAF 		.ascii	"\254w[\257\344\344~\351\231\333?t\367#E~\236\347\216"
  50      E4E47EE9 
  50      99DB3F74 
  50      F723457E 
  50      9EE78E
  51 014a DCEC1DD6 		.ascii	"\334\354\035\326En\346\277\271_y\346.F\3233\246?\212"
  51      456EE6BF 
  51      B95F79E6 
  51      2E46D333 
  51      A63F8A
  52 015d 8DE54117 		.ascii	"\215\345A\027\224\303i\274\342P.z\203n\360\003\336\350"
  52      94C369BC 
  52      E2502E7A 
  52      836EF003 
  52      DEE8
  53 016f 4D4F41C2 		.ascii	"MOA\302\312d\006\206\206W\315m*#\217\306\020VG#\031"
  53      CA640686 
  53      8657CD6D 
  53      2A238FC6 
  53      10564723 
  54 0184 6864934C 		.ascii	"hd\223L\200L\220L\210^\344QH>\217.\240u!\032_\021=\025"
  54      804C904C 
  54      885EE451 
  54      483E8F2E 
  54      A075211A 
  55 019c 93292153 		.ascii	"\223)!SJ\246\214\314V2\214\315\343\2053J\341sT\225\247"
  55      4AA68CCC 
  55      56328CCD 
  55      E385334A 
  55      E1735495 
  56 01b1 A1299169 		.ascii	"\241)\221i\344\225`]X\361\215\371\311)\355\216\204\300"
  56      E495605D 
  56      58F18DF9 
  56      C929ED8E 
  56      84C0
  57 01c3 58590F50 		.ascii	"XY\017P/)\234\025NQ\236\205\344\362\241\345\266\203"
  57      2F299C15 
ARM GAS  C:\Users\Bruger\AppData\Local\Temp\ccGg1VJ2.s 			page 4


  57      4E519E85 
  57      E4F2A1E5 
  57      B683
  58 01d5 14FD4052 		.ascii	"\024\375@R1\370\322\231\344\262A\301\312\235Q\333\362"
  58      31F8D299 
  58      E4B241C1 
  58      CA9D51DB 
  58      F2
  59 01e6 B1DC7C85 		.ascii	"\261\334|\205\013\320\364\347\360\252\336\016\307\355"
  59      0BD0F4E7 
  59      F0AADE0E 
  59      C7ED
  60 01f4 A89D7861 		.ascii	"\250\235xaE\362C/\224B\037\301B?\264\003C~\353=N\217"
  60      45F2432F 
  60      94421FC1 
  60      423FB403 
  60      437EEB3D 
  61 020a D2202839 		.ascii	"\322 (9\022\367[\212\271\253K\270f\241\371a\313\372"
  61      12F75B8A 
  61      B9AB4BB8 
  61      66A1F961 
  61      CBFA
  62 021c F16910C4 		.ascii	"\361i\020\304y\202{\255\245\363\262\217\027\372$\203"
  62      79827BAD 
  62      A5F3B28F 
  62      17FA2483 
  63 022c 0144BC0A 		.ascii	"\001D\274\012\321\353\315\367\216ls\242\234\342\251"
  63      D1EBCDF7 
  63      8E6C73A2 
  63      9CE2A9
  64 023b 7C1F6BAD 		.ascii	"|\037k\255\300\352\233b}\251\223\272x\255#\302\211+"
  64      C0EA9B62 
  64      7DA993BA 
  64      78AD23C2 
  64      892B
  65 024d 1F774B8D 		.ascii	"\037wK\215kV\253\245\255HjZ\022#s\033P\371\362\224\035"
  65      6B56ABA5 
  65      AD486A5A 
  65      1223731B 
  65      50F9F294 
  66 0262 FD0CA801 		.ascii	"\375\014\250\001\213\242\000\316@#|\315\353\377\206"
  66      8BA200CE 
  66      40237CCD 
  66      EBFF86
  67 0271 EA47D439 		.ascii	"\352G\3249U@\032\210\232\2736\263\265\373\305:\200\256"
  67      55401A88 
  67      9ABB36B3 
  67      B5FBC53A 
  67      80AE
  68 0283 DCBA65AC 		.ascii	"\334\272e\254\373,\"a\310?NH\220\243\004rQB\350\245"
  68      FB2C2261 
  68      C83F4E48 
  68      90A30472 
  68      5142E8A5 
  69 0297 758C77BF 		.ascii	"u\214w\277i\325\033\313\374\326-\363;t#\014\027Bq\346"
  69      69D51BCB 
  69      FCD62DF3 
ARM GAS  C:\Users\Bruger\AppData\Local\Temp\ccGg1VJ2.s 			page 5


  69      3B74230C 
  69      174271E6 
  70 02ab 487AB62F 		.ascii	"Hz\266/9zjB\317[G\356\017\000\327\363)\006\337g\365"
  70      397A6A42 
  70      CF5B47EE 
  70      0F00D7F3 
  70      2906DF67 
  71 02c0 FCC089C9 		.ascii	"\374\300\211\311Q\323/\324\304\2750}\"\"^\347\323^X"
  71      51D32FD4 
  71      C4BD307D 
  71      22225EE7 
  71      D35E58
  72 02d3 BAD0CBF3 		.ascii	"\272\320\313\363\225\3611g/\304{\343\003\331\341\277"
  72      95F13167 
  72      2FC47BE3 
  72      03D9E1BF 
  73 02e3 48C31F74 		.ascii	"H\303\037t\207\377Cv\370\015\217&\235\217}&c\213\023"
  73      87FF4376 
  73      F80D8F26 
  73      9D8F7D26 
  73      638B13
  74 02f6 B79DD60B 		.ascii	"\267\235\326\0136v\253\245iW\346\316H\343\313\333V\347"
  74      3676ABA5 
  74      6957E6CE 
  74      48E3CBDB 
  74      56E7
  75 0308 8ACA9BB7 		.ascii	"\212\312\233\2671J\207s\330\374\020\247\371q\303\214"
  75      314A8773 
  75      D8FC10A7 
  75      F971C38C 
  76 0318 0A1195B3 		.ascii	"\012\021\225\263\334\332\345%\247\221\246/$\227\300"
  76      DCDAE525 
  76      A791A62F 
  76      2497C0
  77 0327 F0203021 		.ascii	"\360 0!\201\004?\021\001\035\017\375\3616\377\316\270"
  77      81043F11 
  77      011D0FFD 
  77      F136FFCE 
  77      B8
  78 0338 853DBE44 		.ascii	"\205=\276D\344I\256w!?\271~\206\235\324\026\355\351"
  78      E449AE77 
  78      213FB97E 
  78      869DD416 
  78      EDE9
  79 034a 7363DB73 		.ascii	"sc\333s\276\262\251\266\316\346-\\l`p\236o\202d\254"
  79      BEB2A9B6 
  79      CEE62D5C 
  79      6C60709E 
  79      6F8264AC 
  80 035e 6FBA2928 		.ascii	"o\272)(\312,\362\350\\\366lu\330m\365\027j\225\317l"
  80      CA2CF2E8 
  80      5CF66C75 
  80      D86DF517 
  80      6A95CF6C 
  81 0372 081EA1D8 		.ascii	"\010\036\241\330\235\203\207U\"\302\276`\304\235\241"
  81      9D838755 
  81      22C2BE60 
ARM GAS  C:\Users\Bruger\AppData\Local\Temp\ccGg1VJ2.s 			page 6


  81      C49DA1
  82 0381 CACE17D2 		.ascii	"\312\316\027\322\014\027zg\226L/%\220\320\347I8\352"
  82      0C177A67 
  82      964C2F25 
  82      90D0E749 
  82      38EA
  83 0393 125E40C2 		.ascii	"\022^@\302\334Vtle\314904g\217\304\026\177_r\276\270"
  83      DC56746C 
  83      65CC3930 
  83      34678FC4 
  83      167F5F72 
  84 03a9 E24DA7B9 		.ascii	"\342M\247\271\221b\334\245\270(\306\327\034s\276\217"
  84      9162DCA5 
  84      B828C6D7 
  84      1C73BE8F 
  85 03b9 1284E11C 		.ascii	"\022\204\341\034\004\355\371Al\012z\311\005\235\340"
  85      04EDF941 
  85      6C0A7AC9 
  85      059DE0
  86 03c8 032A1192 		.ascii	"\003*\021\222\317\365\233\002\272\364\261\221&]\244"
  86      CFF59B02 
  86      BAF4B191 
  86      265DA4
  87 03d7 CB8EE413 		.ascii	"\313\216\344\023\256\344\2042\371\367\241\2132\027\344"
  87      AEE48432 
  87      F9F7A18B 
  87      3217E4
  88 03e6 650653AE 		.ascii	"e\006S\256\344\272+\371\215\344f\222{\023\376\352\022"
  88      E4BA2BF9 
  88      8DE46692 
  88      7B13FEEA 
  88      12
  89 03f7 5E1192BB 		.ascii	"^\021\222\273\273SG\337o\216\344FV\362\276T\266\247"
  89      BB5347DF 
  89      6F8EE446 
  89      56F2BE54 
  89      B6A7
  90 0409 B2C7A6B8 		.ascii	"\262\307\246\270\352RL\013\311\035y\037H[=0\024O\214"
  90      EA524C0B 
  90      C91D791F 
  90      485B3D30 
  90      144F8C
  91 041c 1917E39A 		.ascii	"\031\027\343\232\243\3135W\2272\004rt0\331CC\350\360"
  91      A3CB3557 
  91      97320472 
  91      7430D943 
  91      43E8F0
  92 042f 472CB889 		.ascii	"G,\270\211\016\336{\375\272K0\213\004\356^\013\360C"
  92      0EDE7BFD 
  92      BA4B308B 
  92      04EE5E0B 
  92      F043
  93 0441 8DEFFCCC 		.ascii	"\215\357\374\314\247Ol<\257\346\361\350\303\377L \205"
  93      A74F6C3C 
  93      AFE6F1E8 
  93      C3FF4C20 
  93      85
ARM GAS  C:\Users\Bruger\AppData\Local\Temp\ccGg1VJ2.s 			page 7


  94 0452 C728FEDE 		.ascii	"\307(\376\336\315\201\235X\033\227(J\274\005\364\342"
  94      CD819D58 
  94      1B97284A 
  94      BC05F4E2 
  95 0462 B7F1F4EB 		.ascii	"\267\361\364\353\341\332p}M$\274\277\272\262\256\241"
  95      E1DA707D 
  95      4D24BCBF 
  95      BAB2AEA1 
  96 0472 7E5FB86A 		.ascii	"~_\270jOe\335\253\273\252\336\331\375\366\336\3527\336"
  96      4F65DDAB 
  96      BBAADED9 
  96      FDF6DEEA 
  96      37DE
  97 0484 DABB631F 		.ascii	"\332\273c\037\323\352\3035\373_\253\211\324\030\364"
  97      D3EAC335 
  97      FB5FAB89 
  97      D418F4
  98 0493 5019A989 		.ascii	"P\031\251\2114\274\237\177\240v_}\370\335pm\244\372"
  98      34BC9F7F 
  98      A0765F7D 
  98      F8DD706D 
  98      A4FA
  99 04a5 60DD81DA 		.ascii	"`\335\201\332H\270\376_\033;$\301"
  99      48B8FE5F 
  99      1B3B24C1 
 100              		.text
 101              		.section	.gnu.lto_UART_TXISR.43d65c5f,"",%progbits
 102 0000 789C9554 		.ascii	"x\234\225TKHTQ\030>\377\271\317y\340\224\264\010\241"
 102      4B485451 
 102      183EFFB9 
 102      CF79E094 
 102      B408A1
 103 0013 1615B8CB 		.ascii	"\026\025\270\313U\353\210\026\321&$m'\210\330l\025\244"
 103      55EB8816 
 103      D126246D 
 103      2788D86C 
 103      15A4
 104 0025 1605E6BD 		.ascii	"\026\005\346\275\316\024\"\"6\264\020\363\021Df\231"
 104      CE142222 
 104      36B410F3 
 104      11446699 
 105 0035 EF9E9A39 		.ascii	"\357\236\2329\216=,bL$21\355\241\220\213d\304r\032j"
 105      8E3D2C62 
 105      4C243231 
 105      EDA1908B 
 105      64C4721A 
 106 004a B0FF3FE7 		.ascii	"\260\377?\347zS+\260\013\363\237{\356\371\346\373\276"
 106      7A532BB0 
 106      0BF39F7B 
 106      EEF9E6FB 
 106      BE
 107 005b F37FE75E 		.ascii	"\363\177\347^\205\375y\225\340\257Sel\037\216\340a\300"
 107      85FD7995 
 107      E0AF5365 
 107      6C1F8EE0 
 107      61C0
 108 006d EBE28CD9 		.ascii	"\353\342\214\331&\007]\336(\\\255\312f\226W\243\352"
ARM GAS  C:\Users\Bruger\AppData\Local\Temp\ccGg1VJ2.s 			page 8


 108      26075DDE 
 108      285CADCA 
 108      669657A3 
 108      EA
 109 007e 5741938F 		.ascii	"WA\223\2175\271>l\352\334\210\277`\0100c\012\002\014"
 109      35B93E6C 
 109      EADC88BF 
 109      60083063 
 109      0A020C
 110 0091 AEAC9F9A 		.ascii	"\256\254\237\232\000\004c\300*\270\242j\272aB\005\327"
 110      000463C0 
 110      2AB8A26A 
 110      BA614205 
 110      D7
 111 00a2 A5F2025F 		.ascii	"\245\362\002_\342P\027m\257\367e_\263,+Q\231\334q~g"
 111      E250176D 
 111      AFF7655F 
 111      B32C2B51 
 111      99DC717E 
 112 00b7 8A33B6CC 		.ascii	"\2123\266\314%\000\256C6C\314R8\375\306\247\207\021"
 112      2500AE43 
 112      3643CC52 
 112      38FDC6A7 
 112      8711
 113 00c9 B34DAE41 		.ascii	"\263M\256A\033\350\200cWf\324Z]\235\230\036i\311T\267"
 113      1BE88063 
 113      5766D45A 
 113      5D9D981E 
 113      69C954B7 
 114 00dd AB2CC541 		.ascii	"\253,\305A\243\242S1\250\230T\274T|X\270\237\3562\250"
 114      A3A25331 
 114      A89854BC 
 114      547C58B8 
 114      9FEE32A8 
 115 00f1 04A83036 		.ascii	"\004\25006\207l\011\035\007\216\2032\317\025v\345\031"
 115      876C091D 
 115      078E8332 
 115      CF1576E5 
 115      19
 116 0102 53A62016 		.ascii	"S\246 \026\351\371z\325C2In\242\203\346\211\332N^\376"
 116      E9F97AD5 
 116      4332496E 
 116      A283E689 
 116      DA4E5EFE 
 117 0116 C3AAB2CC 		.ascii	"\303\252\262\314\024W\322\344\001\237\316\316\215\215"
 117      1457D2E4 
 117      019FCECE 
 117      8D8D
 118 0124 9B9F393E 		.ascii	"\233\2379>\021\323\217Vk\312h\202\313\266e#J\205\033"
 118      11D38F56 
 118      6BCA6882 
 118      CBB66523 
 118      4A851B
 119 0137 500E3721 		.ascii	"P\0167!\013\355\266C\023\260\327\020\216\207\316\375"
 119      0BEDB643 
 119      13B0D710 
 119      8E87CEFD 
ARM GAS  C:\Users\Bruger\AppData\Local\Temp\ccGg1VJ2.s 			page 9


 120 0147 E61CFB52 		.ascii	"\346\034\373R\375R\241\177\253\007\031\334\"\034^\363"
 120      FD52A17F 
 120      AB0719DC 
 120      221C5EF3 
 121 0157 5C65AFF6 		.ascii	"\\e\257\366\222\203D\367\267>\341\340\237\362\233\365"
 121      928344F7 
 121      B73EE1E0 
 121      9FF29BF5 
 122 0167 3A5CBD4E 		.ascii	":\\\275N\324[\357\017\343\205.\2410\3175w\213K+#>i\307"
 122      D45BEF0F 
 122      E3852EA1 
 122      30CF3577 
 122      8B4B2B23 
 123 017e BB658D6E 		.ascii	"\273e\215nW\243\207\3664\005\2253\206\344\360!\015\316"
 123      57A387F6 
 123      34059533 
 123      86E4F021 
 123      0DCE
 124 0190 63FD20E7 		.ascii	"c\375 \347\376\315\234Z\232:\276\336\226\366\027\011"
 124      FECD9C5A 
 124      9A3ABEDE 
 124      96F61709 
 125 01a0 1D7A51A2 		.ascii	"\035zQ\242\217$p\255\267\267\243A\317\351\260\302@\342"
 125      8F2470AD 
 125      B7B7A341 
 125      CFE9B0C2 
 125      40E2
 126 01b2 B7511285 		.ascii	"\267Q\022\205\304\321\270\0039\244\026\371\260\333\351"
 126      C4D1B803 
 126      39A416F9 
 126      B0DBE9
 127 01c1 51FADDFB 		.ascii	"Q\372\335\373\026\321N\343\371\250m\251\033\204\014"
 127      16D14EE3 
 127      F9A86DA9 
 127      1B840C
 128 01d0 41563558 		.ascii	"AV5X[D:a;\272+\305M\270\013YpO\354\345\276 \366\013"
 128      5B443A61 
 128      3BBA2BC5 
 128      4DB80B59 
 128      704FECE5 
 129 01e8 C29E9F9F 		.ascii	"\302\236\237\237\234\035el\271+\017\334\256\364\313"
 129      9C1D656C 
 129      B92B0FDC 
 129      AEF4CB
 130 01f7 AE8422BA 		.ascii	"\256\204\"\272\344\010H\232\361\206\326P@$\001\014\006"
 130      E408489A 
 130      F186D650 
 130      4024010C 
 130      06
 131 0208 10494AF0 		.ascii	"\020IJ\360_\351>t5\006\205\333\200HSg\370z\311\003\273"
 131      5FE93E74 
 131      350685DB 
 131      80485367 
 131      F87AC903 
 132 021d B87660D5 		.ascii	"\270v`\325-s>r9\207\2344#Nz\332f\016O\032\337\221\015"
 132      2D733E72 
 132      39879C34 
ARM GAS  C:\Users\Bruger\AppData\Local\Temp\ccGg1VJ2.s 			page 10


 132      234E7ADA 
 132      660E4F1A 
 133 0234 4DF58869 		.ascii	"M\365\210i\233\035n\004AI(/D\221rXP\306\234C\3776t\326"
 133      9B1D6E04 
 133      4149282F 
 133      44917258 
 133      50C69C43 
 134 024c F195A4C4 		.ascii	"\361\225\244\304\205m\203\341G\202l\257T/\016\346\312"
 134      856D83E1 
 134      47826CAF 
 134      542F0EE6 
 134      CA
 135 025d 6503D9E2 		.ascii	"e\003\331\342C\215\263\036\221\330\302Z\210\365\027"
 135      438DB31E 
 135      91D8C25A 
 135      88F517
 136 026c 2FD5A822 		.ascii	"/\325\250\"6\240\320F\334\320\036;\255\376~a\332\011"
 136      36A0D046 
 136      DCD01E3B 
 136      ADFE7E61 
 136      DA09
 137 027e CC21E98F 		.ascii	"\314!\351\217\214\326\353D\002*\203'\210E\023\223\241"
 137      8CD6EB44 
 137      022A8327 
 137      88451393 
 137      A1
 138 028f E5E6330E 		.ascii	"\345\3463\016\012!v\353@\215! H\364\324}\367L\372\012"
 138      0A2176EB 
 138      408D2120 
 138      48F4D47D 
 138      F74CFA0A 
 139 02a3 CC801D6D 		.ascii	"\314\200\035m\211p\002\323\3239\304$t\334\373\236#\301"
 139      897002D3 
 139      D339C424 
 139      74DCFB9E 
 139      23C1
 140 02b5 926059D1 		.ascii	"\222`Y\321\251\340\311\302\274\322\323e\305\301\202"
 140      A9E0C9C2 
 140      BCD2D365 
 140      C5C182
 141 02c4 DCBCD2C3 		.ascii	"\334\274\322\303\007\012N\034:\236_x\364X\376\376b\366"
 141      070A4E1C 
 141      3A9E5F78 
 141      F458FEFE 
 141      62F6
 142 02d6 0BE076BB 		.ascii	"\013\340v\273\206"
 142      86
 143              		.text
 144              		.section	.gnu.lto_.symbol_nodes.43d65c5f,"",%progbits
 145 0000 789C55CB 		.ascii	"x\234U\313\261\015\2000\014D\321o;N\014\025\343\261"
 145      B10D8030 
 145      0C44D16F 
 145      3B4E0C15 
 145      E3B1
 146 0012 8D576082 		.ascii	"\215W`\202\210\211\230\211X\242\341\212\327\234\276"
 146      88899889 
 146      58A2E18A 
ARM GAS  C:\Users\Bruger\AppData\Local\Temp\ccGg1VJ2.s 			page 11


 146      D79CBE
 147 0021 0127DF94 		.ascii	"\001'\337\224\204\353\201L\346\035\270r$nR6-\335\312"
 147      84EB814C 
 147      E61DB872 
 147      246E5236 
 147      2DDDCA
 148 0034 DECAE14B 		.ascii	"\336\312\341K\225\224_\023\275\276m\224{,y\001\247\010"
 148      95945F13 
 148      BDBE6D94 
 148      7B2C7901 
 148      A708
 149 0046 0E32     		.ascii	"\0162"
 150              		.text
 151              		.section	.gnu.lto_.refs.43d65c5f,"",%progbits
 152 0000 789C25C1 		.ascii	"x\234%\301K\016@@\024D\321[\257[+\237\236\210\010!\210"
 152      4B0E4040 
 152      1444D15B 
 152      AF5B2B9F 
 152      9E880821 
 153 0015 B5D8FF9A 		.ascii	"\265\330\377\232\014\234\223\200\227_\005\265R%&\245"
 153      0C9C9380 
 153      975F05B5 
 153      522526A5 
 154 0025 99BCA859 		.ascii	"\231\274\250Y\211M\261\023\207\342$.\312\255\374\270"
 154      894DB113 
 154      87E2242E 
 154      CAADFCB8 
 155 0035 C59213CE 		.ascii	"\305\222\023\316t\005[\356\361@?\362\001Z\373\002A"
 155      74055BEE 
 155      F1403FF2 
 155      015AFB02 
 155      41
 156              		.text
 157              		.section	.gnu.lto_.decls.43d65c5f,"",%progbits
 158 0000 789C8554 		.ascii	"x\234\205TmLSW\030\276\247\007\012-\005\031\311\300"
 158      6D4C5357 
 158      18BEA707 
 158      0A2D0519 
 158      C9C0
 159 0012 F4C7E866 		.ascii	"\364\307\350f\342\266\204\370c\3112\377\341t\211\321"
 159      E2B684F8 
 159      63C932FF 
 159      E17489D1 
 160 0022 2D8E14CC 		.ascii	"-\216\024\314\226hb\010^6\227\305\232Z\266\371k\307"
 160      96686208 
 160      5E3697C5 
 160      9A5AB6F9 
 160      6BC7
 161 0034 E222541C 		.ascii	"\342\"T\034\304\314\331\340b\212\300\020\006(\010\225"
 161      C4CCD9E0 
 161      628AC010 
 161      06280895 
 162 0044 0F814251 		.ascii	"\017\201BQ\201\012\326Q\276\314\2260\306\022\030[V\201"
 162      810AD651 
 162      BECC9630 
 162      C612185B 
 162      5681
ARM GAS  C:\Users\Bruger\AppData\Local\Temp\ccGg1VJ2.s 			page 12


 163 0056 201FCADD 		.ascii	" \037\312\335{\336{\261\275]d'y\356\275\357\271\317"
 163      7BDE7BB1 
 163      BD5D6427 
 163      79EEBDEF 
 163      B9CF
 164 0068 F3BCEF79 		.ascii	"\363\274\357y\357\271\207\012\202\260\225\010\202\004"
 164      EFB9870A 
 164      82B09508 
 164      8204
 165 0076 E3905610 		.ascii	"\343\220V\020\336\202g\012s\031Bhh\000\265\200z\200"
 165      DE82670A 
 165      73194268 
 165      6800B580 
 165      7A80
 166 0088 0ED00C68 		.ascii	"\016\320\014h\001\364\000z\001w\001}\200\001\300}\300"
 166      01F4007A 
 166      0177017D 
 166      8001C07D 
 166      C0
 167 0099 90A01E5C 		.ascii	"\220\240\036\\kP<\033\001\311\000?`?`\0040\014\030\005"
 167      6B503C1B 
 167      01C9003F 
 167      603F6004 
 167      300C1805 
 168 00ad 8C01DC80 		.ascii	"\214\001\334\200q\200G\321\022E\257\335$o\370\3405\306"
 168      718047D1 
 168      1245AFDD 
 168      246FF8E0 
 168      35C6
 169 00bf 29B99295 		.ascii	")\271\222\225\034\221\276\3419\033\303\362p-\335d\035"
 169      1C91BEE1 
 169      391BC3F2 
 169      702DDD64 
 169      1D
 170 00d0 8F35C437 		.ascii	"\2175\3047\265\274`\230\321\220\004}\"\017K\307\376"
 170      B5BC6098 
 170      D190047D 
 170      220F4BC7 
 170      FE
 171 00e1 58A4101A 		.ascii	"X\244\020\032\364\032\036\272W\226\256kS.2>\362Y\242"
 171      F41A1EBA 
 171      5796AE6B 
 171      532E323E 
 171      F259A2
 172 00f4 86642493 		.ascii	"\206d$\223*b$\327\210\0212T\223\024\270\036\212\222"
 172      2A6224D7 
 172      88113254 
 172      9314B81E 
 172      8A92
 173 0106 9D7A3BCE 		.ascii	"\235z;\316\260X\252!\374\271\334\371[@\237V\003\252"
 173      B058AA21 
 173      FCB9DCF9 
 173      5B409F56 
 173      03AA
 174 0118 02E69921 		.ascii	"\002\346\231!\241t\035W\233Vu\246+\314u#X\2734b`\327"
 174      A1741D57 
 174      9B5675A6 
ARM GAS  C:\Users\Bruger\AppData\Local\Temp\ccGg1VJ2.s 			page 13


 174      2BCC7523 
 174      58BB3462 
 175 012e 984792D2 		.ascii	"\230G\222\322\321\212\324\020J~\"iX<<\313\253\250%&"
 175      D18AD410 
 175      4A7E2269 
 175      583C3CCB 
 175      ABA82526 
 176 0142 90CD04FC 		.ascii	"\220\315\004\374\363\204\276\203\336\353\015\353\343"
 176      F384BE83 
 176      DEEB0DEB 
 176      E3
 177 014f D168E16A 		.ascii	"\321h\341j\251\322\312\006\250\257\013\323\327m\350"
 177      A9D2CA06 
 177      A8AF0BD3 
 177      D76DE8
 178 015e EB513FDA 		.ascii	"\353Q?\332u\366l,\335\215\372\323?\266\027\305\300\022"
 178      75F66C2C 
 178      DD8DFAD3 
 178      3FB617C5 
 178      C012
 179 0170 93F558D1 		.ascii	"\223\365X\321\267\276\322n\212\241\304_k&&\276[\241"
 179      B7BED26E 
 179      8AA1C45F 
 179      6B2626BE 
 179      5BA1
 180 0182 44BFBD80 		.ascii	"D\277\275\2001;\013^`t\253@\322\214\344M\243@n\222\355"
 180      313B0B5E 
 180      6074AB40 
 180      D28CE44D 
 180      A3406E92 
 181 0197 40C31CE4 		.ascii	"@\303\034\344\006t\241\001\272P\001k\014:\363;\367\347"
 181      0674A101 
 181      BA50016B 
 181      0C3AF33B 
 181      F7E7
 182 01a9 B35DA491 		.ascii	"\263]\244\221\350\311\365\347U`\006e\335\217jG*c\351"
 182      E8C9F5E7 
 182      55600665 
 182      DD8F6A47 
 182      2A63E9
 183 01bc 6758C05A 		.ascii	"gX\300Z[\257'a[\031s\331\203k\345]\346y{I\221\213\005"
 183      5BAF2761 
 183      5B1973D9 
 183      836BE55D 
 183      E6797B49 
 184 01d3 A5F454D4 		.ascii	"\245\364T\3247\311z%\247\300c\\H3\331\006\332\346%G"
 184      37C97A25 
 184      A7C0635C 
 184      4833D906 
 184      DAE62547 
 185 01e7 6BBCBE80 		.ascii	"k\274\276\200\177\215\377\257\2157\356\266\317\037G"
 185      7F8DFFAF 
 185      8D37EEB6 
 185      CF1F47
 186 01f6 4B09262E 		.ascii	"K\011&.\374sz>\016\022W\344O\026\314\015\305\271\234"
 186      FC737A3E 
 186      0E1257E4 
ARM GAS  C:\Users\Bruger\AppData\Local\Temp\ccGg1VJ2.s 			page 14


 186      4F16CC0D 
 186      C5B99C
 187 0209 1E362949 		.ascii	"\0366)I\251\304\015ioE\244\275\245\244m\301\264\305"
 187      A9C40D69 
 187      6F45A4BD 
 187      A5A46DC1 
 187      B4C5
 188 021b C187E775 		.ascii	"\301\207\347u\270KX\024wj,\257t\353p\233\354\342ak\375"
 188      B84B5814 
 188      776A2CAF 
 188      74EB709B 
 188      ECE2616B 
 189 0230 E2601CBE 		.ascii	"\342`\034\2766\361\260\355B\237S\213o\221<\375`\244"
 189      36F1B0ED 
 189      429F538B 
 189      6F913CFD 
 189      60A4
 190 0242 3306C374 		.ascii	"3\006\303t\036\272\236<3\363\0250V\222\317t}\0110O\332"
 190      1EBA9E3C 
 190      33F31530 
 190      5692CF74 
 190      7D09304F 
 191 0257 A1E2DBB8 		.ascii	"\241\342\333\270\247:\0114\215\274a$\035\362\002\232"
 191      A73A0934 
 191      8DBC6124 
 191      1DF2029A 
 192 0267 BD4F1D34 		.ascii	"\275O\0354\251\004\351\214\231\010\366\250\025\350m"
 192      A904E98C 
 192      9908F6A8 
 192      15E86D
 193 0276 48EF2249 		.ascii	"H\357\"I\033\"\316\376\245\346\373\302-\341l\367f\354"
 193      1B22CEFE 
 193      A5E6FBC2 
 193      2DE16CF7 
 193      66EC
 194 0288 ABF6D9D7 		.ascii	"\253\366\331\327i\235\334\233\352\331\312'\024z3}\332"
 194      699DDC9B 
 194      EAD9CA27 
 194      147A337D 
 194      DA
 195 0299 B55ECD4C 		.ascii	"\265^\315L\033\255\361\220$\322\255\264&\344\323\255"
 195      1BADF190 
 195      24D2ADB4 
 195      26E4D3AD 
 196 02a9 34A7079B 		.ascii	"4\247\007\233\323\357\260\333\015\264]\366\351\231\361"
 196      D3EFB0DB 
 196      0DB45DF6 
 196      E999F1
 197 02b8 CE69B1C7 		.ascii	"\316i\261\307\256\302\271oL\341-\366F\264\330\253\270"
 197      AEC2B96F 
 197      4CE12DF6 
 197      46B4D8AB 
 197      B8
 198 02c9 F4A2CBD4 		.ascii	"\364\242\313\324\257\217\0134tXv\361\225\331\233\250"
 198      AF8F0B34 
 198      745876F1 
 198      95D99BA8 
ARM GAS  C:\Users\Bruger\AppData\Local\Temp\ccGg1VJ2.s 			page 15


 199 02d9 ECE28870 		.ascii	"\354\342\210p\271\023\341rGq\271\213.\347\312\2755\321"
 199      B913E172 
 199      4771B98B 
 199      2EE7CABD 
 199      35D1
 200 02eb 745676A9 		.ascii	"tVv\251s7\377.\177o\2274\253v\271\027\341rOq\351C\227"
 200      7337FF2E 
 200      7F6F9734 
 200      AB76B917 
 200      E1724F71 
 201 0302 9B4F8B2F 		.ascii	"\233O\213/o\241k\262\313\263\005\177S\274\354\262\022"
 201      6FA16BB2 
 201      CBB3057F 
 201      53BCECB2 
 201      12
 202 0313 E1D21FE1 		.ascii	"\341\322\037\341\322\257\270\014\240K]OY \232\236\227"
 202      D2AFB80C 
 202      A04B5D4F 
 202      59209A9E 
 202      97
 203 0324 4F848BBE 		.ascii	"O\204\213\276\006\277A\356\357rD\177}\377\351\257O\361"
 203      06BF41EE 
 203      EF72447F 
 203      7DFFE9AF 
 203      4FF1
 204 0336 B98F3E5D 		.ascii	"\271\217>]\377\024\227\306\320\313\262O\321\302j\200"
 204      FF1497C6 
 204      D0CBB24F 
 204      D1C26A80 
 205 0346 E2CF33B9 		.ascii	"\342\3173\271\332?\020\332\303|[\014F\2243\250\330\014"
 205      DA3F10DA 
 205      C37C5B0C 
 205      469433A8 
 205      D80C
 206 0358 711BDA5D 		.ascii	"q\033\332]\325\375HO\214z\243\023\016\245\345T\342\207"
 206      D5FD484F 
 206      8C7AA313 
 206      0EA5E554 
 206      E287
 207 036a 6D80DB30 		.ascii	"m\200\3330hg\324\231 <\227\371q\013>\204j\036@5N<\302"
 207      6867D499 
 207      203C97F9 
 207      710B3E84 
 207      6A1E4035 
 208 0381 24E96B49 		.ascii	"$\351kI\036\3051H\340\027(\207]:W\021K\353\2616M`\310"
 208      1EC53148 
 208      E0172887 
 208      5D3A5711 
 208      4BEBB136 
 209 0398 31AA938F 		.ascii	"1\252\223\217\216\310\3373\360\302\243\303;\377\376"
 209      8EC8DF33 
 209      F0C2A3C3 
 209      3BFFFE
 210 03a7 19383A86 		.ascii	"\0318:\206\241\376\237CG\207\233\204\316\216\302\251"
 210      A1FE9F43 
 210      47879B84 
 210      CE8EC2A9 
ARM GAS  C:\Users\Bruger\AppData\Local\Temp\ccGg1VJ2.s 			page 16


 211 03b7 D24183C1 		.ascii	"\322A\203\301\301\317#\345\217\341\344\320/3B\014\270"
 211      C1CF23E5 
 211      8FE1E4D0 
 211      2F33420C 
 211      B8
 212 03c8 4CB803FB 		.ascii	"L\270\003\373\322\225\340\232N\305nT\261G\025\366(\262"
 212      D295E09A 
 212      4EC56E54 
 212      B14715F6 
 212      28B2
 213 03da 2716FFFA 		.ascii	"'\026\377\372A\355\355V\261\307\024\366\030\262\213"
 213      41EDED56 
 213      B1C714F6 
 213      18B28B
 214 03e9 DD2B7FEB 		.ascii	"\335+\177\353Ul\376\375B\354q\205\315\357\372\203\357"
 214      556CFEFD 
 214      42EC7185 
 214      CDEFFA83 
 214      EF
 215 03fa 9AB38E98 		.ascii	"\232\263\216\230?\336\227i\326\356=p\320\264Gxm\257"
 215      3FDE9769 
 215      D6EE3D70 
 215      D0B44778 
 215      6DAF
 216 040c 785CB466 		.ascii	"x\\\264f\333\304\243G2-y\326\034\361pF\246e\317\333"
 216      DBC4A347 
 216      322D79D6 
 216      1CF17046 
 216      A665CFDB 
 217 0420 8791B8EF 		.ascii	"\207\221\270\357@\326\216\034E\224\305E\321y\307\216"
 217      40D68E1C 
 217      4594C545 
 217      D179C78E 
 218 0430 DB76BEFA 		.ascii	"\333v\276\372\002M\316)\333\251\023\342\311\035\237"
 218      024DCE29 
 218      DBA913E2 
 218      C91D9F
 219 043f 0A892811 		.ascii	"\012\211(\021\255V\2135\323\226m\313;\371\312&i\200"
 219      AD568B35 
 219      D3966DCB 
 219      3BF9CA26 
 219      6980
 220 0451 9F847CEB 		.ascii	"\237\204|\353W\273\363rsE\353G\326c61^5\225\242\212"
 220      57BBF372 
 220      7345EB47 
 220      D6633631 
 220      5E3595A2 
 221 0466 3EB0584E 		.ascii	">\260XN\274'\332\304\034\333\313\252\371\017\277\020"
 221      BC27DAC4 
 221      1CDBCBAA 
 221      F90FBF10 
 222 0476 ADB99F5B 		.ascii	"\255\271\237[\276|I5k\026\263\217\3123\266\260\231x"
 222      BE7C4935 
 222      6B16B38F 
 222      CA33B6B0 
 222      9978
 223 0488 D54C922A 		.ascii	"\325L\222*\302\002\242\254\342';\377\0050\362\225Y"
ARM GAS  C:\Users\Bruger\AppData\Local\Temp\ccGg1VJ2.s 			page 17


 223      C202A2AC 
 223      E2273BFF 
 223      0530F295 
 223      59
 224              		.text
 225              		.section	.gnu.lto_.symtab.43d65c5f,"",%progbits
 226 0000 55415254 		.ascii	"UART_RXISR\000\000\000\000\000\000\000\000\000\000\000"
 226      5F525849 
 226      53520000 
 226      00000000 
 226      00000000 
 227 0015 00AC0000 		.ascii	"\000\254\000\000\000UART_TXISR\000\000\000\000\000\000"
 227      00554152 
 227      545F5458 
 227      49535200 
 227      00000000 
 228 002a 00000000 		.ascii	"\000\000\000\000\000\000\256\000\000\000UART_errorS"
 228      0000AE00 
 228      00005541 
 228      52545F65 
 228      72726F72 
 229 003f 74617475 		.ascii	"tatus\000\000\002\000\000\000\000\000\000\000\000\000"
 229      73000002 
 229      00000000 
 229      00000000 
 229      00
 230 0050 B5000000 		.ascii	"\265\000\000\000UART_rxBufferWrite\000\000\002\000\000"
 230      55415254 
 230      5F727842 
 230      75666665 
 230      72577269 
 231 006b 00000000 		.ascii	"\000\000\000\000\000\000\000\270\000\000\000UART_rx"
 231      000000B8 
 231      00000055 
 231      4152545F 
 231      7278
 232 007d 42756666 		.ascii	"Buffer\000\000\002\000\000\000\000\000\000\000\000\000"
 232      65720000 
 232      02000000 
 232      00000000 
 232      0000
 233 008f C2000000 		.ascii	"\302\000\000\000UART_rxBufferLoopDetect\000\000\002"
 233      55415254 
 233      5F727842 
 233      75666665 
 233      724C6F6F 
 234 00ad 00000000 		.ascii	"\000\000\000\000\000\000\000\000\000\304\000\000\000"
 234      00000000 
 234      00C40000 
 234      00
 235 00ba 55415254 		.ascii	"UART_rxBufferOverflow\000\000\002\000\000\000\000\000"
 235      5F727842 
 235      75666665 
 235      724F7665 
 235      72666C6F 
 236 00d7 00000000 		.ascii	"\000\000\000\000\306\000\000\000UART_rxBufferRead\000"
 236      C6000000 
ARM GAS  C:\Users\Bruger\AppData\Local\Temp\ccGg1VJ2.s 			page 18


 236      55415254 
 236      5F727842 
 236      75666665 
 237 00f1 00020000 		.ascii	"\000\002\000\000\000\000\000\000\000\000\000\310\000"
 237      00000000 
 237      000000C8 
 237      00
 238 00fe 00005541 		.ascii	"\000\000UART_txBufferRead\000\000\002\000\000\000\000"
 238      52545F74 
 238      78427566 
 238      66657252 
 238      65616400 
 239 0118 00000000 		.ascii	"\000\000\000\000\000\312\000\000\000UART_txBuffer\000"
 239      00CA0000 
 239      00554152 
 239      545F7478 
 239      42756666 
 240 012f 00020000 		.ascii	"\000\002\000\000\000\000\000\000\000\000\000\314\000"
 240      00000000 
 240      000000CC 
 240      00
 241 013c 00005541 		.ascii	"\000\000UART_txBufferWrite\000\000\002\000\000\000\000"
 241      52545F74 
 241      78427566 
 241      66657257 
 241      72697465 
 242 0157 00000000 		.ascii	"\000\000\000\000\000\316\000\000\000"
 242      00CE0000 
 242      00
 243              		.text
 244              		.section	.gnu.lto_.opts,"",%progbits
 245 0000 272D666E 		.ascii	"'-fno-trapv' '-mcpu=cortex-m3' '-mthumb' '-g' '-Os'"
 245      6F2D7472 
 245      61707627 
 245      20272D6D 
 245      6370753D 
 246 0033 20272D66 		.ascii	" '-ffunction-sections' '-finline-functions' '-flto'"
 246      66756E63 
 246      74696F6E 
 246      2D736563 
 246      74696F6E 
 247 0066 20272D66 		.ascii	" '-ffat-lto-objects'\000"
 247      6661742D 
 247      6C746F2D 
 247      6F626A65 
 247      63747327 
 248              		.text
 249              		.cfi_sections	.debug_frame
 250              		.section	.text.UART_RXISR,"ax",%progbits
 251              		.align	1
 252              		.global	UART_RXISR
 253              		.thumb
 254              		.thumb_func
 255              		.type	UART_RXISR, %function
 256              	UART_RXISR:
 257              	.LFB0:
 258              		.file 1 "Generated_Source\\PSoC5\\UART_INT.c"
ARM GAS  C:\Users\Bruger\AppData\Local\Temp\ccGg1VJ2.s 			page 19


   1:Generated_Source\PSoC5/UART_INT.c **** /*******************************************************************************
   2:Generated_Source\PSoC5/UART_INT.c **** * File Name: UARTINT.c
   3:Generated_Source\PSoC5/UART_INT.c **** * Version 2.50
   4:Generated_Source\PSoC5/UART_INT.c **** *
   5:Generated_Source\PSoC5/UART_INT.c **** * Description:
   6:Generated_Source\PSoC5/UART_INT.c **** *  This file provides all Interrupt Service functionality of the UART component
   7:Generated_Source\PSoC5/UART_INT.c **** *
   8:Generated_Source\PSoC5/UART_INT.c **** ********************************************************************************
   9:Generated_Source\PSoC5/UART_INT.c **** * Copyright 2008-2015, Cypress Semiconductor Corporation.  All rights reserved.
  10:Generated_Source\PSoC5/UART_INT.c **** * You may use this file only in accordance with the license, terms, conditions,
  11:Generated_Source\PSoC5/UART_INT.c **** * disclaimers, and limitations in the end user license agreement accompanying
  12:Generated_Source\PSoC5/UART_INT.c **** * the software package with which this file was provided.
  13:Generated_Source\PSoC5/UART_INT.c **** *******************************************************************************/
  14:Generated_Source\PSoC5/UART_INT.c **** 
  15:Generated_Source\PSoC5/UART_INT.c **** #include "UART.h"
  16:Generated_Source\PSoC5/UART_INT.c **** 
  17:Generated_Source\PSoC5/UART_INT.c **** 
  18:Generated_Source\PSoC5/UART_INT.c **** 
  19:Generated_Source\PSoC5/UART_INT.c **** /***************************************
  20:Generated_Source\PSoC5/UART_INT.c **** * Custom Declarations
  21:Generated_Source\PSoC5/UART_INT.c **** ***************************************/
  22:Generated_Source\PSoC5/UART_INT.c **** /* `#START CUSTOM_DECLARATIONS` Place your declaration here */
  23:Generated_Source\PSoC5/UART_INT.c **** 
  24:Generated_Source\PSoC5/UART_INT.c **** /* `#END` */
  25:Generated_Source\PSoC5/UART_INT.c **** 
  26:Generated_Source\PSoC5/UART_INT.c **** #if (UART_RX_INTERRUPT_ENABLED && (UART_RX_ENABLED || UART_HD_ENABLED))
  27:Generated_Source\PSoC5/UART_INT.c ****     /*******************************************************************************
  28:Generated_Source\PSoC5/UART_INT.c ****     * Function Name: UART_RXISR
  29:Generated_Source\PSoC5/UART_INT.c ****     ********************************************************************************
  30:Generated_Source\PSoC5/UART_INT.c ****     *
  31:Generated_Source\PSoC5/UART_INT.c ****     * Summary:
  32:Generated_Source\PSoC5/UART_INT.c ****     *  Interrupt Service Routine for RX portion of the UART
  33:Generated_Source\PSoC5/UART_INT.c ****     *
  34:Generated_Source\PSoC5/UART_INT.c ****     * Parameters:
  35:Generated_Source\PSoC5/UART_INT.c ****     *  None.
  36:Generated_Source\PSoC5/UART_INT.c ****     *
  37:Generated_Source\PSoC5/UART_INT.c ****     * Return:
  38:Generated_Source\PSoC5/UART_INT.c ****     *  None.
  39:Generated_Source\PSoC5/UART_INT.c ****     *
  40:Generated_Source\PSoC5/UART_INT.c ****     * Global Variables:
  41:Generated_Source\PSoC5/UART_INT.c ****     *  UART_rxBuffer - RAM buffer pointer for save received data.
  42:Generated_Source\PSoC5/UART_INT.c ****     *  UART_rxBufferWrite - cyclic index for write to rxBuffer,
  43:Generated_Source\PSoC5/UART_INT.c ****     *     increments after each byte saved to buffer.
  44:Generated_Source\PSoC5/UART_INT.c ****     *  UART_rxBufferRead - cyclic index for read from rxBuffer,
  45:Generated_Source\PSoC5/UART_INT.c ****     *     checked to detect overflow condition.
  46:Generated_Source\PSoC5/UART_INT.c ****     *  UART_rxBufferOverflow - software overflow flag. Set to one
  47:Generated_Source\PSoC5/UART_INT.c ****     *     when UART_rxBufferWrite index overtakes
  48:Generated_Source\PSoC5/UART_INT.c ****     *     UART_rxBufferRead index.
  49:Generated_Source\PSoC5/UART_INT.c ****     *  UART_rxBufferLoopDetect - additional variable to detect overflow.
  50:Generated_Source\PSoC5/UART_INT.c ****     *     Set to one when UART_rxBufferWrite is equal to
  51:Generated_Source\PSoC5/UART_INT.c ****     *    UART_rxBufferRead
  52:Generated_Source\PSoC5/UART_INT.c ****     *  UART_rxAddressMode - this variable contains the Address mode,
  53:Generated_Source\PSoC5/UART_INT.c ****     *     selected in customizer or set by UART_SetRxAddressMode() API.
  54:Generated_Source\PSoC5/UART_INT.c ****     *  UART_rxAddressDetected - set to 1 when correct address received,
  55:Generated_Source\PSoC5/UART_INT.c ****     *     and analysed to store following addressed data bytes to the buffer.
  56:Generated_Source\PSoC5/UART_INT.c ****     *     When not correct address received, set to 0 to skip following data bytes.
  57:Generated_Source\PSoC5/UART_INT.c ****     *
ARM GAS  C:\Users\Bruger\AppData\Local\Temp\ccGg1VJ2.s 			page 20


  58:Generated_Source\PSoC5/UART_INT.c ****     *******************************************************************************/
  59:Generated_Source\PSoC5/UART_INT.c ****     CY_ISR(UART_RXISR)
  60:Generated_Source\PSoC5/UART_INT.c ****     {
 259              		.loc 1 60 0
 260              		.cfi_startproc
 261              		@ args = 0, pretend = 0, frame = 0
 262              		@ frame_needed = 0, uses_anonymous_args = 0
 263              		@ link register save eliminated.
 264              	.L7:
  61:Generated_Source\PSoC5/UART_INT.c ****         uint8 readData;
  62:Generated_Source\PSoC5/UART_INT.c ****         uint8 readStatus;
  63:Generated_Source\PSoC5/UART_INT.c ****         uint8 increment_pointer = 0u;
  64:Generated_Source\PSoC5/UART_INT.c **** 
  65:Generated_Source\PSoC5/UART_INT.c ****     #if(CY_PSOC3)
  66:Generated_Source\PSoC5/UART_INT.c ****         uint8 int_en;
  67:Generated_Source\PSoC5/UART_INT.c ****     #endif /* (CY_PSOC3) */
  68:Generated_Source\PSoC5/UART_INT.c **** 
  69:Generated_Source\PSoC5/UART_INT.c ****     #ifdef UART_RXISR_ENTRY_CALLBACK
  70:Generated_Source\PSoC5/UART_INT.c ****         UART_RXISR_EntryCallback();
  71:Generated_Source\PSoC5/UART_INT.c ****     #endif /* UART_RXISR_ENTRY_CALLBACK */
  72:Generated_Source\PSoC5/UART_INT.c **** 
  73:Generated_Source\PSoC5/UART_INT.c ****         /* User code required at start of ISR */
  74:Generated_Source\PSoC5/UART_INT.c ****         /* `#START UART_RXISR_START` */
  75:Generated_Source\PSoC5/UART_INT.c **** 
  76:Generated_Source\PSoC5/UART_INT.c ****         /* `#END` */
  77:Generated_Source\PSoC5/UART_INT.c **** 
  78:Generated_Source\PSoC5/UART_INT.c ****     #if(CY_PSOC3)   /* Make sure nested interrupt is enabled */
  79:Generated_Source\PSoC5/UART_INT.c ****         int_en = EA;
  80:Generated_Source\PSoC5/UART_INT.c ****         CyGlobalIntEnable;
  81:Generated_Source\PSoC5/UART_INT.c ****     #endif /* (CY_PSOC3) */
  82:Generated_Source\PSoC5/UART_INT.c **** 
  83:Generated_Source\PSoC5/UART_INT.c ****         do
  84:Generated_Source\PSoC5/UART_INT.c ****         {
  85:Generated_Source\PSoC5/UART_INT.c ****             /* Read receiver status register */
  86:Generated_Source\PSoC5/UART_INT.c ****             readStatus = UART_RXSTATUS_REG;
 265              		.loc 1 86 0
 266 0000 164B     		ldr	r3, .L15
 267 0002 1B78     		ldrb	r3, [r3]	@ zero_extendqisi2
 268 0004 DBB2     		uxtb	r3, r3
 269              	.LVL0:
  87:Generated_Source\PSoC5/UART_INT.c ****             /* Copy the same status to readData variable for backward compatibility support 
  88:Generated_Source\PSoC5/UART_INT.c ****             *  of the user code in UART_RXISR_ERROR` section. 
  89:Generated_Source\PSoC5/UART_INT.c ****             */
  90:Generated_Source\PSoC5/UART_INT.c ****             readData = readStatus;
  91:Generated_Source\PSoC5/UART_INT.c **** 
  92:Generated_Source\PSoC5/UART_INT.c ****             if((readStatus & (UART_RX_STS_BREAK | 
 270              		.loc 1 92 0
 271 0006 13F01E00 		ands	r0, r3, #30
  93:Generated_Source\PSoC5/UART_INT.c ****                             UART_RX_STS_PAR_ERROR |
  94:Generated_Source\PSoC5/UART_INT.c ****                             UART_RX_STS_STOP_ERROR | 
  95:Generated_Source\PSoC5/UART_INT.c ****                             UART_RX_STS_OVERRUN)) != 0u)
  96:Generated_Source\PSoC5/UART_INT.c ****             {
  97:Generated_Source\PSoC5/UART_INT.c ****                 /* ERROR handling. */
  98:Generated_Source\PSoC5/UART_INT.c ****                 UART_errorStatus |= readStatus & ( UART_RX_STS_BREAK | 
 272              		.loc 1 98 0
 273 000a 1FBF     		itttt	ne
 274 000c 1449     		ldrne	r1, .L15+4
ARM GAS  C:\Users\Bruger\AppData\Local\Temp\ccGg1VJ2.s 			page 21


 275 000e 0A78     		ldrbne	r2, [r1]	@ zero_extendqisi2
 276 0010 0243     		orrne	r2, r2, r0
 277 0012 0A70     		strbne	r2, [r1]
  99:Generated_Source\PSoC5/UART_INT.c ****                                                             UART_RX_STS_PAR_ERROR | 
 100:Generated_Source\PSoC5/UART_INT.c ****                                                             UART_RX_STS_STOP_ERROR | 
 101:Generated_Source\PSoC5/UART_INT.c ****                                                             UART_RX_STS_OVERRUN);
 102:Generated_Source\PSoC5/UART_INT.c ****                 /* `#START UART_RXISR_ERROR` */
 103:Generated_Source\PSoC5/UART_INT.c **** 
 104:Generated_Source\PSoC5/UART_INT.c ****                 /* `#END` */
 105:Generated_Source\PSoC5/UART_INT.c ****                 
 106:Generated_Source\PSoC5/UART_INT.c ****             #ifdef UART_RXISR_ERROR_CALLBACK
 107:Generated_Source\PSoC5/UART_INT.c ****                 UART_RXISR_ERROR_Callback();
 108:Generated_Source\PSoC5/UART_INT.c ****             #endif /* UART_RXISR_ERROR_CALLBACK */
 109:Generated_Source\PSoC5/UART_INT.c ****             }
 110:Generated_Source\PSoC5/UART_INT.c ****             
 111:Generated_Source\PSoC5/UART_INT.c ****             if((readStatus & UART_RX_STS_FIFO_NOTEMPTY) != 0u)
 278              		.loc 1 111 0
 279 0014 9B06     		lsls	r3, r3, #26
 280              	.LVL1:
 281 0016 1FD5     		bpl	.L1
 112:Generated_Source\PSoC5/UART_INT.c ****             {
 113:Generated_Source\PSoC5/UART_INT.c ****                 /* Read data from the RX data register */
 114:Generated_Source\PSoC5/UART_INT.c ****                 readData = UART_RXDATA_REG;
 282              		.loc 1 114 0
 283 0018 124B     		ldr	r3, .L15+8
 115:Generated_Source\PSoC5/UART_INT.c ****             #if (UART_RXHW_ADDRESS_ENABLED)
 116:Generated_Source\PSoC5/UART_INT.c ****                 if(UART_rxAddressMode == (uint8)UART__B_UART__AM_SW_DETECT_TO_BUFFER)
 117:Generated_Source\PSoC5/UART_INT.c ****                 {
 118:Generated_Source\PSoC5/UART_INT.c ****                     if((readStatus & UART_RX_STS_MRKSPC) != 0u)
 119:Generated_Source\PSoC5/UART_INT.c ****                     {
 120:Generated_Source\PSoC5/UART_INT.c ****                         if ((readStatus & UART_RX_STS_ADDR_MATCH) != 0u)
 121:Generated_Source\PSoC5/UART_INT.c ****                         {
 122:Generated_Source\PSoC5/UART_INT.c ****                             UART_rxAddressDetected = 1u;
 123:Generated_Source\PSoC5/UART_INT.c ****                         }
 124:Generated_Source\PSoC5/UART_INT.c ****                         else
 125:Generated_Source\PSoC5/UART_INT.c ****                         {
 126:Generated_Source\PSoC5/UART_INT.c ****                             UART_rxAddressDetected = 0u;
 127:Generated_Source\PSoC5/UART_INT.c ****                         }
 128:Generated_Source\PSoC5/UART_INT.c ****                     }
 129:Generated_Source\PSoC5/UART_INT.c ****                     if(UART_rxAddressDetected != 0u)
 130:Generated_Source\PSoC5/UART_INT.c ****                     {   /* Store only addressed data */
 131:Generated_Source\PSoC5/UART_INT.c ****                         UART_rxBuffer[UART_rxBufferWrite] = readData;
 132:Generated_Source\PSoC5/UART_INT.c ****                         increment_pointer = 1u;
 133:Generated_Source\PSoC5/UART_INT.c ****                     }
 134:Generated_Source\PSoC5/UART_INT.c ****                 }
 135:Generated_Source\PSoC5/UART_INT.c ****                 else /* Without software addressing */
 136:Generated_Source\PSoC5/UART_INT.c ****                 {
 137:Generated_Source\PSoC5/UART_INT.c ****                     UART_rxBuffer[UART_rxBufferWrite] = readData;
 138:Generated_Source\PSoC5/UART_INT.c ****                     increment_pointer = 1u;
 139:Generated_Source\PSoC5/UART_INT.c ****                 }
 140:Generated_Source\PSoC5/UART_INT.c ****             #else  /* Without addressing */
 141:Generated_Source\PSoC5/UART_INT.c ****                 UART_rxBuffer[UART_rxBufferWrite] = readData;
 284              		.loc 1 141 0
 285 001a 1348     		ldr	r0, .L15+12
 114:Generated_Source\PSoC5/UART_INT.c ****             #if (UART_RXHW_ADDRESS_ENABLED)
 286              		.loc 1 114 0
 287 001c 1978     		ldrb	r1, [r3]	@ zero_extendqisi2
ARM GAS  C:\Users\Bruger\AppData\Local\Temp\ccGg1VJ2.s 			page 22


 288              		.loc 1 141 0
 289 001e 134B     		ldr	r3, .L15+16
 114:Generated_Source\PSoC5/UART_INT.c ****             #if (UART_RXHW_ADDRESS_ENABLED)
 290              		.loc 1 114 0
 291 0020 C9B2     		uxtb	r1, r1
 292              	.LVL2:
 293              		.loc 1 141 0
 294 0022 1A78     		ldrb	r2, [r3]	@ zero_extendqisi2
 295 0024 D2B2     		uxtb	r2, r2
 296 0026 8154     		strb	r1, [r0, r2]
 297              	.LVL3:
 142:Generated_Source\PSoC5/UART_INT.c ****                 increment_pointer = 1u;
 143:Generated_Source\PSoC5/UART_INT.c ****             #endif /* (UART_RXHW_ADDRESS_ENABLED) */
 144:Generated_Source\PSoC5/UART_INT.c **** 
 145:Generated_Source\PSoC5/UART_INT.c ****                 /* Do not increment buffer pointer when skip not addressed data */
 146:Generated_Source\PSoC5/UART_INT.c ****                 if(increment_pointer != 0u)
 147:Generated_Source\PSoC5/UART_INT.c ****                 {
 148:Generated_Source\PSoC5/UART_INT.c ****                     if(UART_rxBufferLoopDetect != 0u)
 298              		.loc 1 148 0
 299 0028 1149     		ldr	r1, .L15+20
 300              	.LVL4:
 301 002a 0A78     		ldrb	r2, [r1]	@ zero_extendqisi2
 302              	.LVL5:
 303 002c 12B1     		cbz	r2, .L4
 149:Generated_Source\PSoC5/UART_INT.c ****                     {   /* Set Software Buffer status Overflow */
 150:Generated_Source\PSoC5/UART_INT.c ****                         UART_rxBufferOverflow = 1u;
 304              		.loc 1 150 0
 305 002e 114A     		ldr	r2, .L15+24
 306 0030 0120     		movs	r0, #1
 307 0032 1070     		strb	r0, [r2]
 308              	.L4:
 151:Generated_Source\PSoC5/UART_INT.c ****                     }
 152:Generated_Source\PSoC5/UART_INT.c ****                     /* Set next pointer. */
 153:Generated_Source\PSoC5/UART_INT.c ****                     UART_rxBufferWrite++;
 309              		.loc 1 153 0
 310 0034 1A78     		ldrb	r2, [r3]	@ zero_extendqisi2
 311 0036 0132     		adds	r2, r2, #1
 312 0038 D2B2     		uxtb	r2, r2
 313 003a 1A70     		strb	r2, [r3]
 154:Generated_Source\PSoC5/UART_INT.c **** 
 155:Generated_Source\PSoC5/UART_INT.c ****                     /* Check pointer for a loop condition */
 156:Generated_Source\PSoC5/UART_INT.c ****                     if(UART_rxBufferWrite >= UART_RX_BUFFER_SIZE)
 314              		.loc 1 156 0
 315 003c 1A78     		ldrb	r2, [r3]	@ zero_extendqisi2
 316 003e 3F2A     		cmp	r2, #63
 157:Generated_Source\PSoC5/UART_INT.c ****                     {
 158:Generated_Source\PSoC5/UART_INT.c ****                         UART_rxBufferWrite = 0u;
 317              		.loc 1 158 0
 318 0040 82BF     		ittt	hi
 319 0042 0A4A     		ldrhi	r2, .L15+16
 320 0044 0020     		movhi	r0, #0
 321 0046 1070     		strbhi	r0, [r2]
 159:Generated_Source\PSoC5/UART_INT.c ****                     }
 160:Generated_Source\PSoC5/UART_INT.c **** 
 161:Generated_Source\PSoC5/UART_INT.c ****                     /* Detect pre-overload condition and set flag */
 162:Generated_Source\PSoC5/UART_INT.c ****                     if(UART_rxBufferWrite == UART_rxBufferRead)
 322              		.loc 1 162 0
ARM GAS  C:\Users\Bruger\AppData\Local\Temp\ccGg1VJ2.s 			page 23


 323 0048 1A78     		ldrb	r2, [r3]	@ zero_extendqisi2
 324 004a 0B4B     		ldr	r3, .L15+28
 325 004c 1B78     		ldrb	r3, [r3]	@ zero_extendqisi2
 326 004e 9A42     		cmp	r2, r3
 327 0050 D6D1     		bne	.L7
 163:Generated_Source\PSoC5/UART_INT.c ****                     {
 164:Generated_Source\PSoC5/UART_INT.c ****                         UART_rxBufferLoopDetect = 1u;
 328              		.loc 1 164 0
 329 0052 0123     		movs	r3, #1
 330 0054 0B70     		strb	r3, [r1]
 331 0056 D3E7     		b	.L7
 332              	.LVL6:
 333              	.L1:
 334 0058 7047     		bx	lr
 335              	.L16:
 336 005a 00BF     		.align	2
 337              	.L15:
 338 005c 68640040 		.word	1073767528
 339 0060 00000000 		.word	UART_errorStatus
 340 0064 4B650040 		.word	1073767755
 341 0068 00000000 		.word	UART_rxBuffer
 342 006c 00000000 		.word	UART_rxBufferWrite
 343 0070 00000000 		.word	UART_rxBufferLoopDetect
 344 0074 00000000 		.word	UART_rxBufferOverflow
 345 0078 00000000 		.word	UART_rxBufferRead
 346              		.cfi_endproc
 347              	.LFE0:
 348              		.size	UART_RXISR, .-UART_RXISR
 349              		.section	.text.UART_TXISR,"ax",%progbits
 350              		.align	1
 351              		.global	UART_TXISR
 352              		.thumb
 353              		.thumb_func
 354              		.type	UART_TXISR, %function
 355              	UART_TXISR:
 356              	.LFB1:
 165:Generated_Source\PSoC5/UART_INT.c ****                         /* When Hardware Flow Control selected */
 166:Generated_Source\PSoC5/UART_INT.c ****                         #if (UART_FLOW_CONTROL != 0u)
 167:Generated_Source\PSoC5/UART_INT.c ****                             /* Disable RX interrupt mask, it is enabled when user read data from th
 168:Generated_Source\PSoC5/UART_INT.c ****                             UART_RXSTATUS_MASK_REG  &= (uint8)~UART_RX_STS_FIFO_NOTEMPTY;
 169:Generated_Source\PSoC5/UART_INT.c ****                             CyIntClearPending(UART_RX_VECT_NUM);
 170:Generated_Source\PSoC5/UART_INT.c ****                             break; /* Break the reading of the FIFO loop, leave the data there for 
 171:Generated_Source\PSoC5/UART_INT.c ****                         #endif /* (UART_FLOW_CONTROL != 0u) */
 172:Generated_Source\PSoC5/UART_INT.c ****                     }
 173:Generated_Source\PSoC5/UART_INT.c ****                 }
 174:Generated_Source\PSoC5/UART_INT.c ****             }
 175:Generated_Source\PSoC5/UART_INT.c ****         }while((readStatus & UART_RX_STS_FIFO_NOTEMPTY) != 0u);
 176:Generated_Source\PSoC5/UART_INT.c **** 
 177:Generated_Source\PSoC5/UART_INT.c ****         /* User code required at end of ISR (Optional) */
 178:Generated_Source\PSoC5/UART_INT.c ****         /* `#START UART_RXISR_END` */
 179:Generated_Source\PSoC5/UART_INT.c **** 
 180:Generated_Source\PSoC5/UART_INT.c ****         /* `#END` */
 181:Generated_Source\PSoC5/UART_INT.c **** 
 182:Generated_Source\PSoC5/UART_INT.c ****     #ifdef UART_RXISR_EXIT_CALLBACK
 183:Generated_Source\PSoC5/UART_INT.c ****         UART_RXISR_ExitCallback();
 184:Generated_Source\PSoC5/UART_INT.c ****     #endif /* UART_RXISR_EXIT_CALLBACK */
 185:Generated_Source\PSoC5/UART_INT.c **** 
ARM GAS  C:\Users\Bruger\AppData\Local\Temp\ccGg1VJ2.s 			page 24


 186:Generated_Source\PSoC5/UART_INT.c ****     #if(CY_PSOC3)
 187:Generated_Source\PSoC5/UART_INT.c ****         EA = int_en;
 188:Generated_Source\PSoC5/UART_INT.c ****     #endif /* (CY_PSOC3) */
 189:Generated_Source\PSoC5/UART_INT.c ****     }
 190:Generated_Source\PSoC5/UART_INT.c ****     
 191:Generated_Source\PSoC5/UART_INT.c **** #endif /* (UART_RX_INTERRUPT_ENABLED && (UART_RX_ENABLED || UART_HD_ENABLED)) */
 192:Generated_Source\PSoC5/UART_INT.c **** 
 193:Generated_Source\PSoC5/UART_INT.c **** 
 194:Generated_Source\PSoC5/UART_INT.c **** #if (UART_TX_INTERRUPT_ENABLED && UART_TX_ENABLED)
 195:Generated_Source\PSoC5/UART_INT.c ****     /*******************************************************************************
 196:Generated_Source\PSoC5/UART_INT.c ****     * Function Name: UART_TXISR
 197:Generated_Source\PSoC5/UART_INT.c ****     ********************************************************************************
 198:Generated_Source\PSoC5/UART_INT.c ****     *
 199:Generated_Source\PSoC5/UART_INT.c ****     * Summary:
 200:Generated_Source\PSoC5/UART_INT.c ****     * Interrupt Service Routine for the TX portion of the UART
 201:Generated_Source\PSoC5/UART_INT.c ****     *
 202:Generated_Source\PSoC5/UART_INT.c ****     * Parameters:
 203:Generated_Source\PSoC5/UART_INT.c ****     *  None.
 204:Generated_Source\PSoC5/UART_INT.c ****     *
 205:Generated_Source\PSoC5/UART_INT.c ****     * Return:
 206:Generated_Source\PSoC5/UART_INT.c ****     *  None.
 207:Generated_Source\PSoC5/UART_INT.c ****     *
 208:Generated_Source\PSoC5/UART_INT.c ****     * Global Variables:
 209:Generated_Source\PSoC5/UART_INT.c ****     *  UART_txBuffer - RAM buffer pointer for transmit data from.
 210:Generated_Source\PSoC5/UART_INT.c ****     *  UART_txBufferRead - cyclic index for read and transmit data
 211:Generated_Source\PSoC5/UART_INT.c ****     *     from txBuffer, increments after each transmitted byte.
 212:Generated_Source\PSoC5/UART_INT.c ****     *  UART_rxBufferWrite - cyclic index for write to txBuffer,
 213:Generated_Source\PSoC5/UART_INT.c ****     *     checked to detect available for transmission bytes.
 214:Generated_Source\PSoC5/UART_INT.c ****     *
 215:Generated_Source\PSoC5/UART_INT.c ****     *******************************************************************************/
 216:Generated_Source\PSoC5/UART_INT.c ****     CY_ISR(UART_TXISR)
 217:Generated_Source\PSoC5/UART_INT.c ****     {
 357              		.loc 1 217 0
 358              		.cfi_startproc
 359              		@ args = 0, pretend = 0, frame = 0
 360              		@ frame_needed = 0, uses_anonymous_args = 0
 361              		@ link register save eliminated.
 362              	.L18:
 218:Generated_Source\PSoC5/UART_INT.c ****     #if(CY_PSOC3)
 219:Generated_Source\PSoC5/UART_INT.c ****         uint8 int_en;
 220:Generated_Source\PSoC5/UART_INT.c ****     #endif /* (CY_PSOC3) */
 221:Generated_Source\PSoC5/UART_INT.c **** 
 222:Generated_Source\PSoC5/UART_INT.c ****     #ifdef UART_TXISR_ENTRY_CALLBACK
 223:Generated_Source\PSoC5/UART_INT.c ****         UART_TXISR_EntryCallback();
 224:Generated_Source\PSoC5/UART_INT.c ****     #endif /* UART_TXISR_ENTRY_CALLBACK */
 225:Generated_Source\PSoC5/UART_INT.c **** 
 226:Generated_Source\PSoC5/UART_INT.c ****         /* User code required at start of ISR */
 227:Generated_Source\PSoC5/UART_INT.c ****         /* `#START UART_TXISR_START` */
 228:Generated_Source\PSoC5/UART_INT.c **** 
 229:Generated_Source\PSoC5/UART_INT.c ****         /* `#END` */
 230:Generated_Source\PSoC5/UART_INT.c **** 
 231:Generated_Source\PSoC5/UART_INT.c ****     #if(CY_PSOC3)   /* Make sure nested interrupt is enabled */
 232:Generated_Source\PSoC5/UART_INT.c ****         int_en = EA;
 233:Generated_Source\PSoC5/UART_INT.c ****         CyGlobalIntEnable;
 234:Generated_Source\PSoC5/UART_INT.c ****     #endif /* (CY_PSOC3) */
 235:Generated_Source\PSoC5/UART_INT.c **** 
 236:Generated_Source\PSoC5/UART_INT.c ****         while((UART_txBufferRead != UART_txBufferWrite) &&
ARM GAS  C:\Users\Bruger\AppData\Local\Temp\ccGg1VJ2.s 			page 25


 363              		.loc 1 236 0
 364 0000 0D4B     		ldr	r3, .L22
 365 0002 0E49     		ldr	r1, .L22+4
 366 0004 1A78     		ldrb	r2, [r3]	@ zero_extendqisi2
 367 0006 0978     		ldrb	r1, [r1]	@ zero_extendqisi2
 368 0008 9142     		cmp	r1, r2
 369 000a 14D0     		beq	.L17
 237:Generated_Source\PSoC5/UART_INT.c ****              ((UART_TXSTATUS_REG & UART_TX_STS_FIFO_FULL) == 0u))
 370              		.loc 1 237 0 discriminator 1
 371 000c 0C4A     		ldr	r2, .L22+8
 372 000e 1278     		ldrb	r2, [r2]	@ zero_extendqisi2
 236:Generated_Source\PSoC5/UART_INT.c ****              ((UART_TXSTATUS_REG & UART_TX_STS_FIFO_FULL) == 0u))
 373              		.loc 1 236 0 discriminator 1
 374 0010 12F00402 		ands	r2, r2, #4
 375 0014 0FD1     		bne	.L17
 238:Generated_Source\PSoC5/UART_INT.c ****         {
 239:Generated_Source\PSoC5/UART_INT.c ****             /* Check pointer wrap around */
 240:Generated_Source\PSoC5/UART_INT.c ****             if(UART_txBufferRead >= UART_TX_BUFFER_SIZE)
 376              		.loc 1 240 0
 377 0016 1978     		ldrb	r1, [r3]	@ zero_extendqisi2
 378 0018 3F29     		cmp	r1, #63
 241:Generated_Source\PSoC5/UART_INT.c ****             {
 242:Generated_Source\PSoC5/UART_INT.c ****                 UART_txBufferRead = 0u;
 379              		.loc 1 242 0
 380 001a 88BF     		it	hi
 381 001c 1A70     		strbhi	r2, [r3]
 243:Generated_Source\PSoC5/UART_INT.c ****             }
 244:Generated_Source\PSoC5/UART_INT.c **** 
 245:Generated_Source\PSoC5/UART_INT.c ****             UART_TXDATA_REG = UART_txBuffer[UART_txBufferRead];
 382              		.loc 1 245 0
 383 001e 1A78     		ldrb	r2, [r3]	@ zero_extendqisi2
 384 0020 0849     		ldr	r1, .L22+12
 385 0022 D2B2     		uxtb	r2, r2
 386 0024 8A5C     		ldrb	r2, [r1, r2]	@ zero_extendqisi2
 387 0026 0849     		ldr	r1, .L22+16
 388 0028 D2B2     		uxtb	r2, r2
 389 002a 0A70     		strb	r2, [r1]
 246:Generated_Source\PSoC5/UART_INT.c **** 
 247:Generated_Source\PSoC5/UART_INT.c ****             /* Set next pointer */
 248:Generated_Source\PSoC5/UART_INT.c ****             UART_txBufferRead++;
 390              		.loc 1 248 0
 391 002c 1A78     		ldrb	r2, [r3]	@ zero_extendqisi2
 392 002e 0132     		adds	r2, r2, #1
 393 0030 D2B2     		uxtb	r2, r2
 394 0032 1A70     		strb	r2, [r3]
 395 0034 E4E7     		b	.L18
 396              	.L17:
 397 0036 7047     		bx	lr
 398              	.L23:
 399              		.align	2
 400              	.L22:
 401 0038 00000000 		.word	UART_txBufferRead
 402 003c 00000000 		.word	UART_txBufferWrite
 403 0040 69640040 		.word	1073767529
 404 0044 00000000 		.word	UART_txBuffer
 405 0048 49640040 		.word	1073767497
 406              		.cfi_endproc
ARM GAS  C:\Users\Bruger\AppData\Local\Temp\ccGg1VJ2.s 			page 26


 407              	.LFE1:
 408              		.size	UART_TXISR, .-UART_TXISR
 409              		.text
 410              	.Letext0:
 411              		.file 2 "Generated_Source\\PSoC5\\cytypes.h"
 412              		.file 3 "Generated_Source\\PSoC5\\UART.h"
 413              		.section	.debug_info,"",%progbits
 414              	.Ldebug_info0:
 415 0000 7B010000 		.4byte	0x17b
 416 0004 0400     		.2byte	0x4
 417 0006 00000000 		.4byte	.Ldebug_abbrev0
 418 000a 04       		.byte	0x4
 419 000b 01       		.uleb128 0x1
 420 000c 5D000000 		.4byte	.LASF27
 421 0010 01       		.byte	0x1
 422 0011 82020000 		.4byte	.LASF28
 423 0015 5A010000 		.4byte	.LASF29
 424 0019 00000000 		.4byte	.Ldebug_ranges0+0
 425 001d 00000000 		.4byte	0
 426 0021 00000000 		.4byte	.Ldebug_line0
 427 0025 02       		.uleb128 0x2
 428 0026 01       		.byte	0x1
 429 0027 06       		.byte	0x6
 430 0028 76020000 		.4byte	.LASF0
 431 002c 02       		.uleb128 0x2
 432 002d 01       		.byte	0x1
 433 002e 08       		.byte	0x8
 434 002f 4F000000 		.4byte	.LASF1
 435 0033 02       		.uleb128 0x2
 436 0034 02       		.byte	0x2
 437 0035 05       		.byte	0x5
 438 0036 39020000 		.4byte	.LASF2
 439 003a 02       		.uleb128 0x2
 440 003b 02       		.byte	0x2
 441 003c 07       		.byte	0x7
 442 003d 26000000 		.4byte	.LASF3
 443 0041 02       		.uleb128 0x2
 444 0042 04       		.byte	0x4
 445 0043 05       		.byte	0x5
 446 0044 56020000 		.4byte	.LASF4
 447 0048 02       		.uleb128 0x2
 448 0049 04       		.byte	0x4
 449 004a 07       		.byte	0x7
 450 004b 09010000 		.4byte	.LASF5
 451 004f 02       		.uleb128 0x2
 452 0050 08       		.byte	0x8
 453 0051 05       		.byte	0x5
 454 0052 F6010000 		.4byte	.LASF6
 455 0056 02       		.uleb128 0x2
 456 0057 08       		.byte	0x8
 457 0058 07       		.byte	0x7
 458 0059 C0010000 		.4byte	.LASF7
 459 005d 03       		.uleb128 0x3
 460 005e 04       		.byte	0x4
 461 005f 05       		.byte	0x5
 462 0060 696E7400 		.ascii	"int\000"
 463 0064 02       		.uleb128 0x2
ARM GAS  C:\Users\Bruger\AppData\Local\Temp\ccGg1VJ2.s 			page 27


 464 0065 04       		.byte	0x4
 465 0066 07       		.byte	0x7
 466 0067 B3010000 		.4byte	.LASF8
 467 006b 04       		.uleb128 0x4
 468 006c 1B010000 		.4byte	.LASF12
 469 0070 02       		.byte	0x2
 470 0071 3801     		.2byte	0x138
 471 0073 2C000000 		.4byte	0x2c
 472 0077 02       		.uleb128 0x2
 473 0078 04       		.byte	0x4
 474 0079 04       		.byte	0x4
 475 007a 12000000 		.4byte	.LASF9
 476 007e 02       		.uleb128 0x2
 477 007f 08       		.byte	0x8
 478 0080 04       		.byte	0x4
 479 0081 2F010000 		.4byte	.LASF10
 480 0085 02       		.uleb128 0x2
 481 0086 01       		.byte	0x1
 482 0087 08       		.byte	0x8
 483 0088 5F020000 		.4byte	.LASF11
 484 008c 04       		.uleb128 0x4
 485 008d 04010000 		.4byte	.LASF13
 486 0091 02       		.byte	0x2
 487 0092 E201     		.2byte	0x1e2
 488 0094 98000000 		.4byte	0x98
 489 0098 05       		.uleb128 0x5
 490 0099 6B000000 		.4byte	0x6b
 491 009d 02       		.uleb128 0x2
 492 009e 04       		.byte	0x4
 493 009f 07       		.byte	0x7
 494 00a0 ED010000 		.4byte	.LASF14
 495 00a4 06       		.uleb128 0x6
 496 00a5 39000000 		.4byte	.LASF30
 497 00a9 01       		.byte	0x1
 498 00aa 3B       		.byte	0x3b
 499 00ab 00000000 		.4byte	.LFB0
 500 00af 7C000000 		.4byte	.LFE0-.LFB0
 501 00b3 01       		.uleb128 0x1
 502 00b4 9C       		.byte	0x9c
 503 00b5 E7000000 		.4byte	0xe7
 504 00b9 07       		.uleb128 0x7
 505 00ba A4020000 		.4byte	.LASF15
 506 00be 01       		.byte	0x1
 507 00bf 3D       		.byte	0x3d
 508 00c0 6B000000 		.4byte	0x6b
 509 00c4 00000000 		.4byte	.LLST0
 510 00c8 07       		.uleb128 0x7
 511 00c9 44000000 		.4byte	.LASF16
 512 00cd 01       		.byte	0x1
 513 00ce 3E       		.byte	0x3e
 514 00cf 6B000000 		.4byte	0x6b
 515 00d3 2D000000 		.4byte	.LLST1
 516 00d7 07       		.uleb128 0x7
 517 00d8 0F020000 		.4byte	.LASF17
 518 00dc 01       		.byte	0x1
 519 00dd 3F       		.byte	0x3f
 520 00de 6B000000 		.4byte	0x6b
ARM GAS  C:\Users\Bruger\AppData\Local\Temp\ccGg1VJ2.s 			page 28


 521 00e2 40000000 		.4byte	.LLST2
 522 00e6 00       		.byte	0
 523 00e7 08       		.uleb128 0x8
 524 00e8 04020000 		.4byte	.LASF31
 525 00ec 01       		.byte	0x1
 526 00ed D8       		.byte	0xd8
 527 00ee 00000000 		.4byte	.LFB1
 528 00f2 4C000000 		.4byte	.LFE1-.LFB1
 529 00f6 01       		.uleb128 0x1
 530 00f7 9C       		.byte	0x9c
 531 00f8 09       		.uleb128 0x9
 532 00f9 6B000000 		.4byte	0x6b
 533 00fd 08010000 		.4byte	0x108
 534 0101 0A       		.uleb128 0xa
 535 0102 9D000000 		.4byte	0x9d
 536 0106 3F       		.byte	0x3f
 537 0107 00       		.byte	0
 538 0108 0B       		.uleb128 0xb
 539 0109 18000000 		.4byte	.LASF18
 540 010d 03       		.byte	0x3
 541 010e 3801     		.2byte	0x138
 542 0110 14010000 		.4byte	0x114
 543 0114 05       		.uleb128 0x5
 544 0115 F8000000 		.4byte	0xf8
 545 0119 0B       		.uleb128 0xb
 546 011a 64020000 		.4byte	.LASF19
 547 011e 03       		.byte	0x3
 548 011f 3901     		.2byte	0x139
 549 0121 98000000 		.4byte	0x98
 550 0125 0B       		.uleb128 0xb
 551 0126 43020000 		.4byte	.LASF20
 552 012a 03       		.byte	0x3
 553 012b 3A01     		.2byte	0x13a
 554 012d 6B000000 		.4byte	0x6b
 555 0131 0B       		.uleb128 0xb
 556 0132 36010000 		.4byte	.LASF21
 557 0136 03       		.byte	0x3
 558 0137 3D01     		.2byte	0x13d
 559 0139 6B000000 		.4byte	0x6b
 560 013d 0B       		.uleb128 0xb
 561 013e 21010000 		.4byte	.LASF22
 562 0142 03       		.byte	0x3
 563 0143 3E01     		.2byte	0x13e
 564 0145 49010000 		.4byte	0x149
 565 0149 05       		.uleb128 0x5
 566 014a F8000000 		.4byte	0xf8
 567 014e 0B       		.uleb128 0xb
 568 014f 00000000 		.4byte	.LASF23
 569 0153 03       		.byte	0x3
 570 0154 3F01     		.2byte	0x13f
 571 0156 98000000 		.4byte	0x98
 572 015a 0B       		.uleb128 0xb
 573 015b 47010000 		.4byte	.LASF24
 574 015f 03       		.byte	0x3
 575 0160 4001     		.2byte	0x140
 576 0162 98000000 		.4byte	0x98
 577 0166 0B       		.uleb128 0xb
ARM GAS  C:\Users\Bruger\AppData\Local\Temp\ccGg1VJ2.s 			page 29


 578 0167 21020000 		.4byte	.LASF25
 579 016b 03       		.byte	0x3
 580 016c 4101     		.2byte	0x141
 581 016e 98000000 		.4byte	0x98
 582 0172 0B       		.uleb128 0xb
 583 0173 D7010000 		.4byte	.LASF26
 584 0177 03       		.byte	0x3
 585 0178 4201     		.2byte	0x142
 586 017a 98000000 		.4byte	0x98
 587 017e 00       		.byte	0
 588              		.section	.debug_abbrev,"",%progbits
 589              	.Ldebug_abbrev0:
 590 0000 01       		.uleb128 0x1
 591 0001 11       		.uleb128 0x11
 592 0002 01       		.byte	0x1
 593 0003 25       		.uleb128 0x25
 594 0004 0E       		.uleb128 0xe
 595 0005 13       		.uleb128 0x13
 596 0006 0B       		.uleb128 0xb
 597 0007 03       		.uleb128 0x3
 598 0008 0E       		.uleb128 0xe
 599 0009 1B       		.uleb128 0x1b
 600 000a 0E       		.uleb128 0xe
 601 000b 55       		.uleb128 0x55
 602 000c 17       		.uleb128 0x17
 603 000d 11       		.uleb128 0x11
 604 000e 01       		.uleb128 0x1
 605 000f 10       		.uleb128 0x10
 606 0010 17       		.uleb128 0x17
 607 0011 00       		.byte	0
 608 0012 00       		.byte	0
 609 0013 02       		.uleb128 0x2
 610 0014 24       		.uleb128 0x24
 611 0015 00       		.byte	0
 612 0016 0B       		.uleb128 0xb
 613 0017 0B       		.uleb128 0xb
 614 0018 3E       		.uleb128 0x3e
 615 0019 0B       		.uleb128 0xb
 616 001a 03       		.uleb128 0x3
 617 001b 0E       		.uleb128 0xe
 618 001c 00       		.byte	0
 619 001d 00       		.byte	0
 620 001e 03       		.uleb128 0x3
 621 001f 24       		.uleb128 0x24
 622 0020 00       		.byte	0
 623 0021 0B       		.uleb128 0xb
 624 0022 0B       		.uleb128 0xb
 625 0023 3E       		.uleb128 0x3e
 626 0024 0B       		.uleb128 0xb
 627 0025 03       		.uleb128 0x3
 628 0026 08       		.uleb128 0x8
 629 0027 00       		.byte	0
 630 0028 00       		.byte	0
 631 0029 04       		.uleb128 0x4
 632 002a 16       		.uleb128 0x16
 633 002b 00       		.byte	0
 634 002c 03       		.uleb128 0x3
ARM GAS  C:\Users\Bruger\AppData\Local\Temp\ccGg1VJ2.s 			page 30


 635 002d 0E       		.uleb128 0xe
 636 002e 3A       		.uleb128 0x3a
 637 002f 0B       		.uleb128 0xb
 638 0030 3B       		.uleb128 0x3b
 639 0031 05       		.uleb128 0x5
 640 0032 49       		.uleb128 0x49
 641 0033 13       		.uleb128 0x13
 642 0034 00       		.byte	0
 643 0035 00       		.byte	0
 644 0036 05       		.uleb128 0x5
 645 0037 35       		.uleb128 0x35
 646 0038 00       		.byte	0
 647 0039 49       		.uleb128 0x49
 648 003a 13       		.uleb128 0x13
 649 003b 00       		.byte	0
 650 003c 00       		.byte	0
 651 003d 06       		.uleb128 0x6
 652 003e 2E       		.uleb128 0x2e
 653 003f 01       		.byte	0x1
 654 0040 3F       		.uleb128 0x3f
 655 0041 19       		.uleb128 0x19
 656 0042 03       		.uleb128 0x3
 657 0043 0E       		.uleb128 0xe
 658 0044 3A       		.uleb128 0x3a
 659 0045 0B       		.uleb128 0xb
 660 0046 3B       		.uleb128 0x3b
 661 0047 0B       		.uleb128 0xb
 662 0048 27       		.uleb128 0x27
 663 0049 19       		.uleb128 0x19
 664 004a 11       		.uleb128 0x11
 665 004b 01       		.uleb128 0x1
 666 004c 12       		.uleb128 0x12
 667 004d 06       		.uleb128 0x6
 668 004e 40       		.uleb128 0x40
 669 004f 18       		.uleb128 0x18
 670 0050 9742     		.uleb128 0x2117
 671 0052 19       		.uleb128 0x19
 672 0053 01       		.uleb128 0x1
 673 0054 13       		.uleb128 0x13
 674 0055 00       		.byte	0
 675 0056 00       		.byte	0
 676 0057 07       		.uleb128 0x7
 677 0058 34       		.uleb128 0x34
 678 0059 00       		.byte	0
 679 005a 03       		.uleb128 0x3
 680 005b 0E       		.uleb128 0xe
 681 005c 3A       		.uleb128 0x3a
 682 005d 0B       		.uleb128 0xb
 683 005e 3B       		.uleb128 0x3b
 684 005f 0B       		.uleb128 0xb
 685 0060 49       		.uleb128 0x49
 686 0061 13       		.uleb128 0x13
 687 0062 02       		.uleb128 0x2
 688 0063 17       		.uleb128 0x17
 689 0064 00       		.byte	0
 690 0065 00       		.byte	0
 691 0066 08       		.uleb128 0x8
ARM GAS  C:\Users\Bruger\AppData\Local\Temp\ccGg1VJ2.s 			page 31


 692 0067 2E       		.uleb128 0x2e
 693 0068 00       		.byte	0
 694 0069 3F       		.uleb128 0x3f
 695 006a 19       		.uleb128 0x19
 696 006b 03       		.uleb128 0x3
 697 006c 0E       		.uleb128 0xe
 698 006d 3A       		.uleb128 0x3a
 699 006e 0B       		.uleb128 0xb
 700 006f 3B       		.uleb128 0x3b
 701 0070 0B       		.uleb128 0xb
 702 0071 27       		.uleb128 0x27
 703 0072 19       		.uleb128 0x19
 704 0073 11       		.uleb128 0x11
 705 0074 01       		.uleb128 0x1
 706 0075 12       		.uleb128 0x12
 707 0076 06       		.uleb128 0x6
 708 0077 40       		.uleb128 0x40
 709 0078 18       		.uleb128 0x18
 710 0079 9742     		.uleb128 0x2117
 711 007b 19       		.uleb128 0x19
 712 007c 00       		.byte	0
 713 007d 00       		.byte	0
 714 007e 09       		.uleb128 0x9
 715 007f 01       		.uleb128 0x1
 716 0080 01       		.byte	0x1
 717 0081 49       		.uleb128 0x49
 718 0082 13       		.uleb128 0x13
 719 0083 01       		.uleb128 0x1
 720 0084 13       		.uleb128 0x13
 721 0085 00       		.byte	0
 722 0086 00       		.byte	0
 723 0087 0A       		.uleb128 0xa
 724 0088 21       		.uleb128 0x21
 725 0089 00       		.byte	0
 726 008a 49       		.uleb128 0x49
 727 008b 13       		.uleb128 0x13
 728 008c 2F       		.uleb128 0x2f
 729 008d 0B       		.uleb128 0xb
 730 008e 00       		.byte	0
 731 008f 00       		.byte	0
 732 0090 0B       		.uleb128 0xb
 733 0091 34       		.uleb128 0x34
 734 0092 00       		.byte	0
 735 0093 03       		.uleb128 0x3
 736 0094 0E       		.uleb128 0xe
 737 0095 3A       		.uleb128 0x3a
 738 0096 0B       		.uleb128 0xb
 739 0097 3B       		.uleb128 0x3b
 740 0098 05       		.uleb128 0x5
 741 0099 49       		.uleb128 0x49
 742 009a 13       		.uleb128 0x13
 743 009b 3F       		.uleb128 0x3f
 744 009c 19       		.uleb128 0x19
 745 009d 3C       		.uleb128 0x3c
 746 009e 19       		.uleb128 0x19
 747 009f 00       		.byte	0
 748 00a0 00       		.byte	0
ARM GAS  C:\Users\Bruger\AppData\Local\Temp\ccGg1VJ2.s 			page 32


 749 00a1 00       		.byte	0
 750              		.section	.debug_loc,"",%progbits
 751              	.Ldebug_loc0:
 752              	.LLST0:
 753 0000 06000000 		.4byte	.LVL0
 754 0004 16000000 		.4byte	.LVL1
 755 0008 0100     		.2byte	0x1
 756 000a 53       		.byte	0x53
 757 000b 22000000 		.4byte	.LVL2
 758 000f 2A000000 		.4byte	.LVL4
 759 0013 0100     		.2byte	0x1
 760 0015 51       		.byte	0x51
 761 0016 2A000000 		.4byte	.LVL4
 762 001a 2C000000 		.4byte	.LVL5
 763 001e 0500     		.2byte	0x5
 764 0020 70       		.byte	0x70
 765 0021 00       		.sleb128 0
 766 0022 72       		.byte	0x72
 767 0023 00       		.sleb128 0
 768 0024 22       		.byte	0x22
 769 0025 00000000 		.4byte	0
 770 0029 00000000 		.4byte	0
 771              	.LLST1:
 772 002d 06000000 		.4byte	.LVL0
 773 0031 16000000 		.4byte	.LVL1
 774 0035 0100     		.2byte	0x1
 775 0037 53       		.byte	0x53
 776 0038 00000000 		.4byte	0
 777 003c 00000000 		.4byte	0
 778              	.LLST2:
 779 0040 28000000 		.4byte	.LVL3
 780 0044 58000000 		.4byte	.LVL6
 781 0048 0200     		.2byte	0x2
 782 004a 31       		.byte	0x31
 783 004b 9F       		.byte	0x9f
 784 004c 00000000 		.4byte	0
 785 0050 00000000 		.4byte	0
 786              		.section	.debug_aranges,"",%progbits
 787 0000 24000000 		.4byte	0x24
 788 0004 0200     		.2byte	0x2
 789 0006 00000000 		.4byte	.Ldebug_info0
 790 000a 04       		.byte	0x4
 791 000b 00       		.byte	0
 792 000c 0000     		.2byte	0
 793 000e 0000     		.2byte	0
 794 0010 00000000 		.4byte	.LFB0
 795 0014 7C000000 		.4byte	.LFE0-.LFB0
 796 0018 00000000 		.4byte	.LFB1
 797 001c 4C000000 		.4byte	.LFE1-.LFB1
 798 0020 00000000 		.4byte	0
 799 0024 00000000 		.4byte	0
 800              		.section	.debug_ranges,"",%progbits
 801              	.Ldebug_ranges0:
 802 0000 00000000 		.4byte	.LFB0
 803 0004 7C000000 		.4byte	.LFE0
 804 0008 00000000 		.4byte	.LFB1
 805 000c 4C000000 		.4byte	.LFE1
ARM GAS  C:\Users\Bruger\AppData\Local\Temp\ccGg1VJ2.s 			page 33


 806 0010 00000000 		.4byte	0
 807 0014 00000000 		.4byte	0
 808              		.section	.debug_line,"",%progbits
 809              	.Ldebug_line0:
 810 0000 A4000000 		.section	.debug_str,"MS",%progbits,1
 810      02004F00 
 810      00000201 
 810      FB0E0D00 
 810      01010101 
 811              	.LASF23:
 812 0000 55415254 		.ascii	"UART_rxBufferRead\000"
 812      5F727842 
 812      75666665 
 812      72526561 
 812      6400
 813              	.LASF9:
 814 0012 666C6F61 		.ascii	"float\000"
 814      7400
 815              	.LASF18:
 816 0018 55415254 		.ascii	"UART_txBuffer\000"
 816      5F747842 
 816      75666665 
 816      7200
 817              	.LASF3:
 818 0026 73686F72 		.ascii	"short unsigned int\000"
 818      7420756E 
 818      7369676E 
 818      65642069 
 818      6E7400
 819              	.LASF30:
 820 0039 55415254 		.ascii	"UART_RXISR\000"
 820      5F525849 
 820      535200
 821              	.LASF16:
 822 0044 72656164 		.ascii	"readStatus\000"
 822      53746174 
 822      757300
 823              	.LASF1:
 824 004f 756E7369 		.ascii	"unsigned char\000"
 824      676E6564 
 824      20636861 
 824      7200
 825              	.LASF27:
 826 005d 474E5520 		.ascii	"GNU C 4.9.3 20150303 (release) [ARM/embedded-4_9-br"
 826      4320342E 
 826      392E3320 
 826      32303135 
 826      30333033 
 827 0090 616E6368 		.ascii	"anch revision 221220] -mcpu=cortex-m3 -mthumb -g -O"
 827      20726576 
 827      6973696F 
 827      6E203232 
 827      31323230 
 828 00c3 73202D66 		.ascii	"s -ffunction-sections -finline-functions -flto -ffa"
 828      66756E63 
 828      74696F6E 
 828      2D736563 
ARM GAS  C:\Users\Bruger\AppData\Local\Temp\ccGg1VJ2.s 			page 34


 828      74696F6E 
 829 00f6 742D6C74 		.ascii	"t-lto-objects\000"
 829      6F2D6F62 
 829      6A656374 
 829      7300
 830              	.LASF13:
 831 0104 72656738 		.ascii	"reg8\000"
 831      00
 832              	.LASF5:
 833 0109 6C6F6E67 		.ascii	"long unsigned int\000"
 833      20756E73 
 833      69676E65 
 833      6420696E 
 833      7400
 834              	.LASF12:
 835 011b 75696E74 		.ascii	"uint8\000"
 835      3800
 836              	.LASF22:
 837 0121 55415254 		.ascii	"UART_rxBuffer\000"
 837      5F727842 
 837      75666665 
 837      7200
 838              	.LASF10:
 839 012f 646F7562 		.ascii	"double\000"
 839      6C6500
 840              	.LASF21:
 841 0136 55415254 		.ascii	"UART_errorStatus\000"
 841      5F657272 
 841      6F725374 
 841      61747573 
 841      00
 842              	.LASF24:
 843 0147 55415254 		.ascii	"UART_rxBufferWrite\000"
 843      5F727842 
 843      75666665 
 843      72577269 
 843      746500
 844              	.LASF29:
 845 015a 433A5C55 		.ascii	"C:\\Users\\Bruger\\Desktop\\CODE\\PSOC5\\CY8CKIT-59"
 845      73657273 
 845      5C427275 
 845      6765725C 
 845      4465736B 
 846 0187 2D417264 		.ascii	"-Arduino\\CY8CKIT59_Ardudino-Speeduino.cydsn\000"
 846      75696E6F 
 846      5C435938 
 846      434B4954 
 846      35395F41 
 847              	.LASF8:
 848 01b3 756E7369 		.ascii	"unsigned int\000"
 848      676E6564 
 848      20696E74 
 848      00
 849              	.LASF7:
 850 01c0 6C6F6E67 		.ascii	"long long unsigned int\000"
 850      206C6F6E 
 850      6720756E 
ARM GAS  C:\Users\Bruger\AppData\Local\Temp\ccGg1VJ2.s 			page 35


 850      7369676E 
 850      65642069 
 851              	.LASF26:
 852 01d7 55415254 		.ascii	"UART_rxBufferOverflow\000"
 852      5F727842 
 852      75666665 
 852      724F7665 
 852      72666C6F 
 853              	.LASF14:
 854 01ed 73697A65 		.ascii	"sizetype\000"
 854      74797065 
 854      00
 855              	.LASF6:
 856 01f6 6C6F6E67 		.ascii	"long long int\000"
 856      206C6F6E 
 856      6720696E 
 856      7400
 857              	.LASF31:
 858 0204 55415254 		.ascii	"UART_TXISR\000"
 858      5F545849 
 858      535200
 859              	.LASF17:
 860 020f 696E6372 		.ascii	"increment_pointer\000"
 860      656D656E 
 860      745F706F 
 860      696E7465 
 860      7200
 861              	.LASF25:
 862 0221 55415254 		.ascii	"UART_rxBufferLoopDetect\000"
 862      5F727842 
 862      75666665 
 862      724C6F6F 
 862      70446574 
 863              	.LASF2:
 864 0239 73686F72 		.ascii	"short int\000"
 864      7420696E 
 864      7400
 865              	.LASF20:
 866 0243 55415254 		.ascii	"UART_txBufferWrite\000"
 866      5F747842 
 866      75666665 
 866      72577269 
 866      746500
 867              	.LASF4:
 868 0256 6C6F6E67 		.ascii	"long int\000"
 868      20696E74 
 868      00
 869              	.LASF11:
 870 025f 63686172 		.ascii	"char\000"
 870      00
 871              	.LASF19:
 872 0264 55415254 		.ascii	"UART_txBufferRead\000"
 872      5F747842 
 872      75666665 
 872      72526561 
 872      6400
 873              	.LASF0:
ARM GAS  C:\Users\Bruger\AppData\Local\Temp\ccGg1VJ2.s 			page 36


 874 0276 7369676E 		.ascii	"signed char\000"
 874      65642063 
 874      68617200 
 875              	.LASF28:
 876 0282 47656E65 		.ascii	"Generated_Source\\PSoC5\\UART_INT.c\000"
 876      72617465 
 876      645F536F 
 876      75726365 
 876      5C50536F 
 877              	.LASF15:
 878 02a4 72656164 		.ascii	"readData\000"
 878      44617461 
 878      00
 879              		.comm	__gnu_lto_v1,1,1
 880              		.ident	"GCC: (GNU Tools for ARM Embedded Processors) 4.9.3 20150303 (release) [ARM/embedded-4_9-br
