ARM GAS  C:\Users\Bruger\AppData\Local\Temp\ccm6zSBS.s 			page 1


   1              		.syntax unified
   2              		.cpu cortex-m3
   3              		.fpu softvfp
   4              		.eabi_attribute 20, 1
   5              		.eabi_attribute 21, 1
   6              		.eabi_attribute 23, 3
   7              		.eabi_attribute 24, 1
   8              		.eabi_attribute 25, 1
   9              		.eabi_attribute 26, 1
  10              		.eabi_attribute 30, 4
  11              		.eabi_attribute 34, 1
  12              		.eabi_attribute 18, 4
  13              		.thumb
  14              		.file	"UART_PM.c"
  15              		.text
  16              	.Ltext0:
  17              		.section	.gnu.lto_.profile.43d6507e,"",%progbits
  18 0000 789C6366 		.ascii	"x\234cf```a\200\000F\006KA\000\000\367\000S"
  18      60606061 
  18      80004606 
  18      4B410000 
  18      F70053
  19              		.text
  20              		.section	.gnu.lto_.jmpfuncs.43d6507e,"",%progbits
  21 0000 789C6366 		.ascii	"x\234cf\300\016\204\2404\013\0203200A\231@\000\000\003"
  21      C00E84A0 
  21      340B1033 
  21      32303041 
  21      99400000 
  22 0015 240021   		.ascii	"$\000!"
  23              		.text
  24              		.section	.gnu.lto_.inline.43d6507e,"",%progbits
  25 0000 789C6366 		.ascii	"x\234cf\300\016\022\2404\013\003\0033\023#\003\023\220"
  25      C00E12A0 
  25      340B0303 
  25      33132303 
  25      1390
  26 0012 C9B6401E 		.ascii	"\311\266@\036D10b\21001p\011\002Ex&\370!\024q\2015s"
  26      44313062 
  26      88303170 
  26      09024578 
  26      26F82114 
  27 002a CA02C5D9 		.ascii	"\312\002\305\331>\350\241\212#\010\006\0007F\006\034"
  27      3EE8A18A 
  27      23080600 
  27      3746061C 
  28              		.text
  29              		.section	.gnu.lto_.pureconst.43d6507e,"",%progbits
  30 0000 789C6366 		.ascii	"x\234cf``\340d\200\000\026\006\006F\006&)\026\011\000"
  30      6060E064 
  30      80001606 
  30      06460626 
  30      29160900 
  31 0014 018D004A 		.ascii	"\001\215\000J"
  32              		.text
  33              		.section	.gnu.lto_UART_SaveConfig.43d6507e,"",%progbits
  34 0000 789C6366 		.ascii	"x\234cf\300\004R@\\\012\304\312@\314\310\314\300\310"
ARM GAS  C:\Users\Bruger\AppData\Local\Temp\ccm6zSBS.s 			page 2


  34      C0045240 
  34      5C0AC4CA 
  34      40CCC8CC 
  34      C0C8
  35 0012 34E11C03 		.ascii	"4\341\034\003C#\007\023##\210\301\300\310P\317\304X"
  35      43230713 
  35      232388C1 
  35      C0C850CF 
  35      C458
  36 0024 CFF892E9 		.ascii	"\317\370\222\351#\023\343\204\003\253gp\253/mhh\370"
  36      2313E384 
  36      03AB6770 
  36      AB2F6D68 
  36      68F8
  37 0036 F0E86C63 		.ascii	"\360\350lc\300\001\306\237L\014\014\237\231 \3460.g"
  37      C001C69F 
  37      4C0C0C9F 
  37      9920E630 
  37      2E67
  38 0048 5467002A 		.ascii	"Tg\000*\372\330\362\367:7[\013P\221\000D\216q\005#\033"
  38      FAD8F2F7 
  38      3A375B0B 
  38      50910044 
  38      8E710523 
  39 005d 23905E2F 		.ascii	"#\220^/t\240\341\377\377\317\333\017~c\004\012?\001"
  39      74A0E1FF 
  39      FFCFDB0F 
  39      7E63040A 
  39      3F01
  40 006f 6290054F 		.ascii	"b\220\005O\231\230@4\363=FF\220B\220IO\230\030AB@\005"
  40      99984034 
  40      F33D4646 
  40      90429049 
  40      4F981841 
  41 0086 8AEEA979 		.ascii	"\212\356\251y\251E\211%\251)\361\301\371\245E\311\251"
  41      A9458925 
  41      A929F1C1 
  41      F9A545C9 
  41      A9
  42 0097 3101C1F9 		.ascii	"1\001\301\371\316\2461\241\216A!\361\001\276z\311\014"
  42      CEA631A1 
  42      8E4121F1 
  42      01BE7AC9 
  42      0C
  43 00a8 00F79336 		.ascii	"\000\367\2236\036"
  43      1E
  44              		.text
  45              		.section	.gnu.lto_UART_RestoreConfig.43d6507e,"",%progbits
  46 0000 789C6366 		.ascii	"x\234cf\300\004R@\\\012\304\312@\314\310\314\300\310"
  46      C0045240 
  46      5C0AC4CA 
  46      40CCC8CC 
  46      C0C8
  47 0012 34E11C03 		.ascii	"4\341\034\003C#\007\023##\210\301\300\310P\317\304X"
  47      43230713 
  47      232388C1 
  47      C0C850CF 
ARM GAS  C:\Users\Bruger\AppData\Local\Temp\ccm6zSBS.s 			page 3


  47      C458
  48 0024 CFF892E9 		.ascii	"\317\370\222\351#\023\343\204\003\253gp\253/mhh\370"
  48      2313E384 
  48      03AB6770 
  48      AB2F6D68 
  48      68F8
  49 0036 F069AB44 		.ascii	"\360i\253D\253\304O&\006\206\317L\020c\030\2273\252"
  49      ABC44F26 
  49      0686CF4C 
  49      10631897 
  49      33AA
  50 0048 3300D57C 		.ascii	"3\000\325|l\371{\235\233\255\005\250F\000\"\307\270"
  50      6CF97B9D 
  50      9BAD05A8 
  50      460022C7 
  50      B8
  51 0059 82918D11 		.ascii	"\202\221\215\021H\257\027:\320\360\377\377\346;\023"
  51      48AF173A 
  51      D0F0FFFF 
  51      E63B13
  52 0068 3BF41981 		.ascii	";\364\031\201\342O\200\030d\301S&&\020\315|\217\221"
  52      E24F8018 
  52      64C15326 
  52      2610CD7C 
  52      8F91
  53 007a 11A41264 		.ascii	"\021\244\022d\324\023&F\220\020P\201\242{j^jQbIjJ|p"
  53      D4132646 
  53      90105081 
  53      A27B6A5E 
  53      6A516249 
  54 0092 7E695172 		.ascii	"~iQrjL@p\276\263iL\250cPH|\200\257^2\003\000h\2544\257"
  54      6A4C4070 
  54      BEB3694C 
  54      A8635048 
  54      7C80AF5E 
  55              		.text
  56              		.section	.gnu.lto_UART_Sleep.43d6507e,"",%progbits
  57 0000 789C7D91 		.ascii	"x\234}\221OH\025Q\024\306\317w\346\3168\245\220\264"
  57      4F481551 
  57      14C6CF77 
  57      E6CE38A5 
  57      90B4
  58 0012 121742B4 		.ascii	"\022\027B\264\020\002s\025D\320\"Z\004A Y\320B\220\260"
  58      10027315 
  58      44D0225A 
  58      04412059 
  58      D04290B0 
  59 0026 B755905A 		.ascii	"\267U\220Z>\274\343\233\027\022R\266\223\312Ze\3263"
  59      3EBCE39B 
  59      171252B6 
  59      93CA5A65 
  59      D633
  60 0038 2DFBB7C8 		.ascii	"-\373\267\310h\2106\025$\257,I\302(\024\012Z<{\220o"
  60      68883615 
  60      24AF2C49 
  60      C228140A 
  60      5A3C7B90 
ARM GAS  C:\Users\Bruger\AppData\Local\Temp\ccm6zSBS.s 			page 4


  61 004d 28B57366 		.ascii	"(\265sf\354\017\006\016\314\234\373\3477\337\367\335"
  61      EC0F060E 
  61      CC9CFBE7 
  61      37DFF7DD 
  62 005d 731DFAFF 		.ascii	"s\035\372\377\331+\3571&\332.\025\036\201\007^\022\005"
  62      D92BEF31 
  62      26DA2E15 
  62      1E81075E 
  62      1205
  63 006f 3EB333D9 		.ascii	">\2633\331@v\263\231n&[\343\300M\227\315\357\201\013"
  63      4076B399 
  63      6E265BE3 
  63      C04D97CD 
  63      EF810B
  64 0082 E880403D 		.ascii	"\350\200@=\354\030\027=\370\302\213\214\201\2500X\335"
  64      EC18173D 
  64      F8C28B8C 
  64      81A83058 
  64      DD
  65 0093 78D55A5B 		.ascii	"x\325Z[\352}\\\227\257\213E\271\314\251\023\256\241"
  65      EA7D5C97 
  65      AF8B45B9 
  65      CCA913AE 
  65      A1
  66 00a4 9184590C 		.ascii	"\221\204Y\014\227g\252\275P\230\332t\017#\360 u|kdW"
  66      9767AABD 
  66      5098DA74 
  66      0F23F020 
  66      757C6B64 
  67 00b9 57CB3FCF 		.ascii	"W\313?\317\367\355`\237)f\030\375\020\315\013\245n\013"
  67      F7ED609F 
  67      296618FD 
  67      10CD0BA5 
  67      6E0B
  68 00cb CC5A9D59 		.ascii	"\314Z\235Y<\371~f\356\312\036\375q\211\215h\316||\273"
  68      3CF97E66 
  68      EECA1EFD 
  68      71898D68 
  68      CE7C7CBB 
  69 00df E47FE698 		.ascii	"\344\177\346\230y\360Y`\215\332|\230\237*\246K\244\323"
  69      79F05960 
  69      8DDA7C98 
  69      9F2AA64B 
  69      A4D3
  70 00f1 7C253FE5 		.ascii	"|%?\345\015\341b\020\"f\007\327Q\217\033\250\027\363"
  70      0DE16210 
  70      226607D7 
  70      518F1BA8 
  70      17F3
  71 0103 028640B3 		.ascii	"\002\206@\263\310UN\1775\251 \247\232/>U\3125*\200Z"
  71      C8554E7F 
  71      35A920A7 
  71      9A2F3E55 
  71      CA352A80 
  72 0118 C2A8B06F 		.ascii	"\302\250\260o\020\276\313u\2561\002\004\303\017\373"
  72      10BECB75 
  72      AE310204 
ARM GAS  C:\Users\Bruger\AppData\Local\Temp\ccm6zSBS.s 			page 5


  72      C30FFB
  73 0127 AB124064 		.ascii	"\253\022@dn\252\030iF\207&\033$bo\251\264R\334\244\264"
  73      6EAA1869 
  73      4687261B 
  73      24626FA9 
  73      B452DCA4 
  74 013c A0975F9F 		.ascii	"\240\227_\237\035\343\354\017\333g\375\230\315\262\236"
  74      1DE3EC0F 
  74      DB67FD98 
  74      CDB29E
  75 014b FADF8826 		.ascii	"\372\337\210&\231\216\004\341%hD\253\224\2131d1\256"
  75      998E04E1 
  75      256844AB 
  75      948B3164 
  75      31AE
  76 015d B2B2B732 		.ascii	"\262\262\2672zn\302k*H\323\242\3351{\270%\340\267\244"
  76      7A6EC26B 
  76      2A48D3A2 
  76      DD317BB8 
  76      25E0B7A4 
  77 0171 B1B88D26 		.ascii	"\261\270\215&\001\212\027\206s[TKZ\211\211$\314\202"
  77      018A1786 
  77      735B544B 
  77      5A898924 
  77      CC82
  78 0183 E84E37A7 		.ascii	"\350N7\247Q\236\276\3328\312z\357;\033x\337\375\353"
  78      519EBEDA 
  78      38CA7AEF 
  78      3B1B78DF 
  78      FDEB
  79 0195 7D2FF1FE 		.ascii	"}/\361\376s\016O\226\356\257y\273\311U\275G.z\364\234"
  79      730E4F96 
  79      EEAF79BB 
  79      C955BD47 
  79      2E7AF49C 
  80 01a9 D59BD69B 		.ascii	"\325\233\326\233W\225\223\316=@V\256\331\2479\004Q\361"
  80      579593CE 
  80      3D4056AE 
  80      D9A73904 
  80      51F1
  81 01bb 604292DE 		.ascii	"`B\222\3369T@l\266\035\310tf\272\217\237\314\234ho\355"
  81      3954406C 
  81      B61DC874 
  81      66BA8F9F 
  81      CC9C686F 
  82 01d0 3AD5DD91 		.ascii	":\325\335\221iki\355\332\277\253\355\350\276\303G\332"
  82      696B69ED 
  82      DABFABED 
  82      E8BEC347 
  82      DA
  83 01e1 5B0EEDEC 		.ascii	"[\016\355\354\240_\000\005\346d"
  83      A05F0005 
  83      E664
  84              		.text
  85              		.section	.gnu.lto_UART_Wakeup.43d6507e,"",%progbits
  86 0000 789C7590 		.ascii	"x\234u\220;H\202Q\024\307\3179\337C\311\206h\212\006"
  86      3B488251 
ARM GAS  C:\Users\Bruger\AppData\Local\Temp\ccm6zSBS.s 			page 6


  86      14C7CF39 
  86      DF43C986 
  86      688A06
  87 0013 211A1CC2 		.ascii	"!\032\034\302\032\2425\210\206\206\010$k\013$\314\265"
  87      1AA23588 
  87      86860824 
  87      6B0B24CC 
  87      B5
  88 0024 406A14EF 		.ascii	"@j\024\357W\006\015Q\322\024\364\240\245\262\354\351"
  88      57060D51 
  88      D214F4A0 
  88      A5B2ECE9 
  89 0034 D060CB47 		.ascii	"\320`\313GS\020\024\021\031=\250\305\240\226\310$\344"
  89      53101411 
  89      193DA8C5 
  89      A096C824 
  89      E4
  90 0045 23CCEEF9 		.ascii	"#\314\356\371\024\202\302\013\227{\357\377\376\376\347"
  90      1482C20B 
  90      977BEFFF 
  90      FEFEE7
  91 0054 A5C0FFD5 		.ascii	"\245\300\377\325.\367\032\0024\313\0235@\212\237\003"
  91      2EF71A02 
  91      34CB1335 
  91      408A9F03 
  92 0064 184E2225 		.ascii	"\030N\"%\355\006Q\243f\332@\324*\250\226e\025\221/\200"
  92      ED0651A3 
  92      66DA40D4 
  92      2AA89665 
  92      15912F80 
  93 0078 102545C5 		.ascii	"\020%E\305(\276R\2160n&\027]\236u!\304\373\311}\303"
  93      28BE528E 
  93      306E2617 
  93      5D9E7521 
  93      C4FBC97D 
  94 008d 74834500 		.ascii	"t\203E\000y*\307\307M\364\200dr\261\342\215K\217I\246"
  94      792AC7C7 
  94      4DF48064 
  94      72B1E28D 
  94      4B8F49A6 
  95 00a1 AEFC8709 		.ascii	"\256\374\207\011\324e^\330\2577E\251\224\177[8\355$"
  95      D4655ED8 
  95      AF3745A9 
  95      947F5B38 
  95      ED24
  96 00b3 87061649 		.ascii	"\207\006\026I1+\001\316\363L\304\247\362\200S\346\345"
  96      312B01CE 
  96      F34CC4A7 
  96      F28053E6 
  96      E5
  97 00c4 592D5B38 		.ascii	"Y-[8\326\352\325\334\036E\276\304\214pZDyv\340\026F"
  97      D6EAD5DC 
  97      1E45BEC4 
  97      8C705A44 
  97      7976E016 
  98 00d9 A4570146 		.ascii	"\244W\001F3\256j\244\214\213\333\025\362\016'\217\016"
  98      33AE6AA4 
ARM GAS  C:\Users\Bruger\AppData\Local\Temp\ccm6zSBS.s 			page 7


  98      8C8BDB15 
  98      F20E278F 
  98      0E
  99 00ea 0B298DD9 		.ascii	"\013)\215\331\002i\177i\265\310UJ\365){q\351|!\251\330"
  99      02697F69 
  99      B5C8554A 
  99      F5297B71 
  99      E97C21A9 
 100 00ff CF84115B 		.ascii	"\317\204\021[\306\025\\2\004S\032&1\202;\330h\377}\357"
 100      C6155C32 
 100      04531A26 
 100      31823BD8 
 100      68FF7DEF 
 101 0113 CCA7746F 		.ascii	"\314\247to\213E:\356J\346\303\236\001\356\241\027\256"
 101      8B453AEE 
 101      4AE6C39E 
 101      01EEA117 
 101      AE
 102 0124 31763BE5 		.ascii	"1v;\345\376Mel\034\317:8(\327\276\317v\340v\025H\273"
 102      FE4D656C 
 102      1CCF3A38 
 102      28D7BECF 
 102      76E07615 
 103 013a ED6E73D5 		.ascii	"\355ns\325\273U\244\343\240\322\003{T{D\217h\230\237"
 103      BB55A4E3 
 103      A0D2037B 
 103      547B448F 
 103      68989F
 104 014d BDB60778 		.ascii	"\275\266\007x\200\310\252\314\337\324\023\032\015\205"
 104      80C8AACC 
 104      DFD4131A 
 104      0D85
 105 015b 87C74323 		.ascii	"\207\307C#\001\377\330D8\030\032\362\371\307\272;\206"
 105      01FFD844 
 105      38181AF2 
 105      F9C7BA3B 
 105      86
 106 016c 06BBFA07 		.ascii	"\006\273\372\007\002\276\276\326 \374\000<\243\240/"
 106      02BEBED6 
 106      20FC003C 
 106      A3A02F
 107              		.text
 108              		.section	.gnu.lto_.symbol_nodes.43d6507e,"",%progbits
 109 0000 789C55C8 		.ascii	"x\234U\310\273\021\203@\020\004\321\276\335\373\005"
 109      BB118340 
 109      1004D1BE 
 109      DDFB05
 110 000f 447E4308 		.ascii	"D~C\010\212@\205q)\220\001\266b\020\211P\200$c5N\327"
 110      8A408571 
 110      299001B6 
 110      62108950 
 110      80246335 
 111 0025 1B0706BF 		.ascii	"\033\007\006\277Y\022<^ \361\\:fJ\177vYt\201\305\344"
 111      59123C5E 
 111      20F15C3A 
 111      664A7F76 
 111      597481C5 
ARM GAS  C:\Users\Bruger\AppData\Local\Temp\ccm6zSBS.s 			page 8


 112 003a 96E5F14E 		.ascii	"\226\345\361NE\371k\346\371bW\211l\252\221U-\320\255"
 112      45F96BE6 
 112      F9625789 
 112      6CAA9155 
 112      2DD0AD
 113 004d B0ED47F2 		.ascii	"\260\355G\362\334\031\357\273\215\355\323\312X'NER)"
 113      DC19EFBB 
 113      8DEDD3CA 
 113      58274E45 
 113      5229
 114 005f BC       		.ascii	"\274"
 115              		.text
 116              		.section	.gnu.lto_.refs.43d6507e,"",%progbits
 117 0000 789C6366 		.ascii	"x\234cf``\340c\200\000&&Ff\026FfVF\026\006ff\006\000"
 117      6060E063 
 117      80002626 
 117      46661646 
 117      66564616 
 118 0019 02940032 		.ascii	"\002\224\0002"
 119              		.text
 120              		.section	.gnu.lto_.decls.43d6507e,"",%progbits
 121 0000 789C8594 		.ascii	"x\234\205\224mLSW\030\307\317\271\247\324r\251`F\202"
 121      6D4C5357 
 121      18C7CFB9 
 121      A7D472A9 
 121      604682
 122 0013 860F0BD3 		.ascii	"\206\017\013\323\204l\206\370m\306d\037\2066\213\311"
 122      846C86F8 
 122      6DC6641F 
 122      86368BC9 
 123 0023 CC4C4321 		.ascii	"\314LC!\3332\023R\273\2133\020ZK\273\314o\007\030+c"
 123      DB321352 
 123      BB8B3310 
 123      5A4BBBCC 
 123      6F07182B 
 124 0038 CA1CD394 		.ascii	"\312\034\323\224\341tu \"/m\2217[\035\324\027^&C\005"
 124      E1747520 
 124      222F6D91 
 124      375B1DD4 
 124      175E2643 
 125 004d 54C24222 		.ascii	"T\302B\"\240n\310BR\246s\232%v\3179\367^{k`;\311s\357"
 125      A06EC842 
 125      52A6739A 
 125      2576CF39 
 125      F75E7B6B 
 126 0066 39E73EFF 		.ascii	"9\347>\377\337\363\234s\236s\011B(\027#\024\203v<\011"
 126      DFF39C73 
 126      9E730942 
 126      28172314 
 126      83763C09 
 127 007a A1CDD087 		.ascii	"\241\315\320\207\0272\243x3\200\265\203\371\301\202"
 127      1732A378 
 127      3380B583 
 127      F9C182
 128 0089 60E7C0BA 		.ascii	"`\347\300\272\301z\301\316\203\205\301@\206\256\241"
 128      C17AC1CE 
 128      8385C140 
ARM GAS  C:\Users\Bruger\AppData\Local\Temp\ccm6zSBS.s 			page 9


 128      86AEA1
 129 0098 C4D6AECC 		.ascii	"\304\326\256\314\253,\254\314\275\334\374+\370\371W"
 129      AB2CACCC 
 129      BDDCFC2B 
 129      F8F957
 130 00a7 F063B193 		.ascii	"\360c\261\223\025\277\014\260q\2601\260\011\260a\260"
 130      15BF0CB0 
 130      71B031B0 
 130      09B061B0 
 131 00b7 08D824D8 		.ascii	"\010\330$\330Y\205q\005LPt\335\253\344\310\326\262F"
 131      59857105 
 131      4C5074DD 
 131      ABE4C8D6 
 131      B246
 132 00c9 C354F55A 		.ascii	"\303T\365Z\246\312\322)\376ae\335\275\2530\227\005<"
 132      A6CAD229 
 132      FE6165DD 
 132      BDAB3097 
 132      053C
 133 00db 3AFFF491 		.ascii	":\377\364\221qA\300\251\342:6l\230z\360\230\300\320"
 133      7141C0A9 
 133      E23A366C 
 133      987AF098 
 133      C0D0
 134 00ed 280A6CD8 		.ascii	"(\012l\330\373\354I@\277\376\030e\255\222\256\023\260"
 134      FBEC4940 
 134      BFFE1865 
 134      AD92AE13 
 134      B0
 135 00fe 39039FC1 		.ascii	"9\003\237\301\231\270\005g\002\361,^\017\317\217t2\311"
 135      99B80567 
 135      02F12C5E 
 135      0FCF8F74 
 135      32C9
 136 0110 7B954E18 		.ascii	"{\225N\030\211\200Y\277\261~\356\226\230\323\012\252"
 136      898059BF 
 136      B17EEE96 
 136      98D30AAA 
 137 0120 6A1AB929 		.ascii	"j\032\271)\304\303-\364\375z[\237u\222F\203\321\320"
 137      C4C32DF4 
 137      FD7A5B9F 
 137      75924683 
 137      D1D0
 138 0132 CCB491B6 		.ascii	"\314\264\221\266\320H,6@1\207\341VLp\033\316\341[\013"
 138      D0482C36 
 138      403187E1 
 138      564C701B 
 138      CEE15B0B 
 139 0146 7D798FDB 		.ascii	"}y\217\333q\026\010\277\036\033:\222D\336\342\364\303"
 139      711608BF 
 139      1E1B3A92 
 139      44DEE2F4 
 139      C3
 140 0157 4B4B7F89 		.ascii	"KK\177\211\034\342\0134\352U\004'th\010\035*\301\317"
 140      1CE20B34 
 140      EA550427 
 140      7468081D 
ARM GAS  C:\Users\Bruger\AppData\Local\Temp\ccm6zSBS.s 			page 10


 140      2AC1CF
 141 016a 09CF7F6F 		.ascii	"\011\317\177o\032\024\311nNXn[\254J\001\202/\350{\252"
 141      1A14C96E 
 141      4E586E5B 
 141      AC4A0182 
 141      2FE87BAA 
 142 017e 10DEE6FA 		.ascii	"\020\336\346\372\200F\037P\365A\256\177\320q\346a*\371"
 142      80461F50 
 142      F541AE7F 
 142      D071E661 
 142      2AF9
 143 0190 90EB7F9C 		.ascii	"\220\353\177\234\352\013\032d\375\314i\255\276S\243"
 143      EA0B1A64 
 143      FDCC69AD 
 143      BE53A3
 144 019f EF54F5E7 		.ascii	"\357T\365\347\270\276\271\256\374\341Z\"q\375\355\177"
 144      B8BEB9AE 
 144      FCE15A22 
 144      71FDED7F 
 145 01af 26C3A9A0 		.ascii	"&\303\251\240\237\245\301\273\215\305\337\321S\345\364"
 145      9FA5C1BB 
 145      8DC5DFD1 
 145      53E5F4
 146 01be 792CA6EC 		.ascii	"y,\246\354B\227\206\321\2452\2729\243san\211\220Z\314"
 146      429786D1 
 146      A532BA39 
 146      A373616E 
 146      89905ACC 
 147 01d2 2143AD13 		.ascii	"!C\255\023\375I\034\342\0137~\221\245\311\242GC\350"
 147      FD491CE2 
 147      0B377E91 
 147      A5C9A247 
 147      43E8
 148 01e4 5109BD9C 		.ascii	"Q\011\275\234p\177\261\345D2i\220\011\337{nt\3518a\366"
 148      707FB1E5 
 148      44326990 
 148      09DF7B6E 
 148      74E93861 
 149 01f9 87C121A3 		.ascii	"\207\301!\243OF\310Y\364i\030}*\343<g\234\234m.#\035"
 149      4F46C859 
 149      F469187D 
 149      2AE33C67 
 149      9C9C6D2E 
 150 020f 3262FCA2 		.ascii	"2b\374\242wPIb)1\211\220\006\020R\001a\016h-?}\014\223"
 150      77504962 
 150      29318990 
 150      06105201 
 150      610E682D 
 151 0227 884CA8FB 		.ascii	"\210L\250\373vnV \223\362\340\316\200\307c \277\311"
 151      766E5620 
 151      93F2E0CE 
 151      80C76320 
 151      BFC9
 152 0239 83F2E60B 		.ascii	"\203\362\346\013\207\326@1f\210\274vjG\033.\021>\214"
 152      87D64031 
 152      6688BC76 
 152      6A471B2E 
ARM GAS  C:\Users\Bruger\AppData\Local\Temp\ccm6zSBS.s 			page 11


 152      113E8C
 153 024c B1CFC2F4 		.ascii	"\261\317\302\364\364\321g\004\213\331\325\224V\320h"
 153      F4D16704 
 153      8BD9D594 
 153      56D068
 154 025b 1D251B10 		.ascii	"\035%\033\020\316\311\304od\"|\011g\203\033\017\217"
 154      CEC9C46F 
 154      64227C09 
 154      67831B0F 
 154      8F
 155 026c FBA15E07 		.ascii	"\373\241^\007\240^\233\240\032\2433\236\376w+i.\216"
 155      A05E9BA0 
 155      1AA3339E 
 155      FE772B69 
 155      2E8E
 156 027e 6011FFF4 		.ascii	"`\021\377\364\"A\036A\251\320\001\377d\275\201\324\362"
 156      22411E41 
 156      A9D001FF 
 156      64BD81D4 
 156      F2
 157 028f 3A26BD11 		.ascii	":&\275\021\357}#\336\230\236\355\203\030\321\273\367"
 157      EF7D23DE 
 157      989EED83 
 157      18D1BBF7 
 158 029f EE7DB05C 		.ascii	"\356}\260\\A\017m\340\362\313 \277\212\323\325\220\257"
 158      410F6DE0 
 158      F2CB20BF 
 158      8AD3D590 
 158      AF
 159 02b0 B31BB119 		.ascii	"\263\033\261\031\036\350\033v[\242\0254\367\300\213"
 159      1EE81B76 
 159      5BA21534 
 159      F7C08B
 160 02bf 7C2E2ABE 		.ascii	"|.*\276\020\016\017BnW\360F\036\217\3454{\270R\204\352"
 160      100E0F42 
 160      6E57F046 
 160      1E8FE534 
 160      7BB85284 
 161 02d4 85CF48DD 		.ascii	"\205\317H\335/5\031\241\352\357GT\217\263\323\271\337"
 161      2F3519A1 
 161      EAEF4754 
 161      8FB3D3B9 
 161      DF
 162 02e5 099B010F 		.ascii	"\011\233\001\017\003\344B<o&\342m\205\230C\020g\245"
 162      03E4423C 
 162      6F26E26D 
 162      85984310 
 162      67A5
 163 02f7 98B0C6C5 		.ascii	"\230\260\306\305\231\251\243i\244A\276\253\265\313\213"
 163      99A9A369 
 163      A441BEAB 
 163      B5CB8B
 164 0306 F3C2D66E 		.ascii	"\363\302\326nZ\355\223\361\340\307\366\214}\352\012"
 164      5AED93F1 
 164      E0C7F68C 
 164      7DEA0A
 165 0315 8CB7E936 		.ascii	"\214\267\3516\235\242\324\027\015E\243\330\013\247L"
ARM GAS  C:\Users\Bruger\AppData\Local\Temp\ccm6zSBS.s 			page 12


 165      9DA2D417 
 165      0D45A3D8 
 165      0BA74C
 166 0324 293B5FEE 		.ascii	");_\3568\"\347\241\304Cl\014\317\237\361V\204\257\341"
 166      3822E7A1 
 166      C4436C0C 
 166      CF9FF156 
 166      84AFE1
 167 0337 4D20A7DE 		.ascii	"M \247\336\257\232\014\244Y\016\323\363\244&\264V\254"
 167      AF9A0CA4 
 167      590ED3F3 
 167      A426B456 
 167      AC
 168 0348 66FF91FF 		.ascii	"f\377\221\377?+X\372\255\3535w\222\345\323}Yq}\325\323"
 168      3F2B58FA 
 168      ADEB3577 
 168      92E5D37D 
 168      59717DD5 
 169 035d 1DFE73D7 		.ascii	"\035\376s\327\347p\272cp<\243\361]\372\005\307\2177"
 169      E770BA63 
 169      703CA3F1 
 169      5DFA05C7 
 169      8F37
 170 036f E47F3C96 		.ascii	"\344\177<\226\302\377wYl\030\256\033\251\327\363\377"
 170      C2FF7759 
 170      6C18AE1B 
 170      A9D7F3FF 
 171 037f 9D8E0DBF 		.ascii	"\235\216\015\277\234o\0303\032kXA\035\251\244\311#\251"
 171      9C6F1833 
 171      1A6B5841 
 171      1DA9A4C9 
 171      23A9
 172 0391 1C750362 		.ascii	"\034u\003b\334\344\177\274ql\344e\014o\360\376\243\245"
 172      DCE47FBC 
 172      716CE465 
 172      0C6FF0FE 
 172      A3A5
 173 03a3 E63849F0 		.ascii	"\3468I\360f\333\022\367\236P\274'\270w[\240\312\223"
 173      66DB12F7 
 173      9E50BC27 
 173      B8775BA0 
 173      CA93
 174 03b5 96E0CD6E 		.ascii	"\226\340\315nI\334{\022\033\325\204\241\213\322\012"
 174      49DC7B12 
 174      1BD584A1 
 174      8BD20A
 175 03c4 B6E7E517 		.ascii	"\266\347\345\027Z\254\237J&{i\321\376}\372\235\273\013"
 175      5AAC9F4A 
 175      267B69D1 
 175      FE7DFA9D 
 175      BB0B
 176 03d6 B24CE8B5 		.ascii	"\262L\350\265\235R\251\344\264\272\244\217\013-v\267"
 176      9D52A9E4 
 176      B4BAA48F 
 176      0B2D76B7 
 177 03e6 D326ED31 		.ascii	"\323&\3551[\354\2467\367po\363{[l\350\025\336\315\223"
 177      5BECA637 
ARM GAS  C:\Users\Bruger\AppData\Local\Temp\ccm6zSBS.s 			page 13


 177      F7706FF3 
 177      7B5B6CE8 
 177      15DECD93 
 178 03fa CA5C76A7 		.ascii	"\312\\v\247\242\025eV\211$9Rx\367}k\261\344v$\313\323"
 178      A2156556 
 178      89243952 
 178      78F77D6B 
 178      B1E47624 
 179 0410 2EBBE3D5 		.ascii	".\273\343\325\377\240n\371\004\311\242wJ\255{K$\031"
 179      FFA06EF9 
 179      04C9A277 
 179      4AAD7B4B 
 179      2419
 180 0422 6F2A91AC 		.ascii	"o*\221\254\316\374\317v\270\213\212$\247f*/aj\307v\323"
 180      CEFCCF76 
 180      B88B8A24 
 180      A7662A2F 
 180      616AC776 
 181 0437 AE0273A1 		.ascii	"\256\002s\241%?\257\300\224/O\355\265\332\212\335\016"
 181      253FAFC0 
 181      942F4FED 
 181      B5DA8ADD 
 181      0E
 182 0448 8BCBE9B6 		.ascii	"\213\313\351\266\271\012\223\334\373K]\333V[\222\355"
 182      B90A93DC 
 182      FB4B5DDB 
 182      565B92ED 
 183 0458 A0EBA043 		.ascii	"\240\353\240C*c\361%\036\332\342\002\247\024\015F\347"
 183      2A63F125 
 183      1EDAE202 
 183      A7140D46 
 183      E7
 184 0469 94F66DFB 		.ascii	"\224\366m\373\027\256o?\334"
 184      17AE6F3F 
 184      DC
 185              		.text
 186              		.section	.gnu.lto_.symtab.43d6507e,"",%progbits
 187 0000 55415254 		.ascii	"UART_SaveConfig\000\000\000\000\000\000\000\000\000"
 187      5F536176 
 187      65436F6E 
 187      66696700 
 187      00000000 
 188 0018 000000AC 		.ascii	"\000\000\000\254\000\000\000UART_RestoreConfig\000\000"
 188      00000055 
 188      4152545F 
 188      52657374 
 188      6F726543 
 189 0033 00000000 		.ascii	"\000\000\000\000\000\000\000\000\000\000\256\000\000"
 189      00000000 
 189      0000AE00 
 189      00
 190 0040 00554152 		.ascii	"\000UART_Sleep\000\000\000\000\000\000\000\000\000\000"
 190      545F536C 
 190      65657000 
 190      00000000 
 190      00000000 
 191 0055 0000B000 		.ascii	"\000\000\260\000\000\000UART_Wakeup\000\000\000\000"
ARM GAS  C:\Users\Bruger\AppData\Local\Temp\ccm6zSBS.s 			page 14


 191      00005541 
 191      52545F57 
 191      616B6575 
 191      70000000 
 192 006a 00000000 		.ascii	"\000\000\000\000\000\000\000\000\262\000\000\000UAR"
 192      00000000 
 192      B2000000 
 192      554152
 193 0079 545F5374 		.ascii	"T_Stop\000\000\002\000\000\000\000\000\000\000\000\000"
 193      6F700000 
 193      02000000 
 193      00000000 
 193      0000
 194 008b B4000000 		.ascii	"\264\000\000\000UART_Enable\000\000\002\000\000\000"
 194      55415254 
 194      5F456E61 
 194      626C6500 
 194      00020000 
 195 00a0 00000000 		.ascii	"\000\000\000\000\000\000\266\000\000\000UART_ClearT"
 195      0000B600 
 195      00005541 
 195      52545F43 
 195      6C656172 
 196 00b5 78427566 		.ascii	"xBuffer\000\000\002\000\000\000\000\000\000\000\000"
 196      66657200 
 196      00020000 
 196      00000000 
 196      0000
 197 00c7 00B80000 		.ascii	"\000\270\000\000\000UART_ClearRxBuffer\000\000\002\000"
 197      00554152 
 197      545F436C 
 197      65617252 
 197      78427566 
 198 00e2 00000000 		.ascii	"\000\000\000\000\000\000\000\000\272\000\000\000"
 198      00000000 
 198      BA000000 
 199              		.text
 200              		.section	.gnu.lto_.opts,"",%progbits
 201 0000 272D666E 		.ascii	"'-fno-trapv' '-mcpu=cortex-m3' '-mthumb' '-g' '-Os'"
 201      6F2D7472 
 201      61707627 
 201      20272D6D 
 201      6370753D 
 202 0033 20272D66 		.ascii	" '-ffunction-sections' '-finline-functions' '-flto'"
 202      66756E63 
 202      74696F6E 
 202      2D736563 
 202      74696F6E 
 203 0066 20272D66 		.ascii	" '-ffat-lto-objects'\000"
 203      6661742D 
 203      6C746F2D 
 203      6F626A65 
 203      63747327 
 204              		.text
 205              		.cfi_sections	.debug_frame
 206              		.section	.text.UART_SaveConfig,"ax",%progbits
 207              		.align	1
ARM GAS  C:\Users\Bruger\AppData\Local\Temp\ccm6zSBS.s 			page 15


 208              		.global	UART_SaveConfig
 209              		.thumb
 210              		.thumb_func
 211              		.type	UART_SaveConfig, %function
 212              	UART_SaveConfig:
 213              	.LFB0:
 214              		.file 1 "Generated_Source\\PSoC5\\UART_PM.c"
   1:Generated_Source\PSoC5/UART_PM.c **** /*******************************************************************************
   2:Generated_Source\PSoC5/UART_PM.c **** * File Name: UART_PM.c
   3:Generated_Source\PSoC5/UART_PM.c **** * Version 2.50
   4:Generated_Source\PSoC5/UART_PM.c **** *
   5:Generated_Source\PSoC5/UART_PM.c **** * Description:
   6:Generated_Source\PSoC5/UART_PM.c **** *  This file provides Sleep/WakeUp APIs functionality.
   7:Generated_Source\PSoC5/UART_PM.c **** *
   8:Generated_Source\PSoC5/UART_PM.c **** * Note:
   9:Generated_Source\PSoC5/UART_PM.c **** *
  10:Generated_Source\PSoC5/UART_PM.c **** ********************************************************************************
  11:Generated_Source\PSoC5/UART_PM.c **** * Copyright 2008-2015, Cypress Semiconductor Corporation.  All rights reserved.
  12:Generated_Source\PSoC5/UART_PM.c **** * You may use this file only in accordance with the license, terms, conditions,
  13:Generated_Source\PSoC5/UART_PM.c **** * disclaimers, and limitations in the end user license agreement accompanying
  14:Generated_Source\PSoC5/UART_PM.c **** * the software package with which this file was provided.
  15:Generated_Source\PSoC5/UART_PM.c **** *******************************************************************************/
  16:Generated_Source\PSoC5/UART_PM.c **** 
  17:Generated_Source\PSoC5/UART_PM.c **** #include "UART.h"
  18:Generated_Source\PSoC5/UART_PM.c **** 
  19:Generated_Source\PSoC5/UART_PM.c **** 
  20:Generated_Source\PSoC5/UART_PM.c **** /***************************************
  21:Generated_Source\PSoC5/UART_PM.c **** * Local data allocation
  22:Generated_Source\PSoC5/UART_PM.c **** ***************************************/
  23:Generated_Source\PSoC5/UART_PM.c **** 
  24:Generated_Source\PSoC5/UART_PM.c **** static UART_BACKUP_STRUCT  UART_backup =
  25:Generated_Source\PSoC5/UART_PM.c **** {
  26:Generated_Source\PSoC5/UART_PM.c ****     /* enableState - disabled */
  27:Generated_Source\PSoC5/UART_PM.c ****     0u,
  28:Generated_Source\PSoC5/UART_PM.c **** };
  29:Generated_Source\PSoC5/UART_PM.c **** 
  30:Generated_Source\PSoC5/UART_PM.c **** 
  31:Generated_Source\PSoC5/UART_PM.c **** 
  32:Generated_Source\PSoC5/UART_PM.c **** /*******************************************************************************
  33:Generated_Source\PSoC5/UART_PM.c **** * Function Name: UART_SaveConfig
  34:Generated_Source\PSoC5/UART_PM.c **** ********************************************************************************
  35:Generated_Source\PSoC5/UART_PM.c **** *
  36:Generated_Source\PSoC5/UART_PM.c **** * Summary:
  37:Generated_Source\PSoC5/UART_PM.c **** *  This function saves the component nonretention control register.
  38:Generated_Source\PSoC5/UART_PM.c **** *  Does not save the FIFO which is a set of nonretention registers.
  39:Generated_Source\PSoC5/UART_PM.c **** *  This function is called by the UART_Sleep() function.
  40:Generated_Source\PSoC5/UART_PM.c **** *
  41:Generated_Source\PSoC5/UART_PM.c **** * Parameters:
  42:Generated_Source\PSoC5/UART_PM.c **** *  None.
  43:Generated_Source\PSoC5/UART_PM.c **** *
  44:Generated_Source\PSoC5/UART_PM.c **** * Return:
  45:Generated_Source\PSoC5/UART_PM.c **** *  None.
  46:Generated_Source\PSoC5/UART_PM.c **** *
  47:Generated_Source\PSoC5/UART_PM.c **** * Global Variables:
  48:Generated_Source\PSoC5/UART_PM.c **** *  UART_backup - modified when non-retention registers are saved.
  49:Generated_Source\PSoC5/UART_PM.c **** *
  50:Generated_Source\PSoC5/UART_PM.c **** * Reentrant:
ARM GAS  C:\Users\Bruger\AppData\Local\Temp\ccm6zSBS.s 			page 16


  51:Generated_Source\PSoC5/UART_PM.c **** *  No.
  52:Generated_Source\PSoC5/UART_PM.c **** *
  53:Generated_Source\PSoC5/UART_PM.c **** *******************************************************************************/
  54:Generated_Source\PSoC5/UART_PM.c **** void UART_SaveConfig(void)
  55:Generated_Source\PSoC5/UART_PM.c **** {
 215              		.loc 1 55 0
 216              		.cfi_startproc
 217              		@ args = 0, pretend = 0, frame = 0
 218              		@ frame_needed = 0, uses_anonymous_args = 0
 219              		@ link register save eliminated.
 220 0000 7047     		bx	lr
 221              		.cfi_endproc
 222              	.LFE0:
 223              		.size	UART_SaveConfig, .-UART_SaveConfig
 224              		.section	.text.UART_RestoreConfig,"ax",%progbits
 225              		.align	1
 226              		.global	UART_RestoreConfig
 227              		.thumb
 228              		.thumb_func
 229              		.type	UART_RestoreConfig, %function
 230              	UART_RestoreConfig:
 231              	.LFB1:
  56:Generated_Source\PSoC5/UART_PM.c ****     #if(UART_CONTROL_REG_REMOVED == 0u)
  57:Generated_Source\PSoC5/UART_PM.c ****         UART_backup.cr = UART_CONTROL_REG;
  58:Generated_Source\PSoC5/UART_PM.c ****     #endif /* End UART_CONTROL_REG_REMOVED */
  59:Generated_Source\PSoC5/UART_PM.c **** }
  60:Generated_Source\PSoC5/UART_PM.c **** 
  61:Generated_Source\PSoC5/UART_PM.c **** 
  62:Generated_Source\PSoC5/UART_PM.c **** /*******************************************************************************
  63:Generated_Source\PSoC5/UART_PM.c **** * Function Name: UART_RestoreConfig
  64:Generated_Source\PSoC5/UART_PM.c **** ********************************************************************************
  65:Generated_Source\PSoC5/UART_PM.c **** *
  66:Generated_Source\PSoC5/UART_PM.c **** * Summary:
  67:Generated_Source\PSoC5/UART_PM.c **** *  Restores the nonretention control register except FIFO.
  68:Generated_Source\PSoC5/UART_PM.c **** *  Does not restore the FIFO which is a set of nonretention registers.
  69:Generated_Source\PSoC5/UART_PM.c **** *
  70:Generated_Source\PSoC5/UART_PM.c **** * Parameters:
  71:Generated_Source\PSoC5/UART_PM.c **** *  None.
  72:Generated_Source\PSoC5/UART_PM.c **** *
  73:Generated_Source\PSoC5/UART_PM.c **** * Return:
  74:Generated_Source\PSoC5/UART_PM.c **** *  None.
  75:Generated_Source\PSoC5/UART_PM.c **** *
  76:Generated_Source\PSoC5/UART_PM.c **** * Global Variables:
  77:Generated_Source\PSoC5/UART_PM.c **** *  UART_backup - used when non-retention registers are restored.
  78:Generated_Source\PSoC5/UART_PM.c **** *
  79:Generated_Source\PSoC5/UART_PM.c **** * Reentrant:
  80:Generated_Source\PSoC5/UART_PM.c **** *  No.
  81:Generated_Source\PSoC5/UART_PM.c **** *
  82:Generated_Source\PSoC5/UART_PM.c **** * Notes:
  83:Generated_Source\PSoC5/UART_PM.c **** *  If this function is called without calling UART_SaveConfig() 
  84:Generated_Source\PSoC5/UART_PM.c **** *  first, the data loaded may be incorrect.
  85:Generated_Source\PSoC5/UART_PM.c **** *
  86:Generated_Source\PSoC5/UART_PM.c **** *******************************************************************************/
  87:Generated_Source\PSoC5/UART_PM.c **** void UART_RestoreConfig(void)
  88:Generated_Source\PSoC5/UART_PM.c **** {
 232              		.loc 1 88 0
 233              		.cfi_startproc
ARM GAS  C:\Users\Bruger\AppData\Local\Temp\ccm6zSBS.s 			page 17


 234              		@ args = 0, pretend = 0, frame = 0
 235              		@ frame_needed = 0, uses_anonymous_args = 0
 236              		@ link register save eliminated.
 237 0000 7047     		bx	lr
 238              		.cfi_endproc
 239              	.LFE1:
 240              		.size	UART_RestoreConfig, .-UART_RestoreConfig
 241              		.section	.text.UART_Sleep,"ax",%progbits
 242              		.align	1
 243              		.global	UART_Sleep
 244              		.thumb
 245              		.thumb_func
 246              		.type	UART_Sleep, %function
 247              	UART_Sleep:
 248              	.LFB2:
  89:Generated_Source\PSoC5/UART_PM.c ****     #if(UART_CONTROL_REG_REMOVED == 0u)
  90:Generated_Source\PSoC5/UART_PM.c ****         UART_CONTROL_REG = UART_backup.cr;
  91:Generated_Source\PSoC5/UART_PM.c ****     #endif /* End UART_CONTROL_REG_REMOVED */
  92:Generated_Source\PSoC5/UART_PM.c **** }
  93:Generated_Source\PSoC5/UART_PM.c **** 
  94:Generated_Source\PSoC5/UART_PM.c **** 
  95:Generated_Source\PSoC5/UART_PM.c **** /*******************************************************************************
  96:Generated_Source\PSoC5/UART_PM.c **** * Function Name: UART_Sleep
  97:Generated_Source\PSoC5/UART_PM.c **** ********************************************************************************
  98:Generated_Source\PSoC5/UART_PM.c **** *
  99:Generated_Source\PSoC5/UART_PM.c **** * Summary:
 100:Generated_Source\PSoC5/UART_PM.c **** *  This is the preferred API to prepare the component for sleep. 
 101:Generated_Source\PSoC5/UART_PM.c **** *  The UART_Sleep() API saves the current component state. Then it
 102:Generated_Source\PSoC5/UART_PM.c **** *  calls the UART_Stop() function and calls 
 103:Generated_Source\PSoC5/UART_PM.c **** *  UART_SaveConfig() to save the hardware configuration.
 104:Generated_Source\PSoC5/UART_PM.c **** *  Call the UART_Sleep() function before calling the CyPmSleep() 
 105:Generated_Source\PSoC5/UART_PM.c **** *  or the CyPmHibernate() function. 
 106:Generated_Source\PSoC5/UART_PM.c **** *
 107:Generated_Source\PSoC5/UART_PM.c **** * Parameters:
 108:Generated_Source\PSoC5/UART_PM.c **** *  None.
 109:Generated_Source\PSoC5/UART_PM.c **** *
 110:Generated_Source\PSoC5/UART_PM.c **** * Return:
 111:Generated_Source\PSoC5/UART_PM.c **** *  None.
 112:Generated_Source\PSoC5/UART_PM.c **** *
 113:Generated_Source\PSoC5/UART_PM.c **** * Global Variables:
 114:Generated_Source\PSoC5/UART_PM.c **** *  UART_backup - modified when non-retention registers are saved.
 115:Generated_Source\PSoC5/UART_PM.c **** *
 116:Generated_Source\PSoC5/UART_PM.c **** * Reentrant:
 117:Generated_Source\PSoC5/UART_PM.c **** *  No.
 118:Generated_Source\PSoC5/UART_PM.c **** *
 119:Generated_Source\PSoC5/UART_PM.c **** *******************************************************************************/
 120:Generated_Source\PSoC5/UART_PM.c **** void UART_Sleep(void)
 121:Generated_Source\PSoC5/UART_PM.c **** {
 249              		.loc 1 121 0
 250              		.cfi_startproc
 251              		@ args = 0, pretend = 0, frame = 0
 252              		@ frame_needed = 0, uses_anonymous_args = 0
 253              		@ link register save eliminated.
 122:Generated_Source\PSoC5/UART_PM.c ****     #if(UART_RX_ENABLED || UART_HD_ENABLED)
 123:Generated_Source\PSoC5/UART_PM.c ****         if((UART_RXSTATUS_ACTL_REG  & UART_INT_ENABLE) != 0u)
 254              		.loc 1 123 0
 255 0000 064B     		ldr	r3, .L7
ARM GAS  C:\Users\Bruger\AppData\Local\Temp\ccm6zSBS.s 			page 18


 256 0002 074A     		ldr	r2, .L7+4
 257 0004 1B78     		ldrb	r3, [r3]	@ zero_extendqisi2
 258 0006 03F01003 		and	r3, r3, #16
 259 000a 03F0FF01 		and	r1, r3, #255
 260 000e 13B1     		cbz	r3, .L4
 124:Generated_Source\PSoC5/UART_PM.c ****         {
 125:Generated_Source\PSoC5/UART_PM.c ****             UART_backup.enableState = 1u;
 261              		.loc 1 125 0
 262 0010 0123     		movs	r3, #1
 263 0012 1370     		strb	r3, [r2]
 264 0014 00E0     		b	.L5
 265              	.L4:
 126:Generated_Source\PSoC5/UART_PM.c ****         }
 127:Generated_Source\PSoC5/UART_PM.c ****         else
 128:Generated_Source\PSoC5/UART_PM.c ****         {
 129:Generated_Source\PSoC5/UART_PM.c ****             UART_backup.enableState = 0u;
 266              		.loc 1 129 0
 267 0016 1170     		strb	r1, [r2]
 268              	.L5:
 130:Generated_Source\PSoC5/UART_PM.c ****         }
 131:Generated_Source\PSoC5/UART_PM.c ****     #else
 132:Generated_Source\PSoC5/UART_PM.c ****         if((UART_TXSTATUS_ACTL_REG  & UART_INT_ENABLE) !=0u)
 133:Generated_Source\PSoC5/UART_PM.c ****         {
 134:Generated_Source\PSoC5/UART_PM.c ****             UART_backup.enableState = 1u;
 135:Generated_Source\PSoC5/UART_PM.c ****         }
 136:Generated_Source\PSoC5/UART_PM.c ****         else
 137:Generated_Source\PSoC5/UART_PM.c ****         {
 138:Generated_Source\PSoC5/UART_PM.c ****             UART_backup.enableState = 0u;
 139:Generated_Source\PSoC5/UART_PM.c ****         }
 140:Generated_Source\PSoC5/UART_PM.c ****     #endif /* End UART_RX_ENABLED || UART_HD_ENABLED*/
 141:Generated_Source\PSoC5/UART_PM.c **** 
 142:Generated_Source\PSoC5/UART_PM.c ****     UART_Stop();
 269              		.loc 1 142 0
 270 0018 FFF7FEBF 		b	UART_Stop
 271              	.LVL0:
 272              	.L8:
 273              		.align	2
 274              	.L7:
 275 001c 98640040 		.word	1073767576
 276 0020 00000000 		.word	.LANCHOR0
 277              		.cfi_endproc
 278              	.LFE2:
 279              		.size	UART_Sleep, .-UART_Sleep
 280              		.section	.text.UART_Wakeup,"ax",%progbits
 281              		.align	1
 282              		.global	UART_Wakeup
 283              		.thumb
 284              		.thumb_func
 285              		.type	UART_Wakeup, %function
 286              	UART_Wakeup:
 287              	.LFB3:
 143:Generated_Source\PSoC5/UART_PM.c ****     UART_SaveConfig();
 144:Generated_Source\PSoC5/UART_PM.c **** }
 145:Generated_Source\PSoC5/UART_PM.c **** 
 146:Generated_Source\PSoC5/UART_PM.c **** 
 147:Generated_Source\PSoC5/UART_PM.c **** /*******************************************************************************
 148:Generated_Source\PSoC5/UART_PM.c **** * Function Name: UART_Wakeup
ARM GAS  C:\Users\Bruger\AppData\Local\Temp\ccm6zSBS.s 			page 19


 149:Generated_Source\PSoC5/UART_PM.c **** ********************************************************************************
 150:Generated_Source\PSoC5/UART_PM.c **** *
 151:Generated_Source\PSoC5/UART_PM.c **** * Summary:
 152:Generated_Source\PSoC5/UART_PM.c **** *  This is the preferred API to restore the component to the state when 
 153:Generated_Source\PSoC5/UART_PM.c **** *  UART_Sleep() was called. The UART_Wakeup() function
 154:Generated_Source\PSoC5/UART_PM.c **** *  calls the UART_RestoreConfig() function to restore the 
 155:Generated_Source\PSoC5/UART_PM.c **** *  configuration. If the component was enabled before the 
 156:Generated_Source\PSoC5/UART_PM.c **** *  UART_Sleep() function was called, the UART_Wakeup()
 157:Generated_Source\PSoC5/UART_PM.c **** *  function will also re-enable the component.
 158:Generated_Source\PSoC5/UART_PM.c **** *
 159:Generated_Source\PSoC5/UART_PM.c **** * Parameters:
 160:Generated_Source\PSoC5/UART_PM.c **** *  None.
 161:Generated_Source\PSoC5/UART_PM.c **** *
 162:Generated_Source\PSoC5/UART_PM.c **** * Return:
 163:Generated_Source\PSoC5/UART_PM.c **** *  None.
 164:Generated_Source\PSoC5/UART_PM.c **** *
 165:Generated_Source\PSoC5/UART_PM.c **** * Global Variables:
 166:Generated_Source\PSoC5/UART_PM.c **** *  UART_backup - used when non-retention registers are restored.
 167:Generated_Source\PSoC5/UART_PM.c **** *
 168:Generated_Source\PSoC5/UART_PM.c **** * Reentrant:
 169:Generated_Source\PSoC5/UART_PM.c **** *  No.
 170:Generated_Source\PSoC5/UART_PM.c **** *
 171:Generated_Source\PSoC5/UART_PM.c **** *******************************************************************************/
 172:Generated_Source\PSoC5/UART_PM.c **** void UART_Wakeup(void)
 173:Generated_Source\PSoC5/UART_PM.c **** {
 288              		.loc 1 173 0
 289              		.cfi_startproc
 290              		@ args = 0, pretend = 0, frame = 0
 291              		@ frame_needed = 0, uses_anonymous_args = 0
 292 0000 08B5     		push	{r3, lr}
 293              		.cfi_def_cfa_offset 8
 294              		.cfi_offset 3, -8
 295              		.cfi_offset 14, -4
 174:Generated_Source\PSoC5/UART_PM.c ****     UART_RestoreConfig();
 175:Generated_Source\PSoC5/UART_PM.c ****     #if( (UART_RX_ENABLED) || (UART_HD_ENABLED) )
 176:Generated_Source\PSoC5/UART_PM.c ****         UART_ClearRxBuffer();
 296              		.loc 1 176 0
 297 0002 FFF7FEFF 		bl	UART_ClearRxBuffer
 298              	.LVL1:
 177:Generated_Source\PSoC5/UART_PM.c ****     #endif /* End (UART_RX_ENABLED) || (UART_HD_ENABLED) */
 178:Generated_Source\PSoC5/UART_PM.c ****     #if(UART_TX_ENABLED || UART_HD_ENABLED)
 179:Generated_Source\PSoC5/UART_PM.c ****         UART_ClearTxBuffer();
 299              		.loc 1 179 0
 300 0006 FFF7FEFF 		bl	UART_ClearTxBuffer
 301              	.LVL2:
 180:Generated_Source\PSoC5/UART_PM.c ****     #endif /* End UART_TX_ENABLED || UART_HD_ENABLED */
 181:Generated_Source\PSoC5/UART_PM.c **** 
 182:Generated_Source\PSoC5/UART_PM.c ****     if(UART_backup.enableState != 0u)
 302              		.loc 1 182 0
 303 000a 044B     		ldr	r3, .L11
 304 000c 1B78     		ldrb	r3, [r3]	@ zero_extendqisi2
 305 000e 1BB1     		cbz	r3, .L9
 183:Generated_Source\PSoC5/UART_PM.c ****     {
 184:Generated_Source\PSoC5/UART_PM.c ****         UART_Enable();
 185:Generated_Source\PSoC5/UART_PM.c ****     }
 186:Generated_Source\PSoC5/UART_PM.c **** }
 306              		.loc 1 186 0
ARM GAS  C:\Users\Bruger\AppData\Local\Temp\ccm6zSBS.s 			page 20


 307 0010 BDE80840 		pop	{r3, lr}
 308              		.cfi_remember_state
 309              		.cfi_restore 14
 310              		.cfi_restore 3
 311              		.cfi_def_cfa_offset 0
 184:Generated_Source\PSoC5/UART_PM.c ****     }
 312              		.loc 1 184 0
 313 0014 FFF7FEBF 		b	UART_Enable
 314              	.LVL3:
 315              	.L9:
 316              		.cfi_restore_state
 317 0018 08BD     		pop	{r3, pc}
 318              	.L12:
 319 001a 00BF     		.align	2
 320              	.L11:
 321 001c 00000000 		.word	.LANCHOR0
 322              		.cfi_endproc
 323              	.LFE3:
 324              		.size	UART_Wakeup, .-UART_Wakeup
 325              		.bss
 326              		.set	.LANCHOR0,. + 0
 327              		.type	UART_backup, %object
 328              		.size	UART_backup, 1
 329              	UART_backup:
 330 0000 00       		.space	1
 331              		.text
 332              	.Letext0:
 333              		.file 2 "Generated_Source\\PSoC5\\cytypes.h"
 334              		.file 3 "Generated_Source\\PSoC5\\UART.h"
 335              		.section	.debug_info,"",%progbits
 336              	.Ldebug_info0:
 337 0000 70010000 		.4byte	0x170
 338 0004 0400     		.2byte	0x4
 339 0006 00000000 		.4byte	.Ldebug_abbrev0
 340 000a 04       		.byte	0x4
 341 000b 01       		.uleb128 0x1
 342 000c 74000000 		.4byte	.LASF24
 343 0010 01       		.byte	0x1
 344 0011 4B020000 		.4byte	.LASF25
 345 0015 3F010000 		.4byte	.LASF26
 346 0019 00000000 		.4byte	.Ldebug_ranges0+0
 347 001d 00000000 		.4byte	0
 348 0021 00000000 		.4byte	.Ldebug_line0
 349 0025 02       		.uleb128 0x2
 350 0026 01       		.byte	0x1
 351 0027 06       		.byte	0x6
 352 0028 3F020000 		.4byte	.LASF0
 353 002c 02       		.uleb128 0x2
 354 002d 01       		.byte	0x1
 355 002e 08       		.byte	0x8
 356 002f 66000000 		.4byte	.LASF1
 357 0033 02       		.uleb128 0x2
 358 0034 02       		.byte	0x2
 359 0035 05       		.byte	0x5
 360 0036 01020000 		.4byte	.LASF2
 361 003a 02       		.uleb128 0x2
 362 003b 02       		.byte	0x2
ARM GAS  C:\Users\Bruger\AppData\Local\Temp\ccm6zSBS.s 			page 21


 363 003c 07       		.byte	0x7
 364 003d 23000000 		.4byte	.LASF3
 365 0041 02       		.uleb128 0x2
 366 0042 04       		.byte	0x4
 367 0043 05       		.byte	0x5
 368 0044 2A020000 		.4byte	.LASF4
 369 0048 02       		.uleb128 0x2
 370 0049 04       		.byte	0x4
 371 004a 07       		.byte	0x7
 372 004b 20010000 		.4byte	.LASF5
 373 004f 02       		.uleb128 0x2
 374 0050 08       		.byte	0x8
 375 0051 05       		.byte	0x5
 376 0052 DB010000 		.4byte	.LASF6
 377 0056 02       		.uleb128 0x2
 378 0057 08       		.byte	0x8
 379 0058 07       		.byte	0x7
 380 0059 A5010000 		.4byte	.LASF7
 381 005d 03       		.uleb128 0x3
 382 005e 04       		.byte	0x4
 383 005f 05       		.byte	0x5
 384 0060 696E7400 		.ascii	"int\000"
 385 0064 02       		.uleb128 0x2
 386 0065 04       		.byte	0x4
 387 0066 07       		.byte	0x7
 388 0067 98010000 		.4byte	.LASF8
 389 006b 04       		.uleb128 0x4
 390 006c 32010000 		.4byte	.LASF12
 391 0070 02       		.byte	0x2
 392 0071 3801     		.2byte	0x138
 393 0073 2C000000 		.4byte	0x2c
 394 0077 02       		.uleb128 0x2
 395 0078 04       		.byte	0x4
 396 0079 04       		.byte	0x4
 397 007a 54000000 		.4byte	.LASF9
 398 007e 02       		.uleb128 0x2
 399 007f 08       		.byte	0x8
 400 0080 04       		.byte	0x4
 401 0081 38010000 		.4byte	.LASF10
 402 0085 02       		.uleb128 0x2
 403 0086 01       		.byte	0x1
 404 0087 08       		.byte	0x8
 405 0088 E9010000 		.4byte	.LASF11
 406 008c 04       		.uleb128 0x4
 407 008d 1B010000 		.4byte	.LASF13
 408 0091 02       		.byte	0x2
 409 0092 E201     		.2byte	0x1e2
 410 0094 98000000 		.4byte	0x98
 411 0098 05       		.uleb128 0x5
 412 0099 6B000000 		.4byte	0x6b
 413 009d 02       		.uleb128 0x2
 414 009e 04       		.byte	0x4
 415 009f 07       		.byte	0x7
 416 00a0 D2010000 		.4byte	.LASF14
 417 00a4 06       		.uleb128 0x6
 418 00a5 EE010000 		.4byte	.LASF27
 419 00a9 01       		.byte	0x1
ARM GAS  C:\Users\Bruger\AppData\Local\Temp\ccm6zSBS.s 			page 22


 420 00aa 03       		.byte	0x3
 421 00ab 45       		.byte	0x45
 422 00ac BD000000 		.4byte	0xbd
 423 00b0 07       		.uleb128 0x7
 424 00b1 33020000 		.4byte	.LASF28
 425 00b5 03       		.byte	0x3
 426 00b6 47       		.byte	0x47
 427 00b7 6B000000 		.4byte	0x6b
 428 00bb 00       		.byte	0
 429 00bc 00       		.byte	0
 430 00bd 08       		.uleb128 0x8
 431 00be 6C020000 		.4byte	.LASF15
 432 00c2 03       		.byte	0x3
 433 00c3 4D       		.byte	0x4d
 434 00c4 A4000000 		.4byte	0xa4
 435 00c8 09       		.uleb128 0x9
 436 00c9 00000000 		.4byte	.LASF16
 437 00cd 01       		.byte	0x1
 438 00ce 36       		.byte	0x36
 439 00cf 01       		.byte	0x1
 440 00d0 09       		.uleb128 0x9
 441 00d1 10000000 		.4byte	.LASF17
 442 00d5 01       		.byte	0x1
 443 00d6 57       		.byte	0x57
 444 00d7 01       		.byte	0x1
 445 00d8 0A       		.uleb128 0xa
 446 00d9 C8000000 		.4byte	0xc8
 447 00dd 00000000 		.4byte	.LFB0
 448 00e1 02000000 		.4byte	.LFE0-.LFB0
 449 00e5 01       		.uleb128 0x1
 450 00e6 9C       		.byte	0x9c
 451 00e7 0A       		.uleb128 0xa
 452 00e8 D0000000 		.4byte	0xd0
 453 00ec 00000000 		.4byte	.LFB1
 454 00f0 02000000 		.4byte	.LFE1-.LFB1
 455 00f4 01       		.uleb128 0x1
 456 00f5 9C       		.byte	0x9c
 457 00f6 0B       		.uleb128 0xb
 458 00f7 49000000 		.4byte	.LASF18
 459 00fb 01       		.byte	0x1
 460 00fc 78       		.byte	0x78
 461 00fd 00000000 		.4byte	.LFB2
 462 0101 24000000 		.4byte	.LFE2-.LFB2
 463 0105 01       		.uleb128 0x1
 464 0106 9C       		.byte	0x9c
 465 0107 15010000 		.4byte	0x115
 466 010b 0C       		.uleb128 0xc
 467 010c 1C000000 		.4byte	.LVL0
 468 0110 57010000 		.4byte	0x157
 469 0114 00       		.byte	0
 470 0115 0B       		.uleb128 0xb
 471 0116 1E020000 		.4byte	.LASF19
 472 011a 01       		.byte	0x1
 473 011b AC       		.byte	0xac
 474 011c 00000000 		.4byte	.LFB3
 475 0120 20000000 		.4byte	.LFE3-.LFB3
 476 0124 01       		.uleb128 0x1
ARM GAS  C:\Users\Bruger\AppData\Local\Temp\ccm6zSBS.s 			page 23


 477 0125 9C       		.byte	0x9c
 478 0126 46010000 		.4byte	0x146
 479 012a 0D       		.uleb128 0xd
 480 012b 06000000 		.4byte	.LVL1
 481 012f 5E010000 		.4byte	0x15e
 482 0133 0D       		.uleb128 0xd
 483 0134 0A000000 		.4byte	.LVL2
 484 0138 65010000 		.4byte	0x165
 485 013c 0C       		.uleb128 0xc
 486 013d 18000000 		.4byte	.LVL3
 487 0141 6C010000 		.4byte	0x16c
 488 0145 00       		.byte	0
 489 0146 0E       		.uleb128 0xe
 490 0147 BC010000 		.4byte	.LASF29
 491 014b 01       		.byte	0x1
 492 014c 18       		.byte	0x18
 493 014d BD000000 		.4byte	0xbd
 494 0151 05       		.uleb128 0x5
 495 0152 03       		.byte	0x3
 496 0153 00000000 		.4byte	UART_backup
 497 0157 0F       		.uleb128 0xf
 498 0158 C8010000 		.4byte	.LASF20
 499 015c 03       		.byte	0x3
 500 015d 55       		.byte	0x55
 501 015e 0F       		.uleb128 0xf
 502 015f 36000000 		.4byte	.LASF21
 503 0163 03       		.byte	0x3
 504 0164 75       		.byte	0x75
 505 0165 0F       		.uleb128 0xf
 506 0166 0B020000 		.4byte	.LASF22
 507 016a 03       		.byte	0x3
 508 016b 8F       		.byte	0x8f
 509 016c 0F       		.uleb128 0xf
 510 016d 5A000000 		.4byte	.LASF23
 511 0171 03       		.byte	0x3
 512 0172 5A       		.byte	0x5a
 513 0173 00       		.byte	0
 514              		.section	.debug_abbrev,"",%progbits
 515              	.Ldebug_abbrev0:
 516 0000 01       		.uleb128 0x1
 517 0001 11       		.uleb128 0x11
 518 0002 01       		.byte	0x1
 519 0003 25       		.uleb128 0x25
 520 0004 0E       		.uleb128 0xe
 521 0005 13       		.uleb128 0x13
 522 0006 0B       		.uleb128 0xb
 523 0007 03       		.uleb128 0x3
 524 0008 0E       		.uleb128 0xe
 525 0009 1B       		.uleb128 0x1b
 526 000a 0E       		.uleb128 0xe
 527 000b 55       		.uleb128 0x55
 528 000c 17       		.uleb128 0x17
 529 000d 11       		.uleb128 0x11
 530 000e 01       		.uleb128 0x1
 531 000f 10       		.uleb128 0x10
 532 0010 17       		.uleb128 0x17
 533 0011 00       		.byte	0
ARM GAS  C:\Users\Bruger\AppData\Local\Temp\ccm6zSBS.s 			page 24


 534 0012 00       		.byte	0
 535 0013 02       		.uleb128 0x2
 536 0014 24       		.uleb128 0x24
 537 0015 00       		.byte	0
 538 0016 0B       		.uleb128 0xb
 539 0017 0B       		.uleb128 0xb
 540 0018 3E       		.uleb128 0x3e
 541 0019 0B       		.uleb128 0xb
 542 001a 03       		.uleb128 0x3
 543 001b 0E       		.uleb128 0xe
 544 001c 00       		.byte	0
 545 001d 00       		.byte	0
 546 001e 03       		.uleb128 0x3
 547 001f 24       		.uleb128 0x24
 548 0020 00       		.byte	0
 549 0021 0B       		.uleb128 0xb
 550 0022 0B       		.uleb128 0xb
 551 0023 3E       		.uleb128 0x3e
 552 0024 0B       		.uleb128 0xb
 553 0025 03       		.uleb128 0x3
 554 0026 08       		.uleb128 0x8
 555 0027 00       		.byte	0
 556 0028 00       		.byte	0
 557 0029 04       		.uleb128 0x4
 558 002a 16       		.uleb128 0x16
 559 002b 00       		.byte	0
 560 002c 03       		.uleb128 0x3
 561 002d 0E       		.uleb128 0xe
 562 002e 3A       		.uleb128 0x3a
 563 002f 0B       		.uleb128 0xb
 564 0030 3B       		.uleb128 0x3b
 565 0031 05       		.uleb128 0x5
 566 0032 49       		.uleb128 0x49
 567 0033 13       		.uleb128 0x13
 568 0034 00       		.byte	0
 569 0035 00       		.byte	0
 570 0036 05       		.uleb128 0x5
 571 0037 35       		.uleb128 0x35
 572 0038 00       		.byte	0
 573 0039 49       		.uleb128 0x49
 574 003a 13       		.uleb128 0x13
 575 003b 00       		.byte	0
 576 003c 00       		.byte	0
 577 003d 06       		.uleb128 0x6
 578 003e 13       		.uleb128 0x13
 579 003f 01       		.byte	0x1
 580 0040 03       		.uleb128 0x3
 581 0041 0E       		.uleb128 0xe
 582 0042 0B       		.uleb128 0xb
 583 0043 0B       		.uleb128 0xb
 584 0044 3A       		.uleb128 0x3a
 585 0045 0B       		.uleb128 0xb
 586 0046 3B       		.uleb128 0x3b
 587 0047 0B       		.uleb128 0xb
 588 0048 01       		.uleb128 0x1
 589 0049 13       		.uleb128 0x13
 590 004a 00       		.byte	0
ARM GAS  C:\Users\Bruger\AppData\Local\Temp\ccm6zSBS.s 			page 25


 591 004b 00       		.byte	0
 592 004c 07       		.uleb128 0x7
 593 004d 0D       		.uleb128 0xd
 594 004e 00       		.byte	0
 595 004f 03       		.uleb128 0x3
 596 0050 0E       		.uleb128 0xe
 597 0051 3A       		.uleb128 0x3a
 598 0052 0B       		.uleb128 0xb
 599 0053 3B       		.uleb128 0x3b
 600 0054 0B       		.uleb128 0xb
 601 0055 49       		.uleb128 0x49
 602 0056 13       		.uleb128 0x13
 603 0057 38       		.uleb128 0x38
 604 0058 0B       		.uleb128 0xb
 605 0059 00       		.byte	0
 606 005a 00       		.byte	0
 607 005b 08       		.uleb128 0x8
 608 005c 16       		.uleb128 0x16
 609 005d 00       		.byte	0
 610 005e 03       		.uleb128 0x3
 611 005f 0E       		.uleb128 0xe
 612 0060 3A       		.uleb128 0x3a
 613 0061 0B       		.uleb128 0xb
 614 0062 3B       		.uleb128 0x3b
 615 0063 0B       		.uleb128 0xb
 616 0064 49       		.uleb128 0x49
 617 0065 13       		.uleb128 0x13
 618 0066 00       		.byte	0
 619 0067 00       		.byte	0
 620 0068 09       		.uleb128 0x9
 621 0069 2E       		.uleb128 0x2e
 622 006a 00       		.byte	0
 623 006b 3F       		.uleb128 0x3f
 624 006c 19       		.uleb128 0x19
 625 006d 03       		.uleb128 0x3
 626 006e 0E       		.uleb128 0xe
 627 006f 3A       		.uleb128 0x3a
 628 0070 0B       		.uleb128 0xb
 629 0071 3B       		.uleb128 0x3b
 630 0072 0B       		.uleb128 0xb
 631 0073 27       		.uleb128 0x27
 632 0074 19       		.uleb128 0x19
 633 0075 20       		.uleb128 0x20
 634 0076 0B       		.uleb128 0xb
 635 0077 00       		.byte	0
 636 0078 00       		.byte	0
 637 0079 0A       		.uleb128 0xa
 638 007a 2E       		.uleb128 0x2e
 639 007b 00       		.byte	0
 640 007c 31       		.uleb128 0x31
 641 007d 13       		.uleb128 0x13
 642 007e 11       		.uleb128 0x11
 643 007f 01       		.uleb128 0x1
 644 0080 12       		.uleb128 0x12
 645 0081 06       		.uleb128 0x6
 646 0082 40       		.uleb128 0x40
 647 0083 18       		.uleb128 0x18
ARM GAS  C:\Users\Bruger\AppData\Local\Temp\ccm6zSBS.s 			page 26


 648 0084 9742     		.uleb128 0x2117
 649 0086 19       		.uleb128 0x19
 650 0087 00       		.byte	0
 651 0088 00       		.byte	0
 652 0089 0B       		.uleb128 0xb
 653 008a 2E       		.uleb128 0x2e
 654 008b 01       		.byte	0x1
 655 008c 3F       		.uleb128 0x3f
 656 008d 19       		.uleb128 0x19
 657 008e 03       		.uleb128 0x3
 658 008f 0E       		.uleb128 0xe
 659 0090 3A       		.uleb128 0x3a
 660 0091 0B       		.uleb128 0xb
 661 0092 3B       		.uleb128 0x3b
 662 0093 0B       		.uleb128 0xb
 663 0094 27       		.uleb128 0x27
 664 0095 19       		.uleb128 0x19
 665 0096 11       		.uleb128 0x11
 666 0097 01       		.uleb128 0x1
 667 0098 12       		.uleb128 0x12
 668 0099 06       		.uleb128 0x6
 669 009a 40       		.uleb128 0x40
 670 009b 18       		.uleb128 0x18
 671 009c 9742     		.uleb128 0x2117
 672 009e 19       		.uleb128 0x19
 673 009f 01       		.uleb128 0x1
 674 00a0 13       		.uleb128 0x13
 675 00a1 00       		.byte	0
 676 00a2 00       		.byte	0
 677 00a3 0C       		.uleb128 0xc
 678 00a4 898201   		.uleb128 0x4109
 679 00a7 00       		.byte	0
 680 00a8 11       		.uleb128 0x11
 681 00a9 01       		.uleb128 0x1
 682 00aa 9542     		.uleb128 0x2115
 683 00ac 19       		.uleb128 0x19
 684 00ad 31       		.uleb128 0x31
 685 00ae 13       		.uleb128 0x13
 686 00af 00       		.byte	0
 687 00b0 00       		.byte	0
 688 00b1 0D       		.uleb128 0xd
 689 00b2 898201   		.uleb128 0x4109
 690 00b5 00       		.byte	0
 691 00b6 11       		.uleb128 0x11
 692 00b7 01       		.uleb128 0x1
 693 00b8 31       		.uleb128 0x31
 694 00b9 13       		.uleb128 0x13
 695 00ba 00       		.byte	0
 696 00bb 00       		.byte	0
 697 00bc 0E       		.uleb128 0xe
 698 00bd 34       		.uleb128 0x34
 699 00be 00       		.byte	0
 700 00bf 03       		.uleb128 0x3
 701 00c0 0E       		.uleb128 0xe
 702 00c1 3A       		.uleb128 0x3a
 703 00c2 0B       		.uleb128 0xb
 704 00c3 3B       		.uleb128 0x3b
ARM GAS  C:\Users\Bruger\AppData\Local\Temp\ccm6zSBS.s 			page 27


 705 00c4 0B       		.uleb128 0xb
 706 00c5 49       		.uleb128 0x49
 707 00c6 13       		.uleb128 0x13
 708 00c7 02       		.uleb128 0x2
 709 00c8 18       		.uleb128 0x18
 710 00c9 00       		.byte	0
 711 00ca 00       		.byte	0
 712 00cb 0F       		.uleb128 0xf
 713 00cc 2E       		.uleb128 0x2e
 714 00cd 00       		.byte	0
 715 00ce 3F       		.uleb128 0x3f
 716 00cf 19       		.uleb128 0x19
 717 00d0 03       		.uleb128 0x3
 718 00d1 0E       		.uleb128 0xe
 719 00d2 3A       		.uleb128 0x3a
 720 00d3 0B       		.uleb128 0xb
 721 00d4 3B       		.uleb128 0x3b
 722 00d5 0B       		.uleb128 0xb
 723 00d6 27       		.uleb128 0x27
 724 00d7 19       		.uleb128 0x19
 725 00d8 3C       		.uleb128 0x3c
 726 00d9 19       		.uleb128 0x19
 727 00da 00       		.byte	0
 728 00db 00       		.byte	0
 729 00dc 00       		.byte	0
 730              		.section	.debug_aranges,"",%progbits
 731 0000 34000000 		.4byte	0x34
 732 0004 0200     		.2byte	0x2
 733 0006 00000000 		.4byte	.Ldebug_info0
 734 000a 04       		.byte	0x4
 735 000b 00       		.byte	0
 736 000c 0000     		.2byte	0
 737 000e 0000     		.2byte	0
 738 0010 00000000 		.4byte	.LFB0
 739 0014 02000000 		.4byte	.LFE0-.LFB0
 740 0018 00000000 		.4byte	.LFB1
 741 001c 02000000 		.4byte	.LFE1-.LFB1
 742 0020 00000000 		.4byte	.LFB2
 743 0024 24000000 		.4byte	.LFE2-.LFB2
 744 0028 00000000 		.4byte	.LFB3
 745 002c 20000000 		.4byte	.LFE3-.LFB3
 746 0030 00000000 		.4byte	0
 747 0034 00000000 		.4byte	0
 748              		.section	.debug_ranges,"",%progbits
 749              	.Ldebug_ranges0:
 750 0000 00000000 		.4byte	.LFB0
 751 0004 02000000 		.4byte	.LFE0
 752 0008 00000000 		.4byte	.LFB1
 753 000c 02000000 		.4byte	.LFE1
 754 0010 00000000 		.4byte	.LFB2
 755 0014 24000000 		.4byte	.LFE2
 756 0018 00000000 		.4byte	.LFB3
 757 001c 20000000 		.4byte	.LFE3
 758 0020 00000000 		.4byte	0
 759 0024 00000000 		.4byte	0
 760              		.section	.debug_line,"",%progbits
 761              	.Ldebug_line0:
ARM GAS  C:\Users\Bruger\AppData\Local\Temp\ccm6zSBS.s 			page 28


 762 0000 9E000000 		.section	.debug_str,"MS",%progbits,1
 762      02004E00 
 762      00000201 
 762      FB0E0D00 
 762      01010101 
 763              	.LASF16:
 764 0000 55415254 		.ascii	"UART_SaveConfig\000"
 764      5F536176 
 764      65436F6E 
 764      66696700 
 765              	.LASF17:
 766 0010 55415254 		.ascii	"UART_RestoreConfig\000"
 766      5F526573 
 766      746F7265 
 766      436F6E66 
 766      696700
 767              	.LASF3:
 768 0023 73686F72 		.ascii	"short unsigned int\000"
 768      7420756E 
 768      7369676E 
 768      65642069 
 768      6E7400
 769              	.LASF21:
 770 0036 55415254 		.ascii	"UART_ClearRxBuffer\000"
 770      5F436C65 
 770      61725278 
 770      42756666 
 770      657200
 771              	.LASF18:
 772 0049 55415254 		.ascii	"UART_Sleep\000"
 772      5F536C65 
 772      657000
 773              	.LASF9:
 774 0054 666C6F61 		.ascii	"float\000"
 774      7400
 775              	.LASF23:
 776 005a 55415254 		.ascii	"UART_Enable\000"
 776      5F456E61 
 776      626C6500 
 777              	.LASF1:
 778 0066 756E7369 		.ascii	"unsigned char\000"
 778      676E6564 
 778      20636861 
 778      7200
 779              	.LASF24:
 780 0074 474E5520 		.ascii	"GNU C 4.9.3 20150303 (release) [ARM/embedded-4_9-br"
 780      4320342E 
 780      392E3320 
 780      32303135 
 780      30333033 
 781 00a7 616E6368 		.ascii	"anch revision 221220] -mcpu=cortex-m3 -mthumb -g -O"
 781      20726576 
 781      6973696F 
 781      6E203232 
 781      31323230 
 782 00da 73202D66 		.ascii	"s -ffunction-sections -finline-functions -flto -ffa"
 782      66756E63 
ARM GAS  C:\Users\Bruger\AppData\Local\Temp\ccm6zSBS.s 			page 29


 782      74696F6E 
 782      2D736563 
 782      74696F6E 
 783 010d 742D6C74 		.ascii	"t-lto-objects\000"
 783      6F2D6F62 
 783      6A656374 
 783      7300
 784              	.LASF13:
 785 011b 72656738 		.ascii	"reg8\000"
 785      00
 786              	.LASF5:
 787 0120 6C6F6E67 		.ascii	"long unsigned int\000"
 787      20756E73 
 787      69676E65 
 787      6420696E 
 787      7400
 788              	.LASF12:
 789 0132 75696E74 		.ascii	"uint8\000"
 789      3800
 790              	.LASF10:
 791 0138 646F7562 		.ascii	"double\000"
 791      6C6500
 792              	.LASF26:
 793 013f 433A5C55 		.ascii	"C:\\Users\\Bruger\\Desktop\\CODE\\PSOC5\\CY8CKIT-59"
 793      73657273 
 793      5C427275 
 793      6765725C 
 793      4465736B 
 794 016c 2D417264 		.ascii	"-Arduino\\CY8CKIT59_Ardudino-Speeduino.cydsn\000"
 794      75696E6F 
 794      5C435938 
 794      434B4954 
 794      35395F41 
 795              	.LASF8:
 796 0198 756E7369 		.ascii	"unsigned int\000"
 796      676E6564 
 796      20696E74 
 796      00
 797              	.LASF7:
 798 01a5 6C6F6E67 		.ascii	"long long unsigned int\000"
 798      206C6F6E 
 798      6720756E 
 798      7369676E 
 798      65642069 
 799              	.LASF29:
 800 01bc 55415254 		.ascii	"UART_backup\000"
 800      5F626163 
 800      6B757000 
 801              	.LASF20:
 802 01c8 55415254 		.ascii	"UART_Stop\000"
 802      5F53746F 
 802      7000
 803              	.LASF14:
 804 01d2 73697A65 		.ascii	"sizetype\000"
 804      74797065 
 804      00
 805              	.LASF6:
ARM GAS  C:\Users\Bruger\AppData\Local\Temp\ccm6zSBS.s 			page 30


 806 01db 6C6F6E67 		.ascii	"long long int\000"
 806      206C6F6E 
 806      6720696E 
 806      7400
 807              	.LASF11:
 808 01e9 63686172 		.ascii	"char\000"
 808      00
 809              	.LASF27:
 810 01ee 55415254 		.ascii	"UART_backupStruct_\000"
 810      5F626163 
 810      6B757053 
 810      74727563 
 810      745F00
 811              	.LASF2:
 812 0201 73686F72 		.ascii	"short int\000"
 812      7420696E 
 812      7400
 813              	.LASF22:
 814 020b 55415254 		.ascii	"UART_ClearTxBuffer\000"
 814      5F436C65 
 814      61725478 
 814      42756666 
 814      657200
 815              	.LASF19:
 816 021e 55415254 		.ascii	"UART_Wakeup\000"
 816      5F57616B 
 816      65757000 
 817              	.LASF4:
 818 022a 6C6F6E67 		.ascii	"long int\000"
 818      20696E74 
 818      00
 819              	.LASF28:
 820 0233 656E6162 		.ascii	"enableState\000"
 820      6C655374 
 820      61746500 
 821              	.LASF0:
 822 023f 7369676E 		.ascii	"signed char\000"
 822      65642063 
 822      68617200 
 823              	.LASF25:
 824 024b 47656E65 		.ascii	"Generated_Source\\PSoC5\\UART_PM.c\000"
 824      72617465 
 824      645F536F 
 824      75726365 
 824      5C50536F 
 825              	.LASF15:
 826 026c 55415254 		.ascii	"UART_BACKUP_STRUCT\000"
 826      5F424143 
 826      4B55505F 
 826      53545255 
 826      435400
 827              		.comm	__gnu_lto_v1,1,1
 828              		.ident	"GCC: (GNU Tools for ARM Embedded Processors) 4.9.3 20150303 (release) [ARM/embedded-4_9-br
