ARM GAS  C:\Users\Bruger\AppData\Local\Temp\ccbiSXMf.s 			page 1


   1              		.syntax unified
   2              		.cpu cortex-m3
   3              		.fpu softvfp
   4              		.eabi_attribute 20, 1
   5              		.eabi_attribute 21, 1
   6              		.eabi_attribute 23, 3
   7              		.eabi_attribute 24, 1
   8              		.eabi_attribute 25, 1
   9              		.eabi_attribute 26, 1
  10              		.eabi_attribute 30, 2
  11              		.eabi_attribute 34, 1
  12              		.eabi_attribute 18, 4
  13              		.thumb
  14              		.file	"USBUART_Dm.c"
  15              		.text
  16              	.Ltext0:
  17              		.section	.gnu.lto_.profile.24c0ae32,"",%progbits
  18 0000 789C6366 		.ascii	"x\234cf```a\200\000F\0061!\000\000\262\0001"
  18      60606061 
  18      80004606 
  18      31210000 
  18      B20031
  19              		.text
  20              		.section	.gnu.lto_.jmpfuncs.24c0ae32,"",%progbits
  21 0000 789C6366 		.ascii	"x\234cf\300\016\204\2404\013\003##c=#\210`b``\006\212"
  21      C00E84A0 
  21      340B0323 
  21      23633D23 
  21      88606260 
  22 0017 00000DC0 		.ascii	"\000\000\015\300\001$"
  22      0124
  23              		.text
  24              		.section	.gnu.lto_.inline.24c0ae32,"",%progbits
  25 0000 789C6366 		.ascii	"x\234cf\300\016\022\2404\013\003\003\007;##\003#\003"
  25      C00E12A0 
  25      340B0303 
  25      073B2323 
  25      032303
  26 0013 0333C701 		.ascii	"\0033\307\001;\006\266\005\362L\014L\027\370Y@\222\214"
  26      3B06B605 
  26      F24C0C4C 
  26      17F85940 
  26      928C
  27 0025 78E49818 		.ascii	"x\344\230\030XY\030\031\230X\026\310C\304\201\200\031"
  27      58591819 
  27      985816C8 
  27      43C48180 
  27      19
  28 0036 53880100 		.ascii	"S\210\001\000\322\320\011("
  28      D2D00928 
  29              		.text
  30              		.section	.gnu.lto_.pureconst.24c0ae32,"",%progbits
  31 0000 789C6366 		.ascii	"x\234cf``\340d\200\000\026\006)F)&)f)\000\002\305\000"
  31      6060E064 
  31      80001606 
  31      29462926 
  31      29662900 
ARM GAS  C:\Users\Bruger\AppData\Local\Temp\ccbiSXMf.s 			page 2


  32 0017 7F       		.ascii	"\177"
  33              		.text
  34              		.section	.gnu.lto_USBUART_Dm_Write.24c0ae32,"",%progbits
  35 0000 789C6591 		.ascii	"x\234e\221OHTQ\024\306\317w\356{3\223\206D\313\331\232"
  35      4F485451 
  35      14C6CF77 
  35      EE7B3393 
  35      8644CBD9 
  36 0015 0C81B58B 		.ascii	"\014\201\265\213\266iA[qt7 \303\364\026B%\350\330v\356"
  36      B669415B 
  36      71743720 
  36      C3F41642 
  36      25E8D876 
  37 002a AB611641 		.ascii	"\253a\026A \"\030\204\377\030\243t\374\227\221\2651"
  37      20221884 
  37      FF18A374 
  37      FC9791B5 
  37      31
  38 003b 9EE22E4A 		.ascii	"\236\342.JlQ \223\031L\241\270Q\214F\223\346u\356{\233"
  38      6C512093 
  38      194CA1B8 
  38      518C4693 
  38      E675EE7B 
  39 0050 A40BF7DD 		.ascii	"\244\013\367\335{\017\337\357\234\357\234\247\350\377"
  39      7B0FDFEF 
  39      9CEF9CA7 
  39      E8FF
  40 005e 1597ED83 		.ascii	"\025\227\355\203\350\252\234P\004\036\370@\344\306\030"
  40      E8AA9C50 
  40      041EF840 
  40      E4C618
  41 006d 301702E5 		.ascii	"0\027\002\345\0309\354\362\001c\300+=\256O<\325Z\357"
  41      1839ECF2 
  41      0163C02B 
  41      3DAE4F3C 
  41      D55AEF
  42 0080 0FAEBB6D 		.ascii	"\017\256\273m\036\216\231\350\220\303<x\206\204h\016"
  42      1E8E99E8 
  42      90C33C78 
  42      8684680E 
  43 0090 4B7A48A9 		.ascii	"KzH\251\004H\356\013\033\357k\321\246\242\326\367\275"
  43      0448EE0B 
  43      1BEF6BD1 
  43      A6A2D6F7 
  43      BD
  44 00a1 E5397D4D 		.ascii	"\3459}M\344\300s(!\320\034\307\3058I\2000\205&#^|\264"
  44      E4C07328 
  44      21D01CC7 
  44      C5384980 
  44      30852623 
  45 00b8 B6C4EA52 		.ascii	"\266\304\352R\000N\274\373\266v\266qB\300\355\223\245"
  45      004EBCFB 
  45      B676B671 
  45      42C0ED93 
  45      A5
  46 00c9 94E78EEB 		.ascii	"\224\347\216\353\232\357\007\370\364\277x\270D\177\220"
  46      9AEF07F8 
ARM GAS  C:\Users\Bruger\AppData\Local\Temp\ccbiSXMf.s 			page 3


  46      F4BF78B8 
  46      447F90
  47 00d8 FFF3B93E 		.ascii	"\377\363\271>\222\027c\347PBc\350\0113\210H_0\221\371"
  47      921763E7 
  47      504263E8 
  47      09338848 
  47      5F3091F9 
  48 00ec F39EF6FD 		.ascii	"\363\236\366\375\227\313+\277\021c)\313\322\250\204"
  48      97CB2BBF 
  48      116329CB 
  48      D2A884
  49 00fb 2D98EAB6 		.ascii	"-\230\352\266\011D\314\207\250\"\333\364\375]\036r\252"
  49      0944CC87 
  49      A822DBF4 
  49      FD5D1E72 
  49      AA
  50 010c 4DACFE7A 		.ascii	"M\254\376z\2705\0345\311\252l\206\260\362\345\315d\303"
  50      B8351C35 
  50      C9AA6C86 
  50      B0F2E5CD 
  50      64C3
  51 011e 0E1FB3DA 		.ascii	"\016\037\263\332/\272\3322\345\277V\3267bA(p3\372\366"
  51      2FBADA32 
  51      E5BF56D6 
  51      37624128 
  51      7033FAF6 
  52 0132 D5C78611 		.ascii	"\325\307\206\021<q\363b\331\302,\342\230\203\270\305"
  52      3C71F362 
  52      D9C22CE2 
  52      9883B8C5 
  53 0142 3C46409B 		.ascii	"<F@\233xpT(#L\250\302\234c\273\265\035\313$@\216\260"
  53      78705428 
  53      234CA8C2 
  53      9C63BBB5 
  53      1DCB2440 
  54 0158 20DA4FE0 		.ascii	" \332O\340\300\276x\024\221a\312\205\037\257\317\204"
  54      C0BE7814 
  54      9161CA85 
  54      1FAFCF84 
  55 0168 905D654B 		.ascii	"\220]eK\240jq{\017\006\342(\341\205@\242\372Y(s(\012"
  55      A06A717B 
  55      0F06E228 
  55      E18540A2 
  55      FA592873 
  56 017e 75065D1D 		.ascii	"u\006]\035\014\212\2352\346z\366ik\213bM \332\202\353"
  56      0C8A9D32 
  56      E67AF669 
  56      6B8B624D 
  56      20DA82EB 
  57 0192 9DD8466F 		.ascii	"\235\330FoF[\221\377#S\220\231\\\270\351\334uz\323Y"
  57      465B91FF 
  57      23539099 
  57      5CB8E9DC 
  57      757AD359 
  58 01a6 E75657B2 		.ascii	"\347VW\262\247\2777\343\244\332\222=\327\257\244:\223"
  58      A7BF37E3 
  58      A4DA923D 
ARM GAS  C:\Users\Bruger\AppData\Local\Temp\ccbiSXMf.s 			page 4


  58      D7AFA43A 
  58      93
  59 01b7 AD9D2DED 		.ascii	"\255\235-\355\035]7\356\\\316\220}/}\273\337\251\353"
  59      1D5D37EE 
  59      5CCE907D 
  59      2F7DBBDF 
  59      A9EB
  60 01c9 CBA6B3DD 		.ascii	"\313\246\263\335\231\326\356l\337_\254\010\303/"
  60      99D6EE6C 
  60      DF5FAC08 
  60      C32F
  61              		.text
  62              		.section	.gnu.lto_USBUART_Dm_SetDriveMode.24c0ae32,"",%progbits
  63 0000 789C7D51 		.ascii	"x\234}Q;H\003A\020\235\267{IN\202A\254$\265!\210\242"
  63      3B480341 
  63      109DB77B 
  63      494E8241 
  63      AC24B521 
  64 0016 95BD3FB4 		.ascii	"\225\275?\264\025\243]@D\257\324\200h\235\213\211\215"
  64      15A35D40 
  64      44AFD480 
  64      689D8B89 
  64      8D
  65 0027 55622588 		.ascii	"Ub%\210(\212\370\377\200\202\245\207\330\371C\033Q0"
  65      288AF8FF 
  65      8082A587 
  65      D8F9431B 
  65      5130
  66 0039 36F10B4A 		.ascii	"6\361\013JB\374\005\2258{\261\010\010.\267\263\363\206"
  66      42FC0595 
  66      387BB108 
  66      082EB7B3 
  66      F386
  67 004b F7DECDCE 		.ascii	"\367\336\315\316J\372\273\274\274\037AT\315'$A\304\217"
  67      4AFABBBC 
  67      BC1F4154 
  67      CD272441 
  67      C48F
  68 005d 8922BA00 		.ascii	"\211\"\272\000TB\240\260@\030\017\"#\020\267V&\334\376"
  68      5442A0B0 
  68      40180F22 
  68      2310B756 
  68      26DCFE
  69 0070 79D334D3 		.ascii	"y\3234\323\263;\025\243\0259A\224\025\005\033,\300\317"
  69      B33B15A3 
  69      15394194 
  69      15051B2C 
  69      C0CF
  70 0082 94BBDCC3 		.ascii	"\224\273\334\303B\251\364\2038\377N\234\237\011\337"
  70      42A9F483 
  70      38FF4E9C 
  70      9F09DF
  71 0091 9C698E58 		.ascii	"\234i\216X\207\353f\003r\354\271\010\311\012\324xQ\345"
  71      87EB6603 
  71      72ECB908 
  71      C90AD478 
  71      51E5
ARM GAS  C:\Users\Bruger\AppData\Local\Temp\ccbiSXMf.s 			page 5


  72 00a3 252E1096 		.ascii	"%.\020\226\340S\344L\354\373\334\355\214\261wY\301\023"
  72      E053E44C 
  72      ECFBDCED 
  72      8CB17759 
  72      C113
  73 00b5 CB70725B 		.ascii	"\313pr[\264Qn\231\371|\366*\261X\007\267`\215\220\034"
  73      B4516E99 
  73      F97CF62A 
  73      B15807B7 
  73      608D901C 
  74 00c9 A4A68203 		.ascii	"\244\246\202\003J\356T\251K\005]\205\022\305!J\361V"
  74      4AEE54A9 
  74      4B055D85 
  74      12C5214A 
  74      F156
  75 00db 37B861C0 		.ascii	"7\270a\300\247\274\304\336\333\330\355\244\246|\337"
  75      A7BCC4DE 
  75      DBD8EDA4 
  75      A67CDF
  76 00ea 85BACEEB 		.ascii	"\205\272\316\353\264u\344\271\0279\241\345g\"\246\246"
  76      B475E4B9 
  76      1739A1E5 
  76      6722A6A6 
  77 00fa BAB84E9D 		.ascii	"\272\270N\235\234\352v\211\024\334\375Z\332\326\247"
  77      9CEA7689 
  77      14DCFD5A 
  77      DAD6A7
  78 0109 30198971 		.ascii	"0\031\211q\363\016\254\300\213U\360\300\260\206)\320"
  78      F30EACC0 
  78      8B55F0C0 
  78      B08629D0 
  79 0119 254692AE 		.ascii	"%F\222\256\202\235dG\306\321\017g\001k\\b\375\305s\372"
  79      829D6447 
  79      C6D10F67 
  79      016B5C62 
  79      FDC573FA 
  80 012d C0B69399 		.ascii	"\300\266\223\231\374\357\342Y\256\263E\221\226?G\261"
  80      FCEFE259 
  80      AEB34591 
  80      963F47B1 
  81 013d D6C525D6 		.ascii	"\326\305%\326\236n=\355;l\255\207\260aK\242/\277\024"
  81      9E6E3DED 
  81      3B6CAD87 
  81      B0614BA2 
  81      2FBF14
  82 0150 DDFE83AB 		.ascii	"\335\376\203\253\330\245\204\253\214\367\306\241\360"
  82      D8A584AB 
  82      8CF7C6A1 
  82      F0
  83 015d 7FBD6F72 		.ascii	"\177\275or\357\314\247$\"\326g\253b\253\367K\361[\360"
  83      EFCCA724 
  83      22D667AB 
  83      62ABF74B 
  83      F15BF0
  84 0170 98786895 		.ascii	"\230xh\225m\306\2001\3303d\364u\007B\303\203\275F\260"
  84      6DC68031 
  84      D83364F4 
ARM GAS  C:\Users\Bruger\AppData\Local\Temp\ccbiSXMf.s 			page 6


  84      750742C3 
  84      83BD46B0 
  85 0184 3D106AAE 		.ascii	"=\020j\256\017v\005\232\272\032;:\273[\372k{I\353\017"
  85      0F76059A 
  85      BA1A3B3A 
  85      BB5BFA6B 
  85      7B49EB0F 
  86 0198 F5193FF9 		.ascii	"\365\031?\371i\271k"
  86      69B96B
  87              		.text
  88              		.section	.gnu.lto_USBUART_Dm_Read.24c0ae32,"",%progbits
  89 0000 789C6366 		.ascii	"x\234cf\300\004R@\374\007\210\325\200\230\221\231\201"
  89      C0045240 
  89      FC0788D5 
  89      80989199 
  89      81
  90 0011 9169C239 		.ascii	"\221i\3029\006\206F\016&FF\020\203\201\221\241\236\211"
  90      0686460E 
  90      26464610 
  90      838191A1 
  90      9E89
  91 0023 B19EF125 		.ascii	"\261\236\361%\323G&\3063;\377]fT_\332\320\320\364a\322"
  91      D34726C6 
  91      333BFF5D 
  91      66545FDA 
  91      D0D0F461 
  92 0038 DE3BDCAD 		.ascii	"\336;\334\255\022?\231\030\030>310\352H1j\202\314a\\"
  92      123F9918 
  92      183E3331 
  92      30EA4831 
  92      6A82CC61 
  93 004d CEA8CE00 		.ascii	"\316\250\316\000T\370\261\345\357un\266\226\206\206"
  93      54F8B1E5 
  93      EF756EB6 
  93      968686
  94 005c 0601903C 		.ascii	"\006\001\220<Pb\005#\033#\220^/t\240\341\377\377\315"
  94      50620523 
  94      1B23905E 
  94      2F74A0E1 
  94      FFFFCD
  95 006f 5F277658 		.ascii	"_'vX3\26201\374d\002\332\0102\204\341\011\220\000\331"
  95      33B23031 
  95      FC6402DA 
  95      083284E1 
  95      099000D9 
  96 0083 F7948909 		.ascii	"\367\224\211\011D3\337b<\364\255\353\336<+\220\306\357"
  96      4433DF62 
  96      3CF4ADEB 
  96      DE3C2B90 
  96      C6EF
  97 0095 4C20CB97 		.ascii	"L \313\227M^\273\210\353\005\323O gqc\003\013\310\232"
  97      4D5EBB88 
  97      EB05D34F 
  97      20677163 
  97      030BC89A 
  98 00a9 FB4FCE5F 		.ascii	"\373O\316_\344\000\0131\200\270O_v~f\234\3138\273\261"
  98      E4000B31 
ARM GAS  C:\Users\Bruger\AppData\Local\Temp\ccbiSXMf.s 			page 7


  98      80B84F5F 
  98      767E669C 
  98      CB38BBB1 
  99 00bd 85F12713 		.ascii	"\205\361'\0233\343JF)\306U\214@g1\256\006\2122\334b"
  99      33E34A46 
  99      29C6558C 
  99      406731AE 
  99      068A32DC 
 100 00d2 6CBED7A6 		.ascii	"l\276\327\246\0031\217\031b\344\367\305\017^3\202\364"
 100      03318F19 
 100      62E4F7C5 
 100      0F5E3382 
 100      F4
 101 00e3 B3B03330 		.ascii	"\263\26030\256\001*\275\307\310\010U\000v\022#\310)"
 101      AE012ABD 
 101      C7C80855 
 101      00761223 
 101      C829
 102 00f5 40B355DC 		.ascii	"@\263U\334S\363R\213\022KRS\342\203\363K\213\222Sc\002"
 102      53F3528B 
 102      124B5253 
 102      E283F34B 
 102      8B925363 
 103 010a 82F39D4D 		.ascii	"\202\363\235McB\203\235B\035\203B\342]r\365\222\031"
 103      6342839D 
 103      421D8342 
 103      E25D72F5 
 103      9219
 104 011c 00ECA466 		.ascii	"\000\354\244f\331"
 104      D9
 105              		.text
 106              		.section	.gnu.lto_USBUART_Dm_ReadDataReg.24c0ae32,"",%progbits
 107 0000 789C6366 		.ascii	"x\234cf\300\004R@\374\007\210\325\200\230\221\231\201"
 107      C0045240 
 107      FC0788D5 
 107      80989199 
 107      81
 108 0011 9169C239 		.ascii	"\221i\3029\006\206F\016&FF\020\203\201\221\241\236\211"
 108      0686460E 
 108      26464610 
 108      838191A1 
 108      9E89
 109 0023 B19EF125 		.ascii	"\261\236\361%\323G&\3063;\377]fT_\332\320\320\364\341"
 109      D34726C6 
 109      333BFF5D 
 109      66545FDA 
 109      D0D0F4E1 
 110 0037 D2E53BDC 		.ascii	"\322\345;\334\255\022?\231\030\030>310\352H1j\202\314"
 110      AD123F99 
 110      18183E33 
 110      3130EA48 
 110      316A82CC 
 111 004b 615CCEA8 		.ascii	"a\\\316\250\316\000T\370\261\345\357un\266\226\206\206"
 111      CE0054F8 
 111      B1E5EF75 
 111      6EB69686 
 111      86
ARM GAS  C:\Users\Bruger\AppData\Local\Temp\ccbiSXMf.s 			page 8


 112 005c 0601903C 		.ascii	"\006\001\220<Pb\005#\033#\220^/t\240\341\377\377\315"
 112      50620523 
 112      1B23905E 
 112      2F74A0E1 
 112      FFFFCD
 113 006f E7277568 		.ascii	"\347'uh1\26101\374d\002\332\0102\204\341\011\220\000"
 113      31B13031 
 113      FC6402DA 
 113      083284E1 
 113      099000
 114 0082 D9F79489 		.ascii	"\331\367\224\211\011D3\337b<\364\255\353\337J+\220\306"
 114      094433DF 
 114      623CF4AD 
 114      EBDF4A2B 
 114      90C6
 115 0094 EF4C20CB 		.ascii	"\357L \313\017\336\335\261\204\357\005\323O&\246\017"
 115      0FDEDDB1 
 115      84EF05D3 
 115      4F26A60F 
 116 00a4 8B1B1B58 		.ascii	"\213\033\033X@\326\334\177r\376\"\007X\210\001\304\235"
 116      40D6DC7F 
 116      72FE2207 
 116      588801C4 
 116      9D
 117 00b5 B76FEB25 		.ascii	"\267o\353%\276\271\214\263\033[\030\177213\256d\224"
 117      BEB98CB3 
 117      1B5B187F 
 117      323133AE 
 117      6494
 118 00c7 625CC508 		.ascii	"b\\\305\010t\026\343j\306\271\214\014\267\030\233\357"
 118      7416E36A 
 118      C6B98C0C 
 118      B7189BEF 
 119 00d7 B5E940CC 		.ascii	"\265\351@\314c\206\030\371}\361\203\327\214 \375,\354"
 119      638618F9 
 119      7DF183D7 
 119      8C20FD2C 
 119      EC
 120 00e8 0C8C6B80 		.ascii	"\014\214k\200J\35712B\025\200\235\304\010r\012\320l"
 120      4AEF3132 
 120      4215809D 
 120      C408720A 
 120      D06C
 121 00fa 15F7D4BC 		.ascii	"\025\367\324\274\324\242\304\222\324\224\370\340\374"
 121      D4A2C492 
 121      D494F8E0 
 121      FC
 122 0107 D2A2E4D4 		.ascii	"\322\242\344\324\230\200\340|g\323\230\320`\247P\307"
 122      9880E07C 
 122      67D398D0 
 122      60A750C7 
 123 0117 A0907897 		.ascii	"\240\220x\227\\\275d\006\000Vag@"
 123      5CBD6406 
 123      00566167 
 123      40
 124              		.text
 125              		.section	.gnu.lto_.symbol_nodes.24c0ae32,"",%progbits
ARM GAS  C:\Users\Bruger\AppData\Local\Temp\ccbiSXMf.s 			page 9


 126 0000 789C6366 		.ascii	"x\234cf``pb\200\002&\206z\006\206\011\347\030\030\352"
 126      60607062 
 126      80022686 
 126      7A068609 
 126      E71818EA 
 127 0014 EB19E62D 		.ascii	"\353\031\346-\340``b\254gD\3413\3253\241\360\231\353"
 127      E0606062 
 127      AC6744E1 
 127      33D533A1 
 127      F099EB
 128 0027 9991F90C 		.ascii	"\231\221\371\014\0003\356\020\336"
 128      0033EE10 
 128      DE
 129              		.text
 130              		.section	.gnu.lto_.refs.24c0ae32,"",%progbits
 131 0000 789C6366 		.ascii	"x\234cf```d\200\002\000\000=\000\005"
 131      60606064 
 131      80020000 
 131      3D0005
 132              		.text
 133              		.section	.gnu.lto_.decls.24c0ae32,"",%progbits
 134 0000 789C8D52 		.ascii	"x\234\215R]HSq\024\377\237\375\357\246\336\346\307\323"
 134      5D485371 
 134      14FF9FFD 
 134      EFA6DEE6 
 134      C7D3
 135 0012 9411B440 		.ascii	"\224\021\264@\204@\204\036\002\337\242\034\010A!.\351"
 135      8440841E 
 135      02DFA21C 
 135      0841212E 
 135      E9
 136 0023 4141865E 		.ascii	"AA\206^\314\2074\326\014|\362\237\037\250\253t\210\325"
 136      CC8734D6 
 136      0C7CF29F 
 136      1FA8AB74 
 136      88D5
 137 0035 9234617E 		.ascii	"\2224a~\224\245\231_s\233\037[\020\210b/\231\260\036"
 137      94A5995F 
 137      739B1F5B 
 137      1088622F 
 137      99B01E
 138 0048 4AEBC5DE 		.ascii	"J\353\305\336&T\024H\267\363\377ok\227\245\340\201s"
 138      26541448 
 138      B7F3FF6F 
 138      6B97A5E0 
 138      8173
 139 005a EF3DF79E 		.ascii	"\357=\367\236\337\307\377\334C\011!y@\210\212a\245\204"
 139      DFC7FFDC 
 139      43092179 
 139      40888A61 
 139      A584
 140 006c 4C60ADC7 		.ascii	"L`\255\307,#\311\2200g0\3470}\230~\362\177\314hp\223"
 140      2C23C990 
 140      306730E7 
 140      307D987E 
 140      F27FCC68 
 141 0082 9826CC15 		.ascii	"\230&\314\025\314\245\370w\210\367\244\006\3474\244"
ARM GAS  C:\Users\Bruger\AppData\Local\Temp\ccbiSXMf.s 			page 10


 141      CCA5F877 
 141      88F7A406 
 141      E734A4
 142 0091 E0428760 		.ascii	"\340B\207`\347\016\301\372\342\232\251z\22748\337!8"
 142      E70EC1FA 
 142      E29AA97A 
 142      973438DF 
 142      2138
 143 00a3 FF317087 		.ascii	"\3771p\207\235q_\007\376\251\357\233'\366t\220%[x\031"
 143      9D715F07 
 143      FEA9EF9B 
 143      27F67490 
 143      255B7819 
 144 00b7 E85BF318 		.ascii	"\350[\363\030\2604\312\022/\267W;;\323\251\016\370\263"
 144      B034CA12 
 144      2FB7573B 
 144      3BD3A90E 
 144      F8B3
 145 00c9 D7B3BB25 		.ascii	"\327\263\273%\027N0\306\272X(\004I\212;c\301{i\2101"
 145      174E30C6 
 145      BA582804 
 145      498A3B63 
 145      C17B6988 
 146 00de C9A2ECD9 		.ascii	"\311\242\354\331\030\010SQ\252\034\247\213D\372\177"
 146      18085351 
 146      AA1CA78B 
 146      44FA7F
 147 00ed 53900BBA 		.ascii	"S\220\013\272\030ke\321>F\363\010\024\232\341\214\231"
 147      186B65D1 
 147      3E46F308 
 147      149AE18C 
 147      99
 148 00fe C0141460 		.ascii	"\300\024\024`\033L@!\201\027`\206\227`&#(\020}\032}"
 148      1B4C4021 
 148      81176086 
 148      97602623 
 148      28107D1A 
 149 0113 7F923109 		.ascii	"\177\2221\011&A\206\347@E\007\036\203+\304E\335\035"
 149      264186E7 
 149      4045071E 
 149      832BC445 
 149      DD1D
 150 0125 61B724E9 		.ascii	"a\267$\351\360%\357\251\024n\177\250\273\243\272\334"
 150      F025EFA9 
 150      146E7FA8 
 150      BBA3BADC 
 151 0135 0748C0DC 		.ascii	"\007H\300\334m,G\2022\023\214#\3553\244%0\015\271x}"
 151      6D2C4782 
 151      32138C23 
 151      ED33A425 
 151      300DB978 
 152 014a 05528C60 		.ascii	"\005R\214`a\360C$\233\236\025G\013\364\254\017\350-"
 152      61F04324 
 152      9B9E1547 
 152      0BF4AC0F 
 152      E82D
 153 015c 436C783A 		.ascii	"Clx:\352\362\016\321\307l\270\225\375Q\321>\007\301"
ARM GAS  C:\Users\Bruger\AppData\Local\Temp\ccbiSXMf.s 			page 11


 153      EAF20ED1 
 153      C76CB895 
 153      FD51D13E 
 153      07C1
 154 016e EB7F0608 		.ascii	"\353\177\006\010\177\216Mt\006,\010|\370f}RO\353\004"
 154      7F8E4D74 
 154      062C087C 
 154      F8667D52 
 154      4FEB04
 155 0181 C95B7575 		.ascii	"\311[uu9S\220\014\007\274\2065\026R\325\363\002?\253"
 155      3953900C 
 155      07BC8635 
 155      1652D5F3 
 155      023FAB
 156 0194 C1CF26F0 		.ascii	"\301\317&\360s\002\337\335>M\265\206\371Y\222\216\347"
 156      7302DFDD 
 156      3E4DB586 
 156      F959928E 
 156      E7
 157 01a5 85E3CAB8 		.ascii	"\205\343\312\270\341\350\223\215e=m\021Z\007\301\235"
 157      E1E8938D 
 157      653D6D11 
 157      5A07C19D 
 158 01b5 4F20B476 		.ascii	"O \264v\276}UB\355\354@U\251\000\300\202Fm!\241\346"
 158      BE7D5542 
 158      EDEC4055 
 158      A900C082 
 158      466D21A1 
 159 01ca 136A1DF7 		.ascii	"\023j\035\367\203\021\211\366\202\240X\331s{\245\230"
 159      831189F6 
 159      82A058D9 
 159      737BA598 
 160 01da DDC1D184 		.ascii	"\335\301\321\204]N\260\250!XL\020\370\005\001{tw$\235"
 160      5D4EB0A8 
 160      21584C10 
 160      F805017B 
 160      7477249D 
 161 01ee 8EC508E6 		.ascii	"\216\305\010\346\177\272\374\2312\376\325\266c\374U"
 161      7FBAFC99 
 161      32FED5B6 
 161      63FC55
 162 01fd DC83AD77 		.ascii	"\334\203\255w\256\355\214\330\036\244\"\226\217\334"
 162      AEED8CD8 
 162      1EA42296 
 162      8FDC
 163 020b 83FECFF9 		.ascii	"\203\376\317\371|\017\226p.\201\344\036\004!\271\010"
 163      7C0F9670 
 163      2E81E41E 
 163      0421B908 
 164 021b DD5F0636 		.ascii	"\335_\0066\215F\027_.\234a\306Z\226hN\016q\005\214\342"
 164      8D46175F 
 164      2E9C61C6 
 164      5A96684E 
 164      0E71058C 
 165 0230 0478DFD7 		.ascii	"\004x\337\327\321\360x\370\243\014f\331\354\301-\376"
 165      D1F078F8 
 165      A30C66D9 
ARM GAS  C:\Users\Bruger\AppData\Local\Temp\ccbiSXMf.s 			page 12


 165      ECC12DFE 
 166 0240 750A42C8 		.ascii	"u\012B\310\324\305\347\037me\324\223\225pD\304\007\002"
 166      D4C5E71F 
 166      6D65D493 
 166      957044C4 
 166      0702
 167 0252 61A45945 		.ascii	"a\244YE\032\336\035\332S\325\0265\026\275i\242A\\\364"
 167      1ADE1DDA 
 167      53D51635 
 167      16BD69A2 
 167      415CF4
 168 0265 4DF50DCE 		.ascii	"M\365\015\316bC\351\225\012K\0119]\2524(\016\273S\251"
 168      6243E995 
 168      0A4B0939 
 168      5DAA3428 
 168      0EBB53A9 
 169 0279 ADB63536 		.ascii	"\255\266569j\224\2522[c\311\271\252\232fg\363M\345V"
 169      396A94AA 
 169      325B63C9 
 169      B9AA9A66 
 169      67F34DE5 
 170 028e D1759253 		.ascii	"\321u\222Sa\273Xq\241\374j\265\365F\3655G\275S\311?"
 170      61BB5871 
 170      A1FC6AB5 
 170      F546F535 
 170      47BD53C9 
 171 02a3 0292EC2B 		.ascii	"\002\222\354+\252!\271\032\224MqZ\035\365\267\225\313"
 171      AA21B91A 
 171      944D715A 
 171      1DF5B795 
 171      CB
 172 02b4 8DB54AB6 		.ascii	"\215\265J\266\346}\271b\2575\245\324V\273\323^\256\324"
 172      E67DB962 
 172      AF35A5D4 
 172      56BBD35E 
 172      AED4
 173 02c6 490EA5AE 		.ascii	"I\016\245\256\370/\012\317N\230"
 173      F82F0ACF 
 173      4E98
 174              		.text
 175              		.section	.gnu.lto_.symtab.24c0ae32,"",%progbits
 176 0000 55534255 		.ascii	"USBUART_Dm_Write\000\000\000\000\000\000\000\000\000"
 176      4152545F 
 176      446D5F57 
 176      72697465 
 176      00000000 
 177 0019 000000B2 		.ascii	"\000\000\000\262\000\000\000USBUART_Dm_SetDriveMode"
 177      00000055 
 177      53425541 
 177      52545F44 
 177      6D5F5365 
 178 0037 00000000 		.ascii	"\000\000\000\000\000\000\000\000\000\000\000\000\264"
 178      00000000 
 178      00000000 
 178      B4
 179 0044 00000055 		.ascii	"\000\000\000USBUART_Dm_Read\000\000\000\000\000\000"
 179      53425541 
ARM GAS  C:\Users\Bruger\AppData\Local\Temp\ccbiSXMf.s 			page 13


 179      52545F44 
 179      6D5F5265 
 179      61640000 
 180 005c 00000000 		.ascii	"\000\000\000\000\000\000\267\000\000\000USBUART_Dm_"
 180      0000B700 
 180      00005553 
 180      42554152 
 180      545F446D 
 181 0071 52656164 		.ascii	"ReadDataReg\000\000\000\000\000\000\000\000\000\000"
 181      44617461 
 181      52656700 
 181      00000000 
 181      00000000 
 182 0086 0000B900 		.ascii	"\000\000\271\000\000\000"
 182      0000
 183              		.text
 184              		.section	.gnu.lto_.opts,"",%progbits
 185 0000 272D666E 		.ascii	"'-fno-trapv' '-mcpu=cortex-m3' '-mthumb' '-g' '-O3'"
 185      6F2D7472 
 185      61707627 
 185      20272D6D 
 185      6370753D 
 186 0033 20272D66 		.ascii	" '-ffunction-sections' '-finline-functions' '-flto'"
 186      66756E63 
 186      74696F6E 
 186      2D736563 
 186      74696F6E 
 187 0066 20272D66 		.ascii	" '-ffat-lto-objects'\000"
 187      6661742D 
 187      6C746F2D 
 187      6F626A65 
 187      63747327 
 188              		.text
 189              		.cfi_sections	.debug_frame
 190              		.section	.text.USBUART_Dm_Write,"ax",%progbits
 191              		.align	2
 192              		.global	USBUART_Dm_Write
 193              		.thumb
 194              		.thumb_func
 195              		.type	USBUART_Dm_Write, %function
 196              	USBUART_Dm_Write:
 197              	.LFB0:
 198              		.file 1 "Generated_Source\\PSoC5\\USBUART_Dm.c"
   1:Generated_Source\PSoC5/USBUART_Dm.c **** /*******************************************************************************
   2:Generated_Source\PSoC5/USBUART_Dm.c **** * File Name: USBUART_Dm.c  
   3:Generated_Source\PSoC5/USBUART_Dm.c **** * Version 2.20
   4:Generated_Source\PSoC5/USBUART_Dm.c **** *
   5:Generated_Source\PSoC5/USBUART_Dm.c **** * Description:
   6:Generated_Source\PSoC5/USBUART_Dm.c **** *  This file contains API to enable firmware control of a Pins component.
   7:Generated_Source\PSoC5/USBUART_Dm.c **** *
   8:Generated_Source\PSoC5/USBUART_Dm.c **** * Note:
   9:Generated_Source\PSoC5/USBUART_Dm.c **** *
  10:Generated_Source\PSoC5/USBUART_Dm.c **** ********************************************************************************
  11:Generated_Source\PSoC5/USBUART_Dm.c **** * Copyright 2008-2015, Cypress Semiconductor Corporation.  All rights reserved.
  12:Generated_Source\PSoC5/USBUART_Dm.c **** * You may use this file only in accordance with the license, terms, conditions, 
  13:Generated_Source\PSoC5/USBUART_Dm.c **** * disclaimers, and limitations in the end user license agreement accompanying 
  14:Generated_Source\PSoC5/USBUART_Dm.c **** * the software package with which this file was provided.
ARM GAS  C:\Users\Bruger\AppData\Local\Temp\ccbiSXMf.s 			page 14


  15:Generated_Source\PSoC5/USBUART_Dm.c **** *******************************************************************************/
  16:Generated_Source\PSoC5/USBUART_Dm.c **** 
  17:Generated_Source\PSoC5/USBUART_Dm.c **** #include "cytypes.h"
  18:Generated_Source\PSoC5/USBUART_Dm.c **** #include "USBUART_Dm.h"
  19:Generated_Source\PSoC5/USBUART_Dm.c **** 
  20:Generated_Source\PSoC5/USBUART_Dm.c **** /* APIs are not generated for P15[7:6] on PSoC 5 */
  21:Generated_Source\PSoC5/USBUART_Dm.c **** #if !(CY_PSOC5A &&\
  22:Generated_Source\PSoC5/USBUART_Dm.c **** 	 USBUART_Dm__PORT == 15 && ((USBUART_Dm__MASK & 0xC0) != 0))
  23:Generated_Source\PSoC5/USBUART_Dm.c **** 
  24:Generated_Source\PSoC5/USBUART_Dm.c **** 
  25:Generated_Source\PSoC5/USBUART_Dm.c **** /*******************************************************************************
  26:Generated_Source\PSoC5/USBUART_Dm.c **** * Function Name: USBUART_Dm_Write
  27:Generated_Source\PSoC5/USBUART_Dm.c **** ****************************************************************************//**
  28:Generated_Source\PSoC5/USBUART_Dm.c **** *
  29:Generated_Source\PSoC5/USBUART_Dm.c **** * \brief Writes the value to the physical port (data output register), masking
  30:Generated_Source\PSoC5/USBUART_Dm.c **** *  and shifting the bits appropriately. 
  31:Generated_Source\PSoC5/USBUART_Dm.c **** *
  32:Generated_Source\PSoC5/USBUART_Dm.c **** * The data output register controls the signal applied to the physical pin in 
  33:Generated_Source\PSoC5/USBUART_Dm.c **** * conjunction with the drive mode parameter. This function avoids changing 
  34:Generated_Source\PSoC5/USBUART_Dm.c **** * other bits in the port by using the appropriate method (read-modify-write or
  35:Generated_Source\PSoC5/USBUART_Dm.c **** * bit banding).
  36:Generated_Source\PSoC5/USBUART_Dm.c **** *
  37:Generated_Source\PSoC5/USBUART_Dm.c **** * <b>Note</b> This function should not be used on a hardware digital output pin 
  38:Generated_Source\PSoC5/USBUART_Dm.c **** * as it is driven by the hardware signal attached to it.
  39:Generated_Source\PSoC5/USBUART_Dm.c **** *
  40:Generated_Source\PSoC5/USBUART_Dm.c **** * \param value
  41:Generated_Source\PSoC5/USBUART_Dm.c **** *  Value to write to the component instance.
  42:Generated_Source\PSoC5/USBUART_Dm.c **** *
  43:Generated_Source\PSoC5/USBUART_Dm.c **** * \return 
  44:Generated_Source\PSoC5/USBUART_Dm.c **** *  None 
  45:Generated_Source\PSoC5/USBUART_Dm.c **** *
  46:Generated_Source\PSoC5/USBUART_Dm.c **** * \sideeffect
  47:Generated_Source\PSoC5/USBUART_Dm.c **** *  If you use read-modify-write operations that are not atomic; the Interrupt 
  48:Generated_Source\PSoC5/USBUART_Dm.c **** *  Service Routines (ISR) can cause corruption of this function. An ISR that 
  49:Generated_Source\PSoC5/USBUART_Dm.c **** *  interrupts this function and performs writes to the Pins component data 
  50:Generated_Source\PSoC5/USBUART_Dm.c **** *  register can cause corrupted port data. To avoid this issue, you should 
  51:Generated_Source\PSoC5/USBUART_Dm.c **** *  either use the Per-Pin APIs (primary method) or disable interrupts around 
  52:Generated_Source\PSoC5/USBUART_Dm.c **** *  this function.
  53:Generated_Source\PSoC5/USBUART_Dm.c **** *
  54:Generated_Source\PSoC5/USBUART_Dm.c **** * \funcusage
  55:Generated_Source\PSoC5/USBUART_Dm.c **** *  \snippet USBUART_Dm_SUT.c usage_USBUART_Dm_Write
  56:Generated_Source\PSoC5/USBUART_Dm.c **** *******************************************************************************/
  57:Generated_Source\PSoC5/USBUART_Dm.c **** void USBUART_Dm_Write(uint8 value)
  58:Generated_Source\PSoC5/USBUART_Dm.c **** {
 199              		.loc 1 58 0
 200              		.cfi_startproc
 201              		@ args = 0, pretend = 0, frame = 0
 202              		@ frame_needed = 0, uses_anonymous_args = 0
 203              		@ link register save eliminated.
 204              	.LVL0:
  59:Generated_Source\PSoC5/USBUART_Dm.c ****     uint8 staticBits = (USBUART_Dm_DR & (uint8)(~USBUART_Dm_MASK));
 205              		.loc 1 59 0
 206 0000 044A     		ldr	r2, .L2
 207 0002 1378     		ldrb	r3, [r2]	@ zero_extendqisi2
 208              	.LVL1:
 209 0004 03F07F03 		and	r3, r3, #127
 210              	.LVL2:
ARM GAS  C:\Users\Bruger\AppData\Local\Temp\ccbiSXMf.s 			page 15


  60:Generated_Source\PSoC5/USBUART_Dm.c ****     USBUART_Dm_DR = staticBits | ((uint8)(value << USBUART_Dm_SHIFT) & USBUART_Dm_MASK);
 211              		.loc 1 60 0
 212 0008 43EAC010 		orr	r0, r3, r0, lsl #7
 213              	.LVL3:
 214 000c C0B2     		uxtb	r0, r0
 215 000e 1070     		strb	r0, [r2]
 216 0010 7047     		bx	lr
 217              	.L3:
 218 0012 00BF     		.align	2
 219              	.L2:
 220 0014 F0510040 		.word	1073762800
 221              		.cfi_endproc
 222              	.LFE0:
 223              		.size	USBUART_Dm_Write, .-USBUART_Dm_Write
 224              		.section	.text.USBUART_Dm_SetDriveMode,"ax",%progbits
 225              		.align	2
 226              		.global	USBUART_Dm_SetDriveMode
 227              		.thumb
 228              		.thumb_func
 229              		.type	USBUART_Dm_SetDriveMode, %function
 230              	USBUART_Dm_SetDriveMode:
 231              	.LFB1:
  61:Generated_Source\PSoC5/USBUART_Dm.c **** }
  62:Generated_Source\PSoC5/USBUART_Dm.c **** 
  63:Generated_Source\PSoC5/USBUART_Dm.c **** 
  64:Generated_Source\PSoC5/USBUART_Dm.c **** /*******************************************************************************
  65:Generated_Source\PSoC5/USBUART_Dm.c **** * Function Name: USBUART_Dm_SetDriveMode
  66:Generated_Source\PSoC5/USBUART_Dm.c **** ****************************************************************************//**
  67:Generated_Source\PSoC5/USBUART_Dm.c **** *
  68:Generated_Source\PSoC5/USBUART_Dm.c **** * \brief Sets the drive mode for each of the Pins component's pins.
  69:Generated_Source\PSoC5/USBUART_Dm.c **** * 
  70:Generated_Source\PSoC5/USBUART_Dm.c **** * <b>Note</b> This affects all pins in the Pins component instance. Use the
  71:Generated_Source\PSoC5/USBUART_Dm.c **** * Per-Pin APIs if you wish to control individual pin's drive modes.
  72:Generated_Source\PSoC5/USBUART_Dm.c **** *
  73:Generated_Source\PSoC5/USBUART_Dm.c **** * \param mode
  74:Generated_Source\PSoC5/USBUART_Dm.c **** *  Mode for the selected signals. Valid options are documented in 
  75:Generated_Source\PSoC5/USBUART_Dm.c **** *  \ref driveMode.
  76:Generated_Source\PSoC5/USBUART_Dm.c **** *
  77:Generated_Source\PSoC5/USBUART_Dm.c **** * \return
  78:Generated_Source\PSoC5/USBUART_Dm.c **** *  None
  79:Generated_Source\PSoC5/USBUART_Dm.c **** *
  80:Generated_Source\PSoC5/USBUART_Dm.c **** * \sideeffect
  81:Generated_Source\PSoC5/USBUART_Dm.c **** *  If you use read-modify-write operations that are not atomic, the ISR can
  82:Generated_Source\PSoC5/USBUART_Dm.c **** *  cause corruption of this function. An ISR that interrupts this function 
  83:Generated_Source\PSoC5/USBUART_Dm.c **** *  and performs writes to the Pins component Drive Mode registers can cause 
  84:Generated_Source\PSoC5/USBUART_Dm.c **** *  corrupted port data. To avoid this issue, you should either use the Per-Pin
  85:Generated_Source\PSoC5/USBUART_Dm.c **** *  APIs (primary method) or disable interrupts around this function.
  86:Generated_Source\PSoC5/USBUART_Dm.c **** *
  87:Generated_Source\PSoC5/USBUART_Dm.c **** * \funcusage
  88:Generated_Source\PSoC5/USBUART_Dm.c **** *  \snippet USBUART_Dm_SUT.c usage_USBUART_Dm_SetDriveMode
  89:Generated_Source\PSoC5/USBUART_Dm.c **** *******************************************************************************/
  90:Generated_Source\PSoC5/USBUART_Dm.c **** void USBUART_Dm_SetDriveMode(uint8 mode)
  91:Generated_Source\PSoC5/USBUART_Dm.c **** {
 232              		.loc 1 91 0
 233              		.cfi_startproc
 234              		@ args = 0, pretend = 0, frame = 0
 235              		@ frame_needed = 0, uses_anonymous_args = 0
ARM GAS  C:\Users\Bruger\AppData\Local\Temp\ccbiSXMf.s 			page 16


 236              		@ link register save eliminated.
 237              	.LVL4:
  92:Generated_Source\PSoC5/USBUART_Dm.c **** 	CyPins_SetPinDriveMode(USBUART_Dm_0, mode);
 238              		.loc 1 92 0
 239 0000 044A     		ldr	r2, .L5
 240 0002 00F00E00 		and	r0, r0, #14
 241              	.LVL5:
 242 0006 1378     		ldrb	r3, [r2]	@ zero_extendqisi2
 243 0008 03F0F103 		and	r3, r3, #241
 244 000c 1843     		orrs	r0, r0, r3
 245 000e 1070     		strb	r0, [r2]
 246 0010 7047     		bx	lr
 247              	.L6:
 248 0012 00BF     		.align	2
 249              	.L5:
 250 0014 7F500040 		.word	1073762431
 251              		.cfi_endproc
 252              	.LFE1:
 253              		.size	USBUART_Dm_SetDriveMode, .-USBUART_Dm_SetDriveMode
 254              		.section	.text.USBUART_Dm_Read,"ax",%progbits
 255              		.align	2
 256              		.global	USBUART_Dm_Read
 257              		.thumb
 258              		.thumb_func
 259              		.type	USBUART_Dm_Read, %function
 260              	USBUART_Dm_Read:
 261              	.LFB2:
  93:Generated_Source\PSoC5/USBUART_Dm.c **** }
  94:Generated_Source\PSoC5/USBUART_Dm.c **** 
  95:Generated_Source\PSoC5/USBUART_Dm.c **** 
  96:Generated_Source\PSoC5/USBUART_Dm.c **** /*******************************************************************************
  97:Generated_Source\PSoC5/USBUART_Dm.c **** * Function Name: USBUART_Dm_Read
  98:Generated_Source\PSoC5/USBUART_Dm.c **** ****************************************************************************//**
  99:Generated_Source\PSoC5/USBUART_Dm.c **** *
 100:Generated_Source\PSoC5/USBUART_Dm.c **** * \brief Reads the associated physical port (pin status register) and masks 
 101:Generated_Source\PSoC5/USBUART_Dm.c **** *  the required bits according to the width and bit position of the component
 102:Generated_Source\PSoC5/USBUART_Dm.c **** *  instance. 
 103:Generated_Source\PSoC5/USBUART_Dm.c **** *
 104:Generated_Source\PSoC5/USBUART_Dm.c **** * The pin's status register returns the current logic level present on the 
 105:Generated_Source\PSoC5/USBUART_Dm.c **** * physical pin.
 106:Generated_Source\PSoC5/USBUART_Dm.c **** *
 107:Generated_Source\PSoC5/USBUART_Dm.c **** * \return 
 108:Generated_Source\PSoC5/USBUART_Dm.c **** *  The current value for the pins in the component as a right justified number.
 109:Generated_Source\PSoC5/USBUART_Dm.c **** *
 110:Generated_Source\PSoC5/USBUART_Dm.c **** * \funcusage
 111:Generated_Source\PSoC5/USBUART_Dm.c **** *  \snippet USBUART_Dm_SUT.c usage_USBUART_Dm_Read  
 112:Generated_Source\PSoC5/USBUART_Dm.c **** *******************************************************************************/
 113:Generated_Source\PSoC5/USBUART_Dm.c **** uint8 USBUART_Dm_Read(void)
 114:Generated_Source\PSoC5/USBUART_Dm.c **** {
 262              		.loc 1 114 0
 263              		.cfi_startproc
 264              		@ args = 0, pretend = 0, frame = 0
 265              		@ frame_needed = 0, uses_anonymous_args = 0
 266              		@ link register save eliminated.
 115:Generated_Source\PSoC5/USBUART_Dm.c ****     return (USBUART_Dm_PS & USBUART_Dm_MASK) >> USBUART_Dm_SHIFT;
 267              		.loc 1 115 0
 268 0000 014B     		ldr	r3, .L8
ARM GAS  C:\Users\Bruger\AppData\Local\Temp\ccbiSXMf.s 			page 17


 269 0002 1878     		ldrb	r0, [r3]	@ zero_extendqisi2
 116:Generated_Source\PSoC5/USBUART_Dm.c **** }
 270              		.loc 1 116 0
 271 0004 C009     		lsrs	r0, r0, #7
 272 0006 7047     		bx	lr
 273              	.L9:
 274              		.align	2
 275              	.L8:
 276 0008 F1510040 		.word	1073762801
 277              		.cfi_endproc
 278              	.LFE2:
 279              		.size	USBUART_Dm_Read, .-USBUART_Dm_Read
 280              		.section	.text.USBUART_Dm_ReadDataReg,"ax",%progbits
 281              		.align	2
 282              		.global	USBUART_Dm_ReadDataReg
 283              		.thumb
 284              		.thumb_func
 285              		.type	USBUART_Dm_ReadDataReg, %function
 286              	USBUART_Dm_ReadDataReg:
 287              	.LFB3:
 117:Generated_Source\PSoC5/USBUART_Dm.c **** 
 118:Generated_Source\PSoC5/USBUART_Dm.c **** 
 119:Generated_Source\PSoC5/USBUART_Dm.c **** /*******************************************************************************
 120:Generated_Source\PSoC5/USBUART_Dm.c **** * Function Name: USBUART_Dm_ReadDataReg
 121:Generated_Source\PSoC5/USBUART_Dm.c **** ****************************************************************************//**
 122:Generated_Source\PSoC5/USBUART_Dm.c **** *
 123:Generated_Source\PSoC5/USBUART_Dm.c **** * \brief Reads the associated physical port's data output register and masks 
 124:Generated_Source\PSoC5/USBUART_Dm.c **** *  the correct bits according to the width and bit position of the component 
 125:Generated_Source\PSoC5/USBUART_Dm.c **** *  instance. 
 126:Generated_Source\PSoC5/USBUART_Dm.c **** *
 127:Generated_Source\PSoC5/USBUART_Dm.c **** * The data output register controls the signal applied to the physical pin in 
 128:Generated_Source\PSoC5/USBUART_Dm.c **** * conjunction with the drive mode parameter. This is not the same as the 
 129:Generated_Source\PSoC5/USBUART_Dm.c **** * preferred USBUART_Dm_Read() API because the 
 130:Generated_Source\PSoC5/USBUART_Dm.c **** * USBUART_Dm_ReadDataReg() reads the data register instead of the status 
 131:Generated_Source\PSoC5/USBUART_Dm.c **** * register. For output pins this is a useful function to determine the value 
 132:Generated_Source\PSoC5/USBUART_Dm.c **** * just written to the pin.
 133:Generated_Source\PSoC5/USBUART_Dm.c **** *
 134:Generated_Source\PSoC5/USBUART_Dm.c **** * \return 
 135:Generated_Source\PSoC5/USBUART_Dm.c **** *  The current value of the data register masked and shifted into a right 
 136:Generated_Source\PSoC5/USBUART_Dm.c **** *  justified number for the component instance.
 137:Generated_Source\PSoC5/USBUART_Dm.c **** *
 138:Generated_Source\PSoC5/USBUART_Dm.c **** * \funcusage
 139:Generated_Source\PSoC5/USBUART_Dm.c **** *  \snippet USBUART_Dm_SUT.c usage_USBUART_Dm_ReadDataReg 
 140:Generated_Source\PSoC5/USBUART_Dm.c **** *******************************************************************************/
 141:Generated_Source\PSoC5/USBUART_Dm.c **** uint8 USBUART_Dm_ReadDataReg(void)
 142:Generated_Source\PSoC5/USBUART_Dm.c **** {
 288              		.loc 1 142 0
 289              		.cfi_startproc
 290              		@ args = 0, pretend = 0, frame = 0
 291              		@ frame_needed = 0, uses_anonymous_args = 0
 292              		@ link register save eliminated.
 143:Generated_Source\PSoC5/USBUART_Dm.c ****     return (USBUART_Dm_DR & USBUART_Dm_MASK) >> USBUART_Dm_SHIFT;
 293              		.loc 1 143 0
 294 0000 014B     		ldr	r3, .L11
 295 0002 1878     		ldrb	r0, [r3]	@ zero_extendqisi2
 144:Generated_Source\PSoC5/USBUART_Dm.c **** }
 296              		.loc 1 144 0
ARM GAS  C:\Users\Bruger\AppData\Local\Temp\ccbiSXMf.s 			page 18


 297 0004 C009     		lsrs	r0, r0, #7
 298 0006 7047     		bx	lr
 299              	.L12:
 300              		.align	2
 301              	.L11:
 302 0008 F0510040 		.word	1073762800
 303              		.cfi_endproc
 304              	.LFE3:
 305              		.size	USBUART_Dm_ReadDataReg, .-USBUART_Dm_ReadDataReg
 306              		.text
 307              	.Letext0:
 308              		.file 2 "Generated_Source\\PSoC5\\cytypes.h"
 309              		.section	.debug_info,"",%progbits
 310              	.Ldebug_info0:
 311 0000 1D010000 		.4byte	0x11d
 312 0004 0400     		.2byte	0x4
 313 0006 00000000 		.4byte	.Ldebug_abbrev0
 314 000a 04       		.byte	0x4
 315 000b 01       		.uleb128 0x1
 316 000c CD000000 		.4byte	.LASF20
 317 0010 01       		.byte	0x1
 318 0011 13020000 		.4byte	.LASF21
 319 0015 A2010000 		.4byte	.LASF22
 320 0019 00000000 		.4byte	.Ldebug_ranges0+0
 321 001d 00000000 		.4byte	0
 322 0021 00000000 		.4byte	.Ldebug_line0
 323 0025 02       		.uleb128 0x2
 324 0026 01       		.byte	0x1
 325 0027 06       		.byte	0x6
 326 0028 07020000 		.4byte	.LASF0
 327 002c 02       		.uleb128 0x2
 328 002d 01       		.byte	0x1
 329 002e 08       		.byte	0x8
 330 002f 2E000000 		.4byte	.LASF1
 331 0033 02       		.uleb128 0x2
 332 0034 02       		.byte	0x2
 333 0035 05       		.byte	0x5
 334 0036 79010000 		.4byte	.LASF2
 335 003a 02       		.uleb128 0x2
 336 003b 02       		.byte	0x2
 337 003c 07       		.byte	0x7
 338 003d 53000000 		.4byte	.LASF3
 339 0041 02       		.uleb128 0x2
 340 0042 04       		.byte	0x4
 341 0043 05       		.byte	0x5
 342 0044 99010000 		.4byte	.LASF4
 343 0048 02       		.uleb128 0x2
 344 0049 04       		.byte	0x4
 345 004a 07       		.byte	0x7
 346 004b 41000000 		.4byte	.LASF5
 347 004f 02       		.uleb128 0x2
 348 0050 08       		.byte	0x8
 349 0051 05       		.byte	0x5
 350 0052 BF000000 		.4byte	.LASF6
 351 0056 02       		.uleb128 0x2
 352 0057 08       		.byte	0x8
 353 0058 07       		.byte	0x7
ARM GAS  C:\Users\Bruger\AppData\Local\Temp\ccbiSXMf.s 			page 19


 354 0059 A3000000 		.4byte	.LASF7
 355 005d 03       		.uleb128 0x3
 356 005e 04       		.byte	0x4
 357 005f 05       		.byte	0x5
 358 0060 696E7400 		.ascii	"int\000"
 359 0064 02       		.uleb128 0x2
 360 0065 04       		.byte	0x4
 361 0066 07       		.byte	0x7
 362 0067 7E000000 		.4byte	.LASF8
 363 006b 04       		.uleb128 0x4
 364 006c 83010000 		.4byte	.LASF12
 365 0070 02       		.byte	0x2
 366 0071 3801     		.2byte	0x138
 367 0073 2C000000 		.4byte	0x2c
 368 0077 02       		.uleb128 0x2
 369 0078 04       		.byte	0x4
 370 0079 04       		.byte	0x4
 371 007a 28000000 		.4byte	.LASF9
 372 007e 02       		.uleb128 0x2
 373 007f 08       		.byte	0x8
 374 0080 04       		.byte	0x4
 375 0081 66000000 		.4byte	.LASF10
 376 0085 02       		.uleb128 0x2
 377 0086 01       		.byte	0x1
 378 0087 08       		.byte	0x8
 379 0088 74010000 		.4byte	.LASF11
 380 008c 04       		.uleb128 0x4
 381 008d 3C000000 		.4byte	.LASF13
 382 0091 02       		.byte	0x2
 383 0092 E201     		.2byte	0x1e2
 384 0094 98000000 		.4byte	0x98
 385 0098 05       		.uleb128 0x5
 386 0099 6B000000 		.4byte	0x6b
 387 009d 06       		.uleb128 0x6
 388 009e 6D000000 		.4byte	.LASF14
 389 00a2 01       		.byte	0x1
 390 00a3 39       		.byte	0x39
 391 00a4 00000000 		.4byte	.LFB0
 392 00a8 18000000 		.4byte	.LFE0-.LFB0
 393 00ac 01       		.uleb128 0x1
 394 00ad 9C       		.byte	0x9c
 395 00ae D1000000 		.4byte	0xd1
 396 00b2 07       		.uleb128 0x7
 397 00b3 17000000 		.4byte	.LASF16
 398 00b7 01       		.byte	0x1
 399 00b8 39       		.byte	0x39
 400 00b9 6B000000 		.4byte	0x6b
 401 00bd 00000000 		.4byte	.LLST0
 402 00c1 08       		.uleb128 0x8
 403 00c2 1D000000 		.4byte	.LASF23
 404 00c6 01       		.byte	0x1
 405 00c7 3B       		.byte	0x3b
 406 00c8 6B000000 		.4byte	0x6b
 407 00cc 21000000 		.4byte	.LLST1
 408 00d0 00       		.byte	0
 409 00d1 06       		.uleb128 0x6
 410 00d2 8B000000 		.4byte	.LASF15
ARM GAS  C:\Users\Bruger\AppData\Local\Temp\ccbiSXMf.s 			page 20


 411 00d6 01       		.byte	0x1
 412 00d7 5A       		.byte	0x5a
 413 00d8 00000000 		.4byte	.LFB1
 414 00dc 18000000 		.4byte	.LFE1-.LFB1
 415 00e0 01       		.uleb128 0x1
 416 00e1 9C       		.byte	0x9c
 417 00e2 F6000000 		.4byte	0xf6
 418 00e6 07       		.uleb128 0x7
 419 00e7 BA000000 		.4byte	.LASF17
 420 00eb 01       		.byte	0x1
 421 00ec 5A       		.byte	0x5a
 422 00ed 6B000000 		.4byte	0x6b
 423 00f1 39000000 		.4byte	.LLST2
 424 00f5 00       		.byte	0
 425 00f6 09       		.uleb128 0x9
 426 00f7 89010000 		.4byte	.LASF18
 427 00fb 01       		.byte	0x1
 428 00fc 71       		.byte	0x71
 429 00fd 6B000000 		.4byte	0x6b
 430 0101 00000000 		.4byte	.LFB2
 431 0105 0C000000 		.4byte	.LFE2-.LFB2
 432 0109 01       		.uleb128 0x1
 433 010a 9C       		.byte	0x9c
 434 010b 09       		.uleb128 0x9
 435 010c 00000000 		.4byte	.LASF19
 436 0110 01       		.byte	0x1
 437 0111 8D       		.byte	0x8d
 438 0112 6B000000 		.4byte	0x6b
 439 0116 00000000 		.4byte	.LFB3
 440 011a 0C000000 		.4byte	.LFE3-.LFB3
 441 011e 01       		.uleb128 0x1
 442 011f 9C       		.byte	0x9c
 443 0120 00       		.byte	0
 444              		.section	.debug_abbrev,"",%progbits
 445              	.Ldebug_abbrev0:
 446 0000 01       		.uleb128 0x1
 447 0001 11       		.uleb128 0x11
 448 0002 01       		.byte	0x1
 449 0003 25       		.uleb128 0x25
 450 0004 0E       		.uleb128 0xe
 451 0005 13       		.uleb128 0x13
 452 0006 0B       		.uleb128 0xb
 453 0007 03       		.uleb128 0x3
 454 0008 0E       		.uleb128 0xe
 455 0009 1B       		.uleb128 0x1b
 456 000a 0E       		.uleb128 0xe
 457 000b 55       		.uleb128 0x55
 458 000c 17       		.uleb128 0x17
 459 000d 11       		.uleb128 0x11
 460 000e 01       		.uleb128 0x1
 461 000f 10       		.uleb128 0x10
 462 0010 17       		.uleb128 0x17
 463 0011 00       		.byte	0
 464 0012 00       		.byte	0
 465 0013 02       		.uleb128 0x2
 466 0014 24       		.uleb128 0x24
 467 0015 00       		.byte	0
ARM GAS  C:\Users\Bruger\AppData\Local\Temp\ccbiSXMf.s 			page 21


 468 0016 0B       		.uleb128 0xb
 469 0017 0B       		.uleb128 0xb
 470 0018 3E       		.uleb128 0x3e
 471 0019 0B       		.uleb128 0xb
 472 001a 03       		.uleb128 0x3
 473 001b 0E       		.uleb128 0xe
 474 001c 00       		.byte	0
 475 001d 00       		.byte	0
 476 001e 03       		.uleb128 0x3
 477 001f 24       		.uleb128 0x24
 478 0020 00       		.byte	0
 479 0021 0B       		.uleb128 0xb
 480 0022 0B       		.uleb128 0xb
 481 0023 3E       		.uleb128 0x3e
 482 0024 0B       		.uleb128 0xb
 483 0025 03       		.uleb128 0x3
 484 0026 08       		.uleb128 0x8
 485 0027 00       		.byte	0
 486 0028 00       		.byte	0
 487 0029 04       		.uleb128 0x4
 488 002a 16       		.uleb128 0x16
 489 002b 00       		.byte	0
 490 002c 03       		.uleb128 0x3
 491 002d 0E       		.uleb128 0xe
 492 002e 3A       		.uleb128 0x3a
 493 002f 0B       		.uleb128 0xb
 494 0030 3B       		.uleb128 0x3b
 495 0031 05       		.uleb128 0x5
 496 0032 49       		.uleb128 0x49
 497 0033 13       		.uleb128 0x13
 498 0034 00       		.byte	0
 499 0035 00       		.byte	0
 500 0036 05       		.uleb128 0x5
 501 0037 35       		.uleb128 0x35
 502 0038 00       		.byte	0
 503 0039 49       		.uleb128 0x49
 504 003a 13       		.uleb128 0x13
 505 003b 00       		.byte	0
 506 003c 00       		.byte	0
 507 003d 06       		.uleb128 0x6
 508 003e 2E       		.uleb128 0x2e
 509 003f 01       		.byte	0x1
 510 0040 3F       		.uleb128 0x3f
 511 0041 19       		.uleb128 0x19
 512 0042 03       		.uleb128 0x3
 513 0043 0E       		.uleb128 0xe
 514 0044 3A       		.uleb128 0x3a
 515 0045 0B       		.uleb128 0xb
 516 0046 3B       		.uleb128 0x3b
 517 0047 0B       		.uleb128 0xb
 518 0048 27       		.uleb128 0x27
 519 0049 19       		.uleb128 0x19
 520 004a 11       		.uleb128 0x11
 521 004b 01       		.uleb128 0x1
 522 004c 12       		.uleb128 0x12
 523 004d 06       		.uleb128 0x6
 524 004e 40       		.uleb128 0x40
ARM GAS  C:\Users\Bruger\AppData\Local\Temp\ccbiSXMf.s 			page 22


 525 004f 18       		.uleb128 0x18
 526 0050 9742     		.uleb128 0x2117
 527 0052 19       		.uleb128 0x19
 528 0053 01       		.uleb128 0x1
 529 0054 13       		.uleb128 0x13
 530 0055 00       		.byte	0
 531 0056 00       		.byte	0
 532 0057 07       		.uleb128 0x7
 533 0058 05       		.uleb128 0x5
 534 0059 00       		.byte	0
 535 005a 03       		.uleb128 0x3
 536 005b 0E       		.uleb128 0xe
 537 005c 3A       		.uleb128 0x3a
 538 005d 0B       		.uleb128 0xb
 539 005e 3B       		.uleb128 0x3b
 540 005f 0B       		.uleb128 0xb
 541 0060 49       		.uleb128 0x49
 542 0061 13       		.uleb128 0x13
 543 0062 02       		.uleb128 0x2
 544 0063 17       		.uleb128 0x17
 545 0064 00       		.byte	0
 546 0065 00       		.byte	0
 547 0066 08       		.uleb128 0x8
 548 0067 34       		.uleb128 0x34
 549 0068 00       		.byte	0
 550 0069 03       		.uleb128 0x3
 551 006a 0E       		.uleb128 0xe
 552 006b 3A       		.uleb128 0x3a
 553 006c 0B       		.uleb128 0xb
 554 006d 3B       		.uleb128 0x3b
 555 006e 0B       		.uleb128 0xb
 556 006f 49       		.uleb128 0x49
 557 0070 13       		.uleb128 0x13
 558 0071 02       		.uleb128 0x2
 559 0072 17       		.uleb128 0x17
 560 0073 00       		.byte	0
 561 0074 00       		.byte	0
 562 0075 09       		.uleb128 0x9
 563 0076 2E       		.uleb128 0x2e
 564 0077 00       		.byte	0
 565 0078 3F       		.uleb128 0x3f
 566 0079 19       		.uleb128 0x19
 567 007a 03       		.uleb128 0x3
 568 007b 0E       		.uleb128 0xe
 569 007c 3A       		.uleb128 0x3a
 570 007d 0B       		.uleb128 0xb
 571 007e 3B       		.uleb128 0x3b
 572 007f 0B       		.uleb128 0xb
 573 0080 27       		.uleb128 0x27
 574 0081 19       		.uleb128 0x19
 575 0082 49       		.uleb128 0x49
 576 0083 13       		.uleb128 0x13
 577 0084 11       		.uleb128 0x11
 578 0085 01       		.uleb128 0x1
 579 0086 12       		.uleb128 0x12
 580 0087 06       		.uleb128 0x6
 581 0088 40       		.uleb128 0x40
ARM GAS  C:\Users\Bruger\AppData\Local\Temp\ccbiSXMf.s 			page 23


 582 0089 18       		.uleb128 0x18
 583 008a 9742     		.uleb128 0x2117
 584 008c 19       		.uleb128 0x19
 585 008d 00       		.byte	0
 586 008e 00       		.byte	0
 587 008f 00       		.byte	0
 588              		.section	.debug_loc,"",%progbits
 589              	.Ldebug_loc0:
 590              	.LLST0:
 591 0000 00000000 		.4byte	.LVL0
 592 0004 0C000000 		.4byte	.LVL3
 593 0008 0100     		.2byte	0x1
 594 000a 50       		.byte	0x50
 595 000b 0C000000 		.4byte	.LVL3
 596 000f 18000000 		.4byte	.LFE0
 597 0013 0400     		.2byte	0x4
 598 0015 F3       		.byte	0xf3
 599 0016 01       		.uleb128 0x1
 600 0017 50       		.byte	0x50
 601 0018 9F       		.byte	0x9f
 602 0019 00000000 		.4byte	0
 603 001d 00000000 		.4byte	0
 604              	.LLST1:
 605 0021 04000000 		.4byte	.LVL1
 606 0025 08000000 		.4byte	.LVL2
 607 0029 0600     		.2byte	0x6
 608 002b 73       		.byte	0x73
 609 002c 00       		.sleb128 0
 610 002d 08       		.byte	0x8
 611 002e 7F       		.byte	0x7f
 612 002f 1A       		.byte	0x1a
 613 0030 9F       		.byte	0x9f
 614 0031 00000000 		.4byte	0
 615 0035 00000000 		.4byte	0
 616              	.LLST2:
 617 0039 00000000 		.4byte	.LVL4
 618 003d 06000000 		.4byte	.LVL5
 619 0041 0100     		.2byte	0x1
 620 0043 50       		.byte	0x50
 621 0044 06000000 		.4byte	.LVL5
 622 0048 18000000 		.4byte	.LFE1
 623 004c 0400     		.2byte	0x4
 624 004e F3       		.byte	0xf3
 625 004f 01       		.uleb128 0x1
 626 0050 50       		.byte	0x50
 627 0051 9F       		.byte	0x9f
 628 0052 00000000 		.4byte	0
 629 0056 00000000 		.4byte	0
 630              		.section	.debug_aranges,"",%progbits
 631 0000 34000000 		.4byte	0x34
 632 0004 0200     		.2byte	0x2
 633 0006 00000000 		.4byte	.Ldebug_info0
 634 000a 04       		.byte	0x4
 635 000b 00       		.byte	0
 636 000c 0000     		.2byte	0
 637 000e 0000     		.2byte	0
 638 0010 00000000 		.4byte	.LFB0
ARM GAS  C:\Users\Bruger\AppData\Local\Temp\ccbiSXMf.s 			page 24


 639 0014 18000000 		.4byte	.LFE0-.LFB0
 640 0018 00000000 		.4byte	.LFB1
 641 001c 18000000 		.4byte	.LFE1-.LFB1
 642 0020 00000000 		.4byte	.LFB2
 643 0024 0C000000 		.4byte	.LFE2-.LFB2
 644 0028 00000000 		.4byte	.LFB3
 645 002c 0C000000 		.4byte	.LFE3-.LFB3
 646 0030 00000000 		.4byte	0
 647 0034 00000000 		.4byte	0
 648              		.section	.debug_ranges,"",%progbits
 649              	.Ldebug_ranges0:
 650 0000 00000000 		.4byte	.LFB0
 651 0004 18000000 		.4byte	.LFE0
 652 0008 00000000 		.4byte	.LFB1
 653 000c 18000000 		.4byte	.LFE1
 654 0010 00000000 		.4byte	.LFB2
 655 0014 0C000000 		.4byte	.LFE2
 656 0018 00000000 		.4byte	.LFB3
 657 001c 0C000000 		.4byte	.LFE3
 658 0020 00000000 		.4byte	0
 659 0024 00000000 		.4byte	0
 660              		.section	.debug_line,"",%progbits
 661              	.Ldebug_line0:
 662 0000 93000000 		.section	.debug_str,"MS",%progbits,1
 662      02004700 
 662      00000201 
 662      FB0E0D00 
 662      01010101 
 663              	.LASF19:
 664 0000 55534255 		.ascii	"USBUART_Dm_ReadDataReg\000"
 664      4152545F 
 664      446D5F52 
 664      65616444 
 664      61746152 
 665              	.LASF16:
 666 0017 76616C75 		.ascii	"value\000"
 666      6500
 667              	.LASF23:
 668 001d 73746174 		.ascii	"staticBits\000"
 668      69634269 
 668      747300
 669              	.LASF9:
 670 0028 666C6F61 		.ascii	"float\000"
 670      7400
 671              	.LASF1:
 672 002e 756E7369 		.ascii	"unsigned char\000"
 672      676E6564 
 672      20636861 
 672      7200
 673              	.LASF13:
 674 003c 72656738 		.ascii	"reg8\000"
 674      00
 675              	.LASF5:
 676 0041 6C6F6E67 		.ascii	"long unsigned int\000"
 676      20756E73 
 676      69676E65 
 676      6420696E 
ARM GAS  C:\Users\Bruger\AppData\Local\Temp\ccbiSXMf.s 			page 25


 676      7400
 677              	.LASF3:
 678 0053 73686F72 		.ascii	"short unsigned int\000"
 678      7420756E 
 678      7369676E 
 678      65642069 
 678      6E7400
 679              	.LASF10:
 680 0066 646F7562 		.ascii	"double\000"
 680      6C6500
 681              	.LASF14:
 682 006d 55534255 		.ascii	"USBUART_Dm_Write\000"
 682      4152545F 
 682      446D5F57 
 682      72697465 
 682      00
 683              	.LASF8:
 684 007e 756E7369 		.ascii	"unsigned int\000"
 684      676E6564 
 684      20696E74 
 684      00
 685              	.LASF15:
 686 008b 55534255 		.ascii	"USBUART_Dm_SetDriveMode\000"
 686      4152545F 
 686      446D5F53 
 686      65744472 
 686      6976654D 
 687              	.LASF7:
 688 00a3 6C6F6E67 		.ascii	"long long unsigned int\000"
 688      206C6F6E 
 688      6720756E 
 688      7369676E 
 688      65642069 
 689              	.LASF17:
 690 00ba 6D6F6465 		.ascii	"mode\000"
 690      00
 691              	.LASF6:
 692 00bf 6C6F6E67 		.ascii	"long long int\000"
 692      206C6F6E 
 692      6720696E 
 692      7400
 693              	.LASF20:
 694 00cd 474E5520 		.ascii	"GNU C 4.9.3 20150303 (release) [ARM/embedded-4_9-br"
 694      4320342E 
 694      392E3320 
 694      32303135 
 694      30333033 
 695 0100 616E6368 		.ascii	"anch revision 221220] -mcpu=cortex-m3 -mthumb -g -O"
 695      20726576 
 695      6973696F 
 695      6E203232 
 695      31323230 
 696 0133 33202D66 		.ascii	"3 -ffunction-sections -finline-functions -flto -ffa"
 696      66756E63 
 696      74696F6E 
 696      2D736563 
 696      74696F6E 
ARM GAS  C:\Users\Bruger\AppData\Local\Temp\ccbiSXMf.s 			page 26


 697 0166 742D6C74 		.ascii	"t-lto-objects\000"
 697      6F2D6F62 
 697      6A656374 
 697      7300
 698              	.LASF11:
 699 0174 63686172 		.ascii	"char\000"
 699      00
 700              	.LASF2:
 701 0179 73686F72 		.ascii	"short int\000"
 701      7420696E 
 701      7400
 702              	.LASF12:
 703 0183 75696E74 		.ascii	"uint8\000"
 703      3800
 704              	.LASF18:
 705 0189 55534255 		.ascii	"USBUART_Dm_Read\000"
 705      4152545F 
 705      446D5F52 
 705      65616400 
 706              	.LASF4:
 707 0199 6C6F6E67 		.ascii	"long int\000"
 707      20696E74 
 707      00
 708              	.LASF22:
 709 01a2 433A5C55 		.ascii	"C:\\Users\\Bruger\\OneDrive\\Skrivebord\\CODE\\PSOC"
 709      73657273 
 709      5C427275 
 709      6765725C 
 709      4F6E6544 
 710 01cf 355C4359 		.ascii	"5\\CY8CKIT-59-Arduino\\CY8CKIT59_Ardudino-Speeduino"
 710      38434B49 
 710      542D3539 
 710      2D417264 
 710      75696E6F 
 711 0200 2E637964 		.ascii	".cydsn\000"
 711      736E00
 712              	.LASF0:
 713 0207 7369676E 		.ascii	"signed char\000"
 713      65642063 
 713      68617200 
 714              	.LASF21:
 715 0213 47656E65 		.ascii	"Generated_Source\\PSoC5\\USBUART_Dm.c\000"
 715      72617465 
 715      645F536F 
 715      75726365 
 715      5C50536F 
 716              		.comm	__gnu_lto_v1,1,1
 717              		.ident	"GCC: (GNU Tools for ARM Embedded Processors) 4.9.3 20150303 (release) [ARM/embedded-4_9-br
