ARM GAS  C:\Users\Bruger\AppData\Local\Temp\cckkrd8h.s 			page 1


   1              		.syntax unified
   2              		.cpu cortex-m3
   3              		.fpu softvfp
   4              		.eabi_attribute 20, 1
   5              		.eabi_attribute 21, 1
   6              		.eabi_attribute 23, 3
   7              		.eabi_attribute 24, 1
   8              		.eabi_attribute 25, 1
   9              		.eabi_attribute 26, 1
  10              		.eabi_attribute 30, 2
  11              		.eabi_attribute 34, 1
  12              		.eabi_attribute 18, 4
  13              		.thumb
  14              		.file	"USBUART_Dp.c"
  15              		.text
  16              	.Ltext0:
  17              		.section	.gnu.lto_.profile.24c0dc43,"",%progbits
  18 0000 789C6366 		.ascii	"x\234cf```a\200\000F\006\0259\000\000\332\000K"
  18      60606061 
  18      80004606 
  18      15390000 
  18      DA004B
  19              		.text
  20              		.section	.gnu.lto_.jmpfuncs.24c0dc43,"",%progbits
  21 0000 789C6366 		.ascii	"x\234cf\300\016d\2404\033\003##c=#\210`b``f``abdd\256"
  21      C00E64A0 
  21      341B0323 
  21      23633D23 
  21      88606260 
  22 001d AF6705CA 		.ascii	"\257g\005\312\001\000 \267\002>"
  22      010020B7 
  22      023E
  23              		.text
  24              		.section	.gnu.lto_.inline.24c0dc43,"",%progbits
  25 0000 789C6366 		.ascii	"x\234cf\300\016&Ci6\006\006N\016FF\006F\006\006f\216"
  25      C00E2643 
  25      69360606 
  25      4E0E4646 
  25      06460606 
  26 0016 03760C6C 		.ascii	"\003v\014l\013\344\231\030X\026\310\263\200$\031\031"
  26      0BE49918 
  26      5816C8B3 
  26      80241919 
  27 0026 38D8D1E5 		.ascii	"8\330\321\345\230.\360\203\345\230\030\330X\031\031"
  27      982EF083 
  27      E59818D8 
  27      581919
  28 0035 98D83EE8 		.ascii	"\230\330>\350A\304\201\200\031S\210\205\201\235\215"
  28      41C48180 
  28      19538885 
  28      819D8D
  29 0044 91096402 		.ascii	"\221\011d\002#\310\024\246#\234\020)\240\032\260)\254"
  29      23C814A6 
  29      239C1029 
  29      A01AB029 
  29      AC
  30 0055 985A1800 		.ascii	"\230Z\030\000_\036\016\335"
ARM GAS  C:\Users\Bruger\AppData\Local\Temp\cckkrd8h.s 			page 2


  30      5F1E0EDD 
  31              		.text
  32              		.section	.gnu.lto_.pureconst.24c0dc43,"",%progbits
  33 0000 789C6366 		.ascii	"x\234cf``\340e\200\0006\006)F)&)f)\026)V)\000\005\261"
  33      6060E065 
  33      80003606 
  33      29462926 
  33      29662916 
  34 001a 00C2     		.ascii	"\000\302"
  35              		.text
  36              		.section	.gnu.lto_USBUART_Dp_Write.24c0dc43,"",%progbits
  37 0000 789C6591 		.ascii	"x\234e\221OHTQ\024\306\317w\357{3\232\"\321r\266&c\220"
  37      4F485451 
  37      14C6CF77 
  37      EF7B339A 
  37      22D172B6 
  38 0017 EDA4AD99 		.ascii	"\355\244\255\231\320V\032\335\015\3100\276\205\020)"
  38      D0561ADD 
  38      0DC830BE 
  38      851029
  39 0026 3ABAF5BE 		.ascii	":\272\365\276\232\004\003A\206\240 \254D\243t\374/\332"
  39      9A040341 
  39      86A020AC 
  39      44A374FC 
  39      2FDA
  40 0038 6CACA7B8 		.ascii	"l\254\247\270\023\023](\211Y\301\024\271S\224L%\247"
  40      13135D28 
  40      8959C114 
  40      B953944C 
  40      25A7
  41 004a 73EFDD24 		.ascii	"s\357\335$]\270\377\016\277\357\334\357\234+\351\377"
  41      5DB8FF0E 
  41      BFEFDCEF 
  41      9C2BE9FF 
  42 005a 11E15929 		.ascii	"\021\341Y)\210n\362\016I\020\375\037\211\374\"\001\350"
  42      886EF20E 
  42      4910FD1F 
  42      89FC2201 
  42      E8
  43 006b 0381BA05 		.ascii	"\003\201\272\005\272\261'\016\004\372\203\354\263\222"
  43      BAB1270E 
  43      04FA83EC 
  43      B392
  44 0079 E86BA5D4 		.ascii	"\350k\245\324~f\315\257\017p\302\272Ca\363\340\015\242"
  44      7E66CDAF 
  44      0F70C2BA 
  44      4361F3E0 
  44      0DA2
  45 008b CC1C66D5 		.ascii	"\314\034f\325\023)\243 >O\255\257\236\207+\206\224z"
  45      1329A320 
  45      3E4FADAF 
  45      9E872B86 
  45      947A
  46 009d 102C4CA8 		.ascii	"\020,L\250\032\306\201\267\220\254\300\365\010\256E"
  46      1AC681B7 
  46      90ACC0F5 
  46      08AE45
ARM GAS  C:\Users\Bruger\AppData\Local\Temp\cckkrd8h.s 			page 3


  47 00ac 88038411 		.ascii	"\210\003\204\021Thx\246oy^\310*#\034\\\371\266\\Z>\310"
  47      546878A6 
  47      6F795EC8 
  47      2A231C5C 
  47      F9B65C5A 
  48 00c2 C2AF67F3 		.ascii	"\302\257g\363\361\300\177\245\316\013\005#\037\375W"
  48      F1C07FA5 
  48      CE0B0523 
  48      1FFD57
  49 00d1 6E07F307 		.ascii	"n\007\363\007\351?[%\2414\033\273\214,\312\255'\214"
  49      E93F5B25 
  49      A1341BBB 
  49      8C2CCAAD 
  49      278C
  50 00e3 2104DE74 		.ascii	"!\004\336td\362J\240\012\205\331\205\305S\024\013~V"
  50      64F24AA0 
  50      0A85D985 
  50      C553140B 
  50      7E56
  51 00f5 70A11C76 		.ascii	"p\241\034v\240_wu \244\227\260^\210\362<u\361\337\371"
  51      A05F7775 
  51      20A497B0 
  51      5E88F23C 
  51      75F1DFF9 
  52 0109 C2BBDCC6 		.ascii	"\302\273\334\306\322\257\307\273O\303:\343\261\320\235"
  52      D2AFC7BB 
  52      4FC33AE3 
  52      B1D09D
  53 0118 58FC9C1B 		.ascii	"X\374\234\033.\373)N\204\334\037\362\225\243=|\311\257"
  53      2EFB294E 
  53      84DC1FF2 
  53      95A33D7C 
  53      C9AF
  54 012a AD179990 		.ascii	"\255\027\231\220\261\364\342\375\334F\331\000\236\373"
  54      B1F4E2FD 
  54      DC46D900 
  54      9EFB
  55 0138 69F6ED60 		.ascii	"i\366\355`\034\021L\200-c\022\003\240m<\374\335\263"
  55      1C114C80 
  55      2D631203 
  55      A06D3CFC 
  55      DDB3
  56 014a 039B50DA 		.ascii	"\003\233P\332\234{\033G\237LN|\340\256L1\274\011a\212"
  56      9C7B1B47 
  56      9F4C4E7C 
  56      E0AE4C31 
  56      BC09618A 
  57 015e 60A74C69 		.ascii	"`\247Li\321N\317\217w\305V\345\036\013\207U\231G\271"
  57      D14ECF8F 
  57      77C556E5 
  57      1E0B8755 
  57      9947B9
  58 0171 9C517105 		.ascii	"\234Qq\005\230f\221M-,\2449\206^n\365\236\032\310\251"
  58      9866914D 
  58      2D2CA439 
  58      865E6EF5 
  58      9E1AC8A9 
ARM GAS  C:\Users\Bruger\AppData\Local\Temp\cckkrd8h.s 			page 4


  59 0185 21CC58E8 		.ascii	"!\314X\350(d\221\260\241t\366\245\2141t\301\274\037"
  59      286491B0 
  59      A174F6A5 
  59      8C3174C1 
  59      BC1F
  60 0197 B817EDCF 		.ascii	"\270\027\355\317\262}\026\321.\374\340\314\325\274\376"
  60      B27D16D1 
  60      2EFCE0CC 
  60      D5BCFE
  61 01a6 833C7F24 		.ascii	"\203<\177$w\212\373v\365\216w\337kO\244\274\346\246"
  61      778AFB76 
  61      F58E77DF 
  61      6B4FA4BC 
  61      E6A6
  62 01b8 586B677B 		.ascii	"Xkg{\322\213\327\307ZoW\307\033c\265\215\267\35664\325"
  62      D28BD7C7 
  62      5A6F57C7 
  62      1B63B58D 
  62      B7EE3634 
  63 01cd B5DD4892 		.ascii	"\265\335H\222\333\225\270\327\351]\352H%R-\311\332\226"
  63      DB95B8D7 
  63      E95DEA48 
  63      25522DC9 
  63      DA96
  64 01df 54C75FF8 		.ascii	"T\307_\370\346\316\367"
  64      E6CEF7
  65              		.text
  66              		.section	.gnu.lto_USBUART_Dp_SetDriveMode.24c0dc43,"",%progbits
  67 0000 789C7D51 		.ascii	"x\234}Q;H\003A\020\235\267{\371H\360\203\225\244\262"
  67      3B480341 
  67      109DB77B 
  67      F948F083 
  67      95A4B2
  68 0013 5082285A 		.ascii	"P\202(Z\331\373C[1\246\023D\364J\215\210\326^b\322\330"
  68      D9FB435B 
  68      31A61344 
  68      F44A8D88 
  68      D65E62D2 
  69 0028 98580921 		.ascii	"\230X\011! \212\370M\"X\330\006\261S\024mDA-\214\237"
  69      208AF84D 
  69      2258D806 
  69      B153146D 
  69      44412D8C 
  70 003d 144A4282 		.ascii	"\024JB\202\032D\343\354%E@p\271\235\2357\274\367nvV"
  70      1A44E3EC 
  70      25454070 
  70      B99D9D37 
  70      BCF76E76 
  71 0052 D2DFE5E4 		.ascii	"\322\337\345\344\235\006Q+\237\220\004\021:#\362\331"
  71      9D06512B 
  71      9F900411 
  71      3A23F2D9 
  72 0062 05A01202 		.ascii	"\005\240\022\002\315\013\314#-\262\002\241\344\356\212"
  72      CD0BCC23 
  72      2DB202A1 
  72      E4EE8A
  73 0071 C3B56118 		.ascii	"\303\265a\030Ff\355\260!\330P\020D9Q\262\301&\\Ly.\244"
ARM GAS  C:\Users\Bruger\AppData\Local\Temp\cckkrd8h.s 			page 5


  73      4666EDB0 
  73      21D85010 
  73      443951B2 
  73      C1265C4C 
  74 0088 37ABA50B 		.ascii	"7\253\245\013\304\371w\370\352R4\257\033\206?y\0327"
  74      C4F977F8 
  74      EA5234AF 
  74      1B863F79 
  74      1A37
  75 009a BA5060CF 		.ascii	"\272P`\317-HV\240\315\211\026'q\201\260\215fE\316\006"
  75      2D4856A0 
  75      CD891627 
  75      7181B08D 
  75      6645CE06 
  76 00ae BEAF1CD6 		.ascii	"\276\257\034\326\000{\327\225<\261\003+\267E\211\372"
  76      007BD795 
  76      3CB1032B 
  76      B74589FA 
  77 00be A4512CE6 		.ascii	"\244Q,\346n\303[\035p\010\326\010\311Aj*X\240\344V\225"
  77      6EC35B1D 
  77      7008D608 
  77      C9416A2A 
  77      58A0E456 
  78 00d3 DA54B0AB 		.ascii	"\332T\260\253P\2458D)\336\352\006\217\014\370\22478"
  78      50A53844 
  78      29DEEA06 
  78      8F0CF894 
  78      3738
  79 00e5 7A5F7C8A 		.ascii	"z_|\212h\312\367C\250\353<\007\227\032_DAh?\253>CSM"
  79      68CAF743 
  79      A8EB3C07 
  79      971A5F44 
  79      41683FAB 
  80 00fd DCA7CE2F 		.ascii	"\334\247\316/\354f\211\024\314?Dc\265QD|\001\356\335"
  80      EC668914 
  80      CC3F4463 
  80      B551447C 
  80      01EEDD
  81 0110 825D38B1 		.ascii	"\202]8\261\007\236\027b\210\202n\340\277\263\225\334"
  81      079E1762 
  81      88826EE0 
  81      BFB395DC 
  82 0120 241B325E 		.ascii	"$\0332^\370\264\226\260\306%\326_\277eNL;\231-\226\027"
  82      F8B496B0 
  82      C625D65F 
  82      BF654E4C 
  82      3B992D96 
  83 0135 8F32CE16 		.ascii	"\2172\316\026\025Z\376,\225Z\033\227X{q\360zl1\2655"
  83      155AFE2C 
  83      955A1B97 
  83      587B71F0 
  83      7A6C31B5 
  84 014a 84842959 		.ascii	"\204\204)Y\310\227)v\363\017\266J\227*\2562>Z\206\302"
  84      C8972976 
  84      F30FB64A 
  84      972AAE32 
  84      3E5A86C2 
ARM GAS  C:\Users\Bruger\AppData\Local\Temp\cckkrd8h.s 			page 6


  85 015e FFF5BECF 		.ascii	"\377\365\276\317\2753\237\356\340K~\365+\266z\276\024"
  85      BD339FEE 
  85      E04B7EF5 
  85      2BB67ABE 
  85      14
  86 016f 3F054F89 		.ascii	"?\005O\211g\3264\240O\3513c\263\372\304\250\333;73\256"
  86      67D634A0 
  86      4FE93363 
  86      B3FAC4A8 
  86      DB3B3733 
  87 0184 8F0CBABD 		.ascii	"\217\014\272\275\275\235#\036w\217\247{hx\264o\272}"
  87      BD9D231E 
  87      778FA77B 
  87      6878B46F 
  87      BA7D
  88 0196 9CB449EF 		.ascii	"\234\264I\357\204\376\013l\354\270x"
  88      84FE0B6C 
  88      ECB878
  89              		.text
  90              		.section	.gnu.lto_USBUART_Dp_Read.24c0dc43,"",%progbits
  91 0000 789C654F 		.ascii	"x\234eO=HBQ\024>\337}\357\251%D4\205s$\201\264\265\324"
  91      3D484251 
  91      143EDF7D 
  91      EFA92544 
  91      34857324 
  92 0018 D21FB486 		.ascii	"\322\037\264\206\346&H\330[3\244f\237\246\3663\225\215"
  92      E62648D8 
  92      5B33A466 
  92      9FA6F633 
  92      958D
  93 002a 514362FF 		.ascii	"QCb\377\022\024\204\015A4G\021\015\205\310kQ\310-\261"
  93      1214840D 
  93      41344711 
  93      0D85C86B 
  93      51C82DB1 
  94 003e BF37949D 		.ascii	"\2777\224\235\353k\353\302\375\316=\347|\347\373\356"
  94      EB6BEBC2 
  94      FDCE3DE7 
  94      7CE7FBEE 
  95 004e 51E8FFF1 		.ascii	"Q\350\377\361\360\365\203\250\227#\024\202X\273%J\270"
  95      F0F583A8 
  95      97231482 
  95      58BB254A 
  95      B8
  96 005f 04201F04 		.ascii	"\004 \037\004\212\013\304Q\023u\201\233\213\237\007"
  96      8A0BC451 
  96      1375819B 
  96      8B9F07
  97 006e 78F38691 		.ascii	"x\363\206\221|\315^\226\335\351nK\0205\004\301\347A"
  97      7CCD5E96 
  97      DDE96E4B 
  97      103504C1 
  97      E741
  98 0080 9FD4C11E 		.ascii	"\237\324\301\036\274\304\304z\352\373\321\355H\031\206"
  98      BCC4C47A 
  98      EAFBD1ED 
  98      481986
ARM GAS  C:\Users\Bruger\AppData\Local\Temp\cckkrd8h.s 			page 7


  99 008f D129FBDC 		.ascii	"\321)\373\334\330\207\203=\350\244\353\312h6\317\336"
  99      D887833D 
  99      E8A4EBCA 
  99      6836CFDE 
 100 009f D79787E0 		.ascii	"\327\227\207\340\004Y\202\035\031T\006\241Ip\220\324"
 100      0459821D 
 100      195406A1 
 100      497090D4 
 101 00af A40A83B4 		.ascii	"\244\012\203\264\257\012!\243R\302\365\307\252\271="
 101      AF0A21A3 
 101      52C2F5C7 
 101      AAB93D
 102 00be 28753E85 		.ascii	"(u>\205\302\026\273\033\205\235\366\027aq\222K\030\252"
 102      C216BB1B 
 102      859DF617 
 102      6171924B 
 102      18AA
 103 00d0 747DAEDC 		.ascii	"t}\256\334\335\273Z%\222i\265\266\322\300\0266\023)"
 103      DDBB5A25 
 103      9269B5B6 
 103      D2C01636 
 103      1329
 104 00e2 5842C501 		.ascii	"XB\305\001<8\004\377\022G\\\245\022\026\2772e\305\026"
 104      3C3804FF 
 104      12475CA5 
 104      1216BF32 
 104      65C516
 105 00f5 84AD799A 		.ascii	"\204\255y\232\313\237\267I\001\014\023\216\231[B\322"
 105      CB9FB749 
 105      010C138E 
 105      995B42D2 
 106 0105 74DA1495 		.ascii	"t\332\024\225Yr\310\314\274ivE\343\"\017e\323\305b\207"
 106      5972C8CC 
 106      BC697645 
 106      E3220F65 
 106      D3C56287 
 107 0119 1CD21C84 		.ascii	"\034\322\034\204\202=\364\264\344\2639\222F&\360\227"
 107      823DF4B4 
 107      E4B33992 
 107      4626F097 
 108 0129 B53683DC 		.ascii	"\2656\203\334\210\367\353\231\320g\365\330\364\274>"
 108      88F7EB99 
 108      D067F5D8 
 108      F4BC3E
 109 0138 130E4417 		.ascii	"\023\016D\027b\021=4\031\210\216\015\204\202\201\321"
 109      62113D34 
 109      19888E0D 
 109      848281D1 
 110 0148 E0887F2A 		.ascii	"\340\210\177*<>\327\037\241_\013\\\200\274"
 110      3C3ED71F 
 110      A15F0B5C 
 110      80BC
 111              		.text
 112              		.section	.gnu.lto_USBUART_Dp_ReadDataReg.24c0dc43,"",%progbits
 113 0000 789C654F 		.ascii	"x\234eO=HBQ\024>\337}\317\247!H4\205s$\205\264\2654"
 113      3D484251 
 113      143EDF7D 
ARM GAS  C:\Users\Bruger\AppData\Local\Temp\cckkrd8h.s 			page 8


 113      CFA72148 
 113      34857324 
 114 0018 F507ADA1 		.ascii	"\365\007\255\241\271\011\022\366\326\014\251\331\247"
 114      B90912F6 
 114      D60CA9D9 
 114      A7
 115 0025 A94553B8 		.ascii	"\251ES\270\206-&e?\004EaKTs$\351P\210\331bP\233RToH"
 115      862D2665 
 115      3F044561 
 115      4B547324 
 115      E95088D9 
 116 0040 3BD7D7D6 		.ascii	";\327\327\326\205\373\235{\317\371\316\367\235\243\320"
 116      85FB9D7B 
 116      CFF9CEF7 
 116      9DA3D0
 117 004f FFE3E6EB 		.ascii	"\377\343\346\353\003\321 G(\004\261yG\024w\010@>\010"
 117      03D12047 
 117      2804B179 
 117      47147708 
 117      403E08
 118 0062 141388E1 		.ascii	"\024\023\210\341M\264\004n/\332\025x\362\206\221h\226"
 118      4DB4046E 
 118      2FDA1578 
 118      F2869168 
 118      96
 119 0073 2B3567AA 		.ascii	"+5g\252\337\024D\357\202\340ucH\352`\027\036bb+\371"
 119      DF1444EF 
 119      82E07563 
 119      48EA6017 
 119      1E62622B 
 120 0088 F3E0D492 		.ascii	"\363\340\324\222\206a\364\312:\027\366\240\261\007\035"
 120      8661F4CA 
 120      3A17F6A0 
 120      B1071D
 121 0097 F75D199D 		.ascii	"\367]\031\235\316i)\263>,\354 S\260#\203\312 l\0224"
 121      CE6929B3 
 121      3E2CEC20 
 121      53B02383 
 121      CA206C12 
 122 00ac 929AD460 		.ascii	"\222\232\324`\220\366/B\310\250Tq\363\271\321.\214I"
 122      90F62F42 
 122      C8A85471 
 122      F3B9D12E 
 122      8C49
 123 00be 9D2FA1B0 		.ascii	"\235/\241\260\305\365Sq\307\365*L\2414sqC\225\256\317"
 123      C5F55371 
 123      C7F52A4C 
 123      A1347371 
 123      4395AECF 
 124 00d2 8DD2BDA3 		.ascii	"\215\322\275\243\233\"\371\335\276<+\273\262\330\212"
 124      9B22F9DD 
 124      BE3C2BBB 
 124      B2D88A
 125 00e1 27610A15 		.ascii	"'a\012\025\005\270\261\017\236\022\007\310\202\252X"
 125      05B8B10F 
 125      9E1207C8 
 125      82AA58
ARM GAS  C:\Users\Bruger\AppData\Local\Temp\cckkrd8h.s 			page 9


 126 00f0 FD4ED714 		.ascii	"\375N\327\024K\020\226\346I.\177\336#\0050N8dn\025\211"
 126      4B1096E6 
 126      492E7FDE 
 126      2305304E 
 126      38646E15 
 127 0105 BADDA2A8 		.ascii	"\272\335\242\250\314\222M\365\364\207\315\312\3308\311"
 127      CC924DF5 
 127      F487CDCA 
 127      D838C9
 128 0114 4D9954B1 		.ascii	"M\231T\261\330\035\304\246\021\216\254\246\3075\257"
 128      D81DC4A6 
 128      118EACA6 
 128      C735AF
 129 0123 C59134AA 		.ascii	"\305\2214\252\003\177\277\356f\220\033\361~\0033\372"
 129      037FBFEE 
 129      66901BF1 
 129      7E0333FA 
 130 0133 A21E9D5F 		.ascii	"\242\036\235_\326\027B\376\310J4\254\007g\375\221\251"
 130      D61742FE 
 130      C84A34AC 
 130      0767FD91 
 130      A9
 131 0144 D160C03F 		.ascii	"\321`\300?\031\230\360\315\205\246\227F\302\364\013"
 131      1998F0CD 
 131      85A69746 
 131      C2F40B
 132 0153 938A8123 		.ascii	"\223\212\201#"
 133              		.text
 134              		.section	.gnu.lto_USBUART_Dp_SetInterruptMode.24c0dc43,"",%progbits
 135 0000 789C6D50 		.ascii	"x\234mPMH\224Q\024\275\347\275\367MS3\212\270h\341\242"
 135      4D489451 
 135      14BDE7BD 
 135      F74D5333 
 135      8AB868E1 
 136 0015 201A6697 		.ascii	" \032f\227\202\265\237Rh\033M\356\004\013\375 \027\371"
 136      82B59F52 
 136      681B4DEE 
 136      040BFD20 
 136      17F9
 137 0027 893F2B17 		.ascii	"\211?+\027\276O\207\304V\203\270\010\305D\"\264\246"
 137      BE4F87C4 
 137      5683B808 
 137      C54422B4 
 137      A6
 138 0038 9A49372D 		.ascii	"\232I7-$>\242]T\024\306\244T\202\315Pn\"\321\320\011"
 138      243EA25D 
 138      5414C6A4 
 138      5482CD50 
 138      6E22D1D0 
 139 004d 1ABB77C6 		.ascii	"\032\273w\306 \310\307{\274{\017\347\234\373\243\351"
 139      20C8C77B 
 139      BC7B0FE7 
 139      9CFBA3E9 
 140 005d FFD3CCEF 		.ascii	"\377\323\314\357\013\210\316\362\017\207\240\322\257"
 140      0B88CEF2 
 140      0F87A0D2 
 140      AF
ARM GAS  C:\Users\Bruger\AppData\Local\Temp\cckkrd8h.s 			page 10


 141 006a 89FCB052 		.ascii	"\211\374\260Rz\245\221\3541\263|\202lT\303Ta\003H@\240"
 141      7AA591EC 
 141      31B37C82 
 141      6C54C354 
 141      61034840 
 142 007f 61A50D86 		.ascii	"a\245\015\206\261\251\266\024\322A\346v$~\317Z\373c"
 142      B1A9B614 
 142      D241E676 
 142      247ECF5A 
 142      FB63
 143 0091 71FDBA9D 		.ascii	"q\375\272\235\274ZRD\333\252Z\000\363\2103\247\370t"
 143      BC5A5244 
 143      DBAA5A00 
 143      F38833A7 
 143      F874
 144 00a3 6E48C741 		.ascii	"nH\307A\034\276\334\330\333\216~S%\205:I\247\362\305"
 144      1CBEDCD8 
 144      DB8E7E53 
 144      25853A49 
 144      A7F2C5
 145 00b6 1D2DA952 		.ascii	"\035-\251R\222f^L\346\216\304\356Z;\022|\312\331\004"
 145      92665E4C 
 145      E68EC4EE 
 145      5A3B127C 
 145      CAD904
 146 00c9 E31A0BD0 		.ascii	"\343\032\013\320l\207\373h\300\0034\020C\204\014b\314"
 146      6C87FB68 
 146      C0033410 
 146      43840C62 
 146      CC
 147 00da FE5ADA9C 		.ascii	"\376Z\332\234\257\321M\025\337\015\177\366g\244\252"
 147      AFD14D15 
 147      DF0D7FF6 
 147      67A4AA
 148 00e9 2CFF553E 		.ascii	",\377U><D\371\0101\241o\245~\347#\241\024w]Wm\026\217"
 148      3C44F908 
 148      31A16FA5 
 148      7EE723A1 
 148      14775D57 
 149 0100 11E24D50 		.ascii	"\021\342MP\266>\260\373\373K\345w\013\247tXA*\031Q:"
 149      B63EB0FB 
 149      FB4BE577 
 149      0BA77458 
 149      412A1951 
 150 0115 10698843 		.ascii	"\020i\210CCT`\205\254\242\310]\363\257\3270\272w\363"
 150      43546085 
 150      ACA2C85D 
 150      F3AFD730 
 150      BA77F3
 151 0128 7B760AE2 		.ascii	"{v\012\342\262\253\314\256\222\315\314\346\307\177\325"
 151      B2ABCCAE 
 151      92CDCCE6 
 151      C77FD5
 152 0137 CA6C3A41 		.ascii	"\312l:A\310r\003\357\221Z\035=~\300a\302z\341\315\333"
 152      C87203EF 
 152      915A1D3D 
 152      7EC061C2 
ARM GAS  C:\Users\Bruger\AppData\Local\Temp\cckkrd8h.s 			page 11


 152      7AE1CDDB 
 153 014b 7085C0F5 		.ascii	"p\205\300\365sL\220S\344l\245\221-G>\214\225\263\351"
 153      734C9053 
 153      E46CA591 
 153      2D473E8C 
 153      95B3E9
 154 015e 034BBE0E 		.ascii	"\003K\276\016\255\341\371\304\334I\001X<}\347c\346\250"
 154      ADE1F9C4 
 154      DC490158 
 154      3C7DE763 
 154      E6A8
 155 0170 889DF22D 		.ascii	"\210\235\362-\337\032\372\327\317!I\227W_=\213\316`"
 155      DF1AFAD7 
 155      CF214997 
 155      575F3D8B 
 155      CE60
 156 0182 DA4FF981 		.ascii	"\332O\371\201SR!<\341E,J\031,a\006lZ)g*#|\206\037L\324"
 156      5352213C 
 156      E1452C4A 
 156      192C6106 
 156      6C5A2967 
 157 019d 8AB73451 		.ascii	"\212\2674QP\020\224\307<}\321\355q\373\256\015\270]"
 157      501094C7 
 157      3C7DD1ED 
 157      71FBAE0D 
 157      B85D
 158 01af 1D496FB0 		.ascii	"\035Io\260\257\323m\277\224\364Z\316\265\267%/\264\235"
 158      AFD36DBF 
 158      94F45ACE 
 158      B5B7252F 
 158      B49D
 159 01c1 BF7CA5A3 		.ascii	"\277|\245\243\265\367L'\205{\275\376\356\201n\257\307"
 159      B5F74C27 
 159      857BBDFE 
 159      EE816EAF 
 159      C7
 160 01d2 DCF0BADC 		.ascii	"\334\360\272\334?\343\321\300\""
 160      3FE3D1C0 
 160      22
 161              		.text
 162              		.section	.gnu.lto_USBUART_Dp_ClearInterrupt.24c0dc43,"",%progbits
 163 0000 789C654F 		.ascii	"x\234eOKHBQ\020\235s\337G#\210h\351:\222 \334\265\357"
 163      4B484251 
 163      109D73DF 
 163      47238868 
 163      E93A9220 
 164 0017 076D4373 		.ascii	"\007mCs'X\330\333E\206\324\332\367\314\014rQDP\020."
 164      2758D8DB 
 164      4586D4DA 
 164      F7CC0C72 
 164      51445010 
 165 002c 22A48F45 		.ascii	"\"\244\217E\320\"\2146Q[)B\250\2200\002\003\333%B\366"
 165      D0228C36 
 165      515B2942 
 165      A8903002 
 165      03DB2542 
 166 0041 A0B4B93E 		.ascii	"\240\264\271>Zu\341\236\2713s\346\234;\012\375?\036"
ARM GAS  C:\Users\Bruger\AppData\Local\Temp\cckkrd8h.s 			page 12


 166      5A75E19E 
 166      B93373E6 
 166      9C3B0AFD 
 166      3F1E
 167 0053 BE0110F5 		.ascii	"\276\001\020\365q\204B\020\353\267D\226[\000\362A\240"
 167      71844210 
 167      EBB74496 
 167      5B00F241 
 167      A0
 168 0064 B8401CEF 		.ascii	"\270@\034\357\242&P\270h\026\341\315\232f\342#\321\230"
 168      A22650B8 
 168      6816E1CD 
 168      9A66E223 
 168      D198
 169 0076 DDDA9CB2 		.ascii	"\335\332\234\262\005Q]\020\006<\350\227:\330\207\227"
 169      05515D10 
 169      063CE897 
 169      3AD88797 
 170 0086 98584BFE 		.ascii	"\230XK\376<v\352I\3234\273e\237\033\007\320\331\203"
 170      3C76EA49 
 170      D334BB65 
 170      9F1B07D0 
 170      D983
 171 0098 4E7BAECC 		.ascii	"N{\256\314V\253\376\\\254\372\024\027\310\026\354\310"
 171      56ABFE5C 
 171      ACFA1417 
 171      C816ECC8 
 172 00a8 A032084D 		.ascii	"\2402\010M\202NR\223*\014\322\376M\010\031\225\022\256"
 172      824E5293 
 172      2A0CD2FE 
 172      4D081995 
 172      12AE
 173 00ba 3F571F2E 		.ascii	"?W\037.\375R\247!\024\266H[\271m\255*l\241\254\245-"
 173      FD52A721 
 173      14B6485B 
 173      B96DAD2A 
 173      6CA1ACA5 
 174 00cf 5395AE2F 		.ascii	"S\225\256/\225\273{w\273D2m\276\356\336h\031\354XI\330"
 174      95BB7B77 
 174      BB44326D 
 174      BEEEDE68 
 174      19EC5849 
 175 00e4 42C5213C 		.ascii	"B\305!<8\002\377\0229d@%,}\245*\252#\010G\363l/{\336"
 175      3802FF12 
 175      39644025 
 175      2C7DA52A 
 175      AA230847 
 176 00fd 21053044 		.ascii	"!\0050D8fn\011\211\262\313\241\250\314\222C\345\324"
 176      38666E09 
 176      89B2CBA1 
 176      A8CC9243 
 176      E5D4
 177 010f B7EE5434 		.ascii	"\267\356T4.\362\320\306r>\337%\2074\235p\342\014=\255"
 177      2EF2D0C6 
 177      723EDF25 
 177      87349D70 
 177      E20C3DAD 
ARM GAS  C:\Users\Bruger\AppData\Local\Temp\cckkrd8h.s 			page 13


 178 0123 14E09024 		.ascii	"\024\340\220$\217\312\370\313\332\253A\256\304\013\366"
 178      8FCAF8CB 
 178      DAAB41AE 
 178      C40BF6
 179 0132 8E1B7346 		.ascii	"\216\033sFlz\301\230\011\007\242\213\261\210\021\232"
 179      6C7AC198 
 179      0907A28B 
 179      B188119A 
 180 0142 08444707 		.ascii	"\010DG\007C\301\300Hp\330?\031\036\233\367E\350\027"
 180      43C1C048 
 180      70D83F19 
 180      1E9BF745 
 180      E817
 181 0154 F067823D 		.ascii	"\360g\202="
 182              		.text
 183              		.section	.gnu.lto_.symbol_nodes.24c0dc43,"",%progbits
 184 0000 789C55C7 		.ascii	"x\234U\307;\015\000 \020D\301w\037\022tbd-\240\200\240"
 184      3B0D0020 
 184      1044C177 
 184      1F127462 
 184      642DA080 
 185 0015 084D3414 		.ascii	"\010M4\024\334t\023\300\340q\004\363\200\304\332\035"
 185      DC7413C0 
 185      E07104F3 
 185      80C4DA1D 
 186 0025 3759B9CB 		.ascii	"7Y\271\313\313CQ\236\312\362\246\366\237\013\351b\031"
 186      CB43519E 
 186      CAF2A6F6 
 186      9F0BE962 
 186      19
 187 0036 56       		.ascii	"V"
 188              		.text
 189              		.section	.gnu.lto_.refs.24c0dc43,"",%progbits
 190 0000 789C6366 		.ascii	"x\234cf```d\200\002\000\000=\000\005"
 190      60606064 
 190      80020000 
 190      3D0005
 191              		.text
 192              		.section	.gnu.lto_.decls.24c0dc43,"",%progbits
 193 0000 789C8D54 		.ascii	"x\234\215T]L\024W\024\276g\356\260\300\260ny\202\272"
 193      5D4C1457 
 193      14BE67EE 
 193      B0C0B06E 
 193      7982BA
 194 0013 35714D0C 		.ascii	"5qM\014\211\0111\361A\343[\323B\242m\322\006\241\244"
 194      890931F1 
 194      41E35BD3 
 194      42A26DD2 
 194      06A1A4
 195 0026 0F9A900D 		.ascii	"\017\232\220\015L\220\244\001\262.M|\362\0260\342j\024"
 195      4C90A401 
 195      B22E4D7C 
 195      F21630E2 
 195      6A14
 196 0038 895624FE 		.ascii	"\211V$\376\220\260\010\242\374\250\253\260,\305\335"
 196      90B008A2 
 196      FCA8ABB0 
ARM GAS  C:\Users\Bruger\AppData\Local\Temp\cckkrd8h.s 			page 14


 196      2CC5DD
 197 0047 2AB0CA4F 		.ascii	"*\260\312O\323\326`\350\003*\233V\253\211Y\024\033\214"
 197      D3D660E8 
 197      032A9B56 
 197      AB895914 
 197      1B8C
 198 0059 C4E9B977 		.ascii	"\304\351\271wf\330)]\24279\263s\356=\337w\316\375\316"
 198      66D8295D 
 198      A23739B3 
 198      73EE3DDF 
 198      77CEFDCE 
 199 006d 99A58410 		.ascii	"\231\245\204\020?\020\242\341\212\312\204<A?\025\255"
 199      3F10A2E1 
 199      8ACA843C 
 199      413F15AD 
 200 007d 8024960D 		.ascii	"\200$\226\015\355\032Z\000\255\037-\2106\2026F\376\277"
 200      ED1A5A00 
 200      AD1F2D88 
 200      36823646 
 200      FEBF
 201 008f 785C8A81 		.ascii	"x\\\212\201\357F\313B\233@\273g\234\203\021\263r\005"
 201      EF46CB42 
 201      9B40BB67 
 201      9C8311B3 
 201      7205
 202 00a1 8C3C56DC 		.ascii	"\214<V\334T\022l \011\266\337\300\232\270\235\026\334"
 202      54126C20 
 202      09B6DFC0 
 202      9AB89D16 
 202      DC
 203 00b2 97166C7F 		.ascii	"\227\026l\177\022l\360\003\261\301$X\256\201\251\225"
 203      126CF003 
 203      B1C12458 
 203      AE81A995 
 204 00c2 03CD8E16 		.ascii	"\003\315\216\026^\345\316#I\360c\037\230;\231\316\363"
 204      5EE5CE23 
 204      49F0631F 
 204      983B99CE 
 204      F3
 205 00d3 12047B16 		.ascii	"\022\004{\026&3\236J\340P\\\334\035l\2126\333\320\265"
 205      26339E4A 
 205      E0505CDC 
 205      1D6C8A36 
 205      DBD0B5
 206 00e6 2B3277A7 		.ascii	"+2w\247o\035:\224F%\340\357m\315\217\357+\271]\214\261"
 206      6F1D3A94 
 206      4625E0EF 
 206      6DCD8FEF 
 206      2BB95D8C 
 207 00fb 06160E43 		.ascii	"\006\026\016C\202\342\207\213\241\243\251\210\311R\204"
 207      82E2878B 
 207      A1A3A988 
 207      C95284
 208 010a 7B6CBC25 		.ascii	"{l\274%B\205\253q\23443s\362\015\005%\247\201\261Z\026"
 208      4285AB71 
 208      9C343373 
 208      F20D0525 
ARM GAS  C:\Users\Bruger\AppData\Local\Temp\cckkrd8h.s 			page 15


 208      A781B15A 
 209 011f 6F62F463 		.ascii	"ob\364c\002\271N\330\344$\320\0039\030\006]\220K\340"
 209      02B94ED8 
 209      E424D003 
 209      3918065D 
 209      904BE0
 210 0132 3238E10A 		.ascii	"28\341\0128\211\037\023\304/\304\177_\307\230\014\335"
 210      38891F13 
 210      C42FC47F 
 210      5FC7980C 
 210      DD
 211 0143 A0C025A0 		.ascii	"\240\300%\240\"\002\257\3013\030I\033\017F\032eY\302"
 211      2202AFC1 
 211      3318491B 
 211      0F461A65 
 211      59C2
 212 0155 4D1EB35B 		.ascii	"M\036\263[T\373Z{\334.e\237B\002\326X\3072e(\310\202"
 212      54FB5A7B 
 212      DC2E659F 
 212      4202D658 
 212      C7326528 
 213 016b 0EA4ED44 		.ascii	"\016\244\355DZ\002}\220\215\317^\220u\202\331P\327\211"
 213      5A027D90 
 213      8DCF5E90 
 213      7582D950 
 213      D789
 214 017d 74BA455C 		.ascii	"t\272E\\\355\340\273\341\330\032\327y\326\332\027\367"
 214      EDE0BBE1 
 214      D81AD779 
 214      D6DA17F7 
 215 018d B59DA767 		.ascii	"\265\235\247gXk-{\247a\371\034\004W\227\013 \374]W\364"
 215      586B2D7B 
 215      A761F91C 
 215      0457970B 
 215      20FC5D57 
 216 01a2 1AB810B8 		.ascii	"\032\270\020\270\330:3Ki\271 \371\265\253\267I\026$"
 216      D83A334B 
 216      69B920F9 
 216      B5ABB749 
 216      1624
 217 01b4 AD836DB6 		.ascii	"\255\203m\266(\013k\332\247\002\177\335\202\277n\342"
 217      280B6BDA 
 217      A7027FDD 
 217      82BF6EE2 
 218 01c4 03027FB8 		.ascii	"\003\002\177\270\276\217Z\013\346wIT|CT\274\333(\370"
 218      BE8F5A0B 
 218      E6774954 
 218      7C4354BC 
 218      DB28F8
 219 01d7 D4C45F3D 		.ascii	"\324\304_=\224\036\020\271~\\ZjO\021\271\036\375\035"
 219      941E10B9 
 219      7E5C5A6A 
 219      4F11B91E 
 219      FD1D
 220 01e9 53C3F56C 		.ascii	"S\303\365lI\323\250\000\300MK\266\233f\266~\221\315"
 220      49D3A800 
 220      C04D4BB6 
ARM GAS  C:\Users\Bruger\AppData\Local\Temp\cckkrd8h.s 			page 16


 220      9B66B67E 
 220      91CD
 221 01fb 573FFE9B 		.ascii	"W?\376\233D\217\203\2408\363\372\362\033E/\367\\\273"
 221      448F83A0 
 221      38F3FAF2 
 221      1B452FF7 
 221      5CBB
 222 020d 592E2718 		.ascii	"Y.'\030\260\020\014\230\004AA0>\267\370\312.\206%\223"
 222      B0100C98 
 222      04414130 
 222      3EB7F8CA 
 222      2E862593 
 223 0221 53B43CF8 		.ascii	"S\264<\370s\201\212a\221\270{\356\345\213\241tzQ\247"
 223      73818A61 
 223      91B87BEE 
 223      E58BA174 
 223      7A51A7
 224 0234 3787C2A5 		.ascii	"7\207\302\245\017\305\351\347\213\2014\341\362Bq*\336"
 224      0FC5E9E7 
 224      8B8134E1 
 224      F242712A 
 224      DE
 225 0245 C67A3A6C 		.ascii	"\306z:l\220\243\350\355~\251\267;\214\327\037J\264\333"
 225      90A3E8ED 
 225      7EA9B73B 
 225      8CD71F4A 
 225      B4DB
 226 0257 65B45B4C 		.ascii	"e\264[L\016\253c)\235\016\002\203(O\010\345\201[8<."
 226      0EAB6329 
 226      9D0E0283 
 226      284F08E5 
 226      815B383C 
 227 026c 63787EC2 		.ascii	"cx~\302\315a\334\304LC\376g/2\304`\204\227\007\243n"
 227      CD61DCC4 
 227      4C43FE67 
 227      2F32C460 
 227      849707A3 
 228 0281 36349BB6 		.ascii	"64\233\266\274\027\001\2619\261\320\364@^uZn\013\355"
 228      BC1701B1 
 228      39B1D0F4 
 228      405E755A 
 228      6E0BED
 229 0294 7F36A7A5 		.ascii	"\1776\247\24570wD\241\335\372\335:\337\316?\3140\306"
 229      37307744 
 229      A1DDFADD 
 229      3ADFCE3F 
 229      CC30C6
 230 02a7 2536BCEB 		.ascii	"%6\274\353D\035\363\263G\232\266^\240\340\216E\277;"
 230      441DF3B3 
 230      479AB65E 
 230      A0E08E45 
 230      BF3B
 231 02b9 A67E2342 		.ascii	"\246~#B\277g\235\321\020\320\273:\313\364\205\351\263"
 231      BF679DD1 
 231      10D0BB3A 
 231      CBF485E9 
 231      B3
ARM GAS  C:\Users\Bruger\AppData\Local\Temp\cckkrd8h.s 			page 17


 232 02ca 76BD8703 		.ascii	"v\275\207\003OF\355Lo\201\336\304Q\013\307\250\3111"
 232      4F46ED4C 
 232      6F81DEC4 
 232      510BC7A8 
 232      C931
 233 02dc 2638D8E9 		.ascii	"&8\330\351#\3764\032\3239n\374\343\013\256Q\032\270"
 233      23FE341A 
 233      D3396EFC 
 233      E30BAE51 
 233      1AB8
 234 02ee 38EFFFB2 		.ascii	"8\357\377\262P\365\373S\276\351t\375[\\\211\030_\365"
 234      50F5FB53 
 234      BEE974FD 
 234      5B5C8918 
 234      5FF5
 235 0300 5B3CF970 		.ascii	"[<\371p#o\316=\224.\232h\316]H|\214\207\347Z&\355v\037"
 235      236FCE3D 
 235      942E9A68 
 235      CE5D487C 
 235      8C87E75A 
 236 0318 6F134A99 		.ascii	"o\023J\231\036u\210\340\204\230\023`\0277\300\337y\211"
 236      1E7588E0 
 236      84981360 
 236      1737C0DF 
 236      7989
 237 032a 463A227F 		.ascii	"F:\"\177(\340T\234\315\370O\262\270\036\246\220\251"
 237      28E0549C 
 237      CDF84FB2 
 237      B81EA690 
 237      A9
 238 033b 81B7215E 		.ascii	"\201\267!^\313h\263\303\254\210\210\003\002\277 \315"
 238      CB68B3C3 
 238      AC888803 
 238      02BF20CD 
 239 034b 24D2F0E8 		.ascii	"$\322\360\350\360SM;\240\351\353x\252\010\020\217\224"
 239      F0534D3B 
 239      A0E9EB78 
 239      AA08108F 
 239      94
 240 035c 9A8A4AEF 		.ascii	"\232\212J\357v\333\216\257\213]yd\303\016\265R\365\270"
 240      76DB8EAF 
 240      8B5D7964 
 240      C30EB552 
 240      F5B8
 241 036e BD6A5949 		.ascii	"\275jYIQU\215\247T\335SPT\225\267uO\351~\357\376ju\337"
 241      51558DA7 
 241      54DD5350 
 241      5495B775 
 241      4FE97EEF 
 242 0386 E6BD24B3 		.ascii	"\346\275$\263\270\350\363\342\317\012\277)\311\257."
 242      B8E8F3E2 
 242      CF0ABF29 
 242      C9AF2E
 243 0395 F9D653E1 		.ascii	"\371\326S\341U7\256\002I\304m.%\331\026T\221\352\315"
 243      5537AE02 
 243      49C46D2E 
 243      25D91654 
ARM GAS  C:\Users\Bruger\AppData\Local\Temp\cckkrd8h.s 			page 18


 243      91EACD
 244 03a8 F7547CAF 		.ascii	"\367T|\257~UU\246~d\331/T\335eY+\374|\267\327]\250\226"
 244      7E5555A6 
 244      7E64D92F 
 244      54DD6559 
 244      2BFC7CB7 
 245 03c0 DB788D5B 		.ascii	"\333x\215[\266}\362_\226/*\275\252\307SS\355\345Lk-"
 245      B67DF25F 
 245      962F2ABD 
 245      AAC75353 
 245      EDE54C6B 
 246 03d5 6779DFA9 		.ascii	"gy\337\251n\317\362\251\354Q\313\267\377\013\231\036"
 246      6ECFF2A9 
 246      EC51CBB7 
 246      FF0B991E 
 247 03e5 ECEF     		.ascii	"\354\357"
 248              		.text
 249              		.section	.gnu.lto_.symtab.24c0dc43,"",%progbits
 250 0000 55534255 		.ascii	"USBUART_Dp_Write\000\000\000\000\000\000\000\000\000"
 250      4152545F 
 250      44705F57 
 250      72697465 
 250      00000000 
 251 0019 000000B2 		.ascii	"\000\000\000\262\000\000\000USBUART_Dp_SetDriveMode"
 251      00000055 
 251      53425541 
 251      52545F44 
 251      705F5365 
 252 0037 00000000 		.ascii	"\000\000\000\000\000\000\000\000\000\000\000\000\264"
 252      00000000 
 252      00000000 
 252      B4
 253 0044 00000055 		.ascii	"\000\000\000USBUART_Dp_Read\000\000\000\000\000\000"
 253      53425541 
 253      52545F44 
 253      705F5265 
 253      61640000 
 254 005c 00000000 		.ascii	"\000\000\000\000\000\000\267\000\000\000USBUART_Dp_"
 254      0000B700 
 254      00005553 
 254      42554152 
 254      545F4470 
 255 0071 52656164 		.ascii	"ReadDataReg\000\000\000\000\000\000\000\000\000\000"
 255      44617461 
 255      52656700 
 255      00000000 
 255      00000000 
 256 0086 0000B900 		.ascii	"\000\000\271\000\000\000USBUART_Dp_SetInterruptMode"
 256      00005553 
 256      42554152 
 256      545F4470 
 256      5F536574 
 257 00a7 00000000 		.ascii	"\000\000\000\000\000\000\000\000\000\000\000\000\305"
 257      00000000 
 257      00000000 
 257      C5
 258 00b4 00000055 		.ascii	"\000\000\000USBUART_Dp_ClearInterrupt\000\000\000\000"
ARM GAS  C:\Users\Bruger\AppData\Local\Temp\cckkrd8h.s 			page 19


 258      53425541 
 258      52545F44 
 258      705F436C 
 258      65617249 
 259 00d4 00000000 		.ascii	"\000\000\000\000\000\000\000\000\307\000\000\000"
 259      00000000 
 259      C7000000 
 260              		.text
 261              		.section	.gnu.lto_.opts,"",%progbits
 262 0000 272D666E 		.ascii	"'-fno-trapv' '-mcpu=cortex-m3' '-mthumb' '-g' '-O3'"
 262      6F2D7472 
 262      61707627 
 262      20272D6D 
 262      6370753D 
 263 0033 20272D66 		.ascii	" '-ffunction-sections' '-finline-functions' '-flto'"
 263      66756E63 
 263      74696F6E 
 263      2D736563 
 263      74696F6E 
 264 0066 20272D66 		.ascii	" '-ffat-lto-objects'\000"
 264      6661742D 
 264      6C746F2D 
 264      6F626A65 
 264      63747327 
 265              		.text
 266              		.cfi_sections	.debug_frame
 267              		.section	.text.USBUART_Dp_Write,"ax",%progbits
 268              		.align	2
 269              		.global	USBUART_Dp_Write
 270              		.thumb
 271              		.thumb_func
 272              		.type	USBUART_Dp_Write, %function
 273              	USBUART_Dp_Write:
 274              	.LFB0:
 275              		.file 1 "Generated_Source\\PSoC5\\USBUART_Dp.c"
   1:Generated_Source\PSoC5/USBUART_Dp.c **** /*******************************************************************************
   2:Generated_Source\PSoC5/USBUART_Dp.c **** * File Name: USBUART_Dp.c  
   3:Generated_Source\PSoC5/USBUART_Dp.c **** * Version 2.20
   4:Generated_Source\PSoC5/USBUART_Dp.c **** *
   5:Generated_Source\PSoC5/USBUART_Dp.c **** * Description:
   6:Generated_Source\PSoC5/USBUART_Dp.c **** *  This file contains API to enable firmware control of a Pins component.
   7:Generated_Source\PSoC5/USBUART_Dp.c **** *
   8:Generated_Source\PSoC5/USBUART_Dp.c **** * Note:
   9:Generated_Source\PSoC5/USBUART_Dp.c **** *
  10:Generated_Source\PSoC5/USBUART_Dp.c **** ********************************************************************************
  11:Generated_Source\PSoC5/USBUART_Dp.c **** * Copyright 2008-2015, Cypress Semiconductor Corporation.  All rights reserved.
  12:Generated_Source\PSoC5/USBUART_Dp.c **** * You may use this file only in accordance with the license, terms, conditions, 
  13:Generated_Source\PSoC5/USBUART_Dp.c **** * disclaimers, and limitations in the end user license agreement accompanying 
  14:Generated_Source\PSoC5/USBUART_Dp.c **** * the software package with which this file was provided.
  15:Generated_Source\PSoC5/USBUART_Dp.c **** *******************************************************************************/
  16:Generated_Source\PSoC5/USBUART_Dp.c **** 
  17:Generated_Source\PSoC5/USBUART_Dp.c **** #include "cytypes.h"
  18:Generated_Source\PSoC5/USBUART_Dp.c **** #include "USBUART_Dp.h"
  19:Generated_Source\PSoC5/USBUART_Dp.c **** 
  20:Generated_Source\PSoC5/USBUART_Dp.c **** /* APIs are not generated for P15[7:6] on PSoC 5 */
  21:Generated_Source\PSoC5/USBUART_Dp.c **** #if !(CY_PSOC5A &&\
  22:Generated_Source\PSoC5/USBUART_Dp.c **** 	 USBUART_Dp__PORT == 15 && ((USBUART_Dp__MASK & 0xC0) != 0))
ARM GAS  C:\Users\Bruger\AppData\Local\Temp\cckkrd8h.s 			page 20


  23:Generated_Source\PSoC5/USBUART_Dp.c **** 
  24:Generated_Source\PSoC5/USBUART_Dp.c **** 
  25:Generated_Source\PSoC5/USBUART_Dp.c **** /*******************************************************************************
  26:Generated_Source\PSoC5/USBUART_Dp.c **** * Function Name: USBUART_Dp_Write
  27:Generated_Source\PSoC5/USBUART_Dp.c **** ****************************************************************************//**
  28:Generated_Source\PSoC5/USBUART_Dp.c **** *
  29:Generated_Source\PSoC5/USBUART_Dp.c **** * \brief Writes the value to the physical port (data output register), masking
  30:Generated_Source\PSoC5/USBUART_Dp.c **** *  and shifting the bits appropriately. 
  31:Generated_Source\PSoC5/USBUART_Dp.c **** *
  32:Generated_Source\PSoC5/USBUART_Dp.c **** * The data output register controls the signal applied to the physical pin in 
  33:Generated_Source\PSoC5/USBUART_Dp.c **** * conjunction with the drive mode parameter. This function avoids changing 
  34:Generated_Source\PSoC5/USBUART_Dp.c **** * other bits in the port by using the appropriate method (read-modify-write or
  35:Generated_Source\PSoC5/USBUART_Dp.c **** * bit banding).
  36:Generated_Source\PSoC5/USBUART_Dp.c **** *
  37:Generated_Source\PSoC5/USBUART_Dp.c **** * <b>Note</b> This function should not be used on a hardware digital output pin 
  38:Generated_Source\PSoC5/USBUART_Dp.c **** * as it is driven by the hardware signal attached to it.
  39:Generated_Source\PSoC5/USBUART_Dp.c **** *
  40:Generated_Source\PSoC5/USBUART_Dp.c **** * \param value
  41:Generated_Source\PSoC5/USBUART_Dp.c **** *  Value to write to the component instance.
  42:Generated_Source\PSoC5/USBUART_Dp.c **** *
  43:Generated_Source\PSoC5/USBUART_Dp.c **** * \return 
  44:Generated_Source\PSoC5/USBUART_Dp.c **** *  None 
  45:Generated_Source\PSoC5/USBUART_Dp.c **** *
  46:Generated_Source\PSoC5/USBUART_Dp.c **** * \sideeffect
  47:Generated_Source\PSoC5/USBUART_Dp.c **** *  If you use read-modify-write operations that are not atomic; the Interrupt 
  48:Generated_Source\PSoC5/USBUART_Dp.c **** *  Service Routines (ISR) can cause corruption of this function. An ISR that 
  49:Generated_Source\PSoC5/USBUART_Dp.c **** *  interrupts this function and performs writes to the Pins component data 
  50:Generated_Source\PSoC5/USBUART_Dp.c **** *  register can cause corrupted port data. To avoid this issue, you should 
  51:Generated_Source\PSoC5/USBUART_Dp.c **** *  either use the Per-Pin APIs (primary method) or disable interrupts around 
  52:Generated_Source\PSoC5/USBUART_Dp.c **** *  this function.
  53:Generated_Source\PSoC5/USBUART_Dp.c **** *
  54:Generated_Source\PSoC5/USBUART_Dp.c **** * \funcusage
  55:Generated_Source\PSoC5/USBUART_Dp.c **** *  \snippet USBUART_Dp_SUT.c usage_USBUART_Dp_Write
  56:Generated_Source\PSoC5/USBUART_Dp.c **** *******************************************************************************/
  57:Generated_Source\PSoC5/USBUART_Dp.c **** void USBUART_Dp_Write(uint8 value)
  58:Generated_Source\PSoC5/USBUART_Dp.c **** {
 276              		.loc 1 58 0
 277              		.cfi_startproc
 278              		@ args = 0, pretend = 0, frame = 0
 279              		@ frame_needed = 0, uses_anonymous_args = 0
 280              		@ link register save eliminated.
 281              	.LVL0:
  59:Generated_Source\PSoC5/USBUART_Dp.c ****     uint8 staticBits = (USBUART_Dp_DR & (uint8)(~USBUART_Dp_MASK));
 282              		.loc 1 59 0
 283 0000 044A     		ldr	r2, .L2
  60:Generated_Source\PSoC5/USBUART_Dp.c ****     USBUART_Dp_DR = staticBits | ((uint8)(value << USBUART_Dp_SHIFT) & USBUART_Dp_MASK);
 284              		.loc 1 60 0
 285 0002 8001     		lsls	r0, r0, #6
 286              	.LVL1:
  59:Generated_Source\PSoC5/USBUART_Dp.c ****     uint8 staticBits = (USBUART_Dp_DR & (uint8)(~USBUART_Dp_MASK));
 287              		.loc 1 59 0
 288 0004 1378     		ldrb	r3, [r2]	@ zero_extendqisi2
 289              	.LVL2:
 290              		.loc 1 60 0
 291 0006 00F04000 		and	r0, r0, #64
  59:Generated_Source\PSoC5/USBUART_Dp.c ****     uint8 staticBits = (USBUART_Dp_DR & (uint8)(~USBUART_Dp_MASK));
 292              		.loc 1 59 0
ARM GAS  C:\Users\Bruger\AppData\Local\Temp\cckkrd8h.s 			page 21


 293 000a 03F0BF03 		and	r3, r3, #191
 294              	.LVL3:
 295              		.loc 1 60 0
 296 000e 1843     		orrs	r0, r0, r3
 297 0010 1070     		strb	r0, [r2]
 298 0012 7047     		bx	lr
 299              	.L3:
 300              		.align	2
 301              	.L2:
 302 0014 F0510040 		.word	1073762800
 303              		.cfi_endproc
 304              	.LFE0:
 305              		.size	USBUART_Dp_Write, .-USBUART_Dp_Write
 306              		.section	.text.USBUART_Dp_SetDriveMode,"ax",%progbits
 307              		.align	2
 308              		.global	USBUART_Dp_SetDriveMode
 309              		.thumb
 310              		.thumb_func
 311              		.type	USBUART_Dp_SetDriveMode, %function
 312              	USBUART_Dp_SetDriveMode:
 313              	.LFB1:
  61:Generated_Source\PSoC5/USBUART_Dp.c **** }
  62:Generated_Source\PSoC5/USBUART_Dp.c **** 
  63:Generated_Source\PSoC5/USBUART_Dp.c **** 
  64:Generated_Source\PSoC5/USBUART_Dp.c **** /*******************************************************************************
  65:Generated_Source\PSoC5/USBUART_Dp.c **** * Function Name: USBUART_Dp_SetDriveMode
  66:Generated_Source\PSoC5/USBUART_Dp.c **** ****************************************************************************//**
  67:Generated_Source\PSoC5/USBUART_Dp.c **** *
  68:Generated_Source\PSoC5/USBUART_Dp.c **** * \brief Sets the drive mode for each of the Pins component's pins.
  69:Generated_Source\PSoC5/USBUART_Dp.c **** * 
  70:Generated_Source\PSoC5/USBUART_Dp.c **** * <b>Note</b> This affects all pins in the Pins component instance. Use the
  71:Generated_Source\PSoC5/USBUART_Dp.c **** * Per-Pin APIs if you wish to control individual pin's drive modes.
  72:Generated_Source\PSoC5/USBUART_Dp.c **** *
  73:Generated_Source\PSoC5/USBUART_Dp.c **** * \param mode
  74:Generated_Source\PSoC5/USBUART_Dp.c **** *  Mode for the selected signals. Valid options are documented in 
  75:Generated_Source\PSoC5/USBUART_Dp.c **** *  \ref driveMode.
  76:Generated_Source\PSoC5/USBUART_Dp.c **** *
  77:Generated_Source\PSoC5/USBUART_Dp.c **** * \return
  78:Generated_Source\PSoC5/USBUART_Dp.c **** *  None
  79:Generated_Source\PSoC5/USBUART_Dp.c **** *
  80:Generated_Source\PSoC5/USBUART_Dp.c **** * \sideeffect
  81:Generated_Source\PSoC5/USBUART_Dp.c **** *  If you use read-modify-write operations that are not atomic, the ISR can
  82:Generated_Source\PSoC5/USBUART_Dp.c **** *  cause corruption of this function. An ISR that interrupts this function 
  83:Generated_Source\PSoC5/USBUART_Dp.c **** *  and performs writes to the Pins component Drive Mode registers can cause 
  84:Generated_Source\PSoC5/USBUART_Dp.c **** *  corrupted port data. To avoid this issue, you should either use the Per-Pin
  85:Generated_Source\PSoC5/USBUART_Dp.c **** *  APIs (primary method) or disable interrupts around this function.
  86:Generated_Source\PSoC5/USBUART_Dp.c **** *
  87:Generated_Source\PSoC5/USBUART_Dp.c **** * \funcusage
  88:Generated_Source\PSoC5/USBUART_Dp.c **** *  \snippet USBUART_Dp_SUT.c usage_USBUART_Dp_SetDriveMode
  89:Generated_Source\PSoC5/USBUART_Dp.c **** *******************************************************************************/
  90:Generated_Source\PSoC5/USBUART_Dp.c **** void USBUART_Dp_SetDriveMode(uint8 mode)
  91:Generated_Source\PSoC5/USBUART_Dp.c **** {
 314              		.loc 1 91 0
 315              		.cfi_startproc
 316              		@ args = 0, pretend = 0, frame = 0
 317              		@ frame_needed = 0, uses_anonymous_args = 0
 318              		@ link register save eliminated.
ARM GAS  C:\Users\Bruger\AppData\Local\Temp\cckkrd8h.s 			page 22


 319              	.LVL4:
  92:Generated_Source\PSoC5/USBUART_Dp.c **** 	CyPins_SetPinDriveMode(USBUART_Dp_0, mode);
 320              		.loc 1 92 0
 321 0000 044A     		ldr	r2, .L5
 322 0002 00F00E00 		and	r0, r0, #14
 323              	.LVL5:
 324 0006 1378     		ldrb	r3, [r2]	@ zero_extendqisi2
 325 0008 03F0F103 		and	r3, r3, #241
 326 000c 1843     		orrs	r0, r0, r3
 327 000e 1070     		strb	r0, [r2]
 328 0010 7047     		bx	lr
 329              	.L6:
 330 0012 00BF     		.align	2
 331              	.L5:
 332 0014 7E500040 		.word	1073762430
 333              		.cfi_endproc
 334              	.LFE1:
 335              		.size	USBUART_Dp_SetDriveMode, .-USBUART_Dp_SetDriveMode
 336              		.section	.text.USBUART_Dp_Read,"ax",%progbits
 337              		.align	2
 338              		.global	USBUART_Dp_Read
 339              		.thumb
 340              		.thumb_func
 341              		.type	USBUART_Dp_Read, %function
 342              	USBUART_Dp_Read:
 343              	.LFB2:
  93:Generated_Source\PSoC5/USBUART_Dp.c **** }
  94:Generated_Source\PSoC5/USBUART_Dp.c **** 
  95:Generated_Source\PSoC5/USBUART_Dp.c **** 
  96:Generated_Source\PSoC5/USBUART_Dp.c **** /*******************************************************************************
  97:Generated_Source\PSoC5/USBUART_Dp.c **** * Function Name: USBUART_Dp_Read
  98:Generated_Source\PSoC5/USBUART_Dp.c **** ****************************************************************************//**
  99:Generated_Source\PSoC5/USBUART_Dp.c **** *
 100:Generated_Source\PSoC5/USBUART_Dp.c **** * \brief Reads the associated physical port (pin status register) and masks 
 101:Generated_Source\PSoC5/USBUART_Dp.c **** *  the required bits according to the width and bit position of the component
 102:Generated_Source\PSoC5/USBUART_Dp.c **** *  instance. 
 103:Generated_Source\PSoC5/USBUART_Dp.c **** *
 104:Generated_Source\PSoC5/USBUART_Dp.c **** * The pin's status register returns the current logic level present on the 
 105:Generated_Source\PSoC5/USBUART_Dp.c **** * physical pin.
 106:Generated_Source\PSoC5/USBUART_Dp.c **** *
 107:Generated_Source\PSoC5/USBUART_Dp.c **** * \return 
 108:Generated_Source\PSoC5/USBUART_Dp.c **** *  The current value for the pins in the component as a right justified number.
 109:Generated_Source\PSoC5/USBUART_Dp.c **** *
 110:Generated_Source\PSoC5/USBUART_Dp.c **** * \funcusage
 111:Generated_Source\PSoC5/USBUART_Dp.c **** *  \snippet USBUART_Dp_SUT.c usage_USBUART_Dp_Read  
 112:Generated_Source\PSoC5/USBUART_Dp.c **** *******************************************************************************/
 113:Generated_Source\PSoC5/USBUART_Dp.c **** uint8 USBUART_Dp_Read(void)
 114:Generated_Source\PSoC5/USBUART_Dp.c **** {
 344              		.loc 1 114 0
 345              		.cfi_startproc
 346              		@ args = 0, pretend = 0, frame = 0
 347              		@ frame_needed = 0, uses_anonymous_args = 0
 348              		@ link register save eliminated.
 115:Generated_Source\PSoC5/USBUART_Dp.c ****     return (USBUART_Dp_PS & USBUART_Dp_MASK) >> USBUART_Dp_SHIFT;
 349              		.loc 1 115 0
 350 0000 024B     		ldr	r3, .L8
 351 0002 1878     		ldrb	r0, [r3]	@ zero_extendqisi2
ARM GAS  C:\Users\Bruger\AppData\Local\Temp\cckkrd8h.s 			page 23


 116:Generated_Source\PSoC5/USBUART_Dp.c **** }
 352              		.loc 1 116 0
 353 0004 C0F38010 		ubfx	r0, r0, #6, #1
 354 0008 7047     		bx	lr
 355              	.L9:
 356 000a 00BF     		.align	2
 357              	.L8:
 358 000c F1510040 		.word	1073762801
 359              		.cfi_endproc
 360              	.LFE2:
 361              		.size	USBUART_Dp_Read, .-USBUART_Dp_Read
 362              		.section	.text.USBUART_Dp_ReadDataReg,"ax",%progbits
 363              		.align	2
 364              		.global	USBUART_Dp_ReadDataReg
 365              		.thumb
 366              		.thumb_func
 367              		.type	USBUART_Dp_ReadDataReg, %function
 368              	USBUART_Dp_ReadDataReg:
 369              	.LFB3:
 117:Generated_Source\PSoC5/USBUART_Dp.c **** 
 118:Generated_Source\PSoC5/USBUART_Dp.c **** 
 119:Generated_Source\PSoC5/USBUART_Dp.c **** /*******************************************************************************
 120:Generated_Source\PSoC5/USBUART_Dp.c **** * Function Name: USBUART_Dp_ReadDataReg
 121:Generated_Source\PSoC5/USBUART_Dp.c **** ****************************************************************************//**
 122:Generated_Source\PSoC5/USBUART_Dp.c **** *
 123:Generated_Source\PSoC5/USBUART_Dp.c **** * \brief Reads the associated physical port's data output register and masks 
 124:Generated_Source\PSoC5/USBUART_Dp.c **** *  the correct bits according to the width and bit position of the component 
 125:Generated_Source\PSoC5/USBUART_Dp.c **** *  instance. 
 126:Generated_Source\PSoC5/USBUART_Dp.c **** *
 127:Generated_Source\PSoC5/USBUART_Dp.c **** * The data output register controls the signal applied to the physical pin in 
 128:Generated_Source\PSoC5/USBUART_Dp.c **** * conjunction with the drive mode parameter. This is not the same as the 
 129:Generated_Source\PSoC5/USBUART_Dp.c **** * preferred USBUART_Dp_Read() API because the 
 130:Generated_Source\PSoC5/USBUART_Dp.c **** * USBUART_Dp_ReadDataReg() reads the data register instead of the status 
 131:Generated_Source\PSoC5/USBUART_Dp.c **** * register. For output pins this is a useful function to determine the value 
 132:Generated_Source\PSoC5/USBUART_Dp.c **** * just written to the pin.
 133:Generated_Source\PSoC5/USBUART_Dp.c **** *
 134:Generated_Source\PSoC5/USBUART_Dp.c **** * \return 
 135:Generated_Source\PSoC5/USBUART_Dp.c **** *  The current value of the data register masked and shifted into a right 
 136:Generated_Source\PSoC5/USBUART_Dp.c **** *  justified number for the component instance.
 137:Generated_Source\PSoC5/USBUART_Dp.c **** *
 138:Generated_Source\PSoC5/USBUART_Dp.c **** * \funcusage
 139:Generated_Source\PSoC5/USBUART_Dp.c **** *  \snippet USBUART_Dp_SUT.c usage_USBUART_Dp_ReadDataReg 
 140:Generated_Source\PSoC5/USBUART_Dp.c **** *******************************************************************************/
 141:Generated_Source\PSoC5/USBUART_Dp.c **** uint8 USBUART_Dp_ReadDataReg(void)
 142:Generated_Source\PSoC5/USBUART_Dp.c **** {
 370              		.loc 1 142 0
 371              		.cfi_startproc
 372              		@ args = 0, pretend = 0, frame = 0
 373              		@ frame_needed = 0, uses_anonymous_args = 0
 374              		@ link register save eliminated.
 143:Generated_Source\PSoC5/USBUART_Dp.c ****     return (USBUART_Dp_DR & USBUART_Dp_MASK) >> USBUART_Dp_SHIFT;
 375              		.loc 1 143 0
 376 0000 024B     		ldr	r3, .L11
 377 0002 1878     		ldrb	r0, [r3]	@ zero_extendqisi2
 144:Generated_Source\PSoC5/USBUART_Dp.c **** }
 378              		.loc 1 144 0
 379 0004 C0F38010 		ubfx	r0, r0, #6, #1
ARM GAS  C:\Users\Bruger\AppData\Local\Temp\cckkrd8h.s 			page 24


 380 0008 7047     		bx	lr
 381              	.L12:
 382 000a 00BF     		.align	2
 383              	.L11:
 384 000c F0510040 		.word	1073762800
 385              		.cfi_endproc
 386              	.LFE3:
 387              		.size	USBUART_Dp_ReadDataReg, .-USBUART_Dp_ReadDataReg
 388              		.section	.text.USBUART_Dp_SetInterruptMode,"ax",%progbits
 389              		.align	2
 390              		.global	USBUART_Dp_SetInterruptMode
 391              		.thumb
 392              		.thumb_func
 393              		.type	USBUART_Dp_SetInterruptMode, %function
 394              	USBUART_Dp_SetInterruptMode:
 395              	.LFB4:
 145:Generated_Source\PSoC5/USBUART_Dp.c **** 
 146:Generated_Source\PSoC5/USBUART_Dp.c **** 
 147:Generated_Source\PSoC5/USBUART_Dp.c **** /* If interrupt is connected for this Pins component */ 
 148:Generated_Source\PSoC5/USBUART_Dp.c **** #if defined(USBUART_Dp_INTSTAT) 
 149:Generated_Source\PSoC5/USBUART_Dp.c **** 
 150:Generated_Source\PSoC5/USBUART_Dp.c ****     /*******************************************************************************
 151:Generated_Source\PSoC5/USBUART_Dp.c ****     * Function Name: USBUART_Dp_SetInterruptMode
 152:Generated_Source\PSoC5/USBUART_Dp.c ****     ****************************************************************************//**
 153:Generated_Source\PSoC5/USBUART_Dp.c ****     *
 154:Generated_Source\PSoC5/USBUART_Dp.c ****     * \brief Configures the interrupt mode for each of the Pins component's
 155:Generated_Source\PSoC5/USBUART_Dp.c ****     *  pins. Alternatively you may set the interrupt mode for all the pins
 156:Generated_Source\PSoC5/USBUART_Dp.c ****     *  specified in the Pins component.
 157:Generated_Source\PSoC5/USBUART_Dp.c ****     *
 158:Generated_Source\PSoC5/USBUART_Dp.c ****     *  <b>Note</b> The interrupt is port-wide and therefore any enabled pin
 159:Generated_Source\PSoC5/USBUART_Dp.c ****     *  interrupt may trigger it.
 160:Generated_Source\PSoC5/USBUART_Dp.c ****     *
 161:Generated_Source\PSoC5/USBUART_Dp.c ****     * \param position
 162:Generated_Source\PSoC5/USBUART_Dp.c ****     *  The pin position as listed in the Pins component. You may OR these to be 
 163:Generated_Source\PSoC5/USBUART_Dp.c ****     *  able to configure the interrupt mode of multiple pins within a Pins 
 164:Generated_Source\PSoC5/USBUART_Dp.c ****     *  component. Or you may use USBUART_Dp_INTR_ALL to configure the
 165:Generated_Source\PSoC5/USBUART_Dp.c ****     *  interrupt mode of all the pins in the Pins component.       
 166:Generated_Source\PSoC5/USBUART_Dp.c ****     *  - USBUART_Dp_0_INTR       (First pin in the list)
 167:Generated_Source\PSoC5/USBUART_Dp.c ****     *  - USBUART_Dp_1_INTR       (Second pin in the list)
 168:Generated_Source\PSoC5/USBUART_Dp.c ****     *  - ...
 169:Generated_Source\PSoC5/USBUART_Dp.c ****     *  - USBUART_Dp_INTR_ALL     (All pins in Pins component)
 170:Generated_Source\PSoC5/USBUART_Dp.c ****     *
 171:Generated_Source\PSoC5/USBUART_Dp.c ****     * \param mode
 172:Generated_Source\PSoC5/USBUART_Dp.c ****     *  Interrupt mode for the selected pins. Valid options are documented in
 173:Generated_Source\PSoC5/USBUART_Dp.c ****     *  \ref intrMode.
 174:Generated_Source\PSoC5/USBUART_Dp.c ****     *
 175:Generated_Source\PSoC5/USBUART_Dp.c ****     * \return 
 176:Generated_Source\PSoC5/USBUART_Dp.c ****     *  None
 177:Generated_Source\PSoC5/USBUART_Dp.c ****     *  
 178:Generated_Source\PSoC5/USBUART_Dp.c ****     * \sideeffect
 179:Generated_Source\PSoC5/USBUART_Dp.c ****     *  It is recommended that the interrupt be disabled before calling this 
 180:Generated_Source\PSoC5/USBUART_Dp.c ****     *  function to avoid unintended interrupt requests. Note that the interrupt
 181:Generated_Source\PSoC5/USBUART_Dp.c ****     *  type is port wide, and therefore will trigger for any enabled pin on the 
 182:Generated_Source\PSoC5/USBUART_Dp.c ****     *  port.
 183:Generated_Source\PSoC5/USBUART_Dp.c ****     *
 184:Generated_Source\PSoC5/USBUART_Dp.c ****     * \funcusage
 185:Generated_Source\PSoC5/USBUART_Dp.c ****     *  \snippet USBUART_Dp_SUT.c usage_USBUART_Dp_SetInterruptMode
ARM GAS  C:\Users\Bruger\AppData\Local\Temp\cckkrd8h.s 			page 25


 186:Generated_Source\PSoC5/USBUART_Dp.c ****     *******************************************************************************/
 187:Generated_Source\PSoC5/USBUART_Dp.c ****     void USBUART_Dp_SetInterruptMode(uint16 position, uint16 mode)
 188:Generated_Source\PSoC5/USBUART_Dp.c ****     {
 396              		.loc 1 188 0
 397              		.cfi_startproc
 398              		@ args = 0, pretend = 0, frame = 0
 399              		@ frame_needed = 0, uses_anonymous_args = 0
 400              		@ link register save eliminated.
 401              	.LVL6:
 189:Generated_Source\PSoC5/USBUART_Dp.c **** 		if((position & USBUART_Dp_0_INTR) != 0u) 
 402              		.loc 1 189 0
 403 0000 4306     		lsls	r3, r0, #25
 404 0002 02D5     		bpl	.L13
 190:Generated_Source\PSoC5/USBUART_Dp.c **** 		{ 
 191:Generated_Source\PSoC5/USBUART_Dp.c **** 			 USBUART_Dp_0_INTTYPE_REG = (uint8)mode; 
 405              		.loc 1 191 0
 406 0004 014B     		ldr	r3, .L19
 407 0006 C9B2     		uxtb	r1, r1
 408              	.LVL7:
 409 0008 1970     		strb	r1, [r3]
 410              	.L13:
 411 000a 7047     		bx	lr
 412              	.L20:
 413              		.align	2
 414              	.L19:
 415 000c 7E450040 		.word	1073759614
 416              		.cfi_endproc
 417              	.LFE4:
 418              		.size	USBUART_Dp_SetInterruptMode, .-USBUART_Dp_SetInterruptMode
 419              		.section	.text.USBUART_Dp_ClearInterrupt,"ax",%progbits
 420              		.align	2
 421              		.global	USBUART_Dp_ClearInterrupt
 422              		.thumb
 423              		.thumb_func
 424              		.type	USBUART_Dp_ClearInterrupt, %function
 425              	USBUART_Dp_ClearInterrupt:
 426              	.LFB5:
 192:Generated_Source\PSoC5/USBUART_Dp.c **** 		}
 193:Generated_Source\PSoC5/USBUART_Dp.c ****     }
 194:Generated_Source\PSoC5/USBUART_Dp.c ****     
 195:Generated_Source\PSoC5/USBUART_Dp.c ****     
 196:Generated_Source\PSoC5/USBUART_Dp.c ****     /*******************************************************************************
 197:Generated_Source\PSoC5/USBUART_Dp.c ****     * Function Name: USBUART_Dp_ClearInterrupt
 198:Generated_Source\PSoC5/USBUART_Dp.c ****     ****************************************************************************//**
 199:Generated_Source\PSoC5/USBUART_Dp.c ****     *
 200:Generated_Source\PSoC5/USBUART_Dp.c ****     * \brief Clears any active interrupts attached with the component and returns 
 201:Generated_Source\PSoC5/USBUART_Dp.c ****     *  the value of the interrupt status register allowing determination of which
 202:Generated_Source\PSoC5/USBUART_Dp.c ****     *  pins generated an interrupt event.
 203:Generated_Source\PSoC5/USBUART_Dp.c ****     *
 204:Generated_Source\PSoC5/USBUART_Dp.c ****     * \return 
 205:Generated_Source\PSoC5/USBUART_Dp.c ****     *  The right-shifted current value of the interrupt status register. Each pin 
 206:Generated_Source\PSoC5/USBUART_Dp.c ****     *  has one bit set if it generated an interrupt event. For example, bit 0 is 
 207:Generated_Source\PSoC5/USBUART_Dp.c ****     *  for pin 0 and bit 1 is for pin 1 of the Pins component.
 208:Generated_Source\PSoC5/USBUART_Dp.c ****     *  
 209:Generated_Source\PSoC5/USBUART_Dp.c ****     * \sideeffect
 210:Generated_Source\PSoC5/USBUART_Dp.c ****     *  Clears all bits of the physical port's interrupt status register, not just
 211:Generated_Source\PSoC5/USBUART_Dp.c ****     *  those associated with the Pins component.
ARM GAS  C:\Users\Bruger\AppData\Local\Temp\cckkrd8h.s 			page 26


 212:Generated_Source\PSoC5/USBUART_Dp.c ****     *
 213:Generated_Source\PSoC5/USBUART_Dp.c ****     * \funcusage
 214:Generated_Source\PSoC5/USBUART_Dp.c ****     *  \snippet USBUART_Dp_SUT.c usage_USBUART_Dp_ClearInterrupt
 215:Generated_Source\PSoC5/USBUART_Dp.c ****     *******************************************************************************/
 216:Generated_Source\PSoC5/USBUART_Dp.c ****     uint8 USBUART_Dp_ClearInterrupt(void)
 217:Generated_Source\PSoC5/USBUART_Dp.c ****     {
 427              		.loc 1 217 0
 428              		.cfi_startproc
 429              		@ args = 0, pretend = 0, frame = 0
 430              		@ frame_needed = 0, uses_anonymous_args = 0
 431              		@ link register save eliminated.
 218:Generated_Source\PSoC5/USBUART_Dp.c ****         return (USBUART_Dp_INTSTAT & USBUART_Dp_MASK) >> USBUART_Dp_SHIFT;
 432              		.loc 1 218 0
 433 0000 024B     		ldr	r3, .L22
 434 0002 1878     		ldrb	r0, [r3]	@ zero_extendqisi2
 219:Generated_Source\PSoC5/USBUART_Dp.c ****     }
 435              		.loc 1 219 0
 436 0004 C0F38010 		ubfx	r0, r0, #6, #1
 437 0008 7047     		bx	lr
 438              	.L23:
 439 000a 00BF     		.align	2
 440              	.L22:
 441 000c 8F450040 		.word	1073759631
 442              		.cfi_endproc
 443              	.LFE5:
 444              		.size	USBUART_Dp_ClearInterrupt, .-USBUART_Dp_ClearInterrupt
 445              		.text
 446              	.Letext0:
 447              		.file 2 "Generated_Source\\PSoC5\\cytypes.h"
 448              		.section	.debug_info,"",%progbits
 449              	.Ldebug_info0:
 450 0000 70010000 		.4byte	0x170
 451 0004 0400     		.2byte	0x4
 452 0006 00000000 		.4byte	.Ldebug_abbrev0
 453 000a 04       		.byte	0x4
 454 000b 01       		.uleb128 0x1
 455 000c F7000000 		.4byte	.LASF24
 456 0010 01       		.byte	0x1
 457 0011 59020000 		.4byte	.LASF25
 458 0015 E8010000 		.4byte	.LASF26
 459 0019 00000000 		.4byte	.Ldebug_ranges0+0
 460 001d 00000000 		.4byte	0
 461 0021 00000000 		.4byte	.Ldebug_line0
 462 0025 02       		.uleb128 0x2
 463 0026 01       		.byte	0x1
 464 0027 06       		.byte	0x6
 465 0028 4D020000 		.4byte	.LASF0
 466 002c 02       		.uleb128 0x2
 467 002d 01       		.byte	0x1
 468 002e 08       		.byte	0x8
 469 002f 40000000 		.4byte	.LASF1
 470 0033 02       		.uleb128 0x2
 471 0034 02       		.byte	0x2
 472 0035 05       		.byte	0x5
 473 0036 B3010000 		.4byte	.LASF2
 474 003a 02       		.uleb128 0x2
 475 003b 02       		.byte	0x2
ARM GAS  C:\Users\Bruger\AppData\Local\Temp\cckkrd8h.s 			page 27


 476 003c 07       		.byte	0x7
 477 003d 65000000 		.4byte	.LASF3
 478 0041 02       		.uleb128 0x2
 479 0042 04       		.byte	0x4
 480 0043 05       		.byte	0x5
 481 0044 C3010000 		.4byte	.LASF4
 482 0048 02       		.uleb128 0x2
 483 0049 04       		.byte	0x4
 484 004a 07       		.byte	0x7
 485 004b 53000000 		.4byte	.LASF5
 486 004f 02       		.uleb128 0x2
 487 0050 08       		.byte	0x8
 488 0051 05       		.byte	0x5
 489 0052 E9000000 		.4byte	.LASF6
 490 0056 02       		.uleb128 0x2
 491 0057 08       		.byte	0x8
 492 0058 07       		.byte	0x7
 493 0059 B3000000 		.4byte	.LASF7
 494 005d 03       		.uleb128 0x3
 495 005e 04       		.byte	0x4
 496 005f 05       		.byte	0x5
 497 0060 696E7400 		.ascii	"int\000"
 498 0064 02       		.uleb128 0x2
 499 0065 04       		.byte	0x4
 500 0066 07       		.byte	0x7
 501 0067 A6000000 		.4byte	.LASF8
 502 006b 04       		.uleb128 0x4
 503 006c BD010000 		.4byte	.LASF9
 504 0070 02       		.byte	0x2
 505 0071 3801     		.2byte	0x138
 506 0073 2C000000 		.4byte	0x2c
 507 0077 04       		.uleb128 0x4
 508 0078 96000000 		.4byte	.LASF10
 509 007c 02       		.byte	0x2
 510 007d 3901     		.2byte	0x139
 511 007f 3A000000 		.4byte	0x3a
 512 0083 02       		.uleb128 0x2
 513 0084 04       		.byte	0x4
 514 0085 04       		.byte	0x4
 515 0086 3A000000 		.4byte	.LASF11
 516 008a 02       		.uleb128 0x2
 517 008b 08       		.byte	0x8
 518 008c 04       		.byte	0x4
 519 008d 8F000000 		.4byte	.LASF12
 520 0091 02       		.uleb128 0x2
 521 0092 01       		.byte	0x1
 522 0093 08       		.byte	0x8
 523 0094 9E010000 		.4byte	.LASF13
 524 0098 04       		.uleb128 0x4
 525 0099 4E000000 		.4byte	.LASF14
 526 009d 02       		.byte	0x2
 527 009e E201     		.2byte	0x1e2
 528 00a0 A4000000 		.4byte	0xa4
 529 00a4 05       		.uleb128 0x5
 530 00a5 6B000000 		.4byte	0x6b
 531 00a9 06       		.uleb128 0x6
 532 00aa 29000000 		.4byte	.LASF15
ARM GAS  C:\Users\Bruger\AppData\Local\Temp\cckkrd8h.s 			page 28


 533 00ae 01       		.byte	0x1
 534 00af 39       		.byte	0x39
 535 00b0 00000000 		.4byte	.LFB0
 536 00b4 18000000 		.4byte	.LFE0-.LFB0
 537 00b8 01       		.uleb128 0x1
 538 00b9 9C       		.byte	0x9c
 539 00ba DD000000 		.4byte	0xdd
 540 00be 07       		.uleb128 0x7
 541 00bf 00000000 		.4byte	.LASF17
 542 00c3 01       		.byte	0x1
 543 00c4 39       		.byte	0x39
 544 00c5 6B000000 		.4byte	0x6b
 545 00c9 00000000 		.4byte	.LLST0
 546 00cd 08       		.uleb128 0x8
 547 00ce 1E000000 		.4byte	.LASF27
 548 00d2 01       		.byte	0x1
 549 00d3 3B       		.byte	0x3b
 550 00d4 6B000000 		.4byte	0x6b
 551 00d8 21000000 		.4byte	.LLST1
 552 00dc 00       		.byte	0
 553 00dd 06       		.uleb128 0x6
 554 00de 06000000 		.4byte	.LASF16
 555 00e2 01       		.byte	0x1
 556 00e3 5A       		.byte	0x5a
 557 00e4 00000000 		.4byte	.LFB1
 558 00e8 18000000 		.4byte	.LFE1-.LFB1
 559 00ec 01       		.uleb128 0x1
 560 00ed 9C       		.byte	0x9c
 561 00ee 02010000 		.4byte	0x102
 562 00f2 07       		.uleb128 0x7
 563 00f3 CA000000 		.4byte	.LASF18
 564 00f7 01       		.byte	0x1
 565 00f8 5A       		.byte	0x5a
 566 00f9 6B000000 		.4byte	0x6b
 567 00fd 39000000 		.4byte	.LLST2
 568 0101 00       		.byte	0
 569 0102 09       		.uleb128 0x9
 570 0103 A3010000 		.4byte	.LASF19
 571 0107 01       		.byte	0x1
 572 0108 71       		.byte	0x71
 573 0109 6B000000 		.4byte	0x6b
 574 010d 00000000 		.4byte	.LFB2
 575 0111 10000000 		.4byte	.LFE2-.LFB2
 576 0115 01       		.uleb128 0x1
 577 0116 9C       		.byte	0x9c
 578 0117 09       		.uleb128 0x9
 579 0118 78000000 		.4byte	.LASF20
 580 011c 01       		.byte	0x1
 581 011d 8D       		.byte	0x8d
 582 011e 6B000000 		.4byte	0x6b
 583 0122 00000000 		.4byte	.LFB3
 584 0126 10000000 		.4byte	.LFE3-.LFB3
 585 012a 01       		.uleb128 0x1
 586 012b 9C       		.byte	0x9c
 587 012c 06       		.uleb128 0x6
 588 012d CC010000 		.4byte	.LASF21
 589 0131 01       		.byte	0x1
ARM GAS  C:\Users\Bruger\AppData\Local\Temp\cckkrd8h.s 			page 29


 590 0132 BB       		.byte	0xbb
 591 0133 00000000 		.4byte	.LFB4
 592 0137 10000000 		.4byte	.LFE4-.LFB4
 593 013b 01       		.uleb128 0x1
 594 013c 9C       		.byte	0x9c
 595 013d 5E010000 		.4byte	0x15e
 596 0141 0A       		.uleb128 0xa
 597 0142 9D000000 		.4byte	.LASF22
 598 0146 01       		.byte	0x1
 599 0147 BB       		.byte	0xbb
 600 0148 77000000 		.4byte	0x77
 601 014c 01       		.uleb128 0x1
 602 014d 50       		.byte	0x50
 603 014e 07       		.uleb128 0x7
 604 014f CA000000 		.4byte	.LASF18
 605 0153 01       		.byte	0x1
 606 0154 BB       		.byte	0xbb
 607 0155 77000000 		.4byte	0x77
 608 0159 5A000000 		.4byte	.LLST3
 609 015d 00       		.byte	0
 610 015e 09       		.uleb128 0x9
 611 015f CF000000 		.4byte	.LASF23
 612 0163 01       		.byte	0x1
 613 0164 D8       		.byte	0xd8
 614 0165 6B000000 		.4byte	0x6b
 615 0169 00000000 		.4byte	.LFB5
 616 016d 10000000 		.4byte	.LFE5-.LFB5
 617 0171 01       		.uleb128 0x1
 618 0172 9C       		.byte	0x9c
 619 0173 00       		.byte	0
 620              		.section	.debug_abbrev,"",%progbits
 621              	.Ldebug_abbrev0:
 622 0000 01       		.uleb128 0x1
 623 0001 11       		.uleb128 0x11
 624 0002 01       		.byte	0x1
 625 0003 25       		.uleb128 0x25
 626 0004 0E       		.uleb128 0xe
 627 0005 13       		.uleb128 0x13
 628 0006 0B       		.uleb128 0xb
 629 0007 03       		.uleb128 0x3
 630 0008 0E       		.uleb128 0xe
 631 0009 1B       		.uleb128 0x1b
 632 000a 0E       		.uleb128 0xe
 633 000b 55       		.uleb128 0x55
 634 000c 17       		.uleb128 0x17
 635 000d 11       		.uleb128 0x11
 636 000e 01       		.uleb128 0x1
 637 000f 10       		.uleb128 0x10
 638 0010 17       		.uleb128 0x17
 639 0011 00       		.byte	0
 640 0012 00       		.byte	0
 641 0013 02       		.uleb128 0x2
 642 0014 24       		.uleb128 0x24
 643 0015 00       		.byte	0
 644 0016 0B       		.uleb128 0xb
 645 0017 0B       		.uleb128 0xb
 646 0018 3E       		.uleb128 0x3e
ARM GAS  C:\Users\Bruger\AppData\Local\Temp\cckkrd8h.s 			page 30


 647 0019 0B       		.uleb128 0xb
 648 001a 03       		.uleb128 0x3
 649 001b 0E       		.uleb128 0xe
 650 001c 00       		.byte	0
 651 001d 00       		.byte	0
 652 001e 03       		.uleb128 0x3
 653 001f 24       		.uleb128 0x24
 654 0020 00       		.byte	0
 655 0021 0B       		.uleb128 0xb
 656 0022 0B       		.uleb128 0xb
 657 0023 3E       		.uleb128 0x3e
 658 0024 0B       		.uleb128 0xb
 659 0025 03       		.uleb128 0x3
 660 0026 08       		.uleb128 0x8
 661 0027 00       		.byte	0
 662 0028 00       		.byte	0
 663 0029 04       		.uleb128 0x4
 664 002a 16       		.uleb128 0x16
 665 002b 00       		.byte	0
 666 002c 03       		.uleb128 0x3
 667 002d 0E       		.uleb128 0xe
 668 002e 3A       		.uleb128 0x3a
 669 002f 0B       		.uleb128 0xb
 670 0030 3B       		.uleb128 0x3b
 671 0031 05       		.uleb128 0x5
 672 0032 49       		.uleb128 0x49
 673 0033 13       		.uleb128 0x13
 674 0034 00       		.byte	0
 675 0035 00       		.byte	0
 676 0036 05       		.uleb128 0x5
 677 0037 35       		.uleb128 0x35
 678 0038 00       		.byte	0
 679 0039 49       		.uleb128 0x49
 680 003a 13       		.uleb128 0x13
 681 003b 00       		.byte	0
 682 003c 00       		.byte	0
 683 003d 06       		.uleb128 0x6
 684 003e 2E       		.uleb128 0x2e
 685 003f 01       		.byte	0x1
 686 0040 3F       		.uleb128 0x3f
 687 0041 19       		.uleb128 0x19
 688 0042 03       		.uleb128 0x3
 689 0043 0E       		.uleb128 0xe
 690 0044 3A       		.uleb128 0x3a
 691 0045 0B       		.uleb128 0xb
 692 0046 3B       		.uleb128 0x3b
 693 0047 0B       		.uleb128 0xb
 694 0048 27       		.uleb128 0x27
 695 0049 19       		.uleb128 0x19
 696 004a 11       		.uleb128 0x11
 697 004b 01       		.uleb128 0x1
 698 004c 12       		.uleb128 0x12
 699 004d 06       		.uleb128 0x6
 700 004e 40       		.uleb128 0x40
 701 004f 18       		.uleb128 0x18
 702 0050 9742     		.uleb128 0x2117
 703 0052 19       		.uleb128 0x19
ARM GAS  C:\Users\Bruger\AppData\Local\Temp\cckkrd8h.s 			page 31


 704 0053 01       		.uleb128 0x1
 705 0054 13       		.uleb128 0x13
 706 0055 00       		.byte	0
 707 0056 00       		.byte	0
 708 0057 07       		.uleb128 0x7
 709 0058 05       		.uleb128 0x5
 710 0059 00       		.byte	0
 711 005a 03       		.uleb128 0x3
 712 005b 0E       		.uleb128 0xe
 713 005c 3A       		.uleb128 0x3a
 714 005d 0B       		.uleb128 0xb
 715 005e 3B       		.uleb128 0x3b
 716 005f 0B       		.uleb128 0xb
 717 0060 49       		.uleb128 0x49
 718 0061 13       		.uleb128 0x13
 719 0062 02       		.uleb128 0x2
 720 0063 17       		.uleb128 0x17
 721 0064 00       		.byte	0
 722 0065 00       		.byte	0
 723 0066 08       		.uleb128 0x8
 724 0067 34       		.uleb128 0x34
 725 0068 00       		.byte	0
 726 0069 03       		.uleb128 0x3
 727 006a 0E       		.uleb128 0xe
 728 006b 3A       		.uleb128 0x3a
 729 006c 0B       		.uleb128 0xb
 730 006d 3B       		.uleb128 0x3b
 731 006e 0B       		.uleb128 0xb
 732 006f 49       		.uleb128 0x49
 733 0070 13       		.uleb128 0x13
 734 0071 02       		.uleb128 0x2
 735 0072 17       		.uleb128 0x17
 736 0073 00       		.byte	0
 737 0074 00       		.byte	0
 738 0075 09       		.uleb128 0x9
 739 0076 2E       		.uleb128 0x2e
 740 0077 00       		.byte	0
 741 0078 3F       		.uleb128 0x3f
 742 0079 19       		.uleb128 0x19
 743 007a 03       		.uleb128 0x3
 744 007b 0E       		.uleb128 0xe
 745 007c 3A       		.uleb128 0x3a
 746 007d 0B       		.uleb128 0xb
 747 007e 3B       		.uleb128 0x3b
 748 007f 0B       		.uleb128 0xb
 749 0080 27       		.uleb128 0x27
 750 0081 19       		.uleb128 0x19
 751 0082 49       		.uleb128 0x49
 752 0083 13       		.uleb128 0x13
 753 0084 11       		.uleb128 0x11
 754 0085 01       		.uleb128 0x1
 755 0086 12       		.uleb128 0x12
 756 0087 06       		.uleb128 0x6
 757 0088 40       		.uleb128 0x40
 758 0089 18       		.uleb128 0x18
 759 008a 9742     		.uleb128 0x2117
 760 008c 19       		.uleb128 0x19
ARM GAS  C:\Users\Bruger\AppData\Local\Temp\cckkrd8h.s 			page 32


 761 008d 00       		.byte	0
 762 008e 00       		.byte	0
 763 008f 0A       		.uleb128 0xa
 764 0090 05       		.uleb128 0x5
 765 0091 00       		.byte	0
 766 0092 03       		.uleb128 0x3
 767 0093 0E       		.uleb128 0xe
 768 0094 3A       		.uleb128 0x3a
 769 0095 0B       		.uleb128 0xb
 770 0096 3B       		.uleb128 0x3b
 771 0097 0B       		.uleb128 0xb
 772 0098 49       		.uleb128 0x49
 773 0099 13       		.uleb128 0x13
 774 009a 02       		.uleb128 0x2
 775 009b 18       		.uleb128 0x18
 776 009c 00       		.byte	0
 777 009d 00       		.byte	0
 778 009e 00       		.byte	0
 779              		.section	.debug_loc,"",%progbits
 780              	.Ldebug_loc0:
 781              	.LLST0:
 782 0000 00000000 		.4byte	.LVL0
 783 0004 04000000 		.4byte	.LVL1
 784 0008 0100     		.2byte	0x1
 785 000a 50       		.byte	0x50
 786 000b 04000000 		.4byte	.LVL1
 787 000f 18000000 		.4byte	.LFE0
 788 0013 0400     		.2byte	0x4
 789 0015 F3       		.byte	0xf3
 790 0016 01       		.uleb128 0x1
 791 0017 50       		.byte	0x50
 792 0018 9F       		.byte	0x9f
 793 0019 00000000 		.4byte	0
 794 001d 00000000 		.4byte	0
 795              	.LLST1:
 796 0021 06000000 		.4byte	.LVL2
 797 0025 0E000000 		.4byte	.LVL3
 798 0029 0600     		.2byte	0x6
 799 002b 73       		.byte	0x73
 800 002c 00       		.sleb128 0
 801 002d 09       		.byte	0x9
 802 002e BF       		.byte	0xbf
 803 002f 1A       		.byte	0x1a
 804 0030 9F       		.byte	0x9f
 805 0031 00000000 		.4byte	0
 806 0035 00000000 		.4byte	0
 807              	.LLST2:
 808 0039 00000000 		.4byte	.LVL4
 809 003d 06000000 		.4byte	.LVL5
 810 0041 0100     		.2byte	0x1
 811 0043 50       		.byte	0x50
 812 0044 06000000 		.4byte	.LVL5
 813 0048 18000000 		.4byte	.LFE1
 814 004c 0400     		.2byte	0x4
 815 004e F3       		.byte	0xf3
 816 004f 01       		.uleb128 0x1
 817 0050 50       		.byte	0x50
ARM GAS  C:\Users\Bruger\AppData\Local\Temp\cckkrd8h.s 			page 33


 818 0051 9F       		.byte	0x9f
 819 0052 00000000 		.4byte	0
 820 0056 00000000 		.4byte	0
 821              	.LLST3:
 822 005a 00000000 		.4byte	.LVL6
 823 005e 08000000 		.4byte	.LVL7
 824 0062 0100     		.2byte	0x1
 825 0064 51       		.byte	0x51
 826 0065 08000000 		.4byte	.LVL7
 827 0069 10000000 		.4byte	.LFE4
 828 006d 0400     		.2byte	0x4
 829 006f F3       		.byte	0xf3
 830 0070 01       		.uleb128 0x1
 831 0071 51       		.byte	0x51
 832 0072 9F       		.byte	0x9f
 833 0073 00000000 		.4byte	0
 834 0077 00000000 		.4byte	0
 835              		.section	.debug_aranges,"",%progbits
 836 0000 44000000 		.4byte	0x44
 837 0004 0200     		.2byte	0x2
 838 0006 00000000 		.4byte	.Ldebug_info0
 839 000a 04       		.byte	0x4
 840 000b 00       		.byte	0
 841 000c 0000     		.2byte	0
 842 000e 0000     		.2byte	0
 843 0010 00000000 		.4byte	.LFB0
 844 0014 18000000 		.4byte	.LFE0-.LFB0
 845 0018 00000000 		.4byte	.LFB1
 846 001c 18000000 		.4byte	.LFE1-.LFB1
 847 0020 00000000 		.4byte	.LFB2
 848 0024 10000000 		.4byte	.LFE2-.LFB2
 849 0028 00000000 		.4byte	.LFB3
 850 002c 10000000 		.4byte	.LFE3-.LFB3
 851 0030 00000000 		.4byte	.LFB4
 852 0034 10000000 		.4byte	.LFE4-.LFB4
 853 0038 00000000 		.4byte	.LFB5
 854 003c 10000000 		.4byte	.LFE5-.LFB5
 855 0040 00000000 		.4byte	0
 856 0044 00000000 		.4byte	0
 857              		.section	.debug_ranges,"",%progbits
 858              	.Ldebug_ranges0:
 859 0000 00000000 		.4byte	.LFB0
 860 0004 18000000 		.4byte	.LFE0
 861 0008 00000000 		.4byte	.LFB1
 862 000c 18000000 		.4byte	.LFE1
 863 0010 00000000 		.4byte	.LFB2
 864 0014 10000000 		.4byte	.LFE2
 865 0018 00000000 		.4byte	.LFB3
 866 001c 10000000 		.4byte	.LFE3
 867 0020 00000000 		.4byte	.LFB4
 868 0024 10000000 		.4byte	.LFE4
 869 0028 00000000 		.4byte	.LFB5
 870 002c 10000000 		.4byte	.LFE5
 871 0030 00000000 		.4byte	0
 872 0034 00000000 		.4byte	0
 873              		.section	.debug_line,"",%progbits
 874              	.Ldebug_line0:
ARM GAS  C:\Users\Bruger\AppData\Local\Temp\cckkrd8h.s 			page 34


 875 0000 BB000000 		.section	.debug_str,"MS",%progbits,1
 875      02004700 
 875      00000201 
 875      FB0E0D00 
 875      01010101 
 876              	.LASF17:
 877 0000 76616C75 		.ascii	"value\000"
 877      6500
 878              	.LASF16:
 879 0006 55534255 		.ascii	"USBUART_Dp_SetDriveMode\000"
 879      4152545F 
 879      44705F53 
 879      65744472 
 879      6976654D 
 880              	.LASF27:
 881 001e 73746174 		.ascii	"staticBits\000"
 881      69634269 
 881      747300
 882              	.LASF15:
 883 0029 55534255 		.ascii	"USBUART_Dp_Write\000"
 883      4152545F 
 883      44705F57 
 883      72697465 
 883      00
 884              	.LASF11:
 885 003a 666C6F61 		.ascii	"float\000"
 885      7400
 886              	.LASF1:
 887 0040 756E7369 		.ascii	"unsigned char\000"
 887      676E6564 
 887      20636861 
 887      7200
 888              	.LASF14:
 889 004e 72656738 		.ascii	"reg8\000"
 889      00
 890              	.LASF5:
 891 0053 6C6F6E67 		.ascii	"long unsigned int\000"
 891      20756E73 
 891      69676E65 
 891      6420696E 
 891      7400
 892              	.LASF3:
 893 0065 73686F72 		.ascii	"short unsigned int\000"
 893      7420756E 
 893      7369676E 
 893      65642069 
 893      6E7400
 894              	.LASF20:
 895 0078 55534255 		.ascii	"USBUART_Dp_ReadDataReg\000"
 895      4152545F 
 895      44705F52 
 895      65616444 
 895      61746152 
 896              	.LASF12:
 897 008f 646F7562 		.ascii	"double\000"
 897      6C6500
 898              	.LASF10:
ARM GAS  C:\Users\Bruger\AppData\Local\Temp\cckkrd8h.s 			page 35


 899 0096 75696E74 		.ascii	"uint16\000"
 899      313600
 900              	.LASF22:
 901 009d 706F7369 		.ascii	"position\000"
 901      74696F6E 
 901      00
 902              	.LASF8:
 903 00a6 756E7369 		.ascii	"unsigned int\000"
 903      676E6564 
 903      20696E74 
 903      00
 904              	.LASF7:
 905 00b3 6C6F6E67 		.ascii	"long long unsigned int\000"
 905      206C6F6E 
 905      6720756E 
 905      7369676E 
 905      65642069 
 906              	.LASF18:
 907 00ca 6D6F6465 		.ascii	"mode\000"
 907      00
 908              	.LASF23:
 909 00cf 55534255 		.ascii	"USBUART_Dp_ClearInterrupt\000"
 909      4152545F 
 909      44705F43 
 909      6C656172 
 909      496E7465 
 910              	.LASF6:
 911 00e9 6C6F6E67 		.ascii	"long long int\000"
 911      206C6F6E 
 911      6720696E 
 911      7400
 912              	.LASF24:
 913 00f7 474E5520 		.ascii	"GNU C 4.9.3 20150303 (release) [ARM/embedded-4_9-br"
 913      4320342E 
 913      392E3320 
 913      32303135 
 913      30333033 
 914 012a 616E6368 		.ascii	"anch revision 221220] -mcpu=cortex-m3 -mthumb -g -O"
 914      20726576 
 914      6973696F 
 914      6E203232 
 914      31323230 
 915 015d 33202D66 		.ascii	"3 -ffunction-sections -finline-functions -flto -ffa"
 915      66756E63 
 915      74696F6E 
 915      2D736563 
 915      74696F6E 
 916 0190 742D6C74 		.ascii	"t-lto-objects\000"
 916      6F2D6F62 
 916      6A656374 
 916      7300
 917              	.LASF13:
 918 019e 63686172 		.ascii	"char\000"
 918      00
 919              	.LASF19:
 920 01a3 55534255 		.ascii	"USBUART_Dp_Read\000"
 920      4152545F 
ARM GAS  C:\Users\Bruger\AppData\Local\Temp\cckkrd8h.s 			page 36


 920      44705F52 
 920      65616400 
 921              	.LASF2:
 922 01b3 73686F72 		.ascii	"short int\000"
 922      7420696E 
 922      7400
 923              	.LASF9:
 924 01bd 75696E74 		.ascii	"uint8\000"
 924      3800
 925              	.LASF4:
 926 01c3 6C6F6E67 		.ascii	"long int\000"
 926      20696E74 
 926      00
 927              	.LASF21:
 928 01cc 55534255 		.ascii	"USBUART_Dp_SetInterruptMode\000"
 928      4152545F 
 928      44705F53 
 928      6574496E 
 928      74657272 
 929              	.LASF26:
 930 01e8 433A5C55 		.ascii	"C:\\Users\\Bruger\\OneDrive\\Skrivebord\\CODE\\PSOC"
 930      73657273 
 930      5C427275 
 930      6765725C 
 930      4F6E6544 
 931 0215 355C4359 		.ascii	"5\\CY8CKIT-59-Arduino\\CY8CKIT59_Ardudino-Speeduino"
 931      38434B49 
 931      542D3539 
 931      2D417264 
 931      75696E6F 
 932 0246 2E637964 		.ascii	".cydsn\000"
 932      736E00
 933              	.LASF0:
 934 024d 7369676E 		.ascii	"signed char\000"
 934      65642063 
 934      68617200 
 935              	.LASF25:
 936 0259 47656E65 		.ascii	"Generated_Source\\PSoC5\\USBUART_Dp.c\000"
 936      72617465 
 936      645F536F 
 936      75726365 
 936      5C50536F 
 937              		.comm	__gnu_lto_v1,1,1
 938              		.ident	"GCC: (GNU Tools for ARM Embedded Processors) 4.9.3 20150303 (release) [ARM/embedded-4_9-br
